[2024-10-06T04:18:58.729+0000] {processor.py:186} INFO - Started process (PID=58) to work on /home/airflow/.local/lib/python3.12/site-packages/airflow/example_dags/example_bash_decorator.py
[2024-10-06T04:18:58.730+0000] {processor.py:914} INFO - Processing file /home/airflow/.local/lib/python3.12/site-packages/airflow/example_dags/example_bash_decorator.py for tasks to queue
[2024-10-06T04:18:58.734+0000] {logging_mixin.py:190} INFO - [2024-10-06T04:18:58.733+0000] {dagbag.py:588} INFO - Filling up the DagBag from /home/airflow/.local/lib/python3.12/site-packages/airflow/example_dags/example_bash_decorator.py
[2024-10-06T04:18:58.760+0000] {processor.py:925} INFO - DAG(s) 'example_bash_decorator' retrieved from /home/airflow/.local/lib/python3.12/site-packages/airflow/example_dags/example_bash_decorator.py
[2024-10-06T04:18:58.917+0000] {logging_mixin.py:190} INFO - [2024-10-06T04:18:58.916+0000] {override.py:1900} INFO - Created Permission View: can edit on DAG:example_bash_decorator
[2024-10-06T04:18:58.936+0000] {logging_mixin.py:190} INFO - [2024-10-06T04:18:58.935+0000] {override.py:1900} INFO - Created Permission View: can delete on DAG:example_bash_decorator
[2024-10-06T04:18:58.946+0000] {logging_mixin.py:190} INFO - [2024-10-06T04:18:58.945+0000] {override.py:1900} INFO - Created Permission View: can read on DAG:example_bash_decorator
[2024-10-06T04:18:58.955+0000] {logging_mixin.py:190} INFO - [2024-10-06T04:18:58.954+0000] {override.py:1900} INFO - Created Permission View: can create on DAG Run:example_bash_decorator
[2024-10-06T04:18:58.965+0000] {logging_mixin.py:190} INFO - [2024-10-06T04:18:58.964+0000] {override.py:1900} INFO - Created Permission View: menu access on DAG Run:example_bash_decorator
[2024-10-06T04:18:58.975+0000] {logging_mixin.py:190} INFO - [2024-10-06T04:18:58.974+0000] {override.py:1900} INFO - Created Permission View: can read on DAG Run:example_bash_decorator
[2024-10-06T04:18:58.986+0000] {logging_mixin.py:190} INFO - [2024-10-06T04:18:58.986+0000] {override.py:1900} INFO - Created Permission View: can delete on DAG Run:example_bash_decorator
[2024-10-06T04:18:58.987+0000] {logging_mixin.py:190} INFO - [2024-10-06T04:18:58.987+0000] {dag.py:3239} INFO - Sync 1 DAGs
[2024-10-06T04:18:59.004+0000] {logging_mixin.py:190} INFO - [2024-10-06T04:18:59.004+0000] {dag.py:3262} INFO - Creating ORM DAG for example_bash_decorator
[2024-10-06T04:18:59.005+0000] {logging_mixin.py:190} INFO - [2024-10-06T04:18:59.005+0000] {dag.py:4180} INFO - Setting next_dagrun for example_bash_decorator to None, run_after=None
[2024-10-06T04:18:59.025+0000] {processor.py:208} INFO - Processing /home/airflow/.local/lib/python3.12/site-packages/airflow/example_dags/example_bash_decorator.py took 0.304 seconds
[2024-10-06T04:19:49.526+0000] {processor.py:186} INFO - Started process (PID=126) to work on /home/airflow/.local/lib/python3.12/site-packages/airflow/example_dags/example_bash_decorator.py
[2024-10-06T04:19:49.538+0000] {processor.py:914} INFO - Processing file /home/airflow/.local/lib/python3.12/site-packages/airflow/example_dags/example_bash_decorator.py for tasks to queue
[2024-10-06T04:19:49.542+0000] {logging_mixin.py:190} INFO - [2024-10-06T04:19:49.542+0000] {dagbag.py:588} INFO - Filling up the DagBag from /home/airflow/.local/lib/python3.12/site-packages/airflow/example_dags/example_bash_decorator.py
[2024-10-06T04:19:49.616+0000] {processor.py:925} INFO - DAG(s) 'example_bash_decorator' retrieved from /home/airflow/.local/lib/python3.12/site-packages/airflow/example_dags/example_bash_decorator.py
[2024-10-06T04:19:49.725+0000] {logging_mixin.py:190} INFO - [2024-10-06T04:19:49.725+0000] {dag.py:3239} INFO - Sync 1 DAGs
[2024-10-06T04:19:49.747+0000] {logging_mixin.py:190} INFO - [2024-10-06T04:19:49.747+0000] {dag.py:4180} INFO - Setting next_dagrun for example_bash_decorator to None, run_after=None
[2024-10-06T04:19:49.793+0000] {processor.py:208} INFO - Processing /home/airflow/.local/lib/python3.12/site-packages/airflow/example_dags/example_bash_decorator.py took 0.303 seconds
[2024-10-06T04:20:19.942+0000] {processor.py:186} INFO - Started process (PID=188) to work on /home/airflow/.local/lib/python3.12/site-packages/airflow/example_dags/example_bash_decorator.py
[2024-10-06T04:20:19.944+0000] {processor.py:914} INFO - Processing file /home/airflow/.local/lib/python3.12/site-packages/airflow/example_dags/example_bash_decorator.py for tasks to queue
[2024-10-06T04:20:19.949+0000] {logging_mixin.py:190} INFO - [2024-10-06T04:20:19.948+0000] {dagbag.py:588} INFO - Filling up the DagBag from /home/airflow/.local/lib/python3.12/site-packages/airflow/example_dags/example_bash_decorator.py
[2024-10-06T04:20:19.977+0000] {processor.py:925} INFO - DAG(s) 'example_bash_decorator' retrieved from /home/airflow/.local/lib/python3.12/site-packages/airflow/example_dags/example_bash_decorator.py
[2024-10-06T04:20:20.014+0000] {logging_mixin.py:190} INFO - [2024-10-06T04:20:20.014+0000] {dag.py:3239} INFO - Sync 1 DAGs
[2024-10-06T04:20:20.033+0000] {logging_mixin.py:190} INFO - [2024-10-06T04:20:20.033+0000] {dag.py:4180} INFO - Setting next_dagrun for example_bash_decorator to None, run_after=None
[2024-10-06T04:20:20.059+0000] {processor.py:208} INFO - Processing /home/airflow/.local/lib/python3.12/site-packages/airflow/example_dags/example_bash_decorator.py took 0.128 seconds
[2024-10-06T04:20:50.329+0000] {processor.py:186} INFO - Started process (PID=251) to work on /home/airflow/.local/lib/python3.12/site-packages/airflow/example_dags/example_bash_decorator.py
[2024-10-06T04:20:50.330+0000] {processor.py:914} INFO - Processing file /home/airflow/.local/lib/python3.12/site-packages/airflow/example_dags/example_bash_decorator.py for tasks to queue
[2024-10-06T04:20:50.334+0000] {logging_mixin.py:190} INFO - [2024-10-06T04:20:50.333+0000] {dagbag.py:588} INFO - Filling up the DagBag from /home/airflow/.local/lib/python3.12/site-packages/airflow/example_dags/example_bash_decorator.py
[2024-10-06T04:20:50.359+0000] {processor.py:925} INFO - DAG(s) 'example_bash_decorator' retrieved from /home/airflow/.local/lib/python3.12/site-packages/airflow/example_dags/example_bash_decorator.py
[2024-10-06T04:20:50.405+0000] {logging_mixin.py:190} INFO - [2024-10-06T04:20:50.405+0000] {dag.py:3239} INFO - Sync 1 DAGs
[2024-10-06T04:20:50.427+0000] {logging_mixin.py:190} INFO - [2024-10-06T04:20:50.426+0000] {dag.py:4180} INFO - Setting next_dagrun for example_bash_decorator to None, run_after=None
[2024-10-06T04:20:50.450+0000] {processor.py:208} INFO - Processing /home/airflow/.local/lib/python3.12/site-packages/airflow/example_dags/example_bash_decorator.py took 0.132 seconds
[2024-10-06T04:21:21.421+0000] {processor.py:186} INFO - Started process (PID=313) to work on /home/airflow/.local/lib/python3.12/site-packages/airflow/example_dags/example_bash_decorator.py
[2024-10-06T04:21:21.423+0000] {processor.py:914} INFO - Processing file /home/airflow/.local/lib/python3.12/site-packages/airflow/example_dags/example_bash_decorator.py for tasks to queue
[2024-10-06T04:21:21.428+0000] {logging_mixin.py:190} INFO - [2024-10-06T04:21:21.427+0000] {dagbag.py:588} INFO - Filling up the DagBag from /home/airflow/.local/lib/python3.12/site-packages/airflow/example_dags/example_bash_decorator.py
[2024-10-06T04:21:21.453+0000] {processor.py:925} INFO - DAG(s) 'example_bash_decorator' retrieved from /home/airflow/.local/lib/python3.12/site-packages/airflow/example_dags/example_bash_decorator.py
[2024-10-06T04:21:21.488+0000] {logging_mixin.py:190} INFO - [2024-10-06T04:21:21.487+0000] {dag.py:3239} INFO - Sync 1 DAGs
[2024-10-06T04:21:21.510+0000] {logging_mixin.py:190} INFO - [2024-10-06T04:21:21.510+0000] {dag.py:4180} INFO - Setting next_dagrun for example_bash_decorator to None, run_after=None
[2024-10-06T04:21:21.533+0000] {processor.py:208} INFO - Processing /home/airflow/.local/lib/python3.12/site-packages/airflow/example_dags/example_bash_decorator.py took 0.120 seconds
[2024-10-06T04:21:51.593+0000] {processor.py:186} INFO - Started process (PID=374) to work on /home/airflow/.local/lib/python3.12/site-packages/airflow/example_dags/example_bash_decorator.py
[2024-10-06T04:21:51.595+0000] {processor.py:914} INFO - Processing file /home/airflow/.local/lib/python3.12/site-packages/airflow/example_dags/example_bash_decorator.py for tasks to queue
[2024-10-06T04:21:51.598+0000] {logging_mixin.py:190} INFO - [2024-10-06T04:21:51.598+0000] {dagbag.py:588} INFO - Filling up the DagBag from /home/airflow/.local/lib/python3.12/site-packages/airflow/example_dags/example_bash_decorator.py
[2024-10-06T04:21:51.630+0000] {processor.py:925} INFO - DAG(s) 'example_bash_decorator' retrieved from /home/airflow/.local/lib/python3.12/site-packages/airflow/example_dags/example_bash_decorator.py
[2024-10-06T04:21:51.686+0000] {logging_mixin.py:190} INFO - [2024-10-06T04:21:51.685+0000] {dag.py:3239} INFO - Sync 1 DAGs
[2024-10-06T04:21:51.714+0000] {logging_mixin.py:190} INFO - [2024-10-06T04:21:51.714+0000] {dag.py:4180} INFO - Setting next_dagrun for example_bash_decorator to None, run_after=None
[2024-10-06T04:21:51.756+0000] {processor.py:208} INFO - Processing /home/airflow/.local/lib/python3.12/site-packages/airflow/example_dags/example_bash_decorator.py took 0.172 seconds
[2024-10-06T04:22:21.837+0000] {processor.py:186} INFO - Started process (PID=437) to work on /home/airflow/.local/lib/python3.12/site-packages/airflow/example_dags/example_bash_decorator.py
[2024-10-06T04:22:21.839+0000] {processor.py:914} INFO - Processing file /home/airflow/.local/lib/python3.12/site-packages/airflow/example_dags/example_bash_decorator.py for tasks to queue
[2024-10-06T04:22:21.843+0000] {logging_mixin.py:190} INFO - [2024-10-06T04:22:21.842+0000] {dagbag.py:588} INFO - Filling up the DagBag from /home/airflow/.local/lib/python3.12/site-packages/airflow/example_dags/example_bash_decorator.py
[2024-10-06T04:22:21.867+0000] {processor.py:925} INFO - DAG(s) 'example_bash_decorator' retrieved from /home/airflow/.local/lib/python3.12/site-packages/airflow/example_dags/example_bash_decorator.py
[2024-10-06T04:22:21.903+0000] {logging_mixin.py:190} INFO - [2024-10-06T04:22:21.902+0000] {dag.py:3239} INFO - Sync 1 DAGs
[2024-10-06T04:22:21.932+0000] {logging_mixin.py:190} INFO - [2024-10-06T04:22:21.932+0000] {dag.py:4180} INFO - Setting next_dagrun for example_bash_decorator to None, run_after=None
[2024-10-06T04:22:21.967+0000] {processor.py:208} INFO - Processing /home/airflow/.local/lib/python3.12/site-packages/airflow/example_dags/example_bash_decorator.py took 0.140 seconds
[2024-10-06T04:22:52.549+0000] {processor.py:186} INFO - Started process (PID=500) to work on /home/airflow/.local/lib/python3.12/site-packages/airflow/example_dags/example_bash_decorator.py
[2024-10-06T04:22:52.551+0000] {processor.py:914} INFO - Processing file /home/airflow/.local/lib/python3.12/site-packages/airflow/example_dags/example_bash_decorator.py for tasks to queue
[2024-10-06T04:22:52.554+0000] {logging_mixin.py:190} INFO - [2024-10-06T04:22:52.554+0000] {dagbag.py:588} INFO - Filling up the DagBag from /home/airflow/.local/lib/python3.12/site-packages/airflow/example_dags/example_bash_decorator.py
[2024-10-06T04:22:52.575+0000] {processor.py:925} INFO - DAG(s) 'example_bash_decorator' retrieved from /home/airflow/.local/lib/python3.12/site-packages/airflow/example_dags/example_bash_decorator.py
[2024-10-06T04:22:52.603+0000] {logging_mixin.py:190} INFO - [2024-10-06T04:22:52.602+0000] {dag.py:3239} INFO - Sync 1 DAGs
[2024-10-06T04:22:52.625+0000] {logging_mixin.py:190} INFO - [2024-10-06T04:22:52.625+0000] {dag.py:4180} INFO - Setting next_dagrun for example_bash_decorator to None, run_after=None
[2024-10-06T04:22:52.651+0000] {processor.py:208} INFO - Processing /home/airflow/.local/lib/python3.12/site-packages/airflow/example_dags/example_bash_decorator.py took 0.110 seconds
[2024-10-06T04:23:23.005+0000] {processor.py:186} INFO - Started process (PID=562) to work on /home/airflow/.local/lib/python3.12/site-packages/airflow/example_dags/example_bash_decorator.py
[2024-10-06T04:23:23.006+0000] {processor.py:914} INFO - Processing file /home/airflow/.local/lib/python3.12/site-packages/airflow/example_dags/example_bash_decorator.py for tasks to queue
[2024-10-06T04:23:23.010+0000] {logging_mixin.py:190} INFO - [2024-10-06T04:23:23.009+0000] {dagbag.py:588} INFO - Filling up the DagBag from /home/airflow/.local/lib/python3.12/site-packages/airflow/example_dags/example_bash_decorator.py
[2024-10-06T04:23:23.029+0000] {processor.py:925} INFO - DAG(s) 'example_bash_decorator' retrieved from /home/airflow/.local/lib/python3.12/site-packages/airflow/example_dags/example_bash_decorator.py
[2024-10-06T04:23:23.058+0000] {logging_mixin.py:190} INFO - [2024-10-06T04:23:23.058+0000] {dag.py:3239} INFO - Sync 1 DAGs
[2024-10-06T04:23:23.077+0000] {logging_mixin.py:190} INFO - [2024-10-06T04:23:23.077+0000] {dag.py:4180} INFO - Setting next_dagrun for example_bash_decorator to None, run_after=None
[2024-10-06T04:23:23.101+0000] {processor.py:208} INFO - Processing /home/airflow/.local/lib/python3.12/site-packages/airflow/example_dags/example_bash_decorator.py took 0.103 seconds
[2024-10-06T04:23:53.812+0000] {processor.py:186} INFO - Started process (PID=623) to work on /home/airflow/.local/lib/python3.12/site-packages/airflow/example_dags/example_bash_decorator.py
[2024-10-06T04:23:53.813+0000] {processor.py:914} INFO - Processing file /home/airflow/.local/lib/python3.12/site-packages/airflow/example_dags/example_bash_decorator.py for tasks to queue
[2024-10-06T04:23:53.817+0000] {logging_mixin.py:190} INFO - [2024-10-06T04:23:53.816+0000] {dagbag.py:588} INFO - Filling up the DagBag from /home/airflow/.local/lib/python3.12/site-packages/airflow/example_dags/example_bash_decorator.py
[2024-10-06T04:23:53.841+0000] {processor.py:925} INFO - DAG(s) 'example_bash_decorator' retrieved from /home/airflow/.local/lib/python3.12/site-packages/airflow/example_dags/example_bash_decorator.py
[2024-10-06T04:23:53.875+0000] {logging_mixin.py:190} INFO - [2024-10-06T04:23:53.875+0000] {dag.py:3239} INFO - Sync 1 DAGs
[2024-10-06T04:23:53.894+0000] {logging_mixin.py:190} INFO - [2024-10-06T04:23:53.894+0000] {dag.py:4180} INFO - Setting next_dagrun for example_bash_decorator to None, run_after=None
[2024-10-06T04:23:53.923+0000] {processor.py:208} INFO - Processing /home/airflow/.local/lib/python3.12/site-packages/airflow/example_dags/example_bash_decorator.py took 0.120 seconds
[2024-10-06T04:24:24.591+0000] {processor.py:186} INFO - Started process (PID=684) to work on /home/airflow/.local/lib/python3.12/site-packages/airflow/example_dags/example_bash_decorator.py
[2024-10-06T04:24:24.592+0000] {processor.py:914} INFO - Processing file /home/airflow/.local/lib/python3.12/site-packages/airflow/example_dags/example_bash_decorator.py for tasks to queue
[2024-10-06T04:24:24.596+0000] {logging_mixin.py:190} INFO - [2024-10-06T04:24:24.596+0000] {dagbag.py:588} INFO - Filling up the DagBag from /home/airflow/.local/lib/python3.12/site-packages/airflow/example_dags/example_bash_decorator.py
[2024-10-06T04:24:24.619+0000] {processor.py:925} INFO - DAG(s) 'example_bash_decorator' retrieved from /home/airflow/.local/lib/python3.12/site-packages/airflow/example_dags/example_bash_decorator.py
[2024-10-06T04:24:24.654+0000] {logging_mixin.py:190} INFO - [2024-10-06T04:24:24.654+0000] {dag.py:3239} INFO - Sync 1 DAGs
[2024-10-06T04:24:24.674+0000] {logging_mixin.py:190} INFO - [2024-10-06T04:24:24.674+0000] {dag.py:4180} INFO - Setting next_dagrun for example_bash_decorator to None, run_after=None
[2024-10-06T04:24:24.698+0000] {processor.py:208} INFO - Processing /home/airflow/.local/lib/python3.12/site-packages/airflow/example_dags/example_bash_decorator.py took 0.120 seconds
[2024-10-06T04:24:56.417+0000] {processor.py:186} INFO - Started process (PID=746) to work on /home/airflow/.local/lib/python3.12/site-packages/airflow/example_dags/example_bash_decorator.py
[2024-10-06T04:24:56.423+0000] {processor.py:914} INFO - Processing file /home/airflow/.local/lib/python3.12/site-packages/airflow/example_dags/example_bash_decorator.py for tasks to queue
[2024-10-06T04:24:56.428+0000] {logging_mixin.py:190} INFO - [2024-10-06T04:24:56.427+0000] {dagbag.py:588} INFO - Filling up the DagBag from /home/airflow/.local/lib/python3.12/site-packages/airflow/example_dags/example_bash_decorator.py
[2024-10-06T04:24:56.486+0000] {processor.py:925} INFO - DAG(s) 'example_bash_decorator' retrieved from /home/airflow/.local/lib/python3.12/site-packages/airflow/example_dags/example_bash_decorator.py
[2024-10-06T04:24:56.538+0000] {logging_mixin.py:190} INFO - [2024-10-06T04:24:56.538+0000] {dag.py:3239} INFO - Sync 1 DAGs
[2024-10-06T04:24:56.566+0000] {logging_mixin.py:190} INFO - [2024-10-06T04:24:56.565+0000] {dag.py:4180} INFO - Setting next_dagrun for example_bash_decorator to None, run_after=None
[2024-10-06T04:24:56.602+0000] {processor.py:208} INFO - Processing /home/airflow/.local/lib/python3.12/site-packages/airflow/example_dags/example_bash_decorator.py took 0.213 seconds
[2024-10-06T04:25:26.777+0000] {processor.py:186} INFO - Started process (PID=809) to work on /home/airflow/.local/lib/python3.12/site-packages/airflow/example_dags/example_bash_decorator.py
[2024-10-06T04:25:26.779+0000] {processor.py:914} INFO - Processing file /home/airflow/.local/lib/python3.12/site-packages/airflow/example_dags/example_bash_decorator.py for tasks to queue
[2024-10-06T04:25:26.782+0000] {logging_mixin.py:190} INFO - [2024-10-06T04:25:26.782+0000] {dagbag.py:588} INFO - Filling up the DagBag from /home/airflow/.local/lib/python3.12/site-packages/airflow/example_dags/example_bash_decorator.py
[2024-10-06T04:25:26.804+0000] {processor.py:925} INFO - DAG(s) 'example_bash_decorator' retrieved from /home/airflow/.local/lib/python3.12/site-packages/airflow/example_dags/example_bash_decorator.py
[2024-10-06T04:25:26.837+0000] {logging_mixin.py:190} INFO - [2024-10-06T04:25:26.837+0000] {dag.py:3239} INFO - Sync 1 DAGs
[2024-10-06T04:25:26.857+0000] {logging_mixin.py:190} INFO - [2024-10-06T04:25:26.857+0000] {dag.py:4180} INFO - Setting next_dagrun for example_bash_decorator to None, run_after=None
[2024-10-06T04:25:26.887+0000] {processor.py:208} INFO - Processing /home/airflow/.local/lib/python3.12/site-packages/airflow/example_dags/example_bash_decorator.py took 0.119 seconds
[2024-10-06T04:25:57.223+0000] {processor.py:186} INFO - Started process (PID=871) to work on /home/airflow/.local/lib/python3.12/site-packages/airflow/example_dags/example_bash_decorator.py
[2024-10-06T04:25:57.225+0000] {processor.py:914} INFO - Processing file /home/airflow/.local/lib/python3.12/site-packages/airflow/example_dags/example_bash_decorator.py for tasks to queue
[2024-10-06T04:25:57.229+0000] {logging_mixin.py:190} INFO - [2024-10-06T04:25:57.229+0000] {dagbag.py:588} INFO - Filling up the DagBag from /home/airflow/.local/lib/python3.12/site-packages/airflow/example_dags/example_bash_decorator.py
[2024-10-06T04:25:57.258+0000] {processor.py:925} INFO - DAG(s) 'example_bash_decorator' retrieved from /home/airflow/.local/lib/python3.12/site-packages/airflow/example_dags/example_bash_decorator.py
[2024-10-06T04:25:57.293+0000] {logging_mixin.py:190} INFO - [2024-10-06T04:25:57.293+0000] {dag.py:3239} INFO - Sync 1 DAGs
[2024-10-06T04:25:57.318+0000] {logging_mixin.py:190} INFO - [2024-10-06T04:25:57.318+0000] {dag.py:4180} INFO - Setting next_dagrun for example_bash_decorator to None, run_after=None
[2024-10-06T04:25:57.349+0000] {processor.py:208} INFO - Processing /home/airflow/.local/lib/python3.12/site-packages/airflow/example_dags/example_bash_decorator.py took 0.139 seconds
[2024-10-06T04:26:27.820+0000] {processor.py:186} INFO - Started process (PID=933) to work on /home/airflow/.local/lib/python3.12/site-packages/airflow/example_dags/example_bash_decorator.py
[2024-10-06T04:26:27.834+0000] {processor.py:914} INFO - Processing file /home/airflow/.local/lib/python3.12/site-packages/airflow/example_dags/example_bash_decorator.py for tasks to queue
[2024-10-06T04:26:27.858+0000] {logging_mixin.py:190} INFO - [2024-10-06T04:26:27.858+0000] {dagbag.py:588} INFO - Filling up the DagBag from /home/airflow/.local/lib/python3.12/site-packages/airflow/example_dags/example_bash_decorator.py
[2024-10-06T04:26:27.924+0000] {processor.py:925} INFO - DAG(s) 'example_bash_decorator' retrieved from /home/airflow/.local/lib/python3.12/site-packages/airflow/example_dags/example_bash_decorator.py
[2024-10-06T04:26:27.970+0000] {logging_mixin.py:190} INFO - [2024-10-06T04:26:27.969+0000] {dag.py:3239} INFO - Sync 1 DAGs
[2024-10-06T04:26:27.989+0000] {logging_mixin.py:190} INFO - [2024-10-06T04:26:27.989+0000] {dag.py:4180} INFO - Setting next_dagrun for example_bash_decorator to None, run_after=None
[2024-10-06T04:26:28.025+0000] {processor.py:208} INFO - Processing /home/airflow/.local/lib/python3.12/site-packages/airflow/example_dags/example_bash_decorator.py took 0.232 seconds
[2024-10-06T04:26:58.298+0000] {processor.py:186} INFO - Started process (PID=995) to work on /home/airflow/.local/lib/python3.12/site-packages/airflow/example_dags/example_bash_decorator.py
[2024-10-06T04:26:58.304+0000] {processor.py:914} INFO - Processing file /home/airflow/.local/lib/python3.12/site-packages/airflow/example_dags/example_bash_decorator.py for tasks to queue
[2024-10-06T04:26:58.313+0000] {logging_mixin.py:190} INFO - [2024-10-06T04:26:58.313+0000] {dagbag.py:588} INFO - Filling up the DagBag from /home/airflow/.local/lib/python3.12/site-packages/airflow/example_dags/example_bash_decorator.py
[2024-10-06T04:26:58.341+0000] {processor.py:925} INFO - DAG(s) 'example_bash_decorator' retrieved from /home/airflow/.local/lib/python3.12/site-packages/airflow/example_dags/example_bash_decorator.py
[2024-10-06T04:26:58.384+0000] {logging_mixin.py:190} INFO - [2024-10-06T04:26:58.384+0000] {dag.py:3239} INFO - Sync 1 DAGs
[2024-10-06T04:26:58.408+0000] {logging_mixin.py:190} INFO - [2024-10-06T04:26:58.408+0000] {dag.py:4180} INFO - Setting next_dagrun for example_bash_decorator to None, run_after=None
[2024-10-06T04:26:58.441+0000] {processor.py:208} INFO - Processing /home/airflow/.local/lib/python3.12/site-packages/airflow/example_dags/example_bash_decorator.py took 0.155 seconds
[2024-10-06T04:27:29.838+0000] {processor.py:186} INFO - Started process (PID=1057) to work on /home/airflow/.local/lib/python3.12/site-packages/airflow/example_dags/example_bash_decorator.py
[2024-10-06T04:27:29.839+0000] {processor.py:914} INFO - Processing file /home/airflow/.local/lib/python3.12/site-packages/airflow/example_dags/example_bash_decorator.py for tasks to queue
[2024-10-06T04:27:29.843+0000] {logging_mixin.py:190} INFO - [2024-10-06T04:27:29.842+0000] {dagbag.py:588} INFO - Filling up the DagBag from /home/airflow/.local/lib/python3.12/site-packages/airflow/example_dags/example_bash_decorator.py
[2024-10-06T04:27:29.865+0000] {processor.py:925} INFO - DAG(s) 'example_bash_decorator' retrieved from /home/airflow/.local/lib/python3.12/site-packages/airflow/example_dags/example_bash_decorator.py
[2024-10-06T04:27:29.903+0000] {logging_mixin.py:190} INFO - [2024-10-06T04:27:29.902+0000] {dag.py:3239} INFO - Sync 1 DAGs
[2024-10-06T04:27:29.922+0000] {logging_mixin.py:190} INFO - [2024-10-06T04:27:29.922+0000] {dag.py:4180} INFO - Setting next_dagrun for example_bash_decorator to None, run_after=None
[2024-10-06T04:27:29.948+0000] {processor.py:208} INFO - Processing /home/airflow/.local/lib/python3.12/site-packages/airflow/example_dags/example_bash_decorator.py took 0.118 seconds
[2024-10-06T04:28:00.943+0000] {processor.py:186} INFO - Started process (PID=1119) to work on /home/airflow/.local/lib/python3.12/site-packages/airflow/example_dags/example_bash_decorator.py
[2024-10-06T04:28:00.944+0000] {processor.py:914} INFO - Processing file /home/airflow/.local/lib/python3.12/site-packages/airflow/example_dags/example_bash_decorator.py for tasks to queue
[2024-10-06T04:28:00.948+0000] {logging_mixin.py:190} INFO - [2024-10-06T04:28:00.948+0000] {dagbag.py:588} INFO - Filling up the DagBag from /home/airflow/.local/lib/python3.12/site-packages/airflow/example_dags/example_bash_decorator.py
[2024-10-06T04:28:00.971+0000] {processor.py:925} INFO - DAG(s) 'example_bash_decorator' retrieved from /home/airflow/.local/lib/python3.12/site-packages/airflow/example_dags/example_bash_decorator.py
[2024-10-06T04:28:01.005+0000] {logging_mixin.py:190} INFO - [2024-10-06T04:28:01.004+0000] {dag.py:3239} INFO - Sync 1 DAGs
[2024-10-06T04:28:01.041+0000] {logging_mixin.py:190} INFO - [2024-10-06T04:28:01.041+0000] {dag.py:4180} INFO - Setting next_dagrun for example_bash_decorator to None, run_after=None
[2024-10-06T04:28:01.084+0000] {processor.py:208} INFO - Processing /home/airflow/.local/lib/python3.12/site-packages/airflow/example_dags/example_bash_decorator.py took 0.151 seconds
[2024-10-06T04:28:31.957+0000] {processor.py:186} INFO - Started process (PID=1181) to work on /home/airflow/.local/lib/python3.12/site-packages/airflow/example_dags/example_bash_decorator.py
[2024-10-06T04:28:31.958+0000] {processor.py:914} INFO - Processing file /home/airflow/.local/lib/python3.12/site-packages/airflow/example_dags/example_bash_decorator.py for tasks to queue
[2024-10-06T04:28:31.963+0000] {logging_mixin.py:190} INFO - [2024-10-06T04:28:31.962+0000] {dagbag.py:588} INFO - Filling up the DagBag from /home/airflow/.local/lib/python3.12/site-packages/airflow/example_dags/example_bash_decorator.py
[2024-10-06T04:28:31.988+0000] {processor.py:925} INFO - DAG(s) 'example_bash_decorator' retrieved from /home/airflow/.local/lib/python3.12/site-packages/airflow/example_dags/example_bash_decorator.py
[2024-10-06T04:28:32.023+0000] {logging_mixin.py:190} INFO - [2024-10-06T04:28:32.022+0000] {dag.py:3239} INFO - Sync 1 DAGs
[2024-10-06T04:28:32.045+0000] {logging_mixin.py:190} INFO - [2024-10-06T04:28:32.044+0000] {dag.py:4180} INFO - Setting next_dagrun for example_bash_decorator to None, run_after=None
[2024-10-06T04:28:32.081+0000] {processor.py:208} INFO - Processing /home/airflow/.local/lib/python3.12/site-packages/airflow/example_dags/example_bash_decorator.py took 0.134 seconds
[2024-10-06T04:29:03.181+0000] {processor.py:186} INFO - Started process (PID=1244) to work on /home/airflow/.local/lib/python3.12/site-packages/airflow/example_dags/example_bash_decorator.py
[2024-10-06T04:29:03.184+0000] {processor.py:914} INFO - Processing file /home/airflow/.local/lib/python3.12/site-packages/airflow/example_dags/example_bash_decorator.py for tasks to queue
[2024-10-06T04:29:03.187+0000] {logging_mixin.py:190} INFO - [2024-10-06T04:29:03.187+0000] {dagbag.py:588} INFO - Filling up the DagBag from /home/airflow/.local/lib/python3.12/site-packages/airflow/example_dags/example_bash_decorator.py
[2024-10-06T04:29:03.216+0000] {processor.py:925} INFO - DAG(s) 'example_bash_decorator' retrieved from /home/airflow/.local/lib/python3.12/site-packages/airflow/example_dags/example_bash_decorator.py
[2024-10-06T04:29:03.354+0000] {logging_mixin.py:190} INFO - [2024-10-06T04:29:03.354+0000] {dag.py:3239} INFO - Sync 1 DAGs
[2024-10-06T04:29:03.393+0000] {logging_mixin.py:190} INFO - [2024-10-06T04:29:03.393+0000] {dag.py:4180} INFO - Setting next_dagrun for example_bash_decorator to None, run_after=None
[2024-10-06T04:29:03.479+0000] {processor.py:208} INFO - Processing /home/airflow/.local/lib/python3.12/site-packages/airflow/example_dags/example_bash_decorator.py took 0.307 seconds
[2024-10-06T04:29:34.383+0000] {processor.py:186} INFO - Started process (PID=1306) to work on /home/airflow/.local/lib/python3.12/site-packages/airflow/example_dags/example_bash_decorator.py
[2024-10-06T04:29:34.385+0000] {processor.py:914} INFO - Processing file /home/airflow/.local/lib/python3.12/site-packages/airflow/example_dags/example_bash_decorator.py for tasks to queue
[2024-10-06T04:29:34.389+0000] {logging_mixin.py:190} INFO - [2024-10-06T04:29:34.388+0000] {dagbag.py:588} INFO - Filling up the DagBag from /home/airflow/.local/lib/python3.12/site-packages/airflow/example_dags/example_bash_decorator.py
[2024-10-06T04:29:34.415+0000] {processor.py:925} INFO - DAG(s) 'example_bash_decorator' retrieved from /home/airflow/.local/lib/python3.12/site-packages/airflow/example_dags/example_bash_decorator.py
[2024-10-06T04:29:34.454+0000] {logging_mixin.py:190} INFO - [2024-10-06T04:29:34.453+0000] {dag.py:3239} INFO - Sync 1 DAGs
[2024-10-06T04:29:34.473+0000] {logging_mixin.py:190} INFO - [2024-10-06T04:29:34.472+0000] {dag.py:4180} INFO - Setting next_dagrun for example_bash_decorator to None, run_after=None
[2024-10-06T04:29:34.496+0000] {processor.py:208} INFO - Processing /home/airflow/.local/lib/python3.12/site-packages/airflow/example_dags/example_bash_decorator.py took 0.123 seconds
[2024-10-06T04:30:05.208+0000] {processor.py:186} INFO - Started process (PID=1368) to work on /home/airflow/.local/lib/python3.12/site-packages/airflow/example_dags/example_bash_decorator.py
[2024-10-06T04:30:05.210+0000] {processor.py:914} INFO - Processing file /home/airflow/.local/lib/python3.12/site-packages/airflow/example_dags/example_bash_decorator.py for tasks to queue
[2024-10-06T04:30:05.214+0000] {logging_mixin.py:190} INFO - [2024-10-06T04:30:05.214+0000] {dagbag.py:588} INFO - Filling up the DagBag from /home/airflow/.local/lib/python3.12/site-packages/airflow/example_dags/example_bash_decorator.py
[2024-10-06T04:30:05.240+0000] {processor.py:925} INFO - DAG(s) 'example_bash_decorator' retrieved from /home/airflow/.local/lib/python3.12/site-packages/airflow/example_dags/example_bash_decorator.py
[2024-10-06T04:30:05.273+0000] {logging_mixin.py:190} INFO - [2024-10-06T04:30:05.273+0000] {dag.py:3239} INFO - Sync 1 DAGs
[2024-10-06T04:30:05.295+0000] {logging_mixin.py:190} INFO - [2024-10-06T04:30:05.295+0000] {dag.py:4180} INFO - Setting next_dagrun for example_bash_decorator to None, run_after=None
[2024-10-06T04:30:05.326+0000] {processor.py:208} INFO - Processing /home/airflow/.local/lib/python3.12/site-packages/airflow/example_dags/example_bash_decorator.py took 0.127 seconds
[2024-10-06T04:30:36.220+0000] {processor.py:186} INFO - Started process (PID=1430) to work on /home/airflow/.local/lib/python3.12/site-packages/airflow/example_dags/example_bash_decorator.py
[2024-10-06T04:30:36.222+0000] {processor.py:914} INFO - Processing file /home/airflow/.local/lib/python3.12/site-packages/airflow/example_dags/example_bash_decorator.py for tasks to queue
[2024-10-06T04:30:36.228+0000] {logging_mixin.py:190} INFO - [2024-10-06T04:30:36.228+0000] {dagbag.py:588} INFO - Filling up the DagBag from /home/airflow/.local/lib/python3.12/site-packages/airflow/example_dags/example_bash_decorator.py
[2024-10-06T04:30:36.253+0000] {processor.py:925} INFO - DAG(s) 'example_bash_decorator' retrieved from /home/airflow/.local/lib/python3.12/site-packages/airflow/example_dags/example_bash_decorator.py
[2024-10-06T04:30:36.288+0000] {logging_mixin.py:190} INFO - [2024-10-06T04:30:36.287+0000] {dag.py:3239} INFO - Sync 1 DAGs
[2024-10-06T04:30:36.310+0000] {logging_mixin.py:190} INFO - [2024-10-06T04:30:36.309+0000] {dag.py:4180} INFO - Setting next_dagrun for example_bash_decorator to None, run_after=None
[2024-10-06T04:30:36.337+0000] {processor.py:208} INFO - Processing /home/airflow/.local/lib/python3.12/site-packages/airflow/example_dags/example_bash_decorator.py took 0.127 seconds
[2024-10-06T04:31:07.606+0000] {processor.py:186} INFO - Started process (PID=1492) to work on /home/airflow/.local/lib/python3.12/site-packages/airflow/example_dags/example_bash_decorator.py
[2024-10-06T04:31:07.608+0000] {processor.py:914} INFO - Processing file /home/airflow/.local/lib/python3.12/site-packages/airflow/example_dags/example_bash_decorator.py for tasks to queue
[2024-10-06T04:31:07.612+0000] {logging_mixin.py:190} INFO - [2024-10-06T04:31:07.611+0000] {dagbag.py:588} INFO - Filling up the DagBag from /home/airflow/.local/lib/python3.12/site-packages/airflow/example_dags/example_bash_decorator.py
[2024-10-06T04:31:07.644+0000] {processor.py:925} INFO - DAG(s) 'example_bash_decorator' retrieved from /home/airflow/.local/lib/python3.12/site-packages/airflow/example_dags/example_bash_decorator.py
[2024-10-06T04:31:07.709+0000] {logging_mixin.py:190} INFO - [2024-10-06T04:31:07.709+0000] {dag.py:3239} INFO - Sync 1 DAGs
[2024-10-06T04:31:07.752+0000] {logging_mixin.py:190} INFO - [2024-10-06T04:31:07.752+0000] {dag.py:4180} INFO - Setting next_dagrun for example_bash_decorator to None, run_after=None
[2024-10-06T04:31:07.782+0000] {processor.py:208} INFO - Processing /home/airflow/.local/lib/python3.12/site-packages/airflow/example_dags/example_bash_decorator.py took 0.191 seconds
[2024-10-06T04:31:38.536+0000] {processor.py:186} INFO - Started process (PID=1554) to work on /home/airflow/.local/lib/python3.12/site-packages/airflow/example_dags/example_bash_decorator.py
[2024-10-06T04:31:38.538+0000] {processor.py:914} INFO - Processing file /home/airflow/.local/lib/python3.12/site-packages/airflow/example_dags/example_bash_decorator.py for tasks to queue
[2024-10-06T04:31:38.542+0000] {logging_mixin.py:190} INFO - [2024-10-06T04:31:38.541+0000] {dagbag.py:588} INFO - Filling up the DagBag from /home/airflow/.local/lib/python3.12/site-packages/airflow/example_dags/example_bash_decorator.py
[2024-10-06T04:31:38.563+0000] {processor.py:925} INFO - DAG(s) 'example_bash_decorator' retrieved from /home/airflow/.local/lib/python3.12/site-packages/airflow/example_dags/example_bash_decorator.py
[2024-10-06T04:31:38.612+0000] {logging_mixin.py:190} INFO - [2024-10-06T04:31:38.612+0000] {dag.py:3239} INFO - Sync 1 DAGs
[2024-10-06T04:31:38.644+0000] {logging_mixin.py:190} INFO - [2024-10-06T04:31:38.643+0000] {dag.py:4180} INFO - Setting next_dagrun for example_bash_decorator to None, run_after=None
[2024-10-06T04:31:38.670+0000] {processor.py:208} INFO - Processing /home/airflow/.local/lib/python3.12/site-packages/airflow/example_dags/example_bash_decorator.py took 0.142 seconds
[2024-10-06T04:32:09.397+0000] {processor.py:186} INFO - Started process (PID=1616) to work on /home/airflow/.local/lib/python3.12/site-packages/airflow/example_dags/example_bash_decorator.py
[2024-10-06T04:32:09.398+0000] {processor.py:914} INFO - Processing file /home/airflow/.local/lib/python3.12/site-packages/airflow/example_dags/example_bash_decorator.py for tasks to queue
[2024-10-06T04:32:09.402+0000] {logging_mixin.py:190} INFO - [2024-10-06T04:32:09.402+0000] {dagbag.py:588} INFO - Filling up the DagBag from /home/airflow/.local/lib/python3.12/site-packages/airflow/example_dags/example_bash_decorator.py
[2024-10-06T04:32:09.426+0000] {processor.py:925} INFO - DAG(s) 'example_bash_decorator' retrieved from /home/airflow/.local/lib/python3.12/site-packages/airflow/example_dags/example_bash_decorator.py
[2024-10-06T04:32:09.456+0000] {logging_mixin.py:190} INFO - [2024-10-06T04:32:09.455+0000] {dag.py:3239} INFO - Sync 1 DAGs
[2024-10-06T04:32:09.474+0000] {logging_mixin.py:190} INFO - [2024-10-06T04:32:09.474+0000] {dag.py:4180} INFO - Setting next_dagrun for example_bash_decorator to None, run_after=None
[2024-10-06T04:32:09.496+0000] {processor.py:208} INFO - Processing /home/airflow/.local/lib/python3.12/site-packages/airflow/example_dags/example_bash_decorator.py took 0.106 seconds
[2024-10-06T04:32:40.657+0000] {processor.py:186} INFO - Started process (PID=1678) to work on /home/airflow/.local/lib/python3.12/site-packages/airflow/example_dags/example_bash_decorator.py
[2024-10-06T04:32:40.659+0000] {processor.py:914} INFO - Processing file /home/airflow/.local/lib/python3.12/site-packages/airflow/example_dags/example_bash_decorator.py for tasks to queue
[2024-10-06T04:32:40.663+0000] {logging_mixin.py:190} INFO - [2024-10-06T04:32:40.662+0000] {dagbag.py:588} INFO - Filling up the DagBag from /home/airflow/.local/lib/python3.12/site-packages/airflow/example_dags/example_bash_decorator.py
[2024-10-06T04:32:40.688+0000] {processor.py:925} INFO - DAG(s) 'example_bash_decorator' retrieved from /home/airflow/.local/lib/python3.12/site-packages/airflow/example_dags/example_bash_decorator.py
[2024-10-06T04:32:40.722+0000] {logging_mixin.py:190} INFO - [2024-10-06T04:32:40.721+0000] {dag.py:3239} INFO - Sync 1 DAGs
[2024-10-06T04:32:40.741+0000] {logging_mixin.py:190} INFO - [2024-10-06T04:32:40.741+0000] {dag.py:4180} INFO - Setting next_dagrun for example_bash_decorator to None, run_after=None
[2024-10-06T04:32:40.772+0000] {processor.py:208} INFO - Processing /home/airflow/.local/lib/python3.12/site-packages/airflow/example_dags/example_bash_decorator.py took 0.126 seconds
[2024-10-06T04:35:12.696+0000] {processor.py:186} INFO - Started process (PID=57) to work on /home/airflow/.local/lib/python3.12/site-packages/airflow/example_dags/example_bash_decorator.py
[2024-10-06T04:35:12.698+0000] {processor.py:914} INFO - Processing file /home/airflow/.local/lib/python3.12/site-packages/airflow/example_dags/example_bash_decorator.py for tasks to queue
[2024-10-06T04:35:12.701+0000] {logging_mixin.py:190} INFO - [2024-10-06T04:35:12.700+0000] {dagbag.py:588} INFO - Filling up the DagBag from /home/airflow/.local/lib/python3.12/site-packages/airflow/example_dags/example_bash_decorator.py
[2024-10-06T04:35:12.723+0000] {processor.py:925} INFO - DAG(s) 'example_bash_decorator' retrieved from /home/airflow/.local/lib/python3.12/site-packages/airflow/example_dags/example_bash_decorator.py
[2024-10-06T04:35:12.897+0000] {logging_mixin.py:190} INFO - [2024-10-06T04:35:12.897+0000] {dag.py:3239} INFO - Sync 1 DAGs
[2024-10-06T04:35:12.915+0000] {logging_mixin.py:190} INFO - [2024-10-06T04:35:12.915+0000] {dag.py:4180} INFO - Setting next_dagrun for example_bash_decorator to None, run_after=None
[2024-10-06T04:35:13.001+0000] {processor.py:208} INFO - Processing /home/airflow/.local/lib/python3.12/site-packages/airflow/example_dags/example_bash_decorator.py took 0.313 seconds
[2024-10-06T04:35:43.113+0000] {processor.py:186} INFO - Started process (PID=120) to work on /home/airflow/.local/lib/python3.12/site-packages/airflow/example_dags/example_bash_decorator.py
[2024-10-06T04:35:43.114+0000] {processor.py:914} INFO - Processing file /home/airflow/.local/lib/python3.12/site-packages/airflow/example_dags/example_bash_decorator.py for tasks to queue
[2024-10-06T04:35:43.118+0000] {logging_mixin.py:190} INFO - [2024-10-06T04:35:43.117+0000] {dagbag.py:588} INFO - Filling up the DagBag from /home/airflow/.local/lib/python3.12/site-packages/airflow/example_dags/example_bash_decorator.py
[2024-10-06T04:35:43.137+0000] {processor.py:925} INFO - DAG(s) 'example_bash_decorator' retrieved from /home/airflow/.local/lib/python3.12/site-packages/airflow/example_dags/example_bash_decorator.py
[2024-10-06T04:35:43.169+0000] {logging_mixin.py:190} INFO - [2024-10-06T04:35:43.169+0000] {dag.py:3239} INFO - Sync 1 DAGs
[2024-10-06T04:35:43.188+0000] {logging_mixin.py:190} INFO - [2024-10-06T04:35:43.187+0000] {dag.py:4180} INFO - Setting next_dagrun for example_bash_decorator to None, run_after=None
[2024-10-06T04:35:43.210+0000] {processor.py:208} INFO - Processing /home/airflow/.local/lib/python3.12/site-packages/airflow/example_dags/example_bash_decorator.py took 0.105 seconds
[2024-10-06T04:36:13.541+0000] {processor.py:186} INFO - Started process (PID=180) to work on /home/airflow/.local/lib/python3.12/site-packages/airflow/example_dags/example_bash_decorator.py
[2024-10-06T04:36:13.542+0000] {processor.py:914} INFO - Processing file /home/airflow/.local/lib/python3.12/site-packages/airflow/example_dags/example_bash_decorator.py for tasks to queue
[2024-10-06T04:36:13.547+0000] {logging_mixin.py:190} INFO - [2024-10-06T04:36:13.546+0000] {dagbag.py:588} INFO - Filling up the DagBag from /home/airflow/.local/lib/python3.12/site-packages/airflow/example_dags/example_bash_decorator.py
[2024-10-06T04:36:13.571+0000] {processor.py:925} INFO - DAG(s) 'example_bash_decorator' retrieved from /home/airflow/.local/lib/python3.12/site-packages/airflow/example_dags/example_bash_decorator.py
[2024-10-06T04:36:13.608+0000] {logging_mixin.py:190} INFO - [2024-10-06T04:36:13.608+0000] {dag.py:3239} INFO - Sync 1 DAGs
[2024-10-06T04:36:13.632+0000] {logging_mixin.py:190} INFO - [2024-10-06T04:36:13.632+0000] {dag.py:4180} INFO - Setting next_dagrun for example_bash_decorator to None, run_after=None
[2024-10-06T04:36:13.658+0000] {processor.py:208} INFO - Processing /home/airflow/.local/lib/python3.12/site-packages/airflow/example_dags/example_bash_decorator.py took 0.128 seconds
[2024-10-06T04:36:44.752+0000] {processor.py:186} INFO - Started process (PID=242) to work on /home/airflow/.local/lib/python3.12/site-packages/airflow/example_dags/example_bash_decorator.py
[2024-10-06T04:36:44.754+0000] {processor.py:914} INFO - Processing file /home/airflow/.local/lib/python3.12/site-packages/airflow/example_dags/example_bash_decorator.py for tasks to queue
[2024-10-06T04:36:44.758+0000] {logging_mixin.py:190} INFO - [2024-10-06T04:36:44.757+0000] {dagbag.py:588} INFO - Filling up the DagBag from /home/airflow/.local/lib/python3.12/site-packages/airflow/example_dags/example_bash_decorator.py
[2024-10-06T04:36:44.788+0000] {processor.py:925} INFO - DAG(s) 'example_bash_decorator' retrieved from /home/airflow/.local/lib/python3.12/site-packages/airflow/example_dags/example_bash_decorator.py
[2024-10-06T04:36:44.840+0000] {logging_mixin.py:190} INFO - [2024-10-06T04:36:44.840+0000] {dag.py:3239} INFO - Sync 1 DAGs
[2024-10-06T04:36:44.860+0000] {logging_mixin.py:190} INFO - [2024-10-06T04:36:44.860+0000] {dag.py:4180} INFO - Setting next_dagrun for example_bash_decorator to None, run_after=None
[2024-10-06T04:36:44.886+0000] {processor.py:208} INFO - Processing /home/airflow/.local/lib/python3.12/site-packages/airflow/example_dags/example_bash_decorator.py took 0.145 seconds
[2024-10-06T04:37:15.175+0000] {processor.py:186} INFO - Started process (PID=304) to work on /home/airflow/.local/lib/python3.12/site-packages/airflow/example_dags/example_bash_decorator.py
[2024-10-06T04:37:15.177+0000] {processor.py:914} INFO - Processing file /home/airflow/.local/lib/python3.12/site-packages/airflow/example_dags/example_bash_decorator.py for tasks to queue
[2024-10-06T04:37:15.180+0000] {logging_mixin.py:190} INFO - [2024-10-06T04:37:15.180+0000] {dagbag.py:588} INFO - Filling up the DagBag from /home/airflow/.local/lib/python3.12/site-packages/airflow/example_dags/example_bash_decorator.py
[2024-10-06T04:37:15.200+0000] {processor.py:925} INFO - DAG(s) 'example_bash_decorator' retrieved from /home/airflow/.local/lib/python3.12/site-packages/airflow/example_dags/example_bash_decorator.py
[2024-10-06T04:37:15.235+0000] {logging_mixin.py:190} INFO - [2024-10-06T04:37:15.235+0000] {dag.py:3239} INFO - Sync 1 DAGs
[2024-10-06T04:37:15.253+0000] {logging_mixin.py:190} INFO - [2024-10-06T04:37:15.253+0000] {dag.py:4180} INFO - Setting next_dagrun for example_bash_decorator to None, run_after=None
[2024-10-06T04:37:15.278+0000] {processor.py:208} INFO - Processing /home/airflow/.local/lib/python3.12/site-packages/airflow/example_dags/example_bash_decorator.py took 0.111 seconds
[2024-10-06T04:39:11.474+0000] {processor.py:186} INFO - Started process (PID=58) to work on /home/airflow/.local/lib/python3.12/site-packages/airflow/example_dags/example_bash_decorator.py
[2024-10-06T04:39:11.476+0000] {processor.py:914} INFO - Processing file /home/airflow/.local/lib/python3.12/site-packages/airflow/example_dags/example_bash_decorator.py for tasks to queue
[2024-10-06T04:39:11.479+0000] {logging_mixin.py:190} INFO - [2024-10-06T04:39:11.479+0000] {dagbag.py:588} INFO - Filling up the DagBag from /home/airflow/.local/lib/python3.12/site-packages/airflow/example_dags/example_bash_decorator.py
[2024-10-06T04:39:11.501+0000] {processor.py:925} INFO - DAG(s) 'example_bash_decorator' retrieved from /home/airflow/.local/lib/python3.12/site-packages/airflow/example_dags/example_bash_decorator.py
[2024-10-06T04:39:11.677+0000] {logging_mixin.py:190} INFO - [2024-10-06T04:39:11.676+0000] {override.py:1900} INFO - Created Permission View: can read on DAG:example_bash_decorator
[2024-10-06T04:39:11.689+0000] {logging_mixin.py:190} INFO - [2024-10-06T04:39:11.688+0000] {override.py:1900} INFO - Created Permission View: can edit on DAG:example_bash_decorator
[2024-10-06T04:39:11.695+0000] {logging_mixin.py:190} INFO - [2024-10-06T04:39:11.694+0000] {override.py:1900} INFO - Created Permission View: can delete on DAG:example_bash_decorator
[2024-10-06T04:39:11.704+0000] {logging_mixin.py:190} INFO - [2024-10-06T04:39:11.703+0000] {override.py:1900} INFO - Created Permission View: menu access on DAG Run:example_bash_decorator
[2024-10-06T04:39:11.715+0000] {logging_mixin.py:190} INFO - [2024-10-06T04:39:11.711+0000] {override.py:1900} INFO - Created Permission View: can read on DAG Run:example_bash_decorator
[2024-10-06T04:39:11.723+0000] {logging_mixin.py:190} INFO - [2024-10-06T04:39:11.723+0000] {override.py:1900} INFO - Created Permission View: can create on DAG Run:example_bash_decorator
[2024-10-06T04:39:11.731+0000] {logging_mixin.py:190} INFO - [2024-10-06T04:39:11.731+0000] {override.py:1900} INFO - Created Permission View: can delete on DAG Run:example_bash_decorator
[2024-10-06T04:39:11.732+0000] {logging_mixin.py:190} INFO - [2024-10-06T04:39:11.731+0000] {dag.py:3239} INFO - Sync 1 DAGs
[2024-10-06T04:39:11.752+0000] {logging_mixin.py:190} INFO - [2024-10-06T04:39:11.752+0000] {dag.py:3262} INFO - Creating ORM DAG for example_bash_decorator
[2024-10-06T04:39:11.754+0000] {logging_mixin.py:190} INFO - [2024-10-06T04:39:11.753+0000] {dag.py:4180} INFO - Setting next_dagrun for example_bash_decorator to None, run_after=None
[2024-10-06T04:39:11.777+0000] {processor.py:208} INFO - Processing /home/airflow/.local/lib/python3.12/site-packages/airflow/example_dags/example_bash_decorator.py took 0.310 seconds
[2024-10-06T04:39:42.237+0000] {processor.py:186} INFO - Started process (PID=120) to work on /home/airflow/.local/lib/python3.12/site-packages/airflow/example_dags/example_bash_decorator.py
[2024-10-06T04:39:42.238+0000] {processor.py:914} INFO - Processing file /home/airflow/.local/lib/python3.12/site-packages/airflow/example_dags/example_bash_decorator.py for tasks to queue
[2024-10-06T04:39:42.242+0000] {logging_mixin.py:190} INFO - [2024-10-06T04:39:42.241+0000] {dagbag.py:588} INFO - Filling up the DagBag from /home/airflow/.local/lib/python3.12/site-packages/airflow/example_dags/example_bash_decorator.py
[2024-10-06T04:39:42.269+0000] {processor.py:925} INFO - DAG(s) 'example_bash_decorator' retrieved from /home/airflow/.local/lib/python3.12/site-packages/airflow/example_dags/example_bash_decorator.py
[2024-10-06T04:39:42.299+0000] {logging_mixin.py:190} INFO - [2024-10-06T04:39:42.299+0000] {dag.py:3239} INFO - Sync 1 DAGs
[2024-10-06T04:39:42.316+0000] {logging_mixin.py:190} INFO - [2024-10-06T04:39:42.316+0000] {dag.py:4180} INFO - Setting next_dagrun for example_bash_decorator to None, run_after=None
[2024-10-06T04:39:42.339+0000] {processor.py:208} INFO - Processing /home/airflow/.local/lib/python3.12/site-packages/airflow/example_dags/example_bash_decorator.py took 0.113 seconds
[2024-10-06T04:40:12.445+0000] {processor.py:186} INFO - Started process (PID=183) to work on /home/airflow/.local/lib/python3.12/site-packages/airflow/example_dags/example_bash_decorator.py
[2024-10-06T04:40:12.447+0000] {processor.py:914} INFO - Processing file /home/airflow/.local/lib/python3.12/site-packages/airflow/example_dags/example_bash_decorator.py for tasks to queue
[2024-10-06T04:40:12.451+0000] {logging_mixin.py:190} INFO - [2024-10-06T04:40:12.450+0000] {dagbag.py:588} INFO - Filling up the DagBag from /home/airflow/.local/lib/python3.12/site-packages/airflow/example_dags/example_bash_decorator.py
[2024-10-06T04:40:12.478+0000] {processor.py:925} INFO - DAG(s) 'example_bash_decorator' retrieved from /home/airflow/.local/lib/python3.12/site-packages/airflow/example_dags/example_bash_decorator.py
[2024-10-06T04:40:12.515+0000] {logging_mixin.py:190} INFO - [2024-10-06T04:40:12.515+0000] {dag.py:3239} INFO - Sync 1 DAGs
[2024-10-06T04:40:12.536+0000] {logging_mixin.py:190} INFO - [2024-10-06T04:40:12.535+0000] {dag.py:4180} INFO - Setting next_dagrun for example_bash_decorator to None, run_after=None
[2024-10-06T04:40:12.560+0000] {processor.py:208} INFO - Processing /home/airflow/.local/lib/python3.12/site-packages/airflow/example_dags/example_bash_decorator.py took 0.125 seconds
[2024-10-06T04:40:43.142+0000] {processor.py:186} INFO - Started process (PID=245) to work on /home/airflow/.local/lib/python3.12/site-packages/airflow/example_dags/example_bash_decorator.py
[2024-10-06T04:40:43.145+0000] {processor.py:914} INFO - Processing file /home/airflow/.local/lib/python3.12/site-packages/airflow/example_dags/example_bash_decorator.py for tasks to queue
[2024-10-06T04:40:43.151+0000] {logging_mixin.py:190} INFO - [2024-10-06T04:40:43.150+0000] {dagbag.py:588} INFO - Filling up the DagBag from /home/airflow/.local/lib/python3.12/site-packages/airflow/example_dags/example_bash_decorator.py
[2024-10-06T04:40:43.174+0000] {processor.py:925} INFO - DAG(s) 'example_bash_decorator' retrieved from /home/airflow/.local/lib/python3.12/site-packages/airflow/example_dags/example_bash_decorator.py
[2024-10-06T04:40:43.213+0000] {logging_mixin.py:190} INFO - [2024-10-06T04:40:43.213+0000] {dag.py:3239} INFO - Sync 1 DAGs
[2024-10-06T04:40:43.234+0000] {logging_mixin.py:190} INFO - [2024-10-06T04:40:43.233+0000] {dag.py:4180} INFO - Setting next_dagrun for example_bash_decorator to None, run_after=None
[2024-10-06T04:40:43.256+0000] {processor.py:208} INFO - Processing /home/airflow/.local/lib/python3.12/site-packages/airflow/example_dags/example_bash_decorator.py took 0.123 seconds
[2024-10-06T04:41:14.261+0000] {processor.py:186} INFO - Started process (PID=306) to work on /home/airflow/.local/lib/python3.12/site-packages/airflow/example_dags/example_bash_decorator.py
[2024-10-06T04:41:14.263+0000] {processor.py:914} INFO - Processing file /home/airflow/.local/lib/python3.12/site-packages/airflow/example_dags/example_bash_decorator.py for tasks to queue
[2024-10-06T04:41:14.268+0000] {logging_mixin.py:190} INFO - [2024-10-06T04:41:14.267+0000] {dagbag.py:588} INFO - Filling up the DagBag from /home/airflow/.local/lib/python3.12/site-packages/airflow/example_dags/example_bash_decorator.py
[2024-10-06T04:41:14.292+0000] {processor.py:925} INFO - DAG(s) 'example_bash_decorator' retrieved from /home/airflow/.local/lib/python3.12/site-packages/airflow/example_dags/example_bash_decorator.py
[2024-10-06T04:41:14.328+0000] {logging_mixin.py:190} INFO - [2024-10-06T04:41:14.328+0000] {dag.py:3239} INFO - Sync 1 DAGs
[2024-10-06T04:41:14.347+0000] {logging_mixin.py:190} INFO - [2024-10-06T04:41:14.347+0000] {dag.py:4180} INFO - Setting next_dagrun for example_bash_decorator to None, run_after=None
[2024-10-06T04:41:14.380+0000] {processor.py:208} INFO - Processing /home/airflow/.local/lib/python3.12/site-packages/airflow/example_dags/example_bash_decorator.py took 0.130 seconds
[2024-10-06T04:41:44.629+0000] {processor.py:186} INFO - Started process (PID=368) to work on /home/airflow/.local/lib/python3.12/site-packages/airflow/example_dags/example_bash_decorator.py
[2024-10-06T04:41:44.640+0000] {processor.py:914} INFO - Processing file /home/airflow/.local/lib/python3.12/site-packages/airflow/example_dags/example_bash_decorator.py for tasks to queue
[2024-10-06T04:41:44.644+0000] {logging_mixin.py:190} INFO - [2024-10-06T04:41:44.643+0000] {dagbag.py:588} INFO - Filling up the DagBag from /home/airflow/.local/lib/python3.12/site-packages/airflow/example_dags/example_bash_decorator.py
[2024-10-06T04:41:44.694+0000] {processor.py:925} INFO - DAG(s) 'example_bash_decorator' retrieved from /home/airflow/.local/lib/python3.12/site-packages/airflow/example_dags/example_bash_decorator.py
[2024-10-06T04:41:44.731+0000] {logging_mixin.py:190} INFO - [2024-10-06T04:41:44.731+0000] {dag.py:3239} INFO - Sync 1 DAGs
[2024-10-06T04:41:44.749+0000] {logging_mixin.py:190} INFO - [2024-10-06T04:41:44.749+0000] {dag.py:4180} INFO - Setting next_dagrun for example_bash_decorator to None, run_after=None
[2024-10-06T04:41:44.776+0000] {processor.py:208} INFO - Processing /home/airflow/.local/lib/python3.12/site-packages/airflow/example_dags/example_bash_decorator.py took 0.189 seconds
[2024-10-06T04:42:15.444+0000] {processor.py:186} INFO - Started process (PID=430) to work on /home/airflow/.local/lib/python3.12/site-packages/airflow/example_dags/example_bash_decorator.py
[2024-10-06T04:42:15.446+0000] {processor.py:914} INFO - Processing file /home/airflow/.local/lib/python3.12/site-packages/airflow/example_dags/example_bash_decorator.py for tasks to queue
[2024-10-06T04:42:15.450+0000] {logging_mixin.py:190} INFO - [2024-10-06T04:42:15.450+0000] {dagbag.py:588} INFO - Filling up the DagBag from /home/airflow/.local/lib/python3.12/site-packages/airflow/example_dags/example_bash_decorator.py
[2024-10-06T04:42:15.492+0000] {processor.py:925} INFO - DAG(s) 'example_bash_decorator' retrieved from /home/airflow/.local/lib/python3.12/site-packages/airflow/example_dags/example_bash_decorator.py
[2024-10-06T04:42:15.523+0000] {logging_mixin.py:190} INFO - [2024-10-06T04:42:15.523+0000] {dag.py:3239} INFO - Sync 1 DAGs
[2024-10-06T04:42:15.547+0000] {logging_mixin.py:190} INFO - [2024-10-06T04:42:15.546+0000] {dag.py:4180} INFO - Setting next_dagrun for example_bash_decorator to None, run_after=None
[2024-10-06T04:42:15.570+0000] {processor.py:208} INFO - Processing /home/airflow/.local/lib/python3.12/site-packages/airflow/example_dags/example_bash_decorator.py took 0.137 seconds
[2024-10-06T04:42:46.140+0000] {processor.py:186} INFO - Started process (PID=492) to work on /home/airflow/.local/lib/python3.12/site-packages/airflow/example_dags/example_bash_decorator.py
[2024-10-06T04:42:46.141+0000] {processor.py:914} INFO - Processing file /home/airflow/.local/lib/python3.12/site-packages/airflow/example_dags/example_bash_decorator.py for tasks to queue
[2024-10-06T04:42:46.146+0000] {logging_mixin.py:190} INFO - [2024-10-06T04:42:46.145+0000] {dagbag.py:588} INFO - Filling up the DagBag from /home/airflow/.local/lib/python3.12/site-packages/airflow/example_dags/example_bash_decorator.py
[2024-10-06T04:42:46.170+0000] {processor.py:925} INFO - DAG(s) 'example_bash_decorator' retrieved from /home/airflow/.local/lib/python3.12/site-packages/airflow/example_dags/example_bash_decorator.py
[2024-10-06T04:42:46.232+0000] {logging_mixin.py:190} INFO - [2024-10-06T04:42:46.231+0000] {dag.py:3239} INFO - Sync 1 DAGs
[2024-10-06T04:42:46.261+0000] {logging_mixin.py:190} INFO - [2024-10-06T04:42:46.260+0000] {dag.py:4180} INFO - Setting next_dagrun for example_bash_decorator to None, run_after=None
[2024-10-06T04:42:46.295+0000] {processor.py:208} INFO - Processing /home/airflow/.local/lib/python3.12/site-packages/airflow/example_dags/example_bash_decorator.py took 0.165 seconds
[2024-10-06T04:45:43.211+0000] {processor.py:186} INFO - Started process (PID=52) to work on /home/airflow/.local/lib/python3.12/site-packages/airflow/example_dags/example_bash_decorator.py
[2024-10-06T04:45:43.212+0000] {processor.py:914} INFO - Processing file /home/airflow/.local/lib/python3.12/site-packages/airflow/example_dags/example_bash_decorator.py for tasks to queue
[2024-10-06T04:45:43.225+0000] {logging_mixin.py:190} INFO - [2024-10-06T04:45:43.224+0000] {dagbag.py:588} INFO - Filling up the DagBag from /home/airflow/.local/lib/python3.12/site-packages/airflow/example_dags/example_bash_decorator.py
[2024-10-06T04:45:43.251+0000] {processor.py:925} INFO - DAG(s) 'example_bash_decorator' retrieved from /home/airflow/.local/lib/python3.12/site-packages/airflow/example_dags/example_bash_decorator.py
[2024-10-06T04:45:43.459+0000] {logging_mixin.py:190} INFO - [2024-10-06T04:45:43.458+0000] {dag.py:3239} INFO - Sync 1 DAGs
[2024-10-06T04:45:43.474+0000] {logging_mixin.py:190} INFO - [2024-10-06T04:45:43.474+0000] {dag.py:4180} INFO - Setting next_dagrun for example_bash_decorator to None, run_after=None
[2024-10-06T04:45:43.504+0000] {processor.py:208} INFO - Processing /home/airflow/.local/lib/python3.12/site-packages/airflow/example_dags/example_bash_decorator.py took 0.310 seconds
[2024-10-06T04:46:13.567+0000] {processor.py:186} INFO - Started process (PID=115) to work on /home/airflow/.local/lib/python3.12/site-packages/airflow/example_dags/example_bash_decorator.py
[2024-10-06T04:46:13.568+0000] {processor.py:914} INFO - Processing file /home/airflow/.local/lib/python3.12/site-packages/airflow/example_dags/example_bash_decorator.py for tasks to queue
[2024-10-06T04:46:13.571+0000] {logging_mixin.py:190} INFO - [2024-10-06T04:46:13.571+0000] {dagbag.py:588} INFO - Filling up the DagBag from /home/airflow/.local/lib/python3.12/site-packages/airflow/example_dags/example_bash_decorator.py
[2024-10-06T04:46:13.591+0000] {processor.py:925} INFO - DAG(s) 'example_bash_decorator' retrieved from /home/airflow/.local/lib/python3.12/site-packages/airflow/example_dags/example_bash_decorator.py
[2024-10-06T04:46:13.622+0000] {logging_mixin.py:190} INFO - [2024-10-06T04:46:13.622+0000] {dag.py:3239} INFO - Sync 1 DAGs
[2024-10-06T04:46:13.643+0000] {logging_mixin.py:190} INFO - [2024-10-06T04:46:13.642+0000] {dag.py:4180} INFO - Setting next_dagrun for example_bash_decorator to None, run_after=None
[2024-10-06T04:46:13.668+0000] {processor.py:208} INFO - Processing /home/airflow/.local/lib/python3.12/site-packages/airflow/example_dags/example_bash_decorator.py took 0.109 seconds
