[2024-10-06T04:18:54.958+0000] {processor.py:186} INFO - Started process (PID=45) to work on /home/airflow/.local/lib/python3.12/site-packages/airflow/example_dags/example_nested_branch_dag.py
[2024-10-06T04:18:54.959+0000] {processor.py:914} INFO - Processing file /home/airflow/.local/lib/python3.12/site-packages/airflow/example_dags/example_nested_branch_dag.py for tasks to queue
[2024-10-06T04:18:54.962+0000] {logging_mixin.py:190} INFO - [2024-10-06T04:18:54.961+0000] {dagbag.py:588} INFO - Filling up the DagBag from /home/airflow/.local/lib/python3.12/site-packages/airflow/example_dags/example_nested_branch_dag.py
[2024-10-06T04:18:54.994+0000] {processor.py:925} INFO - DAG(s) 'example_nested_branch_dag' retrieved from /home/airflow/.local/lib/python3.12/site-packages/airflow/example_dags/example_nested_branch_dag.py
[2024-10-06T04:18:55.182+0000] {logging_mixin.py:190} INFO - [2024-10-06T04:18:55.181+0000] {override.py:1900} INFO - Created Permission View: can edit on DAG:example_nested_branch_dag
[2024-10-06T04:18:55.212+0000] {logging_mixin.py:190} INFO - [2024-10-06T04:18:55.211+0000] {override.py:1900} INFO - Created Permission View: can delete on DAG:example_nested_branch_dag
[2024-10-06T04:18:55.220+0000] {logging_mixin.py:190} INFO - [2024-10-06T04:18:55.220+0000] {override.py:1900} INFO - Created Permission View: can read on DAG:example_nested_branch_dag
[2024-10-06T04:18:55.240+0000] {logging_mixin.py:190} INFO - [2024-10-06T04:18:55.239+0000] {override.py:1900} INFO - Created Permission View: can create on DAG Run:example_nested_branch_dag
[2024-10-06T04:18:55.247+0000] {logging_mixin.py:190} INFO - [2024-10-06T04:18:55.246+0000] {override.py:1900} INFO - Created Permission View: menu access on DAG Run:example_nested_branch_dag
[2024-10-06T04:18:55.270+0000] {logging_mixin.py:190} INFO - [2024-10-06T04:18:55.269+0000] {override.py:1900} INFO - Created Permission View: can read on DAG Run:example_nested_branch_dag
[2024-10-06T04:18:55.289+0000] {logging_mixin.py:190} INFO - [2024-10-06T04:18:55.289+0000] {override.py:1900} INFO - Created Permission View: can delete on DAG Run:example_nested_branch_dag
[2024-10-06T04:18:55.290+0000] {logging_mixin.py:190} INFO - [2024-10-06T04:18:55.290+0000] {dag.py:3239} INFO - Sync 1 DAGs
[2024-10-06T04:18:55.310+0000] {logging_mixin.py:190} INFO - [2024-10-06T04:18:55.310+0000] {dag.py:3262} INFO - Creating ORM DAG for example_nested_branch_dag
[2024-10-06T04:18:55.328+0000] {logging_mixin.py:190} INFO - [2024-10-06T04:18:55.328+0000] {dag.py:4180} INFO - Setting next_dagrun for example_nested_branch_dag to 2024-10-05 00:00:00+00:00, run_after=2024-10-06 00:00:00+00:00
[2024-10-06T04:18:55.381+0000] {processor.py:208} INFO - Processing /home/airflow/.local/lib/python3.12/site-packages/airflow/example_dags/example_nested_branch_dag.py took 0.431 seconds
[2024-10-06T04:19:47.470+0000] {processor.py:186} INFO - Started process (PID=113) to work on /home/airflow/.local/lib/python3.12/site-packages/airflow/example_dags/example_nested_branch_dag.py
[2024-10-06T04:19:47.472+0000] {processor.py:914} INFO - Processing file /home/airflow/.local/lib/python3.12/site-packages/airflow/example_dags/example_nested_branch_dag.py for tasks to queue
[2024-10-06T04:19:47.479+0000] {logging_mixin.py:190} INFO - [2024-10-06T04:19:47.478+0000] {dagbag.py:588} INFO - Filling up the DagBag from /home/airflow/.local/lib/python3.12/site-packages/airflow/example_dags/example_nested_branch_dag.py
[2024-10-06T04:19:47.505+0000] {processor.py:925} INFO - DAG(s) 'example_nested_branch_dag' retrieved from /home/airflow/.local/lib/python3.12/site-packages/airflow/example_dags/example_nested_branch_dag.py
[2024-10-06T04:19:47.552+0000] {logging_mixin.py:190} INFO - [2024-10-06T04:19:47.551+0000] {dag.py:3239} INFO - Sync 1 DAGs
[2024-10-06T04:19:47.607+0000] {logging_mixin.py:190} INFO - [2024-10-06T04:19:47.606+0000] {dag.py:4180} INFO - Setting next_dagrun for example_nested_branch_dag to 2024-10-05 00:00:00+00:00, run_after=2024-10-06 00:00:00+00:00
[2024-10-06T04:19:47.679+0000] {processor.py:208} INFO - Processing /home/airflow/.local/lib/python3.12/site-packages/airflow/example_dags/example_nested_branch_dag.py took 0.224 seconds
[2024-10-06T04:20:18.395+0000] {processor.py:186} INFO - Started process (PID=175) to work on /home/airflow/.local/lib/python3.12/site-packages/airflow/example_dags/example_nested_branch_dag.py
[2024-10-06T04:20:18.396+0000] {processor.py:914} INFO - Processing file /home/airflow/.local/lib/python3.12/site-packages/airflow/example_dags/example_nested_branch_dag.py for tasks to queue
[2024-10-06T04:20:18.400+0000] {logging_mixin.py:190} INFO - [2024-10-06T04:20:18.399+0000] {dagbag.py:588} INFO - Filling up the DagBag from /home/airflow/.local/lib/python3.12/site-packages/airflow/example_dags/example_nested_branch_dag.py
[2024-10-06T04:20:18.416+0000] {processor.py:925} INFO - DAG(s) 'example_nested_branch_dag' retrieved from /home/airflow/.local/lib/python3.12/site-packages/airflow/example_dags/example_nested_branch_dag.py
[2024-10-06T04:20:18.450+0000] {logging_mixin.py:190} INFO - [2024-10-06T04:20:18.449+0000] {dag.py:3239} INFO - Sync 1 DAGs
[2024-10-06T04:20:18.483+0000] {logging_mixin.py:190} INFO - [2024-10-06T04:20:18.482+0000] {dag.py:4180} INFO - Setting next_dagrun for example_nested_branch_dag to 2024-10-05 00:00:00+00:00, run_after=2024-10-06 00:00:00+00:00
[2024-10-06T04:20:18.508+0000] {processor.py:208} INFO - Processing /home/airflow/.local/lib/python3.12/site-packages/airflow/example_dags/example_nested_branch_dag.py took 0.122 seconds
[2024-10-06T04:20:48.966+0000] {processor.py:186} INFO - Started process (PID=238) to work on /home/airflow/.local/lib/python3.12/site-packages/airflow/example_dags/example_nested_branch_dag.py
[2024-10-06T04:20:48.973+0000] {processor.py:914} INFO - Processing file /home/airflow/.local/lib/python3.12/site-packages/airflow/example_dags/example_nested_branch_dag.py for tasks to queue
[2024-10-06T04:20:48.982+0000] {logging_mixin.py:190} INFO - [2024-10-06T04:20:48.980+0000] {dagbag.py:588} INFO - Filling up the DagBag from /home/airflow/.local/lib/python3.12/site-packages/airflow/example_dags/example_nested_branch_dag.py
[2024-10-06T04:20:49.018+0000] {processor.py:925} INFO - DAG(s) 'example_nested_branch_dag' retrieved from /home/airflow/.local/lib/python3.12/site-packages/airflow/example_dags/example_nested_branch_dag.py
[2024-10-06T04:20:49.063+0000] {logging_mixin.py:190} INFO - [2024-10-06T04:20:49.062+0000] {dag.py:3239} INFO - Sync 1 DAGs
[2024-10-06T04:20:49.094+0000] {logging_mixin.py:190} INFO - [2024-10-06T04:20:49.094+0000] {dag.py:4180} INFO - Setting next_dagrun for example_nested_branch_dag to 2024-10-05 00:00:00+00:00, run_after=2024-10-06 00:00:00+00:00
[2024-10-06T04:20:49.116+0000] {processor.py:208} INFO - Processing /home/airflow/.local/lib/python3.12/site-packages/airflow/example_dags/example_nested_branch_dag.py took 0.160 seconds
[2024-10-06T04:21:19.657+0000] {processor.py:186} INFO - Started process (PID=300) to work on /home/airflow/.local/lib/python3.12/site-packages/airflow/example_dags/example_nested_branch_dag.py
[2024-10-06T04:21:19.659+0000] {processor.py:914} INFO - Processing file /home/airflow/.local/lib/python3.12/site-packages/airflow/example_dags/example_nested_branch_dag.py for tasks to queue
[2024-10-06T04:21:19.664+0000] {logging_mixin.py:190} INFO - [2024-10-06T04:21:19.663+0000] {dagbag.py:588} INFO - Filling up the DagBag from /home/airflow/.local/lib/python3.12/site-packages/airflow/example_dags/example_nested_branch_dag.py
[2024-10-06T04:21:19.681+0000] {processor.py:925} INFO - DAG(s) 'example_nested_branch_dag' retrieved from /home/airflow/.local/lib/python3.12/site-packages/airflow/example_dags/example_nested_branch_dag.py
[2024-10-06T04:21:19.714+0000] {logging_mixin.py:190} INFO - [2024-10-06T04:21:19.713+0000] {dag.py:3239} INFO - Sync 1 DAGs
[2024-10-06T04:21:19.750+0000] {logging_mixin.py:190} INFO - [2024-10-06T04:21:19.750+0000] {dag.py:4180} INFO - Setting next_dagrun for example_nested_branch_dag to 2024-10-05 00:00:00+00:00, run_after=2024-10-06 00:00:00+00:00
[2024-10-06T04:21:19.780+0000] {processor.py:208} INFO - Processing /home/airflow/.local/lib/python3.12/site-packages/airflow/example_dags/example_nested_branch_dag.py took 0.132 seconds
[2024-10-06T04:21:50.123+0000] {processor.py:186} INFO - Started process (PID=361) to work on /home/airflow/.local/lib/python3.12/site-packages/airflow/example_dags/example_nested_branch_dag.py
[2024-10-06T04:21:50.126+0000] {processor.py:914} INFO - Processing file /home/airflow/.local/lib/python3.12/site-packages/airflow/example_dags/example_nested_branch_dag.py for tasks to queue
[2024-10-06T04:21:50.134+0000] {logging_mixin.py:190} INFO - [2024-10-06T04:21:50.133+0000] {dagbag.py:588} INFO - Filling up the DagBag from /home/airflow/.local/lib/python3.12/site-packages/airflow/example_dags/example_nested_branch_dag.py
[2024-10-06T04:21:50.163+0000] {processor.py:925} INFO - DAG(s) 'example_nested_branch_dag' retrieved from /home/airflow/.local/lib/python3.12/site-packages/airflow/example_dags/example_nested_branch_dag.py
[2024-10-06T04:21:50.199+0000] {logging_mixin.py:190} INFO - [2024-10-06T04:21:50.198+0000] {dag.py:3239} INFO - Sync 1 DAGs
[2024-10-06T04:21:50.252+0000] {logging_mixin.py:190} INFO - [2024-10-06T04:21:50.250+0000] {dag.py:4180} INFO - Setting next_dagrun for example_nested_branch_dag to 2024-10-05 00:00:00+00:00, run_after=2024-10-06 00:00:00+00:00
[2024-10-06T04:21:50.288+0000] {processor.py:208} INFO - Processing /home/airflow/.local/lib/python3.12/site-packages/airflow/example_dags/example_nested_branch_dag.py took 0.179 seconds
[2024-10-06T04:22:20.460+0000] {processor.py:186} INFO - Started process (PID=424) to work on /home/airflow/.local/lib/python3.12/site-packages/airflow/example_dags/example_nested_branch_dag.py
[2024-10-06T04:22:20.462+0000] {processor.py:914} INFO - Processing file /home/airflow/.local/lib/python3.12/site-packages/airflow/example_dags/example_nested_branch_dag.py for tasks to queue
[2024-10-06T04:22:20.467+0000] {logging_mixin.py:190} INFO - [2024-10-06T04:22:20.466+0000] {dagbag.py:588} INFO - Filling up the DagBag from /home/airflow/.local/lib/python3.12/site-packages/airflow/example_dags/example_nested_branch_dag.py
[2024-10-06T04:22:20.486+0000] {processor.py:925} INFO - DAG(s) 'example_nested_branch_dag' retrieved from /home/airflow/.local/lib/python3.12/site-packages/airflow/example_dags/example_nested_branch_dag.py
[2024-10-06T04:22:20.518+0000] {logging_mixin.py:190} INFO - [2024-10-06T04:22:20.517+0000] {dag.py:3239} INFO - Sync 1 DAGs
[2024-10-06T04:22:20.557+0000] {logging_mixin.py:190} INFO - [2024-10-06T04:22:20.556+0000] {dag.py:4180} INFO - Setting next_dagrun for example_nested_branch_dag to 2024-10-05 00:00:00+00:00, run_after=2024-10-06 00:00:00+00:00
[2024-10-06T04:22:20.581+0000] {processor.py:208} INFO - Processing /home/airflow/.local/lib/python3.12/site-packages/airflow/example_dags/example_nested_branch_dag.py took 0.132 seconds
[2024-10-06T04:22:51.183+0000] {processor.py:186} INFO - Started process (PID=487) to work on /home/airflow/.local/lib/python3.12/site-packages/airflow/example_dags/example_nested_branch_dag.py
[2024-10-06T04:22:51.184+0000] {processor.py:914} INFO - Processing file /home/airflow/.local/lib/python3.12/site-packages/airflow/example_dags/example_nested_branch_dag.py for tasks to queue
[2024-10-06T04:22:51.188+0000] {logging_mixin.py:190} INFO - [2024-10-06T04:22:51.187+0000] {dagbag.py:588} INFO - Filling up the DagBag from /home/airflow/.local/lib/python3.12/site-packages/airflow/example_dags/example_nested_branch_dag.py
[2024-10-06T04:22:51.205+0000] {processor.py:925} INFO - DAG(s) 'example_nested_branch_dag' retrieved from /home/airflow/.local/lib/python3.12/site-packages/airflow/example_dags/example_nested_branch_dag.py
[2024-10-06T04:22:51.233+0000] {logging_mixin.py:190} INFO - [2024-10-06T04:22:51.232+0000] {dag.py:3239} INFO - Sync 1 DAGs
[2024-10-06T04:22:51.264+0000] {logging_mixin.py:190} INFO - [2024-10-06T04:22:51.264+0000] {dag.py:4180} INFO - Setting next_dagrun for example_nested_branch_dag to 2024-10-05 00:00:00+00:00, run_after=2024-10-06 00:00:00+00:00
[2024-10-06T04:22:51.287+0000] {processor.py:208} INFO - Processing /home/airflow/.local/lib/python3.12/site-packages/airflow/example_dags/example_nested_branch_dag.py took 0.112 seconds
[2024-10-06T04:23:21.780+0000] {processor.py:186} INFO - Started process (PID=549) to work on /home/airflow/.local/lib/python3.12/site-packages/airflow/example_dags/example_nested_branch_dag.py
[2024-10-06T04:23:21.781+0000] {processor.py:914} INFO - Processing file /home/airflow/.local/lib/python3.12/site-packages/airflow/example_dags/example_nested_branch_dag.py for tasks to queue
[2024-10-06T04:23:21.785+0000] {logging_mixin.py:190} INFO - [2024-10-06T04:23:21.784+0000] {dagbag.py:588} INFO - Filling up the DagBag from /home/airflow/.local/lib/python3.12/site-packages/airflow/example_dags/example_nested_branch_dag.py
[2024-10-06T04:23:21.801+0000] {processor.py:925} INFO - DAG(s) 'example_nested_branch_dag' retrieved from /home/airflow/.local/lib/python3.12/site-packages/airflow/example_dags/example_nested_branch_dag.py
[2024-10-06T04:23:21.834+0000] {logging_mixin.py:190} INFO - [2024-10-06T04:23:21.834+0000] {dag.py:3239} INFO - Sync 1 DAGs
[2024-10-06T04:23:21.869+0000] {logging_mixin.py:190} INFO - [2024-10-06T04:23:21.868+0000] {dag.py:4180} INFO - Setting next_dagrun for example_nested_branch_dag to 2024-10-05 00:00:00+00:00, run_after=2024-10-06 00:00:00+00:00
[2024-10-06T04:23:21.894+0000] {processor.py:208} INFO - Processing /home/airflow/.local/lib/python3.12/site-packages/airflow/example_dags/example_nested_branch_dag.py took 0.123 seconds
[2024-10-06T04:23:52.428+0000] {processor.py:186} INFO - Started process (PID=610) to work on /home/airflow/.local/lib/python3.12/site-packages/airflow/example_dags/example_nested_branch_dag.py
[2024-10-06T04:23:52.430+0000] {processor.py:914} INFO - Processing file /home/airflow/.local/lib/python3.12/site-packages/airflow/example_dags/example_nested_branch_dag.py for tasks to queue
[2024-10-06T04:23:52.435+0000] {logging_mixin.py:190} INFO - [2024-10-06T04:23:52.434+0000] {dagbag.py:588} INFO - Filling up the DagBag from /home/airflow/.local/lib/python3.12/site-packages/airflow/example_dags/example_nested_branch_dag.py
[2024-10-06T04:23:52.456+0000] {processor.py:925} INFO - DAG(s) 'example_nested_branch_dag' retrieved from /home/airflow/.local/lib/python3.12/site-packages/airflow/example_dags/example_nested_branch_dag.py
[2024-10-06T04:23:52.493+0000] {logging_mixin.py:190} INFO - [2024-10-06T04:23:52.493+0000] {dag.py:3239} INFO - Sync 1 DAGs
[2024-10-06T04:23:52.535+0000] {logging_mixin.py:190} INFO - [2024-10-06T04:23:52.534+0000] {dag.py:4180} INFO - Setting next_dagrun for example_nested_branch_dag to 2024-10-05 00:00:00+00:00, run_after=2024-10-06 00:00:00+00:00
[2024-10-06T04:23:52.562+0000] {processor.py:208} INFO - Processing /home/airflow/.local/lib/python3.12/site-packages/airflow/example_dags/example_nested_branch_dag.py took 0.147 seconds
[2024-10-06T04:24:22.746+0000] {processor.py:186} INFO - Started process (PID=671) to work on /home/airflow/.local/lib/python3.12/site-packages/airflow/example_dags/example_nested_branch_dag.py
[2024-10-06T04:24:22.747+0000] {processor.py:914} INFO - Processing file /home/airflow/.local/lib/python3.12/site-packages/airflow/example_dags/example_nested_branch_dag.py for tasks to queue
[2024-10-06T04:24:22.752+0000] {logging_mixin.py:190} INFO - [2024-10-06T04:24:22.751+0000] {dagbag.py:588} INFO - Filling up the DagBag from /home/airflow/.local/lib/python3.12/site-packages/airflow/example_dags/example_nested_branch_dag.py
[2024-10-06T04:24:22.767+0000] {processor.py:925} INFO - DAG(s) 'example_nested_branch_dag' retrieved from /home/airflow/.local/lib/python3.12/site-packages/airflow/example_dags/example_nested_branch_dag.py
[2024-10-06T04:24:22.802+0000] {logging_mixin.py:190} INFO - [2024-10-06T04:24:22.802+0000] {dag.py:3239} INFO - Sync 1 DAGs
[2024-10-06T04:24:22.843+0000] {logging_mixin.py:190} INFO - [2024-10-06T04:24:22.842+0000] {dag.py:4180} INFO - Setting next_dagrun for example_nested_branch_dag to 2024-10-05 00:00:00+00:00, run_after=2024-10-06 00:00:00+00:00
[2024-10-06T04:24:22.868+0000] {processor.py:208} INFO - Processing /home/airflow/.local/lib/python3.12/site-packages/airflow/example_dags/example_nested_branch_dag.py took 0.134 seconds
[2024-10-06T04:24:53.832+0000] {processor.py:186} INFO - Started process (PID=733) to work on /home/airflow/.local/lib/python3.12/site-packages/airflow/example_dags/example_nested_branch_dag.py
[2024-10-06T04:24:53.835+0000] {processor.py:914} INFO - Processing file /home/airflow/.local/lib/python3.12/site-packages/airflow/example_dags/example_nested_branch_dag.py for tasks to queue
[2024-10-06T04:24:53.841+0000] {logging_mixin.py:190} INFO - [2024-10-06T04:24:53.840+0000] {dagbag.py:588} INFO - Filling up the DagBag from /home/airflow/.local/lib/python3.12/site-packages/airflow/example_dags/example_nested_branch_dag.py
[2024-10-06T04:24:53.868+0000] {processor.py:925} INFO - DAG(s) 'example_nested_branch_dag' retrieved from /home/airflow/.local/lib/python3.12/site-packages/airflow/example_dags/example_nested_branch_dag.py
[2024-10-06T04:24:53.908+0000] {logging_mixin.py:190} INFO - [2024-10-06T04:24:53.907+0000] {dag.py:3239} INFO - Sync 1 DAGs
[2024-10-06T04:24:53.950+0000] {logging_mixin.py:190} INFO - [2024-10-06T04:24:53.949+0000] {dag.py:4180} INFO - Setting next_dagrun for example_nested_branch_dag to 2024-10-05 00:00:00+00:00, run_after=2024-10-06 00:00:00+00:00
[2024-10-06T04:24:54.004+0000] {processor.py:208} INFO - Processing /home/airflow/.local/lib/python3.12/site-packages/airflow/example_dags/example_nested_branch_dag.py took 0.187 seconds
[2024-10-06T04:25:24.483+0000] {processor.py:186} INFO - Started process (PID=796) to work on /home/airflow/.local/lib/python3.12/site-packages/airflow/example_dags/example_nested_branch_dag.py
[2024-10-06T04:25:24.485+0000] {processor.py:914} INFO - Processing file /home/airflow/.local/lib/python3.12/site-packages/airflow/example_dags/example_nested_branch_dag.py for tasks to queue
[2024-10-06T04:25:24.489+0000] {logging_mixin.py:190} INFO - [2024-10-06T04:25:24.489+0000] {dagbag.py:588} INFO - Filling up the DagBag from /home/airflow/.local/lib/python3.12/site-packages/airflow/example_dags/example_nested_branch_dag.py
[2024-10-06T04:25:24.512+0000] {processor.py:925} INFO - DAG(s) 'example_nested_branch_dag' retrieved from /home/airflow/.local/lib/python3.12/site-packages/airflow/example_dags/example_nested_branch_dag.py
[2024-10-06T04:25:24.546+0000] {logging_mixin.py:190} INFO - [2024-10-06T04:25:24.545+0000] {dag.py:3239} INFO - Sync 1 DAGs
[2024-10-06T04:25:24.589+0000] {logging_mixin.py:190} INFO - [2024-10-06T04:25:24.588+0000] {dag.py:4180} INFO - Setting next_dagrun for example_nested_branch_dag to 2024-10-05 00:00:00+00:00, run_after=2024-10-06 00:00:00+00:00
[2024-10-06T04:25:24.620+0000] {processor.py:208} INFO - Processing /home/airflow/.local/lib/python3.12/site-packages/airflow/example_dags/example_nested_branch_dag.py took 0.146 seconds
[2024-10-06T04:25:54.946+0000] {processor.py:186} INFO - Started process (PID=858) to work on /home/airflow/.local/lib/python3.12/site-packages/airflow/example_dags/example_nested_branch_dag.py
[2024-10-06T04:25:54.949+0000] {processor.py:914} INFO - Processing file /home/airflow/.local/lib/python3.12/site-packages/airflow/example_dags/example_nested_branch_dag.py for tasks to queue
[2024-10-06T04:25:54.954+0000] {logging_mixin.py:190} INFO - [2024-10-06T04:25:54.953+0000] {dagbag.py:588} INFO - Filling up the DagBag from /home/airflow/.local/lib/python3.12/site-packages/airflow/example_dags/example_nested_branch_dag.py
[2024-10-06T04:25:54.987+0000] {processor.py:925} INFO - DAG(s) 'example_nested_branch_dag' retrieved from /home/airflow/.local/lib/python3.12/site-packages/airflow/example_dags/example_nested_branch_dag.py
[2024-10-06T04:25:55.029+0000] {logging_mixin.py:190} INFO - [2024-10-06T04:25:55.028+0000] {dag.py:3239} INFO - Sync 1 DAGs
[2024-10-06T04:25:55.076+0000] {logging_mixin.py:190} INFO - [2024-10-06T04:25:55.076+0000] {dag.py:4180} INFO - Setting next_dagrun for example_nested_branch_dag to 2024-10-05 00:00:00+00:00, run_after=2024-10-06 00:00:00+00:00
[2024-10-06T04:25:55.108+0000] {processor.py:208} INFO - Processing /home/airflow/.local/lib/python3.12/site-packages/airflow/example_dags/example_nested_branch_dag.py took 0.178 seconds
[2024-10-06T04:26:25.216+0000] {processor.py:186} INFO - Started process (PID=920) to work on /home/airflow/.local/lib/python3.12/site-packages/airflow/example_dags/example_nested_branch_dag.py
[2024-10-06T04:26:25.217+0000] {processor.py:914} INFO - Processing file /home/airflow/.local/lib/python3.12/site-packages/airflow/example_dags/example_nested_branch_dag.py for tasks to queue
[2024-10-06T04:26:25.221+0000] {logging_mixin.py:190} INFO - [2024-10-06T04:26:25.221+0000] {dagbag.py:588} INFO - Filling up the DagBag from /home/airflow/.local/lib/python3.12/site-packages/airflow/example_dags/example_nested_branch_dag.py
[2024-10-06T04:26:25.239+0000] {processor.py:925} INFO - DAG(s) 'example_nested_branch_dag' retrieved from /home/airflow/.local/lib/python3.12/site-packages/airflow/example_dags/example_nested_branch_dag.py
[2024-10-06T04:26:25.271+0000] {logging_mixin.py:190} INFO - [2024-10-06T04:26:25.271+0000] {dag.py:3239} INFO - Sync 1 DAGs
[2024-10-06T04:26:25.306+0000] {logging_mixin.py:190} INFO - [2024-10-06T04:26:25.306+0000] {dag.py:4180} INFO - Setting next_dagrun for example_nested_branch_dag to 2024-10-05 00:00:00+00:00, run_after=2024-10-06 00:00:00+00:00
[2024-10-06T04:26:25.331+0000] {processor.py:208} INFO - Processing /home/airflow/.local/lib/python3.12/site-packages/airflow/example_dags/example_nested_branch_dag.py took 0.125 seconds
[2024-10-06T04:26:55.418+0000] {processor.py:186} INFO - Started process (PID=981) to work on /home/airflow/.local/lib/python3.12/site-packages/airflow/example_dags/example_nested_branch_dag.py
[2024-10-06T04:26:55.420+0000] {processor.py:914} INFO - Processing file /home/airflow/.local/lib/python3.12/site-packages/airflow/example_dags/example_nested_branch_dag.py for tasks to queue
[2024-10-06T04:26:55.424+0000] {logging_mixin.py:190} INFO - [2024-10-06T04:26:55.424+0000] {dagbag.py:588} INFO - Filling up the DagBag from /home/airflow/.local/lib/python3.12/site-packages/airflow/example_dags/example_nested_branch_dag.py
[2024-10-06T04:26:55.440+0000] {processor.py:925} INFO - DAG(s) 'example_nested_branch_dag' retrieved from /home/airflow/.local/lib/python3.12/site-packages/airflow/example_dags/example_nested_branch_dag.py
[2024-10-06T04:26:55.469+0000] {logging_mixin.py:190} INFO - [2024-10-06T04:26:55.469+0000] {dag.py:3239} INFO - Sync 1 DAGs
[2024-10-06T04:26:55.503+0000] {logging_mixin.py:190} INFO - [2024-10-06T04:26:55.502+0000] {dag.py:4180} INFO - Setting next_dagrun for example_nested_branch_dag to 2024-10-05 00:00:00+00:00, run_after=2024-10-06 00:00:00+00:00
[2024-10-06T04:26:55.529+0000] {processor.py:208} INFO - Processing /home/airflow/.local/lib/python3.12/site-packages/airflow/example_dags/example_nested_branch_dag.py took 0.119 seconds
[2024-10-06T04:27:25.666+0000] {processor.py:186} INFO - Started process (PID=1043) to work on /home/airflow/.local/lib/python3.12/site-packages/airflow/example_dags/example_nested_branch_dag.py
[2024-10-06T04:27:25.668+0000] {processor.py:914} INFO - Processing file /home/airflow/.local/lib/python3.12/site-packages/airflow/example_dags/example_nested_branch_dag.py for tasks to queue
[2024-10-06T04:27:25.673+0000] {logging_mixin.py:190} INFO - [2024-10-06T04:27:25.672+0000] {dagbag.py:588} INFO - Filling up the DagBag from /home/airflow/.local/lib/python3.12/site-packages/airflow/example_dags/example_nested_branch_dag.py
[2024-10-06T04:27:25.694+0000] {processor.py:925} INFO - DAG(s) 'example_nested_branch_dag' retrieved from /home/airflow/.local/lib/python3.12/site-packages/airflow/example_dags/example_nested_branch_dag.py
[2024-10-06T04:27:25.728+0000] {logging_mixin.py:190} INFO - [2024-10-06T04:27:25.727+0000] {dag.py:3239} INFO - Sync 1 DAGs
[2024-10-06T04:27:25.762+0000] {logging_mixin.py:190} INFO - [2024-10-06T04:27:25.762+0000] {dag.py:4180} INFO - Setting next_dagrun for example_nested_branch_dag to 2024-10-05 00:00:00+00:00, run_after=2024-10-06 00:00:00+00:00
[2024-10-06T04:27:25.786+0000] {processor.py:208} INFO - Processing /home/airflow/.local/lib/python3.12/site-packages/airflow/example_dags/example_nested_branch_dag.py took 0.130 seconds
[2024-10-06T04:27:55.998+0000] {processor.py:186} INFO - Started process (PID=1105) to work on /home/airflow/.local/lib/python3.12/site-packages/airflow/example_dags/example_nested_branch_dag.py
[2024-10-06T04:27:56.000+0000] {processor.py:914} INFO - Processing file /home/airflow/.local/lib/python3.12/site-packages/airflow/example_dags/example_nested_branch_dag.py for tasks to queue
[2024-10-06T04:27:56.005+0000] {logging_mixin.py:190} INFO - [2024-10-06T04:27:56.004+0000] {dagbag.py:588} INFO - Filling up the DagBag from /home/airflow/.local/lib/python3.12/site-packages/airflow/example_dags/example_nested_branch_dag.py
[2024-10-06T04:27:56.027+0000] {processor.py:925} INFO - DAG(s) 'example_nested_branch_dag' retrieved from /home/airflow/.local/lib/python3.12/site-packages/airflow/example_dags/example_nested_branch_dag.py
[2024-10-06T04:27:56.065+0000] {logging_mixin.py:190} INFO - [2024-10-06T04:27:56.065+0000] {dag.py:3239} INFO - Sync 1 DAGs
[2024-10-06T04:27:56.099+0000] {logging_mixin.py:190} INFO - [2024-10-06T04:27:56.099+0000] {dag.py:4180} INFO - Setting next_dagrun for example_nested_branch_dag to 2024-10-05 00:00:00+00:00, run_after=2024-10-06 00:00:00+00:00
[2024-10-06T04:27:56.122+0000] {processor.py:208} INFO - Processing /home/airflow/.local/lib/python3.12/site-packages/airflow/example_dags/example_nested_branch_dag.py took 0.135 seconds
[2024-10-06T04:28:26.409+0000] {processor.py:186} INFO - Started process (PID=1167) to work on /home/airflow/.local/lib/python3.12/site-packages/airflow/example_dags/example_nested_branch_dag.py
[2024-10-06T04:28:26.411+0000] {processor.py:914} INFO - Processing file /home/airflow/.local/lib/python3.12/site-packages/airflow/example_dags/example_nested_branch_dag.py for tasks to queue
[2024-10-06T04:28:26.416+0000] {logging_mixin.py:190} INFO - [2024-10-06T04:28:26.415+0000] {dagbag.py:588} INFO - Filling up the DagBag from /home/airflow/.local/lib/python3.12/site-packages/airflow/example_dags/example_nested_branch_dag.py
[2024-10-06T04:28:26.437+0000] {processor.py:925} INFO - DAG(s) 'example_nested_branch_dag' retrieved from /home/airflow/.local/lib/python3.12/site-packages/airflow/example_dags/example_nested_branch_dag.py
[2024-10-06T04:28:26.471+0000] {logging_mixin.py:190} INFO - [2024-10-06T04:28:26.470+0000] {dag.py:3239} INFO - Sync 1 DAGs
[2024-10-06T04:28:26.503+0000] {logging_mixin.py:190} INFO - [2024-10-06T04:28:26.503+0000] {dag.py:4180} INFO - Setting next_dagrun for example_nested_branch_dag to 2024-10-05 00:00:00+00:00, run_after=2024-10-06 00:00:00+00:00
[2024-10-06T04:28:26.529+0000] {processor.py:208} INFO - Processing /home/airflow/.local/lib/python3.12/site-packages/airflow/example_dags/example_nested_branch_dag.py took 0.130 seconds
[2024-10-06T04:28:56.864+0000] {processor.py:186} INFO - Started process (PID=1230) to work on /home/airflow/.local/lib/python3.12/site-packages/airflow/example_dags/example_nested_branch_dag.py
[2024-10-06T04:28:56.870+0000] {processor.py:914} INFO - Processing file /home/airflow/.local/lib/python3.12/site-packages/airflow/example_dags/example_nested_branch_dag.py for tasks to queue
[2024-10-06T04:28:56.875+0000] {logging_mixin.py:190} INFO - [2024-10-06T04:28:56.874+0000] {dagbag.py:588} INFO - Filling up the DagBag from /home/airflow/.local/lib/python3.12/site-packages/airflow/example_dags/example_nested_branch_dag.py
[2024-10-06T04:28:56.915+0000] {processor.py:925} INFO - DAG(s) 'example_nested_branch_dag' retrieved from /home/airflow/.local/lib/python3.12/site-packages/airflow/example_dags/example_nested_branch_dag.py
[2024-10-06T04:28:56.952+0000] {logging_mixin.py:190} INFO - [2024-10-06T04:28:56.951+0000] {dag.py:3239} INFO - Sync 1 DAGs
[2024-10-06T04:28:57.005+0000] {logging_mixin.py:190} INFO - [2024-10-06T04:28:57.005+0000] {dag.py:4180} INFO - Setting next_dagrun for example_nested_branch_dag to 2024-10-05 00:00:00+00:00, run_after=2024-10-06 00:00:00+00:00
[2024-10-06T04:28:57.031+0000] {processor.py:208} INFO - Processing /home/airflow/.local/lib/python3.12/site-packages/airflow/example_dags/example_nested_branch_dag.py took 0.181 seconds
[2024-10-06T04:29:27.834+0000] {processor.py:186} INFO - Started process (PID=1292) to work on /home/airflow/.local/lib/python3.12/site-packages/airflow/example_dags/example_nested_branch_dag.py
[2024-10-06T04:29:27.836+0000] {processor.py:914} INFO - Processing file /home/airflow/.local/lib/python3.12/site-packages/airflow/example_dags/example_nested_branch_dag.py for tasks to queue
[2024-10-06T04:29:27.841+0000] {logging_mixin.py:190} INFO - [2024-10-06T04:29:27.840+0000] {dagbag.py:588} INFO - Filling up the DagBag from /home/airflow/.local/lib/python3.12/site-packages/airflow/example_dags/example_nested_branch_dag.py
[2024-10-06T04:29:27.859+0000] {processor.py:925} INFO - DAG(s) 'example_nested_branch_dag' retrieved from /home/airflow/.local/lib/python3.12/site-packages/airflow/example_dags/example_nested_branch_dag.py
[2024-10-06T04:29:27.895+0000] {logging_mixin.py:190} INFO - [2024-10-06T04:29:27.894+0000] {dag.py:3239} INFO - Sync 1 DAGs
[2024-10-06T04:29:27.930+0000] {logging_mixin.py:190} INFO - [2024-10-06T04:29:27.930+0000] {dag.py:4180} INFO - Setting next_dagrun for example_nested_branch_dag to 2024-10-05 00:00:00+00:00, run_after=2024-10-06 00:00:00+00:00
[2024-10-06T04:29:27.966+0000] {processor.py:208} INFO - Processing /home/airflow/.local/lib/python3.12/site-packages/airflow/example_dags/example_nested_branch_dag.py took 0.142 seconds
[2024-10-06T04:29:58.386+0000] {processor.py:186} INFO - Started process (PID=1354) to work on /home/airflow/.local/lib/python3.12/site-packages/airflow/example_dags/example_nested_branch_dag.py
[2024-10-06T04:29:58.388+0000] {processor.py:914} INFO - Processing file /home/airflow/.local/lib/python3.12/site-packages/airflow/example_dags/example_nested_branch_dag.py for tasks to queue
[2024-10-06T04:29:58.392+0000] {logging_mixin.py:190} INFO - [2024-10-06T04:29:58.392+0000] {dagbag.py:588} INFO - Filling up the DagBag from /home/airflow/.local/lib/python3.12/site-packages/airflow/example_dags/example_nested_branch_dag.py
[2024-10-06T04:29:58.411+0000] {processor.py:925} INFO - DAG(s) 'example_nested_branch_dag' retrieved from /home/airflow/.local/lib/python3.12/site-packages/airflow/example_dags/example_nested_branch_dag.py
[2024-10-06T04:29:58.443+0000] {logging_mixin.py:190} INFO - [2024-10-06T04:29:58.443+0000] {dag.py:3239} INFO - Sync 1 DAGs
[2024-10-06T04:29:58.480+0000] {logging_mixin.py:190} INFO - [2024-10-06T04:29:58.479+0000] {dag.py:4180} INFO - Setting next_dagrun for example_nested_branch_dag to 2024-10-05 00:00:00+00:00, run_after=2024-10-06 00:00:00+00:00
[2024-10-06T04:29:58.513+0000] {processor.py:208} INFO - Processing /home/airflow/.local/lib/python3.12/site-packages/airflow/example_dags/example_nested_branch_dag.py took 0.136 seconds
[2024-10-06T04:30:28.931+0000] {processor.py:186} INFO - Started process (PID=1416) to work on /home/airflow/.local/lib/python3.12/site-packages/airflow/example_dags/example_nested_branch_dag.py
[2024-10-06T04:30:28.933+0000] {processor.py:914} INFO - Processing file /home/airflow/.local/lib/python3.12/site-packages/airflow/example_dags/example_nested_branch_dag.py for tasks to queue
[2024-10-06T04:30:28.937+0000] {logging_mixin.py:190} INFO - [2024-10-06T04:30:28.937+0000] {dagbag.py:588} INFO - Filling up the DagBag from /home/airflow/.local/lib/python3.12/site-packages/airflow/example_dags/example_nested_branch_dag.py
[2024-10-06T04:30:28.966+0000] {processor.py:925} INFO - DAG(s) 'example_nested_branch_dag' retrieved from /home/airflow/.local/lib/python3.12/site-packages/airflow/example_dags/example_nested_branch_dag.py
[2024-10-06T04:30:29.003+0000] {logging_mixin.py:190} INFO - [2024-10-06T04:30:29.002+0000] {dag.py:3239} INFO - Sync 1 DAGs
[2024-10-06T04:30:29.045+0000] {logging_mixin.py:190} INFO - [2024-10-06T04:30:29.045+0000] {dag.py:4180} INFO - Setting next_dagrun for example_nested_branch_dag to 2024-10-05 00:00:00+00:00, run_after=2024-10-06 00:00:00+00:00
[2024-10-06T04:30:29.077+0000] {processor.py:208} INFO - Processing /home/airflow/.local/lib/python3.12/site-packages/airflow/example_dags/example_nested_branch_dag.py took 0.154 seconds
[2024-10-06T04:30:59.473+0000] {processor.py:186} INFO - Started process (PID=1478) to work on /home/airflow/.local/lib/python3.12/site-packages/airflow/example_dags/example_nested_branch_dag.py
[2024-10-06T04:30:59.475+0000] {processor.py:914} INFO - Processing file /home/airflow/.local/lib/python3.12/site-packages/airflow/example_dags/example_nested_branch_dag.py for tasks to queue
[2024-10-06T04:30:59.478+0000] {logging_mixin.py:190} INFO - [2024-10-06T04:30:59.478+0000] {dagbag.py:588} INFO - Filling up the DagBag from /home/airflow/.local/lib/python3.12/site-packages/airflow/example_dags/example_nested_branch_dag.py
[2024-10-06T04:30:59.499+0000] {processor.py:925} INFO - DAG(s) 'example_nested_branch_dag' retrieved from /home/airflow/.local/lib/python3.12/site-packages/airflow/example_dags/example_nested_branch_dag.py
[2024-10-06T04:30:59.538+0000] {logging_mixin.py:190} INFO - [2024-10-06T04:30:59.538+0000] {dag.py:3239} INFO - Sync 1 DAGs
[2024-10-06T04:30:59.575+0000] {logging_mixin.py:190} INFO - [2024-10-06T04:30:59.574+0000] {dag.py:4180} INFO - Setting next_dagrun for example_nested_branch_dag to 2024-10-05 00:00:00+00:00, run_after=2024-10-06 00:00:00+00:00
[2024-10-06T04:30:59.603+0000] {processor.py:208} INFO - Processing /home/airflow/.local/lib/python3.12/site-packages/airflow/example_dags/example_nested_branch_dag.py took 0.139 seconds
[2024-10-06T04:31:30.583+0000] {processor.py:186} INFO - Started process (PID=1540) to work on /home/airflow/.local/lib/python3.12/site-packages/airflow/example_dags/example_nested_branch_dag.py
[2024-10-06T04:31:30.585+0000] {processor.py:914} INFO - Processing file /home/airflow/.local/lib/python3.12/site-packages/airflow/example_dags/example_nested_branch_dag.py for tasks to queue
[2024-10-06T04:31:30.590+0000] {logging_mixin.py:190} INFO - [2024-10-06T04:31:30.589+0000] {dagbag.py:588} INFO - Filling up the DagBag from /home/airflow/.local/lib/python3.12/site-packages/airflow/example_dags/example_nested_branch_dag.py
[2024-10-06T04:31:30.613+0000] {processor.py:925} INFO - DAG(s) 'example_nested_branch_dag' retrieved from /home/airflow/.local/lib/python3.12/site-packages/airflow/example_dags/example_nested_branch_dag.py
[2024-10-06T04:31:30.653+0000] {logging_mixin.py:190} INFO - [2024-10-06T04:31:30.652+0000] {dag.py:3239} INFO - Sync 1 DAGs
[2024-10-06T04:31:30.691+0000] {logging_mixin.py:190} INFO - [2024-10-06T04:31:30.691+0000] {dag.py:4180} INFO - Setting next_dagrun for example_nested_branch_dag to 2024-10-05 00:00:00+00:00, run_after=2024-10-06 00:00:00+00:00
[2024-10-06T04:31:30.730+0000] {processor.py:208} INFO - Processing /home/airflow/.local/lib/python3.12/site-packages/airflow/example_dags/example_nested_branch_dag.py took 0.158 seconds
[2024-10-06T04:32:01.370+0000] {processor.py:186} INFO - Started process (PID=1602) to work on /home/airflow/.local/lib/python3.12/site-packages/airflow/example_dags/example_nested_branch_dag.py
[2024-10-06T04:32:01.372+0000] {processor.py:914} INFO - Processing file /home/airflow/.local/lib/python3.12/site-packages/airflow/example_dags/example_nested_branch_dag.py for tasks to queue
[2024-10-06T04:32:01.377+0000] {logging_mixin.py:190} INFO - [2024-10-06T04:32:01.376+0000] {dagbag.py:588} INFO - Filling up the DagBag from /home/airflow/.local/lib/python3.12/site-packages/airflow/example_dags/example_nested_branch_dag.py
[2024-10-06T04:32:01.403+0000] {processor.py:925} INFO - DAG(s) 'example_nested_branch_dag' retrieved from /home/airflow/.local/lib/python3.12/site-packages/airflow/example_dags/example_nested_branch_dag.py
[2024-10-06T04:32:01.444+0000] {logging_mixin.py:190} INFO - [2024-10-06T04:32:01.444+0000] {dag.py:3239} INFO - Sync 1 DAGs
[2024-10-06T04:32:01.484+0000] {logging_mixin.py:190} INFO - [2024-10-06T04:32:01.484+0000] {dag.py:4180} INFO - Setting next_dagrun for example_nested_branch_dag to 2024-10-05 00:00:00+00:00, run_after=2024-10-06 00:00:00+00:00
[2024-10-06T04:32:01.518+0000] {processor.py:208} INFO - Processing /home/airflow/.local/lib/python3.12/site-packages/airflow/example_dags/example_nested_branch_dag.py took 0.159 seconds
[2024-10-06T04:32:31.621+0000] {processor.py:186} INFO - Started process (PID=1664) to work on /home/airflow/.local/lib/python3.12/site-packages/airflow/example_dags/example_nested_branch_dag.py
[2024-10-06T04:32:31.622+0000] {processor.py:914} INFO - Processing file /home/airflow/.local/lib/python3.12/site-packages/airflow/example_dags/example_nested_branch_dag.py for tasks to queue
[2024-10-06T04:32:31.627+0000] {logging_mixin.py:190} INFO - [2024-10-06T04:32:31.626+0000] {dagbag.py:588} INFO - Filling up the DagBag from /home/airflow/.local/lib/python3.12/site-packages/airflow/example_dags/example_nested_branch_dag.py
[2024-10-06T04:32:31.653+0000] {processor.py:925} INFO - DAG(s) 'example_nested_branch_dag' retrieved from /home/airflow/.local/lib/python3.12/site-packages/airflow/example_dags/example_nested_branch_dag.py
[2024-10-06T04:32:31.696+0000] {logging_mixin.py:190} INFO - [2024-10-06T04:32:31.695+0000] {dag.py:3239} INFO - Sync 1 DAGs
[2024-10-06T04:32:31.737+0000] {logging_mixin.py:190} INFO - [2024-10-06T04:32:31.736+0000] {dag.py:4180} INFO - Setting next_dagrun for example_nested_branch_dag to 2024-10-05 00:00:00+00:00, run_after=2024-10-06 00:00:00+00:00
[2024-10-06T04:32:31.773+0000] {processor.py:208} INFO - Processing /home/airflow/.local/lib/python3.12/site-packages/airflow/example_dags/example_nested_branch_dag.py took 0.166 seconds
[2024-10-06T04:35:09.350+0000] {processor.py:186} INFO - Started process (PID=44) to work on /home/airflow/.local/lib/python3.12/site-packages/airflow/example_dags/example_nested_branch_dag.py
[2024-10-06T04:35:09.364+0000] {processor.py:914} INFO - Processing file /home/airflow/.local/lib/python3.12/site-packages/airflow/example_dags/example_nested_branch_dag.py for tasks to queue
[2024-10-06T04:35:09.368+0000] {logging_mixin.py:190} INFO - [2024-10-06T04:35:09.367+0000] {dagbag.py:588} INFO - Filling up the DagBag from /home/airflow/.local/lib/python3.12/site-packages/airflow/example_dags/example_nested_branch_dag.py
[2024-10-06T04:35:09.423+0000] {processor.py:925} INFO - DAG(s) 'example_nested_branch_dag' retrieved from /home/airflow/.local/lib/python3.12/site-packages/airflow/example_dags/example_nested_branch_dag.py
[2024-10-06T04:35:09.508+0000] {logging_mixin.py:190} INFO - [2024-10-06T04:35:09.507+0000] {dag.py:3239} INFO - Sync 1 DAGs
[2024-10-06T04:35:09.591+0000] {logging_mixin.py:190} INFO - [2024-10-06T04:35:09.590+0000] {dag.py:4180} INFO - Setting next_dagrun for example_nested_branch_dag to 2024-10-05 00:00:00+00:00, run_after=2024-10-06 00:00:00+00:00
[2024-10-06T04:35:09.637+0000] {processor.py:208} INFO - Processing /home/airflow/.local/lib/python3.12/site-packages/airflow/example_dags/example_nested_branch_dag.py took 0.332 seconds
[2024-10-06T04:35:40.396+0000] {processor.py:186} INFO - Started process (PID=106) to work on /home/airflow/.local/lib/python3.12/site-packages/airflow/example_dags/example_nested_branch_dag.py
[2024-10-06T04:35:40.398+0000] {processor.py:914} INFO - Processing file /home/airflow/.local/lib/python3.12/site-packages/airflow/example_dags/example_nested_branch_dag.py for tasks to queue
[2024-10-06T04:35:40.403+0000] {logging_mixin.py:190} INFO - [2024-10-06T04:35:40.403+0000] {dagbag.py:588} INFO - Filling up the DagBag from /home/airflow/.local/lib/python3.12/site-packages/airflow/example_dags/example_nested_branch_dag.py
[2024-10-06T04:35:40.421+0000] {processor.py:925} INFO - DAG(s) 'example_nested_branch_dag' retrieved from /home/airflow/.local/lib/python3.12/site-packages/airflow/example_dags/example_nested_branch_dag.py
[2024-10-06T04:35:40.453+0000] {logging_mixin.py:190} INFO - [2024-10-06T04:35:40.453+0000] {dag.py:3239} INFO - Sync 1 DAGs
[2024-10-06T04:35:40.498+0000] {logging_mixin.py:190} INFO - [2024-10-06T04:35:40.498+0000] {dag.py:4180} INFO - Setting next_dagrun for example_nested_branch_dag to 2024-10-05 00:00:00+00:00, run_after=2024-10-06 00:00:00+00:00
[2024-10-06T04:35:40.529+0000] {processor.py:208} INFO - Processing /home/airflow/.local/lib/python3.12/site-packages/airflow/example_dags/example_nested_branch_dag.py took 0.143 seconds
[2024-10-06T04:36:11.062+0000] {processor.py:186} INFO - Started process (PID=167) to work on /home/airflow/.local/lib/python3.12/site-packages/airflow/example_dags/example_nested_branch_dag.py
[2024-10-06T04:36:11.064+0000] {processor.py:914} INFO - Processing file /home/airflow/.local/lib/python3.12/site-packages/airflow/example_dags/example_nested_branch_dag.py for tasks to queue
[2024-10-06T04:36:11.068+0000] {logging_mixin.py:190} INFO - [2024-10-06T04:36:11.068+0000] {dagbag.py:588} INFO - Filling up the DagBag from /home/airflow/.local/lib/python3.12/site-packages/airflow/example_dags/example_nested_branch_dag.py
[2024-10-06T04:36:11.085+0000] {processor.py:925} INFO - DAG(s) 'example_nested_branch_dag' retrieved from /home/airflow/.local/lib/python3.12/site-packages/airflow/example_dags/example_nested_branch_dag.py
[2024-10-06T04:36:11.113+0000] {logging_mixin.py:190} INFO - [2024-10-06T04:36:11.112+0000] {dag.py:3239} INFO - Sync 1 DAGs
[2024-10-06T04:36:11.144+0000] {logging_mixin.py:190} INFO - [2024-10-06T04:36:11.144+0000] {dag.py:4180} INFO - Setting next_dagrun for example_nested_branch_dag to 2024-10-05 00:00:00+00:00, run_after=2024-10-06 00:00:00+00:00
[2024-10-06T04:36:11.168+0000] {processor.py:208} INFO - Processing /home/airflow/.local/lib/python3.12/site-packages/airflow/example_dags/example_nested_branch_dag.py took 0.114 seconds
[2024-10-06T04:36:42.102+0000] {processor.py:186} INFO - Started process (PID=229) to work on /home/airflow/.local/lib/python3.12/site-packages/airflow/example_dags/example_nested_branch_dag.py
[2024-10-06T04:36:42.103+0000] {processor.py:914} INFO - Processing file /home/airflow/.local/lib/python3.12/site-packages/airflow/example_dags/example_nested_branch_dag.py for tasks to queue
[2024-10-06T04:36:42.107+0000] {logging_mixin.py:190} INFO - [2024-10-06T04:36:42.106+0000] {dagbag.py:588} INFO - Filling up the DagBag from /home/airflow/.local/lib/python3.12/site-packages/airflow/example_dags/example_nested_branch_dag.py
[2024-10-06T04:36:42.125+0000] {processor.py:925} INFO - DAG(s) 'example_nested_branch_dag' retrieved from /home/airflow/.local/lib/python3.12/site-packages/airflow/example_dags/example_nested_branch_dag.py
[2024-10-06T04:36:42.155+0000] {logging_mixin.py:190} INFO - [2024-10-06T04:36:42.154+0000] {dag.py:3239} INFO - Sync 1 DAGs
[2024-10-06T04:36:42.191+0000] {logging_mixin.py:190} INFO - [2024-10-06T04:36:42.190+0000] {dag.py:4180} INFO - Setting next_dagrun for example_nested_branch_dag to 2024-10-05 00:00:00+00:00, run_after=2024-10-06 00:00:00+00:00
[2024-10-06T04:36:42.221+0000] {processor.py:208} INFO - Processing /home/airflow/.local/lib/python3.12/site-packages/airflow/example_dags/example_nested_branch_dag.py took 0.128 seconds
[2024-10-06T04:37:12.513+0000] {processor.py:186} INFO - Started process (PID=291) to work on /home/airflow/.local/lib/python3.12/site-packages/airflow/example_dags/example_nested_branch_dag.py
[2024-10-06T04:37:12.514+0000] {processor.py:914} INFO - Processing file /home/airflow/.local/lib/python3.12/site-packages/airflow/example_dags/example_nested_branch_dag.py for tasks to queue
[2024-10-06T04:37:12.518+0000] {logging_mixin.py:190} INFO - [2024-10-06T04:37:12.517+0000] {dagbag.py:588} INFO - Filling up the DagBag from /home/airflow/.local/lib/python3.12/site-packages/airflow/example_dags/example_nested_branch_dag.py
[2024-10-06T04:37:12.535+0000] {processor.py:925} INFO - DAG(s) 'example_nested_branch_dag' retrieved from /home/airflow/.local/lib/python3.12/site-packages/airflow/example_dags/example_nested_branch_dag.py
[2024-10-06T04:37:12.564+0000] {logging_mixin.py:190} INFO - [2024-10-06T04:37:12.563+0000] {dag.py:3239} INFO - Sync 1 DAGs
[2024-10-06T04:37:12.597+0000] {logging_mixin.py:190} INFO - [2024-10-06T04:37:12.597+0000] {dag.py:4180} INFO - Setting next_dagrun for example_nested_branch_dag to 2024-10-05 00:00:00+00:00, run_after=2024-10-06 00:00:00+00:00
[2024-10-06T04:37:12.624+0000] {processor.py:208} INFO - Processing /home/airflow/.local/lib/python3.12/site-packages/airflow/example_dags/example_nested_branch_dag.py took 0.120 seconds
[2024-10-06T04:39:08.391+0000] {processor.py:186} INFO - Started process (PID=45) to work on /home/airflow/.local/lib/python3.12/site-packages/airflow/example_dags/example_nested_branch_dag.py
[2024-10-06T04:39:08.394+0000] {processor.py:914} INFO - Processing file /home/airflow/.local/lib/python3.12/site-packages/airflow/example_dags/example_nested_branch_dag.py for tasks to queue
[2024-10-06T04:39:08.404+0000] {logging_mixin.py:190} INFO - [2024-10-06T04:39:08.403+0000] {dagbag.py:588} INFO - Filling up the DagBag from /home/airflow/.local/lib/python3.12/site-packages/airflow/example_dags/example_nested_branch_dag.py
[2024-10-06T04:39:08.431+0000] {processor.py:925} INFO - DAG(s) 'example_nested_branch_dag' retrieved from /home/airflow/.local/lib/python3.12/site-packages/airflow/example_dags/example_nested_branch_dag.py
[2024-10-06T04:39:08.685+0000] {logging_mixin.py:190} INFO - [2024-10-06T04:39:08.684+0000] {override.py:1900} INFO - Created Permission View: can read on DAG:example_nested_branch_dag
[2024-10-06T04:39:08.704+0000] {logging_mixin.py:190} INFO - [2024-10-06T04:39:08.703+0000] {override.py:1900} INFO - Created Permission View: can edit on DAG:example_nested_branch_dag
[2024-10-06T04:39:08.711+0000] {logging_mixin.py:190} INFO - [2024-10-06T04:39:08.710+0000] {override.py:1900} INFO - Created Permission View: can delete on DAG:example_nested_branch_dag
[2024-10-06T04:39:08.726+0000] {logging_mixin.py:190} INFO - [2024-10-06T04:39:08.725+0000] {override.py:1900} INFO - Created Permission View: menu access on DAG Run:example_nested_branch_dag
[2024-10-06T04:39:08.733+0000] {logging_mixin.py:190} INFO - [2024-10-06T04:39:08.733+0000] {override.py:1900} INFO - Created Permission View: can read on DAG Run:example_nested_branch_dag
[2024-10-06T04:39:08.743+0000] {logging_mixin.py:190} INFO - [2024-10-06T04:39:08.743+0000] {override.py:1900} INFO - Created Permission View: can create on DAG Run:example_nested_branch_dag
[2024-10-06T04:39:08.759+0000] {logging_mixin.py:190} INFO - [2024-10-06T04:39:08.759+0000] {override.py:1900} INFO - Created Permission View: can delete on DAG Run:example_nested_branch_dag
[2024-10-06T04:39:08.760+0000] {logging_mixin.py:190} INFO - [2024-10-06T04:39:08.760+0000] {dag.py:3239} INFO - Sync 1 DAGs
[2024-10-06T04:39:08.775+0000] {logging_mixin.py:190} INFO - [2024-10-06T04:39:08.775+0000] {dag.py:3262} INFO - Creating ORM DAG for example_nested_branch_dag
[2024-10-06T04:39:08.802+0000] {logging_mixin.py:190} INFO - [2024-10-06T04:39:08.802+0000] {dag.py:4180} INFO - Setting next_dagrun for example_nested_branch_dag to 2024-10-05 00:00:00+00:00, run_after=2024-10-06 00:00:00+00:00
[2024-10-06T04:39:08.839+0000] {processor.py:208} INFO - Processing /home/airflow/.local/lib/python3.12/site-packages/airflow/example_dags/example_nested_branch_dag.py took 0.478 seconds
[2024-10-06T04:39:39.852+0000] {processor.py:186} INFO - Started process (PID=107) to work on /home/airflow/.local/lib/python3.12/site-packages/airflow/example_dags/example_nested_branch_dag.py
[2024-10-06T04:39:39.854+0000] {processor.py:914} INFO - Processing file /home/airflow/.local/lib/python3.12/site-packages/airflow/example_dags/example_nested_branch_dag.py for tasks to queue
[2024-10-06T04:39:39.858+0000] {logging_mixin.py:190} INFO - [2024-10-06T04:39:39.858+0000] {dagbag.py:588} INFO - Filling up the DagBag from /home/airflow/.local/lib/python3.12/site-packages/airflow/example_dags/example_nested_branch_dag.py
[2024-10-06T04:39:39.878+0000] {processor.py:925} INFO - DAG(s) 'example_nested_branch_dag' retrieved from /home/airflow/.local/lib/python3.12/site-packages/airflow/example_dags/example_nested_branch_dag.py
[2024-10-06T04:39:39.908+0000] {logging_mixin.py:190} INFO - [2024-10-06T04:39:39.908+0000] {dag.py:3239} INFO - Sync 1 DAGs
[2024-10-06T04:39:39.944+0000] {logging_mixin.py:190} INFO - [2024-10-06T04:39:39.944+0000] {dag.py:4180} INFO - Setting next_dagrun for example_nested_branch_dag to 2024-10-05 00:00:00+00:00, run_after=2024-10-06 00:00:00+00:00
[2024-10-06T04:39:39.968+0000] {processor.py:208} INFO - Processing /home/airflow/.local/lib/python3.12/site-packages/airflow/example_dags/example_nested_branch_dag.py took 0.126 seconds
[2024-10-06T04:40:10.024+0000] {processor.py:186} INFO - Started process (PID=170) to work on /home/airflow/.local/lib/python3.12/site-packages/airflow/example_dags/example_nested_branch_dag.py
[2024-10-06T04:40:10.026+0000] {processor.py:914} INFO - Processing file /home/airflow/.local/lib/python3.12/site-packages/airflow/example_dags/example_nested_branch_dag.py for tasks to queue
[2024-10-06T04:40:10.030+0000] {logging_mixin.py:190} INFO - [2024-10-06T04:40:10.029+0000] {dagbag.py:588} INFO - Filling up the DagBag from /home/airflow/.local/lib/python3.12/site-packages/airflow/example_dags/example_nested_branch_dag.py
[2024-10-06T04:40:10.047+0000] {processor.py:925} INFO - DAG(s) 'example_nested_branch_dag' retrieved from /home/airflow/.local/lib/python3.12/site-packages/airflow/example_dags/example_nested_branch_dag.py
[2024-10-06T04:40:10.080+0000] {logging_mixin.py:190} INFO - [2024-10-06T04:40:10.080+0000] {dag.py:3239} INFO - Sync 1 DAGs
[2024-10-06T04:40:10.113+0000] {logging_mixin.py:190} INFO - [2024-10-06T04:40:10.113+0000] {dag.py:4180} INFO - Setting next_dagrun for example_nested_branch_dag to 2024-10-05 00:00:00+00:00, run_after=2024-10-06 00:00:00+00:00
[2024-10-06T04:40:10.137+0000] {processor.py:208} INFO - Processing /home/airflow/.local/lib/python3.12/site-packages/airflow/example_dags/example_nested_branch_dag.py took 0.122 seconds
[2024-10-06T04:40:40.873+0000] {processor.py:186} INFO - Started process (PID=232) to work on /home/airflow/.local/lib/python3.12/site-packages/airflow/example_dags/example_nested_branch_dag.py
[2024-10-06T04:40:40.874+0000] {processor.py:914} INFO - Processing file /home/airflow/.local/lib/python3.12/site-packages/airflow/example_dags/example_nested_branch_dag.py for tasks to queue
[2024-10-06T04:40:40.878+0000] {logging_mixin.py:190} INFO - [2024-10-06T04:40:40.878+0000] {dagbag.py:588} INFO - Filling up the DagBag from /home/airflow/.local/lib/python3.12/site-packages/airflow/example_dags/example_nested_branch_dag.py
[2024-10-06T04:40:40.922+0000] {processor.py:925} INFO - DAG(s) 'example_nested_branch_dag' retrieved from /home/airflow/.local/lib/python3.12/site-packages/airflow/example_dags/example_nested_branch_dag.py
[2024-10-06T04:40:40.963+0000] {logging_mixin.py:190} INFO - [2024-10-06T04:40:40.963+0000] {dag.py:3239} INFO - Sync 1 DAGs
[2024-10-06T04:40:41.000+0000] {logging_mixin.py:190} INFO - [2024-10-06T04:40:41.000+0000] {dag.py:4180} INFO - Setting next_dagrun for example_nested_branch_dag to 2024-10-05 00:00:00+00:00, run_after=2024-10-06 00:00:00+00:00
[2024-10-06T04:40:41.023+0000] {processor.py:208} INFO - Processing /home/airflow/.local/lib/python3.12/site-packages/airflow/example_dags/example_nested_branch_dag.py took 0.171 seconds
[2024-10-06T04:41:11.988+0000] {processor.py:186} INFO - Started process (PID=293) to work on /home/airflow/.local/lib/python3.12/site-packages/airflow/example_dags/example_nested_branch_dag.py
[2024-10-06T04:41:11.989+0000] {processor.py:914} INFO - Processing file /home/airflow/.local/lib/python3.12/site-packages/airflow/example_dags/example_nested_branch_dag.py for tasks to queue
[2024-10-06T04:41:11.995+0000] {logging_mixin.py:190} INFO - [2024-10-06T04:41:11.994+0000] {dagbag.py:588} INFO - Filling up the DagBag from /home/airflow/.local/lib/python3.12/site-packages/airflow/example_dags/example_nested_branch_dag.py
[2024-10-06T04:41:12.017+0000] {processor.py:925} INFO - DAG(s) 'example_nested_branch_dag' retrieved from /home/airflow/.local/lib/python3.12/site-packages/airflow/example_dags/example_nested_branch_dag.py
[2024-10-06T04:41:12.055+0000] {logging_mixin.py:190} INFO - [2024-10-06T04:41:12.055+0000] {dag.py:3239} INFO - Sync 1 DAGs
[2024-10-06T04:41:12.112+0000] {logging_mixin.py:190} INFO - [2024-10-06T04:41:12.112+0000] {dag.py:4180} INFO - Setting next_dagrun for example_nested_branch_dag to 2024-10-05 00:00:00+00:00, run_after=2024-10-06 00:00:00+00:00
[2024-10-06T04:41:12.138+0000] {processor.py:208} INFO - Processing /home/airflow/.local/lib/python3.12/site-packages/airflow/example_dags/example_nested_branch_dag.py took 0.160 seconds
[2024-10-06T04:41:42.366+0000] {processor.py:186} INFO - Started process (PID=355) to work on /home/airflow/.local/lib/python3.12/site-packages/airflow/example_dags/example_nested_branch_dag.py
[2024-10-06T04:41:42.367+0000] {processor.py:914} INFO - Processing file /home/airflow/.local/lib/python3.12/site-packages/airflow/example_dags/example_nested_branch_dag.py for tasks to queue
[2024-10-06T04:41:42.371+0000] {logging_mixin.py:190} INFO - [2024-10-06T04:41:42.370+0000] {dagbag.py:588} INFO - Filling up the DagBag from /home/airflow/.local/lib/python3.12/site-packages/airflow/example_dags/example_nested_branch_dag.py
[2024-10-06T04:41:42.387+0000] {processor.py:925} INFO - DAG(s) 'example_nested_branch_dag' retrieved from /home/airflow/.local/lib/python3.12/site-packages/airflow/example_dags/example_nested_branch_dag.py
[2024-10-06T04:41:42.414+0000] {logging_mixin.py:190} INFO - [2024-10-06T04:41:42.414+0000] {dag.py:3239} INFO - Sync 1 DAGs
[2024-10-06T04:41:42.449+0000] {logging_mixin.py:190} INFO - [2024-10-06T04:41:42.449+0000] {dag.py:4180} INFO - Setting next_dagrun for example_nested_branch_dag to 2024-10-05 00:00:00+00:00, run_after=2024-10-06 00:00:00+00:00
[2024-10-06T04:41:42.474+0000] {processor.py:208} INFO - Processing /home/airflow/.local/lib/python3.12/site-packages/airflow/example_dags/example_nested_branch_dag.py took 0.115 seconds
[2024-10-06T04:42:13.229+0000] {processor.py:186} INFO - Started process (PID=417) to work on /home/airflow/.local/lib/python3.12/site-packages/airflow/example_dags/example_nested_branch_dag.py
[2024-10-06T04:42:13.230+0000] {processor.py:914} INFO - Processing file /home/airflow/.local/lib/python3.12/site-packages/airflow/example_dags/example_nested_branch_dag.py for tasks to queue
[2024-10-06T04:42:13.234+0000] {logging_mixin.py:190} INFO - [2024-10-06T04:42:13.233+0000] {dagbag.py:588} INFO - Filling up the DagBag from /home/airflow/.local/lib/python3.12/site-packages/airflow/example_dags/example_nested_branch_dag.py
[2024-10-06T04:42:13.250+0000] {processor.py:925} INFO - DAG(s) 'example_nested_branch_dag' retrieved from /home/airflow/.local/lib/python3.12/site-packages/airflow/example_dags/example_nested_branch_dag.py
[2024-10-06T04:42:13.282+0000] {logging_mixin.py:190} INFO - [2024-10-06T04:42:13.282+0000] {dag.py:3239} INFO - Sync 1 DAGs
[2024-10-06T04:42:13.322+0000] {logging_mixin.py:190} INFO - [2024-10-06T04:42:13.322+0000] {dag.py:4180} INFO - Setting next_dagrun for example_nested_branch_dag to 2024-10-05 00:00:00+00:00, run_after=2024-10-06 00:00:00+00:00
[2024-10-06T04:42:13.367+0000] {processor.py:208} INFO - Processing /home/airflow/.local/lib/python3.12/site-packages/airflow/example_dags/example_nested_branch_dag.py took 0.147 seconds
[2024-10-06T04:42:43.773+0000] {processor.py:186} INFO - Started process (PID=479) to work on /home/airflow/.local/lib/python3.12/site-packages/airflow/example_dags/example_nested_branch_dag.py
[2024-10-06T04:42:43.774+0000] {processor.py:914} INFO - Processing file /home/airflow/.local/lib/python3.12/site-packages/airflow/example_dags/example_nested_branch_dag.py for tasks to queue
[2024-10-06T04:42:43.778+0000] {logging_mixin.py:190} INFO - [2024-10-06T04:42:43.777+0000] {dagbag.py:588} INFO - Filling up the DagBag from /home/airflow/.local/lib/python3.12/site-packages/airflow/example_dags/example_nested_branch_dag.py
[2024-10-06T04:42:43.793+0000] {processor.py:925} INFO - DAG(s) 'example_nested_branch_dag' retrieved from /home/airflow/.local/lib/python3.12/site-packages/airflow/example_dags/example_nested_branch_dag.py
[2024-10-06T04:42:43.821+0000] {logging_mixin.py:190} INFO - [2024-10-06T04:42:43.821+0000] {dag.py:3239} INFO - Sync 1 DAGs
[2024-10-06T04:42:43.856+0000] {logging_mixin.py:190} INFO - [2024-10-06T04:42:43.856+0000] {dag.py:4180} INFO - Setting next_dagrun for example_nested_branch_dag to 2024-10-05 00:00:00+00:00, run_after=2024-10-06 00:00:00+00:00
[2024-10-06T04:42:43.881+0000] {processor.py:208} INFO - Processing /home/airflow/.local/lib/python3.12/site-packages/airflow/example_dags/example_nested_branch_dag.py took 0.116 seconds
[2024-10-06T04:45:41.207+0000] {processor.py:186} INFO - Started process (PID=39) to work on /home/airflow/.local/lib/python3.12/site-packages/airflow/example_dags/example_nested_branch_dag.py
[2024-10-06T04:45:41.209+0000] {processor.py:914} INFO - Processing file /home/airflow/.local/lib/python3.12/site-packages/airflow/example_dags/example_nested_branch_dag.py for tasks to queue
[2024-10-06T04:45:41.213+0000] {logging_mixin.py:190} INFO - [2024-10-06T04:45:41.212+0000] {dagbag.py:588} INFO - Filling up the DagBag from /home/airflow/.local/lib/python3.12/site-packages/airflow/example_dags/example_nested_branch_dag.py
[2024-10-06T04:45:41.246+0000] {processor.py:925} INFO - DAG(s) 'example_nested_branch_dag' retrieved from /home/airflow/.local/lib/python3.12/site-packages/airflow/example_dags/example_nested_branch_dag.py
[2024-10-06T04:45:41.321+0000] {logging_mixin.py:190} INFO - [2024-10-06T04:45:41.321+0000] {dag.py:3239} INFO - Sync 1 DAGs
[2024-10-06T04:45:41.389+0000] {logging_mixin.py:190} INFO - [2024-10-06T04:45:41.389+0000] {dag.py:4180} INFO - Setting next_dagrun for example_nested_branch_dag to 2024-10-05 00:00:00+00:00, run_after=2024-10-06 00:00:00+00:00
[2024-10-06T04:45:41.433+0000] {processor.py:208} INFO - Processing /home/airflow/.local/lib/python3.12/site-packages/airflow/example_dags/example_nested_branch_dag.py took 0.239 seconds
[2024-10-06T04:46:12.043+0000] {processor.py:186} INFO - Started process (PID=101) to work on /home/airflow/.local/lib/python3.12/site-packages/airflow/example_dags/example_nested_branch_dag.py
[2024-10-06T04:46:12.044+0000] {processor.py:914} INFO - Processing file /home/airflow/.local/lib/python3.12/site-packages/airflow/example_dags/example_nested_branch_dag.py for tasks to queue
[2024-10-06T04:46:12.048+0000] {logging_mixin.py:190} INFO - [2024-10-06T04:46:12.048+0000] {dagbag.py:588} INFO - Filling up the DagBag from /home/airflow/.local/lib/python3.12/site-packages/airflow/example_dags/example_nested_branch_dag.py
[2024-10-06T04:46:12.066+0000] {processor.py:925} INFO - DAG(s) 'example_nested_branch_dag' retrieved from /home/airflow/.local/lib/python3.12/site-packages/airflow/example_dags/example_nested_branch_dag.py
[2024-10-06T04:46:12.096+0000] {logging_mixin.py:190} INFO - [2024-10-06T04:46:12.096+0000] {dag.py:3239} INFO - Sync 1 DAGs
[2024-10-06T04:46:12.134+0000] {logging_mixin.py:190} INFO - [2024-10-06T04:46:12.133+0000] {dag.py:4180} INFO - Setting next_dagrun for example_nested_branch_dag to 2024-10-05 00:00:00+00:00, run_after=2024-10-06 00:00:00+00:00
[2024-10-06T04:46:12.157+0000] {processor.py:208} INFO - Processing /home/airflow/.local/lib/python3.12/site-packages/airflow/example_dags/example_nested_branch_dag.py took 0.121 seconds
