[2024-10-06T04:18:57.379+0000] {processor.py:186} INFO - Started process (PID=51) to work on /home/airflow/.local/lib/python3.12/site-packages/airflow/example_dags/example_inlet_event_extra.py
[2024-10-06T04:18:57.380+0000] {processor.py:914} INFO - Processing file /home/airflow/.local/lib/python3.12/site-packages/airflow/example_dags/example_inlet_event_extra.py for tasks to queue
[2024-10-06T04:18:57.386+0000] {logging_mixin.py:190} INFO - [2024-10-06T04:18:57.385+0000] {dagbag.py:588} INFO - Filling up the DagBag from /home/airflow/.local/lib/python3.12/site-packages/airflow/example_dags/example_inlet_event_extra.py
[2024-10-06T04:18:57.681+0000] {processor.py:925} INFO - DAG(s) 'read_dataset_event_from_classic', 'read_dataset_event' retrieved from /home/airflow/.local/lib/python3.12/site-packages/airflow/example_dags/example_inlet_event_extra.py
[2024-10-06T04:18:57.858+0000] {logging_mixin.py:190} INFO - [2024-10-06T04:18:57.857+0000] {override.py:1900} INFO - Created Permission View: can edit on DAG:read_dataset_event_from_classic
[2024-10-06T04:18:57.871+0000] {logging_mixin.py:190} INFO - [2024-10-06T04:18:57.871+0000] {override.py:1900} INFO - Created Permission View: can delete on DAG:read_dataset_event_from_classic
[2024-10-06T04:18:57.878+0000] {logging_mixin.py:190} INFO - [2024-10-06T04:18:57.878+0000] {override.py:1900} INFO - Created Permission View: can read on DAG:read_dataset_event_from_classic
[2024-10-06T04:18:57.887+0000] {logging_mixin.py:190} INFO - [2024-10-06T04:18:57.887+0000] {override.py:1900} INFO - Created Permission View: can create on DAG Run:read_dataset_event_from_classic
[2024-10-06T04:18:57.897+0000] {logging_mixin.py:190} INFO - [2024-10-06T04:18:57.896+0000] {override.py:1900} INFO - Created Permission View: menu access on DAG Run:read_dataset_event_from_classic
[2024-10-06T04:18:57.907+0000] {logging_mixin.py:190} INFO - [2024-10-06T04:18:57.907+0000] {override.py:1900} INFO - Created Permission View: can read on DAG Run:read_dataset_event_from_classic
[2024-10-06T04:18:57.915+0000] {logging_mixin.py:190} INFO - [2024-10-06T04:18:57.915+0000] {override.py:1900} INFO - Created Permission View: can delete on DAG Run:read_dataset_event_from_classic
[2024-10-06T04:18:57.930+0000] {logging_mixin.py:190} INFO - [2024-10-06T04:18:57.930+0000] {override.py:1900} INFO - Created Permission View: can edit on DAG:read_dataset_event
[2024-10-06T04:18:57.939+0000] {logging_mixin.py:190} INFO - [2024-10-06T04:18:57.939+0000] {override.py:1900} INFO - Created Permission View: can delete on DAG:read_dataset_event
[2024-10-06T04:18:57.949+0000] {logging_mixin.py:190} INFO - [2024-10-06T04:18:57.948+0000] {override.py:1900} INFO - Created Permission View: can read on DAG:read_dataset_event
[2024-10-06T04:18:57.958+0000] {logging_mixin.py:190} INFO - [2024-10-06T04:18:57.958+0000] {override.py:1900} INFO - Created Permission View: can create on DAG Run:read_dataset_event
[2024-10-06T04:18:57.966+0000] {logging_mixin.py:190} INFO - [2024-10-06T04:18:57.966+0000] {override.py:1900} INFO - Created Permission View: menu access on DAG Run:read_dataset_event
[2024-10-06T04:18:57.973+0000] {logging_mixin.py:190} INFO - [2024-10-06T04:18:57.973+0000] {override.py:1900} INFO - Created Permission View: can read on DAG Run:read_dataset_event
[2024-10-06T04:18:57.981+0000] {logging_mixin.py:190} INFO - [2024-10-06T04:18:57.981+0000] {override.py:1900} INFO - Created Permission View: can delete on DAG Run:read_dataset_event
[2024-10-06T04:18:57.982+0000] {logging_mixin.py:190} INFO - [2024-10-06T04:18:57.982+0000] {dag.py:3239} INFO - Sync 2 DAGs
[2024-10-06T04:18:58.000+0000] {logging_mixin.py:190} INFO - [2024-10-06T04:18:57.999+0000] {dag.py:3262} INFO - Creating ORM DAG for read_dataset_event
[2024-10-06T04:18:58.001+0000] {logging_mixin.py:190} INFO - [2024-10-06T04:18:58.001+0000] {dag.py:3262} INFO - Creating ORM DAG for read_dataset_event_from_classic
[2024-10-06T04:18:58.016+0000] {logging_mixin.py:190} INFO - [2024-10-06T04:18:58.015+0000] {dag.py:4180} INFO - Setting next_dagrun for read_dataset_event to 2024-10-05 00:00:00+00:00, run_after=2024-10-06 00:00:00+00:00
[2024-10-06T04:18:58.018+0000] {logging_mixin.py:190} INFO - [2024-10-06T04:18:58.018+0000] {dag.py:4180} INFO - Setting next_dagrun for read_dataset_event_from_classic to 2024-10-05 00:00:00+00:00, run_after=2024-10-06 00:00:00+00:00
[2024-10-06T04:18:58.049+0000] {processor.py:208} INFO - Processing /home/airflow/.local/lib/python3.12/site-packages/airflow/example_dags/example_inlet_event_extra.py took 0.686 seconds
[2024-10-06T04:19:48.435+0000] {processor.py:186} INFO - Started process (PID=119) to work on /home/airflow/.local/lib/python3.12/site-packages/airflow/example_dags/example_inlet_event_extra.py
[2024-10-06T04:19:48.437+0000] {processor.py:914} INFO - Processing file /home/airflow/.local/lib/python3.12/site-packages/airflow/example_dags/example_inlet_event_extra.py for tasks to queue
[2024-10-06T04:19:48.440+0000] {logging_mixin.py:190} INFO - [2024-10-06T04:19:48.440+0000] {dagbag.py:588} INFO - Filling up the DagBag from /home/airflow/.local/lib/python3.12/site-packages/airflow/example_dags/example_inlet_event_extra.py
[2024-10-06T04:19:48.609+0000] {processor.py:925} INFO - DAG(s) 'read_dataset_event_from_classic', 'read_dataset_event' retrieved from /home/airflow/.local/lib/python3.12/site-packages/airflow/example_dags/example_inlet_event_extra.py
[2024-10-06T04:19:48.692+0000] {logging_mixin.py:190} INFO - [2024-10-06T04:19:48.692+0000] {dag.py:3239} INFO - Sync 2 DAGs
[2024-10-06T04:19:48.757+0000] {logging_mixin.py:190} INFO - [2024-10-06T04:19:48.756+0000] {dag.py:4180} INFO - Setting next_dagrun for read_dataset_event to 2024-10-05 00:00:00+00:00, run_after=2024-10-06 00:00:00+00:00
[2024-10-06T04:19:48.774+0000] {logging_mixin.py:190} INFO - [2024-10-06T04:19:48.774+0000] {dag.py:4180} INFO - Setting next_dagrun for read_dataset_event_from_classic to 2024-10-05 00:00:00+00:00, run_after=2024-10-06 00:00:00+00:00
[2024-10-06T04:19:48.796+0000] {processor.py:208} INFO - Processing /home/airflow/.local/lib/python3.12/site-packages/airflow/example_dags/example_inlet_event_extra.py took 0.369 seconds
[2024-10-06T04:20:19.103+0000] {processor.py:186} INFO - Started process (PID=181) to work on /home/airflow/.local/lib/python3.12/site-packages/airflow/example_dags/example_inlet_event_extra.py
[2024-10-06T04:20:19.105+0000] {processor.py:914} INFO - Processing file /home/airflow/.local/lib/python3.12/site-packages/airflow/example_dags/example_inlet_event_extra.py for tasks to queue
[2024-10-06T04:20:19.126+0000] {logging_mixin.py:190} INFO - [2024-10-06T04:20:19.126+0000] {dagbag.py:588} INFO - Filling up the DagBag from /home/airflow/.local/lib/python3.12/site-packages/airflow/example_dags/example_inlet_event_extra.py
[2024-10-06T04:20:19.322+0000] {processor.py:925} INFO - DAG(s) 'read_dataset_event', 'read_dataset_event_from_classic' retrieved from /home/airflow/.local/lib/python3.12/site-packages/airflow/example_dags/example_inlet_event_extra.py
[2024-10-06T04:20:19.354+0000] {logging_mixin.py:190} INFO - [2024-10-06T04:20:19.353+0000] {dag.py:3239} INFO - Sync 2 DAGs
[2024-10-06T04:20:19.395+0000] {logging_mixin.py:190} INFO - [2024-10-06T04:20:19.395+0000] {dag.py:4180} INFO - Setting next_dagrun for read_dataset_event to 2024-10-05 00:00:00+00:00, run_after=2024-10-06 00:00:00+00:00
[2024-10-06T04:20:19.403+0000] {logging_mixin.py:190} INFO - [2024-10-06T04:20:19.403+0000] {dag.py:4180} INFO - Setting next_dagrun for read_dataset_event_from_classic to 2024-10-05 00:00:00+00:00, run_after=2024-10-06 00:00:00+00:00
[2024-10-06T04:20:19.427+0000] {processor.py:208} INFO - Processing /home/airflow/.local/lib/python3.12/site-packages/airflow/example_dags/example_inlet_event_extra.py took 0.334 seconds
[2024-10-06T04:20:49.632+0000] {processor.py:186} INFO - Started process (PID=245) to work on /home/airflow/.local/lib/python3.12/site-packages/airflow/example_dags/example_inlet_event_extra.py
[2024-10-06T04:20:49.634+0000] {processor.py:914} INFO - Processing file /home/airflow/.local/lib/python3.12/site-packages/airflow/example_dags/example_inlet_event_extra.py for tasks to queue
[2024-10-06T04:20:49.638+0000] {logging_mixin.py:190} INFO - [2024-10-06T04:20:49.638+0000] {dagbag.py:588} INFO - Filling up the DagBag from /home/airflow/.local/lib/python3.12/site-packages/airflow/example_dags/example_inlet_event_extra.py
[2024-10-06T04:20:49.816+0000] {processor.py:925} INFO - DAG(s) 'read_dataset_event_from_classic', 'read_dataset_event' retrieved from /home/airflow/.local/lib/python3.12/site-packages/airflow/example_dags/example_inlet_event_extra.py
[2024-10-06T04:20:49.847+0000] {logging_mixin.py:190} INFO - [2024-10-06T04:20:49.847+0000] {dag.py:3239} INFO - Sync 2 DAGs
[2024-10-06T04:20:49.889+0000] {logging_mixin.py:190} INFO - [2024-10-06T04:20:49.889+0000] {dag.py:4180} INFO - Setting next_dagrun for read_dataset_event to 2024-10-05 00:00:00+00:00, run_after=2024-10-06 00:00:00+00:00
[2024-10-06T04:20:49.928+0000] {logging_mixin.py:190} INFO - [2024-10-06T04:20:49.927+0000] {dag.py:4180} INFO - Setting next_dagrun for read_dataset_event_from_classic to 2024-10-05 00:00:00+00:00, run_after=2024-10-06 00:00:00+00:00
[2024-10-06T04:20:50.045+0000] {processor.py:208} INFO - Processing /home/airflow/.local/lib/python3.12/site-packages/airflow/example_dags/example_inlet_event_extra.py took 0.422 seconds
[2024-10-06T04:21:20.688+0000] {processor.py:186} INFO - Started process (PID=307) to work on /home/airflow/.local/lib/python3.12/site-packages/airflow/example_dags/example_inlet_event_extra.py
[2024-10-06T04:21:20.690+0000] {processor.py:914} INFO - Processing file /home/airflow/.local/lib/python3.12/site-packages/airflow/example_dags/example_inlet_event_extra.py for tasks to queue
[2024-10-06T04:21:20.693+0000] {logging_mixin.py:190} INFO - [2024-10-06T04:21:20.693+0000] {dagbag.py:588} INFO - Filling up the DagBag from /home/airflow/.local/lib/python3.12/site-packages/airflow/example_dags/example_inlet_event_extra.py
[2024-10-06T04:21:20.882+0000] {processor.py:925} INFO - DAG(s) 'read_dataset_event', 'read_dataset_event_from_classic' retrieved from /home/airflow/.local/lib/python3.12/site-packages/airflow/example_dags/example_inlet_event_extra.py
[2024-10-06T04:21:20.915+0000] {logging_mixin.py:190} INFO - [2024-10-06T04:21:20.915+0000] {dag.py:3239} INFO - Sync 2 DAGs
[2024-10-06T04:21:20.956+0000] {logging_mixin.py:190} INFO - [2024-10-06T04:21:20.955+0000] {dag.py:4180} INFO - Setting next_dagrun for read_dataset_event to 2024-10-05 00:00:00+00:00, run_after=2024-10-06 00:00:00+00:00
[2024-10-06T04:21:20.963+0000] {logging_mixin.py:190} INFO - [2024-10-06T04:21:20.963+0000] {dag.py:4180} INFO - Setting next_dagrun for read_dataset_event_from_classic to 2024-10-05 00:00:00+00:00, run_after=2024-10-06 00:00:00+00:00
[2024-10-06T04:21:20.992+0000] {processor.py:208} INFO - Processing /home/airflow/.local/lib/python3.12/site-packages/airflow/example_dags/example_inlet_event_extra.py took 0.313 seconds
[2024-10-06T04:21:51.070+0000] {processor.py:186} INFO - Started process (PID=369) to work on /home/airflow/.local/lib/python3.12/site-packages/airflow/example_dags/example_inlet_event_extra.py
[2024-10-06T04:21:51.072+0000] {processor.py:914} INFO - Processing file /home/airflow/.local/lib/python3.12/site-packages/airflow/example_dags/example_inlet_event_extra.py for tasks to queue
[2024-10-06T04:21:51.075+0000] {logging_mixin.py:190} INFO - [2024-10-06T04:21:51.075+0000] {dagbag.py:588} INFO - Filling up the DagBag from /home/airflow/.local/lib/python3.12/site-packages/airflow/example_dags/example_inlet_event_extra.py
[2024-10-06T04:21:51.234+0000] {processor.py:925} INFO - DAG(s) 'read_dataset_event_from_classic', 'read_dataset_event' retrieved from /home/airflow/.local/lib/python3.12/site-packages/airflow/example_dags/example_inlet_event_extra.py
[2024-10-06T04:21:51.268+0000] {logging_mixin.py:190} INFO - [2024-10-06T04:21:51.267+0000] {dag.py:3239} INFO - Sync 2 DAGs
[2024-10-06T04:21:51.307+0000] {logging_mixin.py:190} INFO - [2024-10-06T04:21:51.306+0000] {dag.py:4180} INFO - Setting next_dagrun for read_dataset_event to 2024-10-05 00:00:00+00:00, run_after=2024-10-06 00:00:00+00:00
[2024-10-06T04:21:51.314+0000] {logging_mixin.py:190} INFO - [2024-10-06T04:21:51.314+0000] {dag.py:4180} INFO - Setting next_dagrun for read_dataset_event_from_classic to 2024-10-05 00:00:00+00:00, run_after=2024-10-06 00:00:00+00:00
[2024-10-06T04:21:51.341+0000] {processor.py:208} INFO - Processing /home/airflow/.local/lib/python3.12/site-packages/airflow/example_dags/example_inlet_event_extra.py took 0.280 seconds
[2024-10-06T04:22:21.492+0000] {processor.py:186} INFO - Started process (PID=433) to work on /home/airflow/.local/lib/python3.12/site-packages/airflow/example_dags/example_inlet_event_extra.py
[2024-10-06T04:22:21.494+0000] {processor.py:914} INFO - Processing file /home/airflow/.local/lib/python3.12/site-packages/airflow/example_dags/example_inlet_event_extra.py for tasks to queue
[2024-10-06T04:22:21.497+0000] {logging_mixin.py:190} INFO - [2024-10-06T04:22:21.497+0000] {dagbag.py:588} INFO - Filling up the DagBag from /home/airflow/.local/lib/python3.12/site-packages/airflow/example_dags/example_inlet_event_extra.py
[2024-10-06T04:22:21.664+0000] {processor.py:925} INFO - DAG(s) 'read_dataset_event', 'read_dataset_event_from_classic' retrieved from /home/airflow/.local/lib/python3.12/site-packages/airflow/example_dags/example_inlet_event_extra.py
[2024-10-06T04:22:21.698+0000] {logging_mixin.py:190} INFO - [2024-10-06T04:22:21.697+0000] {dag.py:3239} INFO - Sync 2 DAGs
[2024-10-06T04:22:21.733+0000] {logging_mixin.py:190} INFO - [2024-10-06T04:22:21.732+0000] {dag.py:4180} INFO - Setting next_dagrun for read_dataset_event to 2024-10-05 00:00:00+00:00, run_after=2024-10-06 00:00:00+00:00
[2024-10-06T04:22:21.740+0000] {logging_mixin.py:190} INFO - [2024-10-06T04:22:21.739+0000] {dag.py:4180} INFO - Setting next_dagrun for read_dataset_event_from_classic to 2024-10-05 00:00:00+00:00, run_after=2024-10-06 00:00:00+00:00
[2024-10-06T04:22:21.765+0000] {processor.py:208} INFO - Processing /home/airflow/.local/lib/python3.12/site-packages/airflow/example_dags/example_inlet_event_extra.py took 0.281 seconds
[2024-10-06T04:22:51.871+0000] {processor.py:186} INFO - Started process (PID=493) to work on /home/airflow/.local/lib/python3.12/site-packages/airflow/example_dags/example_inlet_event_extra.py
[2024-10-06T04:22:51.873+0000] {processor.py:914} INFO - Processing file /home/airflow/.local/lib/python3.12/site-packages/airflow/example_dags/example_inlet_event_extra.py for tasks to queue
[2024-10-06T04:22:51.877+0000] {logging_mixin.py:190} INFO - [2024-10-06T04:22:51.876+0000] {dagbag.py:588} INFO - Filling up the DagBag from /home/airflow/.local/lib/python3.12/site-packages/airflow/example_dags/example_inlet_event_extra.py
[2024-10-06T04:22:52.032+0000] {processor.py:925} INFO - DAG(s) 'read_dataset_event_from_classic', 'read_dataset_event' retrieved from /home/airflow/.local/lib/python3.12/site-packages/airflow/example_dags/example_inlet_event_extra.py
[2024-10-06T04:22:52.060+0000] {logging_mixin.py:190} INFO - [2024-10-06T04:22:52.060+0000] {dag.py:3239} INFO - Sync 2 DAGs
[2024-10-06T04:22:52.118+0000] {logging_mixin.py:190} INFO - [2024-10-06T04:22:52.118+0000] {dag.py:4180} INFO - Setting next_dagrun for read_dataset_event to 2024-10-05 00:00:00+00:00, run_after=2024-10-06 00:00:00+00:00
[2024-10-06T04:22:52.124+0000] {logging_mixin.py:190} INFO - [2024-10-06T04:22:52.124+0000] {dag.py:4180} INFO - Setting next_dagrun for read_dataset_event_from_classic to 2024-10-05 00:00:00+00:00, run_after=2024-10-06 00:00:00+00:00
[2024-10-06T04:22:52.143+0000] {processor.py:208} INFO - Processing /home/airflow/.local/lib/python3.12/site-packages/airflow/example_dags/example_inlet_event_extra.py took 0.280 seconds
[2024-10-06T04:23:22.342+0000] {processor.py:186} INFO - Started process (PID=555) to work on /home/airflow/.local/lib/python3.12/site-packages/airflow/example_dags/example_inlet_event_extra.py
[2024-10-06T04:23:22.344+0000] {processor.py:914} INFO - Processing file /home/airflow/.local/lib/python3.12/site-packages/airflow/example_dags/example_inlet_event_extra.py for tasks to queue
[2024-10-06T04:23:22.348+0000] {logging_mixin.py:190} INFO - [2024-10-06T04:23:22.348+0000] {dagbag.py:588} INFO - Filling up the DagBag from /home/airflow/.local/lib/python3.12/site-packages/airflow/example_dags/example_inlet_event_extra.py
[2024-10-06T04:23:22.520+0000] {processor.py:925} INFO - DAG(s) 'read_dataset_event', 'read_dataset_event_from_classic' retrieved from /home/airflow/.local/lib/python3.12/site-packages/airflow/example_dags/example_inlet_event_extra.py
[2024-10-06T04:23:22.546+0000] {logging_mixin.py:190} INFO - [2024-10-06T04:23:22.545+0000] {dag.py:3239} INFO - Sync 2 DAGs
[2024-10-06T04:23:22.581+0000] {logging_mixin.py:190} INFO - [2024-10-06T04:23:22.581+0000] {dag.py:4180} INFO - Setting next_dagrun for read_dataset_event to 2024-10-05 00:00:00+00:00, run_after=2024-10-06 00:00:00+00:00
[2024-10-06T04:23:22.589+0000] {logging_mixin.py:190} INFO - [2024-10-06T04:23:22.589+0000] {dag.py:4180} INFO - Setting next_dagrun for read_dataset_event_from_classic to 2024-10-05 00:00:00+00:00, run_after=2024-10-06 00:00:00+00:00
[2024-10-06T04:23:22.619+0000] {processor.py:208} INFO - Processing /home/airflow/.local/lib/python3.12/site-packages/airflow/example_dags/example_inlet_event_extra.py took 0.289 seconds
[2024-10-06T04:23:53.196+0000] {processor.py:186} INFO - Started process (PID=616) to work on /home/airflow/.local/lib/python3.12/site-packages/airflow/example_dags/example_inlet_event_extra.py
[2024-10-06T04:23:53.198+0000] {processor.py:914} INFO - Processing file /home/airflow/.local/lib/python3.12/site-packages/airflow/example_dags/example_inlet_event_extra.py for tasks to queue
[2024-10-06T04:23:53.201+0000] {logging_mixin.py:190} INFO - [2024-10-06T04:23:53.201+0000] {dagbag.py:588} INFO - Filling up the DagBag from /home/airflow/.local/lib/python3.12/site-packages/airflow/example_dags/example_inlet_event_extra.py
[2024-10-06T04:23:53.355+0000] {processor.py:925} INFO - DAG(s) 'read_dataset_event_from_classic', 'read_dataset_event' retrieved from /home/airflow/.local/lib/python3.12/site-packages/airflow/example_dags/example_inlet_event_extra.py
[2024-10-06T04:23:53.383+0000] {logging_mixin.py:190} INFO - [2024-10-06T04:23:53.382+0000] {dag.py:3239} INFO - Sync 2 DAGs
[2024-10-06T04:23:53.416+0000] {logging_mixin.py:190} INFO - [2024-10-06T04:23:53.416+0000] {dag.py:4180} INFO - Setting next_dagrun for read_dataset_event to 2024-10-05 00:00:00+00:00, run_after=2024-10-06 00:00:00+00:00
[2024-10-06T04:23:53.423+0000] {logging_mixin.py:190} INFO - [2024-10-06T04:23:53.423+0000] {dag.py:4180} INFO - Setting next_dagrun for read_dataset_event_from_classic to 2024-10-05 00:00:00+00:00, run_after=2024-10-06 00:00:00+00:00
[2024-10-06T04:23:53.448+0000] {processor.py:208} INFO - Processing /home/airflow/.local/lib/python3.12/site-packages/airflow/example_dags/example_inlet_event_extra.py took 0.259 seconds
[2024-10-06T04:24:23.946+0000] {processor.py:186} INFO - Started process (PID=678) to work on /home/airflow/.local/lib/python3.12/site-packages/airflow/example_dags/example_inlet_event_extra.py
[2024-10-06T04:24:23.947+0000] {processor.py:914} INFO - Processing file /home/airflow/.local/lib/python3.12/site-packages/airflow/example_dags/example_inlet_event_extra.py for tasks to queue
[2024-10-06T04:24:23.952+0000] {logging_mixin.py:190} INFO - [2024-10-06T04:24:23.951+0000] {dagbag.py:588} INFO - Filling up the DagBag from /home/airflow/.local/lib/python3.12/site-packages/airflow/example_dags/example_inlet_event_extra.py
[2024-10-06T04:24:24.119+0000] {processor.py:925} INFO - DAG(s) 'read_dataset_event_from_classic', 'read_dataset_event' retrieved from /home/airflow/.local/lib/python3.12/site-packages/airflow/example_dags/example_inlet_event_extra.py
[2024-10-06T04:24:24.152+0000] {logging_mixin.py:190} INFO - [2024-10-06T04:24:24.152+0000] {dag.py:3239} INFO - Sync 2 DAGs
[2024-10-06T04:24:24.186+0000] {logging_mixin.py:190} INFO - [2024-10-06T04:24:24.186+0000] {dag.py:4180} INFO - Setting next_dagrun for read_dataset_event to 2024-10-05 00:00:00+00:00, run_after=2024-10-06 00:00:00+00:00
[2024-10-06T04:24:24.192+0000] {logging_mixin.py:190} INFO - [2024-10-06T04:24:24.192+0000] {dag.py:4180} INFO - Setting next_dagrun for read_dataset_event_from_classic to 2024-10-05 00:00:00+00:00, run_after=2024-10-06 00:00:00+00:00
[2024-10-06T04:24:24.213+0000] {processor.py:208} INFO - Processing /home/airflow/.local/lib/python3.12/site-packages/airflow/example_dags/example_inlet_event_extra.py took 0.283 seconds
[2024-10-06T04:24:55.155+0000] {processor.py:186} INFO - Started process (PID=739) to work on /home/airflow/.local/lib/python3.12/site-packages/airflow/example_dags/example_inlet_event_extra.py
[2024-10-06T04:24:55.157+0000] {processor.py:914} INFO - Processing file /home/airflow/.local/lib/python3.12/site-packages/airflow/example_dags/example_inlet_event_extra.py for tasks to queue
[2024-10-06T04:24:55.160+0000] {logging_mixin.py:190} INFO - [2024-10-06T04:24:55.160+0000] {dagbag.py:588} INFO - Filling up the DagBag from /home/airflow/.local/lib/python3.12/site-packages/airflow/example_dags/example_inlet_event_extra.py
[2024-10-06T04:24:55.329+0000] {processor.py:925} INFO - DAG(s) 'read_dataset_event', 'read_dataset_event_from_classic' retrieved from /home/airflow/.local/lib/python3.12/site-packages/airflow/example_dags/example_inlet_event_extra.py
[2024-10-06T04:24:55.387+0000] {logging_mixin.py:190} INFO - [2024-10-06T04:24:55.387+0000] {dag.py:3239} INFO - Sync 2 DAGs
[2024-10-06T04:24:55.458+0000] {logging_mixin.py:190} INFO - [2024-10-06T04:24:55.457+0000] {dag.py:4180} INFO - Setting next_dagrun for read_dataset_event to 2024-10-05 00:00:00+00:00, run_after=2024-10-06 00:00:00+00:00
[2024-10-06T04:24:55.464+0000] {logging_mixin.py:190} INFO - [2024-10-06T04:24:55.463+0000] {dag.py:4180} INFO - Setting next_dagrun for read_dataset_event_from_classic to 2024-10-05 00:00:00+00:00, run_after=2024-10-06 00:00:00+00:00
[2024-10-06T04:24:55.490+0000] {processor.py:208} INFO - Processing /home/airflow/.local/lib/python3.12/site-packages/airflow/example_dags/example_inlet_event_extra.py took 0.343 seconds
[2024-10-06T04:25:26.110+0000] {processor.py:186} INFO - Started process (PID=802) to work on /home/airflow/.local/lib/python3.12/site-packages/airflow/example_dags/example_inlet_event_extra.py
[2024-10-06T04:25:26.112+0000] {processor.py:914} INFO - Processing file /home/airflow/.local/lib/python3.12/site-packages/airflow/example_dags/example_inlet_event_extra.py for tasks to queue
[2024-10-06T04:25:26.117+0000] {logging_mixin.py:190} INFO - [2024-10-06T04:25:26.117+0000] {dagbag.py:588} INFO - Filling up the DagBag from /home/airflow/.local/lib/python3.12/site-packages/airflow/example_dags/example_inlet_event_extra.py
[2024-10-06T04:25:26.309+0000] {processor.py:925} INFO - DAG(s) 'read_dataset_event_from_classic', 'read_dataset_event' retrieved from /home/airflow/.local/lib/python3.12/site-packages/airflow/example_dags/example_inlet_event_extra.py
[2024-10-06T04:25:26.340+0000] {logging_mixin.py:190} INFO - [2024-10-06T04:25:26.340+0000] {dag.py:3239} INFO - Sync 2 DAGs
[2024-10-06T04:25:26.378+0000] {logging_mixin.py:190} INFO - [2024-10-06T04:25:26.377+0000] {dag.py:4180} INFO - Setting next_dagrun for read_dataset_event to 2024-10-05 00:00:00+00:00, run_after=2024-10-06 00:00:00+00:00
[2024-10-06T04:25:26.388+0000] {logging_mixin.py:190} INFO - [2024-10-06T04:25:26.388+0000] {dag.py:4180} INFO - Setting next_dagrun for read_dataset_event_from_classic to 2024-10-05 00:00:00+00:00, run_after=2024-10-06 00:00:00+00:00
[2024-10-06T04:25:26.414+0000] {processor.py:208} INFO - Processing /home/airflow/.local/lib/python3.12/site-packages/airflow/example_dags/example_inlet_event_extra.py took 0.318 seconds
[2024-10-06T04:25:56.566+0000] {processor.py:186} INFO - Started process (PID=864) to work on /home/airflow/.local/lib/python3.12/site-packages/airflow/example_dags/example_inlet_event_extra.py
[2024-10-06T04:25:56.567+0000] {processor.py:914} INFO - Processing file /home/airflow/.local/lib/python3.12/site-packages/airflow/example_dags/example_inlet_event_extra.py for tasks to queue
[2024-10-06T04:25:56.571+0000] {logging_mixin.py:190} INFO - [2024-10-06T04:25:56.570+0000] {dagbag.py:588} INFO - Filling up the DagBag from /home/airflow/.local/lib/python3.12/site-packages/airflow/example_dags/example_inlet_event_extra.py
[2024-10-06T04:25:56.730+0000] {processor.py:925} INFO - DAG(s) 'read_dataset_event', 'read_dataset_event_from_classic' retrieved from /home/airflow/.local/lib/python3.12/site-packages/airflow/example_dags/example_inlet_event_extra.py
[2024-10-06T04:25:56.763+0000] {logging_mixin.py:190} INFO - [2024-10-06T04:25:56.763+0000] {dag.py:3239} INFO - Sync 2 DAGs
[2024-10-06T04:25:56.797+0000] {logging_mixin.py:190} INFO - [2024-10-06T04:25:56.797+0000] {dag.py:4180} INFO - Setting next_dagrun for read_dataset_event to 2024-10-05 00:00:00+00:00, run_after=2024-10-06 00:00:00+00:00
[2024-10-06T04:25:56.803+0000] {logging_mixin.py:190} INFO - [2024-10-06T04:25:56.803+0000] {dag.py:4180} INFO - Setting next_dagrun for read_dataset_event_from_classic to 2024-10-05 00:00:00+00:00, run_after=2024-10-06 00:00:00+00:00
[2024-10-06T04:25:56.824+0000] {processor.py:208} INFO - Processing /home/airflow/.local/lib/python3.12/site-packages/airflow/example_dags/example_inlet_event_extra.py took 0.266 seconds
[2024-10-06T04:26:27.048+0000] {processor.py:186} INFO - Started process (PID=926) to work on /home/airflow/.local/lib/python3.12/site-packages/airflow/example_dags/example_inlet_event_extra.py
[2024-10-06T04:26:27.049+0000] {processor.py:914} INFO - Processing file /home/airflow/.local/lib/python3.12/site-packages/airflow/example_dags/example_inlet_event_extra.py for tasks to queue
[2024-10-06T04:26:27.053+0000] {logging_mixin.py:190} INFO - [2024-10-06T04:26:27.052+0000] {dagbag.py:588} INFO - Filling up the DagBag from /home/airflow/.local/lib/python3.12/site-packages/airflow/example_dags/example_inlet_event_extra.py
[2024-10-06T04:26:27.256+0000] {processor.py:925} INFO - DAG(s) 'read_dataset_event', 'read_dataset_event_from_classic' retrieved from /home/airflow/.local/lib/python3.12/site-packages/airflow/example_dags/example_inlet_event_extra.py
[2024-10-06T04:26:27.287+0000] {logging_mixin.py:190} INFO - [2024-10-06T04:26:27.287+0000] {dag.py:3239} INFO - Sync 2 DAGs
[2024-10-06T04:26:27.329+0000] {logging_mixin.py:190} INFO - [2024-10-06T04:26:27.329+0000] {dag.py:4180} INFO - Setting next_dagrun for read_dataset_event to 2024-10-05 00:00:00+00:00, run_after=2024-10-06 00:00:00+00:00
[2024-10-06T04:26:27.339+0000] {logging_mixin.py:190} INFO - [2024-10-06T04:26:27.339+0000] {dag.py:4180} INFO - Setting next_dagrun for read_dataset_event_from_classic to 2024-10-05 00:00:00+00:00, run_after=2024-10-06 00:00:00+00:00
[2024-10-06T04:26:27.373+0000] {processor.py:208} INFO - Processing /home/airflow/.local/lib/python3.12/site-packages/airflow/example_dags/example_inlet_event_extra.py took 0.333 seconds
[2024-10-06T04:26:57.508+0000] {processor.py:186} INFO - Started process (PID=988) to work on /home/airflow/.local/lib/python3.12/site-packages/airflow/example_dags/example_inlet_event_extra.py
[2024-10-06T04:26:57.509+0000] {processor.py:914} INFO - Processing file /home/airflow/.local/lib/python3.12/site-packages/airflow/example_dags/example_inlet_event_extra.py for tasks to queue
[2024-10-06T04:26:57.513+0000] {logging_mixin.py:190} INFO - [2024-10-06T04:26:57.513+0000] {dagbag.py:588} INFO - Filling up the DagBag from /home/airflow/.local/lib/python3.12/site-packages/airflow/example_dags/example_inlet_event_extra.py
[2024-10-06T04:26:57.695+0000] {processor.py:925} INFO - DAG(s) 'read_dataset_event', 'read_dataset_event_from_classic' retrieved from /home/airflow/.local/lib/python3.12/site-packages/airflow/example_dags/example_inlet_event_extra.py
[2024-10-06T04:26:57.728+0000] {logging_mixin.py:190} INFO - [2024-10-06T04:26:57.727+0000] {dag.py:3239} INFO - Sync 2 DAGs
[2024-10-06T04:26:57.778+0000] {logging_mixin.py:190} INFO - [2024-10-06T04:26:57.778+0000] {dag.py:4180} INFO - Setting next_dagrun for read_dataset_event to 2024-10-05 00:00:00+00:00, run_after=2024-10-06 00:00:00+00:00
[2024-10-06T04:26:57.784+0000] {logging_mixin.py:190} INFO - [2024-10-06T04:26:57.784+0000] {dag.py:4180} INFO - Setting next_dagrun for read_dataset_event_from_classic to 2024-10-05 00:00:00+00:00, run_after=2024-10-06 00:00:00+00:00
[2024-10-06T04:26:57.804+0000] {processor.py:208} INFO - Processing /home/airflow/.local/lib/python3.12/site-packages/airflow/example_dags/example_inlet_event_extra.py took 0.306 seconds
[2024-10-06T04:27:28.983+0000] {processor.py:186} INFO - Started process (PID=1051) to work on /home/airflow/.local/lib/python3.12/site-packages/airflow/example_dags/example_inlet_event_extra.py
[2024-10-06T04:27:28.985+0000] {processor.py:914} INFO - Processing file /home/airflow/.local/lib/python3.12/site-packages/airflow/example_dags/example_inlet_event_extra.py for tasks to queue
[2024-10-06T04:27:28.990+0000] {logging_mixin.py:190} INFO - [2024-10-06T04:27:28.989+0000] {dagbag.py:588} INFO - Filling up the DagBag from /home/airflow/.local/lib/python3.12/site-packages/airflow/example_dags/example_inlet_event_extra.py
[2024-10-06T04:27:29.284+0000] {processor.py:925} INFO - DAG(s) 'read_dataset_event', 'read_dataset_event_from_classic' retrieved from /home/airflow/.local/lib/python3.12/site-packages/airflow/example_dags/example_inlet_event_extra.py
[2024-10-06T04:27:29.317+0000] {logging_mixin.py:190} INFO - [2024-10-06T04:27:29.317+0000] {dag.py:3239} INFO - Sync 2 DAGs
[2024-10-06T04:27:29.411+0000] {logging_mixin.py:190} INFO - [2024-10-06T04:27:29.410+0000] {dag.py:4180} INFO - Setting next_dagrun for read_dataset_event to 2024-10-05 00:00:00+00:00, run_after=2024-10-06 00:00:00+00:00
[2024-10-06T04:27:29.449+0000] {logging_mixin.py:190} INFO - [2024-10-06T04:27:29.448+0000] {dag.py:4180} INFO - Setting next_dagrun for read_dataset_event_from_classic to 2024-10-05 00:00:00+00:00, run_after=2024-10-06 00:00:00+00:00
[2024-10-06T04:27:29.558+0000] {processor.py:208} INFO - Processing /home/airflow/.local/lib/python3.12/site-packages/airflow/example_dags/example_inlet_event_extra.py took 0.591 seconds
[2024-10-06T04:28:00.152+0000] {processor.py:186} INFO - Started process (PID=1113) to work on /home/airflow/.local/lib/python3.12/site-packages/airflow/example_dags/example_inlet_event_extra.py
[2024-10-06T04:28:00.154+0000] {processor.py:914} INFO - Processing file /home/airflow/.local/lib/python3.12/site-packages/airflow/example_dags/example_inlet_event_extra.py for tasks to queue
[2024-10-06T04:28:00.158+0000] {logging_mixin.py:190} INFO - [2024-10-06T04:28:00.158+0000] {dagbag.py:588} INFO - Filling up the DagBag from /home/airflow/.local/lib/python3.12/site-packages/airflow/example_dags/example_inlet_event_extra.py
[2024-10-06T04:28:00.385+0000] {processor.py:925} INFO - DAG(s) 'read_dataset_event_from_classic', 'read_dataset_event' retrieved from /home/airflow/.local/lib/python3.12/site-packages/airflow/example_dags/example_inlet_event_extra.py
[2024-10-06T04:28:00.428+0000] {logging_mixin.py:190} INFO - [2024-10-06T04:28:00.427+0000] {dag.py:3239} INFO - Sync 2 DAGs
[2024-10-06T04:28:00.466+0000] {logging_mixin.py:190} INFO - [2024-10-06T04:28:00.466+0000] {dag.py:4180} INFO - Setting next_dagrun for read_dataset_event to 2024-10-05 00:00:00+00:00, run_after=2024-10-06 00:00:00+00:00
[2024-10-06T04:28:00.477+0000] {logging_mixin.py:190} INFO - [2024-10-06T04:28:00.477+0000] {dag.py:4180} INFO - Setting next_dagrun for read_dataset_event_from_classic to 2024-10-05 00:00:00+00:00, run_after=2024-10-06 00:00:00+00:00
[2024-10-06T04:28:00.760+0000] {processor.py:208} INFO - Processing /home/airflow/.local/lib/python3.12/site-packages/airflow/example_dags/example_inlet_event_extra.py took 0.623 seconds
[2024-10-06T04:28:31.452+0000] {processor.py:186} INFO - Started process (PID=1176) to work on /home/airflow/.local/lib/python3.12/site-packages/airflow/example_dags/example_inlet_event_extra.py
[2024-10-06T04:28:31.454+0000] {processor.py:914} INFO - Processing file /home/airflow/.local/lib/python3.12/site-packages/airflow/example_dags/example_inlet_event_extra.py for tasks to queue
[2024-10-06T04:28:31.457+0000] {logging_mixin.py:190} INFO - [2024-10-06T04:28:31.457+0000] {dagbag.py:588} INFO - Filling up the DagBag from /home/airflow/.local/lib/python3.12/site-packages/airflow/example_dags/example_inlet_event_extra.py
[2024-10-06T04:28:31.622+0000] {processor.py:925} INFO - DAG(s) 'read_dataset_event_from_classic', 'read_dataset_event' retrieved from /home/airflow/.local/lib/python3.12/site-packages/airflow/example_dags/example_inlet_event_extra.py
[2024-10-06T04:28:31.709+0000] {logging_mixin.py:190} INFO - [2024-10-06T04:28:31.708+0000] {dag.py:3239} INFO - Sync 2 DAGs
[2024-10-06T04:28:31.807+0000] {logging_mixin.py:190} INFO - [2024-10-06T04:28:31.806+0000] {dag.py:4180} INFO - Setting next_dagrun for read_dataset_event to 2024-10-05 00:00:00+00:00, run_after=2024-10-06 00:00:00+00:00
[2024-10-06T04:28:31.818+0000] {logging_mixin.py:190} INFO - [2024-10-06T04:28:31.817+0000] {dag.py:4180} INFO - Setting next_dagrun for read_dataset_event_from_classic to 2024-10-05 00:00:00+00:00, run_after=2024-10-06 00:00:00+00:00
[2024-10-06T04:28:31.835+0000] {processor.py:208} INFO - Processing /home/airflow/.local/lib/python3.12/site-packages/airflow/example_dags/example_inlet_event_extra.py took 0.391 seconds
[2024-10-06T04:29:02.324+0000] {processor.py:186} INFO - Started process (PID=1237) to work on /home/airflow/.local/lib/python3.12/site-packages/airflow/example_dags/example_inlet_event_extra.py
[2024-10-06T04:29:02.325+0000] {processor.py:914} INFO - Processing file /home/airflow/.local/lib/python3.12/site-packages/airflow/example_dags/example_inlet_event_extra.py for tasks to queue
[2024-10-06T04:29:02.330+0000] {logging_mixin.py:190} INFO - [2024-10-06T04:29:02.329+0000] {dagbag.py:588} INFO - Filling up the DagBag from /home/airflow/.local/lib/python3.12/site-packages/airflow/example_dags/example_inlet_event_extra.py
[2024-10-06T04:29:02.611+0000] {processor.py:925} INFO - DAG(s) 'read_dataset_event', 'read_dataset_event_from_classic' retrieved from /home/airflow/.local/lib/python3.12/site-packages/airflow/example_dags/example_inlet_event_extra.py
[2024-10-06T04:29:02.658+0000] {logging_mixin.py:190} INFO - [2024-10-06T04:29:02.658+0000] {dag.py:3239} INFO - Sync 2 DAGs
[2024-10-06T04:29:02.694+0000] {logging_mixin.py:190} INFO - [2024-10-06T04:29:02.693+0000] {dag.py:4180} INFO - Setting next_dagrun for read_dataset_event to 2024-10-05 00:00:00+00:00, run_after=2024-10-06 00:00:00+00:00
[2024-10-06T04:29:02.703+0000] {logging_mixin.py:190} INFO - [2024-10-06T04:29:02.703+0000] {dag.py:4180} INFO - Setting next_dagrun for read_dataset_event_from_classic to 2024-10-05 00:00:00+00:00, run_after=2024-10-06 00:00:00+00:00
[2024-10-06T04:29:02.726+0000] {processor.py:208} INFO - Processing /home/airflow/.local/lib/python3.12/site-packages/airflow/example_dags/example_inlet_event_extra.py took 0.421 seconds
[2024-10-06T04:29:32.850+0000] {processor.py:186} INFO - Started process (PID=1300) to work on /home/airflow/.local/lib/python3.12/site-packages/airflow/example_dags/example_inlet_event_extra.py
[2024-10-06T04:29:32.852+0000] {processor.py:914} INFO - Processing file /home/airflow/.local/lib/python3.12/site-packages/airflow/example_dags/example_inlet_event_extra.py for tasks to queue
[2024-10-06T04:29:32.855+0000] {logging_mixin.py:190} INFO - [2024-10-06T04:29:32.855+0000] {dagbag.py:588} INFO - Filling up the DagBag from /home/airflow/.local/lib/python3.12/site-packages/airflow/example_dags/example_inlet_event_extra.py
[2024-10-06T04:29:33.011+0000] {processor.py:925} INFO - DAG(s) 'read_dataset_event', 'read_dataset_event_from_classic' retrieved from /home/airflow/.local/lib/python3.12/site-packages/airflow/example_dags/example_inlet_event_extra.py
[2024-10-06T04:29:33.050+0000] {logging_mixin.py:190} INFO - [2024-10-06T04:29:33.050+0000] {dag.py:3239} INFO - Sync 2 DAGs
[2024-10-06T04:29:33.089+0000] {logging_mixin.py:190} INFO - [2024-10-06T04:29:33.088+0000] {dag.py:4180} INFO - Setting next_dagrun for read_dataset_event to 2024-10-05 00:00:00+00:00, run_after=2024-10-06 00:00:00+00:00
[2024-10-06T04:29:33.095+0000] {logging_mixin.py:190} INFO - [2024-10-06T04:29:33.095+0000] {dag.py:4180} INFO - Setting next_dagrun for read_dataset_event_from_classic to 2024-10-05 00:00:00+00:00, run_after=2024-10-06 00:00:00+00:00
[2024-10-06T04:29:33.119+0000] {processor.py:208} INFO - Processing /home/airflow/.local/lib/python3.12/site-packages/airflow/example_dags/example_inlet_event_extra.py took 0.277 seconds
[2024-10-06T04:30:03.990+0000] {processor.py:186} INFO - Started process (PID=1361) to work on /home/airflow/.local/lib/python3.12/site-packages/airflow/example_dags/example_inlet_event_extra.py
[2024-10-06T04:30:03.992+0000] {processor.py:914} INFO - Processing file /home/airflow/.local/lib/python3.12/site-packages/airflow/example_dags/example_inlet_event_extra.py for tasks to queue
[2024-10-06T04:30:03.997+0000] {logging_mixin.py:190} INFO - [2024-10-06T04:30:03.997+0000] {dagbag.py:588} INFO - Filling up the DagBag from /home/airflow/.local/lib/python3.12/site-packages/airflow/example_dags/example_inlet_event_extra.py
[2024-10-06T04:30:04.246+0000] {processor.py:925} INFO - DAG(s) 'read_dataset_event', 'read_dataset_event_from_classic' retrieved from /home/airflow/.local/lib/python3.12/site-packages/airflow/example_dags/example_inlet_event_extra.py
[2024-10-06T04:30:04.621+0000] {logging_mixin.py:190} INFO - [2024-10-06T04:30:04.620+0000] {dag.py:3239} INFO - Sync 2 DAGs
[2024-10-06T04:30:04.658+0000] {logging_mixin.py:190} INFO - [2024-10-06T04:30:04.657+0000] {dag.py:4180} INFO - Setting next_dagrun for read_dataset_event to 2024-10-05 00:00:00+00:00, run_after=2024-10-06 00:00:00+00:00
[2024-10-06T04:30:04.667+0000] {logging_mixin.py:190} INFO - [2024-10-06T04:30:04.667+0000] {dag.py:4180} INFO - Setting next_dagrun for read_dataset_event_from_classic to 2024-10-05 00:00:00+00:00, run_after=2024-10-06 00:00:00+00:00
[2024-10-06T04:30:04.698+0000] {processor.py:208} INFO - Processing /home/airflow/.local/lib/python3.12/site-packages/airflow/example_dags/example_inlet_event_extra.py took 0.723 seconds
[2024-10-06T04:30:35.322+0000] {processor.py:186} INFO - Started process (PID=1423) to work on /home/airflow/.local/lib/python3.12/site-packages/airflow/example_dags/example_inlet_event_extra.py
[2024-10-06T04:30:35.324+0000] {processor.py:914} INFO - Processing file /home/airflow/.local/lib/python3.12/site-packages/airflow/example_dags/example_inlet_event_extra.py for tasks to queue
[2024-10-06T04:30:35.328+0000] {logging_mixin.py:190} INFO - [2024-10-06T04:30:35.327+0000] {dagbag.py:588} INFO - Filling up the DagBag from /home/airflow/.local/lib/python3.12/site-packages/airflow/example_dags/example_inlet_event_extra.py
[2024-10-06T04:30:35.509+0000] {processor.py:925} INFO - DAG(s) 'read_dataset_event', 'read_dataset_event_from_classic' retrieved from /home/airflow/.local/lib/python3.12/site-packages/airflow/example_dags/example_inlet_event_extra.py
[2024-10-06T04:30:35.550+0000] {logging_mixin.py:190} INFO - [2024-10-06T04:30:35.550+0000] {dag.py:3239} INFO - Sync 2 DAGs
[2024-10-06T04:30:35.913+0000] {logging_mixin.py:190} INFO - [2024-10-06T04:30:35.912+0000] {dag.py:4180} INFO - Setting next_dagrun for read_dataset_event to 2024-10-05 00:00:00+00:00, run_after=2024-10-06 00:00:00+00:00
[2024-10-06T04:30:35.921+0000] {logging_mixin.py:190} INFO - [2024-10-06T04:30:35.921+0000] {dag.py:4180} INFO - Setting next_dagrun for read_dataset_event_from_classic to 2024-10-05 00:00:00+00:00, run_after=2024-10-06 00:00:00+00:00
[2024-10-06T04:30:35.957+0000] {processor.py:208} INFO - Processing /home/airflow/.local/lib/python3.12/site-packages/airflow/example_dags/example_inlet_event_extra.py took 0.644 seconds
[2024-10-06T04:31:06.743+0000] {processor.py:186} INFO - Started process (PID=1486) to work on /home/airflow/.local/lib/python3.12/site-packages/airflow/example_dags/example_inlet_event_extra.py
[2024-10-06T04:31:06.744+0000] {processor.py:914} INFO - Processing file /home/airflow/.local/lib/python3.12/site-packages/airflow/example_dags/example_inlet_event_extra.py for tasks to queue
[2024-10-06T04:31:06.749+0000] {logging_mixin.py:190} INFO - [2024-10-06T04:31:06.748+0000] {dagbag.py:588} INFO - Filling up the DagBag from /home/airflow/.local/lib/python3.12/site-packages/airflow/example_dags/example_inlet_event_extra.py
[2024-10-06T04:31:06.992+0000] {processor.py:925} INFO - DAG(s) 'read_dataset_event_from_classic', 'read_dataset_event' retrieved from /home/airflow/.local/lib/python3.12/site-packages/airflow/example_dags/example_inlet_event_extra.py
[2024-10-06T04:31:07.032+0000] {logging_mixin.py:190} INFO - [2024-10-06T04:31:07.032+0000] {dag.py:3239} INFO - Sync 2 DAGs
[2024-10-06T04:31:07.370+0000] {logging_mixin.py:190} INFO - [2024-10-06T04:31:07.370+0000] {dag.py:4180} INFO - Setting next_dagrun for read_dataset_event to 2024-10-05 00:00:00+00:00, run_after=2024-10-06 00:00:00+00:00
[2024-10-06T04:31:07.379+0000] {logging_mixin.py:190} INFO - [2024-10-06T04:31:07.378+0000] {dag.py:4180} INFO - Setting next_dagrun for read_dataset_event_from_classic to 2024-10-05 00:00:00+00:00, run_after=2024-10-06 00:00:00+00:00
[2024-10-06T04:31:07.403+0000] {processor.py:208} INFO - Processing /home/airflow/.local/lib/python3.12/site-packages/airflow/example_dags/example_inlet_event_extra.py took 0.671 seconds
[2024-10-06T04:31:37.803+0000] {processor.py:186} INFO - Started process (PID=1547) to work on /home/airflow/.local/lib/python3.12/site-packages/airflow/example_dags/example_inlet_event_extra.py
[2024-10-06T04:31:37.805+0000] {processor.py:914} INFO - Processing file /home/airflow/.local/lib/python3.12/site-packages/airflow/example_dags/example_inlet_event_extra.py for tasks to queue
[2024-10-06T04:31:37.809+0000] {logging_mixin.py:190} INFO - [2024-10-06T04:31:37.808+0000] {dagbag.py:588} INFO - Filling up the DagBag from /home/airflow/.local/lib/python3.12/site-packages/airflow/example_dags/example_inlet_event_extra.py
[2024-10-06T04:31:38.244+0000] {processor.py:925} INFO - DAG(s) 'read_dataset_event_from_classic', 'read_dataset_event' retrieved from /home/airflow/.local/lib/python3.12/site-packages/airflow/example_dags/example_inlet_event_extra.py
[2024-10-06T04:31:38.271+0000] {logging_mixin.py:190} INFO - [2024-10-06T04:31:38.270+0000] {dag.py:3239} INFO - Sync 2 DAGs
[2024-10-06T04:31:38.298+0000] {logging_mixin.py:190} INFO - [2024-10-06T04:31:38.298+0000] {dag.py:4180} INFO - Setting next_dagrun for read_dataset_event to 2024-10-05 00:00:00+00:00, run_after=2024-10-06 00:00:00+00:00
[2024-10-06T04:31:38.304+0000] {logging_mixin.py:190} INFO - [2024-10-06T04:31:38.304+0000] {dag.py:4180} INFO - Setting next_dagrun for read_dataset_event_from_classic to 2024-10-05 00:00:00+00:00, run_after=2024-10-06 00:00:00+00:00
[2024-10-06T04:31:38.324+0000] {processor.py:208} INFO - Processing /home/airflow/.local/lib/python3.12/site-packages/airflow/example_dags/example_inlet_event_extra.py took 0.531 seconds
[2024-10-06T04:32:08.525+0000] {processor.py:186} INFO - Started process (PID=1609) to work on /home/airflow/.local/lib/python3.12/site-packages/airflow/example_dags/example_inlet_event_extra.py
[2024-10-06T04:32:08.526+0000] {processor.py:914} INFO - Processing file /home/airflow/.local/lib/python3.12/site-packages/airflow/example_dags/example_inlet_event_extra.py for tasks to queue
[2024-10-06T04:32:08.530+0000] {logging_mixin.py:190} INFO - [2024-10-06T04:32:08.529+0000] {dagbag.py:588} INFO - Filling up the DagBag from /home/airflow/.local/lib/python3.12/site-packages/airflow/example_dags/example_inlet_event_extra.py
[2024-10-06T04:32:08.938+0000] {processor.py:925} INFO - DAG(s) 'read_dataset_event_from_classic', 'read_dataset_event' retrieved from /home/airflow/.local/lib/python3.12/site-packages/airflow/example_dags/example_inlet_event_extra.py
[2024-10-06T04:32:08.962+0000] {logging_mixin.py:190} INFO - [2024-10-06T04:32:08.962+0000] {dag.py:3239} INFO - Sync 2 DAGs
[2024-10-06T04:32:09.011+0000] {logging_mixin.py:190} INFO - [2024-10-06T04:32:09.010+0000] {dag.py:4180} INFO - Setting next_dagrun for read_dataset_event to 2024-10-05 00:00:00+00:00, run_after=2024-10-06 00:00:00+00:00
[2024-10-06T04:32:09.017+0000] {logging_mixin.py:190} INFO - [2024-10-06T04:32:09.017+0000] {dag.py:4180} INFO - Setting next_dagrun for read_dataset_event_from_classic to 2024-10-05 00:00:00+00:00, run_after=2024-10-06 00:00:00+00:00
[2024-10-06T04:32:09.039+0000] {processor.py:208} INFO - Processing /home/airflow/.local/lib/python3.12/site-packages/airflow/example_dags/example_inlet_event_extra.py took 0.523 seconds
[2024-10-06T04:32:40.078+0000] {processor.py:186} INFO - Started process (PID=1673) to work on /home/airflow/.local/lib/python3.12/site-packages/airflow/example_dags/example_inlet_event_extra.py
[2024-10-06T04:32:40.080+0000] {processor.py:914} INFO - Processing file /home/airflow/.local/lib/python3.12/site-packages/airflow/example_dags/example_inlet_event_extra.py for tasks to queue
[2024-10-06T04:32:40.085+0000] {logging_mixin.py:190} INFO - [2024-10-06T04:32:40.084+0000] {dagbag.py:588} INFO - Filling up the DagBag from /home/airflow/.local/lib/python3.12/site-packages/airflow/example_dags/example_inlet_event_extra.py
[2024-10-06T04:32:40.517+0000] {processor.py:925} INFO - DAG(s) 'read_dataset_event_from_classic', 'read_dataset_event' retrieved from /home/airflow/.local/lib/python3.12/site-packages/airflow/example_dags/example_inlet_event_extra.py
[2024-10-06T04:32:40.549+0000] {logging_mixin.py:190} INFO - [2024-10-06T04:32:40.548+0000] {dag.py:3239} INFO - Sync 2 DAGs
[2024-10-06T04:32:40.583+0000] {logging_mixin.py:190} INFO - [2024-10-06T04:32:40.583+0000] {dag.py:4180} INFO - Setting next_dagrun for read_dataset_event to 2024-10-05 00:00:00+00:00, run_after=2024-10-06 00:00:00+00:00
[2024-10-06T04:32:40.589+0000] {logging_mixin.py:190} INFO - [2024-10-06T04:32:40.589+0000] {dag.py:4180} INFO - Setting next_dagrun for read_dataset_event_from_classic to 2024-10-05 00:00:00+00:00, run_after=2024-10-06 00:00:00+00:00
[2024-10-06T04:32:40.608+0000] {processor.py:208} INFO - Processing /home/airflow/.local/lib/python3.12/site-packages/airflow/example_dags/example_inlet_event_extra.py took 0.540 seconds
[2024-10-06T04:35:11.132+0000] {processor.py:186} INFO - Started process (PID=50) to work on /home/airflow/.local/lib/python3.12/site-packages/airflow/example_dags/example_inlet_event_extra.py
[2024-10-06T04:35:11.139+0000] {processor.py:914} INFO - Processing file /home/airflow/.local/lib/python3.12/site-packages/airflow/example_dags/example_inlet_event_extra.py for tasks to queue
[2024-10-06T04:35:11.143+0000] {logging_mixin.py:190} INFO - [2024-10-06T04:35:11.143+0000] {dagbag.py:588} INFO - Filling up the DagBag from /home/airflow/.local/lib/python3.12/site-packages/airflow/example_dags/example_inlet_event_extra.py
[2024-10-06T04:35:11.475+0000] {processor.py:925} INFO - DAG(s) 'read_dataset_event', 'read_dataset_event_from_classic' retrieved from /home/airflow/.local/lib/python3.12/site-packages/airflow/example_dags/example_inlet_event_extra.py
[2024-10-06T04:35:11.532+0000] {logging_mixin.py:190} INFO - [2024-10-06T04:35:11.532+0000] {dag.py:3239} INFO - Sync 2 DAGs
[2024-10-06T04:35:11.594+0000] {logging_mixin.py:190} INFO - [2024-10-06T04:35:11.593+0000] {dag.py:4180} INFO - Setting next_dagrun for read_dataset_event to 2024-10-05 00:00:00+00:00, run_after=2024-10-06 00:00:00+00:00
[2024-10-06T04:35:11.628+0000] {logging_mixin.py:190} INFO - [2024-10-06T04:35:11.627+0000] {dag.py:4180} INFO - Setting next_dagrun for read_dataset_event_from_classic to 2024-10-05 00:00:00+00:00, run_after=2024-10-06 00:00:00+00:00
[2024-10-06T04:35:11.692+0000] {processor.py:208} INFO - Processing /home/airflow/.local/lib/python3.12/site-packages/airflow/example_dags/example_inlet_event_extra.py took 0.571 seconds
[2024-10-06T04:35:42.228+0000] {processor.py:186} INFO - Started process (PID=112) to work on /home/airflow/.local/lib/python3.12/site-packages/airflow/example_dags/example_inlet_event_extra.py
[2024-10-06T04:35:42.229+0000] {processor.py:914} INFO - Processing file /home/airflow/.local/lib/python3.12/site-packages/airflow/example_dags/example_inlet_event_extra.py for tasks to queue
[2024-10-06T04:35:42.233+0000] {logging_mixin.py:190} INFO - [2024-10-06T04:35:42.233+0000] {dagbag.py:588} INFO - Filling up the DagBag from /home/airflow/.local/lib/python3.12/site-packages/airflow/example_dags/example_inlet_event_extra.py
[2024-10-06T04:35:42.443+0000] {processor.py:925} INFO - DAG(s) 'read_dataset_event', 'read_dataset_event_from_classic' retrieved from /home/airflow/.local/lib/python3.12/site-packages/airflow/example_dags/example_inlet_event_extra.py
[2024-10-06T04:35:42.483+0000] {logging_mixin.py:190} INFO - [2024-10-06T04:35:42.483+0000] {dag.py:3239} INFO - Sync 2 DAGs
[2024-10-06T04:35:42.531+0000] {logging_mixin.py:190} INFO - [2024-10-06T04:35:42.531+0000] {dag.py:4180} INFO - Setting next_dagrun for read_dataset_event to 2024-10-05 00:00:00+00:00, run_after=2024-10-06 00:00:00+00:00
[2024-10-06T04:35:42.537+0000] {logging_mixin.py:190} INFO - [2024-10-06T04:35:42.537+0000] {dag.py:4180} INFO - Setting next_dagrun for read_dataset_event_from_classic to 2024-10-05 00:00:00+00:00, run_after=2024-10-06 00:00:00+00:00
[2024-10-06T04:35:42.556+0000] {processor.py:208} INFO - Processing /home/airflow/.local/lib/python3.12/site-packages/airflow/example_dags/example_inlet_event_extra.py took 0.337 seconds
[2024-10-06T04:36:12.894+0000] {processor.py:186} INFO - Started process (PID=174) to work on /home/airflow/.local/lib/python3.12/site-packages/airflow/example_dags/example_inlet_event_extra.py
[2024-10-06T04:36:12.896+0000] {processor.py:914} INFO - Processing file /home/airflow/.local/lib/python3.12/site-packages/airflow/example_dags/example_inlet_event_extra.py for tasks to queue
[2024-10-06T04:36:12.901+0000] {logging_mixin.py:190} INFO - [2024-10-06T04:36:12.900+0000] {dagbag.py:588} INFO - Filling up the DagBag from /home/airflow/.local/lib/python3.12/site-packages/airflow/example_dags/example_inlet_event_extra.py
[2024-10-06T04:36:13.157+0000] {processor.py:925} INFO - DAG(s) 'read_dataset_event_from_classic', 'read_dataset_event' retrieved from /home/airflow/.local/lib/python3.12/site-packages/airflow/example_dags/example_inlet_event_extra.py
[2024-10-06T04:36:13.221+0000] {logging_mixin.py:190} INFO - [2024-10-06T04:36:13.220+0000] {dag.py:3239} INFO - Sync 2 DAGs
[2024-10-06T04:36:13.281+0000] {logging_mixin.py:190} INFO - [2024-10-06T04:36:13.280+0000] {dag.py:4180} INFO - Setting next_dagrun for read_dataset_event to 2024-10-05 00:00:00+00:00, run_after=2024-10-06 00:00:00+00:00
[2024-10-06T04:36:13.291+0000] {logging_mixin.py:190} INFO - [2024-10-06T04:36:13.291+0000] {dag.py:4180} INFO - Setting next_dagrun for read_dataset_event_from_classic to 2024-10-05 00:00:00+00:00, run_after=2024-10-06 00:00:00+00:00
[2024-10-06T04:36:13.319+0000] {processor.py:208} INFO - Processing /home/airflow/.local/lib/python3.12/site-packages/airflow/example_dags/example_inlet_event_extra.py took 0.436 seconds
[2024-10-06T04:36:44.165+0000] {processor.py:186} INFO - Started process (PID=237) to work on /home/airflow/.local/lib/python3.12/site-packages/airflow/example_dags/example_inlet_event_extra.py
[2024-10-06T04:36:44.166+0000] {processor.py:914} INFO - Processing file /home/airflow/.local/lib/python3.12/site-packages/airflow/example_dags/example_inlet_event_extra.py for tasks to queue
[2024-10-06T04:36:44.171+0000] {logging_mixin.py:190} INFO - [2024-10-06T04:36:44.170+0000] {dagbag.py:588} INFO - Filling up the DagBag from /home/airflow/.local/lib/python3.12/site-packages/airflow/example_dags/example_inlet_event_extra.py
[2024-10-06T04:36:44.362+0000] {processor.py:925} INFO - DAG(s) 'read_dataset_event_from_classic', 'read_dataset_event' retrieved from /home/airflow/.local/lib/python3.12/site-packages/airflow/example_dags/example_inlet_event_extra.py
[2024-10-06T04:36:44.395+0000] {logging_mixin.py:190} INFO - [2024-10-06T04:36:44.395+0000] {dag.py:3239} INFO - Sync 2 DAGs
[2024-10-06T04:36:44.443+0000] {logging_mixin.py:190} INFO - [2024-10-06T04:36:44.442+0000] {dag.py:4180} INFO - Setting next_dagrun for read_dataset_event to 2024-10-05 00:00:00+00:00, run_after=2024-10-06 00:00:00+00:00
[2024-10-06T04:36:44.450+0000] {logging_mixin.py:190} INFO - [2024-10-06T04:36:44.449+0000] {dag.py:4180} INFO - Setting next_dagrun for read_dataset_event_from_classic to 2024-10-05 00:00:00+00:00, run_after=2024-10-06 00:00:00+00:00
[2024-10-06T04:36:44.490+0000] {processor.py:208} INFO - Processing /home/airflow/.local/lib/python3.12/site-packages/airflow/example_dags/example_inlet_event_extra.py took 0.336 seconds
[2024-10-06T04:37:14.584+0000] {processor.py:186} INFO - Started process (PID=299) to work on /home/airflow/.local/lib/python3.12/site-packages/airflow/example_dags/example_inlet_event_extra.py
[2024-10-06T04:37:14.586+0000] {processor.py:914} INFO - Processing file /home/airflow/.local/lib/python3.12/site-packages/airflow/example_dags/example_inlet_event_extra.py for tasks to queue
[2024-10-06T04:37:14.589+0000] {logging_mixin.py:190} INFO - [2024-10-06T04:37:14.589+0000] {dagbag.py:588} INFO - Filling up the DagBag from /home/airflow/.local/lib/python3.12/site-packages/airflow/example_dags/example_inlet_event_extra.py
[2024-10-06T04:37:14.748+0000] {processor.py:925} INFO - DAG(s) 'read_dataset_event_from_classic', 'read_dataset_event' retrieved from /home/airflow/.local/lib/python3.12/site-packages/airflow/example_dags/example_inlet_event_extra.py
[2024-10-06T04:37:14.782+0000] {logging_mixin.py:190} INFO - [2024-10-06T04:37:14.782+0000] {dag.py:3239} INFO - Sync 2 DAGs
[2024-10-06T04:37:14.821+0000] {logging_mixin.py:190} INFO - [2024-10-06T04:37:14.820+0000] {dag.py:4180} INFO - Setting next_dagrun for read_dataset_event to 2024-10-05 00:00:00+00:00, run_after=2024-10-06 00:00:00+00:00
[2024-10-06T04:37:14.828+0000] {logging_mixin.py:190} INFO - [2024-10-06T04:37:14.827+0000] {dag.py:4180} INFO - Setting next_dagrun for read_dataset_event_from_classic to 2024-10-05 00:00:00+00:00, run_after=2024-10-06 00:00:00+00:00
[2024-10-06T04:37:14.848+0000] {processor.py:208} INFO - Processing /home/airflow/.local/lib/python3.12/site-packages/airflow/example_dags/example_inlet_event_extra.py took 0.272 seconds
[2024-10-06T04:39:09.971+0000] {processor.py:186} INFO - Started process (PID=51) to work on /home/airflow/.local/lib/python3.12/site-packages/airflow/example_dags/example_inlet_event_extra.py
[2024-10-06T04:39:09.973+0000] {processor.py:914} INFO - Processing file /home/airflow/.local/lib/python3.12/site-packages/airflow/example_dags/example_inlet_event_extra.py for tasks to queue
[2024-10-06T04:39:09.977+0000] {logging_mixin.py:190} INFO - [2024-10-06T04:39:09.976+0000] {dagbag.py:588} INFO - Filling up the DagBag from /home/airflow/.local/lib/python3.12/site-packages/airflow/example_dags/example_inlet_event_extra.py
[2024-10-06T04:39:10.166+0000] {processor.py:925} INFO - DAG(s) 'read_dataset_event_from_classic', 'read_dataset_event' retrieved from /home/airflow/.local/lib/python3.12/site-packages/airflow/example_dags/example_inlet_event_extra.py
[2024-10-06T04:39:10.305+0000] {logging_mixin.py:190} INFO - [2024-10-06T04:39:10.304+0000] {override.py:1900} INFO - Created Permission View: can read on DAG:read_dataset_event_from_classic
[2024-10-06T04:39:10.315+0000] {logging_mixin.py:190} INFO - [2024-10-06T04:39:10.315+0000] {override.py:1900} INFO - Created Permission View: can edit on DAG:read_dataset_event_from_classic
[2024-10-06T04:39:10.322+0000] {logging_mixin.py:190} INFO - [2024-10-06T04:39:10.321+0000] {override.py:1900} INFO - Created Permission View: can delete on DAG:read_dataset_event_from_classic
[2024-10-06T04:39:10.328+0000] {logging_mixin.py:190} INFO - [2024-10-06T04:39:10.328+0000] {override.py:1900} INFO - Created Permission View: menu access on DAG Run:read_dataset_event_from_classic
[2024-10-06T04:39:10.335+0000] {logging_mixin.py:190} INFO - [2024-10-06T04:39:10.334+0000] {override.py:1900} INFO - Created Permission View: can read on DAG Run:read_dataset_event_from_classic
[2024-10-06T04:39:10.341+0000] {logging_mixin.py:190} INFO - [2024-10-06T04:39:10.340+0000] {override.py:1900} INFO - Created Permission View: can create on DAG Run:read_dataset_event_from_classic
[2024-10-06T04:39:10.347+0000] {logging_mixin.py:190} INFO - [2024-10-06T04:39:10.346+0000] {override.py:1900} INFO - Created Permission View: can delete on DAG Run:read_dataset_event_from_classic
[2024-10-06T04:39:10.358+0000] {logging_mixin.py:190} INFO - [2024-10-06T04:39:10.358+0000] {override.py:1900} INFO - Created Permission View: can read on DAG:read_dataset_event
[2024-10-06T04:39:10.364+0000] {logging_mixin.py:190} INFO - [2024-10-06T04:39:10.364+0000] {override.py:1900} INFO - Created Permission View: can edit on DAG:read_dataset_event
[2024-10-06T04:39:10.374+0000] {logging_mixin.py:190} INFO - [2024-10-06T04:39:10.371+0000] {override.py:1900} INFO - Created Permission View: can delete on DAG:read_dataset_event
[2024-10-06T04:39:10.382+0000] {logging_mixin.py:190} INFO - [2024-10-06T04:39:10.381+0000] {override.py:1900} INFO - Created Permission View: menu access on DAG Run:read_dataset_event
[2024-10-06T04:39:10.388+0000] {logging_mixin.py:190} INFO - [2024-10-06T04:39:10.388+0000] {override.py:1900} INFO - Created Permission View: can read on DAG Run:read_dataset_event
[2024-10-06T04:39:10.395+0000] {logging_mixin.py:190} INFO - [2024-10-06T04:39:10.394+0000] {override.py:1900} INFO - Created Permission View: can create on DAG Run:read_dataset_event
[2024-10-06T04:39:10.403+0000] {logging_mixin.py:190} INFO - [2024-10-06T04:39:10.403+0000] {override.py:1900} INFO - Created Permission View: can delete on DAG Run:read_dataset_event
[2024-10-06T04:39:10.403+0000] {logging_mixin.py:190} INFO - [2024-10-06T04:39:10.403+0000] {dag.py:3239} INFO - Sync 2 DAGs
[2024-10-06T04:39:10.422+0000] {logging_mixin.py:190} INFO - [2024-10-06T04:39:10.422+0000] {dag.py:3262} INFO - Creating ORM DAG for read_dataset_event
[2024-10-06T04:39:10.423+0000] {logging_mixin.py:190} INFO - [2024-10-06T04:39:10.422+0000] {dag.py:3262} INFO - Creating ORM DAG for read_dataset_event_from_classic
[2024-10-06T04:39:10.435+0000] {logging_mixin.py:190} INFO - [2024-10-06T04:39:10.435+0000] {dag.py:4180} INFO - Setting next_dagrun for read_dataset_event to 2024-10-05 00:00:00+00:00, run_after=2024-10-06 00:00:00+00:00
[2024-10-06T04:39:10.437+0000] {logging_mixin.py:190} INFO - [2024-10-06T04:39:10.437+0000] {dag.py:4180} INFO - Setting next_dagrun for read_dataset_event_from_classic to 2024-10-05 00:00:00+00:00, run_after=2024-10-06 00:00:00+00:00
[2024-10-06T04:39:10.457+0000] {processor.py:208} INFO - Processing /home/airflow/.local/lib/python3.12/site-packages/airflow/example_dags/example_inlet_event_extra.py took 0.495 seconds
[2024-10-06T04:39:41.404+0000] {processor.py:186} INFO - Started process (PID=113) to work on /home/airflow/.local/lib/python3.12/site-packages/airflow/example_dags/example_inlet_event_extra.py
[2024-10-06T04:39:41.405+0000] {processor.py:914} INFO - Processing file /home/airflow/.local/lib/python3.12/site-packages/airflow/example_dags/example_inlet_event_extra.py for tasks to queue
[2024-10-06T04:39:41.408+0000] {logging_mixin.py:190} INFO - [2024-10-06T04:39:41.408+0000] {dagbag.py:588} INFO - Filling up the DagBag from /home/airflow/.local/lib/python3.12/site-packages/airflow/example_dags/example_inlet_event_extra.py
[2024-10-06T04:39:41.572+0000] {processor.py:925} INFO - DAG(s) 'read_dataset_event', 'read_dataset_event_from_classic' retrieved from /home/airflow/.local/lib/python3.12/site-packages/airflow/example_dags/example_inlet_event_extra.py
[2024-10-06T04:39:41.600+0000] {logging_mixin.py:190} INFO - [2024-10-06T04:39:41.599+0000] {dag.py:3239} INFO - Sync 2 DAGs
[2024-10-06T04:39:41.635+0000] {logging_mixin.py:190} INFO - [2024-10-06T04:39:41.635+0000] {dag.py:4180} INFO - Setting next_dagrun for read_dataset_event to 2024-10-05 00:00:00+00:00, run_after=2024-10-06 00:00:00+00:00
[2024-10-06T04:39:41.643+0000] {logging_mixin.py:190} INFO - [2024-10-06T04:39:41.642+0000] {dag.py:4180} INFO - Setting next_dagrun for read_dataset_event_from_classic to 2024-10-05 00:00:00+00:00, run_after=2024-10-06 00:00:00+00:00
[2024-10-06T04:39:41.665+0000] {processor.py:208} INFO - Processing /home/airflow/.local/lib/python3.12/site-packages/airflow/example_dags/example_inlet_event_extra.py took 0.269 seconds
[2024-10-06T04:40:11.857+0000] {processor.py:186} INFO - Started process (PID=176) to work on /home/airflow/.local/lib/python3.12/site-packages/airflow/example_dags/example_inlet_event_extra.py
[2024-10-06T04:40:11.858+0000] {processor.py:914} INFO - Processing file /home/airflow/.local/lib/python3.12/site-packages/airflow/example_dags/example_inlet_event_extra.py for tasks to queue
[2024-10-06T04:40:11.862+0000] {logging_mixin.py:190} INFO - [2024-10-06T04:40:11.862+0000] {dagbag.py:588} INFO - Filling up the DagBag from /home/airflow/.local/lib/python3.12/site-packages/airflow/example_dags/example_inlet_event_extra.py
[2024-10-06T04:40:12.025+0000] {processor.py:925} INFO - DAG(s) 'read_dataset_event', 'read_dataset_event_from_classic' retrieved from /home/airflow/.local/lib/python3.12/site-packages/airflow/example_dags/example_inlet_event_extra.py
[2024-10-06T04:40:12.053+0000] {logging_mixin.py:190} INFO - [2024-10-06T04:40:12.053+0000] {dag.py:3239} INFO - Sync 2 DAGs
[2024-10-06T04:40:12.103+0000] {logging_mixin.py:190} INFO - [2024-10-06T04:40:12.103+0000] {dag.py:4180} INFO - Setting next_dagrun for read_dataset_event to 2024-10-05 00:00:00+00:00, run_after=2024-10-06 00:00:00+00:00
[2024-10-06T04:40:12.109+0000] {logging_mixin.py:190} INFO - [2024-10-06T04:40:12.109+0000] {dag.py:4180} INFO - Setting next_dagrun for read_dataset_event_from_classic to 2024-10-05 00:00:00+00:00, run_after=2024-10-06 00:00:00+00:00
[2024-10-06T04:40:12.130+0000] {processor.py:208} INFO - Processing /home/airflow/.local/lib/python3.12/site-packages/airflow/example_dags/example_inlet_event_extra.py took 0.287 seconds
[2024-10-06T04:40:42.506+0000] {processor.py:186} INFO - Started process (PID=238) to work on /home/airflow/.local/lib/python3.12/site-packages/airflow/example_dags/example_inlet_event_extra.py
[2024-10-06T04:40:42.507+0000] {processor.py:914} INFO - Processing file /home/airflow/.local/lib/python3.12/site-packages/airflow/example_dags/example_inlet_event_extra.py for tasks to queue
[2024-10-06T04:40:42.510+0000] {logging_mixin.py:190} INFO - [2024-10-06T04:40:42.510+0000] {dagbag.py:588} INFO - Filling up the DagBag from /home/airflow/.local/lib/python3.12/site-packages/airflow/example_dags/example_inlet_event_extra.py
[2024-10-06T04:40:42.667+0000] {processor.py:925} INFO - DAG(s) 'read_dataset_event', 'read_dataset_event_from_classic' retrieved from /home/airflow/.local/lib/python3.12/site-packages/airflow/example_dags/example_inlet_event_extra.py
[2024-10-06T04:40:42.692+0000] {logging_mixin.py:190} INFO - [2024-10-06T04:40:42.692+0000] {dag.py:3239} INFO - Sync 2 DAGs
[2024-10-06T04:40:42.730+0000] {logging_mixin.py:190} INFO - [2024-10-06T04:40:42.730+0000] {dag.py:4180} INFO - Setting next_dagrun for read_dataset_event to 2024-10-05 00:00:00+00:00, run_after=2024-10-06 00:00:00+00:00
[2024-10-06T04:40:42.736+0000] {logging_mixin.py:190} INFO - [2024-10-06T04:40:42.736+0000] {dag.py:4180} INFO - Setting next_dagrun for read_dataset_event_from_classic to 2024-10-05 00:00:00+00:00, run_after=2024-10-06 00:00:00+00:00
[2024-10-06T04:40:42.757+0000] {processor.py:208} INFO - Processing /home/airflow/.local/lib/python3.12/site-packages/airflow/example_dags/example_inlet_event_extra.py took 0.258 seconds
[2024-10-06T04:41:13.570+0000] {processor.py:186} INFO - Started process (PID=299) to work on /home/airflow/.local/lib/python3.12/site-packages/airflow/example_dags/example_inlet_event_extra.py
[2024-10-06T04:41:13.572+0000] {processor.py:914} INFO - Processing file /home/airflow/.local/lib/python3.12/site-packages/airflow/example_dags/example_inlet_event_extra.py for tasks to queue
[2024-10-06T04:41:13.576+0000] {logging_mixin.py:190} INFO - [2024-10-06T04:41:13.576+0000] {dagbag.py:588} INFO - Filling up the DagBag from /home/airflow/.local/lib/python3.12/site-packages/airflow/example_dags/example_inlet_event_extra.py
[2024-10-06T04:41:13.749+0000] {processor.py:925} INFO - DAG(s) 'read_dataset_event', 'read_dataset_event_from_classic' retrieved from /home/airflow/.local/lib/python3.12/site-packages/airflow/example_dags/example_inlet_event_extra.py
[2024-10-06T04:41:13.781+0000] {logging_mixin.py:190} INFO - [2024-10-06T04:41:13.781+0000] {dag.py:3239} INFO - Sync 2 DAGs
[2024-10-06T04:41:13.820+0000] {logging_mixin.py:190} INFO - [2024-10-06T04:41:13.820+0000] {dag.py:4180} INFO - Setting next_dagrun for read_dataset_event to 2024-10-05 00:00:00+00:00, run_after=2024-10-06 00:00:00+00:00
[2024-10-06T04:41:13.829+0000] {logging_mixin.py:190} INFO - [2024-10-06T04:41:13.829+0000] {dag.py:4180} INFO - Setting next_dagrun for read_dataset_event_from_classic to 2024-10-05 00:00:00+00:00, run_after=2024-10-06 00:00:00+00:00
[2024-10-06T04:41:13.852+0000] {processor.py:208} INFO - Processing /home/airflow/.local/lib/python3.12/site-packages/airflow/example_dags/example_inlet_event_extra.py took 0.293 seconds
[2024-10-06T04:41:43.949+0000] {processor.py:186} INFO - Started process (PID=362) to work on /home/airflow/.local/lib/python3.12/site-packages/airflow/example_dags/example_inlet_event_extra.py
[2024-10-06T04:41:43.950+0000] {processor.py:914} INFO - Processing file /home/airflow/.local/lib/python3.12/site-packages/airflow/example_dags/example_inlet_event_extra.py for tasks to queue
[2024-10-06T04:41:43.956+0000] {logging_mixin.py:190} INFO - [2024-10-06T04:41:43.955+0000] {dagbag.py:588} INFO - Filling up the DagBag from /home/airflow/.local/lib/python3.12/site-packages/airflow/example_dags/example_inlet_event_extra.py
[2024-10-06T04:41:44.152+0000] {processor.py:925} INFO - DAG(s) 'read_dataset_event_from_classic', 'read_dataset_event' retrieved from /home/airflow/.local/lib/python3.12/site-packages/airflow/example_dags/example_inlet_event_extra.py
[2024-10-06T04:41:44.190+0000] {logging_mixin.py:190} INFO - [2024-10-06T04:41:44.190+0000] {dag.py:3239} INFO - Sync 2 DAGs
[2024-10-06T04:41:44.225+0000] {logging_mixin.py:190} INFO - [2024-10-06T04:41:44.224+0000] {dag.py:4180} INFO - Setting next_dagrun for read_dataset_event to 2024-10-05 00:00:00+00:00, run_after=2024-10-06 00:00:00+00:00
[2024-10-06T04:41:44.231+0000] {logging_mixin.py:190} INFO - [2024-10-06T04:41:44.231+0000] {dag.py:4180} INFO - Setting next_dagrun for read_dataset_event_from_classic to 2024-10-05 00:00:00+00:00, run_after=2024-10-06 00:00:00+00:00
[2024-10-06T04:41:44.250+0000] {processor.py:208} INFO - Processing /home/airflow/.local/lib/python3.12/site-packages/airflow/example_dags/example_inlet_event_extra.py took 0.308 seconds
[2024-10-06T04:42:14.837+0000] {processor.py:186} INFO - Started process (PID=423) to work on /home/airflow/.local/lib/python3.12/site-packages/airflow/example_dags/example_inlet_event_extra.py
[2024-10-06T04:42:14.840+0000] {processor.py:914} INFO - Processing file /home/airflow/.local/lib/python3.12/site-packages/airflow/example_dags/example_inlet_event_extra.py for tasks to queue
[2024-10-06T04:42:14.843+0000] {logging_mixin.py:190} INFO - [2024-10-06T04:42:14.842+0000] {dagbag.py:588} INFO - Filling up the DagBag from /home/airflow/.local/lib/python3.12/site-packages/airflow/example_dags/example_inlet_event_extra.py
[2024-10-06T04:42:15.052+0000] {processor.py:925} INFO - DAG(s) 'read_dataset_event_from_classic', 'read_dataset_event' retrieved from /home/airflow/.local/lib/python3.12/site-packages/airflow/example_dags/example_inlet_event_extra.py
[2024-10-06T04:42:15.077+0000] {logging_mixin.py:190} INFO - [2024-10-06T04:42:15.077+0000] {dag.py:3239} INFO - Sync 2 DAGs
[2024-10-06T04:42:15.107+0000] {logging_mixin.py:190} INFO - [2024-10-06T04:42:15.107+0000] {dag.py:4180} INFO - Setting next_dagrun for read_dataset_event to 2024-10-05 00:00:00+00:00, run_after=2024-10-06 00:00:00+00:00
[2024-10-06T04:42:15.114+0000] {logging_mixin.py:190} INFO - [2024-10-06T04:42:15.113+0000] {dag.py:4180} INFO - Setting next_dagrun for read_dataset_event_from_classic to 2024-10-05 00:00:00+00:00, run_after=2024-10-06 00:00:00+00:00
[2024-10-06T04:42:15.133+0000] {processor.py:208} INFO - Processing /home/airflow/.local/lib/python3.12/site-packages/airflow/example_dags/example_inlet_event_extra.py took 0.304 seconds
[2024-10-06T04:42:45.312+0000] {processor.py:186} INFO - Started process (PID=485) to work on /home/airflow/.local/lib/python3.12/site-packages/airflow/example_dags/example_inlet_event_extra.py
[2024-10-06T04:42:45.313+0000] {processor.py:914} INFO - Processing file /home/airflow/.local/lib/python3.12/site-packages/airflow/example_dags/example_inlet_event_extra.py for tasks to queue
[2024-10-06T04:42:45.319+0000] {logging_mixin.py:190} INFO - [2024-10-06T04:42:45.318+0000] {dagbag.py:588} INFO - Filling up the DagBag from /home/airflow/.local/lib/python3.12/site-packages/airflow/example_dags/example_inlet_event_extra.py
[2024-10-06T04:42:45.611+0000] {processor.py:925} INFO - DAG(s) 'read_dataset_event_from_classic', 'read_dataset_event' retrieved from /home/airflow/.local/lib/python3.12/site-packages/airflow/example_dags/example_inlet_event_extra.py
[2024-10-06T04:42:45.687+0000] {logging_mixin.py:190} INFO - [2024-10-06T04:42:45.687+0000] {dag.py:3239} INFO - Sync 2 DAGs
[2024-10-06T04:42:45.725+0000] {logging_mixin.py:190} INFO - [2024-10-06T04:42:45.725+0000] {dag.py:4180} INFO - Setting next_dagrun for read_dataset_event to 2024-10-05 00:00:00+00:00, run_after=2024-10-06 00:00:00+00:00
[2024-10-06T04:42:45.731+0000] {logging_mixin.py:190} INFO - [2024-10-06T04:42:45.731+0000] {dag.py:4180} INFO - Setting next_dagrun for read_dataset_event_from_classic to 2024-10-05 00:00:00+00:00, run_after=2024-10-06 00:00:00+00:00
[2024-10-06T04:42:45.754+0000] {processor.py:208} INFO - Processing /home/airflow/.local/lib/python3.12/site-packages/airflow/example_dags/example_inlet_event_extra.py took 0.459 seconds
[2024-10-06T04:45:42.088+0000] {processor.py:186} INFO - Started process (PID=45) to work on /home/airflow/.local/lib/python3.12/site-packages/airflow/example_dags/example_inlet_event_extra.py
[2024-10-06T04:45:42.089+0000] {processor.py:914} INFO - Processing file /home/airflow/.local/lib/python3.12/site-packages/airflow/example_dags/example_inlet_event_extra.py for tasks to queue
[2024-10-06T04:45:42.093+0000] {logging_mixin.py:190} INFO - [2024-10-06T04:45:42.092+0000] {dagbag.py:588} INFO - Filling up the DagBag from /home/airflow/.local/lib/python3.12/site-packages/airflow/example_dags/example_inlet_event_extra.py
[2024-10-06T04:45:42.294+0000] {processor.py:925} INFO - DAG(s) 'read_dataset_event', 'read_dataset_event_from_classic' retrieved from /home/airflow/.local/lib/python3.12/site-packages/airflow/example_dags/example_inlet_event_extra.py
[2024-10-06T04:45:42.330+0000] {logging_mixin.py:190} INFO - [2024-10-06T04:45:42.329+0000] {dag.py:3239} INFO - Sync 2 DAGs
[2024-10-06T04:45:42.402+0000] {logging_mixin.py:190} INFO - [2024-10-06T04:45:42.402+0000] {dag.py:4180} INFO - Setting next_dagrun for read_dataset_event to 2024-10-05 00:00:00+00:00, run_after=2024-10-06 00:00:00+00:00
[2024-10-06T04:45:42.420+0000] {logging_mixin.py:190} INFO - [2024-10-06T04:45:42.420+0000] {dag.py:4180} INFO - Setting next_dagrun for read_dataset_event_from_classic to 2024-10-05 00:00:00+00:00, run_after=2024-10-06 00:00:00+00:00
[2024-10-06T04:45:42.453+0000] {processor.py:208} INFO - Processing /home/airflow/.local/lib/python3.12/site-packages/airflow/example_dags/example_inlet_event_extra.py took 0.385 seconds
[2024-10-06T04:46:12.637+0000] {processor.py:186} INFO - Started process (PID=108) to work on /home/airflow/.local/lib/python3.12/site-packages/airflow/example_dags/example_inlet_event_extra.py
[2024-10-06T04:46:12.639+0000] {processor.py:914} INFO - Processing file /home/airflow/.local/lib/python3.12/site-packages/airflow/example_dags/example_inlet_event_extra.py for tasks to queue
[2024-10-06T04:46:12.644+0000] {logging_mixin.py:190} INFO - [2024-10-06T04:46:12.641+0000] {dagbag.py:588} INFO - Filling up the DagBag from /home/airflow/.local/lib/python3.12/site-packages/airflow/example_dags/example_inlet_event_extra.py
[2024-10-06T04:46:12.808+0000] {processor.py:925} INFO - DAG(s) 'read_dataset_event', 'read_dataset_event_from_classic' retrieved from /home/airflow/.local/lib/python3.12/site-packages/airflow/example_dags/example_inlet_event_extra.py
[2024-10-06T04:46:12.835+0000] {logging_mixin.py:190} INFO - [2024-10-06T04:46:12.834+0000] {dag.py:3239} INFO - Sync 2 DAGs
[2024-10-06T04:46:12.866+0000] {logging_mixin.py:190} INFO - [2024-10-06T04:46:12.865+0000] {dag.py:4180} INFO - Setting next_dagrun for read_dataset_event to 2024-10-05 00:00:00+00:00, run_after=2024-10-06 00:00:00+00:00
[2024-10-06T04:46:12.872+0000] {logging_mixin.py:190} INFO - [2024-10-06T04:46:12.871+0000] {dag.py:4180} INFO - Setting next_dagrun for read_dataset_event_from_classic to 2024-10-05 00:00:00+00:00, run_after=2024-10-06 00:00:00+00:00
[2024-10-06T04:46:12.895+0000] {processor.py:208} INFO - Processing /home/airflow/.local/lib/python3.12/site-packages/airflow/example_dags/example_inlet_event_extra.py took 0.265 seconds
