[2024-10-06T04:19:03.606+0000] {processor.py:186} INFO - Started process (PID=80) to work on /home/airflow/.local/lib/python3.12/site-packages/airflow/example_dags/example_python_operator.py
[2024-10-06T04:19:03.607+0000] {processor.py:914} INFO - Processing file /home/airflow/.local/lib/python3.12/site-packages/airflow/example_dags/example_python_operator.py for tasks to queue
[2024-10-06T04:19:03.611+0000] {logging_mixin.py:190} INFO - [2024-10-06T04:19:03.611+0000] {dagbag.py:588} INFO - Filling up the DagBag from /home/airflow/.local/lib/python3.12/site-packages/airflow/example_dags/example_python_operator.py
[2024-10-06T04:19:03.634+0000] {processor.py:925} INFO - DAG(s) 'example_python_operator' retrieved from /home/airflow/.local/lib/python3.12/site-packages/airflow/example_dags/example_python_operator.py
[2024-10-06T04:19:03.793+0000] {logging_mixin.py:190} INFO - [2024-10-06T04:19:03.792+0000] {override.py:1900} INFO - Created Permission View: can edit on DAG:example_python_operator
[2024-10-06T04:19:03.807+0000] {logging_mixin.py:190} INFO - [2024-10-06T04:19:03.806+0000] {override.py:1900} INFO - Created Permission View: can delete on DAG:example_python_operator
[2024-10-06T04:19:03.815+0000] {logging_mixin.py:190} INFO - [2024-10-06T04:19:03.814+0000] {override.py:1900} INFO - Created Permission View: can read on DAG:example_python_operator
[2024-10-06T04:19:03.823+0000] {logging_mixin.py:190} INFO - [2024-10-06T04:19:03.823+0000] {override.py:1900} INFO - Created Permission View: can create on DAG Run:example_python_operator
[2024-10-06T04:19:03.832+0000] {logging_mixin.py:190} INFO - [2024-10-06T04:19:03.832+0000] {override.py:1900} INFO - Created Permission View: menu access on DAG Run:example_python_operator
[2024-10-06T04:19:03.841+0000] {logging_mixin.py:190} INFO - [2024-10-06T04:19:03.841+0000] {override.py:1900} INFO - Created Permission View: can read on DAG Run:example_python_operator
[2024-10-06T04:19:03.851+0000] {logging_mixin.py:190} INFO - [2024-10-06T04:19:03.850+0000] {override.py:1900} INFO - Created Permission View: can delete on DAG Run:example_python_operator
[2024-10-06T04:19:03.851+0000] {logging_mixin.py:190} INFO - [2024-10-06T04:19:03.851+0000] {dag.py:3239} INFO - Sync 1 DAGs
[2024-10-06T04:19:03.872+0000] {logging_mixin.py:190} INFO - [2024-10-06T04:19:03.871+0000] {dag.py:3262} INFO - Creating ORM DAG for example_python_operator
[2024-10-06T04:19:03.873+0000] {logging_mixin.py:190} INFO - [2024-10-06T04:19:03.873+0000] {dag.py:4180} INFO - Setting next_dagrun for example_python_operator to None, run_after=None
[2024-10-06T04:19:03.898+0000] {processor.py:208} INFO - Processing /home/airflow/.local/lib/python3.12/site-packages/airflow/example_dags/example_python_operator.py took 0.300 seconds
[2024-10-06T04:19:52.199+0000] {processor.py:186} INFO - Started process (PID=148) to work on /home/airflow/.local/lib/python3.12/site-packages/airflow/example_dags/example_python_operator.py
[2024-10-06T04:19:52.201+0000] {processor.py:914} INFO - Processing file /home/airflow/.local/lib/python3.12/site-packages/airflow/example_dags/example_python_operator.py for tasks to queue
[2024-10-06T04:19:52.205+0000] {logging_mixin.py:190} INFO - [2024-10-06T04:19:52.205+0000] {dagbag.py:588} INFO - Filling up the DagBag from /home/airflow/.local/lib/python3.12/site-packages/airflow/example_dags/example_python_operator.py
[2024-10-06T04:19:52.227+0000] {processor.py:925} INFO - DAG(s) 'example_python_operator' retrieved from /home/airflow/.local/lib/python3.12/site-packages/airflow/example_dags/example_python_operator.py
[2024-10-06T04:19:52.260+0000] {logging_mixin.py:190} INFO - [2024-10-06T04:19:52.260+0000] {dag.py:3239} INFO - Sync 1 DAGs
[2024-10-06T04:19:52.279+0000] {logging_mixin.py:190} INFO - [2024-10-06T04:19:52.279+0000] {dag.py:4180} INFO - Setting next_dagrun for example_python_operator to None, run_after=None
[2024-10-06T04:19:52.309+0000] {processor.py:208} INFO - Processing /home/airflow/.local/lib/python3.12/site-packages/airflow/example_dags/example_python_operator.py took 0.120 seconds
[2024-10-06T04:20:22.918+0000] {processor.py:186} INFO - Started process (PID=210) to work on /home/airflow/.local/lib/python3.12/site-packages/airflow/example_dags/example_python_operator.py
[2024-10-06T04:20:22.919+0000] {processor.py:914} INFO - Processing file /home/airflow/.local/lib/python3.12/site-packages/airflow/example_dags/example_python_operator.py for tasks to queue
[2024-10-06T04:20:22.923+0000] {logging_mixin.py:190} INFO - [2024-10-06T04:20:22.922+0000] {dagbag.py:588} INFO - Filling up the DagBag from /home/airflow/.local/lib/python3.12/site-packages/airflow/example_dags/example_python_operator.py
[2024-10-06T04:20:22.940+0000] {processor.py:925} INFO - DAG(s) 'example_python_operator' retrieved from /home/airflow/.local/lib/python3.12/site-packages/airflow/example_dags/example_python_operator.py
[2024-10-06T04:20:22.972+0000] {logging_mixin.py:190} INFO - [2024-10-06T04:20:22.971+0000] {dag.py:3239} INFO - Sync 1 DAGs
[2024-10-06T04:20:22.992+0000] {logging_mixin.py:190} INFO - [2024-10-06T04:20:22.992+0000] {dag.py:4180} INFO - Setting next_dagrun for example_python_operator to None, run_after=None
[2024-10-06T04:20:23.018+0000] {processor.py:208} INFO - Processing /home/airflow/.local/lib/python3.12/site-packages/airflow/example_dags/example_python_operator.py took 0.108 seconds
[2024-10-06T04:20:53.224+0000] {processor.py:186} INFO - Started process (PID=272) to work on /home/airflow/.local/lib/python3.12/site-packages/airflow/example_dags/example_python_operator.py
[2024-10-06T04:20:53.226+0000] {processor.py:914} INFO - Processing file /home/airflow/.local/lib/python3.12/site-packages/airflow/example_dags/example_python_operator.py for tasks to queue
[2024-10-06T04:20:53.231+0000] {logging_mixin.py:190} INFO - [2024-10-06T04:20:53.231+0000] {dagbag.py:588} INFO - Filling up the DagBag from /home/airflow/.local/lib/python3.12/site-packages/airflow/example_dags/example_python_operator.py
[2024-10-06T04:20:53.255+0000] {processor.py:925} INFO - DAG(s) 'example_python_operator' retrieved from /home/airflow/.local/lib/python3.12/site-packages/airflow/example_dags/example_python_operator.py
[2024-10-06T04:20:53.306+0000] {logging_mixin.py:190} INFO - [2024-10-06T04:20:53.306+0000] {dag.py:3239} INFO - Sync 1 DAGs
[2024-10-06T04:20:53.333+0000] {logging_mixin.py:190} INFO - [2024-10-06T04:20:53.333+0000] {dag.py:4180} INFO - Setting next_dagrun for example_python_operator to None, run_after=None
[2024-10-06T04:20:53.372+0000] {processor.py:208} INFO - Processing /home/airflow/.local/lib/python3.12/site-packages/airflow/example_dags/example_python_operator.py took 0.160 seconds
[2024-10-06T04:21:23.774+0000] {processor.py:186} INFO - Started process (PID=334) to work on /home/airflow/.local/lib/python3.12/site-packages/airflow/example_dags/example_python_operator.py
[2024-10-06T04:21:23.776+0000] {processor.py:914} INFO - Processing file /home/airflow/.local/lib/python3.12/site-packages/airflow/example_dags/example_python_operator.py for tasks to queue
[2024-10-06T04:21:23.781+0000] {logging_mixin.py:190} INFO - [2024-10-06T04:21:23.780+0000] {dagbag.py:588} INFO - Filling up the DagBag from /home/airflow/.local/lib/python3.12/site-packages/airflow/example_dags/example_python_operator.py
[2024-10-06T04:21:23.806+0000] {processor.py:925} INFO - DAG(s) 'example_python_operator' retrieved from /home/airflow/.local/lib/python3.12/site-packages/airflow/example_dags/example_python_operator.py
[2024-10-06T04:21:23.862+0000] {logging_mixin.py:190} INFO - [2024-10-06T04:21:23.861+0000] {dag.py:3239} INFO - Sync 1 DAGs
[2024-10-06T04:21:23.891+0000] {logging_mixin.py:190} INFO - [2024-10-06T04:21:23.891+0000] {dag.py:4180} INFO - Setting next_dagrun for example_python_operator to None, run_after=None
[2024-10-06T04:21:23.927+0000] {processor.py:208} INFO - Processing /home/airflow/.local/lib/python3.12/site-packages/airflow/example_dags/example_python_operator.py took 0.179 seconds
[2024-10-06T04:21:54.360+0000] {processor.py:186} INFO - Started process (PID=395) to work on /home/airflow/.local/lib/python3.12/site-packages/airflow/example_dags/example_python_operator.py
[2024-10-06T04:21:54.361+0000] {processor.py:914} INFO - Processing file /home/airflow/.local/lib/python3.12/site-packages/airflow/example_dags/example_python_operator.py for tasks to queue
[2024-10-06T04:21:54.365+0000] {logging_mixin.py:190} INFO - [2024-10-06T04:21:54.364+0000] {dagbag.py:588} INFO - Filling up the DagBag from /home/airflow/.local/lib/python3.12/site-packages/airflow/example_dags/example_python_operator.py
[2024-10-06T04:21:54.383+0000] {processor.py:925} INFO - DAG(s) 'example_python_operator' retrieved from /home/airflow/.local/lib/python3.12/site-packages/airflow/example_dags/example_python_operator.py
[2024-10-06T04:21:54.416+0000] {logging_mixin.py:190} INFO - [2024-10-06T04:21:54.415+0000] {dag.py:3239} INFO - Sync 1 DAGs
[2024-10-06T04:21:54.435+0000] {logging_mixin.py:190} INFO - [2024-10-06T04:21:54.434+0000] {dag.py:4180} INFO - Setting next_dagrun for example_python_operator to None, run_after=None
[2024-10-06T04:21:54.458+0000] {processor.py:208} INFO - Processing /home/airflow/.local/lib/python3.12/site-packages/airflow/example_dags/example_python_operator.py took 0.108 seconds
[2024-10-06T04:22:25.131+0000] {processor.py:186} INFO - Started process (PID=458) to work on /home/airflow/.local/lib/python3.12/site-packages/airflow/example_dags/example_python_operator.py
[2024-10-06T04:22:25.132+0000] {processor.py:914} INFO - Processing file /home/airflow/.local/lib/python3.12/site-packages/airflow/example_dags/example_python_operator.py for tasks to queue
[2024-10-06T04:22:25.136+0000] {logging_mixin.py:190} INFO - [2024-10-06T04:22:25.136+0000] {dagbag.py:588} INFO - Filling up the DagBag from /home/airflow/.local/lib/python3.12/site-packages/airflow/example_dags/example_python_operator.py
[2024-10-06T04:22:25.154+0000] {processor.py:925} INFO - DAG(s) 'example_python_operator' retrieved from /home/airflow/.local/lib/python3.12/site-packages/airflow/example_dags/example_python_operator.py
[2024-10-06T04:22:25.193+0000] {logging_mixin.py:190} INFO - [2024-10-06T04:22:25.193+0000] {dag.py:3239} INFO - Sync 1 DAGs
[2024-10-06T04:22:25.213+0000] {logging_mixin.py:190} INFO - [2024-10-06T04:22:25.213+0000] {dag.py:4180} INFO - Setting next_dagrun for example_python_operator to None, run_after=None
[2024-10-06T04:22:25.255+0000] {processor.py:208} INFO - Processing /home/airflow/.local/lib/python3.12/site-packages/airflow/example_dags/example_python_operator.py took 0.134 seconds
[2024-10-06T04:22:55.666+0000] {processor.py:186} INFO - Started process (PID=521) to work on /home/airflow/.local/lib/python3.12/site-packages/airflow/example_dags/example_python_operator.py
[2024-10-06T04:22:55.681+0000] {processor.py:914} INFO - Processing file /home/airflow/.local/lib/python3.12/site-packages/airflow/example_dags/example_python_operator.py for tasks to queue
[2024-10-06T04:22:55.690+0000] {logging_mixin.py:190} INFO - [2024-10-06T04:22:55.690+0000] {dagbag.py:588} INFO - Filling up the DagBag from /home/airflow/.local/lib/python3.12/site-packages/airflow/example_dags/example_python_operator.py
[2024-10-06T04:22:55.720+0000] {processor.py:925} INFO - DAG(s) 'example_python_operator' retrieved from /home/airflow/.local/lib/python3.12/site-packages/airflow/example_dags/example_python_operator.py
[2024-10-06T04:22:55.795+0000] {logging_mixin.py:190} INFO - [2024-10-06T04:22:55.795+0000] {dag.py:3239} INFO - Sync 1 DAGs
[2024-10-06T04:22:55.822+0000] {logging_mixin.py:190} INFO - [2024-10-06T04:22:55.821+0000] {dag.py:4180} INFO - Setting next_dagrun for example_python_operator to None, run_after=None
[2024-10-06T04:22:55.845+0000] {processor.py:208} INFO - Processing /home/airflow/.local/lib/python3.12/site-packages/airflow/example_dags/example_python_operator.py took 0.193 seconds
[2024-10-06T04:23:26.096+0000] {processor.py:186} INFO - Started process (PID=583) to work on /home/airflow/.local/lib/python3.12/site-packages/airflow/example_dags/example_python_operator.py
[2024-10-06T04:23:26.097+0000] {processor.py:914} INFO - Processing file /home/airflow/.local/lib/python3.12/site-packages/airflow/example_dags/example_python_operator.py for tasks to queue
[2024-10-06T04:23:26.102+0000] {logging_mixin.py:190} INFO - [2024-10-06T04:23:26.101+0000] {dagbag.py:588} INFO - Filling up the DagBag from /home/airflow/.local/lib/python3.12/site-packages/airflow/example_dags/example_python_operator.py
[2024-10-06T04:23:26.121+0000] {processor.py:925} INFO - DAG(s) 'example_python_operator' retrieved from /home/airflow/.local/lib/python3.12/site-packages/airflow/example_dags/example_python_operator.py
[2024-10-06T04:23:26.153+0000] {logging_mixin.py:190} INFO - [2024-10-06T04:23:26.152+0000] {dag.py:3239} INFO - Sync 1 DAGs
[2024-10-06T04:23:26.177+0000] {logging_mixin.py:190} INFO - [2024-10-06T04:23:26.177+0000] {dag.py:4180} INFO - Setting next_dagrun for example_python_operator to None, run_after=None
[2024-10-06T04:23:26.205+0000] {processor.py:208} INFO - Processing /home/airflow/.local/lib/python3.12/site-packages/airflow/example_dags/example_python_operator.py took 0.117 seconds
[2024-10-06T04:23:56.740+0000] {processor.py:186} INFO - Started process (PID=644) to work on /home/airflow/.local/lib/python3.12/site-packages/airflow/example_dags/example_python_operator.py
[2024-10-06T04:23:56.742+0000] {processor.py:914} INFO - Processing file /home/airflow/.local/lib/python3.12/site-packages/airflow/example_dags/example_python_operator.py for tasks to queue
[2024-10-06T04:23:56.746+0000] {logging_mixin.py:190} INFO - [2024-10-06T04:23:56.745+0000] {dagbag.py:588} INFO - Filling up the DagBag from /home/airflow/.local/lib/python3.12/site-packages/airflow/example_dags/example_python_operator.py
[2024-10-06T04:23:56.766+0000] {processor.py:925} INFO - DAG(s) 'example_python_operator' retrieved from /home/airflow/.local/lib/python3.12/site-packages/airflow/example_dags/example_python_operator.py
[2024-10-06T04:23:56.793+0000] {logging_mixin.py:190} INFO - [2024-10-06T04:23:56.793+0000] {dag.py:3239} INFO - Sync 1 DAGs
[2024-10-06T04:23:56.814+0000] {logging_mixin.py:190} INFO - [2024-10-06T04:23:56.813+0000] {dag.py:4180} INFO - Setting next_dagrun for example_python_operator to None, run_after=None
[2024-10-06T04:23:56.839+0000] {processor.py:208} INFO - Processing /home/airflow/.local/lib/python3.12/site-packages/airflow/example_dags/example_python_operator.py took 0.108 seconds
[2024-10-06T04:24:27.562+0000] {processor.py:186} INFO - Started process (PID=705) to work on /home/airflow/.local/lib/python3.12/site-packages/airflow/example_dags/example_python_operator.py
[2024-10-06T04:24:27.564+0000] {processor.py:914} INFO - Processing file /home/airflow/.local/lib/python3.12/site-packages/airflow/example_dags/example_python_operator.py for tasks to queue
[2024-10-06T04:24:27.567+0000] {logging_mixin.py:190} INFO - [2024-10-06T04:24:27.567+0000] {dagbag.py:588} INFO - Filling up the DagBag from /home/airflow/.local/lib/python3.12/site-packages/airflow/example_dags/example_python_operator.py
[2024-10-06T04:24:27.584+0000] {processor.py:925} INFO - DAG(s) 'example_python_operator' retrieved from /home/airflow/.local/lib/python3.12/site-packages/airflow/example_dags/example_python_operator.py
[2024-10-06T04:24:27.613+0000] {logging_mixin.py:190} INFO - [2024-10-06T04:24:27.613+0000] {dag.py:3239} INFO - Sync 1 DAGs
[2024-10-06T04:24:27.631+0000] {logging_mixin.py:190} INFO - [2024-10-06T04:24:27.631+0000] {dag.py:4180} INFO - Setting next_dagrun for example_python_operator to None, run_after=None
[2024-10-06T04:24:27.655+0000] {processor.py:208} INFO - Processing /home/airflow/.local/lib/python3.12/site-packages/airflow/example_dags/example_python_operator.py took 0.101 seconds
[2024-10-06T04:24:59.134+0000] {processor.py:186} INFO - Started process (PID=767) to work on /home/airflow/.local/lib/python3.12/site-packages/airflow/example_dags/example_python_operator.py
[2024-10-06T04:24:59.135+0000] {processor.py:914} INFO - Processing file /home/airflow/.local/lib/python3.12/site-packages/airflow/example_dags/example_python_operator.py for tasks to queue
[2024-10-06T04:24:59.140+0000] {logging_mixin.py:190} INFO - [2024-10-06T04:24:59.140+0000] {dagbag.py:588} INFO - Filling up the DagBag from /home/airflow/.local/lib/python3.12/site-packages/airflow/example_dags/example_python_operator.py
[2024-10-06T04:24:59.166+0000] {processor.py:925} INFO - DAG(s) 'example_python_operator' retrieved from /home/airflow/.local/lib/python3.12/site-packages/airflow/example_dags/example_python_operator.py
[2024-10-06T04:24:59.195+0000] {logging_mixin.py:190} INFO - [2024-10-06T04:24:59.195+0000] {dag.py:3239} INFO - Sync 1 DAGs
[2024-10-06T04:24:59.215+0000] {logging_mixin.py:190} INFO - [2024-10-06T04:24:59.215+0000] {dag.py:4180} INFO - Setting next_dagrun for example_python_operator to None, run_after=None
[2024-10-06T04:24:59.243+0000] {processor.py:208} INFO - Processing /home/airflow/.local/lib/python3.12/site-packages/airflow/example_dags/example_python_operator.py took 0.121 seconds
[2024-10-06T04:25:29.463+0000] {processor.py:186} INFO - Started process (PID=830) to work on /home/airflow/.local/lib/python3.12/site-packages/airflow/example_dags/example_python_operator.py
[2024-10-06T04:25:29.465+0000] {processor.py:914} INFO - Processing file /home/airflow/.local/lib/python3.12/site-packages/airflow/example_dags/example_python_operator.py for tasks to queue
[2024-10-06T04:25:29.470+0000] {logging_mixin.py:190} INFO - [2024-10-06T04:25:29.469+0000] {dagbag.py:588} INFO - Filling up the DagBag from /home/airflow/.local/lib/python3.12/site-packages/airflow/example_dags/example_python_operator.py
[2024-10-06T04:25:29.499+0000] {processor.py:925} INFO - DAG(s) 'example_python_operator' retrieved from /home/airflow/.local/lib/python3.12/site-packages/airflow/example_dags/example_python_operator.py
[2024-10-06T04:25:29.546+0000] {logging_mixin.py:190} INFO - [2024-10-06T04:25:29.546+0000] {dag.py:3239} INFO - Sync 1 DAGs
[2024-10-06T04:25:29.583+0000] {logging_mixin.py:190} INFO - [2024-10-06T04:25:29.583+0000] {dag.py:4180} INFO - Setting next_dagrun for example_python_operator to None, run_after=None
[2024-10-06T04:25:29.616+0000] {processor.py:208} INFO - Processing /home/airflow/.local/lib/python3.12/site-packages/airflow/example_dags/example_python_operator.py took 0.167 seconds
[2024-10-06T04:25:59.880+0000] {processor.py:186} INFO - Started process (PID=892) to work on /home/airflow/.local/lib/python3.12/site-packages/airflow/example_dags/example_python_operator.py
[2024-10-06T04:25:59.882+0000] {processor.py:914} INFO - Processing file /home/airflow/.local/lib/python3.12/site-packages/airflow/example_dags/example_python_operator.py for tasks to queue
[2024-10-06T04:25:59.886+0000] {logging_mixin.py:190} INFO - [2024-10-06T04:25:59.886+0000] {dagbag.py:588} INFO - Filling up the DagBag from /home/airflow/.local/lib/python3.12/site-packages/airflow/example_dags/example_python_operator.py
[2024-10-06T04:25:59.908+0000] {processor.py:925} INFO - DAG(s) 'example_python_operator' retrieved from /home/airflow/.local/lib/python3.12/site-packages/airflow/example_dags/example_python_operator.py
[2024-10-06T04:25:59.942+0000] {logging_mixin.py:190} INFO - [2024-10-06T04:25:59.942+0000] {dag.py:3239} INFO - Sync 1 DAGs
[2024-10-06T04:25:59.967+0000] {logging_mixin.py:190} INFO - [2024-10-06T04:25:59.966+0000] {dag.py:4180} INFO - Setting next_dagrun for example_python_operator to None, run_after=None
[2024-10-06T04:26:00.009+0000] {processor.py:208} INFO - Processing /home/airflow/.local/lib/python3.12/site-packages/airflow/example_dags/example_python_operator.py took 0.139 seconds
[2024-10-06T04:26:31.364+0000] {processor.py:186} INFO - Started process (PID=954) to work on /home/airflow/.local/lib/python3.12/site-packages/airflow/example_dags/example_python_operator.py
[2024-10-06T04:26:31.365+0000] {processor.py:914} INFO - Processing file /home/airflow/.local/lib/python3.12/site-packages/airflow/example_dags/example_python_operator.py for tasks to queue
[2024-10-06T04:26:31.369+0000] {logging_mixin.py:190} INFO - [2024-10-06T04:26:31.368+0000] {dagbag.py:588} INFO - Filling up the DagBag from /home/airflow/.local/lib/python3.12/site-packages/airflow/example_dags/example_python_operator.py
[2024-10-06T04:26:31.387+0000] {processor.py:925} INFO - DAG(s) 'example_python_operator' retrieved from /home/airflow/.local/lib/python3.12/site-packages/airflow/example_dags/example_python_operator.py
[2024-10-06T04:26:31.419+0000] {logging_mixin.py:190} INFO - [2024-10-06T04:26:31.418+0000] {dag.py:3239} INFO - Sync 1 DAGs
[2024-10-06T04:26:31.442+0000] {logging_mixin.py:190} INFO - [2024-10-06T04:26:31.442+0000] {dag.py:4180} INFO - Setting next_dagrun for example_python_operator to None, run_after=None
[2024-10-06T04:26:31.473+0000] {processor.py:208} INFO - Processing /home/airflow/.local/lib/python3.12/site-packages/airflow/example_dags/example_python_operator.py took 0.118 seconds
[2024-10-06T04:27:01.721+0000] {processor.py:186} INFO - Started process (PID=1016) to work on /home/airflow/.local/lib/python3.12/site-packages/airflow/example_dags/example_python_operator.py
[2024-10-06T04:27:01.723+0000] {processor.py:914} INFO - Processing file /home/airflow/.local/lib/python3.12/site-packages/airflow/example_dags/example_python_operator.py for tasks to queue
[2024-10-06T04:27:01.727+0000] {logging_mixin.py:190} INFO - [2024-10-06T04:27:01.727+0000] {dagbag.py:588} INFO - Filling up the DagBag from /home/airflow/.local/lib/python3.12/site-packages/airflow/example_dags/example_python_operator.py
[2024-10-06T04:27:01.751+0000] {processor.py:925} INFO - DAG(s) 'example_python_operator' retrieved from /home/airflow/.local/lib/python3.12/site-packages/airflow/example_dags/example_python_operator.py
[2024-10-06T04:27:01.815+0000] {logging_mixin.py:190} INFO - [2024-10-06T04:27:01.814+0000] {dag.py:3239} INFO - Sync 1 DAGs
[2024-10-06T04:27:01.838+0000] {logging_mixin.py:190} INFO - [2024-10-06T04:27:01.837+0000] {dag.py:4180} INFO - Setting next_dagrun for example_python_operator to None, run_after=None
[2024-10-06T04:27:01.866+0000] {processor.py:208} INFO - Processing /home/airflow/.local/lib/python3.12/site-packages/airflow/example_dags/example_python_operator.py took 0.158 seconds
[2024-10-06T04:27:32.471+0000] {processor.py:186} INFO - Started process (PID=1078) to work on /home/airflow/.local/lib/python3.12/site-packages/airflow/example_dags/example_python_operator.py
[2024-10-06T04:27:32.472+0000] {processor.py:914} INFO - Processing file /home/airflow/.local/lib/python3.12/site-packages/airflow/example_dags/example_python_operator.py for tasks to queue
[2024-10-06T04:27:32.476+0000] {logging_mixin.py:190} INFO - [2024-10-06T04:27:32.476+0000] {dagbag.py:588} INFO - Filling up the DagBag from /home/airflow/.local/lib/python3.12/site-packages/airflow/example_dags/example_python_operator.py
[2024-10-06T04:27:32.496+0000] {processor.py:925} INFO - DAG(s) 'example_python_operator' retrieved from /home/airflow/.local/lib/python3.12/site-packages/airflow/example_dags/example_python_operator.py
[2024-10-06T04:27:32.529+0000] {logging_mixin.py:190} INFO - [2024-10-06T04:27:32.528+0000] {dag.py:3239} INFO - Sync 1 DAGs
[2024-10-06T04:27:32.549+0000] {logging_mixin.py:190} INFO - [2024-10-06T04:27:32.549+0000] {dag.py:4180} INFO - Setting next_dagrun for example_python_operator to None, run_after=None
[2024-10-06T04:27:32.579+0000] {processor.py:208} INFO - Processing /home/airflow/.local/lib/python3.12/site-packages/airflow/example_dags/example_python_operator.py took 0.117 seconds
[2024-10-06T04:28:03.335+0000] {processor.py:186} INFO - Started process (PID=1140) to work on /home/airflow/.local/lib/python3.12/site-packages/airflow/example_dags/example_python_operator.py
[2024-10-06T04:28:03.336+0000] {processor.py:914} INFO - Processing file /home/airflow/.local/lib/python3.12/site-packages/airflow/example_dags/example_python_operator.py for tasks to queue
[2024-10-06T04:28:03.339+0000] {logging_mixin.py:190} INFO - [2024-10-06T04:28:03.339+0000] {dagbag.py:588} INFO - Filling up the DagBag from /home/airflow/.local/lib/python3.12/site-packages/airflow/example_dags/example_python_operator.py
[2024-10-06T04:28:03.357+0000] {processor.py:925} INFO - DAG(s) 'example_python_operator' retrieved from /home/airflow/.local/lib/python3.12/site-packages/airflow/example_dags/example_python_operator.py
[2024-10-06T04:28:03.387+0000] {logging_mixin.py:190} INFO - [2024-10-06T04:28:03.386+0000] {dag.py:3239} INFO - Sync 1 DAGs
[2024-10-06T04:28:03.408+0000] {logging_mixin.py:190} INFO - [2024-10-06T04:28:03.408+0000] {dag.py:4180} INFO - Setting next_dagrun for example_python_operator to None, run_after=None
[2024-10-06T04:28:03.431+0000] {processor.py:208} INFO - Processing /home/airflow/.local/lib/python3.12/site-packages/airflow/example_dags/example_python_operator.py took 0.105 seconds
[2024-10-06T04:28:34.243+0000] {processor.py:186} INFO - Started process (PID=1202) to work on /home/airflow/.local/lib/python3.12/site-packages/airflow/example_dags/example_python_operator.py
[2024-10-06T04:28:34.245+0000] {processor.py:914} INFO - Processing file /home/airflow/.local/lib/python3.12/site-packages/airflow/example_dags/example_python_operator.py for tasks to queue
[2024-10-06T04:28:34.249+0000] {logging_mixin.py:190} INFO - [2024-10-06T04:28:34.248+0000] {dagbag.py:588} INFO - Filling up the DagBag from /home/airflow/.local/lib/python3.12/site-packages/airflow/example_dags/example_python_operator.py
[2024-10-06T04:28:34.271+0000] {processor.py:925} INFO - DAG(s) 'example_python_operator' retrieved from /home/airflow/.local/lib/python3.12/site-packages/airflow/example_dags/example_python_operator.py
[2024-10-06T04:28:34.311+0000] {logging_mixin.py:190} INFO - [2024-10-06T04:28:34.310+0000] {dag.py:3239} INFO - Sync 1 DAGs
[2024-10-06T04:28:34.336+0000] {logging_mixin.py:190} INFO - [2024-10-06T04:28:34.336+0000] {dag.py:4180} INFO - Setting next_dagrun for example_python_operator to None, run_after=None
[2024-10-06T04:28:34.371+0000] {processor.py:208} INFO - Processing /home/airflow/.local/lib/python3.12/site-packages/airflow/example_dags/example_python_operator.py took 0.139 seconds
[2024-10-06T04:29:06.281+0000] {processor.py:186} INFO - Started process (PID=1265) to work on /home/airflow/.local/lib/python3.12/site-packages/airflow/example_dags/example_python_operator.py
[2024-10-06T04:29:06.283+0000] {processor.py:914} INFO - Processing file /home/airflow/.local/lib/python3.12/site-packages/airflow/example_dags/example_python_operator.py for tasks to queue
[2024-10-06T04:29:06.287+0000] {logging_mixin.py:190} INFO - [2024-10-06T04:29:06.286+0000] {dagbag.py:588} INFO - Filling up the DagBag from /home/airflow/.local/lib/python3.12/site-packages/airflow/example_dags/example_python_operator.py
[2024-10-06T04:29:06.322+0000] {processor.py:925} INFO - DAG(s) 'example_python_operator' retrieved from /home/airflow/.local/lib/python3.12/site-packages/airflow/example_dags/example_python_operator.py
[2024-10-06T04:29:06.365+0000] {logging_mixin.py:190} INFO - [2024-10-06T04:29:06.365+0000] {dag.py:3239} INFO - Sync 1 DAGs
[2024-10-06T04:29:06.387+0000] {logging_mixin.py:190} INFO - [2024-10-06T04:29:06.387+0000] {dag.py:4180} INFO - Setting next_dagrun for example_python_operator to None, run_after=None
[2024-10-06T04:29:06.431+0000] {processor.py:208} INFO - Processing /home/airflow/.local/lib/python3.12/site-packages/airflow/example_dags/example_python_operator.py took 0.160 seconds
[2024-10-06T04:29:36.914+0000] {processor.py:186} INFO - Started process (PID=1327) to work on /home/airflow/.local/lib/python3.12/site-packages/airflow/example_dags/example_python_operator.py
[2024-10-06T04:29:36.915+0000] {processor.py:914} INFO - Processing file /home/airflow/.local/lib/python3.12/site-packages/airflow/example_dags/example_python_operator.py for tasks to queue
[2024-10-06T04:29:36.920+0000] {logging_mixin.py:190} INFO - [2024-10-06T04:29:36.919+0000] {dagbag.py:588} INFO - Filling up the DagBag from /home/airflow/.local/lib/python3.12/site-packages/airflow/example_dags/example_python_operator.py
[2024-10-06T04:29:36.944+0000] {processor.py:925} INFO - DAG(s) 'example_python_operator' retrieved from /home/airflow/.local/lib/python3.12/site-packages/airflow/example_dags/example_python_operator.py
[2024-10-06T04:29:36.977+0000] {logging_mixin.py:190} INFO - [2024-10-06T04:29:36.977+0000] {dag.py:3239} INFO - Sync 1 DAGs
[2024-10-06T04:29:36.997+0000] {logging_mixin.py:190} INFO - [2024-10-06T04:29:36.997+0000] {dag.py:4180} INFO - Setting next_dagrun for example_python_operator to None, run_after=None
[2024-10-06T04:29:37.020+0000] {processor.py:208} INFO - Processing /home/airflow/.local/lib/python3.12/site-packages/airflow/example_dags/example_python_operator.py took 0.118 seconds
[2024-10-06T04:30:07.382+0000] {processor.py:186} INFO - Started process (PID=1389) to work on /home/airflow/.local/lib/python3.12/site-packages/airflow/example_dags/example_python_operator.py
[2024-10-06T04:30:07.385+0000] {processor.py:914} INFO - Processing file /home/airflow/.local/lib/python3.12/site-packages/airflow/example_dags/example_python_operator.py for tasks to queue
[2024-10-06T04:30:07.390+0000] {logging_mixin.py:190} INFO - [2024-10-06T04:30:07.389+0000] {dagbag.py:588} INFO - Filling up the DagBag from /home/airflow/.local/lib/python3.12/site-packages/airflow/example_dags/example_python_operator.py
[2024-10-06T04:30:07.418+0000] {processor.py:925} INFO - DAG(s) 'example_python_operator' retrieved from /home/airflow/.local/lib/python3.12/site-packages/airflow/example_dags/example_python_operator.py
[2024-10-06T04:30:07.459+0000] {logging_mixin.py:190} INFO - [2024-10-06T04:30:07.459+0000] {dag.py:3239} INFO - Sync 1 DAGs
[2024-10-06T04:30:07.503+0000] {logging_mixin.py:190} INFO - [2024-10-06T04:30:07.502+0000] {dag.py:4180} INFO - Setting next_dagrun for example_python_operator to None, run_after=None
[2024-10-06T04:30:07.531+0000] {processor.py:208} INFO - Processing /home/airflow/.local/lib/python3.12/site-packages/airflow/example_dags/example_python_operator.py took 0.161 seconds
[2024-10-06T04:30:38.656+0000] {processor.py:186} INFO - Started process (PID=1451) to work on /home/airflow/.local/lib/python3.12/site-packages/airflow/example_dags/example_python_operator.py
[2024-10-06T04:30:38.658+0000] {processor.py:914} INFO - Processing file /home/airflow/.local/lib/python3.12/site-packages/airflow/example_dags/example_python_operator.py for tasks to queue
[2024-10-06T04:30:38.662+0000] {logging_mixin.py:190} INFO - [2024-10-06T04:30:38.661+0000] {dagbag.py:588} INFO - Filling up the DagBag from /home/airflow/.local/lib/python3.12/site-packages/airflow/example_dags/example_python_operator.py
[2024-10-06T04:30:38.680+0000] {processor.py:925} INFO - DAG(s) 'example_python_operator' retrieved from /home/airflow/.local/lib/python3.12/site-packages/airflow/example_dags/example_python_operator.py
[2024-10-06T04:30:38.712+0000] {logging_mixin.py:190} INFO - [2024-10-06T04:30:38.712+0000] {dag.py:3239} INFO - Sync 1 DAGs
[2024-10-06T04:30:38.735+0000] {logging_mixin.py:190} INFO - [2024-10-06T04:30:38.734+0000] {dag.py:4180} INFO - Setting next_dagrun for example_python_operator to None, run_after=None
[2024-10-06T04:30:38.766+0000] {processor.py:208} INFO - Processing /home/airflow/.local/lib/python3.12/site-packages/airflow/example_dags/example_python_operator.py took 0.118 seconds
[2024-10-06T04:31:09.813+0000] {processor.py:186} INFO - Started process (PID=1513) to work on /home/airflow/.local/lib/python3.12/site-packages/airflow/example_dags/example_python_operator.py
[2024-10-06T04:31:09.816+0000] {processor.py:914} INFO - Processing file /home/airflow/.local/lib/python3.12/site-packages/airflow/example_dags/example_python_operator.py for tasks to queue
[2024-10-06T04:31:09.822+0000] {logging_mixin.py:190} INFO - [2024-10-06T04:31:09.821+0000] {dagbag.py:588} INFO - Filling up the DagBag from /home/airflow/.local/lib/python3.12/site-packages/airflow/example_dags/example_python_operator.py
[2024-10-06T04:31:09.846+0000] {processor.py:925} INFO - DAG(s) 'example_python_operator' retrieved from /home/airflow/.local/lib/python3.12/site-packages/airflow/example_dags/example_python_operator.py
[2024-10-06T04:31:09.886+0000] {logging_mixin.py:190} INFO - [2024-10-06T04:31:09.886+0000] {dag.py:3239} INFO - Sync 1 DAGs
[2024-10-06T04:31:09.910+0000] {logging_mixin.py:190} INFO - [2024-10-06T04:31:09.910+0000] {dag.py:4180} INFO - Setting next_dagrun for example_python_operator to None, run_after=None
[2024-10-06T04:31:09.935+0000] {processor.py:208} INFO - Processing /home/airflow/.local/lib/python3.12/site-packages/airflow/example_dags/example_python_operator.py took 0.133 seconds
[2024-10-06T04:31:40.584+0000] {processor.py:186} INFO - Started process (PID=1575) to work on /home/airflow/.local/lib/python3.12/site-packages/airflow/example_dags/example_python_operator.py
[2024-10-06T04:31:40.586+0000] {processor.py:914} INFO - Processing file /home/airflow/.local/lib/python3.12/site-packages/airflow/example_dags/example_python_operator.py for tasks to queue
[2024-10-06T04:31:40.590+0000] {logging_mixin.py:190} INFO - [2024-10-06T04:31:40.589+0000] {dagbag.py:588} INFO - Filling up the DagBag from /home/airflow/.local/lib/python3.12/site-packages/airflow/example_dags/example_python_operator.py
[2024-10-06T04:31:40.607+0000] {processor.py:925} INFO - DAG(s) 'example_python_operator' retrieved from /home/airflow/.local/lib/python3.12/site-packages/airflow/example_dags/example_python_operator.py
[2024-10-06T04:31:40.654+0000] {logging_mixin.py:190} INFO - [2024-10-06T04:31:40.654+0000] {dag.py:3239} INFO - Sync 1 DAGs
[2024-10-06T04:31:40.685+0000] {logging_mixin.py:190} INFO - [2024-10-06T04:31:40.685+0000] {dag.py:4180} INFO - Setting next_dagrun for example_python_operator to None, run_after=None
[2024-10-06T04:31:40.719+0000] {processor.py:208} INFO - Processing /home/airflow/.local/lib/python3.12/site-packages/airflow/example_dags/example_python_operator.py took 0.144 seconds
[2024-10-06T04:32:11.320+0000] {processor.py:186} INFO - Started process (PID=1637) to work on /home/airflow/.local/lib/python3.12/site-packages/airflow/example_dags/example_python_operator.py
[2024-10-06T04:32:11.322+0000] {processor.py:914} INFO - Processing file /home/airflow/.local/lib/python3.12/site-packages/airflow/example_dags/example_python_operator.py for tasks to queue
[2024-10-06T04:32:11.326+0000] {logging_mixin.py:190} INFO - [2024-10-06T04:32:11.326+0000] {dagbag.py:588} INFO - Filling up the DagBag from /home/airflow/.local/lib/python3.12/site-packages/airflow/example_dags/example_python_operator.py
[2024-10-06T04:32:11.349+0000] {processor.py:925} INFO - DAG(s) 'example_python_operator' retrieved from /home/airflow/.local/lib/python3.12/site-packages/airflow/example_dags/example_python_operator.py
[2024-10-06T04:32:11.382+0000] {logging_mixin.py:190} INFO - [2024-10-06T04:32:11.381+0000] {dag.py:3239} INFO - Sync 1 DAGs
[2024-10-06T04:32:11.406+0000] {logging_mixin.py:190} INFO - [2024-10-06T04:32:11.406+0000] {dag.py:4180} INFO - Setting next_dagrun for example_python_operator to None, run_after=None
[2024-10-06T04:32:11.431+0000] {processor.py:208} INFO - Processing /home/airflow/.local/lib/python3.12/site-packages/airflow/example_dags/example_python_operator.py took 0.121 seconds
[2024-10-06T04:32:43.094+0000] {processor.py:186} INFO - Started process (PID=1699) to work on /home/airflow/.local/lib/python3.12/site-packages/airflow/example_dags/example_python_operator.py
[2024-10-06T04:32:43.095+0000] {processor.py:914} INFO - Processing file /home/airflow/.local/lib/python3.12/site-packages/airflow/example_dags/example_python_operator.py for tasks to queue
[2024-10-06T04:32:43.098+0000] {logging_mixin.py:190} INFO - [2024-10-06T04:32:43.098+0000] {dagbag.py:588} INFO - Filling up the DagBag from /home/airflow/.local/lib/python3.12/site-packages/airflow/example_dags/example_python_operator.py
[2024-10-06T04:32:43.114+0000] {processor.py:925} INFO - DAG(s) 'example_python_operator' retrieved from /home/airflow/.local/lib/python3.12/site-packages/airflow/example_dags/example_python_operator.py
[2024-10-06T04:32:43.141+0000] {logging_mixin.py:190} INFO - [2024-10-06T04:32:43.140+0000] {dag.py:3239} INFO - Sync 1 DAGs
[2024-10-06T04:32:43.159+0000] {logging_mixin.py:190} INFO - [2024-10-06T04:32:43.159+0000] {dag.py:4180} INFO - Setting next_dagrun for example_python_operator to None, run_after=None
[2024-10-06T04:32:43.182+0000] {processor.py:208} INFO - Processing /home/airflow/.local/lib/python3.12/site-packages/airflow/example_dags/example_python_operator.py took 0.096 seconds
[2024-10-06T04:35:15.522+0000] {processor.py:186} INFO - Started process (PID=79) to work on /home/airflow/.local/lib/python3.12/site-packages/airflow/example_dags/example_python_operator.py
[2024-10-06T04:35:15.526+0000] {processor.py:914} INFO - Processing file /home/airflow/.local/lib/python3.12/site-packages/airflow/example_dags/example_python_operator.py for tasks to queue
[2024-10-06T04:35:15.530+0000] {logging_mixin.py:190} INFO - [2024-10-06T04:35:15.529+0000] {dagbag.py:588} INFO - Filling up the DagBag from /home/airflow/.local/lib/python3.12/site-packages/airflow/example_dags/example_python_operator.py
[2024-10-06T04:35:15.549+0000] {processor.py:925} INFO - DAG(s) 'example_python_operator' retrieved from /home/airflow/.local/lib/python3.12/site-packages/airflow/example_dags/example_python_operator.py
[2024-10-06T04:35:15.753+0000] {logging_mixin.py:190} INFO - [2024-10-06T04:35:15.752+0000] {dag.py:3239} INFO - Sync 1 DAGs
[2024-10-06T04:35:15.767+0000] {logging_mixin.py:190} INFO - [2024-10-06T04:35:15.767+0000] {dag.py:4180} INFO - Setting next_dagrun for example_python_operator to None, run_after=None
[2024-10-06T04:35:15.792+0000] {processor.py:208} INFO - Processing /home/airflow/.local/lib/python3.12/site-packages/airflow/example_dags/example_python_operator.py took 0.293 seconds
[2024-10-06T04:35:46.100+0000] {processor.py:186} INFO - Started process (PID=141) to work on /home/airflow/.local/lib/python3.12/site-packages/airflow/example_dags/example_python_operator.py
[2024-10-06T04:35:46.102+0000] {processor.py:914} INFO - Processing file /home/airflow/.local/lib/python3.12/site-packages/airflow/example_dags/example_python_operator.py for tasks to queue
[2024-10-06T04:35:46.106+0000] {logging_mixin.py:190} INFO - [2024-10-06T04:35:46.106+0000] {dagbag.py:588} INFO - Filling up the DagBag from /home/airflow/.local/lib/python3.12/site-packages/airflow/example_dags/example_python_operator.py
[2024-10-06T04:35:46.157+0000] {processor.py:925} INFO - DAG(s) 'example_python_operator' retrieved from /home/airflow/.local/lib/python3.12/site-packages/airflow/example_dags/example_python_operator.py
[2024-10-06T04:35:46.265+0000] {logging_mixin.py:190} INFO - [2024-10-06T04:35:46.265+0000] {dag.py:3239} INFO - Sync 1 DAGs
[2024-10-06T04:35:46.337+0000] {logging_mixin.py:190} INFO - [2024-10-06T04:35:46.337+0000] {dag.py:4180} INFO - Setting next_dagrun for example_python_operator to None, run_after=None
[2024-10-06T04:35:46.424+0000] {processor.py:208} INFO - Processing /home/airflow/.local/lib/python3.12/site-packages/airflow/example_dags/example_python_operator.py took 0.335 seconds
[2024-10-06T04:36:17.187+0000] {processor.py:186} INFO - Started process (PID=203) to work on /home/airflow/.local/lib/python3.12/site-packages/airflow/example_dags/example_python_operator.py
[2024-10-06T04:36:17.189+0000] {processor.py:914} INFO - Processing file /home/airflow/.local/lib/python3.12/site-packages/airflow/example_dags/example_python_operator.py for tasks to queue
[2024-10-06T04:36:17.193+0000] {logging_mixin.py:190} INFO - [2024-10-06T04:36:17.192+0000] {dagbag.py:588} INFO - Filling up the DagBag from /home/airflow/.local/lib/python3.12/site-packages/airflow/example_dags/example_python_operator.py
[2024-10-06T04:36:17.211+0000] {processor.py:925} INFO - DAG(s) 'example_python_operator' retrieved from /home/airflow/.local/lib/python3.12/site-packages/airflow/example_dags/example_python_operator.py
[2024-10-06T04:36:17.247+0000] {logging_mixin.py:190} INFO - [2024-10-06T04:36:17.246+0000] {dag.py:3239} INFO - Sync 1 DAGs
[2024-10-06T04:36:17.291+0000] {logging_mixin.py:190} INFO - [2024-10-06T04:36:17.291+0000] {dag.py:4180} INFO - Setting next_dagrun for example_python_operator to None, run_after=None
[2024-10-06T04:36:17.352+0000] {processor.py:208} INFO - Processing /home/airflow/.local/lib/python3.12/site-packages/airflow/example_dags/example_python_operator.py took 0.174 seconds
[2024-10-06T04:36:47.459+0000] {processor.py:186} INFO - Started process (PID=265) to work on /home/airflow/.local/lib/python3.12/site-packages/airflow/example_dags/example_python_operator.py
[2024-10-06T04:36:47.461+0000] {processor.py:914} INFO - Processing file /home/airflow/.local/lib/python3.12/site-packages/airflow/example_dags/example_python_operator.py for tasks to queue
[2024-10-06T04:36:47.464+0000] {logging_mixin.py:190} INFO - [2024-10-06T04:36:47.464+0000] {dagbag.py:588} INFO - Filling up the DagBag from /home/airflow/.local/lib/python3.12/site-packages/airflow/example_dags/example_python_operator.py
[2024-10-06T04:36:47.487+0000] {processor.py:925} INFO - DAG(s) 'example_python_operator' retrieved from /home/airflow/.local/lib/python3.12/site-packages/airflow/example_dags/example_python_operator.py
[2024-10-06T04:36:47.530+0000] {logging_mixin.py:190} INFO - [2024-10-06T04:36:47.530+0000] {dag.py:3239} INFO - Sync 1 DAGs
[2024-10-06T04:36:47.559+0000] {logging_mixin.py:190} INFO - [2024-10-06T04:36:47.558+0000] {dag.py:4180} INFO - Setting next_dagrun for example_python_operator to None, run_after=None
[2024-10-06T04:36:47.605+0000] {processor.py:208} INFO - Processing /home/airflow/.local/lib/python3.12/site-packages/airflow/example_dags/example_python_operator.py took 0.155 seconds
[2024-10-06T04:37:18.510+0000] {processor.py:186} INFO - Started process (PID=327) to work on /home/airflow/.local/lib/python3.12/site-packages/airflow/example_dags/example_python_operator.py
[2024-10-06T04:37:18.524+0000] {processor.py:914} INFO - Processing file /home/airflow/.local/lib/python3.12/site-packages/airflow/example_dags/example_python_operator.py for tasks to queue
[2024-10-06T04:37:18.529+0000] {logging_mixin.py:190} INFO - [2024-10-06T04:37:18.528+0000] {dagbag.py:588} INFO - Filling up the DagBag from /home/airflow/.local/lib/python3.12/site-packages/airflow/example_dags/example_python_operator.py
[2024-10-06T04:37:18.562+0000] {processor.py:925} INFO - DAG(s) 'example_python_operator' retrieved from /home/airflow/.local/lib/python3.12/site-packages/airflow/example_dags/example_python_operator.py
[2024-10-06T04:37:18.590+0000] {logging_mixin.py:190} INFO - [2024-10-06T04:37:18.590+0000] {dag.py:3239} INFO - Sync 1 DAGs
[2024-10-06T04:37:18.610+0000] {logging_mixin.py:190} INFO - [2024-10-06T04:37:18.609+0000] {dag.py:4180} INFO - Setting next_dagrun for example_python_operator to None, run_after=None
[2024-10-06T04:37:18.636+0000] {processor.py:208} INFO - Processing /home/airflow/.local/lib/python3.12/site-packages/airflow/example_dags/example_python_operator.py took 0.151 seconds
[2024-10-06T04:39:16.462+0000] {processor.py:186} INFO - Started process (PID=80) to work on /home/airflow/.local/lib/python3.12/site-packages/airflow/example_dags/example_python_operator.py
[2024-10-06T04:39:16.463+0000] {processor.py:914} INFO - Processing file /home/airflow/.local/lib/python3.12/site-packages/airflow/example_dags/example_python_operator.py for tasks to queue
[2024-10-06T04:39:16.467+0000] {logging_mixin.py:190} INFO - [2024-10-06T04:39:16.467+0000] {dagbag.py:588} INFO - Filling up the DagBag from /home/airflow/.local/lib/python3.12/site-packages/airflow/example_dags/example_python_operator.py
[2024-10-06T04:39:16.487+0000] {processor.py:925} INFO - DAG(s) 'example_python_operator' retrieved from /home/airflow/.local/lib/python3.12/site-packages/airflow/example_dags/example_python_operator.py
[2024-10-06T04:39:16.650+0000] {logging_mixin.py:190} INFO - [2024-10-06T04:39:16.648+0000] {override.py:1900} INFO - Created Permission View: can read on DAG:example_python_operator
[2024-10-06T04:39:16.684+0000] {logging_mixin.py:190} INFO - [2024-10-06T04:39:16.684+0000] {override.py:1900} INFO - Created Permission View: can edit on DAG:example_python_operator
[2024-10-06T04:39:16.699+0000] {logging_mixin.py:190} INFO - [2024-10-06T04:39:16.698+0000] {override.py:1900} INFO - Created Permission View: can delete on DAG:example_python_operator
[2024-10-06T04:39:16.707+0000] {logging_mixin.py:190} INFO - [2024-10-06T04:39:16.706+0000] {override.py:1900} INFO - Created Permission View: menu access on DAG Run:example_python_operator
[2024-10-06T04:39:16.718+0000] {logging_mixin.py:190} INFO - [2024-10-06T04:39:16.718+0000] {override.py:1900} INFO - Created Permission View: can read on DAG Run:example_python_operator
[2024-10-06T04:39:16.725+0000] {logging_mixin.py:190} INFO - [2024-10-06T04:39:16.725+0000] {override.py:1900} INFO - Created Permission View: can create on DAG Run:example_python_operator
[2024-10-06T04:39:16.732+0000] {logging_mixin.py:190} INFO - [2024-10-06T04:39:16.732+0000] {override.py:1900} INFO - Created Permission View: can delete on DAG Run:example_python_operator
[2024-10-06T04:39:16.733+0000] {logging_mixin.py:190} INFO - [2024-10-06T04:39:16.733+0000] {dag.py:3239} INFO - Sync 1 DAGs
[2024-10-06T04:39:16.752+0000] {logging_mixin.py:190} INFO - [2024-10-06T04:39:16.751+0000] {dag.py:3262} INFO - Creating ORM DAG for example_python_operator
[2024-10-06T04:39:16.753+0000] {logging_mixin.py:190} INFO - [2024-10-06T04:39:16.752+0000] {dag.py:4180} INFO - Setting next_dagrun for example_python_operator to None, run_after=None
[2024-10-06T04:39:16.778+0000] {processor.py:208} INFO - Processing /home/airflow/.local/lib/python3.12/site-packages/airflow/example_dags/example_python_operator.py took 0.325 seconds
[2024-10-06T04:39:46.835+0000] {processor.py:186} INFO - Started process (PID=141) to work on /home/airflow/.local/lib/python3.12/site-packages/airflow/example_dags/example_python_operator.py
[2024-10-06T04:39:46.837+0000] {processor.py:914} INFO - Processing file /home/airflow/.local/lib/python3.12/site-packages/airflow/example_dags/example_python_operator.py for tasks to queue
[2024-10-06T04:39:46.840+0000] {logging_mixin.py:190} INFO - [2024-10-06T04:39:46.839+0000] {dagbag.py:588} INFO - Filling up the DagBag from /home/airflow/.local/lib/python3.12/site-packages/airflow/example_dags/example_python_operator.py
[2024-10-06T04:39:46.857+0000] {processor.py:925} INFO - DAG(s) 'example_python_operator' retrieved from /home/airflow/.local/lib/python3.12/site-packages/airflow/example_dags/example_python_operator.py
[2024-10-06T04:39:46.889+0000] {logging_mixin.py:190} INFO - [2024-10-06T04:39:46.888+0000] {dag.py:3239} INFO - Sync 1 DAGs
[2024-10-06T04:39:46.907+0000] {logging_mixin.py:190} INFO - [2024-10-06T04:39:46.907+0000] {dag.py:4180} INFO - Setting next_dagrun for example_python_operator to None, run_after=None
[2024-10-06T04:39:46.933+0000] {processor.py:208} INFO - Processing /home/airflow/.local/lib/python3.12/site-packages/airflow/example_dags/example_python_operator.py took 0.106 seconds
[2024-10-06T04:40:17.599+0000] {processor.py:186} INFO - Started process (PID=204) to work on /home/airflow/.local/lib/python3.12/site-packages/airflow/example_dags/example_python_operator.py
[2024-10-06T04:40:17.601+0000] {processor.py:914} INFO - Processing file /home/airflow/.local/lib/python3.12/site-packages/airflow/example_dags/example_python_operator.py for tasks to queue
[2024-10-06T04:40:17.606+0000] {logging_mixin.py:190} INFO - [2024-10-06T04:40:17.605+0000] {dagbag.py:588} INFO - Filling up the DagBag from /home/airflow/.local/lib/python3.12/site-packages/airflow/example_dags/example_python_operator.py
[2024-10-06T04:40:17.630+0000] {processor.py:925} INFO - DAG(s) 'example_python_operator' retrieved from /home/airflow/.local/lib/python3.12/site-packages/airflow/example_dags/example_python_operator.py
[2024-10-06T04:40:17.671+0000] {logging_mixin.py:190} INFO - [2024-10-06T04:40:17.671+0000] {dag.py:3239} INFO - Sync 1 DAGs
[2024-10-06T04:40:17.692+0000] {logging_mixin.py:190} INFO - [2024-10-06T04:40:17.692+0000] {dag.py:4180} INFO - Setting next_dagrun for example_python_operator to None, run_after=None
[2024-10-06T04:40:17.718+0000] {processor.py:208} INFO - Processing /home/airflow/.local/lib/python3.12/site-packages/airflow/example_dags/example_python_operator.py took 0.130 seconds
[2024-10-06T04:40:48.703+0000] {processor.py:186} INFO - Started process (PID=266) to work on /home/airflow/.local/lib/python3.12/site-packages/airflow/example_dags/example_python_operator.py
[2024-10-06T04:40:48.706+0000] {processor.py:914} INFO - Processing file /home/airflow/.local/lib/python3.12/site-packages/airflow/example_dags/example_python_operator.py for tasks to queue
[2024-10-06T04:40:48.711+0000] {logging_mixin.py:190} INFO - [2024-10-06T04:40:48.711+0000] {dagbag.py:588} INFO - Filling up the DagBag from /home/airflow/.local/lib/python3.12/site-packages/airflow/example_dags/example_python_operator.py
[2024-10-06T04:40:48.732+0000] {processor.py:925} INFO - DAG(s) 'example_python_operator' retrieved from /home/airflow/.local/lib/python3.12/site-packages/airflow/example_dags/example_python_operator.py
[2024-10-06T04:40:48.759+0000] {logging_mixin.py:190} INFO - [2024-10-06T04:40:48.758+0000] {dag.py:3239} INFO - Sync 1 DAGs
[2024-10-06T04:40:48.781+0000] {logging_mixin.py:190} INFO - [2024-10-06T04:40:48.780+0000] {dag.py:4180} INFO - Setting next_dagrun for example_python_operator to None, run_after=None
[2024-10-06T04:40:48.808+0000] {processor.py:208} INFO - Processing /home/airflow/.local/lib/python3.12/site-packages/airflow/example_dags/example_python_operator.py took 0.132 seconds
[2024-10-06T04:41:18.932+0000] {processor.py:186} INFO - Started process (PID=327) to work on /home/airflow/.local/lib/python3.12/site-packages/airflow/example_dags/example_python_operator.py
[2024-10-06T04:41:18.936+0000] {processor.py:914} INFO - Processing file /home/airflow/.local/lib/python3.12/site-packages/airflow/example_dags/example_python_operator.py for tasks to queue
[2024-10-06T04:41:18.943+0000] {logging_mixin.py:190} INFO - [2024-10-06T04:41:18.941+0000] {dagbag.py:588} INFO - Filling up the DagBag from /home/airflow/.local/lib/python3.12/site-packages/airflow/example_dags/example_python_operator.py
[2024-10-06T04:41:18.965+0000] {processor.py:925} INFO - DAG(s) 'example_python_operator' retrieved from /home/airflow/.local/lib/python3.12/site-packages/airflow/example_dags/example_python_operator.py
[2024-10-06T04:41:19.001+0000] {logging_mixin.py:190} INFO - [2024-10-06T04:41:19.000+0000] {dag.py:3239} INFO - Sync 1 DAGs
[2024-10-06T04:41:19.019+0000] {logging_mixin.py:190} INFO - [2024-10-06T04:41:19.019+0000] {dag.py:4180} INFO - Setting next_dagrun for example_python_operator to None, run_after=None
[2024-10-06T04:41:19.046+0000] {processor.py:208} INFO - Processing /home/airflow/.local/lib/python3.12/site-packages/airflow/example_dags/example_python_operator.py took 0.122 seconds
[2024-10-06T04:41:49.341+0000] {processor.py:186} INFO - Started process (PID=389) to work on /home/airflow/.local/lib/python3.12/site-packages/airflow/example_dags/example_python_operator.py
[2024-10-06T04:41:49.342+0000] {processor.py:914} INFO - Processing file /home/airflow/.local/lib/python3.12/site-packages/airflow/example_dags/example_python_operator.py for tasks to queue
[2024-10-06T04:41:49.346+0000] {logging_mixin.py:190} INFO - [2024-10-06T04:41:49.345+0000] {dagbag.py:588} INFO - Filling up the DagBag from /home/airflow/.local/lib/python3.12/site-packages/airflow/example_dags/example_python_operator.py
[2024-10-06T04:41:49.379+0000] {processor.py:925} INFO - DAG(s) 'example_python_operator' retrieved from /home/airflow/.local/lib/python3.12/site-packages/airflow/example_dags/example_python_operator.py
[2024-10-06T04:41:49.466+0000] {logging_mixin.py:190} INFO - [2024-10-06T04:41:49.466+0000] {dag.py:3239} INFO - Sync 1 DAGs
[2024-10-06T04:41:49.486+0000] {logging_mixin.py:190} INFO - [2024-10-06T04:41:49.485+0000] {dag.py:4180} INFO - Setting next_dagrun for example_python_operator to None, run_after=None
[2024-10-06T04:41:49.512+0000] {processor.py:208} INFO - Processing /home/airflow/.local/lib/python3.12/site-packages/airflow/example_dags/example_python_operator.py took 0.198 seconds
[2024-10-06T04:42:20.545+0000] {processor.py:186} INFO - Started process (PID=451) to work on /home/airflow/.local/lib/python3.12/site-packages/airflow/example_dags/example_python_operator.py
[2024-10-06T04:42:20.547+0000] {processor.py:914} INFO - Processing file /home/airflow/.local/lib/python3.12/site-packages/airflow/example_dags/example_python_operator.py for tasks to queue
[2024-10-06T04:42:20.550+0000] {logging_mixin.py:190} INFO - [2024-10-06T04:42:20.550+0000] {dagbag.py:588} INFO - Filling up the DagBag from /home/airflow/.local/lib/python3.12/site-packages/airflow/example_dags/example_python_operator.py
[2024-10-06T04:42:20.568+0000] {processor.py:925} INFO - DAG(s) 'example_python_operator' retrieved from /home/airflow/.local/lib/python3.12/site-packages/airflow/example_dags/example_python_operator.py
[2024-10-06T04:42:20.606+0000] {logging_mixin.py:190} INFO - [2024-10-06T04:42:20.606+0000] {dag.py:3239} INFO - Sync 1 DAGs
[2024-10-06T04:42:20.637+0000] {logging_mixin.py:190} INFO - [2024-10-06T04:42:20.636+0000] {dag.py:4180} INFO - Setting next_dagrun for example_python_operator to None, run_after=None
[2024-10-06T04:42:20.660+0000] {processor.py:208} INFO - Processing /home/airflow/.local/lib/python3.12/site-packages/airflow/example_dags/example_python_operator.py took 0.133 seconds
[2024-10-06T04:45:45.937+0000] {processor.py:186} INFO - Started process (PID=74) to work on /home/airflow/.local/lib/python3.12/site-packages/airflow/example_dags/example_python_operator.py
[2024-10-06T04:45:45.939+0000] {processor.py:914} INFO - Processing file /home/airflow/.local/lib/python3.12/site-packages/airflow/example_dags/example_python_operator.py for tasks to queue
[2024-10-06T04:45:45.944+0000] {logging_mixin.py:190} INFO - [2024-10-06T04:45:45.943+0000] {dagbag.py:588} INFO - Filling up the DagBag from /home/airflow/.local/lib/python3.12/site-packages/airflow/example_dags/example_python_operator.py
[2024-10-06T04:45:45.970+0000] {processor.py:925} INFO - DAG(s) 'example_python_operator' retrieved from /home/airflow/.local/lib/python3.12/site-packages/airflow/example_dags/example_python_operator.py
[2024-10-06T04:45:46.162+0000] {logging_mixin.py:190} INFO - [2024-10-06T04:45:46.161+0000] {dag.py:3239} INFO - Sync 1 DAGs
[2024-10-06T04:45:46.178+0000] {logging_mixin.py:190} INFO - [2024-10-06T04:45:46.177+0000] {dag.py:4180} INFO - Setting next_dagrun for example_python_operator to None, run_after=None
[2024-10-06T04:45:46.209+0000] {processor.py:208} INFO - Processing /home/airflow/.local/lib/python3.12/site-packages/airflow/example_dags/example_python_operator.py took 0.284 seconds
