[2024-10-06T04:18:58.585+0000] {processor.py:186} INFO - Started process (PID=57) to work on /home/airflow/.local/lib/python3.12/site-packages/airflow/example_dags/example_latest_only_with_trigger.py
[2024-10-06T04:18:58.586+0000] {processor.py:914} INFO - Processing file /home/airflow/.local/lib/python3.12/site-packages/airflow/example_dags/example_latest_only_with_trigger.py for tasks to queue
[2024-10-06T04:18:58.591+0000] {logging_mixin.py:190} INFO - [2024-10-06T04:18:58.590+0000] {dagbag.py:588} INFO - Filling up the DagBag from /home/airflow/.local/lib/python3.12/site-packages/airflow/example_dags/example_latest_only_with_trigger.py
[2024-10-06T04:18:58.609+0000] {processor.py:925} INFO - DAG(s) 'latest_only_with_trigger' retrieved from /home/airflow/.local/lib/python3.12/site-packages/airflow/example_dags/example_latest_only_with_trigger.py
[2024-10-06T04:18:58.778+0000] {logging_mixin.py:190} INFO - [2024-10-06T04:18:58.777+0000] {override.py:1900} INFO - Created Permission View: can edit on DAG:latest_only_with_trigger
[2024-10-06T04:18:58.791+0000] {logging_mixin.py:190} INFO - [2024-10-06T04:18:58.790+0000] {override.py:1900} INFO - Created Permission View: can delete on DAG:latest_only_with_trigger
[2024-10-06T04:18:58.799+0000] {logging_mixin.py:190} INFO - [2024-10-06T04:18:58.799+0000] {override.py:1900} INFO - Created Permission View: can read on DAG:latest_only_with_trigger
[2024-10-06T04:18:58.813+0000] {logging_mixin.py:190} INFO - [2024-10-06T04:18:58.813+0000] {override.py:1900} INFO - Created Permission View: can create on DAG Run:latest_only_with_trigger
[2024-10-06T04:18:58.824+0000] {logging_mixin.py:190} INFO - [2024-10-06T04:18:58.824+0000] {override.py:1900} INFO - Created Permission View: menu access on DAG Run:latest_only_with_trigger
[2024-10-06T04:18:58.833+0000] {logging_mixin.py:190} INFO - [2024-10-06T04:18:58.833+0000] {override.py:1900} INFO - Created Permission View: can read on DAG Run:latest_only_with_trigger
[2024-10-06T04:18:58.841+0000] {logging_mixin.py:190} INFO - [2024-10-06T04:18:58.841+0000] {override.py:1900} INFO - Created Permission View: can delete on DAG Run:latest_only_with_trigger
[2024-10-06T04:18:58.842+0000] {logging_mixin.py:190} INFO - [2024-10-06T04:18:58.842+0000] {dag.py:3239} INFO - Sync 1 DAGs
[2024-10-06T04:18:58.861+0000] {logging_mixin.py:190} INFO - [2024-10-06T04:18:58.860+0000] {dag.py:3262} INFO - Creating ORM DAG for latest_only_with_trigger
[2024-10-06T04:18:58.875+0000] {logging_mixin.py:190} INFO - [2024-10-06T04:18:58.875+0000] {dag.py:4180} INFO - Setting next_dagrun for latest_only_with_trigger to 2024-10-06 00:00:00+00:00, run_after=2024-10-06 04:00:00+00:00
[2024-10-06T04:18:58.908+0000] {processor.py:208} INFO - Processing /home/airflow/.local/lib/python3.12/site-packages/airflow/example_dags/example_latest_only_with_trigger.py took 0.335 seconds
[2024-10-06T04:19:49.313+0000] {processor.py:186} INFO - Started process (PID=125) to work on /home/airflow/.local/lib/python3.12/site-packages/airflow/example_dags/example_latest_only_with_trigger.py
[2024-10-06T04:19:49.314+0000] {processor.py:914} INFO - Processing file /home/airflow/.local/lib/python3.12/site-packages/airflow/example_dags/example_latest_only_with_trigger.py for tasks to queue
[2024-10-06T04:19:49.318+0000] {logging_mixin.py:190} INFO - [2024-10-06T04:19:49.317+0000] {dagbag.py:588} INFO - Filling up the DagBag from /home/airflow/.local/lib/python3.12/site-packages/airflow/example_dags/example_latest_only_with_trigger.py
[2024-10-06T04:19:49.330+0000] {processor.py:925} INFO - DAG(s) 'latest_only_with_trigger' retrieved from /home/airflow/.local/lib/python3.12/site-packages/airflow/example_dags/example_latest_only_with_trigger.py
[2024-10-06T04:19:49.360+0000] {logging_mixin.py:190} INFO - [2024-10-06T04:19:49.359+0000] {dag.py:3239} INFO - Sync 1 DAGs
[2024-10-06T04:19:49.454+0000] {logging_mixin.py:190} INFO - [2024-10-06T04:19:49.454+0000] {dag.py:4180} INFO - Setting next_dagrun for latest_only_with_trigger to 2024-10-06 00:00:00+00:00, run_after=2024-10-06 04:00:00+00:00
[2024-10-06T04:19:49.530+0000] {processor.py:208} INFO - Processing /home/airflow/.local/lib/python3.12/site-packages/airflow/example_dags/example_latest_only_with_trigger.py took 0.229 seconds
[2024-10-06T04:20:19.756+0000] {processor.py:186} INFO - Started process (PID=187) to work on /home/airflow/.local/lib/python3.12/site-packages/airflow/example_dags/example_latest_only_with_trigger.py
[2024-10-06T04:20:19.758+0000] {processor.py:914} INFO - Processing file /home/airflow/.local/lib/python3.12/site-packages/airflow/example_dags/example_latest_only_with_trigger.py for tasks to queue
[2024-10-06T04:20:19.762+0000] {logging_mixin.py:190} INFO - [2024-10-06T04:20:19.762+0000] {dagbag.py:588} INFO - Filling up the DagBag from /home/airflow/.local/lib/python3.12/site-packages/airflow/example_dags/example_latest_only_with_trigger.py
[2024-10-06T04:20:19.778+0000] {processor.py:925} INFO - DAG(s) 'latest_only_with_trigger' retrieved from /home/airflow/.local/lib/python3.12/site-packages/airflow/example_dags/example_latest_only_with_trigger.py
[2024-10-06T04:20:19.815+0000] {logging_mixin.py:190} INFO - [2024-10-06T04:20:19.815+0000] {dag.py:3239} INFO - Sync 1 DAGs
[2024-10-06T04:20:19.859+0000] {logging_mixin.py:190} INFO - [2024-10-06T04:20:19.858+0000] {dag.py:4180} INFO - Setting next_dagrun for latest_only_with_trigger to 2024-10-06 00:00:00+00:00, run_after=2024-10-06 04:00:00+00:00
[2024-10-06T04:20:19.891+0000] {processor.py:208} INFO - Processing /home/airflow/.local/lib/python3.12/site-packages/airflow/example_dags/example_latest_only_with_trigger.py took 0.157 seconds
[2024-10-06T04:20:50.265+0000] {processor.py:186} INFO - Started process (PID=250) to work on /home/airflow/.local/lib/python3.12/site-packages/airflow/example_dags/example_latest_only_with_trigger.py
[2024-10-06T04:20:50.267+0000] {processor.py:914} INFO - Processing file /home/airflow/.local/lib/python3.12/site-packages/airflow/example_dags/example_latest_only_with_trigger.py for tasks to queue
[2024-10-06T04:20:50.271+0000] {logging_mixin.py:190} INFO - [2024-10-06T04:20:50.271+0000] {dagbag.py:588} INFO - Filling up the DagBag from /home/airflow/.local/lib/python3.12/site-packages/airflow/example_dags/example_latest_only_with_trigger.py
[2024-10-06T04:20:50.285+0000] {processor.py:925} INFO - DAG(s) 'latest_only_with_trigger' retrieved from /home/airflow/.local/lib/python3.12/site-packages/airflow/example_dags/example_latest_only_with_trigger.py
[2024-10-06T04:20:50.324+0000] {logging_mixin.py:190} INFO - [2024-10-06T04:20:50.324+0000] {dag.py:3239} INFO - Sync 1 DAGs
[2024-10-06T04:20:50.359+0000] {logging_mixin.py:190} INFO - [2024-10-06T04:20:50.359+0000] {dag.py:4180} INFO - Setting next_dagrun for latest_only_with_trigger to 2024-10-06 00:00:00+00:00, run_after=2024-10-06 04:00:00+00:00
[2024-10-06T04:20:50.385+0000] {processor.py:208} INFO - Processing /home/airflow/.local/lib/python3.12/site-packages/airflow/example_dags/example_latest_only_with_trigger.py took 0.130 seconds
[2024-10-06T04:21:21.253+0000] {processor.py:186} INFO - Started process (PID=312) to work on /home/airflow/.local/lib/python3.12/site-packages/airflow/example_dags/example_latest_only_with_trigger.py
[2024-10-06T04:21:21.255+0000] {processor.py:914} INFO - Processing file /home/airflow/.local/lib/python3.12/site-packages/airflow/example_dags/example_latest_only_with_trigger.py for tasks to queue
[2024-10-06T04:21:21.260+0000] {logging_mixin.py:190} INFO - [2024-10-06T04:21:21.259+0000] {dagbag.py:588} INFO - Filling up the DagBag from /home/airflow/.local/lib/python3.12/site-packages/airflow/example_dags/example_latest_only_with_trigger.py
[2024-10-06T04:21:21.274+0000] {processor.py:925} INFO - DAG(s) 'latest_only_with_trigger' retrieved from /home/airflow/.local/lib/python3.12/site-packages/airflow/example_dags/example_latest_only_with_trigger.py
[2024-10-06T04:21:21.309+0000] {logging_mixin.py:190} INFO - [2024-10-06T04:21:21.309+0000] {dag.py:3239} INFO - Sync 1 DAGs
[2024-10-06T04:21:21.349+0000] {logging_mixin.py:190} INFO - [2024-10-06T04:21:21.349+0000] {dag.py:4180} INFO - Setting next_dagrun for latest_only_with_trigger to 2024-10-06 00:00:00+00:00, run_after=2024-10-06 04:00:00+00:00
[2024-10-06T04:21:21.375+0000] {processor.py:208} INFO - Processing /home/airflow/.local/lib/python3.12/site-packages/airflow/example_dags/example_latest_only_with_trigger.py took 0.134 seconds
[2024-10-06T04:21:51.583+0000] {processor.py:186} INFO - Started process (PID=373) to work on /home/airflow/.local/lib/python3.12/site-packages/airflow/example_dags/example_latest_only_with_trigger.py
[2024-10-06T04:21:51.584+0000] {processor.py:914} INFO - Processing file /home/airflow/.local/lib/python3.12/site-packages/airflow/example_dags/example_latest_only_with_trigger.py for tasks to queue
[2024-10-06T04:21:51.588+0000] {logging_mixin.py:190} INFO - [2024-10-06T04:21:51.587+0000] {dagbag.py:588} INFO - Filling up the DagBag from /home/airflow/.local/lib/python3.12/site-packages/airflow/example_dags/example_latest_only_with_trigger.py
[2024-10-06T04:21:51.599+0000] {processor.py:925} INFO - DAG(s) 'latest_only_with_trigger' retrieved from /home/airflow/.local/lib/python3.12/site-packages/airflow/example_dags/example_latest_only_with_trigger.py
[2024-10-06T04:21:51.641+0000] {logging_mixin.py:190} INFO - [2024-10-06T04:21:51.641+0000] {dag.py:3239} INFO - Sync 1 DAGs
[2024-10-06T04:21:51.694+0000] {logging_mixin.py:190} INFO - [2024-10-06T04:21:51.693+0000] {dag.py:4180} INFO - Setting next_dagrun for latest_only_with_trigger to 2024-10-06 00:00:00+00:00, run_after=2024-10-06 04:00:00+00:00
[2024-10-06T04:21:51.725+0000] {processor.py:208} INFO - Processing /home/airflow/.local/lib/python3.12/site-packages/airflow/example_dags/example_latest_only_with_trigger.py took 0.152 seconds
[2024-10-06T04:22:21.813+0000] {processor.py:186} INFO - Started process (PID=436) to work on /home/airflow/.local/lib/python3.12/site-packages/airflow/example_dags/example_latest_only_with_trigger.py
[2024-10-06T04:22:21.814+0000] {processor.py:914} INFO - Processing file /home/airflow/.local/lib/python3.12/site-packages/airflow/example_dags/example_latest_only_with_trigger.py for tasks to queue
[2024-10-06T04:22:21.818+0000] {logging_mixin.py:190} INFO - [2024-10-06T04:22:21.817+0000] {dagbag.py:588} INFO - Filling up the DagBag from /home/airflow/.local/lib/python3.12/site-packages/airflow/example_dags/example_latest_only_with_trigger.py
[2024-10-06T04:22:21.829+0000] {processor.py:925} INFO - DAG(s) 'latest_only_with_trigger' retrieved from /home/airflow/.local/lib/python3.12/site-packages/airflow/example_dags/example_latest_only_with_trigger.py
[2024-10-06T04:22:21.856+0000] {logging_mixin.py:190} INFO - [2024-10-06T04:22:21.855+0000] {dag.py:3239} INFO - Sync 1 DAGs
[2024-10-06T04:22:21.889+0000] {logging_mixin.py:190} INFO - [2024-10-06T04:22:21.889+0000] {dag.py:4180} INFO - Setting next_dagrun for latest_only_with_trigger to 2024-10-06 00:00:00+00:00, run_after=2024-10-06 04:00:00+00:00
[2024-10-06T04:22:21.917+0000] {processor.py:208} INFO - Processing /home/airflow/.local/lib/python3.12/site-packages/airflow/example_dags/example_latest_only_with_trigger.py took 0.112 seconds
[2024-10-06T04:22:52.494+0000] {processor.py:186} INFO - Started process (PID=499) to work on /home/airflow/.local/lib/python3.12/site-packages/airflow/example_dags/example_latest_only_with_trigger.py
[2024-10-06T04:22:52.495+0000] {processor.py:914} INFO - Processing file /home/airflow/.local/lib/python3.12/site-packages/airflow/example_dags/example_latest_only_with_trigger.py for tasks to queue
[2024-10-06T04:22:52.499+0000] {logging_mixin.py:190} INFO - [2024-10-06T04:22:52.499+0000] {dagbag.py:588} INFO - Filling up the DagBag from /home/airflow/.local/lib/python3.12/site-packages/airflow/example_dags/example_latest_only_with_trigger.py
[2024-10-06T04:22:52.511+0000] {processor.py:925} INFO - DAG(s) 'latest_only_with_trigger' retrieved from /home/airflow/.local/lib/python3.12/site-packages/airflow/example_dags/example_latest_only_with_trigger.py
[2024-10-06T04:22:52.541+0000] {logging_mixin.py:190} INFO - [2024-10-06T04:22:52.541+0000] {dag.py:3239} INFO - Sync 1 DAGs
[2024-10-06T04:22:52.574+0000] {logging_mixin.py:190} INFO - [2024-10-06T04:22:52.573+0000] {dag.py:4180} INFO - Setting next_dagrun for latest_only_with_trigger to 2024-10-06 00:00:00+00:00, run_after=2024-10-06 04:00:00+00:00
[2024-10-06T04:22:52.599+0000] {processor.py:208} INFO - Processing /home/airflow/.local/lib/python3.12/site-packages/airflow/example_dags/example_latest_only_with_trigger.py took 0.115 seconds
[2024-10-06T04:23:22.958+0000] {processor.py:186} INFO - Started process (PID=561) to work on /home/airflow/.local/lib/python3.12/site-packages/airflow/example_dags/example_latest_only_with_trigger.py
[2024-10-06T04:23:22.960+0000] {processor.py:914} INFO - Processing file /home/airflow/.local/lib/python3.12/site-packages/airflow/example_dags/example_latest_only_with_trigger.py for tasks to queue
[2024-10-06T04:23:22.965+0000] {logging_mixin.py:190} INFO - [2024-10-06T04:23:22.964+0000] {dagbag.py:588} INFO - Filling up the DagBag from /home/airflow/.local/lib/python3.12/site-packages/airflow/example_dags/example_latest_only_with_trigger.py
[2024-10-06T04:23:22.979+0000] {processor.py:925} INFO - DAG(s) 'latest_only_with_trigger' retrieved from /home/airflow/.local/lib/python3.12/site-packages/airflow/example_dags/example_latest_only_with_trigger.py
[2024-10-06T04:23:23.006+0000] {logging_mixin.py:190} INFO - [2024-10-06T04:23:23.005+0000] {dag.py:3239} INFO - Sync 1 DAGs
[2024-10-06T04:23:23.037+0000] {logging_mixin.py:190} INFO - [2024-10-06T04:23:23.037+0000] {dag.py:4180} INFO - Setting next_dagrun for latest_only_with_trigger to 2024-10-06 00:00:00+00:00, run_after=2024-10-06 04:00:00+00:00
[2024-10-06T04:23:23.059+0000] {processor.py:208} INFO - Processing /home/airflow/.local/lib/python3.12/site-packages/airflow/example_dags/example_latest_only_with_trigger.py took 0.109 seconds
[2024-10-06T04:23:53.737+0000] {processor.py:186} INFO - Started process (PID=622) to work on /home/airflow/.local/lib/python3.12/site-packages/airflow/example_dags/example_latest_only_with_trigger.py
[2024-10-06T04:23:53.740+0000] {processor.py:914} INFO - Processing file /home/airflow/.local/lib/python3.12/site-packages/airflow/example_dags/example_latest_only_with_trigger.py for tasks to queue
[2024-10-06T04:23:53.744+0000] {logging_mixin.py:190} INFO - [2024-10-06T04:23:53.744+0000] {dagbag.py:588} INFO - Filling up the DagBag from /home/airflow/.local/lib/python3.12/site-packages/airflow/example_dags/example_latest_only_with_trigger.py
[2024-10-06T04:23:53.761+0000] {processor.py:925} INFO - DAG(s) 'latest_only_with_trigger' retrieved from /home/airflow/.local/lib/python3.12/site-packages/airflow/example_dags/example_latest_only_with_trigger.py
[2024-10-06T04:23:53.793+0000] {logging_mixin.py:190} INFO - [2024-10-06T04:23:53.793+0000] {dag.py:3239} INFO - Sync 1 DAGs
[2024-10-06T04:23:53.825+0000] {logging_mixin.py:190} INFO - [2024-10-06T04:23:53.825+0000] {dag.py:4180} INFO - Setting next_dagrun for latest_only_with_trigger to 2024-10-06 00:00:00+00:00, run_after=2024-10-06 04:00:00+00:00
[2024-10-06T04:23:53.896+0000] {processor.py:208} INFO - Processing /home/airflow/.local/lib/python3.12/site-packages/airflow/example_dags/example_latest_only_with_trigger.py took 0.170 seconds
[2024-10-06T04:24:24.574+0000] {processor.py:186} INFO - Started process (PID=683) to work on /home/airflow/.local/lib/python3.12/site-packages/airflow/example_dags/example_latest_only_with_trigger.py
[2024-10-06T04:24:24.576+0000] {processor.py:914} INFO - Processing file /home/airflow/.local/lib/python3.12/site-packages/airflow/example_dags/example_latest_only_with_trigger.py for tasks to queue
[2024-10-06T04:24:24.580+0000] {logging_mixin.py:190} INFO - [2024-10-06T04:24:24.579+0000] {dagbag.py:588} INFO - Filling up the DagBag from /home/airflow/.local/lib/python3.12/site-packages/airflow/example_dags/example_latest_only_with_trigger.py
[2024-10-06T04:24:24.594+0000] {processor.py:925} INFO - DAG(s) 'latest_only_with_trigger' retrieved from /home/airflow/.local/lib/python3.12/site-packages/airflow/example_dags/example_latest_only_with_trigger.py
[2024-10-06T04:24:24.625+0000] {logging_mixin.py:190} INFO - [2024-10-06T04:24:24.624+0000] {dag.py:3239} INFO - Sync 1 DAGs
[2024-10-06T04:24:24.661+0000] {logging_mixin.py:190} INFO - [2024-10-06T04:24:24.661+0000] {dag.py:4180} INFO - Setting next_dagrun for latest_only_with_trigger to 2024-10-06 00:00:00+00:00, run_after=2024-10-06 04:00:00+00:00
[2024-10-06T04:24:24.692+0000] {processor.py:208} INFO - Processing /home/airflow/.local/lib/python3.12/site-packages/airflow/example_dags/example_latest_only_with_trigger.py took 0.126 seconds
[2024-10-06T04:24:56.038+0000] {processor.py:186} INFO - Started process (PID=745) to work on /home/airflow/.local/lib/python3.12/site-packages/airflow/example_dags/example_latest_only_with_trigger.py
[2024-10-06T04:24:56.051+0000] {processor.py:914} INFO - Processing file /home/airflow/.local/lib/python3.12/site-packages/airflow/example_dags/example_latest_only_with_trigger.py for tasks to queue
[2024-10-06T04:24:56.062+0000] {logging_mixin.py:190} INFO - [2024-10-06T04:24:56.062+0000] {dagbag.py:588} INFO - Filling up the DagBag from /home/airflow/.local/lib/python3.12/site-packages/airflow/example_dags/example_latest_only_with_trigger.py
[2024-10-06T04:24:56.089+0000] {processor.py:925} INFO - DAG(s) 'latest_only_with_trigger' retrieved from /home/airflow/.local/lib/python3.12/site-packages/airflow/example_dags/example_latest_only_with_trigger.py
[2024-10-06T04:24:56.187+0000] {logging_mixin.py:190} INFO - [2024-10-06T04:24:56.187+0000] {dag.py:3239} INFO - Sync 1 DAGs
[2024-10-06T04:24:56.293+0000] {logging_mixin.py:190} INFO - [2024-10-06T04:24:56.286+0000] {dag.py:4180} INFO - Setting next_dagrun for latest_only_with_trigger to 2024-10-06 00:00:00+00:00, run_after=2024-10-06 04:00:00+00:00
[2024-10-06T04:24:56.363+0000] {processor.py:208} INFO - Processing /home/airflow/.local/lib/python3.12/site-packages/airflow/example_dags/example_latest_only_with_trigger.py took 0.337 seconds
[2024-10-06T04:25:26.740+0000] {processor.py:186} INFO - Started process (PID=808) to work on /home/airflow/.local/lib/python3.12/site-packages/airflow/example_dags/example_latest_only_with_trigger.py
[2024-10-06T04:25:26.742+0000] {processor.py:914} INFO - Processing file /home/airflow/.local/lib/python3.12/site-packages/airflow/example_dags/example_latest_only_with_trigger.py for tasks to queue
[2024-10-06T04:25:26.747+0000] {logging_mixin.py:190} INFO - [2024-10-06T04:25:26.746+0000] {dagbag.py:588} INFO - Filling up the DagBag from /home/airflow/.local/lib/python3.12/site-packages/airflow/example_dags/example_latest_only_with_trigger.py
[2024-10-06T04:25:26.759+0000] {processor.py:925} INFO - DAG(s) 'latest_only_with_trigger' retrieved from /home/airflow/.local/lib/python3.12/site-packages/airflow/example_dags/example_latest_only_with_trigger.py
[2024-10-06T04:25:26.795+0000] {logging_mixin.py:190} INFO - [2024-10-06T04:25:26.794+0000] {dag.py:3239} INFO - Sync 1 DAGs
[2024-10-06T04:25:26.838+0000] {logging_mixin.py:190} INFO - [2024-10-06T04:25:26.838+0000] {dag.py:4180} INFO - Setting next_dagrun for latest_only_with_trigger to 2024-10-06 00:00:00+00:00, run_after=2024-10-06 04:00:00+00:00
[2024-10-06T04:25:26.873+0000] {processor.py:208} INFO - Processing /home/airflow/.local/lib/python3.12/site-packages/airflow/example_dags/example_latest_only_with_trigger.py took 0.144 seconds
[2024-10-06T04:25:57.168+0000] {processor.py:186} INFO - Started process (PID=870) to work on /home/airflow/.local/lib/python3.12/site-packages/airflow/example_dags/example_latest_only_with_trigger.py
[2024-10-06T04:25:57.169+0000] {processor.py:914} INFO - Processing file /home/airflow/.local/lib/python3.12/site-packages/airflow/example_dags/example_latest_only_with_trigger.py for tasks to queue
[2024-10-06T04:25:57.174+0000] {logging_mixin.py:190} INFO - [2024-10-06T04:25:57.173+0000] {dagbag.py:588} INFO - Filling up the DagBag from /home/airflow/.local/lib/python3.12/site-packages/airflow/example_dags/example_latest_only_with_trigger.py
[2024-10-06T04:25:57.186+0000] {processor.py:925} INFO - DAG(s) 'latest_only_with_trigger' retrieved from /home/airflow/.local/lib/python3.12/site-packages/airflow/example_dags/example_latest_only_with_trigger.py
[2024-10-06T04:25:57.222+0000] {logging_mixin.py:190} INFO - [2024-10-06T04:25:57.222+0000] {dag.py:3239} INFO - Sync 1 DAGs
[2024-10-06T04:25:57.262+0000] {logging_mixin.py:190} INFO - [2024-10-06T04:25:57.262+0000] {dag.py:4180} INFO - Setting next_dagrun for latest_only_with_trigger to 2024-10-06 00:00:00+00:00, run_after=2024-10-06 04:00:00+00:00
[2024-10-06T04:25:57.294+0000] {processor.py:208} INFO - Processing /home/airflow/.local/lib/python3.12/site-packages/airflow/example_dags/example_latest_only_with_trigger.py took 0.137 seconds
[2024-10-06T04:26:27.708+0000] {processor.py:186} INFO - Started process (PID=932) to work on /home/airflow/.local/lib/python3.12/site-packages/airflow/example_dags/example_latest_only_with_trigger.py
[2024-10-06T04:26:27.709+0000] {processor.py:914} INFO - Processing file /home/airflow/.local/lib/python3.12/site-packages/airflow/example_dags/example_latest_only_with_trigger.py for tasks to queue
[2024-10-06T04:26:27.713+0000] {logging_mixin.py:190} INFO - [2024-10-06T04:26:27.712+0000] {dagbag.py:588} INFO - Filling up the DagBag from /home/airflow/.local/lib/python3.12/site-packages/airflow/example_dags/example_latest_only_with_trigger.py
[2024-10-06T04:26:27.724+0000] {processor.py:925} INFO - DAG(s) 'latest_only_with_trigger' retrieved from /home/airflow/.local/lib/python3.12/site-packages/airflow/example_dags/example_latest_only_with_trigger.py
[2024-10-06T04:26:27.755+0000] {logging_mixin.py:190} INFO - [2024-10-06T04:26:27.755+0000] {dag.py:3239} INFO - Sync 1 DAGs
[2024-10-06T04:26:27.792+0000] {logging_mixin.py:190} INFO - [2024-10-06T04:26:27.792+0000] {dag.py:4180} INFO - Setting next_dagrun for latest_only_with_trigger to 2024-10-06 00:00:00+00:00, run_after=2024-10-06 04:00:00+00:00
[2024-10-06T04:26:27.817+0000] {processor.py:208} INFO - Processing /home/airflow/.local/lib/python3.12/site-packages/airflow/example_dags/example_latest_only_with_trigger.py took 0.119 seconds
[2024-10-06T04:26:58.279+0000] {processor.py:186} INFO - Started process (PID=994) to work on /home/airflow/.local/lib/python3.12/site-packages/airflow/example_dags/example_latest_only_with_trigger.py
[2024-10-06T04:26:58.281+0000] {processor.py:914} INFO - Processing file /home/airflow/.local/lib/python3.12/site-packages/airflow/example_dags/example_latest_only_with_trigger.py for tasks to queue
[2024-10-06T04:26:58.285+0000] {logging_mixin.py:190} INFO - [2024-10-06T04:26:58.284+0000] {dagbag.py:588} INFO - Filling up the DagBag from /home/airflow/.local/lib/python3.12/site-packages/airflow/example_dags/example_latest_only_with_trigger.py
[2024-10-06T04:26:58.296+0000] {processor.py:925} INFO - DAG(s) 'latest_only_with_trigger' retrieved from /home/airflow/.local/lib/python3.12/site-packages/airflow/example_dags/example_latest_only_with_trigger.py
[2024-10-06T04:26:58.329+0000] {logging_mixin.py:190} INFO - [2024-10-06T04:26:58.329+0000] {dag.py:3239} INFO - Sync 1 DAGs
[2024-10-06T04:26:58.367+0000] {logging_mixin.py:190} INFO - [2024-10-06T04:26:58.366+0000] {dag.py:4180} INFO - Setting next_dagrun for latest_only_with_trigger to 2024-10-06 00:00:00+00:00, run_after=2024-10-06 04:00:00+00:00
[2024-10-06T04:26:58.434+0000] {processor.py:208} INFO - Processing /home/airflow/.local/lib/python3.12/site-packages/airflow/example_dags/example_latest_only_with_trigger.py took 0.165 seconds
[2024-10-06T04:27:29.823+0000] {processor.py:186} INFO - Started process (PID=1056) to work on /home/airflow/.local/lib/python3.12/site-packages/airflow/example_dags/example_latest_only_with_trigger.py
[2024-10-06T04:27:29.825+0000] {processor.py:914} INFO - Processing file /home/airflow/.local/lib/python3.12/site-packages/airflow/example_dags/example_latest_only_with_trigger.py for tasks to queue
[2024-10-06T04:27:29.829+0000] {logging_mixin.py:190} INFO - [2024-10-06T04:27:29.828+0000] {dagbag.py:588} INFO - Filling up the DagBag from /home/airflow/.local/lib/python3.12/site-packages/airflow/example_dags/example_latest_only_with_trigger.py
[2024-10-06T04:27:29.843+0000] {processor.py:925} INFO - DAG(s) 'latest_only_with_trigger' retrieved from /home/airflow/.local/lib/python3.12/site-packages/airflow/example_dags/example_latest_only_with_trigger.py
[2024-10-06T04:27:29.880+0000] {logging_mixin.py:190} INFO - [2024-10-06T04:27:29.879+0000] {dag.py:3239} INFO - Sync 1 DAGs
[2024-10-06T04:27:29.920+0000] {logging_mixin.py:190} INFO - [2024-10-06T04:27:29.919+0000] {dag.py:4180} INFO - Setting next_dagrun for latest_only_with_trigger to 2024-10-06 00:00:00+00:00, run_after=2024-10-06 04:00:00+00:00
[2024-10-06T04:27:29.948+0000] {processor.py:208} INFO - Processing /home/airflow/.local/lib/python3.12/site-packages/airflow/example_dags/example_latest_only_with_trigger.py took 0.136 seconds
[2024-10-06T04:28:00.824+0000] {processor.py:186} INFO - Started process (PID=1118) to work on /home/airflow/.local/lib/python3.12/site-packages/airflow/example_dags/example_latest_only_with_trigger.py
[2024-10-06T04:28:00.826+0000] {processor.py:914} INFO - Processing file /home/airflow/.local/lib/python3.12/site-packages/airflow/example_dags/example_latest_only_with_trigger.py for tasks to queue
[2024-10-06T04:28:00.830+0000] {logging_mixin.py:190} INFO - [2024-10-06T04:28:00.829+0000] {dagbag.py:588} INFO - Filling up the DagBag from /home/airflow/.local/lib/python3.12/site-packages/airflow/example_dags/example_latest_only_with_trigger.py
[2024-10-06T04:28:00.842+0000] {processor.py:925} INFO - DAG(s) 'latest_only_with_trigger' retrieved from /home/airflow/.local/lib/python3.12/site-packages/airflow/example_dags/example_latest_only_with_trigger.py
[2024-10-06T04:28:00.871+0000] {logging_mixin.py:190} INFO - [2024-10-06T04:28:00.870+0000] {dag.py:3239} INFO - Sync 1 DAGs
[2024-10-06T04:28:00.903+0000] {logging_mixin.py:190} INFO - [2024-10-06T04:28:00.903+0000] {dag.py:4180} INFO - Setting next_dagrun for latest_only_with_trigger to 2024-10-06 00:00:00+00:00, run_after=2024-10-06 04:00:00+00:00
[2024-10-06T04:28:00.924+0000] {processor.py:208} INFO - Processing /home/airflow/.local/lib/python3.12/site-packages/airflow/example_dags/example_latest_only_with_trigger.py took 0.109 seconds
[2024-10-06T04:28:31.875+0000] {processor.py:186} INFO - Started process (PID=1180) to work on /home/airflow/.local/lib/python3.12/site-packages/airflow/example_dags/example_latest_only_with_trigger.py
[2024-10-06T04:28:31.876+0000] {processor.py:914} INFO - Processing file /home/airflow/.local/lib/python3.12/site-packages/airflow/example_dags/example_latest_only_with_trigger.py for tasks to queue
[2024-10-06T04:28:31.879+0000] {logging_mixin.py:190} INFO - [2024-10-06T04:28:31.879+0000] {dagbag.py:588} INFO - Filling up the DagBag from /home/airflow/.local/lib/python3.12/site-packages/airflow/example_dags/example_latest_only_with_trigger.py
[2024-10-06T04:28:31.890+0000] {processor.py:925} INFO - DAG(s) 'latest_only_with_trigger' retrieved from /home/airflow/.local/lib/python3.12/site-packages/airflow/example_dags/example_latest_only_with_trigger.py
[2024-10-06T04:28:31.920+0000] {logging_mixin.py:190} INFO - [2024-10-06T04:28:31.920+0000] {dag.py:3239} INFO - Sync 1 DAGs
[2024-10-06T04:28:31.955+0000] {logging_mixin.py:190} INFO - [2024-10-06T04:28:31.955+0000] {dag.py:4180} INFO - Setting next_dagrun for latest_only_with_trigger to 2024-10-06 00:00:00+00:00, run_after=2024-10-06 04:00:00+00:00
[2024-10-06T04:28:31.978+0000] {processor.py:208} INFO - Processing /home/airflow/.local/lib/python3.12/site-packages/airflow/example_dags/example_latest_only_with_trigger.py took 0.111 seconds
[2024-10-06T04:29:03.125+0000] {processor.py:186} INFO - Started process (PID=1243) to work on /home/airflow/.local/lib/python3.12/site-packages/airflow/example_dags/example_latest_only_with_trigger.py
[2024-10-06T04:29:03.127+0000] {processor.py:914} INFO - Processing file /home/airflow/.local/lib/python3.12/site-packages/airflow/example_dags/example_latest_only_with_trigger.py for tasks to queue
[2024-10-06T04:29:03.130+0000] {logging_mixin.py:190} INFO - [2024-10-06T04:29:03.130+0000] {dagbag.py:588} INFO - Filling up the DagBag from /home/airflow/.local/lib/python3.12/site-packages/airflow/example_dags/example_latest_only_with_trigger.py
[2024-10-06T04:29:03.153+0000] {processor.py:925} INFO - DAG(s) 'latest_only_with_trigger' retrieved from /home/airflow/.local/lib/python3.12/site-packages/airflow/example_dags/example_latest_only_with_trigger.py
[2024-10-06T04:29:03.191+0000] {logging_mixin.py:190} INFO - [2024-10-06T04:29:03.191+0000] {dag.py:3239} INFO - Sync 1 DAGs
[2024-10-06T04:29:03.240+0000] {logging_mixin.py:190} INFO - [2024-10-06T04:29:03.240+0000] {dag.py:4180} INFO - Setting next_dagrun for latest_only_with_trigger to 2024-10-06 00:00:00+00:00, run_after=2024-10-06 04:00:00+00:00
[2024-10-06T04:29:03.313+0000] {processor.py:208} INFO - Processing /home/airflow/.local/lib/python3.12/site-packages/airflow/example_dags/example_latest_only_with_trigger.py took 0.196 seconds
[2024-10-06T04:29:33.363+0000] {processor.py:186} INFO - Started process (PID=1305) to work on /home/airflow/.local/lib/python3.12/site-packages/airflow/example_dags/example_latest_only_with_trigger.py
[2024-10-06T04:29:33.364+0000] {processor.py:914} INFO - Processing file /home/airflow/.local/lib/python3.12/site-packages/airflow/example_dags/example_latest_only_with_trigger.py for tasks to queue
[2024-10-06T04:29:33.368+0000] {logging_mixin.py:190} INFO - [2024-10-06T04:29:33.367+0000] {dagbag.py:588} INFO - Filling up the DagBag from /home/airflow/.local/lib/python3.12/site-packages/airflow/example_dags/example_latest_only_with_trigger.py
[2024-10-06T04:29:33.379+0000] {processor.py:925} INFO - DAG(s) 'latest_only_with_trigger' retrieved from /home/airflow/.local/lib/python3.12/site-packages/airflow/example_dags/example_latest_only_with_trigger.py
[2024-10-06T04:29:33.407+0000] {logging_mixin.py:190} INFO - [2024-10-06T04:29:33.407+0000] {dag.py:3239} INFO - Sync 1 DAGs
[2024-10-06T04:29:33.439+0000] {logging_mixin.py:190} INFO - [2024-10-06T04:29:33.439+0000] {dag.py:4180} INFO - Setting next_dagrun for latest_only_with_trigger to 2024-10-06 00:00:00+00:00, run_after=2024-10-06 04:00:00+00:00
[2024-10-06T04:29:33.462+0000] {processor.py:208} INFO - Processing /home/airflow/.local/lib/python3.12/site-packages/airflow/example_dags/example_latest_only_with_trigger.py took 0.109 seconds
[2024-10-06T04:30:05.045+0000] {processor.py:186} INFO - Started process (PID=1367) to work on /home/airflow/.local/lib/python3.12/site-packages/airflow/example_dags/example_latest_only_with_trigger.py
[2024-10-06T04:30:05.046+0000] {processor.py:914} INFO - Processing file /home/airflow/.local/lib/python3.12/site-packages/airflow/example_dags/example_latest_only_with_trigger.py for tasks to queue
[2024-10-06T04:30:05.051+0000] {logging_mixin.py:190} INFO - [2024-10-06T04:30:05.050+0000] {dagbag.py:588} INFO - Filling up the DagBag from /home/airflow/.local/lib/python3.12/site-packages/airflow/example_dags/example_latest_only_with_trigger.py
[2024-10-06T04:30:05.065+0000] {processor.py:925} INFO - DAG(s) 'latest_only_with_trigger' retrieved from /home/airflow/.local/lib/python3.12/site-packages/airflow/example_dags/example_latest_only_with_trigger.py
[2024-10-06T04:30:05.102+0000] {logging_mixin.py:190} INFO - [2024-10-06T04:30:05.101+0000] {dag.py:3239} INFO - Sync 1 DAGs
[2024-10-06T04:30:05.145+0000] {logging_mixin.py:190} INFO - [2024-10-06T04:30:05.145+0000] {dag.py:4180} INFO - Setting next_dagrun for latest_only_with_trigger to 2024-10-06 00:00:00+00:00, run_after=2024-10-06 04:00:00+00:00
[2024-10-06T04:30:05.183+0000] {processor.py:208} INFO - Processing /home/airflow/.local/lib/python3.12/site-packages/airflow/example_dags/example_latest_only_with_trigger.py took 0.149 seconds
[2024-10-06T04:30:36.174+0000] {processor.py:186} INFO - Started process (PID=1429) to work on /home/airflow/.local/lib/python3.12/site-packages/airflow/example_dags/example_latest_only_with_trigger.py
[2024-10-06T04:30:36.176+0000] {processor.py:914} INFO - Processing file /home/airflow/.local/lib/python3.12/site-packages/airflow/example_dags/example_latest_only_with_trigger.py for tasks to queue
[2024-10-06T04:30:36.181+0000] {logging_mixin.py:190} INFO - [2024-10-06T04:30:36.180+0000] {dagbag.py:588} INFO - Filling up the DagBag from /home/airflow/.local/lib/python3.12/site-packages/airflow/example_dags/example_latest_only_with_trigger.py
[2024-10-06T04:30:36.199+0000] {processor.py:925} INFO - DAG(s) 'latest_only_with_trigger' retrieved from /home/airflow/.local/lib/python3.12/site-packages/airflow/example_dags/example_latest_only_with_trigger.py
[2024-10-06T04:30:36.233+0000] {logging_mixin.py:190} INFO - [2024-10-06T04:30:36.232+0000] {dag.py:3239} INFO - Sync 1 DAGs
[2024-10-06T04:30:36.272+0000] {logging_mixin.py:190} INFO - [2024-10-06T04:30:36.272+0000] {dag.py:4180} INFO - Setting next_dagrun for latest_only_with_trigger to 2024-10-06 00:00:00+00:00, run_after=2024-10-06 04:00:00+00:00
[2024-10-06T04:30:36.302+0000] {processor.py:208} INFO - Processing /home/airflow/.local/lib/python3.12/site-packages/airflow/example_dags/example_latest_only_with_trigger.py took 0.142 seconds
[2024-10-06T04:31:07.466+0000] {processor.py:186} INFO - Started process (PID=1491) to work on /home/airflow/.local/lib/python3.12/site-packages/airflow/example_dags/example_latest_only_with_trigger.py
[2024-10-06T04:31:07.468+0000] {processor.py:914} INFO - Processing file /home/airflow/.local/lib/python3.12/site-packages/airflow/example_dags/example_latest_only_with_trigger.py for tasks to queue
[2024-10-06T04:31:07.473+0000] {logging_mixin.py:190} INFO - [2024-10-06T04:31:07.472+0000] {dagbag.py:588} INFO - Filling up the DagBag from /home/airflow/.local/lib/python3.12/site-packages/airflow/example_dags/example_latest_only_with_trigger.py
[2024-10-06T04:31:07.486+0000] {processor.py:925} INFO - DAG(s) 'latest_only_with_trigger' retrieved from /home/airflow/.local/lib/python3.12/site-packages/airflow/example_dags/example_latest_only_with_trigger.py
[2024-10-06T04:31:07.530+0000] {logging_mixin.py:190} INFO - [2024-10-06T04:31:07.528+0000] {dag.py:3239} INFO - Sync 1 DAGs
[2024-10-06T04:31:07.577+0000] {logging_mixin.py:190} INFO - [2024-10-06T04:31:07.576+0000] {dag.py:4180} INFO - Setting next_dagrun for latest_only_with_trigger to 2024-10-06 00:00:00+00:00, run_after=2024-10-06 04:00:00+00:00
[2024-10-06T04:31:07.602+0000] {processor.py:208} INFO - Processing /home/airflow/.local/lib/python3.12/site-packages/airflow/example_dags/example_latest_only_with_trigger.py took 0.148 seconds
[2024-10-06T04:31:38.447+0000] {processor.py:186} INFO - Started process (PID=1553) to work on /home/airflow/.local/lib/python3.12/site-packages/airflow/example_dags/example_latest_only_with_trigger.py
[2024-10-06T04:31:38.448+0000] {processor.py:914} INFO - Processing file /home/airflow/.local/lib/python3.12/site-packages/airflow/example_dags/example_latest_only_with_trigger.py for tasks to queue
[2024-10-06T04:31:38.452+0000] {logging_mixin.py:190} INFO - [2024-10-06T04:31:38.451+0000] {dagbag.py:588} INFO - Filling up the DagBag from /home/airflow/.local/lib/python3.12/site-packages/airflow/example_dags/example_latest_only_with_trigger.py
[2024-10-06T04:31:38.463+0000] {processor.py:925} INFO - DAG(s) 'latest_only_with_trigger' retrieved from /home/airflow/.local/lib/python3.12/site-packages/airflow/example_dags/example_latest_only_with_trigger.py
[2024-10-06T04:31:38.491+0000] {logging_mixin.py:190} INFO - [2024-10-06T04:31:38.491+0000] {dag.py:3239} INFO - Sync 1 DAGs
[2024-10-06T04:31:38.527+0000] {logging_mixin.py:190} INFO - [2024-10-06T04:31:38.527+0000] {dag.py:4180} INFO - Setting next_dagrun for latest_only_with_trigger to 2024-10-06 00:00:00+00:00, run_after=2024-10-06 04:00:00+00:00
[2024-10-06T04:31:38.559+0000] {processor.py:208} INFO - Processing /home/airflow/.local/lib/python3.12/site-packages/airflow/example_dags/example_latest_only_with_trigger.py took 0.121 seconds
[2024-10-06T04:32:09.261+0000] {processor.py:186} INFO - Started process (PID=1615) to work on /home/airflow/.local/lib/python3.12/site-packages/airflow/example_dags/example_latest_only_with_trigger.py
[2024-10-06T04:32:09.263+0000] {processor.py:914} INFO - Processing file /home/airflow/.local/lib/python3.12/site-packages/airflow/example_dags/example_latest_only_with_trigger.py for tasks to queue
[2024-10-06T04:32:09.268+0000] {logging_mixin.py:190} INFO - [2024-10-06T04:32:09.267+0000] {dagbag.py:588} INFO - Filling up the DagBag from /home/airflow/.local/lib/python3.12/site-packages/airflow/example_dags/example_latest_only_with_trigger.py
[2024-10-06T04:32:09.282+0000] {processor.py:925} INFO - DAG(s) 'latest_only_with_trigger' retrieved from /home/airflow/.local/lib/python3.12/site-packages/airflow/example_dags/example_latest_only_with_trigger.py
[2024-10-06T04:32:09.317+0000] {logging_mixin.py:190} INFO - [2024-10-06T04:32:09.316+0000] {dag.py:3239} INFO - Sync 1 DAGs
[2024-10-06T04:32:09.349+0000] {logging_mixin.py:190} INFO - [2024-10-06T04:32:09.349+0000] {dag.py:4180} INFO - Setting next_dagrun for latest_only_with_trigger to 2024-10-06 00:00:00+00:00, run_after=2024-10-06 04:00:00+00:00
[2024-10-06T04:32:09.371+0000] {processor.py:208} INFO - Processing /home/airflow/.local/lib/python3.12/site-packages/airflow/example_dags/example_latest_only_with_trigger.py took 0.121 seconds
[2024-10-06T04:32:40.562+0000] {processor.py:186} INFO - Started process (PID=1677) to work on /home/airflow/.local/lib/python3.12/site-packages/airflow/example_dags/example_latest_only_with_trigger.py
[2024-10-06T04:32:40.563+0000] {processor.py:914} INFO - Processing file /home/airflow/.local/lib/python3.12/site-packages/airflow/example_dags/example_latest_only_with_trigger.py for tasks to queue
[2024-10-06T04:32:40.567+0000] {logging_mixin.py:190} INFO - [2024-10-06T04:32:40.567+0000] {dagbag.py:588} INFO - Filling up the DagBag from /home/airflow/.local/lib/python3.12/site-packages/airflow/example_dags/example_latest_only_with_trigger.py
[2024-10-06T04:32:40.578+0000] {processor.py:925} INFO - DAG(s) 'latest_only_with_trigger' retrieved from /home/airflow/.local/lib/python3.12/site-packages/airflow/example_dags/example_latest_only_with_trigger.py
[2024-10-06T04:32:40.606+0000] {logging_mixin.py:190} INFO - [2024-10-06T04:32:40.606+0000] {dag.py:3239} INFO - Sync 1 DAGs
[2024-10-06T04:32:40.638+0000] {logging_mixin.py:190} INFO - [2024-10-06T04:32:40.638+0000] {dag.py:4180} INFO - Setting next_dagrun for latest_only_with_trigger to 2024-10-06 00:00:00+00:00, run_after=2024-10-06 04:00:00+00:00
[2024-10-06T04:32:40.664+0000] {processor.py:208} INFO - Processing /home/airflow/.local/lib/python3.12/site-packages/airflow/example_dags/example_latest_only_with_trigger.py took 0.111 seconds
[2024-10-06T04:35:12.516+0000] {processor.py:186} INFO - Started process (PID=56) to work on /home/airflow/.local/lib/python3.12/site-packages/airflow/example_dags/example_latest_only_with_trigger.py
[2024-10-06T04:35:12.518+0000] {processor.py:914} INFO - Processing file /home/airflow/.local/lib/python3.12/site-packages/airflow/example_dags/example_latest_only_with_trigger.py for tasks to queue
[2024-10-06T04:35:12.522+0000] {logging_mixin.py:190} INFO - [2024-10-06T04:35:12.522+0000] {dagbag.py:588} INFO - Filling up the DagBag from /home/airflow/.local/lib/python3.12/site-packages/airflow/example_dags/example_latest_only_with_trigger.py
[2024-10-06T04:35:12.538+0000] {processor.py:925} INFO - DAG(s) 'latest_only_with_trigger' retrieved from /home/airflow/.local/lib/python3.12/site-packages/airflow/example_dags/example_latest_only_with_trigger.py
[2024-10-06T04:35:12.579+0000] {logging_mixin.py:190} INFO - [2024-10-06T04:35:12.579+0000] {dag.py:3239} INFO - Sync 1 DAGs
[2024-10-06T04:35:12.613+0000] {logging_mixin.py:190} INFO - [2024-10-06T04:35:12.613+0000] {dag.py:4180} INFO - Setting next_dagrun for latest_only_with_trigger to 2024-10-06 00:00:00+00:00, run_after=2024-10-06 04:00:00+00:00
[2024-10-06T04:35:12.640+0000] {processor.py:208} INFO - Processing /home/airflow/.local/lib/python3.12/site-packages/airflow/example_dags/example_latest_only_with_trigger.py took 0.141 seconds
[2024-10-06T04:35:42.920+0000] {processor.py:186} INFO - Started process (PID=118) to work on /home/airflow/.local/lib/python3.12/site-packages/airflow/example_dags/example_latest_only_with_trigger.py
[2024-10-06T04:35:42.922+0000] {processor.py:914} INFO - Processing file /home/airflow/.local/lib/python3.12/site-packages/airflow/example_dags/example_latest_only_with_trigger.py for tasks to queue
[2024-10-06T04:35:42.926+0000] {logging_mixin.py:190} INFO - [2024-10-06T04:35:42.926+0000] {dagbag.py:588} INFO - Filling up the DagBag from /home/airflow/.local/lib/python3.12/site-packages/airflow/example_dags/example_latest_only_with_trigger.py
[2024-10-06T04:35:42.941+0000] {processor.py:925} INFO - DAG(s) 'latest_only_with_trigger' retrieved from /home/airflow/.local/lib/python3.12/site-packages/airflow/example_dags/example_latest_only_with_trigger.py
[2024-10-06T04:35:42.978+0000] {logging_mixin.py:190} INFO - [2024-10-06T04:35:42.978+0000] {dag.py:3239} INFO - Sync 1 DAGs
[2024-10-06T04:35:43.028+0000] {logging_mixin.py:190} INFO - [2024-10-06T04:35:43.027+0000] {dag.py:4180} INFO - Setting next_dagrun for latest_only_with_trigger to 2024-10-06 00:00:00+00:00, run_after=2024-10-06 04:00:00+00:00
[2024-10-06T04:35:43.070+0000] {processor.py:208} INFO - Processing /home/airflow/.local/lib/python3.12/site-packages/airflow/example_dags/example_latest_only_with_trigger.py took 0.177 seconds
[2024-10-06T04:36:13.515+0000] {processor.py:186} INFO - Started process (PID=179) to work on /home/airflow/.local/lib/python3.12/site-packages/airflow/example_dags/example_latest_only_with_trigger.py
[2024-10-06T04:36:13.517+0000] {processor.py:914} INFO - Processing file /home/airflow/.local/lib/python3.12/site-packages/airflow/example_dags/example_latest_only_with_trigger.py for tasks to queue
[2024-10-06T04:36:13.520+0000] {logging_mixin.py:190} INFO - [2024-10-06T04:36:13.520+0000] {dagbag.py:588} INFO - Filling up the DagBag from /home/airflow/.local/lib/python3.12/site-packages/airflow/example_dags/example_latest_only_with_trigger.py
[2024-10-06T04:36:13.531+0000] {processor.py:925} INFO - DAG(s) 'latest_only_with_trigger' retrieved from /home/airflow/.local/lib/python3.12/site-packages/airflow/example_dags/example_latest_only_with_trigger.py
[2024-10-06T04:36:13.560+0000] {logging_mixin.py:190} INFO - [2024-10-06T04:36:13.559+0000] {dag.py:3239} INFO - Sync 1 DAGs
[2024-10-06T04:36:13.594+0000] {logging_mixin.py:190} INFO - [2024-10-06T04:36:13.593+0000] {dag.py:4180} INFO - Setting next_dagrun for latest_only_with_trigger to 2024-10-06 00:00:00+00:00, run_after=2024-10-06 04:00:00+00:00
[2024-10-06T04:36:13.618+0000] {processor.py:208} INFO - Processing /home/airflow/.local/lib/python3.12/site-packages/airflow/example_dags/example_latest_only_with_trigger.py took 0.112 seconds
[2024-10-06T04:36:44.708+0000] {processor.py:186} INFO - Started process (PID=241) to work on /home/airflow/.local/lib/python3.12/site-packages/airflow/example_dags/example_latest_only_with_trigger.py
[2024-10-06T04:36:44.709+0000] {processor.py:914} INFO - Processing file /home/airflow/.local/lib/python3.12/site-packages/airflow/example_dags/example_latest_only_with_trigger.py for tasks to queue
[2024-10-06T04:36:44.713+0000] {logging_mixin.py:190} INFO - [2024-10-06T04:36:44.713+0000] {dagbag.py:588} INFO - Filling up the DagBag from /home/airflow/.local/lib/python3.12/site-packages/airflow/example_dags/example_latest_only_with_trigger.py
[2024-10-06T04:36:44.724+0000] {processor.py:925} INFO - DAG(s) 'latest_only_with_trigger' retrieved from /home/airflow/.local/lib/python3.12/site-packages/airflow/example_dags/example_latest_only_with_trigger.py
[2024-10-06T04:36:44.752+0000] {logging_mixin.py:190} INFO - [2024-10-06T04:36:44.752+0000] {dag.py:3239} INFO - Sync 1 DAGs
[2024-10-06T04:36:44.787+0000] {logging_mixin.py:190} INFO - [2024-10-06T04:36:44.786+0000] {dag.py:4180} INFO - Setting next_dagrun for latest_only_with_trigger to 2024-10-06 00:00:00+00:00, run_after=2024-10-06 04:00:00+00:00
[2024-10-06T04:36:44.812+0000] {processor.py:208} INFO - Processing /home/airflow/.local/lib/python3.12/site-packages/airflow/example_dags/example_latest_only_with_trigger.py took 0.113 seconds
[2024-10-06T04:37:15.027+0000] {processor.py:186} INFO - Started process (PID=303) to work on /home/airflow/.local/lib/python3.12/site-packages/airflow/example_dags/example_latest_only_with_trigger.py
[2024-10-06T04:37:15.029+0000] {processor.py:914} INFO - Processing file /home/airflow/.local/lib/python3.12/site-packages/airflow/example_dags/example_latest_only_with_trigger.py for tasks to queue
[2024-10-06T04:37:15.033+0000] {logging_mixin.py:190} INFO - [2024-10-06T04:37:15.033+0000] {dagbag.py:588} INFO - Filling up the DagBag from /home/airflow/.local/lib/python3.12/site-packages/airflow/example_dags/example_latest_only_with_trigger.py
[2024-10-06T04:37:15.046+0000] {processor.py:925} INFO - DAG(s) 'latest_only_with_trigger' retrieved from /home/airflow/.local/lib/python3.12/site-packages/airflow/example_dags/example_latest_only_with_trigger.py
[2024-10-06T04:37:15.082+0000] {logging_mixin.py:190} INFO - [2024-10-06T04:37:15.082+0000] {dag.py:3239} INFO - Sync 1 DAGs
[2024-10-06T04:37:15.114+0000] {logging_mixin.py:190} INFO - [2024-10-06T04:37:15.114+0000] {dag.py:4180} INFO - Setting next_dagrun for latest_only_with_trigger to 2024-10-06 00:00:00+00:00, run_after=2024-10-06 04:00:00+00:00
[2024-10-06T04:37:15.139+0000] {processor.py:208} INFO - Processing /home/airflow/.local/lib/python3.12/site-packages/airflow/example_dags/example_latest_only_with_trigger.py took 0.121 seconds
[2024-10-06T04:39:11.176+0000] {processor.py:186} INFO - Started process (PID=57) to work on /home/airflow/.local/lib/python3.12/site-packages/airflow/example_dags/example_latest_only_with_trigger.py
[2024-10-06T04:39:11.178+0000] {processor.py:914} INFO - Processing file /home/airflow/.local/lib/python3.12/site-packages/airflow/example_dags/example_latest_only_with_trigger.py for tasks to queue
[2024-10-06T04:39:11.181+0000] {logging_mixin.py:190} INFO - [2024-10-06T04:39:11.181+0000] {dagbag.py:588} INFO - Filling up the DagBag from /home/airflow/.local/lib/python3.12/site-packages/airflow/example_dags/example_latest_only_with_trigger.py
[2024-10-06T04:39:11.194+0000] {processor.py:925} INFO - DAG(s) 'latest_only_with_trigger' retrieved from /home/airflow/.local/lib/python3.12/site-packages/airflow/example_dags/example_latest_only_with_trigger.py
[2024-10-06T04:39:11.336+0000] {logging_mixin.py:190} INFO - [2024-10-06T04:39:11.334+0000] {override.py:1900} INFO - Created Permission View: can read on DAG:latest_only_with_trigger
[2024-10-06T04:39:11.351+0000] {logging_mixin.py:190} INFO - [2024-10-06T04:39:11.351+0000] {override.py:1900} INFO - Created Permission View: can edit on DAG:latest_only_with_trigger
[2024-10-06T04:39:11.358+0000] {logging_mixin.py:190} INFO - [2024-10-06T04:39:11.358+0000] {override.py:1900} INFO - Created Permission View: can delete on DAG:latest_only_with_trigger
[2024-10-06T04:39:11.366+0000] {logging_mixin.py:190} INFO - [2024-10-06T04:39:11.366+0000] {override.py:1900} INFO - Created Permission View: menu access on DAG Run:latest_only_with_trigger
[2024-10-06T04:39:11.374+0000] {logging_mixin.py:190} INFO - [2024-10-06T04:39:11.373+0000] {override.py:1900} INFO - Created Permission View: can read on DAG Run:latest_only_with_trigger
[2024-10-06T04:39:11.380+0000] {logging_mixin.py:190} INFO - [2024-10-06T04:39:11.380+0000] {override.py:1900} INFO - Created Permission View: can create on DAG Run:latest_only_with_trigger
[2024-10-06T04:39:11.388+0000] {logging_mixin.py:190} INFO - [2024-10-06T04:39:11.387+0000] {override.py:1900} INFO - Created Permission View: can delete on DAG Run:latest_only_with_trigger
[2024-10-06T04:39:11.388+0000] {logging_mixin.py:190} INFO - [2024-10-06T04:39:11.388+0000] {dag.py:3239} INFO - Sync 1 DAGs
[2024-10-06T04:39:11.405+0000] {logging_mixin.py:190} INFO - [2024-10-06T04:39:11.405+0000] {dag.py:3262} INFO - Creating ORM DAG for latest_only_with_trigger
[2024-10-06T04:39:11.420+0000] {logging_mixin.py:190} INFO - [2024-10-06T04:39:11.420+0000] {dag.py:4180} INFO - Setting next_dagrun for latest_only_with_trigger to 2024-10-06 00:00:00+00:00, run_after=2024-10-06 04:00:00+00:00
[2024-10-06T04:39:11.447+0000] {processor.py:208} INFO - Processing /home/airflow/.local/lib/python3.12/site-packages/airflow/example_dags/example_latest_only_with_trigger.py took 0.279 seconds
[2024-10-06T04:39:42.118+0000] {processor.py:186} INFO - Started process (PID=119) to work on /home/airflow/.local/lib/python3.12/site-packages/airflow/example_dags/example_latest_only_with_trigger.py
[2024-10-06T04:39:42.119+0000] {processor.py:914} INFO - Processing file /home/airflow/.local/lib/python3.12/site-packages/airflow/example_dags/example_latest_only_with_trigger.py for tasks to queue
[2024-10-06T04:39:42.122+0000] {logging_mixin.py:190} INFO - [2024-10-06T04:39:42.121+0000] {dagbag.py:588} INFO - Filling up the DagBag from /home/airflow/.local/lib/python3.12/site-packages/airflow/example_dags/example_latest_only_with_trigger.py
[2024-10-06T04:39:42.132+0000] {processor.py:925} INFO - DAG(s) 'latest_only_with_trigger' retrieved from /home/airflow/.local/lib/python3.12/site-packages/airflow/example_dags/example_latest_only_with_trigger.py
[2024-10-06T04:39:42.163+0000] {logging_mixin.py:190} INFO - [2024-10-06T04:39:42.163+0000] {dag.py:3239} INFO - Sync 1 DAGs
[2024-10-06T04:39:42.204+0000] {logging_mixin.py:190} INFO - [2024-10-06T04:39:42.203+0000] {dag.py:4180} INFO - Setting next_dagrun for latest_only_with_trigger to 2024-10-06 00:00:00+00:00, run_after=2024-10-06 04:00:00+00:00
[2024-10-06T04:39:42.250+0000] {processor.py:208} INFO - Processing /home/airflow/.local/lib/python3.12/site-packages/airflow/example_dags/example_latest_only_with_trigger.py took 0.141 seconds
[2024-10-06T04:40:12.375+0000] {processor.py:186} INFO - Started process (PID=182) to work on /home/airflow/.local/lib/python3.12/site-packages/airflow/example_dags/example_latest_only_with_trigger.py
[2024-10-06T04:40:12.376+0000] {processor.py:914} INFO - Processing file /home/airflow/.local/lib/python3.12/site-packages/airflow/example_dags/example_latest_only_with_trigger.py for tasks to queue
[2024-10-06T04:40:12.379+0000] {logging_mixin.py:190} INFO - [2024-10-06T04:40:12.379+0000] {dagbag.py:588} INFO - Filling up the DagBag from /home/airflow/.local/lib/python3.12/site-packages/airflow/example_dags/example_latest_only_with_trigger.py
[2024-10-06T04:40:12.390+0000] {processor.py:925} INFO - DAG(s) 'latest_only_with_trigger' retrieved from /home/airflow/.local/lib/python3.12/site-packages/airflow/example_dags/example_latest_only_with_trigger.py
[2024-10-06T04:40:12.418+0000] {logging_mixin.py:190} INFO - [2024-10-06T04:40:12.418+0000] {dag.py:3239} INFO - Sync 1 DAGs
[2024-10-06T04:40:12.452+0000] {logging_mixin.py:190} INFO - [2024-10-06T04:40:12.451+0000] {dag.py:4180} INFO - Setting next_dagrun for latest_only_with_trigger to 2024-10-06 00:00:00+00:00, run_after=2024-10-06 04:00:00+00:00
[2024-10-06T04:40:12.479+0000] {processor.py:208} INFO - Processing /home/airflow/.local/lib/python3.12/site-packages/airflow/example_dags/example_latest_only_with_trigger.py took 0.113 seconds
[2024-10-06T04:40:43.081+0000] {processor.py:186} INFO - Started process (PID=244) to work on /home/airflow/.local/lib/python3.12/site-packages/airflow/example_dags/example_latest_only_with_trigger.py
[2024-10-06T04:40:43.082+0000] {processor.py:914} INFO - Processing file /home/airflow/.local/lib/python3.12/site-packages/airflow/example_dags/example_latest_only_with_trigger.py for tasks to queue
[2024-10-06T04:40:43.086+0000] {logging_mixin.py:190} INFO - [2024-10-06T04:40:43.085+0000] {dagbag.py:588} INFO - Filling up the DagBag from /home/airflow/.local/lib/python3.12/site-packages/airflow/example_dags/example_latest_only_with_trigger.py
[2024-10-06T04:40:43.097+0000] {processor.py:925} INFO - DAG(s) 'latest_only_with_trigger' retrieved from /home/airflow/.local/lib/python3.12/site-packages/airflow/example_dags/example_latest_only_with_trigger.py
[2024-10-06T04:40:43.131+0000] {logging_mixin.py:190} INFO - [2024-10-06T04:40:43.131+0000] {dag.py:3239} INFO - Sync 1 DAGs
[2024-10-06T04:40:43.177+0000] {logging_mixin.py:190} INFO - [2024-10-06T04:40:43.176+0000] {dag.py:4180} INFO - Setting next_dagrun for latest_only_with_trigger to 2024-10-06 00:00:00+00:00, run_after=2024-10-06 04:00:00+00:00
[2024-10-06T04:40:43.204+0000] {processor.py:208} INFO - Processing /home/airflow/.local/lib/python3.12/site-packages/airflow/example_dags/example_latest_only_with_trigger.py took 0.133 seconds
[2024-10-06T04:41:14.204+0000] {processor.py:186} INFO - Started process (PID=305) to work on /home/airflow/.local/lib/python3.12/site-packages/airflow/example_dags/example_latest_only_with_trigger.py
[2024-10-06T04:41:14.205+0000] {processor.py:914} INFO - Processing file /home/airflow/.local/lib/python3.12/site-packages/airflow/example_dags/example_latest_only_with_trigger.py for tasks to queue
[2024-10-06T04:41:14.210+0000] {logging_mixin.py:190} INFO - [2024-10-06T04:41:14.209+0000] {dagbag.py:588} INFO - Filling up the DagBag from /home/airflow/.local/lib/python3.12/site-packages/airflow/example_dags/example_latest_only_with_trigger.py
[2024-10-06T04:41:14.226+0000] {processor.py:925} INFO - DAG(s) 'latest_only_with_trigger' retrieved from /home/airflow/.local/lib/python3.12/site-packages/airflow/example_dags/example_latest_only_with_trigger.py
[2024-10-06T04:41:14.262+0000] {logging_mixin.py:190} INFO - [2024-10-06T04:41:14.261+0000] {dag.py:3239} INFO - Sync 1 DAGs
[2024-10-06T04:41:14.306+0000] {logging_mixin.py:190} INFO - [2024-10-06T04:41:14.306+0000] {dag.py:4180} INFO - Setting next_dagrun for latest_only_with_trigger to 2024-10-06 00:00:00+00:00, run_after=2024-10-06 04:00:00+00:00
[2024-10-06T04:41:14.338+0000] {processor.py:208} INFO - Processing /home/airflow/.local/lib/python3.12/site-packages/airflow/example_dags/example_latest_only_with_trigger.py took 0.146 seconds
[2024-10-06T04:41:44.520+0000] {processor.py:186} INFO - Started process (PID=367) to work on /home/airflow/.local/lib/python3.12/site-packages/airflow/example_dags/example_latest_only_with_trigger.py
[2024-10-06T04:41:44.532+0000] {processor.py:914} INFO - Processing file /home/airflow/.local/lib/python3.12/site-packages/airflow/example_dags/example_latest_only_with_trigger.py for tasks to queue
[2024-10-06T04:41:44.546+0000] {logging_mixin.py:190} INFO - [2024-10-06T04:41:44.535+0000] {dagbag.py:588} INFO - Filling up the DagBag from /home/airflow/.local/lib/python3.12/site-packages/airflow/example_dags/example_latest_only_with_trigger.py
[2024-10-06T04:41:44.586+0000] {processor.py:925} INFO - DAG(s) 'latest_only_with_trigger' retrieved from /home/airflow/.local/lib/python3.12/site-packages/airflow/example_dags/example_latest_only_with_trigger.py
[2024-10-06T04:41:44.610+0000] {logging_mixin.py:190} INFO - [2024-10-06T04:41:44.610+0000] {dag.py:3239} INFO - Sync 1 DAGs
[2024-10-06T04:41:44.640+0000] {logging_mixin.py:190} INFO - [2024-10-06T04:41:44.639+0000] {dag.py:4180} INFO - Setting next_dagrun for latest_only_with_trigger to 2024-10-06 00:00:00+00:00, run_after=2024-10-06 04:00:00+00:00
[2024-10-06T04:41:44.675+0000] {processor.py:208} INFO - Processing /home/airflow/.local/lib/python3.12/site-packages/airflow/example_dags/example_latest_only_with_trigger.py took 0.178 seconds
[2024-10-06T04:42:15.376+0000] {processor.py:186} INFO - Started process (PID=429) to work on /home/airflow/.local/lib/python3.12/site-packages/airflow/example_dags/example_latest_only_with_trigger.py
[2024-10-06T04:42:15.377+0000] {processor.py:914} INFO - Processing file /home/airflow/.local/lib/python3.12/site-packages/airflow/example_dags/example_latest_only_with_trigger.py for tasks to queue
[2024-10-06T04:42:15.381+0000] {logging_mixin.py:190} INFO - [2024-10-06T04:42:15.381+0000] {dagbag.py:588} INFO - Filling up the DagBag from /home/airflow/.local/lib/python3.12/site-packages/airflow/example_dags/example_latest_only_with_trigger.py
[2024-10-06T04:42:15.393+0000] {processor.py:925} INFO - DAG(s) 'latest_only_with_trigger' retrieved from /home/airflow/.local/lib/python3.12/site-packages/airflow/example_dags/example_latest_only_with_trigger.py
[2024-10-06T04:42:15.429+0000] {logging_mixin.py:190} INFO - [2024-10-06T04:42:15.428+0000] {dag.py:3239} INFO - Sync 1 DAGs
[2024-10-06T04:42:15.461+0000] {logging_mixin.py:190} INFO - [2024-10-06T04:42:15.461+0000] {dag.py:4180} INFO - Setting next_dagrun for latest_only_with_trigger to 2024-10-06 00:00:00+00:00, run_after=2024-10-06 04:00:00+00:00
[2024-10-06T04:42:15.483+0000] {processor.py:208} INFO - Processing /home/airflow/.local/lib/python3.12/site-packages/airflow/example_dags/example_latest_only_with_trigger.py took 0.115 seconds
[2024-10-06T04:42:46.074+0000] {processor.py:186} INFO - Started process (PID=491) to work on /home/airflow/.local/lib/python3.12/site-packages/airflow/example_dags/example_latest_only_with_trigger.py
[2024-10-06T04:42:46.077+0000] {processor.py:914} INFO - Processing file /home/airflow/.local/lib/python3.12/site-packages/airflow/example_dags/example_latest_only_with_trigger.py for tasks to queue
[2024-10-06T04:42:46.083+0000] {logging_mixin.py:190} INFO - [2024-10-06T04:42:46.082+0000] {dagbag.py:588} INFO - Filling up the DagBag from /home/airflow/.local/lib/python3.12/site-packages/airflow/example_dags/example_latest_only_with_trigger.py
[2024-10-06T04:42:46.098+0000] {processor.py:925} INFO - DAG(s) 'latest_only_with_trigger' retrieved from /home/airflow/.local/lib/python3.12/site-packages/airflow/example_dags/example_latest_only_with_trigger.py
[2024-10-06T04:42:46.137+0000] {logging_mixin.py:190} INFO - [2024-10-06T04:42:46.137+0000] {dag.py:3239} INFO - Sync 1 DAGs
[2024-10-06T04:42:46.179+0000] {logging_mixin.py:190} INFO - [2024-10-06T04:42:46.179+0000] {dag.py:4180} INFO - Setting next_dagrun for latest_only_with_trigger to 2024-10-06 00:00:00+00:00, run_after=2024-10-06 04:00:00+00:00
[2024-10-06T04:42:46.224+0000] {processor.py:208} INFO - Processing /home/airflow/.local/lib/python3.12/site-packages/airflow/example_dags/example_latest_only_with_trigger.py took 0.159 seconds
[2024-10-06T04:45:43.018+0000] {processor.py:186} INFO - Started process (PID=51) to work on /home/airflow/.local/lib/python3.12/site-packages/airflow/example_dags/example_latest_only_with_trigger.py
[2024-10-06T04:45:43.020+0000] {processor.py:914} INFO - Processing file /home/airflow/.local/lib/python3.12/site-packages/airflow/example_dags/example_latest_only_with_trigger.py for tasks to queue
[2024-10-06T04:45:43.023+0000] {logging_mixin.py:190} INFO - [2024-10-06T04:45:43.023+0000] {dagbag.py:588} INFO - Filling up the DagBag from /home/airflow/.local/lib/python3.12/site-packages/airflow/example_dags/example_latest_only_with_trigger.py
[2024-10-06T04:45:43.036+0000] {processor.py:925} INFO - DAG(s) 'latest_only_with_trigger' retrieved from /home/airflow/.local/lib/python3.12/site-packages/airflow/example_dags/example_latest_only_with_trigger.py
[2024-10-06T04:45:43.100+0000] {logging_mixin.py:190} INFO - [2024-10-06T04:45:43.100+0000] {dag.py:3239} INFO - Sync 1 DAGs
[2024-10-06T04:45:43.174+0000] {logging_mixin.py:190} INFO - [2024-10-06T04:45:43.173+0000] {dag.py:4180} INFO - Setting next_dagrun for latest_only_with_trigger to 2024-10-06 00:00:00+00:00, run_after=2024-10-06 04:00:00+00:00
[2024-10-06T04:45:43.203+0000] {processor.py:208} INFO - Processing /home/airflow/.local/lib/python3.12/site-packages/airflow/example_dags/example_latest_only_with_trigger.py took 0.193 seconds
[2024-10-06T04:46:13.280+0000] {processor.py:186} INFO - Started process (PID=113) to work on /home/airflow/.local/lib/python3.12/site-packages/airflow/example_dags/example_latest_only_with_trigger.py
[2024-10-06T04:46:13.282+0000] {processor.py:914} INFO - Processing file /home/airflow/.local/lib/python3.12/site-packages/airflow/example_dags/example_latest_only_with_trigger.py for tasks to queue
[2024-10-06T04:46:13.286+0000] {logging_mixin.py:190} INFO - [2024-10-06T04:46:13.286+0000] {dagbag.py:588} INFO - Filling up the DagBag from /home/airflow/.local/lib/python3.12/site-packages/airflow/example_dags/example_latest_only_with_trigger.py
[2024-10-06T04:46:13.301+0000] {processor.py:925} INFO - DAG(s) 'latest_only_with_trigger' retrieved from /home/airflow/.local/lib/python3.12/site-packages/airflow/example_dags/example_latest_only_with_trigger.py
[2024-10-06T04:46:13.340+0000] {logging_mixin.py:190} INFO - [2024-10-06T04:46:13.339+0000] {dag.py:3239} INFO - Sync 1 DAGs
[2024-10-06T04:46:13.374+0000] {logging_mixin.py:190} INFO - [2024-10-06T04:46:13.373+0000] {dag.py:4180} INFO - Setting next_dagrun for latest_only_with_trigger to 2024-10-06 00:00:00+00:00, run_after=2024-10-06 04:00:00+00:00
[2024-10-06T04:46:13.397+0000] {processor.py:208} INFO - Processing /home/airflow/.local/lib/python3.12/site-packages/airflow/example_dags/example_latest_only_with_trigger.py took 0.128 seconds
