[2024-10-06T04:18:50.706+0000] {processor.py:186} INFO - Started process (PID=34) to work on /home/airflow/.local/lib/python3.12/site-packages/airflow/example_dags/example_dag_decorator.py
[2024-10-06T04:18:50.707+0000] {processor.py:914} INFO - Processing file /home/airflow/.local/lib/python3.12/site-packages/airflow/example_dags/example_dag_decorator.py for tasks to queue
[2024-10-06T04:18:50.733+0000] {logging_mixin.py:190} INFO - [2024-10-06T04:18:50.731+0000] {dagbag.py:588} INFO - Filling up the DagBag from /home/airflow/.local/lib/python3.12/site-packages/airflow/example_dags/example_dag_decorator.py
[2024-10-06T04:18:50.804+0000] {processor.py:925} INFO - DAG(s) 'example_dag_decorator' retrieved from /home/airflow/.local/lib/python3.12/site-packages/airflow/example_dags/example_dag_decorator.py
[2024-10-06T04:18:51.502+0000] {logging_mixin.py:190} INFO - [2024-10-06T04:18:51.501+0000] {override.py:1900} INFO - Created Permission View: can edit on DAG:example_dag_decorator
[2024-10-06T04:18:51.526+0000] {logging_mixin.py:190} INFO - [2024-10-06T04:18:51.526+0000] {override.py:1900} INFO - Created Permission View: can delete on DAG:example_dag_decorator
[2024-10-06T04:18:51.549+0000] {logging_mixin.py:190} INFO - [2024-10-06T04:18:51.549+0000] {override.py:1900} INFO - Created Permission View: can read on DAG:example_dag_decorator
[2024-10-06T04:18:51.562+0000] {logging_mixin.py:190} INFO - [2024-10-06T04:18:51.561+0000] {override.py:1900} INFO - Created Permission View: can create on DAG Run:example_dag_decorator
[2024-10-06T04:18:51.577+0000] {logging_mixin.py:190} INFO - [2024-10-06T04:18:51.577+0000] {override.py:1900} INFO - Created Permission View: menu access on DAG Run:example_dag_decorator
[2024-10-06T04:18:51.590+0000] {logging_mixin.py:190} INFO - [2024-10-06T04:18:51.590+0000] {override.py:1900} INFO - Created Permission View: can read on DAG Run:example_dag_decorator
[2024-10-06T04:18:51.605+0000] {logging_mixin.py:190} INFO - [2024-10-06T04:18:51.604+0000] {override.py:1900} INFO - Created Permission View: can delete on DAG Run:example_dag_decorator
[2024-10-06T04:18:51.605+0000] {logging_mixin.py:190} INFO - [2024-10-06T04:18:51.605+0000] {dag.py:3239} INFO - Sync 1 DAGs
[2024-10-06T04:18:51.633+0000] {logging_mixin.py:190} INFO - [2024-10-06T04:18:51.633+0000] {dag.py:3262} INFO - Creating ORM DAG for example_dag_decorator
[2024-10-06T04:18:51.634+0000] {logging_mixin.py:190} INFO - [2024-10-06T04:18:51.634+0000] {dag.py:4180} INFO - Setting next_dagrun for example_dag_decorator to None, run_after=None
[2024-10-06T04:18:51.674+0000] {processor.py:208} INFO - Processing /home/airflow/.local/lib/python3.12/site-packages/airflow/example_dags/example_dag_decorator.py took 1.008 seconds
[2024-10-06T04:19:22.272+0000] {processor.py:186} INFO - Started process (PID=96) to work on /home/airflow/.local/lib/python3.12/site-packages/airflow/example_dags/example_dag_decorator.py
[2024-10-06T04:19:22.591+0000] {processor.py:914} INFO - Processing file /home/airflow/.local/lib/python3.12/site-packages/airflow/example_dags/example_dag_decorator.py for tasks to queue
[2024-10-06T04:19:23.238+0000] {logging_mixin.py:190} INFO - [2024-10-06T04:19:23.123+0000] {dagbag.py:588} INFO - Filling up the DagBag from /home/airflow/.local/lib/python3.12/site-packages/airflow/example_dags/example_dag_decorator.py
[2024-10-06T04:19:36.167+0000] {processor.py:925} INFO - DAG(s) 'example_dag_decorator' retrieved from /home/airflow/.local/lib/python3.12/site-packages/airflow/example_dags/example_dag_decorator.py
[2024-10-06T04:19:45.278+0000] {logging_mixin.py:190} INFO - [2024-10-06T04:19:45.272+0000] {dag.py:3239} INFO - Sync 1 DAGs
[2024-10-06T04:19:45.350+0000] {logging_mixin.py:190} INFO - [2024-10-06T04:19:45.349+0000] {dag.py:4180} INFO - Setting next_dagrun for example_dag_decorator to None, run_after=None
[2024-10-06T04:19:45.449+0000] {processor.py:208} INFO - Processing /home/airflow/.local/lib/python3.12/site-packages/airflow/example_dags/example_dag_decorator.py took 23.415 seconds
[2024-10-06T04:20:16.256+0000] {processor.py:186} INFO - Started process (PID=165) to work on /home/airflow/.local/lib/python3.12/site-packages/airflow/example_dags/example_dag_decorator.py
[2024-10-06T04:20:16.258+0000] {processor.py:914} INFO - Processing file /home/airflow/.local/lib/python3.12/site-packages/airflow/example_dags/example_dag_decorator.py for tasks to queue
[2024-10-06T04:20:16.262+0000] {logging_mixin.py:190} INFO - [2024-10-06T04:20:16.261+0000] {dagbag.py:588} INFO - Filling up the DagBag from /home/airflow/.local/lib/python3.12/site-packages/airflow/example_dags/example_dag_decorator.py
[2024-10-06T04:20:16.282+0000] {processor.py:925} INFO - DAG(s) 'example_dag_decorator' retrieved from /home/airflow/.local/lib/python3.12/site-packages/airflow/example_dags/example_dag_decorator.py
[2024-10-06T04:20:16.471+0000] {logging_mixin.py:190} INFO - [2024-10-06T04:20:16.470+0000] {dag.py:3239} INFO - Sync 1 DAGs
[2024-10-06T04:20:16.493+0000] {logging_mixin.py:190} INFO - [2024-10-06T04:20:16.493+0000] {dag.py:4180} INFO - Setting next_dagrun for example_dag_decorator to None, run_after=None
[2024-10-06T04:20:16.522+0000] {processor.py:208} INFO - Processing /home/airflow/.local/lib/python3.12/site-packages/airflow/example_dags/example_dag_decorator.py took 0.276 seconds
[2024-10-06T04:20:46.970+0000] {processor.py:186} INFO - Started process (PID=228) to work on /home/airflow/.local/lib/python3.12/site-packages/airflow/example_dags/example_dag_decorator.py
[2024-10-06T04:20:46.972+0000] {processor.py:914} INFO - Processing file /home/airflow/.local/lib/python3.12/site-packages/airflow/example_dags/example_dag_decorator.py for tasks to queue
[2024-10-06T04:20:46.975+0000] {logging_mixin.py:190} INFO - [2024-10-06T04:20:46.975+0000] {dagbag.py:588} INFO - Filling up the DagBag from /home/airflow/.local/lib/python3.12/site-packages/airflow/example_dags/example_dag_decorator.py
[2024-10-06T04:20:46.994+0000] {processor.py:925} INFO - DAG(s) 'example_dag_decorator' retrieved from /home/airflow/.local/lib/python3.12/site-packages/airflow/example_dags/example_dag_decorator.py
[2024-10-06T04:20:47.030+0000] {logging_mixin.py:190} INFO - [2024-10-06T04:20:47.030+0000] {dag.py:3239} INFO - Sync 1 DAGs
[2024-10-06T04:20:47.053+0000] {logging_mixin.py:190} INFO - [2024-10-06T04:20:47.053+0000] {dag.py:4180} INFO - Setting next_dagrun for example_dag_decorator to None, run_after=None
[2024-10-06T04:20:47.086+0000] {processor.py:208} INFO - Processing /home/airflow/.local/lib/python3.12/site-packages/airflow/example_dags/example_dag_decorator.py took 0.126 seconds
[2024-10-06T04:21:17.477+0000] {processor.py:186} INFO - Started process (PID=290) to work on /home/airflow/.local/lib/python3.12/site-packages/airflow/example_dags/example_dag_decorator.py
[2024-10-06T04:21:17.478+0000] {processor.py:914} INFO - Processing file /home/airflow/.local/lib/python3.12/site-packages/airflow/example_dags/example_dag_decorator.py for tasks to queue
[2024-10-06T04:21:17.482+0000] {logging_mixin.py:190} INFO - [2024-10-06T04:21:17.482+0000] {dagbag.py:588} INFO - Filling up the DagBag from /home/airflow/.local/lib/python3.12/site-packages/airflow/example_dags/example_dag_decorator.py
[2024-10-06T04:21:17.501+0000] {processor.py:925} INFO - DAG(s) 'example_dag_decorator' retrieved from /home/airflow/.local/lib/python3.12/site-packages/airflow/example_dags/example_dag_decorator.py
[2024-10-06T04:21:17.714+0000] {logging_mixin.py:190} INFO - [2024-10-06T04:21:17.714+0000] {dag.py:3239} INFO - Sync 1 DAGs
[2024-10-06T04:21:17.736+0000] {logging_mixin.py:190} INFO - [2024-10-06T04:21:17.736+0000] {dag.py:4180} INFO - Setting next_dagrun for example_dag_decorator to None, run_after=None
[2024-10-06T04:21:17.769+0000] {processor.py:208} INFO - Processing /home/airflow/.local/lib/python3.12/site-packages/airflow/example_dags/example_dag_decorator.py took 0.301 seconds
[2024-10-06T04:21:48.057+0000] {processor.py:186} INFO - Started process (PID=351) to work on /home/airflow/.local/lib/python3.12/site-packages/airflow/example_dags/example_dag_decorator.py
[2024-10-06T04:21:48.059+0000] {processor.py:914} INFO - Processing file /home/airflow/.local/lib/python3.12/site-packages/airflow/example_dags/example_dag_decorator.py for tasks to queue
[2024-10-06T04:21:48.063+0000] {logging_mixin.py:190} INFO - [2024-10-06T04:21:48.062+0000] {dagbag.py:588} INFO - Filling up the DagBag from /home/airflow/.local/lib/python3.12/site-packages/airflow/example_dags/example_dag_decorator.py
[2024-10-06T04:21:48.083+0000] {processor.py:925} INFO - DAG(s) 'example_dag_decorator' retrieved from /home/airflow/.local/lib/python3.12/site-packages/airflow/example_dags/example_dag_decorator.py
[2024-10-06T04:21:48.243+0000] {logging_mixin.py:190} INFO - [2024-10-06T04:21:48.242+0000] {dag.py:3239} INFO - Sync 1 DAGs
[2024-10-06T04:21:48.261+0000] {logging_mixin.py:190} INFO - [2024-10-06T04:21:48.261+0000] {dag.py:4180} INFO - Setting next_dagrun for example_dag_decorator to None, run_after=None
[2024-10-06T04:21:48.292+0000] {processor.py:208} INFO - Processing /home/airflow/.local/lib/python3.12/site-packages/airflow/example_dags/example_dag_decorator.py took 0.243 seconds
[2024-10-06T04:22:18.398+0000] {processor.py:186} INFO - Started process (PID=414) to work on /home/airflow/.local/lib/python3.12/site-packages/airflow/example_dags/example_dag_decorator.py
[2024-10-06T04:22:18.399+0000] {processor.py:914} INFO - Processing file /home/airflow/.local/lib/python3.12/site-packages/airflow/example_dags/example_dag_decorator.py for tasks to queue
[2024-10-06T04:22:18.403+0000] {logging_mixin.py:190} INFO - [2024-10-06T04:22:18.403+0000] {dagbag.py:588} INFO - Filling up the DagBag from /home/airflow/.local/lib/python3.12/site-packages/airflow/example_dags/example_dag_decorator.py
[2024-10-06T04:22:18.425+0000] {processor.py:925} INFO - DAG(s) 'example_dag_decorator' retrieved from /home/airflow/.local/lib/python3.12/site-packages/airflow/example_dags/example_dag_decorator.py
[2024-10-06T04:22:18.644+0000] {logging_mixin.py:190} INFO - [2024-10-06T04:22:18.644+0000] {dag.py:3239} INFO - Sync 1 DAGs
[2024-10-06T04:22:18.659+0000] {logging_mixin.py:190} INFO - [2024-10-06T04:22:18.659+0000] {dag.py:4180} INFO - Setting next_dagrun for example_dag_decorator to None, run_after=None
[2024-10-06T04:22:18.683+0000] {processor.py:208} INFO - Processing /home/airflow/.local/lib/python3.12/site-packages/airflow/example_dags/example_dag_decorator.py took 0.294 seconds
[2024-10-06T04:22:49.327+0000] {processor.py:186} INFO - Started process (PID=477) to work on /home/airflow/.local/lib/python3.12/site-packages/airflow/example_dags/example_dag_decorator.py
[2024-10-06T04:22:49.329+0000] {processor.py:914} INFO - Processing file /home/airflow/.local/lib/python3.12/site-packages/airflow/example_dags/example_dag_decorator.py for tasks to queue
[2024-10-06T04:22:49.333+0000] {logging_mixin.py:190} INFO - [2024-10-06T04:22:49.332+0000] {dagbag.py:588} INFO - Filling up the DagBag from /home/airflow/.local/lib/python3.12/site-packages/airflow/example_dags/example_dag_decorator.py
[2024-10-06T04:22:49.353+0000] {processor.py:925} INFO - DAG(s) 'example_dag_decorator' retrieved from /home/airflow/.local/lib/python3.12/site-packages/airflow/example_dags/example_dag_decorator.py
[2024-10-06T04:22:49.388+0000] {logging_mixin.py:190} INFO - [2024-10-06T04:22:49.388+0000] {dag.py:3239} INFO - Sync 1 DAGs
[2024-10-06T04:22:49.409+0000] {logging_mixin.py:190} INFO - [2024-10-06T04:22:49.409+0000] {dag.py:4180} INFO - Setting next_dagrun for example_dag_decorator to None, run_after=None
[2024-10-06T04:22:49.435+0000] {processor.py:208} INFO - Processing /home/airflow/.local/lib/python3.12/site-packages/airflow/example_dags/example_dag_decorator.py took 0.117 seconds
[2024-10-06T04:23:19.837+0000] {processor.py:186} INFO - Started process (PID=539) to work on /home/airflow/.local/lib/python3.12/site-packages/airflow/example_dags/example_dag_decorator.py
[2024-10-06T04:23:19.839+0000] {processor.py:914} INFO - Processing file /home/airflow/.local/lib/python3.12/site-packages/airflow/example_dags/example_dag_decorator.py for tasks to queue
[2024-10-06T04:23:19.843+0000] {logging_mixin.py:190} INFO - [2024-10-06T04:23:19.843+0000] {dagbag.py:588} INFO - Filling up the DagBag from /home/airflow/.local/lib/python3.12/site-packages/airflow/example_dags/example_dag_decorator.py
[2024-10-06T04:23:19.865+0000] {processor.py:925} INFO - DAG(s) 'example_dag_decorator' retrieved from /home/airflow/.local/lib/python3.12/site-packages/airflow/example_dags/example_dag_decorator.py
[2024-10-06T04:23:20.025+0000] {logging_mixin.py:190} INFO - [2024-10-06T04:23:20.025+0000] {dag.py:3239} INFO - Sync 1 DAGs
[2024-10-06T04:23:20.042+0000] {logging_mixin.py:190} INFO - [2024-10-06T04:23:20.041+0000] {dag.py:4180} INFO - Setting next_dagrun for example_dag_decorator to None, run_after=None
[2024-10-06T04:23:20.068+0000] {processor.py:208} INFO - Processing /home/airflow/.local/lib/python3.12/site-packages/airflow/example_dags/example_dag_decorator.py took 0.241 seconds
[2024-10-06T04:23:50.204+0000] {processor.py:186} INFO - Started process (PID=601) to work on /home/airflow/.local/lib/python3.12/site-packages/airflow/example_dags/example_dag_decorator.py
[2024-10-06T04:23:50.205+0000] {processor.py:914} INFO - Processing file /home/airflow/.local/lib/python3.12/site-packages/airflow/example_dags/example_dag_decorator.py for tasks to queue
[2024-10-06T04:23:50.208+0000] {logging_mixin.py:190} INFO - [2024-10-06T04:23:50.208+0000] {dagbag.py:588} INFO - Filling up the DagBag from /home/airflow/.local/lib/python3.12/site-packages/airflow/example_dags/example_dag_decorator.py
[2024-10-06T04:23:50.225+0000] {processor.py:925} INFO - DAG(s) 'example_dag_decorator' retrieved from /home/airflow/.local/lib/python3.12/site-packages/airflow/example_dags/example_dag_decorator.py
[2024-10-06T04:23:50.376+0000] {logging_mixin.py:190} INFO - [2024-10-06T04:23:50.376+0000] {dag.py:3239} INFO - Sync 1 DAGs
[2024-10-06T04:23:50.393+0000] {logging_mixin.py:190} INFO - [2024-10-06T04:23:50.393+0000] {dag.py:4180} INFO - Setting next_dagrun for example_dag_decorator to None, run_after=None
[2024-10-06T04:23:50.425+0000] {processor.py:208} INFO - Processing /home/airflow/.local/lib/python3.12/site-packages/airflow/example_dags/example_dag_decorator.py took 0.230 seconds
[2024-10-06T04:24:20.543+0000] {processor.py:186} INFO - Started process (PID=661) to work on /home/airflow/.local/lib/python3.12/site-packages/airflow/example_dags/example_dag_decorator.py
[2024-10-06T04:24:20.544+0000] {processor.py:914} INFO - Processing file /home/airflow/.local/lib/python3.12/site-packages/airflow/example_dags/example_dag_decorator.py for tasks to queue
[2024-10-06T04:24:20.550+0000] {logging_mixin.py:190} INFO - [2024-10-06T04:24:20.549+0000] {dagbag.py:588} INFO - Filling up the DagBag from /home/airflow/.local/lib/python3.12/site-packages/airflow/example_dags/example_dag_decorator.py
[2024-10-06T04:24:20.574+0000] {processor.py:925} INFO - DAG(s) 'example_dag_decorator' retrieved from /home/airflow/.local/lib/python3.12/site-packages/airflow/example_dags/example_dag_decorator.py
[2024-10-06T04:24:20.773+0000] {logging_mixin.py:190} INFO - [2024-10-06T04:24:20.773+0000] {dag.py:3239} INFO - Sync 1 DAGs
[2024-10-06T04:24:20.788+0000] {logging_mixin.py:190} INFO - [2024-10-06T04:24:20.787+0000] {dag.py:4180} INFO - Setting next_dagrun for example_dag_decorator to None, run_after=None
[2024-10-06T04:24:20.816+0000] {processor.py:208} INFO - Processing /home/airflow/.local/lib/python3.12/site-packages/airflow/example_dags/example_dag_decorator.py took 0.285 seconds
[2024-10-06T04:24:50.957+0000] {processor.py:186} INFO - Started process (PID=724) to work on /home/airflow/.local/lib/python3.12/site-packages/airflow/example_dags/example_dag_decorator.py
[2024-10-06T04:24:50.958+0000] {processor.py:914} INFO - Processing file /home/airflow/.local/lib/python3.12/site-packages/airflow/example_dags/example_dag_decorator.py for tasks to queue
[2024-10-06T04:24:50.963+0000] {logging_mixin.py:190} INFO - [2024-10-06T04:24:50.962+0000] {dagbag.py:588} INFO - Filling up the DagBag from /home/airflow/.local/lib/python3.12/site-packages/airflow/example_dags/example_dag_decorator.py
[2024-10-06T04:24:50.980+0000] {processor.py:925} INFO - DAG(s) 'example_dag_decorator' retrieved from /home/airflow/.local/lib/python3.12/site-packages/airflow/example_dags/example_dag_decorator.py
[2024-10-06T04:24:51.147+0000] {logging_mixin.py:190} INFO - [2024-10-06T04:24:51.147+0000] {dag.py:3239} INFO - Sync 1 DAGs
[2024-10-06T04:24:51.162+0000] {logging_mixin.py:190} INFO - [2024-10-06T04:24:51.162+0000] {dag.py:4180} INFO - Setting next_dagrun for example_dag_decorator to None, run_after=None
[2024-10-06T04:24:51.189+0000] {processor.py:208} INFO - Processing /home/airflow/.local/lib/python3.12/site-packages/airflow/example_dags/example_dag_decorator.py took 0.246 seconds
[2024-10-06T04:25:21.385+0000] {processor.py:186} INFO - Started process (PID=788) to work on /home/airflow/.local/lib/python3.12/site-packages/airflow/example_dags/example_dag_decorator.py
[2024-10-06T04:25:21.387+0000] {processor.py:914} INFO - Processing file /home/airflow/.local/lib/python3.12/site-packages/airflow/example_dags/example_dag_decorator.py for tasks to queue
[2024-10-06T04:25:21.392+0000] {logging_mixin.py:190} INFO - [2024-10-06T04:25:21.391+0000] {dagbag.py:588} INFO - Filling up the DagBag from /home/airflow/.local/lib/python3.12/site-packages/airflow/example_dags/example_dag_decorator.py
[2024-10-06T04:25:21.411+0000] {processor.py:925} INFO - DAG(s) 'example_dag_decorator' retrieved from /home/airflow/.local/lib/python3.12/site-packages/airflow/example_dags/example_dag_decorator.py
[2024-10-06T04:25:21.582+0000] {logging_mixin.py:190} INFO - [2024-10-06T04:25:21.582+0000] {dag.py:3239} INFO - Sync 1 DAGs
[2024-10-06T04:25:21.606+0000] {logging_mixin.py:190} INFO - [2024-10-06T04:25:21.606+0000] {dag.py:4180} INFO - Setting next_dagrun for example_dag_decorator to None, run_after=None
[2024-10-06T04:25:21.641+0000] {processor.py:208} INFO - Processing /home/airflow/.local/lib/python3.12/site-packages/airflow/example_dags/example_dag_decorator.py took 0.265 seconds
[2024-10-06T04:25:51.736+0000] {processor.py:186} INFO - Started process (PID=850) to work on /home/airflow/.local/lib/python3.12/site-packages/airflow/example_dags/example_dag_decorator.py
[2024-10-06T04:25:51.738+0000] {processor.py:914} INFO - Processing file /home/airflow/.local/lib/python3.12/site-packages/airflow/example_dags/example_dag_decorator.py for tasks to queue
[2024-10-06T04:25:51.742+0000] {logging_mixin.py:190} INFO - [2024-10-06T04:25:51.742+0000] {dagbag.py:588} INFO - Filling up the DagBag from /home/airflow/.local/lib/python3.12/site-packages/airflow/example_dags/example_dag_decorator.py
[2024-10-06T04:25:51.760+0000] {processor.py:925} INFO - DAG(s) 'example_dag_decorator' retrieved from /home/airflow/.local/lib/python3.12/site-packages/airflow/example_dags/example_dag_decorator.py
[2024-10-06T04:25:51.793+0000] {logging_mixin.py:190} INFO - [2024-10-06T04:25:51.792+0000] {dag.py:3239} INFO - Sync 1 DAGs
[2024-10-06T04:25:51.815+0000] {logging_mixin.py:190} INFO - [2024-10-06T04:25:51.814+0000] {dag.py:4180} INFO - Setting next_dagrun for example_dag_decorator to None, run_after=None
[2024-10-06T04:25:51.843+0000] {processor.py:208} INFO - Processing /home/airflow/.local/lib/python3.12/site-packages/airflow/example_dags/example_dag_decorator.py took 0.115 seconds
[2024-10-06T04:26:21.922+0000] {processor.py:186} INFO - Started process (PID=910) to work on /home/airflow/.local/lib/python3.12/site-packages/airflow/example_dags/example_dag_decorator.py
[2024-10-06T04:26:21.923+0000] {processor.py:914} INFO - Processing file /home/airflow/.local/lib/python3.12/site-packages/airflow/example_dags/example_dag_decorator.py for tasks to queue
[2024-10-06T04:26:21.927+0000] {logging_mixin.py:190} INFO - [2024-10-06T04:26:21.927+0000] {dagbag.py:588} INFO - Filling up the DagBag from /home/airflow/.local/lib/python3.12/site-packages/airflow/example_dags/example_dag_decorator.py
[2024-10-06T04:26:21.948+0000] {processor.py:925} INFO - DAG(s) 'example_dag_decorator' retrieved from /home/airflow/.local/lib/python3.12/site-packages/airflow/example_dags/example_dag_decorator.py
[2024-10-06T04:26:22.122+0000] {logging_mixin.py:190} INFO - [2024-10-06T04:26:22.121+0000] {dag.py:3239} INFO - Sync 1 DAGs
[2024-10-06T04:26:22.140+0000] {logging_mixin.py:190} INFO - [2024-10-06T04:26:22.140+0000] {dag.py:4180} INFO - Setting next_dagrun for example_dag_decorator to None, run_after=None
[2024-10-06T04:26:22.169+0000] {processor.py:208} INFO - Processing /home/airflow/.local/lib/python3.12/site-packages/airflow/example_dags/example_dag_decorator.py took 0.257 seconds
[2024-10-06T04:26:52.340+0000] {processor.py:186} INFO - Started process (PID=972) to work on /home/airflow/.local/lib/python3.12/site-packages/airflow/example_dags/example_dag_decorator.py
[2024-10-06T04:26:52.342+0000] {processor.py:914} INFO - Processing file /home/airflow/.local/lib/python3.12/site-packages/airflow/example_dags/example_dag_decorator.py for tasks to queue
[2024-10-06T04:26:52.346+0000] {logging_mixin.py:190} INFO - [2024-10-06T04:26:52.345+0000] {dagbag.py:588} INFO - Filling up the DagBag from /home/airflow/.local/lib/python3.12/site-packages/airflow/example_dags/example_dag_decorator.py
[2024-10-06T04:26:52.370+0000] {processor.py:925} INFO - DAG(s) 'example_dag_decorator' retrieved from /home/airflow/.local/lib/python3.12/site-packages/airflow/example_dags/example_dag_decorator.py
[2024-10-06T04:26:52.586+0000] {logging_mixin.py:190} INFO - [2024-10-06T04:26:52.585+0000] {dag.py:3239} INFO - Sync 1 DAGs
[2024-10-06T04:26:52.608+0000] {logging_mixin.py:190} INFO - [2024-10-06T04:26:52.607+0000] {dag.py:4180} INFO - Setting next_dagrun for example_dag_decorator to None, run_after=None
[2024-10-06T04:26:52.638+0000] {processor.py:208} INFO - Processing /home/airflow/.local/lib/python3.12/site-packages/airflow/example_dags/example_dag_decorator.py took 0.309 seconds
[2024-10-06T04:27:22.765+0000] {processor.py:186} INFO - Started process (PID=1034) to work on /home/airflow/.local/lib/python3.12/site-packages/airflow/example_dags/example_dag_decorator.py
[2024-10-06T04:27:22.767+0000] {processor.py:914} INFO - Processing file /home/airflow/.local/lib/python3.12/site-packages/airflow/example_dags/example_dag_decorator.py for tasks to queue
[2024-10-06T04:27:22.772+0000] {logging_mixin.py:190} INFO - [2024-10-06T04:27:22.772+0000] {dagbag.py:588} INFO - Filling up the DagBag from /home/airflow/.local/lib/python3.12/site-packages/airflow/example_dags/example_dag_decorator.py
[2024-10-06T04:27:22.795+0000] {processor.py:925} INFO - DAG(s) 'example_dag_decorator' retrieved from /home/airflow/.local/lib/python3.12/site-packages/airflow/example_dags/example_dag_decorator.py
[2024-10-06T04:27:22.947+0000] {logging_mixin.py:190} INFO - [2024-10-06T04:27:22.947+0000] {dag.py:3239} INFO - Sync 1 DAGs
[2024-10-06T04:27:22.964+0000] {logging_mixin.py:190} INFO - [2024-10-06T04:27:22.964+0000] {dag.py:4180} INFO - Setting next_dagrun for example_dag_decorator to None, run_after=None
[2024-10-06T04:27:23.007+0000] {processor.py:208} INFO - Processing /home/airflow/.local/lib/python3.12/site-packages/airflow/example_dags/example_dag_decorator.py took 0.253 seconds
[2024-10-06T04:27:53.302+0000] {processor.py:186} INFO - Started process (PID=1096) to work on /home/airflow/.local/lib/python3.12/site-packages/airflow/example_dags/example_dag_decorator.py
[2024-10-06T04:27:53.304+0000] {processor.py:914} INFO - Processing file /home/airflow/.local/lib/python3.12/site-packages/airflow/example_dags/example_dag_decorator.py for tasks to queue
[2024-10-06T04:27:53.307+0000] {logging_mixin.py:190} INFO - [2024-10-06T04:27:53.307+0000] {dagbag.py:588} INFO - Filling up the DagBag from /home/airflow/.local/lib/python3.12/site-packages/airflow/example_dags/example_dag_decorator.py
[2024-10-06T04:27:53.323+0000] {processor.py:925} INFO - DAG(s) 'example_dag_decorator' retrieved from /home/airflow/.local/lib/python3.12/site-packages/airflow/example_dags/example_dag_decorator.py
[2024-10-06T04:27:53.464+0000] {logging_mixin.py:190} INFO - [2024-10-06T04:27:53.463+0000] {dag.py:3239} INFO - Sync 1 DAGs
[2024-10-06T04:27:53.480+0000] {logging_mixin.py:190} INFO - [2024-10-06T04:27:53.480+0000] {dag.py:4180} INFO - Setting next_dagrun for example_dag_decorator to None, run_after=None
[2024-10-06T04:27:53.501+0000] {processor.py:208} INFO - Processing /home/airflow/.local/lib/python3.12/site-packages/airflow/example_dags/example_dag_decorator.py took 0.206 seconds
[2024-10-06T04:28:23.622+0000] {processor.py:186} INFO - Started process (PID=1159) to work on /home/airflow/.local/lib/python3.12/site-packages/airflow/example_dags/example_dag_decorator.py
[2024-10-06T04:28:23.623+0000] {processor.py:914} INFO - Processing file /home/airflow/.local/lib/python3.12/site-packages/airflow/example_dags/example_dag_decorator.py for tasks to queue
[2024-10-06T04:28:23.627+0000] {logging_mixin.py:190} INFO - [2024-10-06T04:28:23.627+0000] {dagbag.py:588} INFO - Filling up the DagBag from /home/airflow/.local/lib/python3.12/site-packages/airflow/example_dags/example_dag_decorator.py
[2024-10-06T04:28:23.643+0000] {processor.py:925} INFO - DAG(s) 'example_dag_decorator' retrieved from /home/airflow/.local/lib/python3.12/site-packages/airflow/example_dags/example_dag_decorator.py
[2024-10-06T04:28:23.832+0000] {logging_mixin.py:190} INFO - [2024-10-06T04:28:23.832+0000] {dag.py:3239} INFO - Sync 1 DAGs
[2024-10-06T04:28:23.848+0000] {logging_mixin.py:190} INFO - [2024-10-06T04:28:23.847+0000] {dag.py:4180} INFO - Setting next_dagrun for example_dag_decorator to None, run_after=None
[2024-10-06T04:28:23.877+0000] {processor.py:208} INFO - Processing /home/airflow/.local/lib/python3.12/site-packages/airflow/example_dags/example_dag_decorator.py took 0.266 seconds
[2024-10-06T04:28:53.925+0000] {processor.py:186} INFO - Started process (PID=1222) to work on /home/airflow/.local/lib/python3.12/site-packages/airflow/example_dags/example_dag_decorator.py
[2024-10-06T04:28:53.927+0000] {processor.py:914} INFO - Processing file /home/airflow/.local/lib/python3.12/site-packages/airflow/example_dags/example_dag_decorator.py for tasks to queue
[2024-10-06T04:28:53.931+0000] {logging_mixin.py:190} INFO - [2024-10-06T04:28:53.931+0000] {dagbag.py:588} INFO - Filling up the DagBag from /home/airflow/.local/lib/python3.12/site-packages/airflow/example_dags/example_dag_decorator.py
[2024-10-06T04:28:53.957+0000] {processor.py:925} INFO - DAG(s) 'example_dag_decorator' retrieved from /home/airflow/.local/lib/python3.12/site-packages/airflow/example_dags/example_dag_decorator.py
[2024-10-06T04:28:54.229+0000] {logging_mixin.py:190} INFO - [2024-10-06T04:28:54.229+0000] {dag.py:3239} INFO - Sync 1 DAGs
[2024-10-06T04:28:54.251+0000] {logging_mixin.py:190} INFO - [2024-10-06T04:28:54.251+0000] {dag.py:4180} INFO - Setting next_dagrun for example_dag_decorator to None, run_after=None
[2024-10-06T04:28:54.286+0000] {processor.py:208} INFO - Processing /home/airflow/.local/lib/python3.12/site-packages/airflow/example_dags/example_dag_decorator.py took 0.373 seconds
[2024-10-06T04:29:25.139+0000] {processor.py:186} INFO - Started process (PID=1285) to work on /home/airflow/.local/lib/python3.12/site-packages/airflow/example_dags/example_dag_decorator.py
[2024-10-06T04:29:25.140+0000] {processor.py:914} INFO - Processing file /home/airflow/.local/lib/python3.12/site-packages/airflow/example_dags/example_dag_decorator.py for tasks to queue
[2024-10-06T04:29:25.144+0000] {logging_mixin.py:190} INFO - [2024-10-06T04:29:25.144+0000] {dagbag.py:588} INFO - Filling up the DagBag from /home/airflow/.local/lib/python3.12/site-packages/airflow/example_dags/example_dag_decorator.py
[2024-10-06T04:29:25.164+0000] {processor.py:925} INFO - DAG(s) 'example_dag_decorator' retrieved from /home/airflow/.local/lib/python3.12/site-packages/airflow/example_dags/example_dag_decorator.py
[2024-10-06T04:29:25.414+0000] {logging_mixin.py:190} INFO - [2024-10-06T04:29:25.414+0000] {dag.py:3239} INFO - Sync 1 DAGs
[2024-10-06T04:29:25.433+0000] {logging_mixin.py:190} INFO - [2024-10-06T04:29:25.432+0000] {dag.py:4180} INFO - Setting next_dagrun for example_dag_decorator to None, run_after=None
[2024-10-06T04:29:25.462+0000] {processor.py:208} INFO - Processing /home/airflow/.local/lib/python3.12/site-packages/airflow/example_dags/example_dag_decorator.py took 0.332 seconds
[2024-10-06T04:29:55.664+0000] {processor.py:186} INFO - Started process (PID=1347) to work on /home/airflow/.local/lib/python3.12/site-packages/airflow/example_dags/example_dag_decorator.py
[2024-10-06T04:29:55.669+0000] {processor.py:914} INFO - Processing file /home/airflow/.local/lib/python3.12/site-packages/airflow/example_dags/example_dag_decorator.py for tasks to queue
[2024-10-06T04:29:55.672+0000] {logging_mixin.py:190} INFO - [2024-10-06T04:29:55.672+0000] {dagbag.py:588} INFO - Filling up the DagBag from /home/airflow/.local/lib/python3.12/site-packages/airflow/example_dags/example_dag_decorator.py
[2024-10-06T04:29:55.691+0000] {processor.py:925} INFO - DAG(s) 'example_dag_decorator' retrieved from /home/airflow/.local/lib/python3.12/site-packages/airflow/example_dags/example_dag_decorator.py
[2024-10-06T04:29:55.908+0000] {logging_mixin.py:190} INFO - [2024-10-06T04:29:55.907+0000] {dag.py:3239} INFO - Sync 1 DAGs
[2024-10-06T04:29:55.923+0000] {logging_mixin.py:190} INFO - [2024-10-06T04:29:55.923+0000] {dag.py:4180} INFO - Setting next_dagrun for example_dag_decorator to None, run_after=None
[2024-10-06T04:29:55.952+0000] {processor.py:208} INFO - Processing /home/airflow/.local/lib/python3.12/site-packages/airflow/example_dags/example_dag_decorator.py took 0.297 seconds
[2024-10-06T04:30:26.226+0000] {processor.py:186} INFO - Started process (PID=1409) to work on /home/airflow/.local/lib/python3.12/site-packages/airflow/example_dags/example_dag_decorator.py
[2024-10-06T04:30:26.228+0000] {processor.py:914} INFO - Processing file /home/airflow/.local/lib/python3.12/site-packages/airflow/example_dags/example_dag_decorator.py for tasks to queue
[2024-10-06T04:30:26.232+0000] {logging_mixin.py:190} INFO - [2024-10-06T04:30:26.231+0000] {dagbag.py:588} INFO - Filling up the DagBag from /home/airflow/.local/lib/python3.12/site-packages/airflow/example_dags/example_dag_decorator.py
[2024-10-06T04:30:26.255+0000] {processor.py:925} INFO - DAG(s) 'example_dag_decorator' retrieved from /home/airflow/.local/lib/python3.12/site-packages/airflow/example_dags/example_dag_decorator.py
[2024-10-06T04:30:26.441+0000] {logging_mixin.py:190} INFO - [2024-10-06T04:30:26.440+0000] {dag.py:3239} INFO - Sync 1 DAGs
[2024-10-06T04:30:26.459+0000] {logging_mixin.py:190} INFO - [2024-10-06T04:30:26.458+0000] {dag.py:4180} INFO - Setting next_dagrun for example_dag_decorator to None, run_after=None
[2024-10-06T04:30:26.485+0000] {processor.py:208} INFO - Processing /home/airflow/.local/lib/python3.12/site-packages/airflow/example_dags/example_dag_decorator.py took 0.270 seconds
[2024-10-06T04:30:56.768+0000] {processor.py:186} INFO - Started process (PID=1471) to work on /home/airflow/.local/lib/python3.12/site-packages/airflow/example_dags/example_dag_decorator.py
[2024-10-06T04:30:56.770+0000] {processor.py:914} INFO - Processing file /home/airflow/.local/lib/python3.12/site-packages/airflow/example_dags/example_dag_decorator.py for tasks to queue
[2024-10-06T04:30:56.775+0000] {logging_mixin.py:190} INFO - [2024-10-06T04:30:56.774+0000] {dagbag.py:588} INFO - Filling up the DagBag from /home/airflow/.local/lib/python3.12/site-packages/airflow/example_dags/example_dag_decorator.py
[2024-10-06T04:30:56.794+0000] {processor.py:925} INFO - DAG(s) 'example_dag_decorator' retrieved from /home/airflow/.local/lib/python3.12/site-packages/airflow/example_dags/example_dag_decorator.py
[2024-10-06T04:30:56.829+0000] {logging_mixin.py:190} INFO - [2024-10-06T04:30:56.829+0000] {dag.py:3239} INFO - Sync 1 DAGs
[2024-10-06T04:30:56.851+0000] {logging_mixin.py:190} INFO - [2024-10-06T04:30:56.851+0000] {dag.py:4180} INFO - Setting next_dagrun for example_dag_decorator to None, run_after=None
[2024-10-06T04:30:56.892+0000] {processor.py:208} INFO - Processing /home/airflow/.local/lib/python3.12/site-packages/airflow/example_dags/example_dag_decorator.py took 0.135 seconds
[2024-10-06T04:31:27.494+0000] {processor.py:186} INFO - Started process (PID=1533) to work on /home/airflow/.local/lib/python3.12/site-packages/airflow/example_dags/example_dag_decorator.py
[2024-10-06T04:31:27.495+0000] {processor.py:914} INFO - Processing file /home/airflow/.local/lib/python3.12/site-packages/airflow/example_dags/example_dag_decorator.py for tasks to queue
[2024-10-06T04:31:27.499+0000] {logging_mixin.py:190} INFO - [2024-10-06T04:31:27.498+0000] {dagbag.py:588} INFO - Filling up the DagBag from /home/airflow/.local/lib/python3.12/site-packages/airflow/example_dags/example_dag_decorator.py
[2024-10-06T04:31:27.516+0000] {processor.py:925} INFO - DAG(s) 'example_dag_decorator' retrieved from /home/airflow/.local/lib/python3.12/site-packages/airflow/example_dags/example_dag_decorator.py
[2024-10-06T04:31:27.967+0000] {logging_mixin.py:190} INFO - [2024-10-06T04:31:27.967+0000] {dag.py:3239} INFO - Sync 1 DAGs
[2024-10-06T04:31:27.991+0000] {logging_mixin.py:190} INFO - [2024-10-06T04:31:27.991+0000] {dag.py:4180} INFO - Setting next_dagrun for example_dag_decorator to None, run_after=None
[2024-10-06T04:31:28.019+0000] {processor.py:208} INFO - Processing /home/airflow/.local/lib/python3.12/site-packages/airflow/example_dags/example_dag_decorator.py took 0.534 seconds
[2024-10-06T04:31:58.788+0000] {processor.py:186} INFO - Started process (PID=1595) to work on /home/airflow/.local/lib/python3.12/site-packages/airflow/example_dags/example_dag_decorator.py
[2024-10-06T04:31:58.789+0000] {processor.py:914} INFO - Processing file /home/airflow/.local/lib/python3.12/site-packages/airflow/example_dags/example_dag_decorator.py for tasks to queue
[2024-10-06T04:31:58.793+0000] {logging_mixin.py:190} INFO - [2024-10-06T04:31:58.793+0000] {dagbag.py:588} INFO - Filling up the DagBag from /home/airflow/.local/lib/python3.12/site-packages/airflow/example_dags/example_dag_decorator.py
[2024-10-06T04:31:58.810+0000] {processor.py:925} INFO - DAG(s) 'example_dag_decorator' retrieved from /home/airflow/.local/lib/python3.12/site-packages/airflow/example_dags/example_dag_decorator.py
[2024-10-06T04:31:58.973+0000] {logging_mixin.py:190} INFO - [2024-10-06T04:31:58.972+0000] {dag.py:3239} INFO - Sync 1 DAGs
[2024-10-06T04:31:58.992+0000] {logging_mixin.py:190} INFO - [2024-10-06T04:31:58.992+0000] {dag.py:4180} INFO - Setting next_dagrun for example_dag_decorator to None, run_after=None
[2024-10-06T04:31:59.029+0000] {processor.py:208} INFO - Processing /home/airflow/.local/lib/python3.12/site-packages/airflow/example_dags/example_dag_decorator.py took 0.252 seconds
[2024-10-06T04:32:29.156+0000] {processor.py:186} INFO - Started process (PID=1658) to work on /home/airflow/.local/lib/python3.12/site-packages/airflow/example_dags/example_dag_decorator.py
[2024-10-06T04:32:29.158+0000] {processor.py:914} INFO - Processing file /home/airflow/.local/lib/python3.12/site-packages/airflow/example_dags/example_dag_decorator.py for tasks to queue
[2024-10-06T04:32:29.162+0000] {logging_mixin.py:190} INFO - [2024-10-06T04:32:29.162+0000] {dagbag.py:588} INFO - Filling up the DagBag from /home/airflow/.local/lib/python3.12/site-packages/airflow/example_dags/example_dag_decorator.py
[2024-10-06T04:32:29.184+0000] {processor.py:925} INFO - DAG(s) 'example_dag_decorator' retrieved from /home/airflow/.local/lib/python3.12/site-packages/airflow/example_dags/example_dag_decorator.py
[2024-10-06T04:32:29.347+0000] {logging_mixin.py:190} INFO - [2024-10-06T04:32:29.347+0000] {dag.py:3239} INFO - Sync 1 DAGs
[2024-10-06T04:32:29.361+0000] {logging_mixin.py:190} INFO - [2024-10-06T04:32:29.361+0000] {dag.py:4180} INFO - Setting next_dagrun for example_dag_decorator to None, run_after=None
[2024-10-06T04:32:29.381+0000] {processor.py:208} INFO - Processing /home/airflow/.local/lib/python3.12/site-packages/airflow/example_dags/example_dag_decorator.py took 0.236 seconds
[2024-10-06T04:35:06.771+0000] {processor.py:186} INFO - Started process (PID=27) to work on /home/airflow/.local/lib/python3.12/site-packages/airflow/example_dags/example_dag_decorator.py
[2024-10-06T04:35:06.773+0000] {processor.py:914} INFO - Processing file /home/airflow/.local/lib/python3.12/site-packages/airflow/example_dags/example_dag_decorator.py for tasks to queue
[2024-10-06T04:35:06.778+0000] {logging_mixin.py:190} INFO - [2024-10-06T04:35:06.778+0000] {dagbag.py:588} INFO - Filling up the DagBag from /home/airflow/.local/lib/python3.12/site-packages/airflow/example_dags/example_dag_decorator.py
[2024-10-06T04:35:06.817+0000] {processor.py:925} INFO - DAG(s) 'example_dag_decorator' retrieved from /home/airflow/.local/lib/python3.12/site-packages/airflow/example_dags/example_dag_decorator.py
[2024-10-06T04:35:07.264+0000] {logging_mixin.py:190} INFO - [2024-10-06T04:35:07.264+0000] {dag.py:3239} INFO - Sync 1 DAGs
[2024-10-06T04:35:07.306+0000] {logging_mixin.py:190} INFO - [2024-10-06T04:35:07.306+0000] {dag.py:4180} INFO - Setting next_dagrun for example_dag_decorator to None, run_after=None
[2024-10-06T04:35:07.379+0000] {processor.py:208} INFO - Processing /home/airflow/.local/lib/python3.12/site-packages/airflow/example_dags/example_dag_decorator.py took 0.617 seconds
[2024-10-06T04:35:37.439+0000] {processor.py:186} INFO - Started process (PID=89) to work on /home/airflow/.local/lib/python3.12/site-packages/airflow/example_dags/example_dag_decorator.py
[2024-10-06T04:35:37.441+0000] {processor.py:914} INFO - Processing file /home/airflow/.local/lib/python3.12/site-packages/airflow/example_dags/example_dag_decorator.py for tasks to queue
[2024-10-06T04:35:37.445+0000] {logging_mixin.py:190} INFO - [2024-10-06T04:35:37.444+0000] {dagbag.py:588} INFO - Filling up the DagBag from /home/airflow/.local/lib/python3.12/site-packages/airflow/example_dags/example_dag_decorator.py
[2024-10-06T04:35:37.463+0000] {processor.py:925} INFO - DAG(s) 'example_dag_decorator' retrieved from /home/airflow/.local/lib/python3.12/site-packages/airflow/example_dags/example_dag_decorator.py
[2024-10-06T04:35:37.632+0000] {logging_mixin.py:190} INFO - [2024-10-06T04:35:37.632+0000] {dag.py:3239} INFO - Sync 1 DAGs
[2024-10-06T04:35:37.651+0000] {logging_mixin.py:190} INFO - [2024-10-06T04:35:37.651+0000] {dag.py:4180} INFO - Setting next_dagrun for example_dag_decorator to None, run_after=None
[2024-10-06T04:35:37.683+0000] {processor.py:208} INFO - Processing /home/airflow/.local/lib/python3.12/site-packages/airflow/example_dags/example_dag_decorator.py took 0.253 seconds
[2024-10-06T04:36:08.092+0000] {processor.py:186} INFO - Started process (PID=151) to work on /home/airflow/.local/lib/python3.12/site-packages/airflow/example_dags/example_dag_decorator.py
[2024-10-06T04:36:08.093+0000] {processor.py:914} INFO - Processing file /home/airflow/.local/lib/python3.12/site-packages/airflow/example_dags/example_dag_decorator.py for tasks to queue
[2024-10-06T04:36:08.097+0000] {logging_mixin.py:190} INFO - [2024-10-06T04:36:08.097+0000] {dagbag.py:588} INFO - Filling up the DagBag from /home/airflow/.local/lib/python3.12/site-packages/airflow/example_dags/example_dag_decorator.py
[2024-10-06T04:36:08.131+0000] {processor.py:925} INFO - DAG(s) 'example_dag_decorator' retrieved from /home/airflow/.local/lib/python3.12/site-packages/airflow/example_dags/example_dag_decorator.py
[2024-10-06T04:36:08.290+0000] {logging_mixin.py:190} INFO - [2024-10-06T04:36:08.290+0000] {dag.py:3239} INFO - Sync 1 DAGs
[2024-10-06T04:36:08.309+0000] {logging_mixin.py:190} INFO - [2024-10-06T04:36:08.309+0000] {dag.py:4180} INFO - Setting next_dagrun for example_dag_decorator to None, run_after=None
[2024-10-06T04:36:08.369+0000] {processor.py:208} INFO - Processing /home/airflow/.local/lib/python3.12/site-packages/airflow/example_dags/example_dag_decorator.py took 0.285 seconds
[2024-10-06T04:36:39.166+0000] {processor.py:186} INFO - Started process (PID=218) to work on /home/airflow/.local/lib/python3.12/site-packages/airflow/example_dags/example_dag_decorator.py
[2024-10-06T04:36:39.168+0000] {processor.py:914} INFO - Processing file /home/airflow/.local/lib/python3.12/site-packages/airflow/example_dags/example_dag_decorator.py for tasks to queue
[2024-10-06T04:36:39.172+0000] {logging_mixin.py:190} INFO - [2024-10-06T04:36:39.171+0000] {dagbag.py:588} INFO - Filling up the DagBag from /home/airflow/.local/lib/python3.12/site-packages/airflow/example_dags/example_dag_decorator.py
[2024-10-06T04:36:39.190+0000] {processor.py:925} INFO - DAG(s) 'example_dag_decorator' retrieved from /home/airflow/.local/lib/python3.12/site-packages/airflow/example_dags/example_dag_decorator.py
[2024-10-06T04:36:39.466+0000] {logging_mixin.py:190} INFO - [2024-10-06T04:36:39.466+0000] {dag.py:3239} INFO - Sync 1 DAGs
[2024-10-06T04:36:39.487+0000] {logging_mixin.py:190} INFO - [2024-10-06T04:36:39.486+0000] {dag.py:4180} INFO - Setting next_dagrun for example_dag_decorator to None, run_after=None
[2024-10-06T04:36:39.511+0000] {processor.py:208} INFO - Processing /home/airflow/.local/lib/python3.12/site-packages/airflow/example_dags/example_dag_decorator.py took 0.352 seconds
[2024-10-06T04:37:09.686+0000] {processor.py:186} INFO - Started process (PID=282) to work on /home/airflow/.local/lib/python3.12/site-packages/airflow/example_dags/example_dag_decorator.py
[2024-10-06T04:37:09.688+0000] {processor.py:914} INFO - Processing file /home/airflow/.local/lib/python3.12/site-packages/airflow/example_dags/example_dag_decorator.py for tasks to queue
[2024-10-06T04:37:09.691+0000] {logging_mixin.py:190} INFO - [2024-10-06T04:37:09.691+0000] {dagbag.py:588} INFO - Filling up the DagBag from /home/airflow/.local/lib/python3.12/site-packages/airflow/example_dags/example_dag_decorator.py
[2024-10-06T04:37:09.709+0000] {processor.py:925} INFO - DAG(s) 'example_dag_decorator' retrieved from /home/airflow/.local/lib/python3.12/site-packages/airflow/example_dags/example_dag_decorator.py
[2024-10-06T04:37:09.843+0000] {logging_mixin.py:190} INFO - [2024-10-06T04:37:09.842+0000] {dag.py:3239} INFO - Sync 1 DAGs
[2024-10-06T04:37:09.860+0000] {logging_mixin.py:190} INFO - [2024-10-06T04:37:09.860+0000] {dag.py:4180} INFO - Setting next_dagrun for example_dag_decorator to None, run_after=None
[2024-10-06T04:37:09.883+0000] {processor.py:208} INFO - Processing /home/airflow/.local/lib/python3.12/site-packages/airflow/example_dags/example_dag_decorator.py took 0.206 seconds
[2024-10-06T04:39:03.054+0000] {processor.py:186} INFO - Started process (PID=28) to work on /home/airflow/.local/lib/python3.12/site-packages/airflow/example_dags/example_dag_decorator.py
[2024-10-06T04:39:03.070+0000] {processor.py:914} INFO - Processing file /home/airflow/.local/lib/python3.12/site-packages/airflow/example_dags/example_dag_decorator.py for tasks to queue
[2024-10-06T04:39:03.079+0000] {logging_mixin.py:190} INFO - [2024-10-06T04:39:03.079+0000] {dagbag.py:588} INFO - Filling up the DagBag from /home/airflow/.local/lib/python3.12/site-packages/airflow/example_dags/example_dag_decorator.py
[2024-10-06T04:39:03.160+0000] {processor.py:925} INFO - DAG(s) 'example_dag_decorator' retrieved from /home/airflow/.local/lib/python3.12/site-packages/airflow/example_dags/example_dag_decorator.py
[2024-10-06T04:39:03.672+0000] {logging_mixin.py:190} INFO - [2024-10-06T04:39:03.671+0000] {override.py:1900} INFO - Created Permission View: can read on DAG:example_dag_decorator
[2024-10-06T04:39:03.697+0000] {logging_mixin.py:190} INFO - [2024-10-06T04:39:03.696+0000] {override.py:1900} INFO - Created Permission View: can edit on DAG:example_dag_decorator
[2024-10-06T04:39:03.712+0000] {logging_mixin.py:190} INFO - [2024-10-06T04:39:03.711+0000] {override.py:1900} INFO - Created Permission View: can delete on DAG:example_dag_decorator
[2024-10-06T04:39:03.724+0000] {logging_mixin.py:190} INFO - [2024-10-06T04:39:03.723+0000] {override.py:1900} INFO - Created Permission View: menu access on DAG Run:example_dag_decorator
[2024-10-06T04:39:03.734+0000] {logging_mixin.py:190} INFO - [2024-10-06T04:39:03.733+0000] {override.py:1900} INFO - Created Permission View: can read on DAG Run:example_dag_decorator
[2024-10-06T04:39:03.744+0000] {logging_mixin.py:190} INFO - [2024-10-06T04:39:03.743+0000] {override.py:1900} INFO - Created Permission View: can create on DAG Run:example_dag_decorator
[2024-10-06T04:39:03.754+0000] {logging_mixin.py:190} INFO - [2024-10-06T04:39:03.753+0000] {override.py:1900} INFO - Created Permission View: can delete on DAG Run:example_dag_decorator
[2024-10-06T04:39:03.754+0000] {logging_mixin.py:190} INFO - [2024-10-06T04:39:03.754+0000] {dag.py:3239} INFO - Sync 1 DAGs
[2024-10-06T04:39:03.776+0000] {logging_mixin.py:190} INFO - [2024-10-06T04:39:03.776+0000] {dag.py:3262} INFO - Creating ORM DAG for example_dag_decorator
[2024-10-06T04:39:03.789+0000] {logging_mixin.py:190} INFO - [2024-10-06T04:39:03.788+0000] {dag.py:4180} INFO - Setting next_dagrun for example_dag_decorator to None, run_after=None
[2024-10-06T04:39:03.839+0000] {processor.py:208} INFO - Processing /home/airflow/.local/lib/python3.12/site-packages/airflow/example_dags/example_dag_decorator.py took 0.806 seconds
[2024-10-06T04:39:33.984+0000] {processor.py:186} INFO - Started process (PID=90) to work on /home/airflow/.local/lib/python3.12/site-packages/airflow/example_dags/example_dag_decorator.py
[2024-10-06T04:39:33.985+0000] {processor.py:914} INFO - Processing file /home/airflow/.local/lib/python3.12/site-packages/airflow/example_dags/example_dag_decorator.py for tasks to queue
[2024-10-06T04:39:33.989+0000] {logging_mixin.py:190} INFO - [2024-10-06T04:39:33.989+0000] {dagbag.py:588} INFO - Filling up the DagBag from /home/airflow/.local/lib/python3.12/site-packages/airflow/example_dags/example_dag_decorator.py
[2024-10-06T04:39:34.006+0000] {processor.py:925} INFO - DAG(s) 'example_dag_decorator' retrieved from /home/airflow/.local/lib/python3.12/site-packages/airflow/example_dags/example_dag_decorator.py
[2024-10-06T04:39:34.207+0000] {logging_mixin.py:190} INFO - [2024-10-06T04:39:34.207+0000] {dag.py:3239} INFO - Sync 1 DAGs
[2024-10-06T04:39:34.231+0000] {logging_mixin.py:190} INFO - [2024-10-06T04:39:34.230+0000] {dag.py:4180} INFO - Setting next_dagrun for example_dag_decorator to None, run_after=None
[2024-10-06T04:39:34.260+0000] {processor.py:208} INFO - Processing /home/airflow/.local/lib/python3.12/site-packages/airflow/example_dags/example_dag_decorator.py took 0.284 seconds
[2024-10-06T04:40:04.946+0000] {processor.py:186} INFO - Started process (PID=152) to work on /home/airflow/.local/lib/python3.12/site-packages/airflow/example_dags/example_dag_decorator.py
[2024-10-06T04:40:04.950+0000] {processor.py:914} INFO - Processing file /home/airflow/.local/lib/python3.12/site-packages/airflow/example_dags/example_dag_decorator.py for tasks to queue
[2024-10-06T04:40:04.957+0000] {logging_mixin.py:190} INFO - [2024-10-06T04:40:04.957+0000] {dagbag.py:588} INFO - Filling up the DagBag from /home/airflow/.local/lib/python3.12/site-packages/airflow/example_dags/example_dag_decorator.py
[2024-10-06T04:40:04.980+0000] {processor.py:925} INFO - DAG(s) 'example_dag_decorator' retrieved from /home/airflow/.local/lib/python3.12/site-packages/airflow/example_dags/example_dag_decorator.py
[2024-10-06T04:40:05.183+0000] {logging_mixin.py:190} INFO - [2024-10-06T04:40:05.182+0000] {dag.py:3239} INFO - Sync 1 DAGs
[2024-10-06T04:40:05.204+0000] {logging_mixin.py:190} INFO - [2024-10-06T04:40:05.203+0000] {dag.py:4180} INFO - Setting next_dagrun for example_dag_decorator to None, run_after=None
[2024-10-06T04:40:05.237+0000] {processor.py:208} INFO - Processing /home/airflow/.local/lib/python3.12/site-packages/airflow/example_dags/example_dag_decorator.py took 0.312 seconds
[2024-10-06T04:40:35.596+0000] {processor.py:186} INFO - Started process (PID=215) to work on /home/airflow/.local/lib/python3.12/site-packages/airflow/example_dags/example_dag_decorator.py
[2024-10-06T04:40:35.597+0000] {processor.py:914} INFO - Processing file /home/airflow/.local/lib/python3.12/site-packages/airflow/example_dags/example_dag_decorator.py for tasks to queue
[2024-10-06T04:40:35.601+0000] {logging_mixin.py:190} INFO - [2024-10-06T04:40:35.600+0000] {dagbag.py:588} INFO - Filling up the DagBag from /home/airflow/.local/lib/python3.12/site-packages/airflow/example_dags/example_dag_decorator.py
[2024-10-06T04:40:35.619+0000] {processor.py:925} INFO - DAG(s) 'example_dag_decorator' retrieved from /home/airflow/.local/lib/python3.12/site-packages/airflow/example_dags/example_dag_decorator.py
[2024-10-06T04:40:35.832+0000] {logging_mixin.py:190} INFO - [2024-10-06T04:40:35.831+0000] {dag.py:3239} INFO - Sync 1 DAGs
[2024-10-06T04:40:35.857+0000] {logging_mixin.py:190} INFO - [2024-10-06T04:40:35.856+0000] {dag.py:4180} INFO - Setting next_dagrun for example_dag_decorator to None, run_after=None
[2024-10-06T04:40:35.892+0000] {processor.py:208} INFO - Processing /home/airflow/.local/lib/python3.12/site-packages/airflow/example_dags/example_dag_decorator.py took 0.305 seconds
[2024-10-06T04:41:06.025+0000] {processor.py:186} INFO - Started process (PID=283) to work on /home/airflow/.local/lib/python3.12/site-packages/airflow/example_dags/example_dag_decorator.py
[2024-10-06T04:41:06.031+0000] {processor.py:914} INFO - Processing file /home/airflow/.local/lib/python3.12/site-packages/airflow/example_dags/example_dag_decorator.py for tasks to queue
[2024-10-06T04:41:06.040+0000] {logging_mixin.py:190} INFO - [2024-10-06T04:41:06.038+0000] {dagbag.py:588} INFO - Filling up the DagBag from /home/airflow/.local/lib/python3.12/site-packages/airflow/example_dags/example_dag_decorator.py
[2024-10-06T04:41:06.086+0000] {processor.py:925} INFO - DAG(s) 'example_dag_decorator' retrieved from /home/airflow/.local/lib/python3.12/site-packages/airflow/example_dags/example_dag_decorator.py
[2024-10-06T04:41:06.288+0000] {logging_mixin.py:190} INFO - [2024-10-06T04:41:06.288+0000] {dag.py:3239} INFO - Sync 1 DAGs
[2024-10-06T04:41:06.314+0000] {logging_mixin.py:190} INFO - [2024-10-06T04:41:06.313+0000] {dag.py:4180} INFO - Setting next_dagrun for example_dag_decorator to None, run_after=None
[2024-10-06T04:41:06.350+0000] {processor.py:208} INFO - Processing /home/airflow/.local/lib/python3.12/site-packages/airflow/example_dags/example_dag_decorator.py took 0.340 seconds
[2024-10-06T04:41:36.458+0000] {processor.py:186} INFO - Started process (PID=344) to work on /home/airflow/.local/lib/python3.12/site-packages/airflow/example_dags/example_dag_decorator.py
[2024-10-06T04:41:36.459+0000] {processor.py:914} INFO - Processing file /home/airflow/.local/lib/python3.12/site-packages/airflow/example_dags/example_dag_decorator.py for tasks to queue
[2024-10-06T04:41:36.463+0000] {logging_mixin.py:190} INFO - [2024-10-06T04:41:36.462+0000] {dagbag.py:588} INFO - Filling up the DagBag from /home/airflow/.local/lib/python3.12/site-packages/airflow/example_dags/example_dag_decorator.py
[2024-10-06T04:41:36.480+0000] {processor.py:925} INFO - DAG(s) 'example_dag_decorator' retrieved from /home/airflow/.local/lib/python3.12/site-packages/airflow/example_dags/example_dag_decorator.py
[2024-10-06T04:41:36.644+0000] {logging_mixin.py:190} INFO - [2024-10-06T04:41:36.643+0000] {dag.py:3239} INFO - Sync 1 DAGs
[2024-10-06T04:41:36.661+0000] {logging_mixin.py:190} INFO - [2024-10-06T04:41:36.660+0000] {dag.py:4180} INFO - Setting next_dagrun for example_dag_decorator to None, run_after=None
[2024-10-06T04:41:36.685+0000] {processor.py:208} INFO - Processing /home/airflow/.local/lib/python3.12/site-packages/airflow/example_dags/example_dag_decorator.py took 0.235 seconds
[2024-10-06T04:42:07.372+0000] {processor.py:186} INFO - Started process (PID=406) to work on /home/airflow/.local/lib/python3.12/site-packages/airflow/example_dags/example_dag_decorator.py
[2024-10-06T04:42:07.374+0000] {processor.py:914} INFO - Processing file /home/airflow/.local/lib/python3.12/site-packages/airflow/example_dags/example_dag_decorator.py for tasks to queue
[2024-10-06T04:42:07.377+0000] {logging_mixin.py:190} INFO - [2024-10-06T04:42:07.377+0000] {dagbag.py:588} INFO - Filling up the DagBag from /home/airflow/.local/lib/python3.12/site-packages/airflow/example_dags/example_dag_decorator.py
[2024-10-06T04:42:07.393+0000] {processor.py:925} INFO - DAG(s) 'example_dag_decorator' retrieved from /home/airflow/.local/lib/python3.12/site-packages/airflow/example_dags/example_dag_decorator.py
[2024-10-06T04:42:07.573+0000] {logging_mixin.py:190} INFO - [2024-10-06T04:42:07.573+0000] {dag.py:3239} INFO - Sync 1 DAGs
[2024-10-06T04:42:07.590+0000] {logging_mixin.py:190} INFO - [2024-10-06T04:42:07.589+0000] {dag.py:4180} INFO - Setting next_dagrun for example_dag_decorator to None, run_after=None
[2024-10-06T04:42:07.621+0000] {processor.py:208} INFO - Processing /home/airflow/.local/lib/python3.12/site-packages/airflow/example_dags/example_dag_decorator.py took 0.256 seconds
[2024-10-06T04:42:37.821+0000] {processor.py:186} INFO - Started process (PID=468) to work on /home/airflow/.local/lib/python3.12/site-packages/airflow/example_dags/example_dag_decorator.py
[2024-10-06T04:42:37.824+0000] {processor.py:914} INFO - Processing file /home/airflow/.local/lib/python3.12/site-packages/airflow/example_dags/example_dag_decorator.py for tasks to queue
[2024-10-06T04:42:37.828+0000] {logging_mixin.py:190} INFO - [2024-10-06T04:42:37.828+0000] {dagbag.py:588} INFO - Filling up the DagBag from /home/airflow/.local/lib/python3.12/site-packages/airflow/example_dags/example_dag_decorator.py
[2024-10-06T04:42:37.854+0000] {processor.py:925} INFO - DAG(s) 'example_dag_decorator' retrieved from /home/airflow/.local/lib/python3.12/site-packages/airflow/example_dags/example_dag_decorator.py
[2024-10-06T04:42:38.043+0000] {logging_mixin.py:190} INFO - [2024-10-06T04:42:38.042+0000] {dag.py:3239} INFO - Sync 1 DAGs
[2024-10-06T04:42:38.057+0000] {logging_mixin.py:190} INFO - [2024-10-06T04:42:38.056+0000] {dag.py:4180} INFO - Setting next_dagrun for example_dag_decorator to None, run_after=None
[2024-10-06T04:42:38.080+0000] {processor.py:208} INFO - Processing /home/airflow/.local/lib/python3.12/site-packages/airflow/example_dags/example_dag_decorator.py took 0.269 seconds
[2024-10-06T04:45:39.537+0000] {processor.py:186} INFO - Started process (PID=28) to work on /home/airflow/.local/lib/python3.12/site-packages/airflow/example_dags/example_dag_decorator.py
[2024-10-06T04:45:39.549+0000] {processor.py:914} INFO - Processing file /home/airflow/.local/lib/python3.12/site-packages/airflow/example_dags/example_dag_decorator.py for tasks to queue
[2024-10-06T04:45:39.554+0000] {logging_mixin.py:190} INFO - [2024-10-06T04:45:39.553+0000] {dagbag.py:588} INFO - Filling up the DagBag from /home/airflow/.local/lib/python3.12/site-packages/airflow/example_dags/example_dag_decorator.py
[2024-10-06T04:45:39.595+0000] {processor.py:925} INFO - DAG(s) 'example_dag_decorator' retrieved from /home/airflow/.local/lib/python3.12/site-packages/airflow/example_dags/example_dag_decorator.py
[2024-10-06T04:45:39.983+0000] {logging_mixin.py:190} INFO - [2024-10-06T04:45:39.983+0000] {dag.py:3239} INFO - Sync 1 DAGs
[2024-10-06T04:45:40.001+0000] {logging_mixin.py:190} INFO - [2024-10-06T04:45:40.001+0000] {dag.py:4180} INFO - Setting next_dagrun for example_dag_decorator to None, run_after=None
[2024-10-06T04:45:40.045+0000] {processor.py:208} INFO - Processing /home/airflow/.local/lib/python3.12/site-packages/airflow/example_dags/example_dag_decorator.py took 0.520 seconds
[2024-10-06T04:46:10.178+0000] {processor.py:186} INFO - Started process (PID=91) to work on /home/airflow/.local/lib/python3.12/site-packages/airflow/example_dags/example_dag_decorator.py
[2024-10-06T04:46:10.179+0000] {processor.py:914} INFO - Processing file /home/airflow/.local/lib/python3.12/site-packages/airflow/example_dags/example_dag_decorator.py for tasks to queue
[2024-10-06T04:46:10.182+0000] {logging_mixin.py:190} INFO - [2024-10-06T04:46:10.182+0000] {dagbag.py:588} INFO - Filling up the DagBag from /home/airflow/.local/lib/python3.12/site-packages/airflow/example_dags/example_dag_decorator.py
[2024-10-06T04:46:10.199+0000] {processor.py:925} INFO - DAG(s) 'example_dag_decorator' retrieved from /home/airflow/.local/lib/python3.12/site-packages/airflow/example_dags/example_dag_decorator.py
[2024-10-06T04:46:10.350+0000] {logging_mixin.py:190} INFO - [2024-10-06T04:46:10.349+0000] {dag.py:3239} INFO - Sync 1 DAGs
[2024-10-06T04:46:10.364+0000] {logging_mixin.py:190} INFO - [2024-10-06T04:46:10.364+0000] {dag.py:4180} INFO - Setting next_dagrun for example_dag_decorator to None, run_after=None
[2024-10-06T04:46:10.393+0000] {processor.py:208} INFO - Processing /home/airflow/.local/lib/python3.12/site-packages/airflow/example_dags/example_dag_decorator.py took 0.223 seconds
