[2024-10-06T04:18:51.812+0000] {processor.py:186} INFO - Started process (PID=37) to work on /home/airflow/.local/lib/python3.12/site-packages/airflow/example_dags/example_branch_python_dop_operator_3.py
[2024-10-06T04:18:51.831+0000] {processor.py:914} INFO - Processing file /home/airflow/.local/lib/python3.12/site-packages/airflow/example_dags/example_branch_python_dop_operator_3.py for tasks to queue
[2024-10-06T04:18:51.836+0000] {logging_mixin.py:190} INFO - [2024-10-06T04:18:51.835+0000] {dagbag.py:588} INFO - Filling up the DagBag from /home/airflow/.local/lib/python3.12/site-packages/airflow/example_dags/example_branch_python_dop_operator_3.py
[2024-10-06T04:18:51.895+0000] {processor.py:925} INFO - DAG(s) 'example_branch_dop_operator_v3' retrieved from /home/airflow/.local/lib/python3.12/site-packages/airflow/example_dags/example_branch_python_dop_operator_3.py
[2024-10-06T04:18:52.291+0000] {logging_mixin.py:190} INFO - [2024-10-06T04:18:52.291+0000] {override.py:1900} INFO - Created Permission View: can edit on DAG:example_branch_dop_operator_v3
[2024-10-06T04:18:52.305+0000] {logging_mixin.py:190} INFO - [2024-10-06T04:18:52.304+0000] {override.py:1900} INFO - Created Permission View: can delete on DAG:example_branch_dop_operator_v3
[2024-10-06T04:18:52.325+0000] {logging_mixin.py:190} INFO - [2024-10-06T04:18:52.324+0000] {override.py:1900} INFO - Created Permission View: can read on DAG:example_branch_dop_operator_v3
[2024-10-06T04:18:52.343+0000] {logging_mixin.py:190} INFO - [2024-10-06T04:18:52.342+0000] {override.py:1900} INFO - Created Permission View: can create on DAG Run:example_branch_dop_operator_v3
[2024-10-06T04:18:52.355+0000] {logging_mixin.py:190} INFO - [2024-10-06T04:18:52.355+0000] {override.py:1900} INFO - Created Permission View: menu access on DAG Run:example_branch_dop_operator_v3
[2024-10-06T04:18:52.377+0000] {logging_mixin.py:190} INFO - [2024-10-06T04:18:52.376+0000] {override.py:1900} INFO - Created Permission View: can read on DAG Run:example_branch_dop_operator_v3
[2024-10-06T04:18:52.398+0000] {logging_mixin.py:190} INFO - [2024-10-06T04:18:52.397+0000] {override.py:1900} INFO - Created Permission View: can delete on DAG Run:example_branch_dop_operator_v3
[2024-10-06T04:18:52.398+0000] {logging_mixin.py:190} INFO - [2024-10-06T04:18:52.398+0000] {dag.py:3239} INFO - Sync 1 DAGs
[2024-10-06T04:18:52.438+0000] {logging_mixin.py:190} INFO - [2024-10-06T04:18:52.438+0000] {dag.py:3262} INFO - Creating ORM DAG for example_branch_dop_operator_v3
[2024-10-06T04:18:52.474+0000] {logging_mixin.py:190} INFO - [2024-10-06T04:18:52.474+0000] {dag.py:4180} INFO - Setting next_dagrun for example_branch_dop_operator_v3 to 2024-10-06 04:17:00+00:00, run_after=2024-10-06 04:18:00+00:00
[2024-10-06T04:18:52.512+0000] {processor.py:208} INFO - Processing /home/airflow/.local/lib/python3.12/site-packages/airflow/example_dags/example_branch_python_dop_operator_3.py took 0.726 seconds
[2024-10-06T04:19:45.536+0000] {processor.py:186} INFO - Started process (PID=105) to work on /home/airflow/.local/lib/python3.12/site-packages/airflow/example_dags/example_branch_python_dop_operator_3.py
[2024-10-06T04:19:45.539+0000] {processor.py:914} INFO - Processing file /home/airflow/.local/lib/python3.12/site-packages/airflow/example_dags/example_branch_python_dop_operator_3.py for tasks to queue
[2024-10-06T04:19:45.546+0000] {logging_mixin.py:190} INFO - [2024-10-06T04:19:45.544+0000] {dagbag.py:588} INFO - Filling up the DagBag from /home/airflow/.local/lib/python3.12/site-packages/airflow/example_dags/example_branch_python_dop_operator_3.py
[2024-10-06T04:19:45.587+0000] {processor.py:925} INFO - DAG(s) 'example_branch_dop_operator_v3' retrieved from /home/airflow/.local/lib/python3.12/site-packages/airflow/example_dags/example_branch_python_dop_operator_3.py
[2024-10-06T04:19:45.623+0000] {logging_mixin.py:190} INFO - [2024-10-06T04:19:45.623+0000] {dag.py:3239} INFO - Sync 1 DAGs
[2024-10-06T04:19:45.700+0000] {logging_mixin.py:190} INFO - [2024-10-06T04:19:45.699+0000] {dag.py:4180} INFO - Setting next_dagrun for example_branch_dop_operator_v3 to 2024-10-06 04:18:00+00:00, run_after=2024-10-06 04:19:00+00:00
[2024-10-06T04:19:45.738+0000] {processor.py:208} INFO - Processing /home/airflow/.local/lib/python3.12/site-packages/airflow/example_dags/example_branch_python_dop_operator_3.py took 0.223 seconds
[2024-10-06T04:20:16.439+0000] {processor.py:186} INFO - Started process (PID=167) to work on /home/airflow/.local/lib/python3.12/site-packages/airflow/example_dags/example_branch_python_dop_operator_3.py
[2024-10-06T04:20:16.441+0000] {processor.py:914} INFO - Processing file /home/airflow/.local/lib/python3.12/site-packages/airflow/example_dags/example_branch_python_dop_operator_3.py for tasks to queue
[2024-10-06T04:20:16.446+0000] {logging_mixin.py:190} INFO - [2024-10-06T04:20:16.445+0000] {dagbag.py:588} INFO - Filling up the DagBag from /home/airflow/.local/lib/python3.12/site-packages/airflow/example_dags/example_branch_python_dop_operator_3.py
[2024-10-06T04:20:16.465+0000] {processor.py:925} INFO - DAG(s) 'example_branch_dop_operator_v3' retrieved from /home/airflow/.local/lib/python3.12/site-packages/airflow/example_dags/example_branch_python_dop_operator_3.py
[2024-10-06T04:20:16.495+0000] {logging_mixin.py:190} INFO - [2024-10-06T04:20:16.495+0000] {dag.py:3239} INFO - Sync 1 DAGs
[2024-10-06T04:20:16.537+0000] {logging_mixin.py:190} INFO - [2024-10-06T04:20:16.536+0000] {dag.py:4180} INFO - Setting next_dagrun for example_branch_dop_operator_v3 to 2024-10-06 04:19:00+00:00, run_after=2024-10-06 04:20:00+00:00
[2024-10-06T04:20:16.564+0000] {processor.py:208} INFO - Processing /home/airflow/.local/lib/python3.12/site-packages/airflow/example_dags/example_branch_python_dop_operator_3.py took 0.135 seconds
[2024-10-06T04:20:47.133+0000] {processor.py:186} INFO - Started process (PID=230) to work on /home/airflow/.local/lib/python3.12/site-packages/airflow/example_dags/example_branch_python_dop_operator_3.py
[2024-10-06T04:20:47.134+0000] {processor.py:914} INFO - Processing file /home/airflow/.local/lib/python3.12/site-packages/airflow/example_dags/example_branch_python_dop_operator_3.py for tasks to queue
[2024-10-06T04:20:47.138+0000] {logging_mixin.py:190} INFO - [2024-10-06T04:20:47.138+0000] {dagbag.py:588} INFO - Filling up the DagBag from /home/airflow/.local/lib/python3.12/site-packages/airflow/example_dags/example_branch_python_dop_operator_3.py
[2024-10-06T04:20:47.153+0000] {processor.py:925} INFO - DAG(s) 'example_branch_dop_operator_v3' retrieved from /home/airflow/.local/lib/python3.12/site-packages/airflow/example_dags/example_branch_python_dop_operator_3.py
[2024-10-06T04:20:47.187+0000] {logging_mixin.py:190} INFO - [2024-10-06T04:20:47.186+0000] {dag.py:3239} INFO - Sync 1 DAGs
[2024-10-06T04:20:47.223+0000] {logging_mixin.py:190} INFO - [2024-10-06T04:20:47.222+0000] {dag.py:4180} INFO - Setting next_dagrun for example_branch_dop_operator_v3 to 2024-10-06 04:19:00+00:00, run_after=2024-10-06 04:20:00+00:00
[2024-10-06T04:20:47.245+0000] {processor.py:208} INFO - Processing /home/airflow/.local/lib/python3.12/site-packages/airflow/example_dags/example_branch_python_dop_operator_3.py took 0.122 seconds
[2024-10-06T04:21:17.673+0000] {processor.py:186} INFO - Started process (PID=292) to work on /home/airflow/.local/lib/python3.12/site-packages/airflow/example_dags/example_branch_python_dop_operator_3.py
[2024-10-06T04:21:17.675+0000] {processor.py:914} INFO - Processing file /home/airflow/.local/lib/python3.12/site-packages/airflow/example_dags/example_branch_python_dop_operator_3.py for tasks to queue
[2024-10-06T04:21:17.680+0000] {logging_mixin.py:190} INFO - [2024-10-06T04:21:17.679+0000] {dagbag.py:588} INFO - Filling up the DagBag from /home/airflow/.local/lib/python3.12/site-packages/airflow/example_dags/example_branch_python_dop_operator_3.py
[2024-10-06T04:21:17.697+0000] {processor.py:925} INFO - DAG(s) 'example_branch_dop_operator_v3' retrieved from /home/airflow/.local/lib/python3.12/site-packages/airflow/example_dags/example_branch_python_dop_operator_3.py
[2024-10-06T04:21:17.735+0000] {logging_mixin.py:190} INFO - [2024-10-06T04:21:17.735+0000] {dag.py:3239} INFO - Sync 1 DAGs
[2024-10-06T04:21:17.786+0000] {logging_mixin.py:190} INFO - [2024-10-06T04:21:17.785+0000] {dag.py:4180} INFO - Setting next_dagrun for example_branch_dop_operator_v3 to 2024-10-06 04:20:00+00:00, run_after=2024-10-06 04:21:00+00:00
[2024-10-06T04:21:17.821+0000] {processor.py:208} INFO - Processing /home/airflow/.local/lib/python3.12/site-packages/airflow/example_dags/example_branch_python_dop_operator_3.py took 0.158 seconds
[2024-10-06T04:21:48.225+0000] {processor.py:186} INFO - Started process (PID=353) to work on /home/airflow/.local/lib/python3.12/site-packages/airflow/example_dags/example_branch_python_dop_operator_3.py
[2024-10-06T04:21:48.228+0000] {processor.py:914} INFO - Processing file /home/airflow/.local/lib/python3.12/site-packages/airflow/example_dags/example_branch_python_dop_operator_3.py for tasks to queue
[2024-10-06T04:21:48.233+0000] {logging_mixin.py:190} INFO - [2024-10-06T04:21:48.232+0000] {dagbag.py:588} INFO - Filling up the DagBag from /home/airflow/.local/lib/python3.12/site-packages/airflow/example_dags/example_branch_python_dop_operator_3.py
[2024-10-06T04:21:48.253+0000] {processor.py:925} INFO - DAG(s) 'example_branch_dop_operator_v3' retrieved from /home/airflow/.local/lib/python3.12/site-packages/airflow/example_dags/example_branch_python_dop_operator_3.py
[2024-10-06T04:21:48.283+0000] {logging_mixin.py:190} INFO - [2024-10-06T04:21:48.283+0000] {dag.py:3239} INFO - Sync 1 DAGs
[2024-10-06T04:21:48.333+0000] {logging_mixin.py:190} INFO - [2024-10-06T04:21:48.333+0000] {dag.py:4180} INFO - Setting next_dagrun for example_branch_dop_operator_v3 to 2024-10-06 04:20:00+00:00, run_after=2024-10-06 04:21:00+00:00
[2024-10-06T04:21:48.370+0000] {processor.py:208} INFO - Processing /home/airflow/.local/lib/python3.12/site-packages/airflow/example_dags/example_branch_python_dop_operator_3.py took 0.158 seconds
[2024-10-06T04:22:18.597+0000] {processor.py:186} INFO - Started process (PID=416) to work on /home/airflow/.local/lib/python3.12/site-packages/airflow/example_dags/example_branch_python_dop_operator_3.py
[2024-10-06T04:22:18.599+0000] {processor.py:914} INFO - Processing file /home/airflow/.local/lib/python3.12/site-packages/airflow/example_dags/example_branch_python_dop_operator_3.py for tasks to queue
[2024-10-06T04:22:18.603+0000] {logging_mixin.py:190} INFO - [2024-10-06T04:22:18.602+0000] {dagbag.py:588} INFO - Filling up the DagBag from /home/airflow/.local/lib/python3.12/site-packages/airflow/example_dags/example_branch_python_dop_operator_3.py
[2024-10-06T04:22:18.618+0000] {processor.py:925} INFO - DAG(s) 'example_branch_dop_operator_v3' retrieved from /home/airflow/.local/lib/python3.12/site-packages/airflow/example_dags/example_branch_python_dop_operator_3.py
[2024-10-06T04:22:18.673+0000] {logging_mixin.py:190} INFO - [2024-10-06T04:22:18.673+0000] {dag.py:3239} INFO - Sync 1 DAGs
[2024-10-06T04:22:18.712+0000] {logging_mixin.py:190} INFO - [2024-10-06T04:22:18.711+0000] {dag.py:4180} INFO - Setting next_dagrun for example_branch_dop_operator_v3 to 2024-10-06 04:21:00+00:00, run_after=2024-10-06 04:22:00+00:00
[2024-10-06T04:22:18.739+0000] {processor.py:208} INFO - Processing /home/airflow/.local/lib/python3.12/site-packages/airflow/example_dags/example_branch_python_dop_operator_3.py took 0.150 seconds
[2024-10-06T04:22:49.480+0000] {processor.py:186} INFO - Started process (PID=479) to work on /home/airflow/.local/lib/python3.12/site-packages/airflow/example_dags/example_branch_python_dop_operator_3.py
[2024-10-06T04:22:49.482+0000] {processor.py:914} INFO - Processing file /home/airflow/.local/lib/python3.12/site-packages/airflow/example_dags/example_branch_python_dop_operator_3.py for tasks to queue
[2024-10-06T04:22:49.486+0000] {logging_mixin.py:190} INFO - [2024-10-06T04:22:49.485+0000] {dagbag.py:588} INFO - Filling up the DagBag from /home/airflow/.local/lib/python3.12/site-packages/airflow/example_dags/example_branch_python_dop_operator_3.py
[2024-10-06T04:22:49.502+0000] {processor.py:925} INFO - DAG(s) 'example_branch_dop_operator_v3' retrieved from /home/airflow/.local/lib/python3.12/site-packages/airflow/example_dags/example_branch_python_dop_operator_3.py
[2024-10-06T04:22:49.531+0000] {logging_mixin.py:190} INFO - [2024-10-06T04:22:49.531+0000] {dag.py:3239} INFO - Sync 1 DAGs
[2024-10-06T04:22:49.572+0000] {logging_mixin.py:190} INFO - [2024-10-06T04:22:49.572+0000] {dag.py:4180} INFO - Setting next_dagrun for example_branch_dop_operator_v3 to 2024-10-06 04:21:00+00:00, run_after=2024-10-06 04:22:00+00:00
[2024-10-06T04:22:49.597+0000] {processor.py:208} INFO - Processing /home/airflow/.local/lib/python3.12/site-packages/airflow/example_dags/example_branch_python_dop_operator_3.py took 0.126 seconds
[2024-10-06T04:23:19.995+0000] {processor.py:186} INFO - Started process (PID=541) to work on /home/airflow/.local/lib/python3.12/site-packages/airflow/example_dags/example_branch_python_dop_operator_3.py
[2024-10-06T04:23:19.997+0000] {processor.py:914} INFO - Processing file /home/airflow/.local/lib/python3.12/site-packages/airflow/example_dags/example_branch_python_dop_operator_3.py for tasks to queue
[2024-10-06T04:23:20.001+0000] {logging_mixin.py:190} INFO - [2024-10-06T04:23:20.000+0000] {dagbag.py:588} INFO - Filling up the DagBag from /home/airflow/.local/lib/python3.12/site-packages/airflow/example_dags/example_branch_python_dop_operator_3.py
[2024-10-06T04:23:20.017+0000] {processor.py:925} INFO - DAG(s) 'example_branch_dop_operator_v3' retrieved from /home/airflow/.local/lib/python3.12/site-packages/airflow/example_dags/example_branch_python_dop_operator_3.py
[2024-10-06T04:23:20.049+0000] {logging_mixin.py:190} INFO - [2024-10-06T04:23:20.049+0000] {dag.py:3239} INFO - Sync 1 DAGs
[2024-10-06T04:23:20.086+0000] {logging_mixin.py:190} INFO - [2024-10-06T04:23:20.085+0000] {dag.py:4180} INFO - Setting next_dagrun for example_branch_dop_operator_v3 to 2024-10-06 04:22:00+00:00, run_after=2024-10-06 04:23:00+00:00
[2024-10-06T04:23:20.109+0000] {processor.py:208} INFO - Processing /home/airflow/.local/lib/python3.12/site-packages/airflow/example_dags/example_branch_python_dop_operator_3.py took 0.123 seconds
[2024-10-06T04:23:50.521+0000] {processor.py:186} INFO - Started process (PID=602) to work on /home/airflow/.local/lib/python3.12/site-packages/airflow/example_dags/example_branch_python_dop_operator_3.py
[2024-10-06T04:23:50.523+0000] {processor.py:914} INFO - Processing file /home/airflow/.local/lib/python3.12/site-packages/airflow/example_dags/example_branch_python_dop_operator_3.py for tasks to queue
[2024-10-06T04:23:50.527+0000] {logging_mixin.py:190} INFO - [2024-10-06T04:23:50.526+0000] {dagbag.py:588} INFO - Filling up the DagBag from /home/airflow/.local/lib/python3.12/site-packages/airflow/example_dags/example_branch_python_dop_operator_3.py
[2024-10-06T04:23:50.544+0000] {processor.py:925} INFO - DAG(s) 'example_branch_dop_operator_v3' retrieved from /home/airflow/.local/lib/python3.12/site-packages/airflow/example_dags/example_branch_python_dop_operator_3.py
[2024-10-06T04:23:50.581+0000] {logging_mixin.py:190} INFO - [2024-10-06T04:23:50.580+0000] {dag.py:3239} INFO - Sync 1 DAGs
[2024-10-06T04:23:50.620+0000] {logging_mixin.py:190} INFO - [2024-10-06T04:23:50.619+0000] {dag.py:4180} INFO - Setting next_dagrun for example_branch_dop_operator_v3 to 2024-10-06 04:22:00+00:00, run_after=2024-10-06 04:23:00+00:00
[2024-10-06T04:23:50.650+0000] {processor.py:208} INFO - Processing /home/airflow/.local/lib/python3.12/site-packages/airflow/example_dags/example_branch_python_dop_operator_3.py took 0.141 seconds
[2024-10-06T04:24:20.710+0000] {processor.py:186} INFO - Started process (PID=663) to work on /home/airflow/.local/lib/python3.12/site-packages/airflow/example_dags/example_branch_python_dop_operator_3.py
[2024-10-06T04:24:20.712+0000] {processor.py:914} INFO - Processing file /home/airflow/.local/lib/python3.12/site-packages/airflow/example_dags/example_branch_python_dop_operator_3.py for tasks to queue
[2024-10-06T04:24:20.716+0000] {logging_mixin.py:190} INFO - [2024-10-06T04:24:20.716+0000] {dagbag.py:588} INFO - Filling up the DagBag from /home/airflow/.local/lib/python3.12/site-packages/airflow/example_dags/example_branch_python_dop_operator_3.py
[2024-10-06T04:24:20.731+0000] {processor.py:925} INFO - DAG(s) 'example_branch_dop_operator_v3' retrieved from /home/airflow/.local/lib/python3.12/site-packages/airflow/example_dags/example_branch_python_dop_operator_3.py
[2024-10-06T04:24:20.762+0000] {logging_mixin.py:190} INFO - [2024-10-06T04:24:20.762+0000] {dag.py:3239} INFO - Sync 1 DAGs
[2024-10-06T04:24:20.820+0000] {logging_mixin.py:190} INFO - [2024-10-06T04:24:20.820+0000] {dag.py:4180} INFO - Setting next_dagrun for example_branch_dop_operator_v3 to 2024-10-06 04:23:00+00:00, run_after=2024-10-06 04:24:00+00:00
[2024-10-06T04:24:20.855+0000] {processor.py:208} INFO - Processing /home/airflow/.local/lib/python3.12/site-packages/airflow/example_dags/example_branch_python_dop_operator_3.py took 0.154 seconds
[2024-10-06T04:24:50.970+0000] {processor.py:186} INFO - Started process (PID=725) to work on /home/airflow/.local/lib/python3.12/site-packages/airflow/example_dags/example_branch_python_dop_operator_3.py
[2024-10-06T04:24:50.971+0000] {processor.py:914} INFO - Processing file /home/airflow/.local/lib/python3.12/site-packages/airflow/example_dags/example_branch_python_dop_operator_3.py for tasks to queue
[2024-10-06T04:24:50.976+0000] {logging_mixin.py:190} INFO - [2024-10-06T04:24:50.976+0000] {dagbag.py:588} INFO - Filling up the DagBag from /home/airflow/.local/lib/python3.12/site-packages/airflow/example_dags/example_branch_python_dop_operator_3.py
[2024-10-06T04:24:50.994+0000] {processor.py:925} INFO - DAG(s) 'example_branch_dop_operator_v3' retrieved from /home/airflow/.local/lib/python3.12/site-packages/airflow/example_dags/example_branch_python_dop_operator_3.py
[2024-10-06T04:24:51.035+0000] {logging_mixin.py:190} INFO - [2024-10-06T04:24:51.035+0000] {dag.py:3239} INFO - Sync 1 DAGs
[2024-10-06T04:24:51.078+0000] {logging_mixin.py:190} INFO - [2024-10-06T04:24:51.078+0000] {dag.py:4180} INFO - Setting next_dagrun for example_branch_dop_operator_v3 to 2024-10-06 04:23:00+00:00, run_after=2024-10-06 04:24:00+00:00
[2024-10-06T04:24:51.104+0000] {processor.py:208} INFO - Processing /home/airflow/.local/lib/python3.12/site-packages/airflow/example_dags/example_branch_python_dop_operator_3.py took 0.144 seconds
[2024-10-06T04:25:21.158+0000] {processor.py:186} INFO - Started process (PID=787) to work on /home/airflow/.local/lib/python3.12/site-packages/airflow/example_dags/example_branch_python_dop_operator_3.py
[2024-10-06T04:25:21.159+0000] {processor.py:914} INFO - Processing file /home/airflow/.local/lib/python3.12/site-packages/airflow/example_dags/example_branch_python_dop_operator_3.py for tasks to queue
[2024-10-06T04:25:21.165+0000] {logging_mixin.py:190} INFO - [2024-10-06T04:25:21.164+0000] {dagbag.py:588} INFO - Filling up the DagBag from /home/airflow/.local/lib/python3.12/site-packages/airflow/example_dags/example_branch_python_dop_operator_3.py
[2024-10-06T04:25:21.182+0000] {processor.py:925} INFO - DAG(s) 'example_branch_dop_operator_v3' retrieved from /home/airflow/.local/lib/python3.12/site-packages/airflow/example_dags/example_branch_python_dop_operator_3.py
[2024-10-06T04:25:21.262+0000] {logging_mixin.py:190} INFO - [2024-10-06T04:25:21.262+0000] {dag.py:3239} INFO - Sync 1 DAGs
[2024-10-06T04:25:21.314+0000] {logging_mixin.py:190} INFO - [2024-10-06T04:25:21.313+0000] {dag.py:4180} INFO - Setting next_dagrun for example_branch_dop_operator_v3 to 2024-10-06 04:24:00+00:00, run_after=2024-10-06 04:25:00+00:00
[2024-10-06T04:25:21.348+0000] {processor.py:208} INFO - Processing /home/airflow/.local/lib/python3.12/site-packages/airflow/example_dags/example_branch_python_dop_operator_3.py took 0.200 seconds
[2024-10-06T04:25:51.563+0000] {processor.py:186} INFO - Started process (PID=849) to work on /home/airflow/.local/lib/python3.12/site-packages/airflow/example_dags/example_branch_python_dop_operator_3.py
[2024-10-06T04:25:51.565+0000] {processor.py:914} INFO - Processing file /home/airflow/.local/lib/python3.12/site-packages/airflow/example_dags/example_branch_python_dop_operator_3.py for tasks to queue
[2024-10-06T04:25:51.570+0000] {logging_mixin.py:190} INFO - [2024-10-06T04:25:51.569+0000] {dagbag.py:588} INFO - Filling up the DagBag from /home/airflow/.local/lib/python3.12/site-packages/airflow/example_dags/example_branch_python_dop_operator_3.py
[2024-10-06T04:25:51.587+0000] {processor.py:925} INFO - DAG(s) 'example_branch_dop_operator_v3' retrieved from /home/airflow/.local/lib/python3.12/site-packages/airflow/example_dags/example_branch_python_dop_operator_3.py
[2024-10-06T04:25:51.622+0000] {logging_mixin.py:190} INFO - [2024-10-06T04:25:51.622+0000] {dag.py:3239} INFO - Sync 1 DAGs
[2024-10-06T04:25:51.672+0000] {logging_mixin.py:190} INFO - [2024-10-06T04:25:51.672+0000] {dag.py:4180} INFO - Setting next_dagrun for example_branch_dop_operator_v3 to 2024-10-06 04:24:00+00:00, run_after=2024-10-06 04:25:00+00:00
[2024-10-06T04:25:51.713+0000] {processor.py:208} INFO - Processing /home/airflow/.local/lib/python3.12/site-packages/airflow/example_dags/example_branch_python_dop_operator_3.py took 0.159 seconds
[2024-10-06T04:26:22.117+0000] {processor.py:186} INFO - Started process (PID=912) to work on /home/airflow/.local/lib/python3.12/site-packages/airflow/example_dags/example_branch_python_dop_operator_3.py
[2024-10-06T04:26:22.119+0000] {processor.py:914} INFO - Processing file /home/airflow/.local/lib/python3.12/site-packages/airflow/example_dags/example_branch_python_dop_operator_3.py for tasks to queue
[2024-10-06T04:26:22.123+0000] {logging_mixin.py:190} INFO - [2024-10-06T04:26:22.122+0000] {dagbag.py:588} INFO - Filling up the DagBag from /home/airflow/.local/lib/python3.12/site-packages/airflow/example_dags/example_branch_python_dop_operator_3.py
[2024-10-06T04:26:22.140+0000] {processor.py:925} INFO - DAG(s) 'example_branch_dop_operator_v3' retrieved from /home/airflow/.local/lib/python3.12/site-packages/airflow/example_dags/example_branch_python_dop_operator_3.py
[2024-10-06T04:26:22.177+0000] {logging_mixin.py:190} INFO - [2024-10-06T04:26:22.176+0000] {dag.py:3239} INFO - Sync 1 DAGs
[2024-10-06T04:26:22.214+0000] {logging_mixin.py:190} INFO - [2024-10-06T04:26:22.214+0000] {dag.py:4180} INFO - Setting next_dagrun for example_branch_dop_operator_v3 to 2024-10-06 04:25:00+00:00, run_after=2024-10-06 04:26:00+00:00
[2024-10-06T04:26:22.240+0000] {processor.py:208} INFO - Processing /home/airflow/.local/lib/python3.12/site-packages/airflow/example_dags/example_branch_python_dop_operator_3.py took 0.134 seconds
[2024-10-06T04:26:52.510+0000] {processor.py:186} INFO - Started process (PID=974) to work on /home/airflow/.local/lib/python3.12/site-packages/airflow/example_dags/example_branch_python_dop_operator_3.py
[2024-10-06T04:26:52.512+0000] {processor.py:914} INFO - Processing file /home/airflow/.local/lib/python3.12/site-packages/airflow/example_dags/example_branch_python_dop_operator_3.py for tasks to queue
[2024-10-06T04:26:52.515+0000] {logging_mixin.py:190} INFO - [2024-10-06T04:26:52.515+0000] {dagbag.py:588} INFO - Filling up the DagBag from /home/airflow/.local/lib/python3.12/site-packages/airflow/example_dags/example_branch_python_dop_operator_3.py
[2024-10-06T04:26:52.532+0000] {processor.py:925} INFO - DAG(s) 'example_branch_dop_operator_v3' retrieved from /home/airflow/.local/lib/python3.12/site-packages/airflow/example_dags/example_branch_python_dop_operator_3.py
[2024-10-06T04:26:52.567+0000] {logging_mixin.py:190} INFO - [2024-10-06T04:26:52.566+0000] {dag.py:3239} INFO - Sync 1 DAGs
[2024-10-06T04:26:52.610+0000] {logging_mixin.py:190} INFO - [2024-10-06T04:26:52.609+0000] {dag.py:4180} INFO - Setting next_dagrun for example_branch_dop_operator_v3 to 2024-10-06 04:25:00+00:00, run_after=2024-10-06 04:26:00+00:00
[2024-10-06T04:26:52.635+0000] {processor.py:208} INFO - Processing /home/airflow/.local/lib/python3.12/site-packages/airflow/example_dags/example_branch_python_dop_operator_3.py took 0.134 seconds
[2024-10-06T04:27:22.930+0000] {processor.py:186} INFO - Started process (PID=1036) to work on /home/airflow/.local/lib/python3.12/site-packages/airflow/example_dags/example_branch_python_dop_operator_3.py
[2024-10-06T04:27:22.932+0000] {processor.py:914} INFO - Processing file /home/airflow/.local/lib/python3.12/site-packages/airflow/example_dags/example_branch_python_dop_operator_3.py for tasks to queue
[2024-10-06T04:27:22.936+0000] {logging_mixin.py:190} INFO - [2024-10-06T04:27:22.935+0000] {dagbag.py:588} INFO - Filling up the DagBag from /home/airflow/.local/lib/python3.12/site-packages/airflow/example_dags/example_branch_python_dop_operator_3.py
[2024-10-06T04:27:22.952+0000] {processor.py:925} INFO - DAG(s) 'example_branch_dop_operator_v3' retrieved from /home/airflow/.local/lib/python3.12/site-packages/airflow/example_dags/example_branch_python_dop_operator_3.py
[2024-10-06T04:27:22.983+0000] {logging_mixin.py:190} INFO - [2024-10-06T04:27:22.982+0000] {dag.py:3239} INFO - Sync 1 DAGs
[2024-10-06T04:27:23.033+0000] {logging_mixin.py:190} INFO - [2024-10-06T04:27:23.033+0000] {dag.py:4180} INFO - Setting next_dagrun for example_branch_dop_operator_v3 to 2024-10-06 04:26:00+00:00, run_after=2024-10-06 04:27:00+00:00
[2024-10-06T04:27:23.065+0000] {processor.py:208} INFO - Processing /home/airflow/.local/lib/python3.12/site-packages/airflow/example_dags/example_branch_python_dop_operator_3.py took 0.144 seconds
[2024-10-06T04:27:53.448+0000] {processor.py:186} INFO - Started process (PID=1098) to work on /home/airflow/.local/lib/python3.12/site-packages/airflow/example_dags/example_branch_python_dop_operator_3.py
[2024-10-06T04:27:53.449+0000] {processor.py:914} INFO - Processing file /home/airflow/.local/lib/python3.12/site-packages/airflow/example_dags/example_branch_python_dop_operator_3.py for tasks to queue
[2024-10-06T04:27:53.453+0000] {logging_mixin.py:190} INFO - [2024-10-06T04:27:53.452+0000] {dagbag.py:588} INFO - Filling up the DagBag from /home/airflow/.local/lib/python3.12/site-packages/airflow/example_dags/example_branch_python_dop_operator_3.py
[2024-10-06T04:27:53.467+0000] {processor.py:925} INFO - DAG(s) 'example_branch_dop_operator_v3' retrieved from /home/airflow/.local/lib/python3.12/site-packages/airflow/example_dags/example_branch_python_dop_operator_3.py
[2024-10-06T04:27:53.492+0000] {logging_mixin.py:190} INFO - [2024-10-06T04:27:53.492+0000] {dag.py:3239} INFO - Sync 1 DAGs
[2024-10-06T04:27:53.524+0000] {logging_mixin.py:190} INFO - [2024-10-06T04:27:53.524+0000] {dag.py:4180} INFO - Setting next_dagrun for example_branch_dop_operator_v3 to 2024-10-06 04:26:00+00:00, run_after=2024-10-06 04:27:00+00:00
[2024-10-06T04:27:53.550+0000] {processor.py:208} INFO - Processing /home/airflow/.local/lib/python3.12/site-packages/airflow/example_dags/example_branch_python_dop_operator_3.py took 0.111 seconds
[2024-10-06T04:28:23.657+0000] {processor.py:186} INFO - Started process (PID=1160) to work on /home/airflow/.local/lib/python3.12/site-packages/airflow/example_dags/example_branch_python_dop_operator_3.py
[2024-10-06T04:28:23.659+0000] {processor.py:914} INFO - Processing file /home/airflow/.local/lib/python3.12/site-packages/airflow/example_dags/example_branch_python_dop_operator_3.py for tasks to queue
[2024-10-06T04:28:23.665+0000] {logging_mixin.py:190} INFO - [2024-10-06T04:28:23.663+0000] {dagbag.py:588} INFO - Filling up the DagBag from /home/airflow/.local/lib/python3.12/site-packages/airflow/example_dags/example_branch_python_dop_operator_3.py
[2024-10-06T04:28:23.684+0000] {processor.py:925} INFO - DAG(s) 'example_branch_dop_operator_v3' retrieved from /home/airflow/.local/lib/python3.12/site-packages/airflow/example_dags/example_branch_python_dop_operator_3.py
[2024-10-06T04:28:23.718+0000] {logging_mixin.py:190} INFO - [2024-10-06T04:28:23.718+0000] {dag.py:3239} INFO - Sync 1 DAGs
[2024-10-06T04:28:23.767+0000] {logging_mixin.py:190} INFO - [2024-10-06T04:28:23.767+0000] {dag.py:4180} INFO - Setting next_dagrun for example_branch_dop_operator_v3 to 2024-10-06 04:27:00+00:00, run_after=2024-10-06 04:28:00+00:00
[2024-10-06T04:28:23.794+0000] {processor.py:208} INFO - Processing /home/airflow/.local/lib/python3.12/site-packages/airflow/example_dags/example_branch_python_dop_operator_3.py took 0.147 seconds
[2024-10-06T04:28:53.937+0000] {processor.py:186} INFO - Started process (PID=1223) to work on /home/airflow/.local/lib/python3.12/site-packages/airflow/example_dags/example_branch_python_dop_operator_3.py
[2024-10-06T04:28:53.941+0000] {processor.py:914} INFO - Processing file /home/airflow/.local/lib/python3.12/site-packages/airflow/example_dags/example_branch_python_dop_operator_3.py for tasks to queue
[2024-10-06T04:28:53.946+0000] {logging_mixin.py:190} INFO - [2024-10-06T04:28:53.946+0000] {dagbag.py:588} INFO - Filling up the DagBag from /home/airflow/.local/lib/python3.12/site-packages/airflow/example_dags/example_branch_python_dop_operator_3.py
[2024-10-06T04:28:53.965+0000] {processor.py:925} INFO - DAG(s) 'example_branch_dop_operator_v3' retrieved from /home/airflow/.local/lib/python3.12/site-packages/airflow/example_dags/example_branch_python_dop_operator_3.py
[2024-10-06T04:28:53.997+0000] {logging_mixin.py:190} INFO - [2024-10-06T04:28:53.997+0000] {dag.py:3239} INFO - Sync 1 DAGs
[2024-10-06T04:28:54.044+0000] {logging_mixin.py:190} INFO - [2024-10-06T04:28:54.044+0000] {dag.py:4180} INFO - Setting next_dagrun for example_branch_dop_operator_v3 to 2024-10-06 04:27:00+00:00, run_after=2024-10-06 04:28:00+00:00
[2024-10-06T04:28:54.076+0000] {processor.py:208} INFO - Processing /home/airflow/.local/lib/python3.12/site-packages/airflow/example_dags/example_branch_python_dop_operator_3.py took 0.148 seconds
[2024-10-06T04:29:24.125+0000] {processor.py:186} INFO - Started process (PID=1284) to work on /home/airflow/.local/lib/python3.12/site-packages/airflow/example_dags/example_branch_python_dop_operator_3.py
[2024-10-06T04:29:24.127+0000] {processor.py:914} INFO - Processing file /home/airflow/.local/lib/python3.12/site-packages/airflow/example_dags/example_branch_python_dop_operator_3.py for tasks to queue
[2024-10-06T04:29:24.131+0000] {logging_mixin.py:190} INFO - [2024-10-06T04:29:24.131+0000] {dagbag.py:588} INFO - Filling up the DagBag from /home/airflow/.local/lib/python3.12/site-packages/airflow/example_dags/example_branch_python_dop_operator_3.py
[2024-10-06T04:29:24.151+0000] {processor.py:925} INFO - DAG(s) 'example_branch_dop_operator_v3' retrieved from /home/airflow/.local/lib/python3.12/site-packages/airflow/example_dags/example_branch_python_dop_operator_3.py
[2024-10-06T04:29:24.183+0000] {logging_mixin.py:190} INFO - [2024-10-06T04:29:24.183+0000] {dag.py:3239} INFO - Sync 1 DAGs
[2024-10-06T04:29:24.237+0000] {logging_mixin.py:190} INFO - [2024-10-06T04:29:24.237+0000] {dag.py:4180} INFO - Setting next_dagrun for example_branch_dop_operator_v3 to 2024-10-06 04:28:00+00:00, run_after=2024-10-06 04:29:00+00:00
[2024-10-06T04:29:24.268+0000] {processor.py:208} INFO - Processing /home/airflow/.local/lib/python3.12/site-packages/airflow/example_dags/example_branch_python_dop_operator_3.py took 0.153 seconds
[2024-10-06T04:29:54.409+0000] {processor.py:186} INFO - Started process (PID=1346) to work on /home/airflow/.local/lib/python3.12/site-packages/airflow/example_dags/example_branch_python_dop_operator_3.py
[2024-10-06T04:29:54.411+0000] {processor.py:914} INFO - Processing file /home/airflow/.local/lib/python3.12/site-packages/airflow/example_dags/example_branch_python_dop_operator_3.py for tasks to queue
[2024-10-06T04:29:54.415+0000] {logging_mixin.py:190} INFO - [2024-10-06T04:29:54.414+0000] {dagbag.py:588} INFO - Filling up the DagBag from /home/airflow/.local/lib/python3.12/site-packages/airflow/example_dags/example_branch_python_dop_operator_3.py
[2024-10-06T04:29:54.431+0000] {processor.py:925} INFO - DAG(s) 'example_branch_dop_operator_v3' retrieved from /home/airflow/.local/lib/python3.12/site-packages/airflow/example_dags/example_branch_python_dop_operator_3.py
[2024-10-06T04:29:54.463+0000] {logging_mixin.py:190} INFO - [2024-10-06T04:29:54.463+0000] {dag.py:3239} INFO - Sync 1 DAGs
[2024-10-06T04:29:54.515+0000] {logging_mixin.py:190} INFO - [2024-10-06T04:29:54.515+0000] {dag.py:4180} INFO - Setting next_dagrun for example_branch_dop_operator_v3 to 2024-10-06 04:28:00+00:00, run_after=2024-10-06 04:29:00+00:00
[2024-10-06T04:29:54.597+0000] {processor.py:208} INFO - Processing /home/airflow/.local/lib/python3.12/site-packages/airflow/example_dags/example_branch_python_dop_operator_3.py took 0.198 seconds
[2024-10-06T04:30:25.091+0000] {processor.py:186} INFO - Started process (PID=1408) to work on /home/airflow/.local/lib/python3.12/site-packages/airflow/example_dags/example_branch_python_dop_operator_3.py
[2024-10-06T04:30:25.092+0000] {processor.py:914} INFO - Processing file /home/airflow/.local/lib/python3.12/site-packages/airflow/example_dags/example_branch_python_dop_operator_3.py for tasks to queue
[2024-10-06T04:30:25.096+0000] {logging_mixin.py:190} INFO - [2024-10-06T04:30:25.096+0000] {dagbag.py:588} INFO - Filling up the DagBag from /home/airflow/.local/lib/python3.12/site-packages/airflow/example_dags/example_branch_python_dop_operator_3.py
[2024-10-06T04:30:25.112+0000] {processor.py:925} INFO - DAG(s) 'example_branch_dop_operator_v3' retrieved from /home/airflow/.local/lib/python3.12/site-packages/airflow/example_dags/example_branch_python_dop_operator_3.py
[2024-10-06T04:30:25.147+0000] {logging_mixin.py:190} INFO - [2024-10-06T04:30:25.146+0000] {dag.py:3239} INFO - Sync 1 DAGs
[2024-10-06T04:30:25.196+0000] {logging_mixin.py:190} INFO - [2024-10-06T04:30:25.195+0000] {dag.py:4180} INFO - Setting next_dagrun for example_branch_dop_operator_v3 to 2024-10-06 04:29:00+00:00, run_after=2024-10-06 04:30:00+00:00
[2024-10-06T04:30:25.229+0000] {processor.py:208} INFO - Processing /home/airflow/.local/lib/python3.12/site-packages/airflow/example_dags/example_branch_python_dop_operator_3.py took 0.147 seconds
[2024-10-06T04:30:55.565+0000] {processor.py:186} INFO - Started process (PID=1470) to work on /home/airflow/.local/lib/python3.12/site-packages/airflow/example_dags/example_branch_python_dop_operator_3.py
[2024-10-06T04:30:55.567+0000] {processor.py:914} INFO - Processing file /home/airflow/.local/lib/python3.12/site-packages/airflow/example_dags/example_branch_python_dop_operator_3.py for tasks to queue
[2024-10-06T04:30:55.572+0000] {logging_mixin.py:190} INFO - [2024-10-06T04:30:55.572+0000] {dagbag.py:588} INFO - Filling up the DagBag from /home/airflow/.local/lib/python3.12/site-packages/airflow/example_dags/example_branch_python_dop_operator_3.py
[2024-10-06T04:30:55.590+0000] {processor.py:925} INFO - DAG(s) 'example_branch_dop_operator_v3' retrieved from /home/airflow/.local/lib/python3.12/site-packages/airflow/example_dags/example_branch_python_dop_operator_3.py
[2024-10-06T04:30:55.668+0000] {logging_mixin.py:190} INFO - [2024-10-06T04:30:55.668+0000] {dag.py:3239} INFO - Sync 1 DAGs
[2024-10-06T04:30:55.727+0000] {logging_mixin.py:190} INFO - [2024-10-06T04:30:55.727+0000] {dag.py:4180} INFO - Setting next_dagrun for example_branch_dop_operator_v3 to 2024-10-06 04:29:00+00:00, run_after=2024-10-06 04:30:00+00:00
[2024-10-06T04:30:55.756+0000] {processor.py:208} INFO - Processing /home/airflow/.local/lib/python3.12/site-packages/airflow/example_dags/example_branch_python_dop_operator_3.py took 0.202 seconds
[2024-10-06T04:31:26.305+0000] {processor.py:186} INFO - Started process (PID=1532) to work on /home/airflow/.local/lib/python3.12/site-packages/airflow/example_dags/example_branch_python_dop_operator_3.py
[2024-10-06T04:31:26.306+0000] {processor.py:914} INFO - Processing file /home/airflow/.local/lib/python3.12/site-packages/airflow/example_dags/example_branch_python_dop_operator_3.py for tasks to queue
[2024-10-06T04:31:26.310+0000] {logging_mixin.py:190} INFO - [2024-10-06T04:31:26.309+0000] {dagbag.py:588} INFO - Filling up the DagBag from /home/airflow/.local/lib/python3.12/site-packages/airflow/example_dags/example_branch_python_dop_operator_3.py
[2024-10-06T04:31:26.324+0000] {processor.py:925} INFO - DAG(s) 'example_branch_dop_operator_v3' retrieved from /home/airflow/.local/lib/python3.12/site-packages/airflow/example_dags/example_branch_python_dop_operator_3.py
[2024-10-06T04:31:26.364+0000] {logging_mixin.py:190} INFO - [2024-10-06T04:31:26.364+0000] {dag.py:3239} INFO - Sync 1 DAGs
[2024-10-06T04:31:26.446+0000] {logging_mixin.py:190} INFO - [2024-10-06T04:31:26.445+0000] {dag.py:4180} INFO - Setting next_dagrun for example_branch_dop_operator_v3 to 2024-10-06 04:30:00+00:00, run_after=2024-10-06 04:31:00+00:00
[2024-10-06T04:31:26.478+0000] {processor.py:208} INFO - Processing /home/airflow/.local/lib/python3.12/site-packages/airflow/example_dags/example_branch_python_dop_operator_3.py took 0.183 seconds
[2024-10-06T04:31:56.631+0000] {processor.py:186} INFO - Started process (PID=1594) to work on /home/airflow/.local/lib/python3.12/site-packages/airflow/example_dags/example_branch_python_dop_operator_3.py
[2024-10-06T04:31:56.633+0000] {processor.py:914} INFO - Processing file /home/airflow/.local/lib/python3.12/site-packages/airflow/example_dags/example_branch_python_dop_operator_3.py for tasks to queue
[2024-10-06T04:31:56.637+0000] {logging_mixin.py:190} INFO - [2024-10-06T04:31:56.636+0000] {dagbag.py:588} INFO - Filling up the DagBag from /home/airflow/.local/lib/python3.12/site-packages/airflow/example_dags/example_branch_python_dop_operator_3.py
[2024-10-06T04:31:56.654+0000] {processor.py:925} INFO - DAG(s) 'example_branch_dop_operator_v3' retrieved from /home/airflow/.local/lib/python3.12/site-packages/airflow/example_dags/example_branch_python_dop_operator_3.py
[2024-10-06T04:31:56.682+0000] {logging_mixin.py:190} INFO - [2024-10-06T04:31:56.681+0000] {dag.py:3239} INFO - Sync 1 DAGs
[2024-10-06T04:31:56.715+0000] {logging_mixin.py:190} INFO - [2024-10-06T04:31:56.715+0000] {dag.py:4180} INFO - Setting next_dagrun for example_branch_dop_operator_v3 to 2024-10-06 04:30:00+00:00, run_after=2024-10-06 04:31:00+00:00
[2024-10-06T04:31:56.754+0000] {processor.py:208} INFO - Processing /home/airflow/.local/lib/python3.12/site-packages/airflow/example_dags/example_branch_python_dop_operator_3.py took 0.134 seconds
[2024-10-06T04:32:26.857+0000] {processor.py:186} INFO - Started process (PID=1656) to work on /home/airflow/.local/lib/python3.12/site-packages/airflow/example_dags/example_branch_python_dop_operator_3.py
[2024-10-06T04:32:26.859+0000] {processor.py:914} INFO - Processing file /home/airflow/.local/lib/python3.12/site-packages/airflow/example_dags/example_branch_python_dop_operator_3.py for tasks to queue
[2024-10-06T04:32:26.863+0000] {logging_mixin.py:190} INFO - [2024-10-06T04:32:26.863+0000] {dagbag.py:588} INFO - Filling up the DagBag from /home/airflow/.local/lib/python3.12/site-packages/airflow/example_dags/example_branch_python_dop_operator_3.py
[2024-10-06T04:32:26.878+0000] {processor.py:925} INFO - DAG(s) 'example_branch_dop_operator_v3' retrieved from /home/airflow/.local/lib/python3.12/site-packages/airflow/example_dags/example_branch_python_dop_operator_3.py
[2024-10-06T04:32:26.903+0000] {logging_mixin.py:190} INFO - [2024-10-06T04:32:26.903+0000] {dag.py:3239} INFO - Sync 1 DAGs
[2024-10-06T04:32:26.938+0000] {logging_mixin.py:190} INFO - [2024-10-06T04:32:26.938+0000] {dag.py:4180} INFO - Setting next_dagrun for example_branch_dop_operator_v3 to 2024-10-06 04:31:00+00:00, run_after=2024-10-06 04:32:00+00:00
[2024-10-06T04:32:26.965+0000] {processor.py:208} INFO - Processing /home/airflow/.local/lib/python3.12/site-packages/airflow/example_dags/example_branch_python_dop_operator_3.py took 0.115 seconds
[2024-10-06T04:32:57.295+0000] {processor.py:186} INFO - Started process (PID=1718) to work on /home/airflow/.local/lib/python3.12/site-packages/airflow/example_dags/example_branch_python_dop_operator_3.py
[2024-10-06T04:32:57.296+0000] {processor.py:914} INFO - Processing file /home/airflow/.local/lib/python3.12/site-packages/airflow/example_dags/example_branch_python_dop_operator_3.py for tasks to queue
[2024-10-06T04:32:57.300+0000] {logging_mixin.py:190} INFO - [2024-10-06T04:32:57.300+0000] {dagbag.py:588} INFO - Filling up the DagBag from /home/airflow/.local/lib/python3.12/site-packages/airflow/example_dags/example_branch_python_dop_operator_3.py
[2024-10-06T04:32:57.314+0000] {processor.py:925} INFO - DAG(s) 'example_branch_dop_operator_v3' retrieved from /home/airflow/.local/lib/python3.12/site-packages/airflow/example_dags/example_branch_python_dop_operator_3.py
[2024-10-06T04:32:57.342+0000] {logging_mixin.py:190} INFO - [2024-10-06T04:32:57.342+0000] {dag.py:3239} INFO - Sync 1 DAGs
[2024-10-06T04:32:57.377+0000] {logging_mixin.py:190} INFO - [2024-10-06T04:32:57.377+0000] {dag.py:4180} INFO - Setting next_dagrun for example_branch_dop_operator_v3 to 2024-10-06 04:31:00+00:00, run_after=2024-10-06 04:32:00+00:00
[2024-10-06T04:32:57.399+0000] {processor.py:208} INFO - Processing /home/airflow/.local/lib/python3.12/site-packages/airflow/example_dags/example_branch_python_dop_operator_3.py took 0.113 seconds
[2024-10-06T04:35:07.194+0000] {processor.py:186} INFO - Started process (PID=30) to work on /home/airflow/.local/lib/python3.12/site-packages/airflow/example_dags/example_branch_python_dop_operator_3.py
[2024-10-06T04:35:07.197+0000] {processor.py:914} INFO - Processing file /home/airflow/.local/lib/python3.12/site-packages/airflow/example_dags/example_branch_python_dop_operator_3.py for tasks to queue
[2024-10-06T04:35:07.238+0000] {logging_mixin.py:190} INFO - [2024-10-06T04:35:07.238+0000] {dagbag.py:588} INFO - Filling up the DagBag from /home/airflow/.local/lib/python3.12/site-packages/airflow/example_dags/example_branch_python_dop_operator_3.py
[2024-10-06T04:35:07.290+0000] {processor.py:925} INFO - DAG(s) 'example_branch_dop_operator_v3' retrieved from /home/airflow/.local/lib/python3.12/site-packages/airflow/example_dags/example_branch_python_dop_operator_3.py
[2024-10-06T04:35:07.366+0000] {logging_mixin.py:190} INFO - [2024-10-06T04:35:07.365+0000] {dag.py:3239} INFO - Sync 1 DAGs
[2024-10-06T04:35:07.431+0000] {logging_mixin.py:190} INFO - [2024-10-06T04:35:07.430+0000] {dag.py:4180} INFO - Setting next_dagrun for example_branch_dop_operator_v3 to 2024-10-06 04:34:00+00:00, run_after=2024-10-06 04:35:00+00:00
[2024-10-06T04:35:07.476+0000] {processor.py:208} INFO - Processing /home/airflow/.local/lib/python3.12/site-packages/airflow/example_dags/example_branch_python_dop_operator_3.py took 0.298 seconds
[2024-10-06T04:35:37.729+0000] {processor.py:186} INFO - Started process (PID=92) to work on /home/airflow/.local/lib/python3.12/site-packages/airflow/example_dags/example_branch_python_dop_operator_3.py
[2024-10-06T04:35:37.731+0000] {processor.py:914} INFO - Processing file /home/airflow/.local/lib/python3.12/site-packages/airflow/example_dags/example_branch_python_dop_operator_3.py for tasks to queue
[2024-10-06T04:35:37.734+0000] {logging_mixin.py:190} INFO - [2024-10-06T04:35:37.734+0000] {dagbag.py:588} INFO - Filling up the DagBag from /home/airflow/.local/lib/python3.12/site-packages/airflow/example_dags/example_branch_python_dop_operator_3.py
[2024-10-06T04:35:37.752+0000] {processor.py:925} INFO - DAG(s) 'example_branch_dop_operator_v3' retrieved from /home/airflow/.local/lib/python3.12/site-packages/airflow/example_dags/example_branch_python_dop_operator_3.py
[2024-10-06T04:35:37.784+0000] {logging_mixin.py:190} INFO - [2024-10-06T04:35:37.784+0000] {dag.py:3239} INFO - Sync 1 DAGs
[2024-10-06T04:35:37.816+0000] {logging_mixin.py:190} INFO - [2024-10-06T04:35:37.816+0000] {dag.py:4180} INFO - Setting next_dagrun for example_branch_dop_operator_v3 to 2024-10-06 04:34:00+00:00, run_after=2024-10-06 04:35:00+00:00
[2024-10-06T04:35:37.845+0000] {processor.py:208} INFO - Processing /home/airflow/.local/lib/python3.12/site-packages/airflow/example_dags/example_branch_python_dop_operator_3.py took 0.124 seconds
[2024-10-06T04:36:08.448+0000] {processor.py:186} INFO - Started process (PID=159) to work on /home/airflow/.local/lib/python3.12/site-packages/airflow/example_dags/example_branch_python_dop_operator_3.py
[2024-10-06T04:36:08.449+0000] {processor.py:914} INFO - Processing file /home/airflow/.local/lib/python3.12/site-packages/airflow/example_dags/example_branch_python_dop_operator_3.py for tasks to queue
[2024-10-06T04:36:08.453+0000] {logging_mixin.py:190} INFO - [2024-10-06T04:36:08.452+0000] {dagbag.py:588} INFO - Filling up the DagBag from /home/airflow/.local/lib/python3.12/site-packages/airflow/example_dags/example_branch_python_dop_operator_3.py
[2024-10-06T04:36:08.468+0000] {processor.py:925} INFO - DAG(s) 'example_branch_dop_operator_v3' retrieved from /home/airflow/.local/lib/python3.12/site-packages/airflow/example_dags/example_branch_python_dop_operator_3.py
[2024-10-06T04:36:08.503+0000] {logging_mixin.py:190} INFO - [2024-10-06T04:36:08.503+0000] {dag.py:3239} INFO - Sync 1 DAGs
[2024-10-06T04:36:08.552+0000] {logging_mixin.py:190} INFO - [2024-10-06T04:36:08.551+0000] {dag.py:4180} INFO - Setting next_dagrun for example_branch_dop_operator_v3 to 2024-10-06 04:35:00+00:00, run_after=2024-10-06 04:36:00+00:00
[2024-10-06T04:36:08.589+0000] {processor.py:208} INFO - Processing /home/airflow/.local/lib/python3.12/site-packages/airflow/example_dags/example_branch_python_dop_operator_3.py took 0.152 seconds
[2024-10-06T04:36:39.514+0000] {processor.py:186} INFO - Started process (PID=221) to work on /home/airflow/.local/lib/python3.12/site-packages/airflow/example_dags/example_branch_python_dop_operator_3.py
[2024-10-06T04:36:39.516+0000] {processor.py:914} INFO - Processing file /home/airflow/.local/lib/python3.12/site-packages/airflow/example_dags/example_branch_python_dop_operator_3.py for tasks to queue
[2024-10-06T04:36:39.521+0000] {logging_mixin.py:190} INFO - [2024-10-06T04:36:39.520+0000] {dagbag.py:588} INFO - Filling up the DagBag from /home/airflow/.local/lib/python3.12/site-packages/airflow/example_dags/example_branch_python_dop_operator_3.py
[2024-10-06T04:36:39.540+0000] {processor.py:925} INFO - DAG(s) 'example_branch_dop_operator_v3' retrieved from /home/airflow/.local/lib/python3.12/site-packages/airflow/example_dags/example_branch_python_dop_operator_3.py
[2024-10-06T04:36:39.572+0000] {logging_mixin.py:190} INFO - [2024-10-06T04:36:39.572+0000] {dag.py:3239} INFO - Sync 1 DAGs
[2024-10-06T04:36:39.609+0000] {logging_mixin.py:190} INFO - [2024-10-06T04:36:39.608+0000] {dag.py:4180} INFO - Setting next_dagrun for example_branch_dop_operator_v3 to 2024-10-06 04:35:00+00:00, run_after=2024-10-06 04:36:00+00:00
[2024-10-06T04:36:39.629+0000] {processor.py:208} INFO - Processing /home/airflow/.local/lib/python3.12/site-packages/airflow/example_dags/example_branch_python_dop_operator_3.py took 0.127 seconds
[2024-10-06T04:37:09.924+0000] {processor.py:186} INFO - Started process (PID=283) to work on /home/airflow/.local/lib/python3.12/site-packages/airflow/example_dags/example_branch_python_dop_operator_3.py
[2024-10-06T04:37:09.926+0000] {processor.py:914} INFO - Processing file /home/airflow/.local/lib/python3.12/site-packages/airflow/example_dags/example_branch_python_dop_operator_3.py for tasks to queue
[2024-10-06T04:37:09.929+0000] {logging_mixin.py:190} INFO - [2024-10-06T04:37:09.929+0000] {dagbag.py:588} INFO - Filling up the DagBag from /home/airflow/.local/lib/python3.12/site-packages/airflow/example_dags/example_branch_python_dop_operator_3.py
[2024-10-06T04:37:09.942+0000] {processor.py:925} INFO - DAG(s) 'example_branch_dop_operator_v3' retrieved from /home/airflow/.local/lib/python3.12/site-packages/airflow/example_dags/example_branch_python_dop_operator_3.py
[2024-10-06T04:37:09.973+0000] {logging_mixin.py:190} INFO - [2024-10-06T04:37:09.973+0000] {dag.py:3239} INFO - Sync 1 DAGs
[2024-10-06T04:37:10.007+0000] {logging_mixin.py:190} INFO - [2024-10-06T04:37:10.007+0000] {dag.py:4180} INFO - Setting next_dagrun for example_branch_dop_operator_v3 to 2024-10-06 04:36:00+00:00, run_after=2024-10-06 04:37:00+00:00
[2024-10-06T04:37:10.035+0000] {processor.py:208} INFO - Processing /home/airflow/.local/lib/python3.12/site-packages/airflow/example_dags/example_branch_python_dop_operator_3.py took 0.120 seconds
[2024-10-06T04:39:04.119+0000] {processor.py:186} INFO - Started process (PID=31) to work on /home/airflow/.local/lib/python3.12/site-packages/airflow/example_dags/example_branch_python_dop_operator_3.py
[2024-10-06T04:39:04.121+0000] {processor.py:914} INFO - Processing file /home/airflow/.local/lib/python3.12/site-packages/airflow/example_dags/example_branch_python_dop_operator_3.py for tasks to queue
[2024-10-06T04:39:04.127+0000] {logging_mixin.py:190} INFO - [2024-10-06T04:39:04.127+0000] {dagbag.py:588} INFO - Filling up the DagBag from /home/airflow/.local/lib/python3.12/site-packages/airflow/example_dags/example_branch_python_dop_operator_3.py
[2024-10-06T04:39:04.150+0000] {processor.py:925} INFO - DAG(s) 'example_branch_dop_operator_v3' retrieved from /home/airflow/.local/lib/python3.12/site-packages/airflow/example_dags/example_branch_python_dop_operator_3.py
[2024-10-06T04:39:04.390+0000] {logging_mixin.py:190} INFO - [2024-10-06T04:39:04.389+0000] {override.py:1900} INFO - Created Permission View: can read on DAG:example_branch_dop_operator_v3
[2024-10-06T04:39:04.408+0000] {logging_mixin.py:190} INFO - [2024-10-06T04:39:04.407+0000] {override.py:1900} INFO - Created Permission View: can edit on DAG:example_branch_dop_operator_v3
[2024-10-06T04:39:04.417+0000] {logging_mixin.py:190} INFO - [2024-10-06T04:39:04.416+0000] {override.py:1900} INFO - Created Permission View: can delete on DAG:example_branch_dop_operator_v3
[2024-10-06T04:39:04.427+0000] {logging_mixin.py:190} INFO - [2024-10-06T04:39:04.427+0000] {override.py:1900} INFO - Created Permission View: menu access on DAG Run:example_branch_dop_operator_v3
[2024-10-06T04:39:04.436+0000] {logging_mixin.py:190} INFO - [2024-10-06T04:39:04.435+0000] {override.py:1900} INFO - Created Permission View: can read on DAG Run:example_branch_dop_operator_v3
[2024-10-06T04:39:04.445+0000] {logging_mixin.py:190} INFO - [2024-10-06T04:39:04.445+0000] {override.py:1900} INFO - Created Permission View: can create on DAG Run:example_branch_dop_operator_v3
[2024-10-06T04:39:04.455+0000] {logging_mixin.py:190} INFO - [2024-10-06T04:39:04.454+0000] {override.py:1900} INFO - Created Permission View: can delete on DAG Run:example_branch_dop_operator_v3
[2024-10-06T04:39:04.455+0000] {logging_mixin.py:190} INFO - [2024-10-06T04:39:04.455+0000] {dag.py:3239} INFO - Sync 1 DAGs
[2024-10-06T04:39:04.473+0000] {logging_mixin.py:190} INFO - [2024-10-06T04:39:04.472+0000] {dag.py:3262} INFO - Creating ORM DAG for example_branch_dop_operator_v3
[2024-10-06T04:39:04.491+0000] {logging_mixin.py:190} INFO - [2024-10-06T04:39:04.490+0000] {dag.py:4180} INFO - Setting next_dagrun for example_branch_dop_operator_v3 to 2024-10-06 04:38:00+00:00, run_after=2024-10-06 04:39:00+00:00
[2024-10-06T04:39:04.515+0000] {processor.py:208} INFO - Processing /home/airflow/.local/lib/python3.12/site-packages/airflow/example_dags/example_branch_python_dop_operator_3.py took 0.408 seconds
[2024-10-06T04:39:35.206+0000] {processor.py:186} INFO - Started process (PID=93) to work on /home/airflow/.local/lib/python3.12/site-packages/airflow/example_dags/example_branch_python_dop_operator_3.py
[2024-10-06T04:39:35.207+0000] {processor.py:914} INFO - Processing file /home/airflow/.local/lib/python3.12/site-packages/airflow/example_dags/example_branch_python_dop_operator_3.py for tasks to queue
[2024-10-06T04:39:35.212+0000] {logging_mixin.py:190} INFO - [2024-10-06T04:39:35.211+0000] {dagbag.py:588} INFO - Filling up the DagBag from /home/airflow/.local/lib/python3.12/site-packages/airflow/example_dags/example_branch_python_dop_operator_3.py
[2024-10-06T04:39:35.228+0000] {processor.py:925} INFO - DAG(s) 'example_branch_dop_operator_v3' retrieved from /home/airflow/.local/lib/python3.12/site-packages/airflow/example_dags/example_branch_python_dop_operator_3.py
[2024-10-06T04:39:35.257+0000] {logging_mixin.py:190} INFO - [2024-10-06T04:39:35.257+0000] {dag.py:3239} INFO - Sync 1 DAGs
[2024-10-06T04:39:35.292+0000] {logging_mixin.py:190} INFO - [2024-10-06T04:39:35.292+0000] {dag.py:4180} INFO - Setting next_dagrun for example_branch_dop_operator_v3 to 2024-10-06 04:38:00+00:00, run_after=2024-10-06 04:39:00+00:00
[2024-10-06T04:39:35.317+0000] {processor.py:208} INFO - Processing /home/airflow/.local/lib/python3.12/site-packages/airflow/example_dags/example_branch_python_dop_operator_3.py took 0.121 seconds
[2024-10-06T04:40:06.180+0000] {processor.py:186} INFO - Started process (PID=162) to work on /home/airflow/.local/lib/python3.12/site-packages/airflow/example_dags/example_branch_python_dop_operator_3.py
[2024-10-06T04:40:06.181+0000] {processor.py:914} INFO - Processing file /home/airflow/.local/lib/python3.12/site-packages/airflow/example_dags/example_branch_python_dop_operator_3.py for tasks to queue
[2024-10-06T04:40:06.186+0000] {logging_mixin.py:190} INFO - [2024-10-06T04:40:06.186+0000] {dagbag.py:588} INFO - Filling up the DagBag from /home/airflow/.local/lib/python3.12/site-packages/airflow/example_dags/example_branch_python_dop_operator_3.py
[2024-10-06T04:40:06.202+0000] {processor.py:925} INFO - DAG(s) 'example_branch_dop_operator_v3' retrieved from /home/airflow/.local/lib/python3.12/site-packages/airflow/example_dags/example_branch_python_dop_operator_3.py
[2024-10-06T04:40:06.233+0000] {logging_mixin.py:190} INFO - [2024-10-06T04:40:06.232+0000] {dag.py:3239} INFO - Sync 1 DAGs
[2024-10-06T04:40:06.277+0000] {logging_mixin.py:190} INFO - [2024-10-06T04:40:06.277+0000] {dag.py:4180} INFO - Setting next_dagrun for example_branch_dop_operator_v3 to 2024-10-06 04:39:00+00:00, run_after=2024-10-06 04:40:00+00:00
[2024-10-06T04:40:06.305+0000] {processor.py:208} INFO - Processing /home/airflow/.local/lib/python3.12/site-packages/airflow/example_dags/example_branch_python_dop_operator_3.py took 0.135 seconds
[2024-10-06T04:40:36.845+0000] {processor.py:186} INFO - Started process (PID=224) to work on /home/airflow/.local/lib/python3.12/site-packages/airflow/example_dags/example_branch_python_dop_operator_3.py
[2024-10-06T04:40:36.847+0000] {processor.py:914} INFO - Processing file /home/airflow/.local/lib/python3.12/site-packages/airflow/example_dags/example_branch_python_dop_operator_3.py for tasks to queue
[2024-10-06T04:40:36.851+0000] {logging_mixin.py:190} INFO - [2024-10-06T04:40:36.851+0000] {dagbag.py:588} INFO - Filling up the DagBag from /home/airflow/.local/lib/python3.12/site-packages/airflow/example_dags/example_branch_python_dop_operator_3.py
[2024-10-06T04:40:36.868+0000] {processor.py:925} INFO - DAG(s) 'example_branch_dop_operator_v3' retrieved from /home/airflow/.local/lib/python3.12/site-packages/airflow/example_dags/example_branch_python_dop_operator_3.py
[2024-10-06T04:40:36.937+0000] {logging_mixin.py:190} INFO - [2024-10-06T04:40:36.937+0000] {dag.py:3239} INFO - Sync 1 DAGs
[2024-10-06T04:40:36.997+0000] {logging_mixin.py:190} INFO - [2024-10-06T04:40:36.996+0000] {dag.py:4180} INFO - Setting next_dagrun for example_branch_dop_operator_v3 to 2024-10-06 04:39:00+00:00, run_after=2024-10-06 04:40:00+00:00
[2024-10-06T04:40:37.032+0000] {processor.py:208} INFO - Processing /home/airflow/.local/lib/python3.12/site-packages/airflow/example_dags/example_branch_python_dop_operator_3.py took 0.197 seconds
[2024-10-06T04:41:07.217+0000] {processor.py:186} INFO - Started process (PID=285) to work on /home/airflow/.local/lib/python3.12/site-packages/airflow/example_dags/example_branch_python_dop_operator_3.py
[2024-10-06T04:41:07.218+0000] {processor.py:914} INFO - Processing file /home/airflow/.local/lib/python3.12/site-packages/airflow/example_dags/example_branch_python_dop_operator_3.py for tasks to queue
[2024-10-06T04:41:07.224+0000] {logging_mixin.py:190} INFO - [2024-10-06T04:41:07.224+0000] {dagbag.py:588} INFO - Filling up the DagBag from /home/airflow/.local/lib/python3.12/site-packages/airflow/example_dags/example_branch_python_dop_operator_3.py
[2024-10-06T04:41:07.243+0000] {processor.py:925} INFO - DAG(s) 'example_branch_dop_operator_v3' retrieved from /home/airflow/.local/lib/python3.12/site-packages/airflow/example_dags/example_branch_python_dop_operator_3.py
[2024-10-06T04:41:07.281+0000] {logging_mixin.py:190} INFO - [2024-10-06T04:41:07.280+0000] {dag.py:3239} INFO - Sync 1 DAGs
[2024-10-06T04:41:07.331+0000] {logging_mixin.py:190} INFO - [2024-10-06T04:41:07.330+0000] {dag.py:4180} INFO - Setting next_dagrun for example_branch_dop_operator_v3 to 2024-10-06 04:40:00+00:00, run_after=2024-10-06 04:41:00+00:00
[2024-10-06T04:41:07.361+0000] {processor.py:208} INFO - Processing /home/airflow/.local/lib/python3.12/site-packages/airflow/example_dags/example_branch_python_dop_operator_3.py took 0.158 seconds
[2024-10-06T04:41:37.648+0000] {processor.py:186} INFO - Started process (PID=347) to work on /home/airflow/.local/lib/python3.12/site-packages/airflow/example_dags/example_branch_python_dop_operator_3.py
[2024-10-06T04:41:37.650+0000] {processor.py:914} INFO - Processing file /home/airflow/.local/lib/python3.12/site-packages/airflow/example_dags/example_branch_python_dop_operator_3.py for tasks to queue
[2024-10-06T04:41:37.655+0000] {logging_mixin.py:190} INFO - [2024-10-06T04:41:37.655+0000] {dagbag.py:588} INFO - Filling up the DagBag from /home/airflow/.local/lib/python3.12/site-packages/airflow/example_dags/example_branch_python_dop_operator_3.py
[2024-10-06T04:41:37.675+0000] {processor.py:925} INFO - DAG(s) 'example_branch_dop_operator_v3' retrieved from /home/airflow/.local/lib/python3.12/site-packages/airflow/example_dags/example_branch_python_dop_operator_3.py
[2024-10-06T04:41:37.722+0000] {logging_mixin.py:190} INFO - [2024-10-06T04:41:37.721+0000] {dag.py:3239} INFO - Sync 1 DAGs
[2024-10-06T04:41:37.780+0000] {logging_mixin.py:190} INFO - [2024-10-06T04:41:37.779+0000] {dag.py:4180} INFO - Setting next_dagrun for example_branch_dop_operator_v3 to 2024-10-06 04:40:00+00:00, run_after=2024-10-06 04:41:00+00:00
[2024-10-06T04:41:37.812+0000] {processor.py:208} INFO - Processing /home/airflow/.local/lib/python3.12/site-packages/airflow/example_dags/example_branch_python_dop_operator_3.py took 0.175 seconds
[2024-10-06T04:42:08.541+0000] {processor.py:186} INFO - Started process (PID=409) to work on /home/airflow/.local/lib/python3.12/site-packages/airflow/example_dags/example_branch_python_dop_operator_3.py
[2024-10-06T04:42:08.543+0000] {processor.py:914} INFO - Processing file /home/airflow/.local/lib/python3.12/site-packages/airflow/example_dags/example_branch_python_dop_operator_3.py for tasks to queue
[2024-10-06T04:42:08.547+0000] {logging_mixin.py:190} INFO - [2024-10-06T04:42:08.546+0000] {dagbag.py:588} INFO - Filling up the DagBag from /home/airflow/.local/lib/python3.12/site-packages/airflow/example_dags/example_branch_python_dop_operator_3.py
[2024-10-06T04:42:08.561+0000] {processor.py:925} INFO - DAG(s) 'example_branch_dop_operator_v3' retrieved from /home/airflow/.local/lib/python3.12/site-packages/airflow/example_dags/example_branch_python_dop_operator_3.py
[2024-10-06T04:42:08.596+0000] {logging_mixin.py:190} INFO - [2024-10-06T04:42:08.595+0000] {dag.py:3239} INFO - Sync 1 DAGs
[2024-10-06T04:42:08.631+0000] {logging_mixin.py:190} INFO - [2024-10-06T04:42:08.631+0000] {dag.py:4180} INFO - Setting next_dagrun for example_branch_dop_operator_v3 to 2024-10-06 04:41:00+00:00, run_after=2024-10-06 04:42:00+00:00
[2024-10-06T04:42:08.656+0000] {processor.py:208} INFO - Processing /home/airflow/.local/lib/python3.12/site-packages/airflow/example_dags/example_branch_python_dop_operator_3.py took 0.123 seconds
[2024-10-06T04:42:39.032+0000] {processor.py:186} INFO - Started process (PID=471) to work on /home/airflow/.local/lib/python3.12/site-packages/airflow/example_dags/example_branch_python_dop_operator_3.py
[2024-10-06T04:42:39.034+0000] {processor.py:914} INFO - Processing file /home/airflow/.local/lib/python3.12/site-packages/airflow/example_dags/example_branch_python_dop_operator_3.py for tasks to queue
[2024-10-06T04:42:39.039+0000] {logging_mixin.py:190} INFO - [2024-10-06T04:42:39.038+0000] {dagbag.py:588} INFO - Filling up the DagBag from /home/airflow/.local/lib/python3.12/site-packages/airflow/example_dags/example_branch_python_dop_operator_3.py
[2024-10-06T04:42:39.058+0000] {processor.py:925} INFO - DAG(s) 'example_branch_dop_operator_v3' retrieved from /home/airflow/.local/lib/python3.12/site-packages/airflow/example_dags/example_branch_python_dop_operator_3.py
[2024-10-06T04:42:39.092+0000] {logging_mixin.py:190} INFO - [2024-10-06T04:42:39.092+0000] {dag.py:3239} INFO - Sync 1 DAGs
[2024-10-06T04:42:39.135+0000] {logging_mixin.py:190} INFO - [2024-10-06T04:42:39.135+0000] {dag.py:4180} INFO - Setting next_dagrun for example_branch_dop_operator_v3 to 2024-10-06 04:41:00+00:00, run_after=2024-10-06 04:42:00+00:00
[2024-10-06T04:42:39.173+0000] {processor.py:208} INFO - Processing /home/airflow/.local/lib/python3.12/site-packages/airflow/example_dags/example_branch_python_dop_operator_3.py took 0.152 seconds
[2024-10-06T04:45:40.112+0000] {processor.py:186} INFO - Started process (PID=31) to work on /home/airflow/.local/lib/python3.12/site-packages/airflow/example_dags/example_branch_python_dop_operator_3.py
[2024-10-06T04:45:40.117+0000] {processor.py:914} INFO - Processing file /home/airflow/.local/lib/python3.12/site-packages/airflow/example_dags/example_branch_python_dop_operator_3.py for tasks to queue
[2024-10-06T04:45:40.121+0000] {logging_mixin.py:190} INFO - [2024-10-06T04:45:40.120+0000] {dagbag.py:588} INFO - Filling up the DagBag from /home/airflow/.local/lib/python3.12/site-packages/airflow/example_dags/example_branch_python_dop_operator_3.py
[2024-10-06T04:45:40.154+0000] {processor.py:925} INFO - DAG(s) 'example_branch_dop_operator_v3' retrieved from /home/airflow/.local/lib/python3.12/site-packages/airflow/example_dags/example_branch_python_dop_operator_3.py
[2024-10-06T04:45:40.179+0000] {logging_mixin.py:190} INFO - [2024-10-06T04:45:40.179+0000] {dag.py:3239} INFO - Sync 1 DAGs
[2024-10-06T04:45:40.211+0000] {logging_mixin.py:190} INFO - [2024-10-06T04:45:40.211+0000] {dag.py:4180} INFO - Setting next_dagrun for example_branch_dop_operator_v3 to 2024-10-06 04:44:00+00:00, run_after=2024-10-06 04:45:00+00:00
[2024-10-06T04:45:40.244+0000] {processor.py:208} INFO - Processing /home/airflow/.local/lib/python3.12/site-packages/airflow/example_dags/example_branch_python_dop_operator_3.py took 0.139 seconds
[2024-10-06T04:46:10.329+0000] {processor.py:186} INFO - Started process (PID=93) to work on /home/airflow/.local/lib/python3.12/site-packages/airflow/example_dags/example_branch_python_dop_operator_3.py
[2024-10-06T04:46:10.330+0000] {processor.py:914} INFO - Processing file /home/airflow/.local/lib/python3.12/site-packages/airflow/example_dags/example_branch_python_dop_operator_3.py for tasks to queue
[2024-10-06T04:46:10.333+0000] {logging_mixin.py:190} INFO - [2024-10-06T04:46:10.332+0000] {dagbag.py:588} INFO - Filling up the DagBag from /home/airflow/.local/lib/python3.12/site-packages/airflow/example_dags/example_branch_python_dop_operator_3.py
[2024-10-06T04:46:10.347+0000] {processor.py:925} INFO - DAG(s) 'example_branch_dop_operator_v3' retrieved from /home/airflow/.local/lib/python3.12/site-packages/airflow/example_dags/example_branch_python_dop_operator_3.py
[2024-10-06T04:46:10.369+0000] {logging_mixin.py:190} INFO - [2024-10-06T04:46:10.369+0000] {dag.py:3239} INFO - Sync 1 DAGs
[2024-10-06T04:46:10.413+0000] {logging_mixin.py:190} INFO - [2024-10-06T04:46:10.413+0000] {dag.py:4180} INFO - Setting next_dagrun for example_branch_dop_operator_v3 to 2024-10-06 04:45:00+00:00, run_after=2024-10-06 04:46:00+00:00
[2024-10-06T04:46:10.443+0000] {processor.py:208} INFO - Processing /home/airflow/.local/lib/python3.12/site-packages/airflow/example_dags/example_branch_python_dop_operator_3.py took 0.121 seconds
