[2024-10-06T04:18:51.762+0000] {processor.py:186} INFO - Started process (PID=36) to work on /home/airflow/.local/lib/python3.12/site-packages/airflow/example_dags/example_external_task_marker_dag.py
[2024-10-06T04:18:51.763+0000] {processor.py:914} INFO - Processing file /home/airflow/.local/lib/python3.12/site-packages/airflow/example_dags/example_external_task_marker_dag.py for tasks to queue
[2024-10-06T04:18:51.783+0000] {logging_mixin.py:190} INFO - [2024-10-06T04:18:51.782+0000] {dagbag.py:588} INFO - Filling up the DagBag from /home/airflow/.local/lib/python3.12/site-packages/airflow/example_dags/example_external_task_marker_dag.py
[2024-10-06T04:18:51.795+0000] {processor.py:925} INFO - DAG(s) 'example_external_task_marker_child', 'example_external_task_marker_parent' retrieved from /home/airflow/.local/lib/python3.12/site-packages/airflow/example_dags/example_external_task_marker_dag.py
[2024-10-06T04:18:52.049+0000] {logging_mixin.py:190} INFO - [2024-10-06T04:18:52.048+0000] {override.py:1900} INFO - Created Permission View: can edit on DAG:example_external_task_marker_child
[2024-10-06T04:18:52.081+0000] {logging_mixin.py:190} INFO - [2024-10-06T04:18:52.080+0000] {override.py:1900} INFO - Created Permission View: can delete on DAG:example_external_task_marker_child
[2024-10-06T04:18:52.098+0000] {logging_mixin.py:190} INFO - [2024-10-06T04:18:52.098+0000] {override.py:1900} INFO - Created Permission View: can read on DAG:example_external_task_marker_child
[2024-10-06T04:18:52.109+0000] {logging_mixin.py:190} INFO - [2024-10-06T04:18:52.108+0000] {override.py:1900} INFO - Created Permission View: can create on DAG Run:example_external_task_marker_child
[2024-10-06T04:18:52.126+0000] {logging_mixin.py:190} INFO - [2024-10-06T04:18:52.125+0000] {override.py:1900} INFO - Created Permission View: menu access on DAG Run:example_external_task_marker_child
[2024-10-06T04:18:52.139+0000] {logging_mixin.py:190} INFO - [2024-10-06T04:18:52.139+0000] {override.py:1900} INFO - Created Permission View: can read on DAG Run:example_external_task_marker_child
[2024-10-06T04:18:52.152+0000] {logging_mixin.py:190} INFO - [2024-10-06T04:18:52.151+0000] {override.py:1900} INFO - Created Permission View: can delete on DAG Run:example_external_task_marker_child
[2024-10-06T04:18:52.179+0000] {logging_mixin.py:190} INFO - [2024-10-06T04:18:52.178+0000] {override.py:1900} INFO - Created Permission View: can edit on DAG:example_external_task_marker_parent
[2024-10-06T04:18:52.201+0000] {logging_mixin.py:190} INFO - [2024-10-06T04:18:52.201+0000] {override.py:1900} INFO - Created Permission View: can delete on DAG:example_external_task_marker_parent
[2024-10-06T04:18:52.224+0000] {logging_mixin.py:190} INFO - [2024-10-06T04:18:52.223+0000] {override.py:1900} INFO - Created Permission View: can read on DAG:example_external_task_marker_parent
[2024-10-06T04:18:52.250+0000] {logging_mixin.py:190} INFO - [2024-10-06T04:18:52.249+0000] {override.py:1900} INFO - Created Permission View: can create on DAG Run:example_external_task_marker_parent
[2024-10-06T04:18:52.279+0000] {logging_mixin.py:190} INFO - [2024-10-06T04:18:52.278+0000] {override.py:1900} INFO - Created Permission View: menu access on DAG Run:example_external_task_marker_parent
[2024-10-06T04:18:52.289+0000] {logging_mixin.py:190} INFO - [2024-10-06T04:18:52.288+0000] {override.py:1900} INFO - Created Permission View: can read on DAG Run:example_external_task_marker_parent
[2024-10-06T04:18:52.297+0000] {logging_mixin.py:190} INFO - [2024-10-06T04:18:52.297+0000] {override.py:1900} INFO - Created Permission View: can delete on DAG Run:example_external_task_marker_parent
[2024-10-06T04:18:52.298+0000] {logging_mixin.py:190} INFO - [2024-10-06T04:18:52.298+0000] {dag.py:3239} INFO - Sync 2 DAGs
[2024-10-06T04:18:52.338+0000] {logging_mixin.py:190} INFO - [2024-10-06T04:18:52.338+0000] {dag.py:3262} INFO - Creating ORM DAG for example_external_task_marker_child
[2024-10-06T04:18:52.339+0000] {logging_mixin.py:190} INFO - [2024-10-06T04:18:52.339+0000] {dag.py:3262} INFO - Creating ORM DAG for example_external_task_marker_parent
[2024-10-06T04:18:52.340+0000] {logging_mixin.py:190} INFO - [2024-10-06T04:18:52.340+0000] {dag.py:4180} INFO - Setting next_dagrun for example_external_task_marker_child to None, run_after=None
[2024-10-06T04:18:52.341+0000] {logging_mixin.py:190} INFO - [2024-10-06T04:18:52.341+0000] {dag.py:4180} INFO - Setting next_dagrun for example_external_task_marker_parent to None, run_after=None
[2024-10-06T04:18:52.421+0000] {processor.py:208} INFO - Processing /home/airflow/.local/lib/python3.12/site-packages/airflow/example_dags/example_external_task_marker_dag.py took 0.668 seconds
[2024-10-06T04:19:45.195+0000] {processor.py:186} INFO - Started process (PID=104) to work on /home/airflow/.local/lib/python3.12/site-packages/airflow/example_dags/example_external_task_marker_dag.py
[2024-10-06T04:19:45.197+0000] {processor.py:914} INFO - Processing file /home/airflow/.local/lib/python3.12/site-packages/airflow/example_dags/example_external_task_marker_dag.py for tasks to queue
[2024-10-06T04:19:45.203+0000] {logging_mixin.py:190} INFO - [2024-10-06T04:19:45.202+0000] {dagbag.py:588} INFO - Filling up the DagBag from /home/airflow/.local/lib/python3.12/site-packages/airflow/example_dags/example_external_task_marker_dag.py
[2024-10-06T04:19:45.276+0000] {processor.py:925} INFO - DAG(s) 'example_external_task_marker_child', 'example_external_task_marker_parent' retrieved from /home/airflow/.local/lib/python3.12/site-packages/airflow/example_dags/example_external_task_marker_dag.py
[2024-10-06T04:19:45.379+0000] {logging_mixin.py:190} INFO - [2024-10-06T04:19:45.378+0000] {dag.py:3239} INFO - Sync 2 DAGs
[2024-10-06T04:19:45.487+0000] {logging_mixin.py:190} INFO - [2024-10-06T04:19:45.487+0000] {dag.py:4180} INFO - Setting next_dagrun for example_external_task_marker_child to None, run_after=None
[2024-10-06T04:19:45.496+0000] {logging_mixin.py:190} INFO - [2024-10-06T04:19:45.496+0000] {dag.py:4180} INFO - Setting next_dagrun for example_external_task_marker_parent to None, run_after=None
[2024-10-06T04:19:45.531+0000] {processor.py:208} INFO - Processing /home/airflow/.local/lib/python3.12/site-packages/airflow/example_dags/example_external_task_marker_dag.py took 0.356 seconds
[2024-10-06T04:20:16.260+0000] {processor.py:186} INFO - Started process (PID=166) to work on /home/airflow/.local/lib/python3.12/site-packages/airflow/example_dags/example_external_task_marker_dag.py
[2024-10-06T04:20:16.262+0000] {processor.py:914} INFO - Processing file /home/airflow/.local/lib/python3.12/site-packages/airflow/example_dags/example_external_task_marker_dag.py for tasks to queue
[2024-10-06T04:20:16.266+0000] {logging_mixin.py:190} INFO - [2024-10-06T04:20:16.265+0000] {dagbag.py:588} INFO - Filling up the DagBag from /home/airflow/.local/lib/python3.12/site-packages/airflow/example_dags/example_external_task_marker_dag.py
[2024-10-06T04:20:16.282+0000] {processor.py:925} INFO - DAG(s) 'example_external_task_marker_child', 'example_external_task_marker_parent' retrieved from /home/airflow/.local/lib/python3.12/site-packages/airflow/example_dags/example_external_task_marker_dag.py
[2024-10-06T04:20:16.327+0000] {logging_mixin.py:190} INFO - [2024-10-06T04:20:16.326+0000] {dag.py:3239} INFO - Sync 2 DAGs
[2024-10-06T04:20:16.349+0000] {logging_mixin.py:190} INFO - [2024-10-06T04:20:16.349+0000] {dag.py:4180} INFO - Setting next_dagrun for example_external_task_marker_child to None, run_after=None
[2024-10-06T04:20:16.355+0000] {logging_mixin.py:190} INFO - [2024-10-06T04:20:16.355+0000] {dag.py:4180} INFO - Setting next_dagrun for example_external_task_marker_parent to None, run_after=None
[2024-10-06T04:20:16.388+0000] {processor.py:208} INFO - Processing /home/airflow/.local/lib/python3.12/site-packages/airflow/example_dags/example_external_task_marker_dag.py took 0.141 seconds
[2024-10-06T04:20:46.982+0000] {processor.py:186} INFO - Started process (PID=229) to work on /home/airflow/.local/lib/python3.12/site-packages/airflow/example_dags/example_external_task_marker_dag.py
[2024-10-06T04:20:46.984+0000] {processor.py:914} INFO - Processing file /home/airflow/.local/lib/python3.12/site-packages/airflow/example_dags/example_external_task_marker_dag.py for tasks to queue
[2024-10-06T04:20:46.989+0000] {logging_mixin.py:190} INFO - [2024-10-06T04:20:46.988+0000] {dagbag.py:588} INFO - Filling up the DagBag from /home/airflow/.local/lib/python3.12/site-packages/airflow/example_dags/example_external_task_marker_dag.py
[2024-10-06T04:20:47.003+0000] {processor.py:925} INFO - DAG(s) 'example_external_task_marker_child', 'example_external_task_marker_parent' retrieved from /home/airflow/.local/lib/python3.12/site-packages/airflow/example_dags/example_external_task_marker_dag.py
[2024-10-06T04:20:47.049+0000] {logging_mixin.py:190} INFO - [2024-10-06T04:20:47.048+0000] {dag.py:3239} INFO - Sync 2 DAGs
[2024-10-06T04:20:47.070+0000] {logging_mixin.py:190} INFO - [2024-10-06T04:20:47.069+0000] {dag.py:4180} INFO - Setting next_dagrun for example_external_task_marker_child to None, run_after=None
[2024-10-06T04:20:47.074+0000] {logging_mixin.py:190} INFO - [2024-10-06T04:20:47.074+0000] {dag.py:4180} INFO - Setting next_dagrun for example_external_task_marker_parent to None, run_after=None
[2024-10-06T04:20:47.095+0000] {processor.py:208} INFO - Processing /home/airflow/.local/lib/python3.12/site-packages/airflow/example_dags/example_external_task_marker_dag.py took 0.123 seconds
[2024-10-06T04:21:17.491+0000] {processor.py:186} INFO - Started process (PID=291) to work on /home/airflow/.local/lib/python3.12/site-packages/airflow/example_dags/example_external_task_marker_dag.py
[2024-10-06T04:21:17.493+0000] {processor.py:914} INFO - Processing file /home/airflow/.local/lib/python3.12/site-packages/airflow/example_dags/example_external_task_marker_dag.py for tasks to queue
[2024-10-06T04:21:17.498+0000] {logging_mixin.py:190} INFO - [2024-10-06T04:21:17.497+0000] {dagbag.py:588} INFO - Filling up the DagBag from /home/airflow/.local/lib/python3.12/site-packages/airflow/example_dags/example_external_task_marker_dag.py
[2024-10-06T04:21:17.514+0000] {processor.py:925} INFO - DAG(s) 'example_external_task_marker_child', 'example_external_task_marker_parent' retrieved from /home/airflow/.local/lib/python3.12/site-packages/airflow/example_dags/example_external_task_marker_dag.py
[2024-10-06T04:21:17.563+0000] {logging_mixin.py:190} INFO - [2024-10-06T04:21:17.562+0000] {dag.py:3239} INFO - Sync 2 DAGs
[2024-10-06T04:21:17.593+0000] {logging_mixin.py:190} INFO - [2024-10-06T04:21:17.593+0000] {dag.py:4180} INFO - Setting next_dagrun for example_external_task_marker_child to None, run_after=None
[2024-10-06T04:21:17.600+0000] {logging_mixin.py:190} INFO - [2024-10-06T04:21:17.600+0000] {dag.py:4180} INFO - Setting next_dagrun for example_external_task_marker_parent to None, run_after=None
[2024-10-06T04:21:17.629+0000] {processor.py:208} INFO - Processing /home/airflow/.local/lib/python3.12/site-packages/airflow/example_dags/example_external_task_marker_dag.py took 0.148 seconds
[2024-10-06T04:21:48.077+0000] {processor.py:186} INFO - Started process (PID=352) to work on /home/airflow/.local/lib/python3.12/site-packages/airflow/example_dags/example_external_task_marker_dag.py
[2024-10-06T04:21:48.078+0000] {processor.py:914} INFO - Processing file /home/airflow/.local/lib/python3.12/site-packages/airflow/example_dags/example_external_task_marker_dag.py for tasks to queue
[2024-10-06T04:21:48.082+0000] {logging_mixin.py:190} INFO - [2024-10-06T04:21:48.082+0000] {dagbag.py:588} INFO - Filling up the DagBag from /home/airflow/.local/lib/python3.12/site-packages/airflow/example_dags/example_external_task_marker_dag.py
[2024-10-06T04:21:48.094+0000] {processor.py:925} INFO - DAG(s) 'example_external_task_marker_parent', 'example_external_task_marker_child' retrieved from /home/airflow/.local/lib/python3.12/site-packages/airflow/example_dags/example_external_task_marker_dag.py
[2024-10-06T04:21:48.128+0000] {logging_mixin.py:190} INFO - [2024-10-06T04:21:48.128+0000] {dag.py:3239} INFO - Sync 2 DAGs
[2024-10-06T04:21:48.149+0000] {logging_mixin.py:190} INFO - [2024-10-06T04:21:48.149+0000] {dag.py:4180} INFO - Setting next_dagrun for example_external_task_marker_child to None, run_after=None
[2024-10-06T04:21:48.154+0000] {logging_mixin.py:190} INFO - [2024-10-06T04:21:48.154+0000] {dag.py:4180} INFO - Setting next_dagrun for example_external_task_marker_parent to None, run_after=None
[2024-10-06T04:21:48.178+0000] {processor.py:208} INFO - Processing /home/airflow/.local/lib/python3.12/site-packages/airflow/example_dags/example_external_task_marker_dag.py took 0.112 seconds
[2024-10-06T04:22:18.414+0000] {processor.py:186} INFO - Started process (PID=415) to work on /home/airflow/.local/lib/python3.12/site-packages/airflow/example_dags/example_external_task_marker_dag.py
[2024-10-06T04:22:18.415+0000] {processor.py:914} INFO - Processing file /home/airflow/.local/lib/python3.12/site-packages/airflow/example_dags/example_external_task_marker_dag.py for tasks to queue
[2024-10-06T04:22:18.420+0000] {logging_mixin.py:190} INFO - [2024-10-06T04:22:18.419+0000] {dagbag.py:588} INFO - Filling up the DagBag from /home/airflow/.local/lib/python3.12/site-packages/airflow/example_dags/example_external_task_marker_dag.py
[2024-10-06T04:22:18.434+0000] {processor.py:925} INFO - DAG(s) 'example_external_task_marker_parent', 'example_external_task_marker_child' retrieved from /home/airflow/.local/lib/python3.12/site-packages/airflow/example_dags/example_external_task_marker_dag.py
[2024-10-06T04:22:18.481+0000] {logging_mixin.py:190} INFO - [2024-10-06T04:22:18.480+0000] {dag.py:3239} INFO - Sync 2 DAGs
[2024-10-06T04:22:18.518+0000] {logging_mixin.py:190} INFO - [2024-10-06T04:22:18.517+0000] {dag.py:4180} INFO - Setting next_dagrun for example_external_task_marker_child to None, run_after=None
[2024-10-06T04:22:18.523+0000] {logging_mixin.py:190} INFO - [2024-10-06T04:22:18.523+0000] {dag.py:4180} INFO - Setting next_dagrun for example_external_task_marker_parent to None, run_after=None
[2024-10-06T04:22:18.546+0000] {processor.py:208} INFO - Processing /home/airflow/.local/lib/python3.12/site-packages/airflow/example_dags/example_external_task_marker_dag.py took 0.143 seconds
[2024-10-06T04:22:49.345+0000] {processor.py:186} INFO - Started process (PID=478) to work on /home/airflow/.local/lib/python3.12/site-packages/airflow/example_dags/example_external_task_marker_dag.py
[2024-10-06T04:22:49.346+0000] {processor.py:914} INFO - Processing file /home/airflow/.local/lib/python3.12/site-packages/airflow/example_dags/example_external_task_marker_dag.py for tasks to queue
[2024-10-06T04:22:49.349+0000] {logging_mixin.py:190} INFO - [2024-10-06T04:22:49.349+0000] {dagbag.py:588} INFO - Filling up the DagBag from /home/airflow/.local/lib/python3.12/site-packages/airflow/example_dags/example_external_task_marker_dag.py
[2024-10-06T04:22:49.360+0000] {processor.py:925} INFO - DAG(s) 'example_external_task_marker_parent', 'example_external_task_marker_child' retrieved from /home/airflow/.local/lib/python3.12/site-packages/airflow/example_dags/example_external_task_marker_dag.py
[2024-10-06T04:22:49.399+0000] {logging_mixin.py:190} INFO - [2024-10-06T04:22:49.398+0000] {dag.py:3239} INFO - Sync 2 DAGs
[2024-10-06T04:22:49.420+0000] {logging_mixin.py:190} INFO - [2024-10-06T04:22:49.420+0000] {dag.py:4180} INFO - Setting next_dagrun for example_external_task_marker_child to None, run_after=None
[2024-10-06T04:22:49.425+0000] {logging_mixin.py:190} INFO - [2024-10-06T04:22:49.425+0000] {dag.py:4180} INFO - Setting next_dagrun for example_external_task_marker_parent to None, run_after=None
[2024-10-06T04:22:49.443+0000] {processor.py:208} INFO - Processing /home/airflow/.local/lib/python3.12/site-packages/airflow/example_dags/example_external_task_marker_dag.py took 0.107 seconds
[2024-10-06T04:23:19.855+0000] {processor.py:186} INFO - Started process (PID=540) to work on /home/airflow/.local/lib/python3.12/site-packages/airflow/example_dags/example_external_task_marker_dag.py
[2024-10-06T04:23:19.857+0000] {processor.py:914} INFO - Processing file /home/airflow/.local/lib/python3.12/site-packages/airflow/example_dags/example_external_task_marker_dag.py for tasks to queue
[2024-10-06T04:23:19.861+0000] {logging_mixin.py:190} INFO - [2024-10-06T04:23:19.860+0000] {dagbag.py:588} INFO - Filling up the DagBag from /home/airflow/.local/lib/python3.12/site-packages/airflow/example_dags/example_external_task_marker_dag.py
[2024-10-06T04:23:19.875+0000] {processor.py:925} INFO - DAG(s) 'example_external_task_marker_child', 'example_external_task_marker_parent' retrieved from /home/airflow/.local/lib/python3.12/site-packages/airflow/example_dags/example_external_task_marker_dag.py
[2024-10-06T04:23:19.914+0000] {logging_mixin.py:190} INFO - [2024-10-06T04:23:19.914+0000] {dag.py:3239} INFO - Sync 2 DAGs
[2024-10-06T04:23:19.932+0000] {logging_mixin.py:190} INFO - [2024-10-06T04:23:19.932+0000] {dag.py:4180} INFO - Setting next_dagrun for example_external_task_marker_child to None, run_after=None
[2024-10-06T04:23:19.938+0000] {logging_mixin.py:190} INFO - [2024-10-06T04:23:19.937+0000] {dag.py:4180} INFO - Setting next_dagrun for example_external_task_marker_parent to None, run_after=None
[2024-10-06T04:23:19.957+0000] {processor.py:208} INFO - Processing /home/airflow/.local/lib/python3.12/site-packages/airflow/example_dags/example_external_task_marker_dag.py took 0.114 seconds
[2024-10-06T04:23:50.064+0000] {processor.py:186} INFO - Started process (PID=600) to work on /home/airflow/.local/lib/python3.12/site-packages/airflow/example_dags/example_external_task_marker_dag.py
[2024-10-06T04:23:50.065+0000] {processor.py:914} INFO - Processing file /home/airflow/.local/lib/python3.12/site-packages/airflow/example_dags/example_external_task_marker_dag.py for tasks to queue
[2024-10-06T04:23:50.070+0000] {logging_mixin.py:190} INFO - [2024-10-06T04:23:50.069+0000] {dagbag.py:588} INFO - Filling up the DagBag from /home/airflow/.local/lib/python3.12/site-packages/airflow/example_dags/example_external_task_marker_dag.py
[2024-10-06T04:23:50.084+0000] {processor.py:925} INFO - DAG(s) 'example_external_task_marker_child', 'example_external_task_marker_parent' retrieved from /home/airflow/.local/lib/python3.12/site-packages/airflow/example_dags/example_external_task_marker_dag.py
[2024-10-06T04:23:50.125+0000] {logging_mixin.py:190} INFO - [2024-10-06T04:23:50.125+0000] {dag.py:3239} INFO - Sync 2 DAGs
[2024-10-06T04:23:50.145+0000] {logging_mixin.py:190} INFO - [2024-10-06T04:23:50.144+0000] {dag.py:4180} INFO - Setting next_dagrun for example_external_task_marker_child to None, run_after=None
[2024-10-06T04:23:50.150+0000] {logging_mixin.py:190} INFO - [2024-10-06T04:23:50.150+0000] {dag.py:4180} INFO - Setting next_dagrun for example_external_task_marker_parent to None, run_after=None
[2024-10-06T04:23:50.173+0000] {processor.py:208} INFO - Processing /home/airflow/.local/lib/python3.12/site-packages/airflow/example_dags/example_external_task_marker_dag.py took 0.121 seconds
[2024-10-06T04:24:20.558+0000] {processor.py:186} INFO - Started process (PID=662) to work on /home/airflow/.local/lib/python3.12/site-packages/airflow/example_dags/example_external_task_marker_dag.py
[2024-10-06T04:24:20.560+0000] {processor.py:914} INFO - Processing file /home/airflow/.local/lib/python3.12/site-packages/airflow/example_dags/example_external_task_marker_dag.py for tasks to queue
[2024-10-06T04:24:20.565+0000] {logging_mixin.py:190} INFO - [2024-10-06T04:24:20.564+0000] {dagbag.py:588} INFO - Filling up the DagBag from /home/airflow/.local/lib/python3.12/site-packages/airflow/example_dags/example_external_task_marker_dag.py
[2024-10-06T04:24:20.579+0000] {processor.py:925} INFO - DAG(s) 'example_external_task_marker_parent', 'example_external_task_marker_child' retrieved from /home/airflow/.local/lib/python3.12/site-packages/airflow/example_dags/example_external_task_marker_dag.py
[2024-10-06T04:24:20.614+0000] {logging_mixin.py:190} INFO - [2024-10-06T04:24:20.613+0000] {dag.py:3239} INFO - Sync 2 DAGs
[2024-10-06T04:24:20.637+0000] {logging_mixin.py:190} INFO - [2024-10-06T04:24:20.636+0000] {dag.py:4180} INFO - Setting next_dagrun for example_external_task_marker_child to None, run_after=None
[2024-10-06T04:24:20.648+0000] {logging_mixin.py:190} INFO - [2024-10-06T04:24:20.648+0000] {dag.py:4180} INFO - Setting next_dagrun for example_external_task_marker_parent to None, run_after=None
[2024-10-06T04:24:20.668+0000] {processor.py:208} INFO - Processing /home/airflow/.local/lib/python3.12/site-packages/airflow/example_dags/example_external_task_marker_dag.py took 0.122 seconds
[2024-10-06T04:24:50.807+0000] {processor.py:186} INFO - Started process (PID=723) to work on /home/airflow/.local/lib/python3.12/site-packages/airflow/example_dags/example_external_task_marker_dag.py
[2024-10-06T04:24:50.809+0000] {processor.py:914} INFO - Processing file /home/airflow/.local/lib/python3.12/site-packages/airflow/example_dags/example_external_task_marker_dag.py for tasks to queue
[2024-10-06T04:24:50.813+0000] {logging_mixin.py:190} INFO - [2024-10-06T04:24:50.812+0000] {dagbag.py:588} INFO - Filling up the DagBag from /home/airflow/.local/lib/python3.12/site-packages/airflow/example_dags/example_external_task_marker_dag.py
[2024-10-06T04:24:50.824+0000] {processor.py:925} INFO - DAG(s) 'example_external_task_marker_child', 'example_external_task_marker_parent' retrieved from /home/airflow/.local/lib/python3.12/site-packages/airflow/example_dags/example_external_task_marker_dag.py
[2024-10-06T04:24:50.855+0000] {logging_mixin.py:190} INFO - [2024-10-06T04:24:50.855+0000] {dag.py:3239} INFO - Sync 2 DAGs
[2024-10-06T04:24:50.878+0000] {logging_mixin.py:190} INFO - [2024-10-06T04:24:50.878+0000] {dag.py:4180} INFO - Setting next_dagrun for example_external_task_marker_child to None, run_after=None
[2024-10-06T04:24:50.883+0000] {logging_mixin.py:190} INFO - [2024-10-06T04:24:50.883+0000] {dag.py:4180} INFO - Setting next_dagrun for example_external_task_marker_parent to None, run_after=None
[2024-10-06T04:24:50.905+0000] {processor.py:208} INFO - Processing /home/airflow/.local/lib/python3.12/site-packages/airflow/example_dags/example_external_task_marker_dag.py took 0.106 seconds
[2024-10-06T04:25:21.147+0000] {processor.py:186} INFO - Started process (PID=786) to work on /home/airflow/.local/lib/python3.12/site-packages/airflow/example_dags/example_external_task_marker_dag.py
[2024-10-06T04:25:21.149+0000] {processor.py:914} INFO - Processing file /home/airflow/.local/lib/python3.12/site-packages/airflow/example_dags/example_external_task_marker_dag.py for tasks to queue
[2024-10-06T04:25:21.154+0000] {logging_mixin.py:190} INFO - [2024-10-06T04:25:21.154+0000] {dagbag.py:588} INFO - Filling up the DagBag from /home/airflow/.local/lib/python3.12/site-packages/airflow/example_dags/example_external_task_marker_dag.py
[2024-10-06T04:25:21.170+0000] {processor.py:925} INFO - DAG(s) 'example_external_task_marker_child', 'example_external_task_marker_parent' retrieved from /home/airflow/.local/lib/python3.12/site-packages/airflow/example_dags/example_external_task_marker_dag.py
[2024-10-06T04:25:21.216+0000] {logging_mixin.py:190} INFO - [2024-10-06T04:25:21.215+0000] {dag.py:3239} INFO - Sync 2 DAGs
[2024-10-06T04:25:21.245+0000] {logging_mixin.py:190} INFO - [2024-10-06T04:25:21.244+0000] {dag.py:4180} INFO - Setting next_dagrun for example_external_task_marker_child to None, run_after=None
[2024-10-06T04:25:21.282+0000] {logging_mixin.py:190} INFO - [2024-10-06T04:25:21.281+0000] {dag.py:4180} INFO - Setting next_dagrun for example_external_task_marker_parent to None, run_after=None
[2024-10-06T04:25:21.321+0000] {processor.py:208} INFO - Processing /home/airflow/.local/lib/python3.12/site-packages/airflow/example_dags/example_external_task_marker_dag.py took 0.185 seconds
[2024-10-06T04:25:51.553+0000] {processor.py:186} INFO - Started process (PID=848) to work on /home/airflow/.local/lib/python3.12/site-packages/airflow/example_dags/example_external_task_marker_dag.py
[2024-10-06T04:25:51.555+0000] {processor.py:914} INFO - Processing file /home/airflow/.local/lib/python3.12/site-packages/airflow/example_dags/example_external_task_marker_dag.py for tasks to queue
[2024-10-06T04:25:51.560+0000] {logging_mixin.py:190} INFO - [2024-10-06T04:25:51.559+0000] {dagbag.py:588} INFO - Filling up the DagBag from /home/airflow/.local/lib/python3.12/site-packages/airflow/example_dags/example_external_task_marker_dag.py
[2024-10-06T04:25:51.576+0000] {processor.py:925} INFO - DAG(s) 'example_external_task_marker_child', 'example_external_task_marker_parent' retrieved from /home/airflow/.local/lib/python3.12/site-packages/airflow/example_dags/example_external_task_marker_dag.py
[2024-10-06T04:25:51.618+0000] {logging_mixin.py:190} INFO - [2024-10-06T04:25:51.617+0000] {dag.py:3239} INFO - Sync 2 DAGs
[2024-10-06T04:25:51.647+0000] {logging_mixin.py:190} INFO - [2024-10-06T04:25:51.646+0000] {dag.py:4180} INFO - Setting next_dagrun for example_external_task_marker_child to None, run_after=None
[2024-10-06T04:25:51.654+0000] {logging_mixin.py:190} INFO - [2024-10-06T04:25:51.653+0000] {dag.py:4180} INFO - Setting next_dagrun for example_external_task_marker_parent to None, run_after=None
[2024-10-06T04:25:51.684+0000] {processor.py:208} INFO - Processing /home/airflow/.local/lib/python3.12/site-packages/airflow/example_dags/example_external_task_marker_dag.py took 0.142 seconds
[2024-10-06T04:26:21.942+0000] {processor.py:186} INFO - Started process (PID=911) to work on /home/airflow/.local/lib/python3.12/site-packages/airflow/example_dags/example_external_task_marker_dag.py
[2024-10-06T04:26:21.943+0000] {processor.py:914} INFO - Processing file /home/airflow/.local/lib/python3.12/site-packages/airflow/example_dags/example_external_task_marker_dag.py for tasks to queue
[2024-10-06T04:26:21.948+0000] {logging_mixin.py:190} INFO - [2024-10-06T04:26:21.947+0000] {dagbag.py:588} INFO - Filling up the DagBag from /home/airflow/.local/lib/python3.12/site-packages/airflow/example_dags/example_external_task_marker_dag.py
[2024-10-06T04:26:21.961+0000] {processor.py:925} INFO - DAG(s) 'example_external_task_marker_child', 'example_external_task_marker_parent' retrieved from /home/airflow/.local/lib/python3.12/site-packages/airflow/example_dags/example_external_task_marker_dag.py
[2024-10-06T04:26:22.003+0000] {logging_mixin.py:190} INFO - [2024-10-06T04:26:22.002+0000] {dag.py:3239} INFO - Sync 2 DAGs
[2024-10-06T04:26:22.027+0000] {logging_mixin.py:190} INFO - [2024-10-06T04:26:22.026+0000] {dag.py:4180} INFO - Setting next_dagrun for example_external_task_marker_child to None, run_after=None
[2024-10-06T04:26:22.033+0000] {logging_mixin.py:190} INFO - [2024-10-06T04:26:22.033+0000] {dag.py:4180} INFO - Setting next_dagrun for example_external_task_marker_parent to None, run_after=None
[2024-10-06T04:26:22.059+0000] {processor.py:208} INFO - Processing /home/airflow/.local/lib/python3.12/site-packages/airflow/example_dags/example_external_task_marker_dag.py took 0.127 seconds
[2024-10-06T04:26:52.350+0000] {processor.py:186} INFO - Started process (PID=973) to work on /home/airflow/.local/lib/python3.12/site-packages/airflow/example_dags/example_external_task_marker_dag.py
[2024-10-06T04:26:52.351+0000] {processor.py:914} INFO - Processing file /home/airflow/.local/lib/python3.12/site-packages/airflow/example_dags/example_external_task_marker_dag.py for tasks to queue
[2024-10-06T04:26:52.355+0000] {logging_mixin.py:190} INFO - [2024-10-06T04:26:52.355+0000] {dagbag.py:588} INFO - Filling up the DagBag from /home/airflow/.local/lib/python3.12/site-packages/airflow/example_dags/example_external_task_marker_dag.py
[2024-10-06T04:26:52.370+0000] {processor.py:925} INFO - DAG(s) 'example_external_task_marker_parent', 'example_external_task_marker_child' retrieved from /home/airflow/.local/lib/python3.12/site-packages/airflow/example_dags/example_external_task_marker_dag.py
[2024-10-06T04:26:52.411+0000] {logging_mixin.py:190} INFO - [2024-10-06T04:26:52.410+0000] {dag.py:3239} INFO - Sync 2 DAGs
[2024-10-06T04:26:52.435+0000] {logging_mixin.py:190} INFO - [2024-10-06T04:26:52.434+0000] {dag.py:4180} INFO - Setting next_dagrun for example_external_task_marker_child to None, run_after=None
[2024-10-06T04:26:52.440+0000] {logging_mixin.py:190} INFO - [2024-10-06T04:26:52.439+0000] {dag.py:4180} INFO - Setting next_dagrun for example_external_task_marker_parent to None, run_after=None
[2024-10-06T04:26:52.468+0000] {processor.py:208} INFO - Processing /home/airflow/.local/lib/python3.12/site-packages/airflow/example_dags/example_external_task_marker_dag.py took 0.128 seconds
[2024-10-06T04:27:22.777+0000] {processor.py:186} INFO - Started process (PID=1035) to work on /home/airflow/.local/lib/python3.12/site-packages/airflow/example_dags/example_external_task_marker_dag.py
[2024-10-06T04:27:22.778+0000] {processor.py:914} INFO - Processing file /home/airflow/.local/lib/python3.12/site-packages/airflow/example_dags/example_external_task_marker_dag.py for tasks to queue
[2024-10-06T04:27:22.782+0000] {logging_mixin.py:190} INFO - [2024-10-06T04:27:22.781+0000] {dagbag.py:588} INFO - Filling up the DagBag from /home/airflow/.local/lib/python3.12/site-packages/airflow/example_dags/example_external_task_marker_dag.py
[2024-10-06T04:27:22.795+0000] {processor.py:925} INFO - DAG(s) 'example_external_task_marker_child', 'example_external_task_marker_parent' retrieved from /home/airflow/.local/lib/python3.12/site-packages/airflow/example_dags/example_external_task_marker_dag.py
[2024-10-06T04:27:22.831+0000] {logging_mixin.py:190} INFO - [2024-10-06T04:27:22.831+0000] {dag.py:3239} INFO - Sync 2 DAGs
[2024-10-06T04:27:22.853+0000] {logging_mixin.py:190} INFO - [2024-10-06T04:27:22.852+0000] {dag.py:4180} INFO - Setting next_dagrun for example_external_task_marker_child to None, run_after=None
[2024-10-06T04:27:22.860+0000] {logging_mixin.py:190} INFO - [2024-10-06T04:27:22.859+0000] {dag.py:4180} INFO - Setting next_dagrun for example_external_task_marker_parent to None, run_after=None
[2024-10-06T04:27:22.884+0000] {processor.py:208} INFO - Processing /home/airflow/.local/lib/python3.12/site-packages/airflow/example_dags/example_external_task_marker_dag.py took 0.116 seconds
[2024-10-06T04:27:53.315+0000] {processor.py:186} INFO - Started process (PID=1097) to work on /home/airflow/.local/lib/python3.12/site-packages/airflow/example_dags/example_external_task_marker_dag.py
[2024-10-06T04:27:53.316+0000] {processor.py:914} INFO - Processing file /home/airflow/.local/lib/python3.12/site-packages/airflow/example_dags/example_external_task_marker_dag.py for tasks to queue
[2024-10-06T04:27:53.320+0000] {logging_mixin.py:190} INFO - [2024-10-06T04:27:53.319+0000] {dagbag.py:588} INFO - Filling up the DagBag from /home/airflow/.local/lib/python3.12/site-packages/airflow/example_dags/example_external_task_marker_dag.py
[2024-10-06T04:27:53.331+0000] {processor.py:925} INFO - DAG(s) 'example_external_task_marker_child', 'example_external_task_marker_parent' retrieved from /home/airflow/.local/lib/python3.12/site-packages/airflow/example_dags/example_external_task_marker_dag.py
[2024-10-06T04:27:53.366+0000] {logging_mixin.py:190} INFO - [2024-10-06T04:27:53.366+0000] {dag.py:3239} INFO - Sync 2 DAGs
[2024-10-06T04:27:53.387+0000] {logging_mixin.py:190} INFO - [2024-10-06T04:27:53.386+0000] {dag.py:4180} INFO - Setting next_dagrun for example_external_task_marker_child to None, run_after=None
[2024-10-06T04:27:53.392+0000] {logging_mixin.py:190} INFO - [2024-10-06T04:27:53.391+0000] {dag.py:4180} INFO - Setting next_dagrun for example_external_task_marker_parent to None, run_after=None
[2024-10-06T04:27:53.412+0000] {processor.py:208} INFO - Processing /home/airflow/.local/lib/python3.12/site-packages/airflow/example_dags/example_external_task_marker_dag.py took 0.105 seconds
[2024-10-06T04:28:23.486+0000] {processor.py:186} INFO - Started process (PID=1158) to work on /home/airflow/.local/lib/python3.12/site-packages/airflow/example_dags/example_external_task_marker_dag.py
[2024-10-06T04:28:23.488+0000] {processor.py:914} INFO - Processing file /home/airflow/.local/lib/python3.12/site-packages/airflow/example_dags/example_external_task_marker_dag.py for tasks to queue
[2024-10-06T04:28:23.493+0000] {logging_mixin.py:190} INFO - [2024-10-06T04:28:23.492+0000] {dagbag.py:588} INFO - Filling up the DagBag from /home/airflow/.local/lib/python3.12/site-packages/airflow/example_dags/example_external_task_marker_dag.py
[2024-10-06T04:28:23.509+0000] {processor.py:925} INFO - DAG(s) 'example_external_task_marker_child', 'example_external_task_marker_parent' retrieved from /home/airflow/.local/lib/python3.12/site-packages/airflow/example_dags/example_external_task_marker_dag.py
[2024-10-06T04:28:23.555+0000] {logging_mixin.py:190} INFO - [2024-10-06T04:28:23.555+0000] {dag.py:3239} INFO - Sync 2 DAGs
[2024-10-06T04:28:23.579+0000] {logging_mixin.py:190} INFO - [2024-10-06T04:28:23.579+0000] {dag.py:4180} INFO - Setting next_dagrun for example_external_task_marker_child to None, run_after=None
[2024-10-06T04:28:23.585+0000] {logging_mixin.py:190} INFO - [2024-10-06T04:28:23.584+0000] {dag.py:4180} INFO - Setting next_dagrun for example_external_task_marker_parent to None, run_after=None
[2024-10-06T04:28:23.607+0000] {processor.py:208} INFO - Processing /home/airflow/.local/lib/python3.12/site-packages/airflow/example_dags/example_external_task_marker_dag.py took 0.135 seconds
[2024-10-06T04:28:53.774+0000] {processor.py:186} INFO - Started process (PID=1221) to work on /home/airflow/.local/lib/python3.12/site-packages/airflow/example_dags/example_external_task_marker_dag.py
[2024-10-06T04:28:53.776+0000] {processor.py:914} INFO - Processing file /home/airflow/.local/lib/python3.12/site-packages/airflow/example_dags/example_external_task_marker_dag.py for tasks to queue
[2024-10-06T04:28:53.780+0000] {logging_mixin.py:190} INFO - [2024-10-06T04:28:53.779+0000] {dagbag.py:588} INFO - Filling up the DagBag from /home/airflow/.local/lib/python3.12/site-packages/airflow/example_dags/example_external_task_marker_dag.py
[2024-10-06T04:28:53.794+0000] {processor.py:925} INFO - DAG(s) 'example_external_task_marker_parent', 'example_external_task_marker_child' retrieved from /home/airflow/.local/lib/python3.12/site-packages/airflow/example_dags/example_external_task_marker_dag.py
[2024-10-06T04:28:53.826+0000] {logging_mixin.py:190} INFO - [2024-10-06T04:28:53.826+0000] {dag.py:3239} INFO - Sync 2 DAGs
[2024-10-06T04:28:53.846+0000] {logging_mixin.py:190} INFO - [2024-10-06T04:28:53.845+0000] {dag.py:4180} INFO - Setting next_dagrun for example_external_task_marker_child to None, run_after=None
[2024-10-06T04:28:53.850+0000] {logging_mixin.py:190} INFO - [2024-10-06T04:28:53.850+0000] {dag.py:4180} INFO - Setting next_dagrun for example_external_task_marker_parent to None, run_after=None
[2024-10-06T04:28:53.873+0000] {processor.py:208} INFO - Processing /home/airflow/.local/lib/python3.12/site-packages/airflow/example_dags/example_external_task_marker_dag.py took 0.109 seconds
[2024-10-06T04:29:23.953+0000] {processor.py:186} INFO - Started process (PID=1283) to work on /home/airflow/.local/lib/python3.12/site-packages/airflow/example_dags/example_external_task_marker_dag.py
[2024-10-06T04:29:23.955+0000] {processor.py:914} INFO - Processing file /home/airflow/.local/lib/python3.12/site-packages/airflow/example_dags/example_external_task_marker_dag.py for tasks to queue
[2024-10-06T04:29:23.959+0000] {logging_mixin.py:190} INFO - [2024-10-06T04:29:23.958+0000] {dagbag.py:588} INFO - Filling up the DagBag from /home/airflow/.local/lib/python3.12/site-packages/airflow/example_dags/example_external_task_marker_dag.py
[2024-10-06T04:29:23.973+0000] {processor.py:925} INFO - DAG(s) 'example_external_task_marker_child', 'example_external_task_marker_parent' retrieved from /home/airflow/.local/lib/python3.12/site-packages/airflow/example_dags/example_external_task_marker_dag.py
[2024-10-06T04:29:24.030+0000] {logging_mixin.py:190} INFO - [2024-10-06T04:29:24.030+0000] {dag.py:3239} INFO - Sync 2 DAGs
[2024-10-06T04:29:24.051+0000] {logging_mixin.py:190} INFO - [2024-10-06T04:29:24.051+0000] {dag.py:4180} INFO - Setting next_dagrun for example_external_task_marker_child to None, run_after=None
[2024-10-06T04:29:24.057+0000] {logging_mixin.py:190} INFO - [2024-10-06T04:29:24.056+0000] {dag.py:4180} INFO - Setting next_dagrun for example_external_task_marker_parent to None, run_after=None
[2024-10-06T04:29:24.083+0000] {processor.py:208} INFO - Processing /home/airflow/.local/lib/python3.12/site-packages/airflow/example_dags/example_external_task_marker_dag.py took 0.142 seconds
[2024-10-06T04:29:54.403+0000] {processor.py:186} INFO - Started process (PID=1345) to work on /home/airflow/.local/lib/python3.12/site-packages/airflow/example_dags/example_external_task_marker_dag.py
[2024-10-06T04:29:54.404+0000] {processor.py:914} INFO - Processing file /home/airflow/.local/lib/python3.12/site-packages/airflow/example_dags/example_external_task_marker_dag.py for tasks to queue
[2024-10-06T04:29:54.408+0000] {logging_mixin.py:190} INFO - [2024-10-06T04:29:54.408+0000] {dagbag.py:588} INFO - Filling up the DagBag from /home/airflow/.local/lib/python3.12/site-packages/airflow/example_dags/example_external_task_marker_dag.py
[2024-10-06T04:29:54.422+0000] {processor.py:925} INFO - DAG(s) 'example_external_task_marker_child', 'example_external_task_marker_parent' retrieved from /home/airflow/.local/lib/python3.12/site-packages/airflow/example_dags/example_external_task_marker_dag.py
[2024-10-06T04:29:54.457+0000] {logging_mixin.py:190} INFO - [2024-10-06T04:29:54.456+0000] {dag.py:3239} INFO - Sync 2 DAGs
[2024-10-06T04:29:54.487+0000] {logging_mixin.py:190} INFO - [2024-10-06T04:29:54.486+0000] {dag.py:4180} INFO - Setting next_dagrun for example_external_task_marker_child to None, run_after=None
[2024-10-06T04:29:54.507+0000] {logging_mixin.py:190} INFO - [2024-10-06T04:29:54.507+0000] {dag.py:4180} INFO - Setting next_dagrun for example_external_task_marker_parent to None, run_after=None
[2024-10-06T04:29:54.609+0000] {processor.py:208} INFO - Processing /home/airflow/.local/lib/python3.12/site-packages/airflow/example_dags/example_external_task_marker_dag.py took 0.215 seconds
[2024-10-06T04:30:25.057+0000] {processor.py:186} INFO - Started process (PID=1407) to work on /home/airflow/.local/lib/python3.12/site-packages/airflow/example_dags/example_external_task_marker_dag.py
[2024-10-06T04:30:25.058+0000] {processor.py:914} INFO - Processing file /home/airflow/.local/lib/python3.12/site-packages/airflow/example_dags/example_external_task_marker_dag.py for tasks to queue
[2024-10-06T04:30:25.062+0000] {logging_mixin.py:190} INFO - [2024-10-06T04:30:25.061+0000] {dagbag.py:588} INFO - Filling up the DagBag from /home/airflow/.local/lib/python3.12/site-packages/airflow/example_dags/example_external_task_marker_dag.py
[2024-10-06T04:30:25.075+0000] {processor.py:925} INFO - DAG(s) 'example_external_task_marker_parent', 'example_external_task_marker_child' retrieved from /home/airflow/.local/lib/python3.12/site-packages/airflow/example_dags/example_external_task_marker_dag.py
[2024-10-06T04:30:25.112+0000] {logging_mixin.py:190} INFO - [2024-10-06T04:30:25.111+0000] {dag.py:3239} INFO - Sync 2 DAGs
[2024-10-06T04:30:25.133+0000] {logging_mixin.py:190} INFO - [2024-10-06T04:30:25.133+0000] {dag.py:4180} INFO - Setting next_dagrun for example_external_task_marker_child to None, run_after=None
[2024-10-06T04:30:25.139+0000] {logging_mixin.py:190} INFO - [2024-10-06T04:30:25.138+0000] {dag.py:4180} INFO - Setting next_dagrun for example_external_task_marker_parent to None, run_after=None
[2024-10-06T04:30:25.165+0000] {processor.py:208} INFO - Processing /home/airflow/.local/lib/python3.12/site-packages/airflow/example_dags/example_external_task_marker_dag.py took 0.117 seconds
[2024-10-06T04:30:55.547+0000] {processor.py:186} INFO - Started process (PID=1469) to work on /home/airflow/.local/lib/python3.12/site-packages/airflow/example_dags/example_external_task_marker_dag.py
[2024-10-06T04:30:55.548+0000] {processor.py:914} INFO - Processing file /home/airflow/.local/lib/python3.12/site-packages/airflow/example_dags/example_external_task_marker_dag.py for tasks to queue
[2024-10-06T04:30:55.552+0000] {logging_mixin.py:190} INFO - [2024-10-06T04:30:55.552+0000] {dagbag.py:588} INFO - Filling up the DagBag from /home/airflow/.local/lib/python3.12/site-packages/airflow/example_dags/example_external_task_marker_dag.py
[2024-10-06T04:30:55.575+0000] {processor.py:925} INFO - DAG(s) 'example_external_task_marker_parent', 'example_external_task_marker_child' retrieved from /home/airflow/.local/lib/python3.12/site-packages/airflow/example_dags/example_external_task_marker_dag.py
[2024-10-06T04:30:55.632+0000] {logging_mixin.py:190} INFO - [2024-10-06T04:30:55.631+0000] {dag.py:3239} INFO - Sync 2 DAGs
[2024-10-06T04:30:55.676+0000] {logging_mixin.py:190} INFO - [2024-10-06T04:30:55.676+0000] {dag.py:4180} INFO - Setting next_dagrun for example_external_task_marker_child to None, run_after=None
[2024-10-06T04:30:55.682+0000] {logging_mixin.py:190} INFO - [2024-10-06T04:30:55.681+0000] {dag.py:4180} INFO - Setting next_dagrun for example_external_task_marker_parent to None, run_after=None
[2024-10-06T04:30:55.707+0000] {processor.py:208} INFO - Processing /home/airflow/.local/lib/python3.12/site-packages/airflow/example_dags/example_external_task_marker_dag.py took 0.170 seconds
[2024-10-06T04:31:26.296+0000] {processor.py:186} INFO - Started process (PID=1531) to work on /home/airflow/.local/lib/python3.12/site-packages/airflow/example_dags/example_external_task_marker_dag.py
[2024-10-06T04:31:26.298+0000] {processor.py:914} INFO - Processing file /home/airflow/.local/lib/python3.12/site-packages/airflow/example_dags/example_external_task_marker_dag.py for tasks to queue
[2024-10-06T04:31:26.303+0000] {logging_mixin.py:190} INFO - [2024-10-06T04:31:26.303+0000] {dagbag.py:588} INFO - Filling up the DagBag from /home/airflow/.local/lib/python3.12/site-packages/airflow/example_dags/example_external_task_marker_dag.py
[2024-10-06T04:31:26.318+0000] {processor.py:925} INFO - DAG(s) 'example_external_task_marker_parent', 'example_external_task_marker_child' retrieved from /home/airflow/.local/lib/python3.12/site-packages/airflow/example_dags/example_external_task_marker_dag.py
[2024-10-06T04:31:26.370+0000] {logging_mixin.py:190} INFO - [2024-10-06T04:31:26.370+0000] {dag.py:3239} INFO - Sync 2 DAGs
[2024-10-06T04:31:26.395+0000] {logging_mixin.py:190} INFO - [2024-10-06T04:31:26.395+0000] {dag.py:4180} INFO - Setting next_dagrun for example_external_task_marker_child to None, run_after=None
[2024-10-06T04:31:26.402+0000] {logging_mixin.py:190} INFO - [2024-10-06T04:31:26.401+0000] {dag.py:4180} INFO - Setting next_dagrun for example_external_task_marker_parent to None, run_after=None
[2024-10-06T04:31:26.439+0000] {processor.py:208} INFO - Processing /home/airflow/.local/lib/python3.12/site-packages/airflow/example_dags/example_external_task_marker_dag.py took 0.154 seconds
[2024-10-06T04:31:56.618+0000] {processor.py:186} INFO - Started process (PID=1593) to work on /home/airflow/.local/lib/python3.12/site-packages/airflow/example_dags/example_external_task_marker_dag.py
[2024-10-06T04:31:56.620+0000] {processor.py:914} INFO - Processing file /home/airflow/.local/lib/python3.12/site-packages/airflow/example_dags/example_external_task_marker_dag.py for tasks to queue
[2024-10-06T04:31:56.626+0000] {logging_mixin.py:190} INFO - [2024-10-06T04:31:56.625+0000] {dagbag.py:588} INFO - Filling up the DagBag from /home/airflow/.local/lib/python3.12/site-packages/airflow/example_dags/example_external_task_marker_dag.py
[2024-10-06T04:31:56.642+0000] {processor.py:925} INFO - DAG(s) 'example_external_task_marker_parent', 'example_external_task_marker_child' retrieved from /home/airflow/.local/lib/python3.12/site-packages/airflow/example_dags/example_external_task_marker_dag.py
[2024-10-06T04:31:56.674+0000] {logging_mixin.py:190} INFO - [2024-10-06T04:31:56.674+0000] {dag.py:3239} INFO - Sync 2 DAGs
[2024-10-06T04:31:56.695+0000] {logging_mixin.py:190} INFO - [2024-10-06T04:31:56.695+0000] {dag.py:4180} INFO - Setting next_dagrun for example_external_task_marker_child to None, run_after=None
[2024-10-06T04:31:56.700+0000] {logging_mixin.py:190} INFO - [2024-10-06T04:31:56.700+0000] {dag.py:4180} INFO - Setting next_dagrun for example_external_task_marker_parent to None, run_after=None
[2024-10-06T04:31:56.721+0000] {processor.py:208} INFO - Processing /home/airflow/.local/lib/python3.12/site-packages/airflow/example_dags/example_external_task_marker_dag.py took 0.115 seconds
[2024-10-06T04:32:26.844+0000] {processor.py:186} INFO - Started process (PID=1655) to work on /home/airflow/.local/lib/python3.12/site-packages/airflow/example_dags/example_external_task_marker_dag.py
[2024-10-06T04:32:26.845+0000] {processor.py:914} INFO - Processing file /home/airflow/.local/lib/python3.12/site-packages/airflow/example_dags/example_external_task_marker_dag.py for tasks to queue
[2024-10-06T04:32:26.850+0000] {logging_mixin.py:190} INFO - [2024-10-06T04:32:26.849+0000] {dagbag.py:588} INFO - Filling up the DagBag from /home/airflow/.local/lib/python3.12/site-packages/airflow/example_dags/example_external_task_marker_dag.py
[2024-10-06T04:32:26.862+0000] {processor.py:925} INFO - DAG(s) 'example_external_task_marker_parent', 'example_external_task_marker_child' retrieved from /home/airflow/.local/lib/python3.12/site-packages/airflow/example_dags/example_external_task_marker_dag.py
[2024-10-06T04:32:26.892+0000] {logging_mixin.py:190} INFO - [2024-10-06T04:32:26.892+0000] {dag.py:3239} INFO - Sync 2 DAGs
[2024-10-06T04:32:26.911+0000] {logging_mixin.py:190} INFO - [2024-10-06T04:32:26.910+0000] {dag.py:4180} INFO - Setting next_dagrun for example_external_task_marker_child to None, run_after=None
[2024-10-06T04:32:26.918+0000] {logging_mixin.py:190} INFO - [2024-10-06T04:32:26.917+0000] {dag.py:4180} INFO - Setting next_dagrun for example_external_task_marker_parent to None, run_after=None
[2024-10-06T04:32:26.944+0000] {processor.py:208} INFO - Processing /home/airflow/.local/lib/python3.12/site-packages/airflow/example_dags/example_external_task_marker_dag.py took 0.109 seconds
[2024-10-06T04:32:57.284+0000] {processor.py:186} INFO - Started process (PID=1717) to work on /home/airflow/.local/lib/python3.12/site-packages/airflow/example_dags/example_external_task_marker_dag.py
[2024-10-06T04:32:57.286+0000] {processor.py:914} INFO - Processing file /home/airflow/.local/lib/python3.12/site-packages/airflow/example_dags/example_external_task_marker_dag.py for tasks to queue
[2024-10-06T04:32:57.290+0000] {logging_mixin.py:190} INFO - [2024-10-06T04:32:57.289+0000] {dagbag.py:588} INFO - Filling up the DagBag from /home/airflow/.local/lib/python3.12/site-packages/airflow/example_dags/example_external_task_marker_dag.py
[2024-10-06T04:32:57.301+0000] {processor.py:925} INFO - DAG(s) 'example_external_task_marker_child', 'example_external_task_marker_parent' retrieved from /home/airflow/.local/lib/python3.12/site-packages/airflow/example_dags/example_external_task_marker_dag.py
[2024-10-06T04:32:57.332+0000] {logging_mixin.py:190} INFO - [2024-10-06T04:32:57.332+0000] {dag.py:3239} INFO - Sync 2 DAGs
[2024-10-06T04:32:57.350+0000] {logging_mixin.py:190} INFO - [2024-10-06T04:32:57.350+0000] {dag.py:4180} INFO - Setting next_dagrun for example_external_task_marker_child to None, run_after=None
[2024-10-06T04:32:57.355+0000] {logging_mixin.py:190} INFO - [2024-10-06T04:32:57.354+0000] {dag.py:4180} INFO - Setting next_dagrun for example_external_task_marker_parent to None, run_after=None
[2024-10-06T04:32:57.374+0000] {processor.py:208} INFO - Processing /home/airflow/.local/lib/python3.12/site-packages/airflow/example_dags/example_external_task_marker_dag.py took 0.098 seconds
[2024-10-06T04:35:06.990+0000] {processor.py:186} INFO - Started process (PID=29) to work on /home/airflow/.local/lib/python3.12/site-packages/airflow/example_dags/example_external_task_marker_dag.py
[2024-10-06T04:35:06.991+0000] {processor.py:914} INFO - Processing file /home/airflow/.local/lib/python3.12/site-packages/airflow/example_dags/example_external_task_marker_dag.py for tasks to queue
[2024-10-06T04:35:07.004+0000] {logging_mixin.py:190} INFO - [2024-10-06T04:35:07.004+0000] {dagbag.py:588} INFO - Filling up the DagBag from /home/airflow/.local/lib/python3.12/site-packages/airflow/example_dags/example_external_task_marker_dag.py
[2024-10-06T04:35:07.017+0000] {processor.py:925} INFO - DAG(s) 'example_external_task_marker_parent', 'example_external_task_marker_child' retrieved from /home/airflow/.local/lib/python3.12/site-packages/airflow/example_dags/example_external_task_marker_dag.py
[2024-10-06T04:35:07.051+0000] {logging_mixin.py:190} INFO - [2024-10-06T04:35:07.051+0000] {dag.py:3239} INFO - Sync 2 DAGs
[2024-10-06T04:35:07.074+0000] {logging_mixin.py:190} INFO - [2024-10-06T04:35:07.073+0000] {dag.py:4180} INFO - Setting next_dagrun for example_external_task_marker_child to None, run_after=None
[2024-10-06T04:35:07.080+0000] {logging_mixin.py:190} INFO - [2024-10-06T04:35:07.080+0000] {dag.py:4180} INFO - Setting next_dagrun for example_external_task_marker_parent to None, run_after=None
[2024-10-06T04:35:07.100+0000] {processor.py:208} INFO - Processing /home/airflow/.local/lib/python3.12/site-packages/airflow/example_dags/example_external_task_marker_dag.py took 0.119 seconds
[2024-10-06T04:35:37.650+0000] {processor.py:186} INFO - Started process (PID=91) to work on /home/airflow/.local/lib/python3.12/site-packages/airflow/example_dags/example_external_task_marker_dag.py
[2024-10-06T04:35:37.651+0000] {processor.py:914} INFO - Processing file /home/airflow/.local/lib/python3.12/site-packages/airflow/example_dags/example_external_task_marker_dag.py for tasks to queue
[2024-10-06T04:35:37.655+0000] {logging_mixin.py:190} INFO - [2024-10-06T04:35:37.655+0000] {dagbag.py:588} INFO - Filling up the DagBag from /home/airflow/.local/lib/python3.12/site-packages/airflow/example_dags/example_external_task_marker_dag.py
[2024-10-06T04:35:37.669+0000] {processor.py:925} INFO - DAG(s) 'example_external_task_marker_parent', 'example_external_task_marker_child' retrieved from /home/airflow/.local/lib/python3.12/site-packages/airflow/example_dags/example_external_task_marker_dag.py
[2024-10-06T04:35:37.710+0000] {logging_mixin.py:190} INFO - [2024-10-06T04:35:37.709+0000] {dag.py:3239} INFO - Sync 2 DAGs
[2024-10-06T04:35:37.731+0000] {logging_mixin.py:190} INFO - [2024-10-06T04:35:37.731+0000] {dag.py:4180} INFO - Setting next_dagrun for example_external_task_marker_child to None, run_after=None
[2024-10-06T04:35:37.736+0000] {logging_mixin.py:190} INFO - [2024-10-06T04:35:37.736+0000] {dag.py:4180} INFO - Setting next_dagrun for example_external_task_marker_parent to None, run_after=None
[2024-10-06T04:35:37.762+0000] {processor.py:208} INFO - Processing /home/airflow/.local/lib/python3.12/site-packages/airflow/example_dags/example_external_task_marker_dag.py took 0.126 seconds
[2024-10-06T04:36:08.277+0000] {processor.py:186} INFO - Started process (PID=153) to work on /home/airflow/.local/lib/python3.12/site-packages/airflow/example_dags/example_external_task_marker_dag.py
[2024-10-06T04:36:08.279+0000] {processor.py:914} INFO - Processing file /home/airflow/.local/lib/python3.12/site-packages/airflow/example_dags/example_external_task_marker_dag.py for tasks to queue
[2024-10-06T04:36:08.285+0000] {logging_mixin.py:190} INFO - [2024-10-06T04:36:08.284+0000] {dagbag.py:588} INFO - Filling up the DagBag from /home/airflow/.local/lib/python3.12/site-packages/airflow/example_dags/example_external_task_marker_dag.py
[2024-10-06T04:36:08.304+0000] {processor.py:925} INFO - DAG(s) 'example_external_task_marker_child', 'example_external_task_marker_parent' retrieved from /home/airflow/.local/lib/python3.12/site-packages/airflow/example_dags/example_external_task_marker_dag.py
[2024-10-06T04:36:08.345+0000] {logging_mixin.py:190} INFO - [2024-10-06T04:36:08.345+0000] {dag.py:3239} INFO - Sync 2 DAGs
[2024-10-06T04:36:08.365+0000] {logging_mixin.py:190} INFO - [2024-10-06T04:36:08.365+0000] {dag.py:4180} INFO - Setting next_dagrun for example_external_task_marker_child to None, run_after=None
[2024-10-06T04:36:08.370+0000] {logging_mixin.py:190} INFO - [2024-10-06T04:36:08.369+0000] {dag.py:4180} INFO - Setting next_dagrun for example_external_task_marker_parent to None, run_after=None
[2024-10-06T04:36:08.465+0000] {processor.py:208} INFO - Processing /home/airflow/.local/lib/python3.12/site-packages/airflow/example_dags/example_external_task_marker_dag.py took 0.202 seconds
[2024-10-06T04:36:39.369+0000] {processor.py:186} INFO - Started process (PID=220) to work on /home/airflow/.local/lib/python3.12/site-packages/airflow/example_dags/example_external_task_marker_dag.py
[2024-10-06T04:36:39.370+0000] {processor.py:914} INFO - Processing file /home/airflow/.local/lib/python3.12/site-packages/airflow/example_dags/example_external_task_marker_dag.py for tasks to queue
[2024-10-06T04:36:39.374+0000] {logging_mixin.py:190} INFO - [2024-10-06T04:36:39.373+0000] {dagbag.py:588} INFO - Filling up the DagBag from /home/airflow/.local/lib/python3.12/site-packages/airflow/example_dags/example_external_task_marker_dag.py
[2024-10-06T04:36:39.385+0000] {processor.py:925} INFO - DAG(s) 'example_external_task_marker_child', 'example_external_task_marker_parent' retrieved from /home/airflow/.local/lib/python3.12/site-packages/airflow/example_dags/example_external_task_marker_dag.py
[2024-10-06T04:36:39.419+0000] {logging_mixin.py:190} INFO - [2024-10-06T04:36:39.419+0000] {dag.py:3239} INFO - Sync 2 DAGs
[2024-10-06T04:36:39.440+0000] {logging_mixin.py:190} INFO - [2024-10-06T04:36:39.440+0000] {dag.py:4180} INFO - Setting next_dagrun for example_external_task_marker_child to None, run_after=None
[2024-10-06T04:36:39.445+0000] {logging_mixin.py:190} INFO - [2024-10-06T04:36:39.445+0000] {dag.py:4180} INFO - Setting next_dagrun for example_external_task_marker_parent to None, run_after=None
[2024-10-06T04:36:39.471+0000] {processor.py:208} INFO - Processing /home/airflow/.local/lib/python3.12/site-packages/airflow/example_dags/example_external_task_marker_dag.py took 0.116 seconds
[2024-10-06T04:37:09.530+0000] {processor.py:186} INFO - Started process (PID=281) to work on /home/airflow/.local/lib/python3.12/site-packages/airflow/example_dags/example_external_task_marker_dag.py
[2024-10-06T04:37:09.532+0000] {processor.py:914} INFO - Processing file /home/airflow/.local/lib/python3.12/site-packages/airflow/example_dags/example_external_task_marker_dag.py for tasks to queue
[2024-10-06T04:37:09.537+0000] {logging_mixin.py:190} INFO - [2024-10-06T04:37:09.536+0000] {dagbag.py:588} INFO - Filling up the DagBag from /home/airflow/.local/lib/python3.12/site-packages/airflow/example_dags/example_external_task_marker_dag.py
[2024-10-06T04:37:09.548+0000] {processor.py:925} INFO - DAG(s) 'example_external_task_marker_child', 'example_external_task_marker_parent' retrieved from /home/airflow/.local/lib/python3.12/site-packages/airflow/example_dags/example_external_task_marker_dag.py
[2024-10-06T04:37:09.602+0000] {logging_mixin.py:190} INFO - [2024-10-06T04:37:09.601+0000] {dag.py:3239} INFO - Sync 2 DAGs
[2024-10-06T04:37:09.626+0000] {logging_mixin.py:190} INFO - [2024-10-06T04:37:09.625+0000] {dag.py:4180} INFO - Setting next_dagrun for example_external_task_marker_child to None, run_after=None
[2024-10-06T04:37:09.630+0000] {logging_mixin.py:190} INFO - [2024-10-06T04:37:09.630+0000] {dag.py:4180} INFO - Setting next_dagrun for example_external_task_marker_parent to None, run_after=None
[2024-10-06T04:37:09.647+0000] {processor.py:208} INFO - Processing /home/airflow/.local/lib/python3.12/site-packages/airflow/example_dags/example_external_task_marker_dag.py took 0.126 seconds
[2024-10-06T04:39:03.946+0000] {processor.py:186} INFO - Started process (PID=30) to work on /home/airflow/.local/lib/python3.12/site-packages/airflow/example_dags/example_external_task_marker_dag.py
[2024-10-06T04:39:03.948+0000] {processor.py:914} INFO - Processing file /home/airflow/.local/lib/python3.12/site-packages/airflow/example_dags/example_external_task_marker_dag.py for tasks to queue
[2024-10-06T04:39:03.954+0000] {logging_mixin.py:190} INFO - [2024-10-06T04:39:03.953+0000] {dagbag.py:588} INFO - Filling up the DagBag from /home/airflow/.local/lib/python3.12/site-packages/airflow/example_dags/example_external_task_marker_dag.py
[2024-10-06T04:39:03.971+0000] {processor.py:925} INFO - DAG(s) 'example_external_task_marker_child', 'example_external_task_marker_parent' retrieved from /home/airflow/.local/lib/python3.12/site-packages/airflow/example_dags/example_external_task_marker_dag.py
[2024-10-06T04:39:04.221+0000] {logging_mixin.py:190} INFO - [2024-10-06T04:39:04.220+0000] {override.py:1900} INFO - Created Permission View: can read on DAG:example_external_task_marker_child
[2024-10-06T04:39:04.257+0000] {logging_mixin.py:190} INFO - [2024-10-06T04:39:04.256+0000] {override.py:1900} INFO - Created Permission View: can edit on DAG:example_external_task_marker_child
[2024-10-06T04:39:04.278+0000] {logging_mixin.py:190} INFO - [2024-10-06T04:39:04.278+0000] {override.py:1900} INFO - Created Permission View: can delete on DAG:example_external_task_marker_child
[2024-10-06T04:39:04.300+0000] {logging_mixin.py:190} INFO - [2024-10-06T04:39:04.299+0000] {override.py:1900} INFO - Created Permission View: menu access on DAG Run:example_external_task_marker_child
[2024-10-06T04:39:04.318+0000] {logging_mixin.py:190} INFO - [2024-10-06T04:39:04.317+0000] {override.py:1900} INFO - Created Permission View: can read on DAG Run:example_external_task_marker_child
[2024-10-06T04:39:04.330+0000] {logging_mixin.py:190} INFO - [2024-10-06T04:39:04.329+0000] {override.py:1900} INFO - Created Permission View: can create on DAG Run:example_external_task_marker_child
[2024-10-06T04:39:04.340+0000] {logging_mixin.py:190} INFO - [2024-10-06T04:39:04.340+0000] {override.py:1900} INFO - Created Permission View: can delete on DAG Run:example_external_task_marker_child
[2024-10-06T04:39:04.359+0000] {logging_mixin.py:190} INFO - [2024-10-06T04:39:04.359+0000] {override.py:1900} INFO - Created Permission View: can read on DAG:example_external_task_marker_parent
[2024-10-06T04:39:04.370+0000] {logging_mixin.py:190} INFO - [2024-10-06T04:39:04.370+0000] {override.py:1900} INFO - Created Permission View: can edit on DAG:example_external_task_marker_parent
[2024-10-06T04:39:04.383+0000] {logging_mixin.py:190} INFO - [2024-10-06T04:39:04.383+0000] {override.py:1900} INFO - Created Permission View: can delete on DAG:example_external_task_marker_parent
[2024-10-06T04:39:04.398+0000] {logging_mixin.py:190} INFO - [2024-10-06T04:39:04.397+0000] {override.py:1900} INFO - Created Permission View: menu access on DAG Run:example_external_task_marker_parent
[2024-10-06T04:39:04.412+0000] {logging_mixin.py:190} INFO - [2024-10-06T04:39:04.412+0000] {override.py:1900} INFO - Created Permission View: can read on DAG Run:example_external_task_marker_parent
[2024-10-06T04:39:04.426+0000] {logging_mixin.py:190} INFO - [2024-10-06T04:39:04.425+0000] {override.py:1900} INFO - Created Permission View: can create on DAG Run:example_external_task_marker_parent
[2024-10-06T04:39:04.438+0000] {logging_mixin.py:190} INFO - [2024-10-06T04:39:04.437+0000] {override.py:1900} INFO - Created Permission View: can delete on DAG Run:example_external_task_marker_parent
[2024-10-06T04:39:04.439+0000] {logging_mixin.py:190} INFO - [2024-10-06T04:39:04.438+0000] {dag.py:3239} INFO - Sync 2 DAGs
[2024-10-06T04:39:04.465+0000] {logging_mixin.py:190} INFO - [2024-10-06T04:39:04.464+0000] {dag.py:3262} INFO - Creating ORM DAG for example_external_task_marker_child
[2024-10-06T04:39:04.466+0000] {logging_mixin.py:190} INFO - [2024-10-06T04:39:04.465+0000] {dag.py:3262} INFO - Creating ORM DAG for example_external_task_marker_parent
[2024-10-06T04:39:04.467+0000] {logging_mixin.py:190} INFO - [2024-10-06T04:39:04.466+0000] {dag.py:4180} INFO - Setting next_dagrun for example_external_task_marker_child to None, run_after=None
[2024-10-06T04:39:04.467+0000] {logging_mixin.py:190} INFO - [2024-10-06T04:39:04.467+0000] {dag.py:4180} INFO - Setting next_dagrun for example_external_task_marker_parent to None, run_after=None
[2024-10-06T04:39:04.537+0000] {processor.py:208} INFO - Processing /home/airflow/.local/lib/python3.12/site-packages/airflow/example_dags/example_external_task_marker_dag.py took 0.603 seconds
[2024-10-06T04:39:35.195+0000] {processor.py:186} INFO - Started process (PID=92) to work on /home/airflow/.local/lib/python3.12/site-packages/airflow/example_dags/example_external_task_marker_dag.py
[2024-10-06T04:39:35.196+0000] {processor.py:914} INFO - Processing file /home/airflow/.local/lib/python3.12/site-packages/airflow/example_dags/example_external_task_marker_dag.py for tasks to queue
[2024-10-06T04:39:35.200+0000] {logging_mixin.py:190} INFO - [2024-10-06T04:39:35.200+0000] {dagbag.py:588} INFO - Filling up the DagBag from /home/airflow/.local/lib/python3.12/site-packages/airflow/example_dags/example_external_task_marker_dag.py
[2024-10-06T04:39:35.212+0000] {processor.py:925} INFO - DAG(s) 'example_external_task_marker_child', 'example_external_task_marker_parent' retrieved from /home/airflow/.local/lib/python3.12/site-packages/airflow/example_dags/example_external_task_marker_dag.py
[2024-10-06T04:39:35.246+0000] {logging_mixin.py:190} INFO - [2024-10-06T04:39:35.245+0000] {dag.py:3239} INFO - Sync 2 DAGs
[2024-10-06T04:39:35.267+0000] {logging_mixin.py:190} INFO - [2024-10-06T04:39:35.266+0000] {dag.py:4180} INFO - Setting next_dagrun for example_external_task_marker_child to None, run_after=None
[2024-10-06T04:39:35.272+0000] {logging_mixin.py:190} INFO - [2024-10-06T04:39:35.272+0000] {dag.py:4180} INFO - Setting next_dagrun for example_external_task_marker_parent to None, run_after=None
[2024-10-06T04:39:35.297+0000] {processor.py:208} INFO - Processing /home/airflow/.local/lib/python3.12/site-packages/airflow/example_dags/example_external_task_marker_dag.py took 0.111 seconds
[2024-10-06T04:40:06.169+0000] {processor.py:186} INFO - Started process (PID=161) to work on /home/airflow/.local/lib/python3.12/site-packages/airflow/example_dags/example_external_task_marker_dag.py
[2024-10-06T04:40:06.170+0000] {processor.py:914} INFO - Processing file /home/airflow/.local/lib/python3.12/site-packages/airflow/example_dags/example_external_task_marker_dag.py for tasks to queue
[2024-10-06T04:40:06.175+0000] {logging_mixin.py:190} INFO - [2024-10-06T04:40:06.175+0000] {dagbag.py:588} INFO - Filling up the DagBag from /home/airflow/.local/lib/python3.12/site-packages/airflow/example_dags/example_external_task_marker_dag.py
[2024-10-06T04:40:06.189+0000] {processor.py:925} INFO - DAG(s) 'example_external_task_marker_child', 'example_external_task_marker_parent' retrieved from /home/airflow/.local/lib/python3.12/site-packages/airflow/example_dags/example_external_task_marker_dag.py
[2024-10-06T04:40:06.227+0000] {logging_mixin.py:190} INFO - [2024-10-06T04:40:06.226+0000] {dag.py:3239} INFO - Sync 2 DAGs
[2024-10-06T04:40:06.251+0000] {logging_mixin.py:190} INFO - [2024-10-06T04:40:06.250+0000] {dag.py:4180} INFO - Setting next_dagrun for example_external_task_marker_child to None, run_after=None
[2024-10-06T04:40:06.257+0000] {logging_mixin.py:190} INFO - [2024-10-06T04:40:06.256+0000] {dag.py:4180} INFO - Setting next_dagrun for example_external_task_marker_parent to None, run_after=None
[2024-10-06T04:40:06.284+0000] {processor.py:208} INFO - Processing /home/airflow/.local/lib/python3.12/site-packages/airflow/example_dags/example_external_task_marker_dag.py took 0.126 seconds
[2024-10-06T04:40:36.832+0000] {processor.py:186} INFO - Started process (PID=223) to work on /home/airflow/.local/lib/python3.12/site-packages/airflow/example_dags/example_external_task_marker_dag.py
[2024-10-06T04:40:36.834+0000] {processor.py:914} INFO - Processing file /home/airflow/.local/lib/python3.12/site-packages/airflow/example_dags/example_external_task_marker_dag.py for tasks to queue
[2024-10-06T04:40:36.844+0000] {logging_mixin.py:190} INFO - [2024-10-06T04:40:36.843+0000] {dagbag.py:588} INFO - Filling up the DagBag from /home/airflow/.local/lib/python3.12/site-packages/airflow/example_dags/example_external_task_marker_dag.py
[2024-10-06T04:40:36.861+0000] {processor.py:925} INFO - DAG(s) 'example_external_task_marker_parent', 'example_external_task_marker_child' retrieved from /home/airflow/.local/lib/python3.12/site-packages/airflow/example_dags/example_external_task_marker_dag.py
[2024-10-06T04:40:36.949+0000] {logging_mixin.py:190} INFO - [2024-10-06T04:40:36.948+0000] {dag.py:3239} INFO - Sync 2 DAGs
[2024-10-06T04:40:36.977+0000] {logging_mixin.py:190} INFO - [2024-10-06T04:40:36.976+0000] {dag.py:4180} INFO - Setting next_dagrun for example_external_task_marker_child to None, run_after=None
[2024-10-06T04:40:36.984+0000] {logging_mixin.py:190} INFO - [2024-10-06T04:40:36.983+0000] {dag.py:4180} INFO - Setting next_dagrun for example_external_task_marker_parent to None, run_after=None
[2024-10-06T04:40:37.011+0000] {processor.py:208} INFO - Processing /home/airflow/.local/lib/python3.12/site-packages/airflow/example_dags/example_external_task_marker_dag.py took 0.190 seconds
[2024-10-06T04:41:07.203+0000] {processor.py:186} INFO - Started process (PID=284) to work on /home/airflow/.local/lib/python3.12/site-packages/airflow/example_dags/example_external_task_marker_dag.py
[2024-10-06T04:41:07.206+0000] {processor.py:914} INFO - Processing file /home/airflow/.local/lib/python3.12/site-packages/airflow/example_dags/example_external_task_marker_dag.py for tasks to queue
[2024-10-06T04:41:07.212+0000] {logging_mixin.py:190} INFO - [2024-10-06T04:41:07.211+0000] {dagbag.py:588} INFO - Filling up the DagBag from /home/airflow/.local/lib/python3.12/site-packages/airflow/example_dags/example_external_task_marker_dag.py
[2024-10-06T04:41:07.229+0000] {processor.py:925} INFO - DAG(s) 'example_external_task_marker_parent', 'example_external_task_marker_child' retrieved from /home/airflow/.local/lib/python3.12/site-packages/airflow/example_dags/example_external_task_marker_dag.py
[2024-10-06T04:41:07.285+0000] {logging_mixin.py:190} INFO - [2024-10-06T04:41:07.284+0000] {dag.py:3239} INFO - Sync 2 DAGs
[2024-10-06T04:41:07.320+0000] {logging_mixin.py:190} INFO - [2024-10-06T04:41:07.319+0000] {dag.py:4180} INFO - Setting next_dagrun for example_external_task_marker_child to None, run_after=None
[2024-10-06T04:41:07.328+0000] {logging_mixin.py:190} INFO - [2024-10-06T04:41:07.327+0000] {dag.py:4180} INFO - Setting next_dagrun for example_external_task_marker_parent to None, run_after=None
[2024-10-06T04:41:07.353+0000] {processor.py:208} INFO - Processing /home/airflow/.local/lib/python3.12/site-packages/airflow/example_dags/example_external_task_marker_dag.py took 0.161 seconds
[2024-10-06T04:41:37.632+0000] {processor.py:186} INFO - Started process (PID=346) to work on /home/airflow/.local/lib/python3.12/site-packages/airflow/example_dags/example_external_task_marker_dag.py
[2024-10-06T04:41:37.633+0000] {processor.py:914} INFO - Processing file /home/airflow/.local/lib/python3.12/site-packages/airflow/example_dags/example_external_task_marker_dag.py for tasks to queue
[2024-10-06T04:41:37.637+0000] {logging_mixin.py:190} INFO - [2024-10-06T04:41:37.637+0000] {dagbag.py:588} INFO - Filling up the DagBag from /home/airflow/.local/lib/python3.12/site-packages/airflow/example_dags/example_external_task_marker_dag.py
[2024-10-06T04:41:37.650+0000] {processor.py:925} INFO - DAG(s) 'example_external_task_marker_child', 'example_external_task_marker_parent' retrieved from /home/airflow/.local/lib/python3.12/site-packages/airflow/example_dags/example_external_task_marker_dag.py
[2024-10-06T04:41:37.690+0000] {logging_mixin.py:190} INFO - [2024-10-06T04:41:37.689+0000] {dag.py:3239} INFO - Sync 2 DAGs
[2024-10-06T04:41:37.713+0000] {logging_mixin.py:190} INFO - [2024-10-06T04:41:37.713+0000] {dag.py:4180} INFO - Setting next_dagrun for example_external_task_marker_child to None, run_after=None
[2024-10-06T04:41:37.719+0000] {logging_mixin.py:190} INFO - [2024-10-06T04:41:37.719+0000] {dag.py:4180} INFO - Setting next_dagrun for example_external_task_marker_parent to None, run_after=None
[2024-10-06T04:41:37.745+0000] {processor.py:208} INFO - Processing /home/airflow/.local/lib/python3.12/site-packages/airflow/example_dags/example_external_task_marker_dag.py took 0.123 seconds
[2024-10-06T04:42:08.532+0000] {processor.py:186} INFO - Started process (PID=408) to work on /home/airflow/.local/lib/python3.12/site-packages/airflow/example_dags/example_external_task_marker_dag.py
[2024-10-06T04:42:08.534+0000] {processor.py:914} INFO - Processing file /home/airflow/.local/lib/python3.12/site-packages/airflow/example_dags/example_external_task_marker_dag.py for tasks to queue
[2024-10-06T04:42:08.537+0000] {logging_mixin.py:190} INFO - [2024-10-06T04:42:08.537+0000] {dagbag.py:588} INFO - Filling up the DagBag from /home/airflow/.local/lib/python3.12/site-packages/airflow/example_dags/example_external_task_marker_dag.py
[2024-10-06T04:42:08.549+0000] {processor.py:925} INFO - DAG(s) 'example_external_task_marker_parent', 'example_external_task_marker_child' retrieved from /home/airflow/.local/lib/python3.12/site-packages/airflow/example_dags/example_external_task_marker_dag.py
[2024-10-06T04:42:08.591+0000] {logging_mixin.py:190} INFO - [2024-10-06T04:42:08.590+0000] {dag.py:3239} INFO - Sync 2 DAGs
[2024-10-06T04:42:08.616+0000] {logging_mixin.py:190} INFO - [2024-10-06T04:42:08.616+0000] {dag.py:4180} INFO - Setting next_dagrun for example_external_task_marker_child to None, run_after=None
[2024-10-06T04:42:08.621+0000] {logging_mixin.py:190} INFO - [2024-10-06T04:42:08.621+0000] {dag.py:4180} INFO - Setting next_dagrun for example_external_task_marker_parent to None, run_after=None
[2024-10-06T04:42:08.651+0000] {processor.py:208} INFO - Processing /home/airflow/.local/lib/python3.12/site-packages/airflow/example_dags/example_external_task_marker_dag.py took 0.127 seconds
[2024-10-06T04:42:39.015+0000] {processor.py:186} INFO - Started process (PID=470) to work on /home/airflow/.local/lib/python3.12/site-packages/airflow/example_dags/example_external_task_marker_dag.py
[2024-10-06T04:42:39.017+0000] {processor.py:914} INFO - Processing file /home/airflow/.local/lib/python3.12/site-packages/airflow/example_dags/example_external_task_marker_dag.py for tasks to queue
[2024-10-06T04:42:39.022+0000] {logging_mixin.py:190} INFO - [2024-10-06T04:42:39.021+0000] {dagbag.py:588} INFO - Filling up the DagBag from /home/airflow/.local/lib/python3.12/site-packages/airflow/example_dags/example_external_task_marker_dag.py
[2024-10-06T04:42:39.039+0000] {processor.py:925} INFO - DAG(s) 'example_external_task_marker_parent', 'example_external_task_marker_child' retrieved from /home/airflow/.local/lib/python3.12/site-packages/airflow/example_dags/example_external_task_marker_dag.py
[2024-10-06T04:42:39.078+0000] {logging_mixin.py:190} INFO - [2024-10-06T04:42:39.078+0000] {dag.py:3239} INFO - Sync 2 DAGs
[2024-10-06T04:42:39.112+0000] {logging_mixin.py:190} INFO - [2024-10-06T04:42:39.112+0000] {dag.py:4180} INFO - Setting next_dagrun for example_external_task_marker_child to None, run_after=None
[2024-10-06T04:42:39.119+0000] {logging_mixin.py:190} INFO - [2024-10-06T04:42:39.119+0000] {dag.py:4180} INFO - Setting next_dagrun for example_external_task_marker_parent to None, run_after=None
[2024-10-06T04:42:39.145+0000] {processor.py:208} INFO - Processing /home/airflow/.local/lib/python3.12/site-packages/airflow/example_dags/example_external_task_marker_dag.py took 0.141 seconds
[2024-10-06T04:45:39.892+0000] {processor.py:186} INFO - Started process (PID=30) to work on /home/airflow/.local/lib/python3.12/site-packages/airflow/example_dags/example_external_task_marker_dag.py
[2024-10-06T04:45:39.904+0000] {processor.py:914} INFO - Processing file /home/airflow/.local/lib/python3.12/site-packages/airflow/example_dags/example_external_task_marker_dag.py for tasks to queue
[2024-10-06T04:45:39.908+0000] {logging_mixin.py:190} INFO - [2024-10-06T04:45:39.907+0000] {dagbag.py:588} INFO - Filling up the DagBag from /home/airflow/.local/lib/python3.12/site-packages/airflow/example_dags/example_external_task_marker_dag.py
[2024-10-06T04:45:39.931+0000] {processor.py:925} INFO - DAG(s) 'example_external_task_marker_parent', 'example_external_task_marker_child' retrieved from /home/airflow/.local/lib/python3.12/site-packages/airflow/example_dags/example_external_task_marker_dag.py
[2024-10-06T04:45:39.999+0000] {logging_mixin.py:190} INFO - [2024-10-06T04:45:39.998+0000] {dag.py:3239} INFO - Sync 2 DAGs
[2024-10-06T04:45:40.043+0000] {logging_mixin.py:190} INFO - [2024-10-06T04:45:40.042+0000] {dag.py:4180} INFO - Setting next_dagrun for example_external_task_marker_child to None, run_after=None
[2024-10-06T04:45:40.058+0000] {logging_mixin.py:190} INFO - [2024-10-06T04:45:40.057+0000] {dag.py:4180} INFO - Setting next_dagrun for example_external_task_marker_parent to None, run_after=None
[2024-10-06T04:45:40.113+0000] {processor.py:208} INFO - Processing /home/airflow/.local/lib/python3.12/site-packages/airflow/example_dags/example_external_task_marker_dag.py took 0.258 seconds
[2024-10-06T04:46:10.187+0000] {processor.py:186} INFO - Started process (PID=92) to work on /home/airflow/.local/lib/python3.12/site-packages/airflow/example_dags/example_external_task_marker_dag.py
[2024-10-06T04:46:10.188+0000] {processor.py:914} INFO - Processing file /home/airflow/.local/lib/python3.12/site-packages/airflow/example_dags/example_external_task_marker_dag.py for tasks to queue
[2024-10-06T04:46:10.191+0000] {logging_mixin.py:190} INFO - [2024-10-06T04:46:10.191+0000] {dagbag.py:588} INFO - Filling up the DagBag from /home/airflow/.local/lib/python3.12/site-packages/airflow/example_dags/example_external_task_marker_dag.py
[2024-10-06T04:46:10.202+0000] {processor.py:925} INFO - DAG(s) 'example_external_task_marker_parent', 'example_external_task_marker_child' retrieved from /home/airflow/.local/lib/python3.12/site-packages/airflow/example_dags/example_external_task_marker_dag.py
[2024-10-06T04:46:10.229+0000] {logging_mixin.py:190} INFO - [2024-10-06T04:46:10.229+0000] {dag.py:3239} INFO - Sync 2 DAGs
[2024-10-06T04:46:10.247+0000] {logging_mixin.py:190} INFO - [2024-10-06T04:46:10.247+0000] {dag.py:4180} INFO - Setting next_dagrun for example_external_task_marker_child to None, run_after=None
[2024-10-06T04:46:10.251+0000] {logging_mixin.py:190} INFO - [2024-10-06T04:46:10.251+0000] {dag.py:4180} INFO - Setting next_dagrun for example_external_task_marker_parent to None, run_after=None
[2024-10-06T04:46:10.269+0000] {processor.py:208} INFO - Processing /home/airflow/.local/lib/python3.12/site-packages/airflow/example_dags/example_external_task_marker_dag.py took 0.089 seconds
