[2024-10-06T04:18:50.708+0000] {processor.py:186} INFO - Started process (PID=35) to work on /home/airflow/.local/lib/python3.12/site-packages/airflow/example_dags/example_task_group_decorator.py
[2024-10-06T04:18:50.709+0000] {processor.py:914} INFO - Processing file /home/airflow/.local/lib/python3.12/site-packages/airflow/example_dags/example_task_group_decorator.py for tasks to queue
[2024-10-06T04:18:50.713+0000] {logging_mixin.py:190} INFO - [2024-10-06T04:18:50.712+0000] {dagbag.py:588} INFO - Filling up the DagBag from /home/airflow/.local/lib/python3.12/site-packages/airflow/example_dags/example_task_group_decorator.py
[2024-10-06T04:18:50.759+0000] {processor.py:925} INFO - DAG(s) 'example_task_group_decorator' retrieved from /home/airflow/.local/lib/python3.12/site-packages/airflow/example_dags/example_task_group_decorator.py
[2024-10-06T04:18:51.535+0000] {logging_mixin.py:190} INFO - [2024-10-06T04:18:51.534+0000] {override.py:1900} INFO - Created Permission View: can edit on DAG:example_task_group_decorator
[2024-10-06T04:18:51.564+0000] {logging_mixin.py:190} INFO - [2024-10-06T04:18:51.564+0000] {override.py:1900} INFO - Created Permission View: can delete on DAG:example_task_group_decorator
[2024-10-06T04:18:51.579+0000] {logging_mixin.py:190} INFO - [2024-10-06T04:18:51.579+0000] {override.py:1900} INFO - Created Permission View: can read on DAG:example_task_group_decorator
[2024-10-06T04:18:51.597+0000] {logging_mixin.py:190} INFO - [2024-10-06T04:18:51.596+0000] {override.py:1900} INFO - Created Permission View: can create on DAG Run:example_task_group_decorator
[2024-10-06T04:18:51.612+0000] {logging_mixin.py:190} INFO - [2024-10-06T04:18:51.612+0000] {override.py:1900} INFO - Created Permission View: menu access on DAG Run:example_task_group_decorator
[2024-10-06T04:18:51.621+0000] {logging_mixin.py:190} INFO - [2024-10-06T04:18:51.621+0000] {override.py:1900} INFO - Created Permission View: can read on DAG Run:example_task_group_decorator
[2024-10-06T04:18:51.638+0000] {logging_mixin.py:190} INFO - [2024-10-06T04:18:51.638+0000] {override.py:1900} INFO - Created Permission View: can delete on DAG Run:example_task_group_decorator
[2024-10-06T04:18:51.639+0000] {logging_mixin.py:190} INFO - [2024-10-06T04:18:51.639+0000] {dag.py:3239} INFO - Sync 1 DAGs
[2024-10-06T04:18:51.661+0000] {logging_mixin.py:190} INFO - [2024-10-06T04:18:51.661+0000] {dag.py:3262} INFO - Creating ORM DAG for example_task_group_decorator
[2024-10-06T04:18:51.662+0000] {logging_mixin.py:190} INFO - [2024-10-06T04:18:51.662+0000] {dag.py:4180} INFO - Setting next_dagrun for example_task_group_decorator to None, run_after=None
[2024-10-06T04:18:51.716+0000] {processor.py:208} INFO - Processing /home/airflow/.local/lib/python3.12/site-packages/airflow/example_dags/example_task_group_decorator.py took 1.027 seconds
[2024-10-06T04:19:36.402+0000] {processor.py:186} INFO - Started process (PID=97) to work on /home/airflow/.local/lib/python3.12/site-packages/airflow/example_dags/example_task_group_decorator.py
[2024-10-06T04:19:36.413+0000] {processor.py:914} INFO - Processing file /home/airflow/.local/lib/python3.12/site-packages/airflow/example_dags/example_task_group_decorator.py for tasks to queue
[2024-10-06T04:19:36.429+0000] {logging_mixin.py:190} INFO - [2024-10-06T04:19:36.422+0000] {dagbag.py:588} INFO - Filling up the DagBag from /home/airflow/.local/lib/python3.12/site-packages/airflow/example_dags/example_task_group_decorator.py
[2024-10-06T04:19:36.935+0000] {processor.py:925} INFO - DAG(s) 'example_task_group_decorator' retrieved from /home/airflow/.local/lib/python3.12/site-packages/airflow/example_dags/example_task_group_decorator.py
[2024-10-06T04:19:44.859+0000] {logging_mixin.py:190} INFO - [2024-10-06T04:19:44.855+0000] {dag.py:3239} INFO - Sync 1 DAGs
[2024-10-06T04:19:44.915+0000] {logging_mixin.py:190} INFO - [2024-10-06T04:19:44.914+0000] {dag.py:4180} INFO - Setting next_dagrun for example_task_group_decorator to None, run_after=None
[2024-10-06T04:19:44.978+0000] {processor.py:208} INFO - Processing /home/airflow/.local/lib/python3.12/site-packages/airflow/example_dags/example_task_group_decorator.py took 8.698 seconds
[2024-10-06T04:20:15.208+0000] {processor.py:186} INFO - Started process (PID=158) to work on /home/airflow/.local/lib/python3.12/site-packages/airflow/example_dags/example_task_group_decorator.py
[2024-10-06T04:20:15.210+0000] {processor.py:914} INFO - Processing file /home/airflow/.local/lib/python3.12/site-packages/airflow/example_dags/example_task_group_decorator.py for tasks to queue
[2024-10-06T04:20:15.213+0000] {logging_mixin.py:190} INFO - [2024-10-06T04:20:15.213+0000] {dagbag.py:588} INFO - Filling up the DagBag from /home/airflow/.local/lib/python3.12/site-packages/airflow/example_dags/example_task_group_decorator.py
[2024-10-06T04:20:15.236+0000] {processor.py:925} INFO - DAG(s) 'example_task_group_decorator' retrieved from /home/airflow/.local/lib/python3.12/site-packages/airflow/example_dags/example_task_group_decorator.py
[2024-10-06T04:20:15.274+0000] {logging_mixin.py:190} INFO - [2024-10-06T04:20:15.274+0000] {dag.py:3239} INFO - Sync 1 DAGs
[2024-10-06T04:20:15.306+0000] {logging_mixin.py:190} INFO - [2024-10-06T04:20:15.306+0000] {dag.py:4180} INFO - Setting next_dagrun for example_task_group_decorator to None, run_after=None
[2024-10-06T04:20:15.337+0000] {processor.py:208} INFO - Processing /home/airflow/.local/lib/python3.12/site-packages/airflow/example_dags/example_task_group_decorator.py took 0.138 seconds
[2024-10-06T04:20:45.915+0000] {processor.py:186} INFO - Started process (PID=227) to work on /home/airflow/.local/lib/python3.12/site-packages/airflow/example_dags/example_task_group_decorator.py
[2024-10-06T04:20:45.917+0000] {processor.py:914} INFO - Processing file /home/airflow/.local/lib/python3.12/site-packages/airflow/example_dags/example_task_group_decorator.py for tasks to queue
[2024-10-06T04:20:45.921+0000] {logging_mixin.py:190} INFO - [2024-10-06T04:20:45.921+0000] {dagbag.py:588} INFO - Filling up the DagBag from /home/airflow/.local/lib/python3.12/site-packages/airflow/example_dags/example_task_group_decorator.py
[2024-10-06T04:20:45.944+0000] {processor.py:925} INFO - DAG(s) 'example_task_group_decorator' retrieved from /home/airflow/.local/lib/python3.12/site-packages/airflow/example_dags/example_task_group_decorator.py
[2024-10-06T04:20:45.985+0000] {logging_mixin.py:190} INFO - [2024-10-06T04:20:45.984+0000] {dag.py:3239} INFO - Sync 1 DAGs
[2024-10-06T04:20:46.013+0000] {logging_mixin.py:190} INFO - [2024-10-06T04:20:46.013+0000] {dag.py:4180} INFO - Setting next_dagrun for example_task_group_decorator to None, run_after=None
[2024-10-06T04:20:46.047+0000] {processor.py:208} INFO - Processing /home/airflow/.local/lib/python3.12/site-packages/airflow/example_dags/example_task_group_decorator.py took 0.140 seconds
[2024-10-06T04:21:16.432+0000] {processor.py:186} INFO - Started process (PID=289) to work on /home/airflow/.local/lib/python3.12/site-packages/airflow/example_dags/example_task_group_decorator.py
[2024-10-06T04:21:16.434+0000] {processor.py:914} INFO - Processing file /home/airflow/.local/lib/python3.12/site-packages/airflow/example_dags/example_task_group_decorator.py for tasks to queue
[2024-10-06T04:21:16.438+0000] {logging_mixin.py:190} INFO - [2024-10-06T04:21:16.438+0000] {dagbag.py:588} INFO - Filling up the DagBag from /home/airflow/.local/lib/python3.12/site-packages/airflow/example_dags/example_task_group_decorator.py
[2024-10-06T04:21:16.463+0000] {processor.py:925} INFO - DAG(s) 'example_task_group_decorator' retrieved from /home/airflow/.local/lib/python3.12/site-packages/airflow/example_dags/example_task_group_decorator.py
[2024-10-06T04:21:16.497+0000] {logging_mixin.py:190} INFO - [2024-10-06T04:21:16.497+0000] {dag.py:3239} INFO - Sync 1 DAGs
[2024-10-06T04:21:16.518+0000] {logging_mixin.py:190} INFO - [2024-10-06T04:21:16.518+0000] {dag.py:4180} INFO - Setting next_dagrun for example_task_group_decorator to None, run_after=None
[2024-10-06T04:21:16.545+0000] {processor.py:208} INFO - Processing /home/airflow/.local/lib/python3.12/site-packages/airflow/example_dags/example_task_group_decorator.py took 0.123 seconds
[2024-10-06T04:21:47.002+0000] {processor.py:186} INFO - Started process (PID=350) to work on /home/airflow/.local/lib/python3.12/site-packages/airflow/example_dags/example_task_group_decorator.py
[2024-10-06T04:21:47.004+0000] {processor.py:914} INFO - Processing file /home/airflow/.local/lib/python3.12/site-packages/airflow/example_dags/example_task_group_decorator.py for tasks to queue
[2024-10-06T04:21:47.008+0000] {logging_mixin.py:190} INFO - [2024-10-06T04:21:47.008+0000] {dagbag.py:588} INFO - Filling up the DagBag from /home/airflow/.local/lib/python3.12/site-packages/airflow/example_dags/example_task_group_decorator.py
[2024-10-06T04:21:47.048+0000] {processor.py:925} INFO - DAG(s) 'example_task_group_decorator' retrieved from /home/airflow/.local/lib/python3.12/site-packages/airflow/example_dags/example_task_group_decorator.py
[2024-10-06T04:21:47.091+0000] {logging_mixin.py:190} INFO - [2024-10-06T04:21:47.091+0000] {dag.py:3239} INFO - Sync 1 DAGs
[2024-10-06T04:21:47.114+0000] {logging_mixin.py:190} INFO - [2024-10-06T04:21:47.113+0000] {dag.py:4180} INFO - Setting next_dagrun for example_task_group_decorator to None, run_after=None
[2024-10-06T04:21:47.140+0000] {processor.py:208} INFO - Processing /home/airflow/.local/lib/python3.12/site-packages/airflow/example_dags/example_task_group_decorator.py took 0.150 seconds
[2024-10-06T04:22:17.366+0000] {processor.py:186} INFO - Started process (PID=413) to work on /home/airflow/.local/lib/python3.12/site-packages/airflow/example_dags/example_task_group_decorator.py
[2024-10-06T04:22:17.367+0000] {processor.py:914} INFO - Processing file /home/airflow/.local/lib/python3.12/site-packages/airflow/example_dags/example_task_group_decorator.py for tasks to queue
[2024-10-06T04:22:17.371+0000] {logging_mixin.py:190} INFO - [2024-10-06T04:22:17.370+0000] {dagbag.py:588} INFO - Filling up the DagBag from /home/airflow/.local/lib/python3.12/site-packages/airflow/example_dags/example_task_group_decorator.py
[2024-10-06T04:22:17.392+0000] {processor.py:925} INFO - DAG(s) 'example_task_group_decorator' retrieved from /home/airflow/.local/lib/python3.12/site-packages/airflow/example_dags/example_task_group_decorator.py
[2024-10-06T04:22:17.427+0000] {logging_mixin.py:190} INFO - [2024-10-06T04:22:17.426+0000] {dag.py:3239} INFO - Sync 1 DAGs
[2024-10-06T04:22:17.449+0000] {logging_mixin.py:190} INFO - [2024-10-06T04:22:17.449+0000] {dag.py:4180} INFO - Setting next_dagrun for example_task_group_decorator to None, run_after=None
[2024-10-06T04:22:17.475+0000] {processor.py:208} INFO - Processing /home/airflow/.local/lib/python3.12/site-packages/airflow/example_dags/example_task_group_decorator.py took 0.118 seconds
[2024-10-06T04:22:48.283+0000] {processor.py:186} INFO - Started process (PID=476) to work on /home/airflow/.local/lib/python3.12/site-packages/airflow/example_dags/example_task_group_decorator.py
[2024-10-06T04:22:48.284+0000] {processor.py:914} INFO - Processing file /home/airflow/.local/lib/python3.12/site-packages/airflow/example_dags/example_task_group_decorator.py for tasks to queue
[2024-10-06T04:22:48.288+0000] {logging_mixin.py:190} INFO - [2024-10-06T04:22:48.288+0000] {dagbag.py:588} INFO - Filling up the DagBag from /home/airflow/.local/lib/python3.12/site-packages/airflow/example_dags/example_task_group_decorator.py
[2024-10-06T04:22:48.311+0000] {processor.py:925} INFO - DAG(s) 'example_task_group_decorator' retrieved from /home/airflow/.local/lib/python3.12/site-packages/airflow/example_dags/example_task_group_decorator.py
[2024-10-06T04:22:48.345+0000] {logging_mixin.py:190} INFO - [2024-10-06T04:22:48.345+0000] {dag.py:3239} INFO - Sync 1 DAGs
[2024-10-06T04:22:48.369+0000] {logging_mixin.py:190} INFO - [2024-10-06T04:22:48.369+0000] {dag.py:4180} INFO - Setting next_dagrun for example_task_group_decorator to None, run_after=None
[2024-10-06T04:22:48.394+0000] {processor.py:208} INFO - Processing /home/airflow/.local/lib/python3.12/site-packages/airflow/example_dags/example_task_group_decorator.py took 0.121 seconds
[2024-10-06T04:23:18.815+0000] {processor.py:186} INFO - Started process (PID=538) to work on /home/airflow/.local/lib/python3.12/site-packages/airflow/example_dags/example_task_group_decorator.py
[2024-10-06T04:23:18.817+0000] {processor.py:914} INFO - Processing file /home/airflow/.local/lib/python3.12/site-packages/airflow/example_dags/example_task_group_decorator.py for tasks to queue
[2024-10-06T04:23:18.821+0000] {logging_mixin.py:190} INFO - [2024-10-06T04:23:18.821+0000] {dagbag.py:588} INFO - Filling up the DagBag from /home/airflow/.local/lib/python3.12/site-packages/airflow/example_dags/example_task_group_decorator.py
[2024-10-06T04:23:18.842+0000] {processor.py:925} INFO - DAG(s) 'example_task_group_decorator' retrieved from /home/airflow/.local/lib/python3.12/site-packages/airflow/example_dags/example_task_group_decorator.py
[2024-10-06T04:23:18.875+0000] {logging_mixin.py:190} INFO - [2024-10-06T04:23:18.875+0000] {dag.py:3239} INFO - Sync 1 DAGs
[2024-10-06T04:23:18.897+0000] {logging_mixin.py:190} INFO - [2024-10-06T04:23:18.897+0000] {dag.py:4180} INFO - Setting next_dagrun for example_task_group_decorator to None, run_after=None
[2024-10-06T04:23:18.918+0000] {processor.py:208} INFO - Processing /home/airflow/.local/lib/python3.12/site-packages/airflow/example_dags/example_task_group_decorator.py took 0.112 seconds
[2024-10-06T04:23:49.046+0000] {processor.py:186} INFO - Started process (PID=599) to work on /home/airflow/.local/lib/python3.12/site-packages/airflow/example_dags/example_task_group_decorator.py
[2024-10-06T04:23:49.047+0000] {processor.py:914} INFO - Processing file /home/airflow/.local/lib/python3.12/site-packages/airflow/example_dags/example_task_group_decorator.py for tasks to queue
[2024-10-06T04:23:49.052+0000] {logging_mixin.py:190} INFO - [2024-10-06T04:23:49.051+0000] {dagbag.py:588} INFO - Filling up the DagBag from /home/airflow/.local/lib/python3.12/site-packages/airflow/example_dags/example_task_group_decorator.py
[2024-10-06T04:23:49.073+0000] {processor.py:925} INFO - DAG(s) 'example_task_group_decorator' retrieved from /home/airflow/.local/lib/python3.12/site-packages/airflow/example_dags/example_task_group_decorator.py
[2024-10-06T04:23:49.106+0000] {logging_mixin.py:190} INFO - [2024-10-06T04:23:49.106+0000] {dag.py:3239} INFO - Sync 1 DAGs
[2024-10-06T04:23:49.124+0000] {logging_mixin.py:190} INFO - [2024-10-06T04:23:49.124+0000] {dag.py:4180} INFO - Setting next_dagrun for example_task_group_decorator to None, run_after=None
[2024-10-06T04:23:49.148+0000] {processor.py:208} INFO - Processing /home/airflow/.local/lib/python3.12/site-packages/airflow/example_dags/example_task_group_decorator.py took 0.111 seconds
[2024-10-06T04:24:19.520+0000] {processor.py:186} INFO - Started process (PID=660) to work on /home/airflow/.local/lib/python3.12/site-packages/airflow/example_dags/example_task_group_decorator.py
[2024-10-06T04:24:19.521+0000] {processor.py:914} INFO - Processing file /home/airflow/.local/lib/python3.12/site-packages/airflow/example_dags/example_task_group_decorator.py for tasks to queue
[2024-10-06T04:24:19.525+0000] {logging_mixin.py:190} INFO - [2024-10-06T04:24:19.525+0000] {dagbag.py:588} INFO - Filling up the DagBag from /home/airflow/.local/lib/python3.12/site-packages/airflow/example_dags/example_task_group_decorator.py
[2024-10-06T04:24:19.546+0000] {processor.py:925} INFO - DAG(s) 'example_task_group_decorator' retrieved from /home/airflow/.local/lib/python3.12/site-packages/airflow/example_dags/example_task_group_decorator.py
[2024-10-06T04:24:19.579+0000] {logging_mixin.py:190} INFO - [2024-10-06T04:24:19.578+0000] {dag.py:3239} INFO - Sync 1 DAGs
[2024-10-06T04:24:19.596+0000] {logging_mixin.py:190} INFO - [2024-10-06T04:24:19.596+0000] {dag.py:4180} INFO - Setting next_dagrun for example_task_group_decorator to None, run_after=None
[2024-10-06T04:24:19.617+0000] {processor.py:208} INFO - Processing /home/airflow/.local/lib/python3.12/site-packages/airflow/example_dags/example_task_group_decorator.py took 0.106 seconds
[2024-10-06T04:24:49.658+0000] {processor.py:186} INFO - Started process (PID=722) to work on /home/airflow/.local/lib/python3.12/site-packages/airflow/example_dags/example_task_group_decorator.py
[2024-10-06T04:24:49.660+0000] {processor.py:914} INFO - Processing file /home/airflow/.local/lib/python3.12/site-packages/airflow/example_dags/example_task_group_decorator.py for tasks to queue
[2024-10-06T04:24:49.664+0000] {logging_mixin.py:190} INFO - [2024-10-06T04:24:49.664+0000] {dagbag.py:588} INFO - Filling up the DagBag from /home/airflow/.local/lib/python3.12/site-packages/airflow/example_dags/example_task_group_decorator.py
[2024-10-06T04:24:49.688+0000] {processor.py:925} INFO - DAG(s) 'example_task_group_decorator' retrieved from /home/airflow/.local/lib/python3.12/site-packages/airflow/example_dags/example_task_group_decorator.py
[2024-10-06T04:24:49.721+0000] {logging_mixin.py:190} INFO - [2024-10-06T04:24:49.721+0000] {dag.py:3239} INFO - Sync 1 DAGs
[2024-10-06T04:24:49.739+0000] {logging_mixin.py:190} INFO - [2024-10-06T04:24:49.739+0000] {dag.py:4180} INFO - Setting next_dagrun for example_task_group_decorator to None, run_after=None
[2024-10-06T04:24:49.763+0000] {processor.py:208} INFO - Processing /home/airflow/.local/lib/python3.12/site-packages/airflow/example_dags/example_task_group_decorator.py took 0.113 seconds
[2024-10-06T04:25:19.918+0000] {processor.py:186} INFO - Started process (PID=785) to work on /home/airflow/.local/lib/python3.12/site-packages/airflow/example_dags/example_task_group_decorator.py
[2024-10-06T04:25:19.923+0000] {processor.py:914} INFO - Processing file /home/airflow/.local/lib/python3.12/site-packages/airflow/example_dags/example_task_group_decorator.py for tasks to queue
[2024-10-06T04:25:19.930+0000] {logging_mixin.py:190} INFO - [2024-10-06T04:25:19.929+0000] {dagbag.py:588} INFO - Filling up the DagBag from /home/airflow/.local/lib/python3.12/site-packages/airflow/example_dags/example_task_group_decorator.py
[2024-10-06T04:25:19.960+0000] {processor.py:925} INFO - DAG(s) 'example_task_group_decorator' retrieved from /home/airflow/.local/lib/python3.12/site-packages/airflow/example_dags/example_task_group_decorator.py
[2024-10-06T04:25:20.027+0000] {logging_mixin.py:190} INFO - [2024-10-06T04:25:20.027+0000] {dag.py:3239} INFO - Sync 1 DAGs
[2024-10-06T04:25:20.052+0000] {logging_mixin.py:190} INFO - [2024-10-06T04:25:20.051+0000] {dag.py:4180} INFO - Setting next_dagrun for example_task_group_decorator to None, run_after=None
[2024-10-06T04:25:20.085+0000] {processor.py:208} INFO - Processing /home/airflow/.local/lib/python3.12/site-packages/airflow/example_dags/example_task_group_decorator.py took 0.183 seconds
[2024-10-06T04:25:50.536+0000] {processor.py:186} INFO - Started process (PID=847) to work on /home/airflow/.local/lib/python3.12/site-packages/airflow/example_dags/example_task_group_decorator.py
[2024-10-06T04:25:50.538+0000] {processor.py:914} INFO - Processing file /home/airflow/.local/lib/python3.12/site-packages/airflow/example_dags/example_task_group_decorator.py for tasks to queue
[2024-10-06T04:25:50.542+0000] {logging_mixin.py:190} INFO - [2024-10-06T04:25:50.542+0000] {dagbag.py:588} INFO - Filling up the DagBag from /home/airflow/.local/lib/python3.12/site-packages/airflow/example_dags/example_task_group_decorator.py
[2024-10-06T04:25:50.576+0000] {processor.py:925} INFO - DAG(s) 'example_task_group_decorator' retrieved from /home/airflow/.local/lib/python3.12/site-packages/airflow/example_dags/example_task_group_decorator.py
[2024-10-06T04:25:50.624+0000] {logging_mixin.py:190} INFO - [2024-10-06T04:25:50.623+0000] {dag.py:3239} INFO - Sync 1 DAGs
[2024-10-06T04:25:50.649+0000] {logging_mixin.py:190} INFO - [2024-10-06T04:25:50.649+0000] {dag.py:4180} INFO - Setting next_dagrun for example_task_group_decorator to None, run_after=None
[2024-10-06T04:25:50.725+0000] {processor.py:208} INFO - Processing /home/airflow/.local/lib/python3.12/site-packages/airflow/example_dags/example_task_group_decorator.py took 0.201 seconds
[2024-10-06T04:26:20.910+0000] {processor.py:186} INFO - Started process (PID=909) to work on /home/airflow/.local/lib/python3.12/site-packages/airflow/example_dags/example_task_group_decorator.py
[2024-10-06T04:26:20.912+0000] {processor.py:914} INFO - Processing file /home/airflow/.local/lib/python3.12/site-packages/airflow/example_dags/example_task_group_decorator.py for tasks to queue
[2024-10-06T04:26:20.917+0000] {logging_mixin.py:190} INFO - [2024-10-06T04:26:20.917+0000] {dagbag.py:588} INFO - Filling up the DagBag from /home/airflow/.local/lib/python3.12/site-packages/airflow/example_dags/example_task_group_decorator.py
[2024-10-06T04:26:20.954+0000] {processor.py:925} INFO - DAG(s) 'example_task_group_decorator' retrieved from /home/airflow/.local/lib/python3.12/site-packages/airflow/example_dags/example_task_group_decorator.py
[2024-10-06T04:26:21.007+0000] {logging_mixin.py:190} INFO - [2024-10-06T04:26:21.006+0000] {dag.py:3239} INFO - Sync 1 DAGs
[2024-10-06T04:26:21.037+0000] {logging_mixin.py:190} INFO - [2024-10-06T04:26:21.036+0000] {dag.py:4180} INFO - Setting next_dagrun for example_task_group_decorator to None, run_after=None
[2024-10-06T04:26:21.068+0000] {processor.py:208} INFO - Processing /home/airflow/.local/lib/python3.12/site-packages/airflow/example_dags/example_task_group_decorator.py took 0.172 seconds
[2024-10-06T04:26:51.323+0000] {processor.py:186} INFO - Started process (PID=971) to work on /home/airflow/.local/lib/python3.12/site-packages/airflow/example_dags/example_task_group_decorator.py
[2024-10-06T04:26:51.327+0000] {processor.py:914} INFO - Processing file /home/airflow/.local/lib/python3.12/site-packages/airflow/example_dags/example_task_group_decorator.py for tasks to queue
[2024-10-06T04:26:51.330+0000] {logging_mixin.py:190} INFO - [2024-10-06T04:26:51.330+0000] {dagbag.py:588} INFO - Filling up the DagBag from /home/airflow/.local/lib/python3.12/site-packages/airflow/example_dags/example_task_group_decorator.py
[2024-10-06T04:26:51.360+0000] {processor.py:925} INFO - DAG(s) 'example_task_group_decorator' retrieved from /home/airflow/.local/lib/python3.12/site-packages/airflow/example_dags/example_task_group_decorator.py
[2024-10-06T04:26:51.400+0000] {logging_mixin.py:190} INFO - [2024-10-06T04:26:51.399+0000] {dag.py:3239} INFO - Sync 1 DAGs
[2024-10-06T04:26:51.423+0000] {logging_mixin.py:190} INFO - [2024-10-06T04:26:51.423+0000] {dag.py:4180} INFO - Setting next_dagrun for example_task_group_decorator to None, run_after=None
[2024-10-06T04:26:51.477+0000] {processor.py:208} INFO - Processing /home/airflow/.local/lib/python3.12/site-packages/airflow/example_dags/example_task_group_decorator.py took 0.166 seconds
[2024-10-06T04:27:21.739+0000] {processor.py:186} INFO - Started process (PID=1033) to work on /home/airflow/.local/lib/python3.12/site-packages/airflow/example_dags/example_task_group_decorator.py
[2024-10-06T04:27:21.740+0000] {processor.py:914} INFO - Processing file /home/airflow/.local/lib/python3.12/site-packages/airflow/example_dags/example_task_group_decorator.py for tasks to queue
[2024-10-06T04:27:21.744+0000] {logging_mixin.py:190} INFO - [2024-10-06T04:27:21.744+0000] {dagbag.py:588} INFO - Filling up the DagBag from /home/airflow/.local/lib/python3.12/site-packages/airflow/example_dags/example_task_group_decorator.py
[2024-10-06T04:27:21.768+0000] {processor.py:925} INFO - DAG(s) 'example_task_group_decorator' retrieved from /home/airflow/.local/lib/python3.12/site-packages/airflow/example_dags/example_task_group_decorator.py
[2024-10-06T04:27:21.811+0000] {logging_mixin.py:190} INFO - [2024-10-06T04:27:21.810+0000] {dag.py:3239} INFO - Sync 1 DAGs
[2024-10-06T04:27:21.838+0000] {logging_mixin.py:190} INFO - [2024-10-06T04:27:21.838+0000] {dag.py:4180} INFO - Setting next_dagrun for example_task_group_decorator to None, run_after=None
[2024-10-06T04:27:21.863+0000] {processor.py:208} INFO - Processing /home/airflow/.local/lib/python3.12/site-packages/airflow/example_dags/example_task_group_decorator.py took 0.133 seconds
[2024-10-06T04:27:52.282+0000] {processor.py:186} INFO - Started process (PID=1095) to work on /home/airflow/.local/lib/python3.12/site-packages/airflow/example_dags/example_task_group_decorator.py
[2024-10-06T04:27:52.283+0000] {processor.py:914} INFO - Processing file /home/airflow/.local/lib/python3.12/site-packages/airflow/example_dags/example_task_group_decorator.py for tasks to queue
[2024-10-06T04:27:52.287+0000] {logging_mixin.py:190} INFO - [2024-10-06T04:27:52.286+0000] {dagbag.py:588} INFO - Filling up the DagBag from /home/airflow/.local/lib/python3.12/site-packages/airflow/example_dags/example_task_group_decorator.py
[2024-10-06T04:27:52.308+0000] {processor.py:925} INFO - DAG(s) 'example_task_group_decorator' retrieved from /home/airflow/.local/lib/python3.12/site-packages/airflow/example_dags/example_task_group_decorator.py
[2024-10-06T04:27:52.346+0000] {logging_mixin.py:190} INFO - [2024-10-06T04:27:52.345+0000] {dag.py:3239} INFO - Sync 1 DAGs
[2024-10-06T04:27:52.366+0000] {logging_mixin.py:190} INFO - [2024-10-06T04:27:52.365+0000] {dag.py:4180} INFO - Setting next_dagrun for example_task_group_decorator to None, run_after=None
[2024-10-06T04:27:52.393+0000] {processor.py:208} INFO - Processing /home/airflow/.local/lib/python3.12/site-packages/airflow/example_dags/example_task_group_decorator.py took 0.120 seconds
[2024-10-06T04:28:22.464+0000] {processor.py:186} INFO - Started process (PID=1157) to work on /home/airflow/.local/lib/python3.12/site-packages/airflow/example_dags/example_task_group_decorator.py
[2024-10-06T04:28:22.466+0000] {processor.py:914} INFO - Processing file /home/airflow/.local/lib/python3.12/site-packages/airflow/example_dags/example_task_group_decorator.py for tasks to queue
[2024-10-06T04:28:22.469+0000] {logging_mixin.py:190} INFO - [2024-10-06T04:28:22.469+0000] {dagbag.py:588} INFO - Filling up the DagBag from /home/airflow/.local/lib/python3.12/site-packages/airflow/example_dags/example_task_group_decorator.py
[2024-10-06T04:28:22.492+0000] {processor.py:925} INFO - DAG(s) 'example_task_group_decorator' retrieved from /home/airflow/.local/lib/python3.12/site-packages/airflow/example_dags/example_task_group_decorator.py
[2024-10-06T04:28:22.523+0000] {logging_mixin.py:190} INFO - [2024-10-06T04:28:22.523+0000] {dag.py:3239} INFO - Sync 1 DAGs
[2024-10-06T04:28:22.544+0000] {logging_mixin.py:190} INFO - [2024-10-06T04:28:22.543+0000] {dag.py:4180} INFO - Setting next_dagrun for example_task_group_decorator to None, run_after=None
[2024-10-06T04:28:22.570+0000] {processor.py:208} INFO - Processing /home/airflow/.local/lib/python3.12/site-packages/airflow/example_dags/example_task_group_decorator.py took 0.115 seconds
[2024-10-06T04:28:52.610+0000] {processor.py:186} INFO - Started process (PID=1220) to work on /home/airflow/.local/lib/python3.12/site-packages/airflow/example_dags/example_task_group_decorator.py
[2024-10-06T04:28:52.613+0000] {processor.py:914} INFO - Processing file /home/airflow/.local/lib/python3.12/site-packages/airflow/example_dags/example_task_group_decorator.py for tasks to queue
[2024-10-06T04:28:52.618+0000] {logging_mixin.py:190} INFO - [2024-10-06T04:28:52.618+0000] {dagbag.py:588} INFO - Filling up the DagBag from /home/airflow/.local/lib/python3.12/site-packages/airflow/example_dags/example_task_group_decorator.py
[2024-10-06T04:28:52.643+0000] {processor.py:925} INFO - DAG(s) 'example_task_group_decorator' retrieved from /home/airflow/.local/lib/python3.12/site-packages/airflow/example_dags/example_task_group_decorator.py
[2024-10-06T04:28:52.680+0000] {logging_mixin.py:190} INFO - [2024-10-06T04:28:52.680+0000] {dag.py:3239} INFO - Sync 1 DAGs
[2024-10-06T04:28:52.701+0000] {logging_mixin.py:190} INFO - [2024-10-06T04:28:52.700+0000] {dag.py:4180} INFO - Setting next_dagrun for example_task_group_decorator to None, run_after=None
[2024-10-06T04:28:52.727+0000] {processor.py:208} INFO - Processing /home/airflow/.local/lib/python3.12/site-packages/airflow/example_dags/example_task_group_decorator.py took 0.127 seconds
[2024-10-06T04:29:22.926+0000] {processor.py:186} INFO - Started process (PID=1282) to work on /home/airflow/.local/lib/python3.12/site-packages/airflow/example_dags/example_task_group_decorator.py
[2024-10-06T04:29:22.928+0000] {processor.py:914} INFO - Processing file /home/airflow/.local/lib/python3.12/site-packages/airflow/example_dags/example_task_group_decorator.py for tasks to queue
[2024-10-06T04:29:22.931+0000] {logging_mixin.py:190} INFO - [2024-10-06T04:29:22.931+0000] {dagbag.py:588} INFO - Filling up the DagBag from /home/airflow/.local/lib/python3.12/site-packages/airflow/example_dags/example_task_group_decorator.py
[2024-10-06T04:29:22.952+0000] {processor.py:925} INFO - DAG(s) 'example_task_group_decorator' retrieved from /home/airflow/.local/lib/python3.12/site-packages/airflow/example_dags/example_task_group_decorator.py
[2024-10-06T04:29:22.996+0000] {logging_mixin.py:190} INFO - [2024-10-06T04:29:22.996+0000] {dag.py:3239} INFO - Sync 1 DAGs
[2024-10-06T04:29:23.022+0000] {logging_mixin.py:190} INFO - [2024-10-06T04:29:23.022+0000] {dag.py:4180} INFO - Setting next_dagrun for example_task_group_decorator to None, run_after=None
[2024-10-06T04:29:23.047+0000] {processor.py:208} INFO - Processing /home/airflow/.local/lib/python3.12/site-packages/airflow/example_dags/example_task_group_decorator.py took 0.129 seconds
[2024-10-06T04:29:53.371+0000] {processor.py:186} INFO - Started process (PID=1344) to work on /home/airflow/.local/lib/python3.12/site-packages/airflow/example_dags/example_task_group_decorator.py
[2024-10-06T04:29:53.372+0000] {processor.py:914} INFO - Processing file /home/airflow/.local/lib/python3.12/site-packages/airflow/example_dags/example_task_group_decorator.py for tasks to queue
[2024-10-06T04:29:53.375+0000] {logging_mixin.py:190} INFO - [2024-10-06T04:29:53.375+0000] {dagbag.py:588} INFO - Filling up the DagBag from /home/airflow/.local/lib/python3.12/site-packages/airflow/example_dags/example_task_group_decorator.py
[2024-10-06T04:29:53.397+0000] {processor.py:925} INFO - DAG(s) 'example_task_group_decorator' retrieved from /home/airflow/.local/lib/python3.12/site-packages/airflow/example_dags/example_task_group_decorator.py
[2024-10-06T04:29:53.433+0000] {logging_mixin.py:190} INFO - [2024-10-06T04:29:53.433+0000] {dag.py:3239} INFO - Sync 1 DAGs
[2024-10-06T04:29:53.460+0000] {logging_mixin.py:190} INFO - [2024-10-06T04:29:53.460+0000] {dag.py:4180} INFO - Setting next_dagrun for example_task_group_decorator to None, run_after=None
[2024-10-06T04:29:53.491+0000] {processor.py:208} INFO - Processing /home/airflow/.local/lib/python3.12/site-packages/airflow/example_dags/example_task_group_decorator.py took 0.129 seconds
[2024-10-06T04:30:24.034+0000] {processor.py:186} INFO - Started process (PID=1406) to work on /home/airflow/.local/lib/python3.12/site-packages/airflow/example_dags/example_task_group_decorator.py
[2024-10-06T04:30:24.036+0000] {processor.py:914} INFO - Processing file /home/airflow/.local/lib/python3.12/site-packages/airflow/example_dags/example_task_group_decorator.py for tasks to queue
[2024-10-06T04:30:24.041+0000] {logging_mixin.py:190} INFO - [2024-10-06T04:30:24.040+0000] {dagbag.py:588} INFO - Filling up the DagBag from /home/airflow/.local/lib/python3.12/site-packages/airflow/example_dags/example_task_group_decorator.py
[2024-10-06T04:30:24.067+0000] {processor.py:925} INFO - DAG(s) 'example_task_group_decorator' retrieved from /home/airflow/.local/lib/python3.12/site-packages/airflow/example_dags/example_task_group_decorator.py
[2024-10-06T04:30:24.110+0000] {logging_mixin.py:190} INFO - [2024-10-06T04:30:24.110+0000] {dag.py:3239} INFO - Sync 1 DAGs
[2024-10-06T04:30:24.139+0000] {logging_mixin.py:190} INFO - [2024-10-06T04:30:24.139+0000] {dag.py:4180} INFO - Setting next_dagrun for example_task_group_decorator to None, run_after=None
[2024-10-06T04:30:24.174+0000] {processor.py:208} INFO - Processing /home/airflow/.local/lib/python3.12/site-packages/airflow/example_dags/example_task_group_decorator.py took 0.150 seconds
[2024-10-06T04:30:54.540+0000] {processor.py:186} INFO - Started process (PID=1468) to work on /home/airflow/.local/lib/python3.12/site-packages/airflow/example_dags/example_task_group_decorator.py
[2024-10-06T04:30:54.553+0000] {processor.py:914} INFO - Processing file /home/airflow/.local/lib/python3.12/site-packages/airflow/example_dags/example_task_group_decorator.py for tasks to queue
[2024-10-06T04:30:54.558+0000] {logging_mixin.py:190} INFO - [2024-10-06T04:30:54.558+0000] {dagbag.py:588} INFO - Filling up the DagBag from /home/airflow/.local/lib/python3.12/site-packages/airflow/example_dags/example_task_group_decorator.py
[2024-10-06T04:30:54.601+0000] {processor.py:925} INFO - DAG(s) 'example_task_group_decorator' retrieved from /home/airflow/.local/lib/python3.12/site-packages/airflow/example_dags/example_task_group_decorator.py
[2024-10-06T04:30:54.647+0000] {logging_mixin.py:190} INFO - [2024-10-06T04:30:54.646+0000] {dag.py:3239} INFO - Sync 1 DAGs
[2024-10-06T04:30:54.667+0000] {logging_mixin.py:190} INFO - [2024-10-06T04:30:54.667+0000] {dag.py:4180} INFO - Setting next_dagrun for example_task_group_decorator to None, run_after=None
[2024-10-06T04:30:54.698+0000] {processor.py:208} INFO - Processing /home/airflow/.local/lib/python3.12/site-packages/airflow/example_dags/example_task_group_decorator.py took 0.180 seconds
[2024-10-06T04:31:25.278+0000] {processor.py:186} INFO - Started process (PID=1530) to work on /home/airflow/.local/lib/python3.12/site-packages/airflow/example_dags/example_task_group_decorator.py
[2024-10-06T04:31:25.280+0000] {processor.py:914} INFO - Processing file /home/airflow/.local/lib/python3.12/site-packages/airflow/example_dags/example_task_group_decorator.py for tasks to queue
[2024-10-06T04:31:25.285+0000] {logging_mixin.py:190} INFO - [2024-10-06T04:31:25.285+0000] {dagbag.py:588} INFO - Filling up the DagBag from /home/airflow/.local/lib/python3.12/site-packages/airflow/example_dags/example_task_group_decorator.py
[2024-10-06T04:31:25.306+0000] {processor.py:925} INFO - DAG(s) 'example_task_group_decorator' retrieved from /home/airflow/.local/lib/python3.12/site-packages/airflow/example_dags/example_task_group_decorator.py
[2024-10-06T04:31:25.341+0000] {logging_mixin.py:190} INFO - [2024-10-06T04:31:25.341+0000] {dag.py:3239} INFO - Sync 1 DAGs
[2024-10-06T04:31:25.360+0000] {logging_mixin.py:190} INFO - [2024-10-06T04:31:25.360+0000] {dag.py:4180} INFO - Setting next_dagrun for example_task_group_decorator to None, run_after=None
[2024-10-06T04:31:25.386+0000] {processor.py:208} INFO - Processing /home/airflow/.local/lib/python3.12/site-packages/airflow/example_dags/example_task_group_decorator.py took 0.117 seconds
[2024-10-06T04:31:55.432+0000] {processor.py:186} INFO - Started process (PID=1592) to work on /home/airflow/.local/lib/python3.12/site-packages/airflow/example_dags/example_task_group_decorator.py
[2024-10-06T04:31:55.434+0000] {processor.py:914} INFO - Processing file /home/airflow/.local/lib/python3.12/site-packages/airflow/example_dags/example_task_group_decorator.py for tasks to queue
[2024-10-06T04:31:55.438+0000] {logging_mixin.py:190} INFO - [2024-10-06T04:31:55.438+0000] {dagbag.py:588} INFO - Filling up the DagBag from /home/airflow/.local/lib/python3.12/site-packages/airflow/example_dags/example_task_group_decorator.py
[2024-10-06T04:31:55.462+0000] {processor.py:925} INFO - DAG(s) 'example_task_group_decorator' retrieved from /home/airflow/.local/lib/python3.12/site-packages/airflow/example_dags/example_task_group_decorator.py
[2024-10-06T04:31:55.509+0000] {logging_mixin.py:190} INFO - [2024-10-06T04:31:55.508+0000] {dag.py:3239} INFO - Sync 1 DAGs
[2024-10-06T04:31:55.530+0000] {logging_mixin.py:190} INFO - [2024-10-06T04:31:55.530+0000] {dag.py:4180} INFO - Setting next_dagrun for example_task_group_decorator to None, run_after=None
[2024-10-06T04:31:55.561+0000] {processor.py:208} INFO - Processing /home/airflow/.local/lib/python3.12/site-packages/airflow/example_dags/example_task_group_decorator.py took 0.140 seconds
[2024-10-06T04:32:25.829+0000] {processor.py:186} INFO - Started process (PID=1654) to work on /home/airflow/.local/lib/python3.12/site-packages/airflow/example_dags/example_task_group_decorator.py
[2024-10-06T04:32:25.830+0000] {processor.py:914} INFO - Processing file /home/airflow/.local/lib/python3.12/site-packages/airflow/example_dags/example_task_group_decorator.py for tasks to queue
[2024-10-06T04:32:25.834+0000] {logging_mixin.py:190} INFO - [2024-10-06T04:32:25.834+0000] {dagbag.py:588} INFO - Filling up the DagBag from /home/airflow/.local/lib/python3.12/site-packages/airflow/example_dags/example_task_group_decorator.py
[2024-10-06T04:32:25.854+0000] {processor.py:925} INFO - DAG(s) 'example_task_group_decorator' retrieved from /home/airflow/.local/lib/python3.12/site-packages/airflow/example_dags/example_task_group_decorator.py
[2024-10-06T04:32:25.886+0000] {logging_mixin.py:190} INFO - [2024-10-06T04:32:25.886+0000] {dag.py:3239} INFO - Sync 1 DAGs
[2024-10-06T04:32:25.904+0000] {logging_mixin.py:190} INFO - [2024-10-06T04:32:25.904+0000] {dag.py:4180} INFO - Setting next_dagrun for example_task_group_decorator to None, run_after=None
[2024-10-06T04:32:25.929+0000] {processor.py:208} INFO - Processing /home/airflow/.local/lib/python3.12/site-packages/airflow/example_dags/example_task_group_decorator.py took 0.109 seconds
[2024-10-06T04:32:56.272+0000] {processor.py:186} INFO - Started process (PID=1716) to work on /home/airflow/.local/lib/python3.12/site-packages/airflow/example_dags/example_task_group_decorator.py
[2024-10-06T04:32:56.273+0000] {processor.py:914} INFO - Processing file /home/airflow/.local/lib/python3.12/site-packages/airflow/example_dags/example_task_group_decorator.py for tasks to queue
[2024-10-06T04:32:56.277+0000] {logging_mixin.py:190} INFO - [2024-10-06T04:32:56.277+0000] {dagbag.py:588} INFO - Filling up the DagBag from /home/airflow/.local/lib/python3.12/site-packages/airflow/example_dags/example_task_group_decorator.py
[2024-10-06T04:32:56.297+0000] {processor.py:925} INFO - DAG(s) 'example_task_group_decorator' retrieved from /home/airflow/.local/lib/python3.12/site-packages/airflow/example_dags/example_task_group_decorator.py
[2024-10-06T04:32:56.334+0000] {logging_mixin.py:190} INFO - [2024-10-06T04:32:56.334+0000] {dag.py:3239} INFO - Sync 1 DAGs
[2024-10-06T04:32:56.353+0000] {logging_mixin.py:190} INFO - [2024-10-06T04:32:56.353+0000] {dag.py:4180} INFO - Setting next_dagrun for example_task_group_decorator to None, run_after=None
[2024-10-06T04:32:56.378+0000] {processor.py:208} INFO - Processing /home/airflow/.local/lib/python3.12/site-packages/airflow/example_dags/example_task_group_decorator.py took 0.116 seconds
[2024-10-06T04:35:06.780+0000] {processor.py:186} INFO - Started process (PID=28) to work on /home/airflow/.local/lib/python3.12/site-packages/airflow/example_dags/example_task_group_decorator.py
[2024-10-06T04:35:06.781+0000] {processor.py:914} INFO - Processing file /home/airflow/.local/lib/python3.12/site-packages/airflow/example_dags/example_task_group_decorator.py for tasks to queue
[2024-10-06T04:35:06.785+0000] {logging_mixin.py:190} INFO - [2024-10-06T04:35:06.784+0000] {dagbag.py:588} INFO - Filling up the DagBag from /home/airflow/.local/lib/python3.12/site-packages/airflow/example_dags/example_task_group_decorator.py
[2024-10-06T04:35:06.812+0000] {processor.py:925} INFO - DAG(s) 'example_task_group_decorator' retrieved from /home/airflow/.local/lib/python3.12/site-packages/airflow/example_dags/example_task_group_decorator.py
[2024-10-06T04:35:06.885+0000] {logging_mixin.py:190} INFO - [2024-10-06T04:35:06.884+0000] {dag.py:3239} INFO - Sync 1 DAGs
[2024-10-06T04:35:06.910+0000] {logging_mixin.py:190} INFO - [2024-10-06T04:35:06.909+0000] {dag.py:4180} INFO - Setting next_dagrun for example_task_group_decorator to None, run_after=None
[2024-10-06T04:35:06.940+0000] {processor.py:208} INFO - Processing /home/airflow/.local/lib/python3.12/site-packages/airflow/example_dags/example_task_group_decorator.py took 0.169 seconds
[2024-10-06T04:35:37.457+0000] {processor.py:186} INFO - Started process (PID=90) to work on /home/airflow/.local/lib/python3.12/site-packages/airflow/example_dags/example_task_group_decorator.py
[2024-10-06T04:35:37.459+0000] {processor.py:914} INFO - Processing file /home/airflow/.local/lib/python3.12/site-packages/airflow/example_dags/example_task_group_decorator.py for tasks to queue
[2024-10-06T04:35:37.462+0000] {logging_mixin.py:190} INFO - [2024-10-06T04:35:37.462+0000] {dagbag.py:588} INFO - Filling up the DagBag from /home/airflow/.local/lib/python3.12/site-packages/airflow/example_dags/example_task_group_decorator.py
[2024-10-06T04:35:37.485+0000] {processor.py:925} INFO - DAG(s) 'example_task_group_decorator' retrieved from /home/airflow/.local/lib/python3.12/site-packages/airflow/example_dags/example_task_group_decorator.py
[2024-10-06T04:35:37.534+0000] {logging_mixin.py:190} INFO - [2024-10-06T04:35:37.534+0000] {dag.py:3239} INFO - Sync 1 DAGs
[2024-10-06T04:35:37.562+0000] {logging_mixin.py:190} INFO - [2024-10-06T04:35:37.562+0000] {dag.py:4180} INFO - Setting next_dagrun for example_task_group_decorator to None, run_after=None
[2024-10-06T04:35:37.596+0000] {processor.py:208} INFO - Processing /home/airflow/.local/lib/python3.12/site-packages/airflow/example_dags/example_task_group_decorator.py took 0.150 seconds
[2024-10-06T04:36:08.112+0000] {processor.py:186} INFO - Started process (PID=152) to work on /home/airflow/.local/lib/python3.12/site-packages/airflow/example_dags/example_task_group_decorator.py
[2024-10-06T04:36:08.116+0000] {processor.py:914} INFO - Processing file /home/airflow/.local/lib/python3.12/site-packages/airflow/example_dags/example_task_group_decorator.py for tasks to queue
[2024-10-06T04:36:08.120+0000] {logging_mixin.py:190} INFO - [2024-10-06T04:36:08.119+0000] {dagbag.py:588} INFO - Filling up the DagBag from /home/airflow/.local/lib/python3.12/site-packages/airflow/example_dags/example_task_group_decorator.py
[2024-10-06T04:36:08.143+0000] {processor.py:925} INFO - DAG(s) 'example_task_group_decorator' retrieved from /home/airflow/.local/lib/python3.12/site-packages/airflow/example_dags/example_task_group_decorator.py
[2024-10-06T04:36:08.182+0000] {logging_mixin.py:190} INFO - [2024-10-06T04:36:08.182+0000] {dag.py:3239} INFO - Sync 1 DAGs
[2024-10-06T04:36:08.202+0000] {logging_mixin.py:190} INFO - [2024-10-06T04:36:08.202+0000] {dag.py:4180} INFO - Setting next_dagrun for example_task_group_decorator to None, run_after=None
[2024-10-06T04:36:08.232+0000] {processor.py:208} INFO - Processing /home/airflow/.local/lib/python3.12/site-packages/airflow/example_dags/example_task_group_decorator.py took 0.135 seconds
[2024-10-06T04:36:39.178+0000] {processor.py:186} INFO - Started process (PID=219) to work on /home/airflow/.local/lib/python3.12/site-packages/airflow/example_dags/example_task_group_decorator.py
[2024-10-06T04:36:39.179+0000] {processor.py:914} INFO - Processing file /home/airflow/.local/lib/python3.12/site-packages/airflow/example_dags/example_task_group_decorator.py for tasks to queue
[2024-10-06T04:36:39.183+0000] {logging_mixin.py:190} INFO - [2024-10-06T04:36:39.182+0000] {dagbag.py:588} INFO - Filling up the DagBag from /home/airflow/.local/lib/python3.12/site-packages/airflow/example_dags/example_task_group_decorator.py
[2024-10-06T04:36:39.204+0000] {processor.py:925} INFO - DAG(s) 'example_task_group_decorator' retrieved from /home/airflow/.local/lib/python3.12/site-packages/airflow/example_dags/example_task_group_decorator.py
[2024-10-06T04:36:39.234+0000] {logging_mixin.py:190} INFO - [2024-10-06T04:36:39.233+0000] {dag.py:3239} INFO - Sync 1 DAGs
[2024-10-06T04:36:39.273+0000] {logging_mixin.py:190} INFO - [2024-10-06T04:36:39.273+0000] {dag.py:4180} INFO - Setting next_dagrun for example_task_group_decorator to None, run_after=None
[2024-10-06T04:36:39.306+0000] {processor.py:208} INFO - Processing /home/airflow/.local/lib/python3.12/site-packages/airflow/example_dags/example_task_group_decorator.py took 0.137 seconds
[2024-10-06T04:37:09.517+0000] {processor.py:186} INFO - Started process (PID=280) to work on /home/airflow/.local/lib/python3.12/site-packages/airflow/example_dags/example_task_group_decorator.py
[2024-10-06T04:37:09.519+0000] {processor.py:914} INFO - Processing file /home/airflow/.local/lib/python3.12/site-packages/airflow/example_dags/example_task_group_decorator.py for tasks to queue
[2024-10-06T04:37:09.524+0000] {logging_mixin.py:190} INFO - [2024-10-06T04:37:09.524+0000] {dagbag.py:588} INFO - Filling up the DagBag from /home/airflow/.local/lib/python3.12/site-packages/airflow/example_dags/example_task_group_decorator.py
[2024-10-06T04:37:09.547+0000] {processor.py:925} INFO - DAG(s) 'example_task_group_decorator' retrieved from /home/airflow/.local/lib/python3.12/site-packages/airflow/example_dags/example_task_group_decorator.py
[2024-10-06T04:37:09.596+0000] {logging_mixin.py:190} INFO - [2024-10-06T04:37:09.596+0000] {dag.py:3239} INFO - Sync 1 DAGs
[2024-10-06T04:37:09.618+0000] {logging_mixin.py:190} INFO - [2024-10-06T04:37:09.618+0000] {dag.py:4180} INFO - Setting next_dagrun for example_task_group_decorator to None, run_after=None
[2024-10-06T04:37:09.646+0000] {processor.py:208} INFO - Processing /home/airflow/.local/lib/python3.12/site-packages/airflow/example_dags/example_task_group_decorator.py took 0.138 seconds
[2024-10-06T04:39:03.054+0000] {processor.py:186} INFO - Started process (PID=29) to work on /home/airflow/.local/lib/python3.12/site-packages/airflow/example_dags/example_task_group_decorator.py
[2024-10-06T04:39:03.072+0000] {processor.py:914} INFO - Processing file /home/airflow/.local/lib/python3.12/site-packages/airflow/example_dags/example_task_group_decorator.py for tasks to queue
[2024-10-06T04:39:03.076+0000] {logging_mixin.py:190} INFO - [2024-10-06T04:39:03.076+0000] {dagbag.py:588} INFO - Filling up the DagBag from /home/airflow/.local/lib/python3.12/site-packages/airflow/example_dags/example_task_group_decorator.py
[2024-10-06T04:39:03.132+0000] {processor.py:925} INFO - DAG(s) 'example_task_group_decorator' retrieved from /home/airflow/.local/lib/python3.12/site-packages/airflow/example_dags/example_task_group_decorator.py
[2024-10-06T04:39:03.747+0000] {logging_mixin.py:190} INFO - [2024-10-06T04:39:03.746+0000] {override.py:1900} INFO - Created Permission View: can read on DAG:example_task_group_decorator
[2024-10-06T04:39:03.787+0000] {logging_mixin.py:190} INFO - [2024-10-06T04:39:03.786+0000] {override.py:1900} INFO - Created Permission View: can edit on DAG:example_task_group_decorator
[2024-10-06T04:39:03.797+0000] {logging_mixin.py:190} INFO - [2024-10-06T04:39:03.796+0000] {override.py:1900} INFO - Created Permission View: can delete on DAG:example_task_group_decorator
[2024-10-06T04:39:03.822+0000] {logging_mixin.py:190} INFO - [2024-10-06T04:39:03.821+0000] {override.py:1900} INFO - Created Permission View: menu access on DAG Run:example_task_group_decorator
[2024-10-06T04:39:03.832+0000] {logging_mixin.py:190} INFO - [2024-10-06T04:39:03.832+0000] {override.py:1900} INFO - Created Permission View: can read on DAG Run:example_task_group_decorator
[2024-10-06T04:39:03.849+0000] {logging_mixin.py:190} INFO - [2024-10-06T04:39:03.848+0000] {override.py:1900} INFO - Created Permission View: can create on DAG Run:example_task_group_decorator
[2024-10-06T04:39:03.858+0000] {logging_mixin.py:190} INFO - [2024-10-06T04:39:03.858+0000] {override.py:1900} INFO - Created Permission View: can delete on DAG Run:example_task_group_decorator
[2024-10-06T04:39:03.860+0000] {logging_mixin.py:190} INFO - [2024-10-06T04:39:03.859+0000] {dag.py:3239} INFO - Sync 1 DAGs
[2024-10-06T04:39:03.880+0000] {logging_mixin.py:190} INFO - [2024-10-06T04:39:03.879+0000] {dag.py:3262} INFO - Creating ORM DAG for example_task_group_decorator
[2024-10-06T04:39:03.882+0000] {logging_mixin.py:190} INFO - [2024-10-06T04:39:03.881+0000] {dag.py:4180} INFO - Setting next_dagrun for example_task_group_decorator to None, run_after=None
[2024-10-06T04:39:03.909+0000] {processor.py:208} INFO - Processing /home/airflow/.local/lib/python3.12/site-packages/airflow/example_dags/example_task_group_decorator.py took 0.872 seconds
[2024-10-06T04:39:33.997+0000] {processor.py:186} INFO - Started process (PID=91) to work on /home/airflow/.local/lib/python3.12/site-packages/airflow/example_dags/example_task_group_decorator.py
[2024-10-06T04:39:33.999+0000] {processor.py:914} INFO - Processing file /home/airflow/.local/lib/python3.12/site-packages/airflow/example_dags/example_task_group_decorator.py for tasks to queue
[2024-10-06T04:39:34.003+0000] {logging_mixin.py:190} INFO - [2024-10-06T04:39:34.002+0000] {dagbag.py:588} INFO - Filling up the DagBag from /home/airflow/.local/lib/python3.12/site-packages/airflow/example_dags/example_task_group_decorator.py
[2024-10-06T04:39:34.026+0000] {processor.py:925} INFO - DAG(s) 'example_task_group_decorator' retrieved from /home/airflow/.local/lib/python3.12/site-packages/airflow/example_dags/example_task_group_decorator.py
[2024-10-06T04:39:34.081+0000] {logging_mixin.py:190} INFO - [2024-10-06T04:39:34.080+0000] {dag.py:3239} INFO - Sync 1 DAGs
[2024-10-06T04:39:34.108+0000] {logging_mixin.py:190} INFO - [2024-10-06T04:39:34.107+0000] {dag.py:4180} INFO - Setting next_dagrun for example_task_group_decorator to None, run_after=None
[2024-10-06T04:39:34.143+0000] {processor.py:208} INFO - Processing /home/airflow/.local/lib/python3.12/site-packages/airflow/example_dags/example_task_group_decorator.py took 0.155 seconds
[2024-10-06T04:40:04.955+0000] {processor.py:186} INFO - Started process (PID=153) to work on /home/airflow/.local/lib/python3.12/site-packages/airflow/example_dags/example_task_group_decorator.py
[2024-10-06T04:40:04.957+0000] {processor.py:914} INFO - Processing file /home/airflow/.local/lib/python3.12/site-packages/airflow/example_dags/example_task_group_decorator.py for tasks to queue
[2024-10-06T04:40:04.963+0000] {logging_mixin.py:190} INFO - [2024-10-06T04:40:04.962+0000] {dagbag.py:588} INFO - Filling up the DagBag from /home/airflow/.local/lib/python3.12/site-packages/airflow/example_dags/example_task_group_decorator.py
[2024-10-06T04:40:05.000+0000] {processor.py:925} INFO - DAG(s) 'example_task_group_decorator' retrieved from /home/airflow/.local/lib/python3.12/site-packages/airflow/example_dags/example_task_group_decorator.py
[2024-10-06T04:40:05.047+0000] {logging_mixin.py:190} INFO - [2024-10-06T04:40:05.047+0000] {dag.py:3239} INFO - Sync 1 DAGs
[2024-10-06T04:40:05.079+0000] {logging_mixin.py:190} INFO - [2024-10-06T04:40:05.078+0000] {dag.py:4180} INFO - Setting next_dagrun for example_task_group_decorator to None, run_after=None
[2024-10-06T04:40:05.115+0000] {processor.py:208} INFO - Processing /home/airflow/.local/lib/python3.12/site-packages/airflow/example_dags/example_task_group_decorator.py took 0.173 seconds
[2024-10-06T04:40:35.608+0000] {processor.py:186} INFO - Started process (PID=216) to work on /home/airflow/.local/lib/python3.12/site-packages/airflow/example_dags/example_task_group_decorator.py
[2024-10-06T04:40:35.609+0000] {processor.py:914} INFO - Processing file /home/airflow/.local/lib/python3.12/site-packages/airflow/example_dags/example_task_group_decorator.py for tasks to queue
[2024-10-06T04:40:35.613+0000] {logging_mixin.py:190} INFO - [2024-10-06T04:40:35.612+0000] {dagbag.py:588} INFO - Filling up the DagBag from /home/airflow/.local/lib/python3.12/site-packages/airflow/example_dags/example_task_group_decorator.py
[2024-10-06T04:40:35.643+0000] {processor.py:925} INFO - DAG(s) 'example_task_group_decorator' retrieved from /home/airflow/.local/lib/python3.12/site-packages/airflow/example_dags/example_task_group_decorator.py
[2024-10-06T04:40:35.691+0000] {logging_mixin.py:190} INFO - [2024-10-06T04:40:35.691+0000] {dag.py:3239} INFO - Sync 1 DAGs
[2024-10-06T04:40:35.712+0000] {logging_mixin.py:190} INFO - [2024-10-06T04:40:35.712+0000] {dag.py:4180} INFO - Setting next_dagrun for example_task_group_decorator to None, run_after=None
[2024-10-06T04:40:35.765+0000] {processor.py:208} INFO - Processing /home/airflow/.local/lib/python3.12/site-packages/airflow/example_dags/example_task_group_decorator.py took 0.168 seconds
[2024-10-06T04:41:05.953+0000] {processor.py:186} INFO - Started process (PID=277) to work on /home/airflow/.local/lib/python3.12/site-packages/airflow/example_dags/example_task_group_decorator.py
[2024-10-06T04:41:05.955+0000] {processor.py:914} INFO - Processing file /home/airflow/.local/lib/python3.12/site-packages/airflow/example_dags/example_task_group_decorator.py for tasks to queue
[2024-10-06T04:41:05.960+0000] {logging_mixin.py:190} INFO - [2024-10-06T04:41:05.959+0000] {dagbag.py:588} INFO - Filling up the DagBag from /home/airflow/.local/lib/python3.12/site-packages/airflow/example_dags/example_task_group_decorator.py
[2024-10-06T04:41:06.000+0000] {processor.py:925} INFO - DAG(s) 'example_task_group_decorator' retrieved from /home/airflow/.local/lib/python3.12/site-packages/airflow/example_dags/example_task_group_decorator.py
[2024-10-06T04:41:06.086+0000] {logging_mixin.py:190} INFO - [2024-10-06T04:41:06.086+0000] {dag.py:3239} INFO - Sync 1 DAGs
[2024-10-06T04:41:06.116+0000] {logging_mixin.py:190} INFO - [2024-10-06T04:41:06.115+0000] {dag.py:4180} INFO - Setting next_dagrun for example_task_group_decorator to None, run_after=None
[2024-10-06T04:41:06.154+0000] {processor.py:208} INFO - Processing /home/airflow/.local/lib/python3.12/site-packages/airflow/example_dags/example_task_group_decorator.py took 0.241 seconds
[2024-10-06T04:41:36.470+0000] {processor.py:186} INFO - Started process (PID=345) to work on /home/airflow/.local/lib/python3.12/site-packages/airflow/example_dags/example_task_group_decorator.py
[2024-10-06T04:41:36.471+0000] {processor.py:914} INFO - Processing file /home/airflow/.local/lib/python3.12/site-packages/airflow/example_dags/example_task_group_decorator.py for tasks to queue
[2024-10-06T04:41:36.475+0000] {logging_mixin.py:190} INFO - [2024-10-06T04:41:36.474+0000] {dagbag.py:588} INFO - Filling up the DagBag from /home/airflow/.local/lib/python3.12/site-packages/airflow/example_dags/example_task_group_decorator.py
[2024-10-06T04:41:36.496+0000] {processor.py:925} INFO - DAG(s) 'example_task_group_decorator' retrieved from /home/airflow/.local/lib/python3.12/site-packages/airflow/example_dags/example_task_group_decorator.py
[2024-10-06T04:41:36.528+0000] {logging_mixin.py:190} INFO - [2024-10-06T04:41:36.528+0000] {dag.py:3239} INFO - Sync 1 DAGs
[2024-10-06T04:41:36.548+0000] {logging_mixin.py:190} INFO - [2024-10-06T04:41:36.548+0000] {dag.py:4180} INFO - Setting next_dagrun for example_task_group_decorator to None, run_after=None
[2024-10-06T04:41:36.578+0000] {processor.py:208} INFO - Processing /home/airflow/.local/lib/python3.12/site-packages/airflow/example_dags/example_task_group_decorator.py took 0.115 seconds
[2024-10-06T04:42:07.383+0000] {processor.py:186} INFO - Started process (PID=407) to work on /home/airflow/.local/lib/python3.12/site-packages/airflow/example_dags/example_task_group_decorator.py
[2024-10-06T04:42:07.385+0000] {processor.py:914} INFO - Processing file /home/airflow/.local/lib/python3.12/site-packages/airflow/example_dags/example_task_group_decorator.py for tasks to queue
[2024-10-06T04:42:07.388+0000] {logging_mixin.py:190} INFO - [2024-10-06T04:42:07.388+0000] {dagbag.py:588} INFO - Filling up the DagBag from /home/airflow/.local/lib/python3.12/site-packages/airflow/example_dags/example_task_group_decorator.py
[2024-10-06T04:42:07.408+0000] {processor.py:925} INFO - DAG(s) 'example_task_group_decorator' retrieved from /home/airflow/.local/lib/python3.12/site-packages/airflow/example_dags/example_task_group_decorator.py
[2024-10-06T04:42:07.444+0000] {logging_mixin.py:190} INFO - [2024-10-06T04:42:07.443+0000] {dag.py:3239} INFO - Sync 1 DAGs
[2024-10-06T04:42:07.465+0000] {logging_mixin.py:190} INFO - [2024-10-06T04:42:07.464+0000] {dag.py:4180} INFO - Setting next_dagrun for example_task_group_decorator to None, run_after=None
[2024-10-06T04:42:07.489+0000] {processor.py:208} INFO - Processing /home/airflow/.local/lib/python3.12/site-packages/airflow/example_dags/example_task_group_decorator.py took 0.115 seconds
[2024-10-06T04:42:37.854+0000] {processor.py:186} INFO - Started process (PID=469) to work on /home/airflow/.local/lib/python3.12/site-packages/airflow/example_dags/example_task_group_decorator.py
[2024-10-06T04:42:37.855+0000] {processor.py:914} INFO - Processing file /home/airflow/.local/lib/python3.12/site-packages/airflow/example_dags/example_task_group_decorator.py for tasks to queue
[2024-10-06T04:42:37.859+0000] {logging_mixin.py:190} INFO - [2024-10-06T04:42:37.858+0000] {dagbag.py:588} INFO - Filling up the DagBag from /home/airflow/.local/lib/python3.12/site-packages/airflow/example_dags/example_task_group_decorator.py
[2024-10-06T04:42:37.880+0000] {processor.py:925} INFO - DAG(s) 'example_task_group_decorator' retrieved from /home/airflow/.local/lib/python3.12/site-packages/airflow/example_dags/example_task_group_decorator.py
[2024-10-06T04:42:37.912+0000] {logging_mixin.py:190} INFO - [2024-10-06T04:42:37.912+0000] {dag.py:3239} INFO - Sync 1 DAGs
[2024-10-06T04:42:37.934+0000] {logging_mixin.py:190} INFO - [2024-10-06T04:42:37.934+0000] {dag.py:4180} INFO - Setting next_dagrun for example_task_group_decorator to None, run_after=None
[2024-10-06T04:42:37.961+0000] {processor.py:208} INFO - Processing /home/airflow/.local/lib/python3.12/site-packages/airflow/example_dags/example_task_group_decorator.py took 0.116 seconds
[2024-10-06T04:45:39.550+0000] {processor.py:186} INFO - Started process (PID=29) to work on /home/airflow/.local/lib/python3.12/site-packages/airflow/example_dags/example_task_group_decorator.py
[2024-10-06T04:45:39.556+0000] {processor.py:914} INFO - Processing file /home/airflow/.local/lib/python3.12/site-packages/airflow/example_dags/example_task_group_decorator.py for tasks to queue
[2024-10-06T04:45:39.560+0000] {logging_mixin.py:190} INFO - [2024-10-06T04:45:39.559+0000] {dagbag.py:588} INFO - Filling up the DagBag from /home/airflow/.local/lib/python3.12/site-packages/airflow/example_dags/example_task_group_decorator.py
[2024-10-06T04:45:39.599+0000] {processor.py:925} INFO - DAG(s) 'example_task_group_decorator' retrieved from /home/airflow/.local/lib/python3.12/site-packages/airflow/example_dags/example_task_group_decorator.py
[2024-10-06T04:45:39.685+0000] {logging_mixin.py:190} INFO - [2024-10-06T04:45:39.685+0000] {dag.py:3239} INFO - Sync 1 DAGs
[2024-10-06T04:45:39.714+0000] {logging_mixin.py:190} INFO - [2024-10-06T04:45:39.714+0000] {dag.py:4180} INFO - Setting next_dagrun for example_task_group_decorator to None, run_after=None
[2024-10-06T04:45:39.761+0000] {processor.py:208} INFO - Processing /home/airflow/.local/lib/python3.12/site-packages/airflow/example_dags/example_task_group_decorator.py took 0.220 seconds
[2024-10-06T04:46:10.035+0000] {processor.py:186} INFO - Started process (PID=90) to work on /home/airflow/.local/lib/python3.12/site-packages/airflow/example_dags/example_task_group_decorator.py
[2024-10-06T04:46:10.036+0000] {processor.py:914} INFO - Processing file /home/airflow/.local/lib/python3.12/site-packages/airflow/example_dags/example_task_group_decorator.py for tasks to queue
[2024-10-06T04:46:10.040+0000] {logging_mixin.py:190} INFO - [2024-10-06T04:46:10.040+0000] {dagbag.py:588} INFO - Filling up the DagBag from /home/airflow/.local/lib/python3.12/site-packages/airflow/example_dags/example_task_group_decorator.py
[2024-10-06T04:46:10.067+0000] {processor.py:925} INFO - DAG(s) 'example_task_group_decorator' retrieved from /home/airflow/.local/lib/python3.12/site-packages/airflow/example_dags/example_task_group_decorator.py
[2024-10-06T04:46:10.098+0000] {logging_mixin.py:190} INFO - [2024-10-06T04:46:10.097+0000] {dag.py:3239} INFO - Sync 1 DAGs
[2024-10-06T04:46:10.116+0000] {logging_mixin.py:190} INFO - [2024-10-06T04:46:10.115+0000] {dag.py:4180} INFO - Setting next_dagrun for example_task_group_decorator to None, run_after=None
[2024-10-06T04:46:10.143+0000] {processor.py:208} INFO - Processing /home/airflow/.local/lib/python3.12/site-packages/airflow/example_dags/example_task_group_decorator.py took 0.122 seconds
