[2024-10-06T04:18:58.955+0000] {processor.py:186} INFO - Started process (PID=59) to work on /home/airflow/.local/lib/python3.12/site-packages/airflow/example_dags/example_xcom.py
[2024-10-06T04:18:58.957+0000] {processor.py:914} INFO - Processing file /home/airflow/.local/lib/python3.12/site-packages/airflow/example_dags/example_xcom.py for tasks to queue
[2024-10-06T04:18:58.960+0000] {logging_mixin.py:190} INFO - [2024-10-06T04:18:58.960+0000] {dagbag.py:588} INFO - Filling up the DagBag from /home/airflow/.local/lib/python3.12/site-packages/airflow/example_dags/example_xcom.py
[2024-10-06T04:18:58.977+0000] {processor.py:925} INFO - DAG(s) 'example_xcom' retrieved from /home/airflow/.local/lib/python3.12/site-packages/airflow/example_dags/example_xcom.py
[2024-10-06T04:18:59.203+0000] {logging_mixin.py:190} INFO - [2024-10-06T04:18:59.201+0000] {override.py:1900} INFO - Created Permission View: can edit on DAG:example_xcom
[2024-10-06T04:18:59.223+0000] {logging_mixin.py:190} INFO - [2024-10-06T04:18:59.222+0000] {override.py:1900} INFO - Created Permission View: can delete on DAG:example_xcom
[2024-10-06T04:18:59.235+0000] {logging_mixin.py:190} INFO - [2024-10-06T04:18:59.234+0000] {override.py:1900} INFO - Created Permission View: can read on DAG:example_xcom
[2024-10-06T04:18:59.242+0000] {logging_mixin.py:190} INFO - [2024-10-06T04:18:59.242+0000] {override.py:1900} INFO - Created Permission View: can create on DAG Run:example_xcom
[2024-10-06T04:18:59.250+0000] {logging_mixin.py:190} INFO - [2024-10-06T04:18:59.249+0000] {override.py:1900} INFO - Created Permission View: menu access on DAG Run:example_xcom
[2024-10-06T04:18:59.256+0000] {logging_mixin.py:190} INFO - [2024-10-06T04:18:59.256+0000] {override.py:1900} INFO - Created Permission View: can read on DAG Run:example_xcom
[2024-10-06T04:18:59.264+0000] {logging_mixin.py:190} INFO - [2024-10-06T04:18:59.264+0000] {override.py:1900} INFO - Created Permission View: can delete on DAG Run:example_xcom
[2024-10-06T04:18:59.265+0000] {logging_mixin.py:190} INFO - [2024-10-06T04:18:59.264+0000] {dag.py:3239} INFO - Sync 1 DAGs
[2024-10-06T04:18:59.280+0000] {logging_mixin.py:190} INFO - [2024-10-06T04:18:59.279+0000] {dag.py:3262} INFO - Creating ORM DAG for example_xcom
[2024-10-06T04:18:59.302+0000] {logging_mixin.py:190} INFO - [2024-10-06T04:18:59.302+0000] {dag.py:4180} INFO - Setting next_dagrun for example_xcom to 2021-01-01 00:00:00+00:00, run_after=2021-01-01 00:00:00+00:00
[2024-10-06T04:18:59.334+0000] {processor.py:208} INFO - Processing /home/airflow/.local/lib/python3.12/site-packages/airflow/example_dags/example_xcom.py took 0.387 seconds
[2024-10-06T04:19:49.648+0000] {processor.py:186} INFO - Started process (PID=127) to work on /home/airflow/.local/lib/python3.12/site-packages/airflow/example_dags/example_xcom.py
[2024-10-06T04:19:49.657+0000] {processor.py:914} INFO - Processing file /home/airflow/.local/lib/python3.12/site-packages/airflow/example_dags/example_xcom.py for tasks to queue
[2024-10-06T04:19:49.662+0000] {logging_mixin.py:190} INFO - [2024-10-06T04:19:49.661+0000] {dagbag.py:588} INFO - Filling up the DagBag from /home/airflow/.local/lib/python3.12/site-packages/airflow/example_dags/example_xcom.py
[2024-10-06T04:19:49.734+0000] {processor.py:925} INFO - DAG(s) 'example_xcom' retrieved from /home/airflow/.local/lib/python3.12/site-packages/airflow/example_dags/example_xcom.py
[2024-10-06T04:19:49.811+0000] {logging_mixin.py:190} INFO - [2024-10-06T04:19:49.810+0000] {dag.py:3239} INFO - Sync 1 DAGs
[2024-10-06T04:19:49.846+0000] {logging_mixin.py:190} INFO - [2024-10-06T04:19:49.846+0000] {dag.py:4180} INFO - Setting next_dagrun for example_xcom to 2021-01-01 00:00:00+00:00, run_after=2021-01-01 00:00:00+00:00
[2024-10-06T04:19:49.875+0000] {processor.py:208} INFO - Processing /home/airflow/.local/lib/python3.12/site-packages/airflow/example_dags/example_xcom.py took 0.266 seconds
[2024-10-06T04:20:19.953+0000] {processor.py:186} INFO - Started process (PID=189) to work on /home/airflow/.local/lib/python3.12/site-packages/airflow/example_dags/example_xcom.py
[2024-10-06T04:20:19.954+0000] {processor.py:914} INFO - Processing file /home/airflow/.local/lib/python3.12/site-packages/airflow/example_dags/example_xcom.py for tasks to queue
[2024-10-06T04:20:19.958+0000] {logging_mixin.py:190} INFO - [2024-10-06T04:20:19.957+0000] {dagbag.py:588} INFO - Filling up the DagBag from /home/airflow/.local/lib/python3.12/site-packages/airflow/example_dags/example_xcom.py
[2024-10-06T04:20:19.972+0000] {processor.py:925} INFO - DAG(s) 'example_xcom' retrieved from /home/airflow/.local/lib/python3.12/site-packages/airflow/example_dags/example_xcom.py
[2024-10-06T04:20:20.013+0000] {logging_mixin.py:190} INFO - [2024-10-06T04:20:20.012+0000] {dag.py:3239} INFO - Sync 1 DAGs
[2024-10-06T04:20:20.066+0000] {logging_mixin.py:190} INFO - [2024-10-06T04:20:20.065+0000] {dag.py:4180} INFO - Setting next_dagrun for example_xcom to 2021-01-01 00:00:00+00:00, run_after=2021-01-01 00:00:00+00:00
[2024-10-06T04:20:20.090+0000] {processor.py:208} INFO - Processing /home/airflow/.local/lib/python3.12/site-packages/airflow/example_dags/example_xcom.py took 0.145 seconds
[2024-10-06T04:20:50.429+0000] {processor.py:186} INFO - Started process (PID=252) to work on /home/airflow/.local/lib/python3.12/site-packages/airflow/example_dags/example_xcom.py
[2024-10-06T04:20:50.431+0000] {processor.py:914} INFO - Processing file /home/airflow/.local/lib/python3.12/site-packages/airflow/example_dags/example_xcom.py for tasks to queue
[2024-10-06T04:20:50.436+0000] {logging_mixin.py:190} INFO - [2024-10-06T04:20:50.435+0000] {dagbag.py:588} INFO - Filling up the DagBag from /home/airflow/.local/lib/python3.12/site-packages/airflow/example_dags/example_xcom.py
[2024-10-06T04:20:50.449+0000] {processor.py:925} INFO - DAG(s) 'example_xcom' retrieved from /home/airflow/.local/lib/python3.12/site-packages/airflow/example_dags/example_xcom.py
[2024-10-06T04:20:50.482+0000] {logging_mixin.py:190} INFO - [2024-10-06T04:20:50.481+0000] {dag.py:3239} INFO - Sync 1 DAGs
[2024-10-06T04:20:50.515+0000] {logging_mixin.py:190} INFO - [2024-10-06T04:20:50.514+0000] {dag.py:4180} INFO - Setting next_dagrun for example_xcom to 2021-01-01 00:00:00+00:00, run_after=2021-01-01 00:00:00+00:00
[2024-10-06T04:20:50.540+0000] {processor.py:208} INFO - Processing /home/airflow/.local/lib/python3.12/site-packages/airflow/example_dags/example_xcom.py took 0.121 seconds
[2024-10-06T04:21:21.585+0000] {processor.py:186} INFO - Started process (PID=314) to work on /home/airflow/.local/lib/python3.12/site-packages/airflow/example_dags/example_xcom.py
[2024-10-06T04:21:21.586+0000] {processor.py:914} INFO - Processing file /home/airflow/.local/lib/python3.12/site-packages/airflow/example_dags/example_xcom.py for tasks to queue
[2024-10-06T04:21:21.590+0000] {logging_mixin.py:190} INFO - [2024-10-06T04:21:21.590+0000] {dagbag.py:588} INFO - Filling up the DagBag from /home/airflow/.local/lib/python3.12/site-packages/airflow/example_dags/example_xcom.py
[2024-10-06T04:21:21.604+0000] {processor.py:925} INFO - DAG(s) 'example_xcom' retrieved from /home/airflow/.local/lib/python3.12/site-packages/airflow/example_dags/example_xcom.py
[2024-10-06T04:21:21.635+0000] {logging_mixin.py:190} INFO - [2024-10-06T04:21:21.635+0000] {dag.py:3239} INFO - Sync 1 DAGs
[2024-10-06T04:21:21.668+0000] {logging_mixin.py:190} INFO - [2024-10-06T04:21:21.667+0000] {dag.py:4180} INFO - Setting next_dagrun for example_xcom to 2021-01-01 00:00:00+00:00, run_after=2021-01-01 00:00:00+00:00
[2024-10-06T04:21:21.698+0000] {processor.py:208} INFO - Processing /home/airflow/.local/lib/python3.12/site-packages/airflow/example_dags/example_xcom.py took 0.122 seconds
[2024-10-06T04:21:51.788+0000] {processor.py:186} INFO - Started process (PID=375) to work on /home/airflow/.local/lib/python3.12/site-packages/airflow/example_dags/example_xcom.py
[2024-10-06T04:21:51.790+0000] {processor.py:914} INFO - Processing file /home/airflow/.local/lib/python3.12/site-packages/airflow/example_dags/example_xcom.py for tasks to queue
[2024-10-06T04:21:51.794+0000] {logging_mixin.py:190} INFO - [2024-10-06T04:21:51.794+0000] {dagbag.py:588} INFO - Filling up the DagBag from /home/airflow/.local/lib/python3.12/site-packages/airflow/example_dags/example_xcom.py
[2024-10-06T04:21:51.813+0000] {processor.py:925} INFO - DAG(s) 'example_xcom' retrieved from /home/airflow/.local/lib/python3.12/site-packages/airflow/example_dags/example_xcom.py
[2024-10-06T04:21:51.844+0000] {logging_mixin.py:190} INFO - [2024-10-06T04:21:51.844+0000] {dag.py:3239} INFO - Sync 1 DAGs
[2024-10-06T04:21:51.882+0000] {logging_mixin.py:190} INFO - [2024-10-06T04:21:51.881+0000] {dag.py:4180} INFO - Setting next_dagrun for example_xcom to 2021-01-01 00:00:00+00:00, run_after=2021-01-01 00:00:00+00:00
[2024-10-06T04:21:51.912+0000] {processor.py:208} INFO - Processing /home/airflow/.local/lib/python3.12/site-packages/airflow/example_dags/example_xcom.py took 0.138 seconds
[2024-10-06T04:22:21.975+0000] {processor.py:186} INFO - Started process (PID=438) to work on /home/airflow/.local/lib/python3.12/site-packages/airflow/example_dags/example_xcom.py
[2024-10-06T04:22:21.976+0000] {processor.py:914} INFO - Processing file /home/airflow/.local/lib/python3.12/site-packages/airflow/example_dags/example_xcom.py for tasks to queue
[2024-10-06T04:22:21.981+0000] {logging_mixin.py:190} INFO - [2024-10-06T04:22:21.980+0000] {dagbag.py:588} INFO - Filling up the DagBag from /home/airflow/.local/lib/python3.12/site-packages/airflow/example_dags/example_xcom.py
[2024-10-06T04:22:22.000+0000] {processor.py:925} INFO - DAG(s) 'example_xcom' retrieved from /home/airflow/.local/lib/python3.12/site-packages/airflow/example_dags/example_xcom.py
[2024-10-06T04:22:22.038+0000] {logging_mixin.py:190} INFO - [2024-10-06T04:22:22.037+0000] {dag.py:3239} INFO - Sync 1 DAGs
[2024-10-06T04:22:22.081+0000] {logging_mixin.py:190} INFO - [2024-10-06T04:22:22.081+0000] {dag.py:4180} INFO - Setting next_dagrun for example_xcom to 2021-01-01 00:00:00+00:00, run_after=2021-01-01 00:00:00+00:00
[2024-10-06T04:22:22.107+0000] {processor.py:208} INFO - Processing /home/airflow/.local/lib/python3.12/site-packages/airflow/example_dags/example_xcom.py took 0.143 seconds
[2024-10-06T04:22:52.646+0000] {processor.py:186} INFO - Started process (PID=501) to work on /home/airflow/.local/lib/python3.12/site-packages/airflow/example_dags/example_xcom.py
[2024-10-06T04:22:52.648+0000] {processor.py:914} INFO - Processing file /home/airflow/.local/lib/python3.12/site-packages/airflow/example_dags/example_xcom.py for tasks to queue
[2024-10-06T04:22:52.652+0000] {logging_mixin.py:190} INFO - [2024-10-06T04:22:52.651+0000] {dagbag.py:588} INFO - Filling up the DagBag from /home/airflow/.local/lib/python3.12/site-packages/airflow/example_dags/example_xcom.py
[2024-10-06T04:22:52.670+0000] {processor.py:925} INFO - DAG(s) 'example_xcom' retrieved from /home/airflow/.local/lib/python3.12/site-packages/airflow/example_dags/example_xcom.py
[2024-10-06T04:22:52.704+0000] {logging_mixin.py:190} INFO - [2024-10-06T04:22:52.704+0000] {dag.py:3239} INFO - Sync 1 DAGs
[2024-10-06T04:22:52.746+0000] {logging_mixin.py:190} INFO - [2024-10-06T04:22:52.746+0000] {dag.py:4180} INFO - Setting next_dagrun for example_xcom to 2021-01-01 00:00:00+00:00, run_after=2021-01-01 00:00:00+00:00
[2024-10-06T04:22:52.777+0000] {processor.py:208} INFO - Processing /home/airflow/.local/lib/python3.12/site-packages/airflow/example_dags/example_xcom.py took 0.143 seconds
[2024-10-06T04:23:23.097+0000] {processor.py:186} INFO - Started process (PID=563) to work on /home/airflow/.local/lib/python3.12/site-packages/airflow/example_dags/example_xcom.py
[2024-10-06T04:23:23.099+0000] {processor.py:914} INFO - Processing file /home/airflow/.local/lib/python3.12/site-packages/airflow/example_dags/example_xcom.py for tasks to queue
[2024-10-06T04:23:23.102+0000] {logging_mixin.py:190} INFO - [2024-10-06T04:23:23.102+0000] {dagbag.py:588} INFO - Filling up the DagBag from /home/airflow/.local/lib/python3.12/site-packages/airflow/example_dags/example_xcom.py
[2024-10-06T04:23:23.115+0000] {processor.py:925} INFO - DAG(s) 'example_xcom' retrieved from /home/airflow/.local/lib/python3.12/site-packages/airflow/example_dags/example_xcom.py
[2024-10-06T04:23:23.141+0000] {logging_mixin.py:190} INFO - [2024-10-06T04:23:23.140+0000] {dag.py:3239} INFO - Sync 1 DAGs
[2024-10-06T04:23:23.170+0000] {logging_mixin.py:190} INFO - [2024-10-06T04:23:23.170+0000] {dag.py:4180} INFO - Setting next_dagrun for example_xcom to 2021-01-01 00:00:00+00:00, run_after=2021-01-01 00:00:00+00:00
[2024-10-06T04:23:23.199+0000] {processor.py:208} INFO - Processing /home/airflow/.local/lib/python3.12/site-packages/airflow/example_dags/example_xcom.py took 0.109 seconds
[2024-10-06T04:23:53.967+0000] {processor.py:186} INFO - Started process (PID=624) to work on /home/airflow/.local/lib/python3.12/site-packages/airflow/example_dags/example_xcom.py
[2024-10-06T04:23:53.968+0000] {processor.py:914} INFO - Processing file /home/airflow/.local/lib/python3.12/site-packages/airflow/example_dags/example_xcom.py for tasks to queue
[2024-10-06T04:23:53.973+0000] {logging_mixin.py:190} INFO - [2024-10-06T04:23:53.972+0000] {dagbag.py:588} INFO - Filling up the DagBag from /home/airflow/.local/lib/python3.12/site-packages/airflow/example_dags/example_xcom.py
[2024-10-06T04:23:53.989+0000] {processor.py:925} INFO - DAG(s) 'example_xcom' retrieved from /home/airflow/.local/lib/python3.12/site-packages/airflow/example_dags/example_xcom.py
[2024-10-06T04:23:54.024+0000] {logging_mixin.py:190} INFO - [2024-10-06T04:23:54.023+0000] {dag.py:3239} INFO - Sync 1 DAGs
[2024-10-06T04:23:54.064+0000] {logging_mixin.py:190} INFO - [2024-10-06T04:23:54.063+0000] {dag.py:4180} INFO - Setting next_dagrun for example_xcom to 2021-01-01 00:00:00+00:00, run_after=2021-01-01 00:00:00+00:00
[2024-10-06T04:23:54.090+0000] {processor.py:208} INFO - Processing /home/airflow/.local/lib/python3.12/site-packages/airflow/example_dags/example_xcom.py took 0.133 seconds
[2024-10-06T04:24:24.736+0000] {processor.py:186} INFO - Started process (PID=685) to work on /home/airflow/.local/lib/python3.12/site-packages/airflow/example_dags/example_xcom.py
[2024-10-06T04:24:24.737+0000] {processor.py:914} INFO - Processing file /home/airflow/.local/lib/python3.12/site-packages/airflow/example_dags/example_xcom.py for tasks to queue
[2024-10-06T04:24:24.741+0000] {logging_mixin.py:190} INFO - [2024-10-06T04:24:24.740+0000] {dagbag.py:588} INFO - Filling up the DagBag from /home/airflow/.local/lib/python3.12/site-packages/airflow/example_dags/example_xcom.py
[2024-10-06T04:24:24.753+0000] {processor.py:925} INFO - DAG(s) 'example_xcom' retrieved from /home/airflow/.local/lib/python3.12/site-packages/airflow/example_dags/example_xcom.py
[2024-10-06T04:24:24.781+0000] {logging_mixin.py:190} INFO - [2024-10-06T04:24:24.781+0000] {dag.py:3239} INFO - Sync 1 DAGs
[2024-10-06T04:24:24.812+0000] {logging_mixin.py:190} INFO - [2024-10-06T04:24:24.811+0000] {dag.py:4180} INFO - Setting next_dagrun for example_xcom to 2021-01-01 00:00:00+00:00, run_after=2021-01-01 00:00:00+00:00
[2024-10-06T04:24:24.837+0000] {processor.py:208} INFO - Processing /home/airflow/.local/lib/python3.12/site-packages/airflow/example_dags/example_xcom.py took 0.109 seconds
[2024-10-06T04:24:56.428+0000] {processor.py:186} INFO - Started process (PID=747) to work on /home/airflow/.local/lib/python3.12/site-packages/airflow/example_dags/example_xcom.py
[2024-10-06T04:24:56.439+0000] {processor.py:914} INFO - Processing file /home/airflow/.local/lib/python3.12/site-packages/airflow/example_dags/example_xcom.py for tasks to queue
[2024-10-06T04:24:56.443+0000] {logging_mixin.py:190} INFO - [2024-10-06T04:24:56.442+0000] {dagbag.py:588} INFO - Filling up the DagBag from /home/airflow/.local/lib/python3.12/site-packages/airflow/example_dags/example_xcom.py
[2024-10-06T04:24:56.470+0000] {processor.py:925} INFO - DAG(s) 'example_xcom' retrieved from /home/airflow/.local/lib/python3.12/site-packages/airflow/example_dags/example_xcom.py
[2024-10-06T04:24:56.515+0000] {logging_mixin.py:190} INFO - [2024-10-06T04:24:56.514+0000] {dag.py:3239} INFO - Sync 1 DAGs
[2024-10-06T04:24:56.557+0000] {logging_mixin.py:190} INFO - [2024-10-06T04:24:56.556+0000] {dag.py:4180} INFO - Setting next_dagrun for example_xcom to 2021-01-01 00:00:00+00:00, run_after=2021-01-01 00:00:00+00:00
[2024-10-06T04:24:56.596+0000] {processor.py:208} INFO - Processing /home/airflow/.local/lib/python3.12/site-packages/airflow/example_dags/example_xcom.py took 0.177 seconds
[2024-10-06T04:25:26.921+0000] {processor.py:186} INFO - Started process (PID=810) to work on /home/airflow/.local/lib/python3.12/site-packages/airflow/example_dags/example_xcom.py
[2024-10-06T04:25:26.922+0000] {processor.py:914} INFO - Processing file /home/airflow/.local/lib/python3.12/site-packages/airflow/example_dags/example_xcom.py for tasks to queue
[2024-10-06T04:25:26.926+0000] {logging_mixin.py:190} INFO - [2024-10-06T04:25:26.926+0000] {dagbag.py:588} INFO - Filling up the DagBag from /home/airflow/.local/lib/python3.12/site-packages/airflow/example_dags/example_xcom.py
[2024-10-06T04:25:26.942+0000] {processor.py:925} INFO - DAG(s) 'example_xcom' retrieved from /home/airflow/.local/lib/python3.12/site-packages/airflow/example_dags/example_xcom.py
[2024-10-06T04:25:26.971+0000] {logging_mixin.py:190} INFO - [2024-10-06T04:25:26.971+0000] {dag.py:3239} INFO - Sync 1 DAGs
[2024-10-06T04:25:27.003+0000] {logging_mixin.py:190} INFO - [2024-10-06T04:25:27.002+0000] {dag.py:4180} INFO - Setting next_dagrun for example_xcom to 2021-01-01 00:00:00+00:00, run_after=2021-01-01 00:00:00+00:00
[2024-10-06T04:25:27.030+0000] {processor.py:208} INFO - Processing /home/airflow/.local/lib/python3.12/site-packages/airflow/example_dags/example_xcom.py took 0.119 seconds
[2024-10-06T04:25:57.339+0000] {processor.py:186} INFO - Started process (PID=872) to work on /home/airflow/.local/lib/python3.12/site-packages/airflow/example_dags/example_xcom.py
[2024-10-06T04:25:57.341+0000] {processor.py:914} INFO - Processing file /home/airflow/.local/lib/python3.12/site-packages/airflow/example_dags/example_xcom.py for tasks to queue
[2024-10-06T04:25:57.344+0000] {logging_mixin.py:190} INFO - [2024-10-06T04:25:57.344+0000] {dagbag.py:588} INFO - Filling up the DagBag from /home/airflow/.local/lib/python3.12/site-packages/airflow/example_dags/example_xcom.py
[2024-10-06T04:25:57.360+0000] {processor.py:925} INFO - DAG(s) 'example_xcom' retrieved from /home/airflow/.local/lib/python3.12/site-packages/airflow/example_dags/example_xcom.py
[2024-10-06T04:25:57.391+0000] {logging_mixin.py:190} INFO - [2024-10-06T04:25:57.391+0000] {dag.py:3239} INFO - Sync 1 DAGs
[2024-10-06T04:25:57.424+0000] {logging_mixin.py:190} INFO - [2024-10-06T04:25:57.423+0000] {dag.py:4180} INFO - Setting next_dagrun for example_xcom to 2021-01-01 00:00:00+00:00, run_after=2021-01-01 00:00:00+00:00
[2024-10-06T04:25:57.449+0000] {processor.py:208} INFO - Processing /home/airflow/.local/lib/python3.12/site-packages/airflow/example_dags/example_xcom.py took 0.119 seconds
[2024-10-06T04:26:27.895+0000] {processor.py:186} INFO - Started process (PID=934) to work on /home/airflow/.local/lib/python3.12/site-packages/airflow/example_dags/example_xcom.py
[2024-10-06T04:26:27.897+0000] {processor.py:914} INFO - Processing file /home/airflow/.local/lib/python3.12/site-packages/airflow/example_dags/example_xcom.py for tasks to queue
[2024-10-06T04:26:27.901+0000] {logging_mixin.py:190} INFO - [2024-10-06T04:26:27.900+0000] {dagbag.py:588} INFO - Filling up the DagBag from /home/airflow/.local/lib/python3.12/site-packages/airflow/example_dags/example_xcom.py
[2024-10-06T04:26:27.915+0000] {processor.py:925} INFO - DAG(s) 'example_xcom' retrieved from /home/airflow/.local/lib/python3.12/site-packages/airflow/example_dags/example_xcom.py
[2024-10-06T04:26:27.970+0000] {logging_mixin.py:190} INFO - [2024-10-06T04:26:27.970+0000] {dag.py:3239} INFO - Sync 1 DAGs
[2024-10-06T04:26:28.000+0000] {logging_mixin.py:190} INFO - [2024-10-06T04:26:28.000+0000] {dag.py:4180} INFO - Setting next_dagrun for example_xcom to 2021-01-01 00:00:00+00:00, run_after=2021-01-01 00:00:00+00:00
[2024-10-06T04:26:28.043+0000] {processor.py:208} INFO - Processing /home/airflow/.local/lib/python3.12/site-packages/airflow/example_dags/example_xcom.py took 0.157 seconds
[2024-10-06T04:26:58.493+0000] {processor.py:186} INFO - Started process (PID=996) to work on /home/airflow/.local/lib/python3.12/site-packages/airflow/example_dags/example_xcom.py
[2024-10-06T04:26:58.495+0000] {processor.py:914} INFO - Processing file /home/airflow/.local/lib/python3.12/site-packages/airflow/example_dags/example_xcom.py for tasks to queue
[2024-10-06T04:26:58.499+0000] {logging_mixin.py:190} INFO - [2024-10-06T04:26:58.499+0000] {dagbag.py:588} INFO - Filling up the DagBag from /home/airflow/.local/lib/python3.12/site-packages/airflow/example_dags/example_xcom.py
[2024-10-06T04:26:58.514+0000] {processor.py:925} INFO - DAG(s) 'example_xcom' retrieved from /home/airflow/.local/lib/python3.12/site-packages/airflow/example_dags/example_xcom.py
[2024-10-06T04:26:58.544+0000] {logging_mixin.py:190} INFO - [2024-10-06T04:26:58.544+0000] {dag.py:3239} INFO - Sync 1 DAGs
[2024-10-06T04:26:58.574+0000] {logging_mixin.py:190} INFO - [2024-10-06T04:26:58.574+0000] {dag.py:4180} INFO - Setting next_dagrun for example_xcom to 2021-01-01 00:00:00+00:00, run_after=2021-01-01 00:00:00+00:00
[2024-10-06T04:26:58.596+0000] {processor.py:208} INFO - Processing /home/airflow/.local/lib/python3.12/site-packages/airflow/example_dags/example_xcom.py took 0.114 seconds
[2024-10-06T04:27:29.995+0000] {processor.py:186} INFO - Started process (PID=1058) to work on /home/airflow/.local/lib/python3.12/site-packages/airflow/example_dags/example_xcom.py
[2024-10-06T04:27:29.997+0000] {processor.py:914} INFO - Processing file /home/airflow/.local/lib/python3.12/site-packages/airflow/example_dags/example_xcom.py for tasks to queue
[2024-10-06T04:27:30.001+0000] {logging_mixin.py:190} INFO - [2024-10-06T04:27:30.000+0000] {dagbag.py:588} INFO - Filling up the DagBag from /home/airflow/.local/lib/python3.12/site-packages/airflow/example_dags/example_xcom.py
[2024-10-06T04:27:30.015+0000] {processor.py:925} INFO - DAG(s) 'example_xcom' retrieved from /home/airflow/.local/lib/python3.12/site-packages/airflow/example_dags/example_xcom.py
[2024-10-06T04:27:30.049+0000] {logging_mixin.py:190} INFO - [2024-10-06T04:27:30.049+0000] {dag.py:3239} INFO - Sync 1 DAGs
[2024-10-06T04:27:30.082+0000] {logging_mixin.py:190} INFO - [2024-10-06T04:27:30.082+0000] {dag.py:4180} INFO - Setting next_dagrun for example_xcom to 2021-01-01 00:00:00+00:00, run_after=2021-01-01 00:00:00+00:00
[2024-10-06T04:27:30.106+0000] {processor.py:208} INFO - Processing /home/airflow/.local/lib/python3.12/site-packages/airflow/example_dags/example_xcom.py took 0.121 seconds
[2024-10-06T04:28:00.973+0000] {processor.py:186} INFO - Started process (PID=1120) to work on /home/airflow/.local/lib/python3.12/site-packages/airflow/example_dags/example_xcom.py
[2024-10-06T04:28:00.975+0000] {processor.py:914} INFO - Processing file /home/airflow/.local/lib/python3.12/site-packages/airflow/example_dags/example_xcom.py for tasks to queue
[2024-10-06T04:28:00.979+0000] {logging_mixin.py:190} INFO - [2024-10-06T04:28:00.978+0000] {dagbag.py:588} INFO - Filling up the DagBag from /home/airflow/.local/lib/python3.12/site-packages/airflow/example_dags/example_xcom.py
[2024-10-06T04:28:00.994+0000] {processor.py:925} INFO - DAG(s) 'example_xcom' retrieved from /home/airflow/.local/lib/python3.12/site-packages/airflow/example_dags/example_xcom.py
[2024-10-06T04:28:01.038+0000] {logging_mixin.py:190} INFO - [2024-10-06T04:28:01.037+0000] {dag.py:3239} INFO - Sync 1 DAGs
[2024-10-06T04:28:01.073+0000] {logging_mixin.py:190} INFO - [2024-10-06T04:28:01.073+0000] {dag.py:4180} INFO - Setting next_dagrun for example_xcom to 2021-01-01 00:00:00+00:00, run_after=2021-01-01 00:00:00+00:00
[2024-10-06T04:28:01.104+0000] {processor.py:208} INFO - Processing /home/airflow/.local/lib/python3.12/site-packages/airflow/example_dags/example_xcom.py took 0.139 seconds
[2024-10-06T04:28:32.020+0000] {processor.py:186} INFO - Started process (PID=1182) to work on /home/airflow/.local/lib/python3.12/site-packages/airflow/example_dags/example_xcom.py
[2024-10-06T04:28:32.022+0000] {processor.py:914} INFO - Processing file /home/airflow/.local/lib/python3.12/site-packages/airflow/example_dags/example_xcom.py for tasks to queue
[2024-10-06T04:28:32.026+0000] {logging_mixin.py:190} INFO - [2024-10-06T04:28:32.025+0000] {dagbag.py:588} INFO - Filling up the DagBag from /home/airflow/.local/lib/python3.12/site-packages/airflow/example_dags/example_xcom.py
[2024-10-06T04:28:32.044+0000] {processor.py:925} INFO - DAG(s) 'example_xcom' retrieved from /home/airflow/.local/lib/python3.12/site-packages/airflow/example_dags/example_xcom.py
[2024-10-06T04:28:32.071+0000] {logging_mixin.py:190} INFO - [2024-10-06T04:28:32.070+0000] {dag.py:3239} INFO - Sync 1 DAGs
[2024-10-06T04:28:32.102+0000] {logging_mixin.py:190} INFO - [2024-10-06T04:28:32.102+0000] {dag.py:4180} INFO - Setting next_dagrun for example_xcom to 2021-01-01 00:00:00+00:00, run_after=2021-01-01 00:00:00+00:00
[2024-10-06T04:28:32.124+0000] {processor.py:208} INFO - Processing /home/airflow/.local/lib/python3.12/site-packages/airflow/example_dags/example_xcom.py took 0.112 seconds
[2024-10-06T04:29:03.399+0000] {processor.py:186} INFO - Started process (PID=1245) to work on /home/airflow/.local/lib/python3.12/site-packages/airflow/example_dags/example_xcom.py
[2024-10-06T04:29:03.401+0000] {processor.py:914} INFO - Processing file /home/airflow/.local/lib/python3.12/site-packages/airflow/example_dags/example_xcom.py for tasks to queue
[2024-10-06T04:29:03.405+0000] {logging_mixin.py:190} INFO - [2024-10-06T04:29:03.404+0000] {dagbag.py:588} INFO - Filling up the DagBag from /home/airflow/.local/lib/python3.12/site-packages/airflow/example_dags/example_xcom.py
[2024-10-06T04:29:03.418+0000] {processor.py:925} INFO - DAG(s) 'example_xcom' retrieved from /home/airflow/.local/lib/python3.12/site-packages/airflow/example_dags/example_xcom.py
[2024-10-06T04:29:03.446+0000] {logging_mixin.py:190} INFO - [2024-10-06T04:29:03.446+0000] {dag.py:3239} INFO - Sync 1 DAGs
[2024-10-06T04:29:03.485+0000] {logging_mixin.py:190} INFO - [2024-10-06T04:29:03.485+0000] {dag.py:4180} INFO - Setting next_dagrun for example_xcom to 2021-01-01 00:00:00+00:00, run_after=2021-01-01 00:00:00+00:00
[2024-10-06T04:29:03.562+0000] {processor.py:208} INFO - Processing /home/airflow/.local/lib/python3.12/site-packages/airflow/example_dags/example_xcom.py took 0.171 seconds
[2024-10-06T04:29:34.397+0000] {processor.py:186} INFO - Started process (PID=1307) to work on /home/airflow/.local/lib/python3.12/site-packages/airflow/example_dags/example_xcom.py
[2024-10-06T04:29:34.398+0000] {processor.py:914} INFO - Processing file /home/airflow/.local/lib/python3.12/site-packages/airflow/example_dags/example_xcom.py for tasks to queue
[2024-10-06T04:29:34.402+0000] {logging_mixin.py:190} INFO - [2024-10-06T04:29:34.401+0000] {dagbag.py:588} INFO - Filling up the DagBag from /home/airflow/.local/lib/python3.12/site-packages/airflow/example_dags/example_xcom.py
[2024-10-06T04:29:34.415+0000] {processor.py:925} INFO - DAG(s) 'example_xcom' retrieved from /home/airflow/.local/lib/python3.12/site-packages/airflow/example_dags/example_xcom.py
[2024-10-06T04:29:34.444+0000] {logging_mixin.py:190} INFO - [2024-10-06T04:29:34.443+0000] {dag.py:3239} INFO - Sync 1 DAGs
[2024-10-06T04:29:34.473+0000] {logging_mixin.py:190} INFO - [2024-10-06T04:29:34.472+0000] {dag.py:4180} INFO - Setting next_dagrun for example_xcom to 2021-01-01 00:00:00+00:00, run_after=2021-01-01 00:00:00+00:00
[2024-10-06T04:29:34.497+0000] {processor.py:208} INFO - Processing /home/airflow/.local/lib/python3.12/site-packages/airflow/example_dags/example_xcom.py took 0.109 seconds
[2024-10-06T04:30:05.236+0000] {processor.py:186} INFO - Started process (PID=1369) to work on /home/airflow/.local/lib/python3.12/site-packages/airflow/example_dags/example_xcom.py
[2024-10-06T04:30:05.238+0000] {processor.py:914} INFO - Processing file /home/airflow/.local/lib/python3.12/site-packages/airflow/example_dags/example_xcom.py for tasks to queue
[2024-10-06T04:30:05.242+0000] {logging_mixin.py:190} INFO - [2024-10-06T04:30:05.242+0000] {dagbag.py:588} INFO - Filling up the DagBag from /home/airflow/.local/lib/python3.12/site-packages/airflow/example_dags/example_xcom.py
[2024-10-06T04:30:05.259+0000] {processor.py:925} INFO - DAG(s) 'example_xcom' retrieved from /home/airflow/.local/lib/python3.12/site-packages/airflow/example_dags/example_xcom.py
[2024-10-06T04:30:05.301+0000] {logging_mixin.py:190} INFO - [2024-10-06T04:30:05.300+0000] {dag.py:3239} INFO - Sync 1 DAGs
[2024-10-06T04:30:05.338+0000] {logging_mixin.py:190} INFO - [2024-10-06T04:30:05.337+0000] {dag.py:4180} INFO - Setting next_dagrun for example_xcom to 2021-01-01 00:00:00+00:00, run_after=2021-01-01 00:00:00+00:00
[2024-10-06T04:30:05.369+0000] {processor.py:208} INFO - Processing /home/airflow/.local/lib/python3.12/site-packages/airflow/example_dags/example_xcom.py took 0.143 seconds
[2024-10-06T04:30:36.350+0000] {processor.py:186} INFO - Started process (PID=1431) to work on /home/airflow/.local/lib/python3.12/site-packages/airflow/example_dags/example_xcom.py
[2024-10-06T04:30:36.351+0000] {processor.py:914} INFO - Processing file /home/airflow/.local/lib/python3.12/site-packages/airflow/example_dags/example_xcom.py for tasks to queue
[2024-10-06T04:30:36.356+0000] {logging_mixin.py:190} INFO - [2024-10-06T04:30:36.355+0000] {dagbag.py:588} INFO - Filling up the DagBag from /home/airflow/.local/lib/python3.12/site-packages/airflow/example_dags/example_xcom.py
[2024-10-06T04:30:36.372+0000] {processor.py:925} INFO - DAG(s) 'example_xcom' retrieved from /home/airflow/.local/lib/python3.12/site-packages/airflow/example_dags/example_xcom.py
[2024-10-06T04:30:36.409+0000] {logging_mixin.py:190} INFO - [2024-10-06T04:30:36.408+0000] {dag.py:3239} INFO - Sync 1 DAGs
[2024-10-06T04:30:36.442+0000] {logging_mixin.py:190} INFO - [2024-10-06T04:30:36.442+0000] {dag.py:4180} INFO - Setting next_dagrun for example_xcom to 2021-01-01 00:00:00+00:00, run_after=2021-01-01 00:00:00+00:00
[2024-10-06T04:30:36.487+0000] {processor.py:208} INFO - Processing /home/airflow/.local/lib/python3.12/site-packages/airflow/example_dags/example_xcom.py took 0.146 seconds
[2024-10-06T04:31:07.661+0000] {processor.py:186} INFO - Started process (PID=1493) to work on /home/airflow/.local/lib/python3.12/site-packages/airflow/example_dags/example_xcom.py
[2024-10-06T04:31:07.662+0000] {processor.py:914} INFO - Processing file /home/airflow/.local/lib/python3.12/site-packages/airflow/example_dags/example_xcom.py for tasks to queue
[2024-10-06T04:31:07.681+0000] {logging_mixin.py:190} INFO - [2024-10-06T04:31:07.680+0000] {dagbag.py:588} INFO - Filling up the DagBag from /home/airflow/.local/lib/python3.12/site-packages/airflow/example_dags/example_xcom.py
[2024-10-06T04:31:07.723+0000] {processor.py:925} INFO - DAG(s) 'example_xcom' retrieved from /home/airflow/.local/lib/python3.12/site-packages/airflow/example_dags/example_xcom.py
[2024-10-06T04:31:07.765+0000] {logging_mixin.py:190} INFO - [2024-10-06T04:31:07.765+0000] {dag.py:3239} INFO - Sync 1 DAGs
[2024-10-06T04:31:07.818+0000] {logging_mixin.py:190} INFO - [2024-10-06T04:31:07.818+0000] {dag.py:4180} INFO - Setting next_dagrun for example_xcom to 2021-01-01 00:00:00+00:00, run_after=2021-01-01 00:00:00+00:00
[2024-10-06T04:31:07.842+0000] {processor.py:208} INFO - Processing /home/airflow/.local/lib/python3.12/site-packages/airflow/example_dags/example_xcom.py took 0.190 seconds
[2024-10-06T04:31:38.623+0000] {processor.py:186} INFO - Started process (PID=1555) to work on /home/airflow/.local/lib/python3.12/site-packages/airflow/example_dags/example_xcom.py
[2024-10-06T04:31:38.625+0000] {processor.py:914} INFO - Processing file /home/airflow/.local/lib/python3.12/site-packages/airflow/example_dags/example_xcom.py for tasks to queue
[2024-10-06T04:31:38.630+0000] {logging_mixin.py:190} INFO - [2024-10-06T04:31:38.629+0000] {dagbag.py:588} INFO - Filling up the DagBag from /home/airflow/.local/lib/python3.12/site-packages/airflow/example_dags/example_xcom.py
[2024-10-06T04:31:38.647+0000] {processor.py:925} INFO - DAG(s) 'example_xcom' retrieved from /home/airflow/.local/lib/python3.12/site-packages/airflow/example_dags/example_xcom.py
[2024-10-06T04:31:38.690+0000] {logging_mixin.py:190} INFO - [2024-10-06T04:31:38.690+0000] {dag.py:3239} INFO - Sync 1 DAGs
[2024-10-06T04:31:38.724+0000] {logging_mixin.py:190} INFO - [2024-10-06T04:31:38.724+0000] {dag.py:4180} INFO - Setting next_dagrun for example_xcom to 2021-01-01 00:00:00+00:00, run_after=2021-01-01 00:00:00+00:00
[2024-10-06T04:31:38.748+0000] {processor.py:208} INFO - Processing /home/airflow/.local/lib/python3.12/site-packages/airflow/example_dags/example_xcom.py took 0.138 seconds
[2024-10-06T04:32:09.419+0000] {processor.py:186} INFO - Started process (PID=1617) to work on /home/airflow/.local/lib/python3.12/site-packages/airflow/example_dags/example_xcom.py
[2024-10-06T04:32:09.420+0000] {processor.py:914} INFO - Processing file /home/airflow/.local/lib/python3.12/site-packages/airflow/example_dags/example_xcom.py for tasks to queue
[2024-10-06T04:32:09.425+0000] {logging_mixin.py:190} INFO - [2024-10-06T04:32:09.424+0000] {dagbag.py:588} INFO - Filling up the DagBag from /home/airflow/.local/lib/python3.12/site-packages/airflow/example_dags/example_xcom.py
[2024-10-06T04:32:09.440+0000] {processor.py:925} INFO - DAG(s) 'example_xcom' retrieved from /home/airflow/.local/lib/python3.12/site-packages/airflow/example_dags/example_xcom.py
[2024-10-06T04:32:09.473+0000] {logging_mixin.py:190} INFO - [2024-10-06T04:32:09.473+0000] {dag.py:3239} INFO - Sync 1 DAGs
[2024-10-06T04:32:09.515+0000] {logging_mixin.py:190} INFO - [2024-10-06T04:32:09.514+0000] {dag.py:4180} INFO - Setting next_dagrun for example_xcom to 2021-01-01 00:00:00+00:00, run_after=2021-01-01 00:00:00+00:00
[2024-10-06T04:32:09.546+0000] {processor.py:208} INFO - Processing /home/airflow/.local/lib/python3.12/site-packages/airflow/example_dags/example_xcom.py took 0.136 seconds
[2024-10-06T04:32:40.720+0000] {processor.py:186} INFO - Started process (PID=1679) to work on /home/airflow/.local/lib/python3.12/site-packages/airflow/example_dags/example_xcom.py
[2024-10-06T04:32:40.723+0000] {processor.py:914} INFO - Processing file /home/airflow/.local/lib/python3.12/site-packages/airflow/example_dags/example_xcom.py for tasks to queue
[2024-10-06T04:32:40.728+0000] {logging_mixin.py:190} INFO - [2024-10-06T04:32:40.727+0000] {dagbag.py:588} INFO - Filling up the DagBag from /home/airflow/.local/lib/python3.12/site-packages/airflow/example_dags/example_xcom.py
[2024-10-06T04:32:40.743+0000] {processor.py:925} INFO - DAG(s) 'example_xcom' retrieved from /home/airflow/.local/lib/python3.12/site-packages/airflow/example_dags/example_xcom.py
[2024-10-06T04:32:40.777+0000] {logging_mixin.py:190} INFO - [2024-10-06T04:32:40.777+0000] {dag.py:3239} INFO - Sync 1 DAGs
[2024-10-06T04:32:40.809+0000] {logging_mixin.py:190} INFO - [2024-10-06T04:32:40.808+0000] {dag.py:4180} INFO - Setting next_dagrun for example_xcom to 2021-01-01 00:00:00+00:00, run_after=2021-01-01 00:00:00+00:00
[2024-10-06T04:32:40.834+0000] {processor.py:208} INFO - Processing /home/airflow/.local/lib/python3.12/site-packages/airflow/example_dags/example_xcom.py took 0.126 seconds
[2024-10-06T04:35:12.711+0000] {processor.py:186} INFO - Started process (PID=58) to work on /home/airflow/.local/lib/python3.12/site-packages/airflow/example_dags/example_xcom.py
[2024-10-06T04:35:12.712+0000] {processor.py:914} INFO - Processing file /home/airflow/.local/lib/python3.12/site-packages/airflow/example_dags/example_xcom.py for tasks to queue
[2024-10-06T04:35:12.716+0000] {logging_mixin.py:190} INFO - [2024-10-06T04:35:12.715+0000] {dagbag.py:588} INFO - Filling up the DagBag from /home/airflow/.local/lib/python3.12/site-packages/airflow/example_dags/example_xcom.py
[2024-10-06T04:35:12.732+0000] {processor.py:925} INFO - DAG(s) 'example_xcom' retrieved from /home/airflow/.local/lib/python3.12/site-packages/airflow/example_dags/example_xcom.py
[2024-10-06T04:35:12.766+0000] {logging_mixin.py:190} INFO - [2024-10-06T04:35:12.766+0000] {dag.py:3239} INFO - Sync 1 DAGs
[2024-10-06T04:35:12.795+0000] {logging_mixin.py:190} INFO - [2024-10-06T04:35:12.795+0000] {dag.py:4180} INFO - Setting next_dagrun for example_xcom to 2021-01-01 00:00:00+00:00, run_after=2021-01-01 00:00:00+00:00
[2024-10-06T04:35:12.820+0000] {processor.py:208} INFO - Processing /home/airflow/.local/lib/python3.12/site-packages/airflow/example_dags/example_xcom.py took 0.117 seconds
[2024-10-06T04:35:43.003+0000] {processor.py:186} INFO - Started process (PID=119) to work on /home/airflow/.local/lib/python3.12/site-packages/airflow/example_dags/example_xcom.py
[2024-10-06T04:35:43.011+0000] {processor.py:914} INFO - Processing file /home/airflow/.local/lib/python3.12/site-packages/airflow/example_dags/example_xcom.py for tasks to queue
[2024-10-06T04:35:43.016+0000] {logging_mixin.py:190} INFO - [2024-10-06T04:35:43.015+0000] {dagbag.py:588} INFO - Filling up the DagBag from /home/airflow/.local/lib/python3.12/site-packages/airflow/example_dags/example_xcom.py
[2024-10-06T04:35:43.048+0000] {processor.py:925} INFO - DAG(s) 'example_xcom' retrieved from /home/airflow/.local/lib/python3.12/site-packages/airflow/example_dags/example_xcom.py
[2024-10-06T04:35:43.075+0000] {logging_mixin.py:190} INFO - [2024-10-06T04:35:43.075+0000] {dag.py:3239} INFO - Sync 1 DAGs
[2024-10-06T04:35:43.109+0000] {logging_mixin.py:190} INFO - [2024-10-06T04:35:43.109+0000] {dag.py:4180} INFO - Setting next_dagrun for example_xcom to 2021-01-01 00:00:00+00:00, run_after=2021-01-01 00:00:00+00:00
[2024-10-06T04:35:43.139+0000] {processor.py:208} INFO - Processing /home/airflow/.local/lib/python3.12/site-packages/airflow/example_dags/example_xcom.py took 0.165 seconds
[2024-10-06T04:36:13.658+0000] {processor.py:186} INFO - Started process (PID=181) to work on /home/airflow/.local/lib/python3.12/site-packages/airflow/example_dags/example_xcom.py
[2024-10-06T04:36:13.659+0000] {processor.py:914} INFO - Processing file /home/airflow/.local/lib/python3.12/site-packages/airflow/example_dags/example_xcom.py for tasks to queue
[2024-10-06T04:36:13.663+0000] {logging_mixin.py:190} INFO - [2024-10-06T04:36:13.663+0000] {dagbag.py:588} INFO - Filling up the DagBag from /home/airflow/.local/lib/python3.12/site-packages/airflow/example_dags/example_xcom.py
[2024-10-06T04:36:13.679+0000] {processor.py:925} INFO - DAG(s) 'example_xcom' retrieved from /home/airflow/.local/lib/python3.12/site-packages/airflow/example_dags/example_xcom.py
[2024-10-06T04:36:13.706+0000] {logging_mixin.py:190} INFO - [2024-10-06T04:36:13.706+0000] {dag.py:3239} INFO - Sync 1 DAGs
[2024-10-06T04:36:13.738+0000] {logging_mixin.py:190} INFO - [2024-10-06T04:36:13.738+0000] {dag.py:4180} INFO - Setting next_dagrun for example_xcom to 2021-01-01 00:00:00+00:00, run_after=2021-01-01 00:00:00+00:00
[2024-10-06T04:36:13.764+0000] {processor.py:208} INFO - Processing /home/airflow/.local/lib/python3.12/site-packages/airflow/example_dags/example_xcom.py took 0.115 seconds
[2024-10-06T04:36:44.862+0000] {processor.py:186} INFO - Started process (PID=243) to work on /home/airflow/.local/lib/python3.12/site-packages/airflow/example_dags/example_xcom.py
[2024-10-06T04:36:44.863+0000] {processor.py:914} INFO - Processing file /home/airflow/.local/lib/python3.12/site-packages/airflow/example_dags/example_xcom.py for tasks to queue
[2024-10-06T04:36:44.868+0000] {logging_mixin.py:190} INFO - [2024-10-06T04:36:44.867+0000] {dagbag.py:588} INFO - Filling up the DagBag from /home/airflow/.local/lib/python3.12/site-packages/airflow/example_dags/example_xcom.py
[2024-10-06T04:36:44.886+0000] {processor.py:925} INFO - DAG(s) 'example_xcom' retrieved from /home/airflow/.local/lib/python3.12/site-packages/airflow/example_dags/example_xcom.py
[2024-10-06T04:36:44.919+0000] {logging_mixin.py:190} INFO - [2024-10-06T04:36:44.918+0000] {dag.py:3239} INFO - Sync 1 DAGs
[2024-10-06T04:36:44.951+0000] {logging_mixin.py:190} INFO - [2024-10-06T04:36:44.950+0000] {dag.py:4180} INFO - Setting next_dagrun for example_xcom to 2021-01-01 00:00:00+00:00, run_after=2021-01-01 00:00:00+00:00
[2024-10-06T04:36:44.978+0000] {processor.py:208} INFO - Processing /home/airflow/.local/lib/python3.12/site-packages/airflow/example_dags/example_xcom.py took 0.128 seconds
[2024-10-06T04:37:15.185+0000] {processor.py:186} INFO - Started process (PID=305) to work on /home/airflow/.local/lib/python3.12/site-packages/airflow/example_dags/example_xcom.py
[2024-10-06T04:37:15.187+0000] {processor.py:914} INFO - Processing file /home/airflow/.local/lib/python3.12/site-packages/airflow/example_dags/example_xcom.py for tasks to queue
[2024-10-06T04:37:15.190+0000] {logging_mixin.py:190} INFO - [2024-10-06T04:37:15.190+0000] {dagbag.py:588} INFO - Filling up the DagBag from /home/airflow/.local/lib/python3.12/site-packages/airflow/example_dags/example_xcom.py
[2024-10-06T04:37:15.207+0000] {processor.py:925} INFO - DAG(s) 'example_xcom' retrieved from /home/airflow/.local/lib/python3.12/site-packages/airflow/example_dags/example_xcom.py
[2024-10-06T04:37:15.238+0000] {logging_mixin.py:190} INFO - [2024-10-06T04:37:15.238+0000] {dag.py:3239} INFO - Sync 1 DAGs
[2024-10-06T04:37:15.271+0000] {logging_mixin.py:190} INFO - [2024-10-06T04:37:15.270+0000] {dag.py:4180} INFO - Setting next_dagrun for example_xcom to 2021-01-01 00:00:00+00:00, run_after=2021-01-01 00:00:00+00:00
[2024-10-06T04:37:15.313+0000] {processor.py:208} INFO - Processing /home/airflow/.local/lib/python3.12/site-packages/airflow/example_dags/example_xcom.py took 0.136 seconds
[2024-10-06T04:39:11.497+0000] {processor.py:186} INFO - Started process (PID=59) to work on /home/airflow/.local/lib/python3.12/site-packages/airflow/example_dags/example_xcom.py
[2024-10-06T04:39:11.498+0000] {processor.py:914} INFO - Processing file /home/airflow/.local/lib/python3.12/site-packages/airflow/example_dags/example_xcom.py for tasks to queue
[2024-10-06T04:39:11.502+0000] {logging_mixin.py:190} INFO - [2024-10-06T04:39:11.501+0000] {dagbag.py:588} INFO - Filling up the DagBag from /home/airflow/.local/lib/python3.12/site-packages/airflow/example_dags/example_xcom.py
[2024-10-06T04:39:11.518+0000] {processor.py:925} INFO - DAG(s) 'example_xcom' retrieved from /home/airflow/.local/lib/python3.12/site-packages/airflow/example_dags/example_xcom.py
[2024-10-06T04:39:11.670+0000] {logging_mixin.py:190} INFO - [2024-10-06T04:39:11.669+0000] {override.py:1900} INFO - Created Permission View: can read on DAG:example_xcom
[2024-10-06T04:39:11.682+0000] {logging_mixin.py:190} INFO - [2024-10-06T04:39:11.681+0000] {override.py:1900} INFO - Created Permission View: can edit on DAG:example_xcom
[2024-10-06T04:39:11.694+0000] {logging_mixin.py:190} INFO - [2024-10-06T04:39:11.693+0000] {override.py:1900} INFO - Created Permission View: can delete on DAG:example_xcom
[2024-10-06T04:39:11.701+0000] {logging_mixin.py:190} INFO - [2024-10-06T04:39:11.701+0000] {override.py:1900} INFO - Created Permission View: menu access on DAG Run:example_xcom
[2024-10-06T04:39:11.708+0000] {logging_mixin.py:190} INFO - [2024-10-06T04:39:11.708+0000] {override.py:1900} INFO - Created Permission View: can read on DAG Run:example_xcom
[2024-10-06T04:39:11.716+0000] {logging_mixin.py:190} INFO - [2024-10-06T04:39:11.715+0000] {override.py:1900} INFO - Created Permission View: can create on DAG Run:example_xcom
[2024-10-06T04:39:11.722+0000] {logging_mixin.py:190} INFO - [2024-10-06T04:39:11.722+0000] {override.py:1900} INFO - Created Permission View: can delete on DAG Run:example_xcom
[2024-10-06T04:39:11.722+0000] {logging_mixin.py:190} INFO - [2024-10-06T04:39:11.722+0000] {dag.py:3239} INFO - Sync 1 DAGs
[2024-10-06T04:39:11.737+0000] {logging_mixin.py:190} INFO - [2024-10-06T04:39:11.736+0000] {dag.py:3262} INFO - Creating ORM DAG for example_xcom
[2024-10-06T04:39:11.749+0000] {logging_mixin.py:190} INFO - [2024-10-06T04:39:11.749+0000] {dag.py:4180} INFO - Setting next_dagrun for example_xcom to 2021-01-01 00:00:00+00:00, run_after=2021-01-01 00:00:00+00:00
[2024-10-06T04:39:11.771+0000] {processor.py:208} INFO - Processing /home/airflow/.local/lib/python3.12/site-packages/airflow/example_dags/example_xcom.py took 0.284 seconds
[2024-10-06T04:39:42.310+0000] {processor.py:186} INFO - Started process (PID=121) to work on /home/airflow/.local/lib/python3.12/site-packages/airflow/example_dags/example_xcom.py
[2024-10-06T04:39:42.311+0000] {processor.py:914} INFO - Processing file /home/airflow/.local/lib/python3.12/site-packages/airflow/example_dags/example_xcom.py for tasks to queue
[2024-10-06T04:39:42.317+0000] {logging_mixin.py:190} INFO - [2024-10-06T04:39:42.316+0000] {dagbag.py:588} INFO - Filling up the DagBag from /home/airflow/.local/lib/python3.12/site-packages/airflow/example_dags/example_xcom.py
[2024-10-06T04:39:42.339+0000] {processor.py:925} INFO - DAG(s) 'example_xcom' retrieved from /home/airflow/.local/lib/python3.12/site-packages/airflow/example_dags/example_xcom.py
[2024-10-06T04:39:42.378+0000] {logging_mixin.py:190} INFO - [2024-10-06T04:39:42.377+0000] {dag.py:3239} INFO - Sync 1 DAGs
[2024-10-06T04:39:42.412+0000] {logging_mixin.py:190} INFO - [2024-10-06T04:39:42.412+0000] {dag.py:4180} INFO - Setting next_dagrun for example_xcom to 2021-01-01 00:00:00+00:00, run_after=2021-01-01 00:00:00+00:00
[2024-10-06T04:39:42.447+0000] {processor.py:208} INFO - Processing /home/airflow/.local/lib/python3.12/site-packages/airflow/example_dags/example_xcom.py took 0.146 seconds
[2024-10-06T04:40:12.526+0000] {processor.py:186} INFO - Started process (PID=184) to work on /home/airflow/.local/lib/python3.12/site-packages/airflow/example_dags/example_xcom.py
[2024-10-06T04:40:12.528+0000] {processor.py:914} INFO - Processing file /home/airflow/.local/lib/python3.12/site-packages/airflow/example_dags/example_xcom.py for tasks to queue
[2024-10-06T04:40:12.532+0000] {logging_mixin.py:190} INFO - [2024-10-06T04:40:12.532+0000] {dagbag.py:588} INFO - Filling up the DagBag from /home/airflow/.local/lib/python3.12/site-packages/airflow/example_dags/example_xcom.py
[2024-10-06T04:40:12.549+0000] {processor.py:925} INFO - DAG(s) 'example_xcom' retrieved from /home/airflow/.local/lib/python3.12/site-packages/airflow/example_dags/example_xcom.py
[2024-10-06T04:40:12.581+0000] {logging_mixin.py:190} INFO - [2024-10-06T04:40:12.580+0000] {dag.py:3239} INFO - Sync 1 DAGs
[2024-10-06T04:40:12.615+0000] {logging_mixin.py:190} INFO - [2024-10-06T04:40:12.615+0000] {dag.py:4180} INFO - Setting next_dagrun for example_xcom to 2021-01-01 00:00:00+00:00, run_after=2021-01-01 00:00:00+00:00
[2024-10-06T04:40:12.640+0000] {processor.py:208} INFO - Processing /home/airflow/.local/lib/python3.12/site-packages/airflow/example_dags/example_xcom.py took 0.124 seconds
[2024-10-06T04:40:43.243+0000] {processor.py:186} INFO - Started process (PID=246) to work on /home/airflow/.local/lib/python3.12/site-packages/airflow/example_dags/example_xcom.py
[2024-10-06T04:40:43.244+0000] {processor.py:914} INFO - Processing file /home/airflow/.local/lib/python3.12/site-packages/airflow/example_dags/example_xcom.py for tasks to queue
[2024-10-06T04:40:43.248+0000] {logging_mixin.py:190} INFO - [2024-10-06T04:40:43.247+0000] {dagbag.py:588} INFO - Filling up the DagBag from /home/airflow/.local/lib/python3.12/site-packages/airflow/example_dags/example_xcom.py
[2024-10-06T04:40:43.261+0000] {processor.py:925} INFO - DAG(s) 'example_xcom' retrieved from /home/airflow/.local/lib/python3.12/site-packages/airflow/example_dags/example_xcom.py
[2024-10-06T04:40:43.289+0000] {logging_mixin.py:190} INFO - [2024-10-06T04:40:43.289+0000] {dag.py:3239} INFO - Sync 1 DAGs
[2024-10-06T04:40:43.319+0000] {logging_mixin.py:190} INFO - [2024-10-06T04:40:43.319+0000] {dag.py:4180} INFO - Setting next_dagrun for example_xcom to 2021-01-01 00:00:00+00:00, run_after=2021-01-01 00:00:00+00:00
[2024-10-06T04:40:43.344+0000] {processor.py:208} INFO - Processing /home/airflow/.local/lib/python3.12/site-packages/airflow/example_dags/example_xcom.py took 0.111 seconds
[2024-10-06T04:41:14.382+0000] {processor.py:186} INFO - Started process (PID=307) to work on /home/airflow/.local/lib/python3.12/site-packages/airflow/example_dags/example_xcom.py
[2024-10-06T04:41:14.383+0000] {processor.py:914} INFO - Processing file /home/airflow/.local/lib/python3.12/site-packages/airflow/example_dags/example_xcom.py for tasks to queue
[2024-10-06T04:41:14.387+0000] {logging_mixin.py:190} INFO - [2024-10-06T04:41:14.386+0000] {dagbag.py:588} INFO - Filling up the DagBag from /home/airflow/.local/lib/python3.12/site-packages/airflow/example_dags/example_xcom.py
[2024-10-06T04:41:14.418+0000] {processor.py:925} INFO - DAG(s) 'example_xcom' retrieved from /home/airflow/.local/lib/python3.12/site-packages/airflow/example_dags/example_xcom.py
[2024-10-06T04:41:14.455+0000] {logging_mixin.py:190} INFO - [2024-10-06T04:41:14.454+0000] {dag.py:3239} INFO - Sync 1 DAGs
[2024-10-06T04:41:14.493+0000] {logging_mixin.py:190} INFO - [2024-10-06T04:41:14.492+0000] {dag.py:4180} INFO - Setting next_dagrun for example_xcom to 2021-01-01 00:00:00+00:00, run_after=2021-01-01 00:00:00+00:00
[2024-10-06T04:41:14.522+0000] {processor.py:208} INFO - Processing /home/airflow/.local/lib/python3.12/site-packages/airflow/example_dags/example_xcom.py took 0.149 seconds
[2024-10-06T04:41:44.739+0000] {processor.py:186} INFO - Started process (PID=369) to work on /home/airflow/.local/lib/python3.12/site-packages/airflow/example_dags/example_xcom.py
[2024-10-06T04:41:44.740+0000] {processor.py:914} INFO - Processing file /home/airflow/.local/lib/python3.12/site-packages/airflow/example_dags/example_xcom.py for tasks to queue
[2024-10-06T04:41:44.747+0000] {logging_mixin.py:190} INFO - [2024-10-06T04:41:44.743+0000] {dagbag.py:588} INFO - Filling up the DagBag from /home/airflow/.local/lib/python3.12/site-packages/airflow/example_dags/example_xcom.py
[2024-10-06T04:41:44.765+0000] {processor.py:925} INFO - DAG(s) 'example_xcom' retrieved from /home/airflow/.local/lib/python3.12/site-packages/airflow/example_dags/example_xcom.py
[2024-10-06T04:41:44.807+0000] {logging_mixin.py:190} INFO - [2024-10-06T04:41:44.806+0000] {dag.py:3239} INFO - Sync 1 DAGs
[2024-10-06T04:41:44.837+0000] {logging_mixin.py:190} INFO - [2024-10-06T04:41:44.837+0000] {dag.py:4180} INFO - Setting next_dagrun for example_xcom to 2021-01-01 00:00:00+00:00, run_after=2021-01-01 00:00:00+00:00
[2024-10-06T04:41:44.869+0000] {processor.py:208} INFO - Processing /home/airflow/.local/lib/python3.12/site-packages/airflow/example_dags/example_xcom.py took 0.139 seconds
[2024-10-06T04:42:15.523+0000] {processor.py:186} INFO - Started process (PID=431) to work on /home/airflow/.local/lib/python3.12/site-packages/airflow/example_dags/example_xcom.py
[2024-10-06T04:42:15.525+0000] {processor.py:914} INFO - Processing file /home/airflow/.local/lib/python3.12/site-packages/airflow/example_dags/example_xcom.py for tasks to queue
[2024-10-06T04:42:15.528+0000] {logging_mixin.py:190} INFO - [2024-10-06T04:42:15.528+0000] {dagbag.py:588} INFO - Filling up the DagBag from /home/airflow/.local/lib/python3.12/site-packages/airflow/example_dags/example_xcom.py
[2024-10-06T04:42:15.542+0000] {processor.py:925} INFO - DAG(s) 'example_xcom' retrieved from /home/airflow/.local/lib/python3.12/site-packages/airflow/example_dags/example_xcom.py
[2024-10-06T04:42:15.571+0000] {logging_mixin.py:190} INFO - [2024-10-06T04:42:15.570+0000] {dag.py:3239} INFO - Sync 1 DAGs
[2024-10-06T04:42:15.610+0000] {logging_mixin.py:190} INFO - [2024-10-06T04:42:15.610+0000] {dag.py:4180} INFO - Setting next_dagrun for example_xcom to 2021-01-01 00:00:00+00:00, run_after=2021-01-01 00:00:00+00:00
[2024-10-06T04:42:15.633+0000] {processor.py:208} INFO - Processing /home/airflow/.local/lib/python3.12/site-packages/airflow/example_dags/example_xcom.py took 0.119 seconds
[2024-10-06T04:42:46.278+0000] {processor.py:186} INFO - Started process (PID=493) to work on /home/airflow/.local/lib/python3.12/site-packages/airflow/example_dags/example_xcom.py
[2024-10-06T04:42:46.280+0000] {processor.py:914} INFO - Processing file /home/airflow/.local/lib/python3.12/site-packages/airflow/example_dags/example_xcom.py for tasks to queue
[2024-10-06T04:42:46.284+0000] {logging_mixin.py:190} INFO - [2024-10-06T04:42:46.283+0000] {dagbag.py:588} INFO - Filling up the DagBag from /home/airflow/.local/lib/python3.12/site-packages/airflow/example_dags/example_xcom.py
[2024-10-06T04:42:46.298+0000] {processor.py:925} INFO - DAG(s) 'example_xcom' retrieved from /home/airflow/.local/lib/python3.12/site-packages/airflow/example_dags/example_xcom.py
[2024-10-06T04:42:46.329+0000] {logging_mixin.py:190} INFO - [2024-10-06T04:42:46.329+0000] {dag.py:3239} INFO - Sync 1 DAGs
[2024-10-06T04:42:46.362+0000] {logging_mixin.py:190} INFO - [2024-10-06T04:42:46.362+0000] {dag.py:4180} INFO - Setting next_dagrun for example_xcom to 2021-01-01 00:00:00+00:00, run_after=2021-01-01 00:00:00+00:00
[2024-10-06T04:42:46.386+0000] {processor.py:208} INFO - Processing /home/airflow/.local/lib/python3.12/site-packages/airflow/example_dags/example_xcom.py took 0.118 seconds
[2024-10-06T04:45:43.251+0000] {processor.py:186} INFO - Started process (PID=53) to work on /home/airflow/.local/lib/python3.12/site-packages/airflow/example_dags/example_xcom.py
[2024-10-06T04:45:43.254+0000] {processor.py:914} INFO - Processing file /home/airflow/.local/lib/python3.12/site-packages/airflow/example_dags/example_xcom.py for tasks to queue
[2024-10-06T04:45:43.259+0000] {logging_mixin.py:190} INFO - [2024-10-06T04:45:43.258+0000] {dagbag.py:588} INFO - Filling up the DagBag from /home/airflow/.local/lib/python3.12/site-packages/airflow/example_dags/example_xcom.py
[2024-10-06T04:45:43.275+0000] {processor.py:925} INFO - DAG(s) 'example_xcom' retrieved from /home/airflow/.local/lib/python3.12/site-packages/airflow/example_dags/example_xcom.py
[2024-10-06T04:45:43.307+0000] {logging_mixin.py:190} INFO - [2024-10-06T04:45:43.307+0000] {dag.py:3239} INFO - Sync 1 DAGs
[2024-10-06T04:45:43.340+0000] {logging_mixin.py:190} INFO - [2024-10-06T04:45:43.340+0000] {dag.py:4180} INFO - Setting next_dagrun for example_xcom to 2021-01-01 00:00:00+00:00, run_after=2021-01-01 00:00:00+00:00
[2024-10-06T04:45:43.376+0000] {processor.py:208} INFO - Processing /home/airflow/.local/lib/python3.12/site-packages/airflow/example_dags/example_xcom.py took 0.134 seconds
[2024-10-06T04:46:13.432+0000] {processor.py:186} INFO - Started process (PID=114) to work on /home/airflow/.local/lib/python3.12/site-packages/airflow/example_dags/example_xcom.py
[2024-10-06T04:46:13.433+0000] {processor.py:914} INFO - Processing file /home/airflow/.local/lib/python3.12/site-packages/airflow/example_dags/example_xcom.py for tasks to queue
[2024-10-06T04:46:13.437+0000] {logging_mixin.py:190} INFO - [2024-10-06T04:46:13.436+0000] {dagbag.py:588} INFO - Filling up the DagBag from /home/airflow/.local/lib/python3.12/site-packages/airflow/example_dags/example_xcom.py
[2024-10-06T04:46:13.450+0000] {processor.py:925} INFO - DAG(s) 'example_xcom' retrieved from /home/airflow/.local/lib/python3.12/site-packages/airflow/example_dags/example_xcom.py
[2024-10-06T04:46:13.478+0000] {logging_mixin.py:190} INFO - [2024-10-06T04:46:13.477+0000] {dag.py:3239} INFO - Sync 1 DAGs
[2024-10-06T04:46:13.509+0000] {logging_mixin.py:190} INFO - [2024-10-06T04:46:13.508+0000] {dag.py:4180} INFO - Setting next_dagrun for example_xcom to 2021-01-01 00:00:00+00:00, run_after=2021-01-01 00:00:00+00:00
[2024-10-06T04:46:13.531+0000] {processor.py:208} INFO - Processing /home/airflow/.local/lib/python3.12/site-packages/airflow/example_dags/example_xcom.py took 0.107 seconds
