[2024-10-06T04:18:58.257+0000] {processor.py:186} INFO - Started process (PID=55) to work on /home/airflow/.local/lib/python3.12/site-packages/airflow/example_dags/example_bash_operator.py
[2024-10-06T04:18:58.258+0000] {processor.py:914} INFO - Processing file /home/airflow/.local/lib/python3.12/site-packages/airflow/example_dags/example_bash_operator.py for tasks to queue
[2024-10-06T04:18:58.261+0000] {logging_mixin.py:190} INFO - [2024-10-06T04:18:58.261+0000] {dagbag.py:588} INFO - Filling up the DagBag from /home/airflow/.local/lib/python3.12/site-packages/airflow/example_dags/example_bash_operator.py
[2024-10-06T04:18:58.281+0000] {processor.py:925} INFO - DAG(s) 'example_bash_operator' retrieved from /home/airflow/.local/lib/python3.12/site-packages/airflow/example_dags/example_bash_operator.py
[2024-10-06T04:18:58.419+0000] {logging_mixin.py:190} INFO - [2024-10-06T04:18:58.418+0000] {override.py:1900} INFO - Created Permission View: can edit on DAG:example_bash_operator
[2024-10-06T04:18:58.431+0000] {logging_mixin.py:190} INFO - [2024-10-06T04:18:58.430+0000] {override.py:1900} INFO - Created Permission View: can delete on DAG:example_bash_operator
[2024-10-06T04:18:58.439+0000] {logging_mixin.py:190} INFO - [2024-10-06T04:18:58.439+0000] {override.py:1900} INFO - Created Permission View: can read on DAG:example_bash_operator
[2024-10-06T04:18:58.449+0000] {logging_mixin.py:190} INFO - [2024-10-06T04:18:58.448+0000] {override.py:1900} INFO - Created Permission View: can create on DAG Run:example_bash_operator
[2024-10-06T04:18:58.457+0000] {logging_mixin.py:190} INFO - [2024-10-06T04:18:58.457+0000] {override.py:1900} INFO - Created Permission View: menu access on DAG Run:example_bash_operator
[2024-10-06T04:18:58.466+0000] {logging_mixin.py:190} INFO - [2024-10-06T04:18:58.465+0000] {override.py:1900} INFO - Created Permission View: can read on DAG Run:example_bash_operator
[2024-10-06T04:18:58.474+0000] {logging_mixin.py:190} INFO - [2024-10-06T04:18:58.473+0000] {override.py:1900} INFO - Created Permission View: can delete on DAG Run:example_bash_operator
[2024-10-06T04:18:58.474+0000] {logging_mixin.py:190} INFO - [2024-10-06T04:18:58.474+0000] {dag.py:3239} INFO - Sync 1 DAGs
[2024-10-06T04:18:58.491+0000] {logging_mixin.py:190} INFO - [2024-10-06T04:18:58.491+0000] {dag.py:3262} INFO - Creating ORM DAG for example_bash_operator
[2024-10-06T04:18:58.505+0000] {logging_mixin.py:190} INFO - [2024-10-06T04:18:58.505+0000] {dag.py:4180} INFO - Setting next_dagrun for example_bash_operator to 2024-10-05 00:00:00+00:00, run_after=2024-10-06 00:00:00+00:00
[2024-10-06T04:18:58.530+0000] {processor.py:208} INFO - Processing /home/airflow/.local/lib/python3.12/site-packages/airflow/example_dags/example_bash_operator.py took 0.281 seconds
[2024-10-06T04:19:48.995+0000] {processor.py:186} INFO - Started process (PID=123) to work on /home/airflow/.local/lib/python3.12/site-packages/airflow/example_dags/example_bash_operator.py
[2024-10-06T04:19:48.999+0000] {processor.py:914} INFO - Processing file /home/airflow/.local/lib/python3.12/site-packages/airflow/example_dags/example_bash_operator.py for tasks to queue
[2024-10-06T04:19:49.004+0000] {logging_mixin.py:190} INFO - [2024-10-06T04:19:49.003+0000] {dagbag.py:588} INFO - Filling up the DagBag from /home/airflow/.local/lib/python3.12/site-packages/airflow/example_dags/example_bash_operator.py
[2024-10-06T04:19:49.051+0000] {processor.py:925} INFO - DAG(s) 'example_bash_operator' retrieved from /home/airflow/.local/lib/python3.12/site-packages/airflow/example_dags/example_bash_operator.py
[2024-10-06T04:19:49.097+0000] {logging_mixin.py:190} INFO - [2024-10-06T04:19:49.096+0000] {dag.py:3239} INFO - Sync 1 DAGs
[2024-10-06T04:19:49.139+0000] {logging_mixin.py:190} INFO - [2024-10-06T04:19:49.139+0000] {dag.py:4180} INFO - Setting next_dagrun for example_bash_operator to 2024-10-05 00:00:00+00:00, run_after=2024-10-06 00:00:00+00:00
[2024-10-06T04:19:49.209+0000] {processor.py:208} INFO - Processing /home/airflow/.local/lib/python3.12/site-packages/airflow/example_dags/example_bash_operator.py took 0.234 seconds
[2024-10-06T04:20:19.540+0000] {processor.py:186} INFO - Started process (PID=185) to work on /home/airflow/.local/lib/python3.12/site-packages/airflow/example_dags/example_bash_operator.py
[2024-10-06T04:20:19.542+0000] {processor.py:914} INFO - Processing file /home/airflow/.local/lib/python3.12/site-packages/airflow/example_dags/example_bash_operator.py for tasks to queue
[2024-10-06T04:20:19.546+0000] {logging_mixin.py:190} INFO - [2024-10-06T04:20:19.546+0000] {dagbag.py:588} INFO - Filling up the DagBag from /home/airflow/.local/lib/python3.12/site-packages/airflow/example_dags/example_bash_operator.py
[2024-10-06T04:20:19.571+0000] {processor.py:925} INFO - DAG(s) 'example_bash_operator' retrieved from /home/airflow/.local/lib/python3.12/site-packages/airflow/example_dags/example_bash_operator.py
[2024-10-06T04:20:19.622+0000] {logging_mixin.py:190} INFO - [2024-10-06T04:20:19.622+0000] {dag.py:3239} INFO - Sync 1 DAGs
[2024-10-06T04:20:19.663+0000] {logging_mixin.py:190} INFO - [2024-10-06T04:20:19.662+0000] {dag.py:4180} INFO - Setting next_dagrun for example_bash_operator to 2024-10-05 00:00:00+00:00, run_after=2024-10-06 00:00:00+00:00
[2024-10-06T04:20:19.693+0000] {processor.py:208} INFO - Processing /home/airflow/.local/lib/python3.12/site-packages/airflow/example_dags/example_bash_operator.py took 0.164 seconds
[2024-10-06T04:20:50.068+0000] {processor.py:186} INFO - Started process (PID=248) to work on /home/airflow/.local/lib/python3.12/site-packages/airflow/example_dags/example_bash_operator.py
[2024-10-06T04:20:50.069+0000] {processor.py:914} INFO - Processing file /home/airflow/.local/lib/python3.12/site-packages/airflow/example_dags/example_bash_operator.py for tasks to queue
[2024-10-06T04:20:50.073+0000] {logging_mixin.py:190} INFO - [2024-10-06T04:20:50.072+0000] {dagbag.py:588} INFO - Filling up the DagBag from /home/airflow/.local/lib/python3.12/site-packages/airflow/example_dags/example_bash_operator.py
[2024-10-06T04:20:50.112+0000] {processor.py:925} INFO - DAG(s) 'example_bash_operator' retrieved from /home/airflow/.local/lib/python3.12/site-packages/airflow/example_dags/example_bash_operator.py
[2024-10-06T04:20:50.148+0000] {logging_mixin.py:190} INFO - [2024-10-06T04:20:50.147+0000] {dag.py:3239} INFO - Sync 1 DAGs
[2024-10-06T04:20:50.182+0000] {logging_mixin.py:190} INFO - [2024-10-06T04:20:50.181+0000] {dag.py:4180} INFO - Setting next_dagrun for example_bash_operator to 2024-10-05 00:00:00+00:00, run_after=2024-10-06 00:00:00+00:00
[2024-10-06T04:20:50.210+0000] {processor.py:208} INFO - Processing /home/airflow/.local/lib/python3.12/site-packages/airflow/example_dags/example_bash_operator.py took 0.150 seconds
[2024-10-06T04:21:21.045+0000] {processor.py:186} INFO - Started process (PID=310) to work on /home/airflow/.local/lib/python3.12/site-packages/airflow/example_dags/example_bash_operator.py
[2024-10-06T04:21:21.047+0000] {processor.py:914} INFO - Processing file /home/airflow/.local/lib/python3.12/site-packages/airflow/example_dags/example_bash_operator.py for tasks to queue
[2024-10-06T04:21:21.052+0000] {logging_mixin.py:190} INFO - [2024-10-06T04:21:21.051+0000] {dagbag.py:588} INFO - Filling up the DagBag from /home/airflow/.local/lib/python3.12/site-packages/airflow/example_dags/example_bash_operator.py
[2024-10-06T04:21:21.078+0000] {processor.py:925} INFO - DAG(s) 'example_bash_operator' retrieved from /home/airflow/.local/lib/python3.12/site-packages/airflow/example_dags/example_bash_operator.py
[2024-10-06T04:21:21.128+0000] {logging_mixin.py:190} INFO - [2024-10-06T04:21:21.128+0000] {dag.py:3239} INFO - Sync 1 DAGs
[2024-10-06T04:21:21.173+0000] {logging_mixin.py:190} INFO - [2024-10-06T04:21:21.173+0000] {dag.py:4180} INFO - Setting next_dagrun for example_bash_operator to 2024-10-05 00:00:00+00:00, run_after=2024-10-06 00:00:00+00:00
[2024-10-06T04:21:21.198+0000] {processor.py:208} INFO - Processing /home/airflow/.local/lib/python3.12/site-packages/airflow/example_dags/example_bash_operator.py took 0.165 seconds
[2024-10-06T04:21:51.242+0000] {processor.py:186} INFO - Started process (PID=371) to work on /home/airflow/.local/lib/python3.12/site-packages/airflow/example_dags/example_bash_operator.py
[2024-10-06T04:21:51.244+0000] {processor.py:914} INFO - Processing file /home/airflow/.local/lib/python3.12/site-packages/airflow/example_dags/example_bash_operator.py for tasks to queue
[2024-10-06T04:21:51.247+0000] {logging_mixin.py:190} INFO - [2024-10-06T04:21:51.247+0000] {dagbag.py:588} INFO - Filling up the DagBag from /home/airflow/.local/lib/python3.12/site-packages/airflow/example_dags/example_bash_operator.py
[2024-10-06T04:21:51.268+0000] {processor.py:925} INFO - DAG(s) 'example_bash_operator' retrieved from /home/airflow/.local/lib/python3.12/site-packages/airflow/example_dags/example_bash_operator.py
[2024-10-06T04:21:51.309+0000] {logging_mixin.py:190} INFO - [2024-10-06T04:21:51.309+0000] {dag.py:3239} INFO - Sync 1 DAGs
[2024-10-06T04:21:51.344+0000] {logging_mixin.py:190} INFO - [2024-10-06T04:21:51.344+0000] {dag.py:4180} INFO - Setting next_dagrun for example_bash_operator to 2024-10-05 00:00:00+00:00, run_after=2024-10-06 00:00:00+00:00
[2024-10-06T04:21:51.374+0000] {processor.py:208} INFO - Processing /home/airflow/.local/lib/python3.12/site-packages/airflow/example_dags/example_bash_operator.py took 0.140 seconds
[2024-10-06T04:22:21.508+0000] {processor.py:186} INFO - Started process (PID=434) to work on /home/airflow/.local/lib/python3.12/site-packages/airflow/example_dags/example_bash_operator.py
[2024-10-06T04:22:21.510+0000] {processor.py:914} INFO - Processing file /home/airflow/.local/lib/python3.12/site-packages/airflow/example_dags/example_bash_operator.py for tasks to queue
[2024-10-06T04:22:21.514+0000] {logging_mixin.py:190} INFO - [2024-10-06T04:22:21.513+0000] {dagbag.py:588} INFO - Filling up the DagBag from /home/airflow/.local/lib/python3.12/site-packages/airflow/example_dags/example_bash_operator.py
[2024-10-06T04:22:21.533+0000] {processor.py:925} INFO - DAG(s) 'example_bash_operator' retrieved from /home/airflow/.local/lib/python3.12/site-packages/airflow/example_dags/example_bash_operator.py
[2024-10-06T04:22:21.569+0000] {logging_mixin.py:190} INFO - [2024-10-06T04:22:21.569+0000] {dag.py:3239} INFO - Sync 1 DAGs
[2024-10-06T04:22:21.603+0000] {logging_mixin.py:190} INFO - [2024-10-06T04:22:21.603+0000] {dag.py:4180} INFO - Setting next_dagrun for example_bash_operator to 2024-10-05 00:00:00+00:00, run_after=2024-10-06 00:00:00+00:00
[2024-10-06T04:22:21.631+0000] {processor.py:208} INFO - Processing /home/airflow/.local/lib/python3.12/site-packages/airflow/example_dags/example_bash_operator.py took 0.131 seconds
[2024-10-06T04:22:52.313+0000] {processor.py:186} INFO - Started process (PID=497) to work on /home/airflow/.local/lib/python3.12/site-packages/airflow/example_dags/example_bash_operator.py
[2024-10-06T04:22:52.314+0000] {processor.py:914} INFO - Processing file /home/airflow/.local/lib/python3.12/site-packages/airflow/example_dags/example_bash_operator.py for tasks to queue
[2024-10-06T04:22:52.318+0000] {logging_mixin.py:190} INFO - [2024-10-06T04:22:52.317+0000] {dagbag.py:588} INFO - Filling up the DagBag from /home/airflow/.local/lib/python3.12/site-packages/airflow/example_dags/example_bash_operator.py
[2024-10-06T04:22:52.337+0000] {processor.py:925} INFO - DAG(s) 'example_bash_operator' retrieved from /home/airflow/.local/lib/python3.12/site-packages/airflow/example_dags/example_bash_operator.py
[2024-10-06T04:22:52.374+0000] {logging_mixin.py:190} INFO - [2024-10-06T04:22:52.374+0000] {dag.py:3239} INFO - Sync 1 DAGs
[2024-10-06T04:22:52.411+0000] {logging_mixin.py:190} INFO - [2024-10-06T04:22:52.411+0000] {dag.py:4180} INFO - Setting next_dagrun for example_bash_operator to 2024-10-05 00:00:00+00:00, run_after=2024-10-06 00:00:00+00:00
[2024-10-06T04:22:52.441+0000] {processor.py:208} INFO - Processing /home/airflow/.local/lib/python3.12/site-packages/airflow/example_dags/example_bash_operator.py took 0.138 seconds
[2024-10-06T04:23:22.785+0000] {processor.py:186} INFO - Started process (PID=559) to work on /home/airflow/.local/lib/python3.12/site-packages/airflow/example_dags/example_bash_operator.py
[2024-10-06T04:23:22.786+0000] {processor.py:914} INFO - Processing file /home/airflow/.local/lib/python3.12/site-packages/airflow/example_dags/example_bash_operator.py for tasks to queue
[2024-10-06T04:23:22.789+0000] {logging_mixin.py:190} INFO - [2024-10-06T04:23:22.789+0000] {dagbag.py:588} INFO - Filling up the DagBag from /home/airflow/.local/lib/python3.12/site-packages/airflow/example_dags/example_bash_operator.py
[2024-10-06T04:23:22.807+0000] {processor.py:925} INFO - DAG(s) 'example_bash_operator' retrieved from /home/airflow/.local/lib/python3.12/site-packages/airflow/example_dags/example_bash_operator.py
[2024-10-06T04:23:22.841+0000] {logging_mixin.py:190} INFO - [2024-10-06T04:23:22.840+0000] {dag.py:3239} INFO - Sync 1 DAGs
[2024-10-06T04:23:22.878+0000] {logging_mixin.py:190} INFO - [2024-10-06T04:23:22.877+0000] {dag.py:4180} INFO - Setting next_dagrun for example_bash_operator to 2024-10-05 00:00:00+00:00, run_after=2024-10-06 00:00:00+00:00
[2024-10-06T04:23:22.909+0000] {processor.py:208} INFO - Processing /home/airflow/.local/lib/python3.12/site-packages/airflow/example_dags/example_bash_operator.py took 0.133 seconds
[2024-10-06T04:23:53.535+0000] {processor.py:186} INFO - Started process (PID=620) to work on /home/airflow/.local/lib/python3.12/site-packages/airflow/example_dags/example_bash_operator.py
[2024-10-06T04:23:53.536+0000] {processor.py:914} INFO - Processing file /home/airflow/.local/lib/python3.12/site-packages/airflow/example_dags/example_bash_operator.py for tasks to queue
[2024-10-06T04:23:53.540+0000] {logging_mixin.py:190} INFO - [2024-10-06T04:23:53.540+0000] {dagbag.py:588} INFO - Filling up the DagBag from /home/airflow/.local/lib/python3.12/site-packages/airflow/example_dags/example_bash_operator.py
[2024-10-06T04:23:53.559+0000] {processor.py:925} INFO - DAG(s) 'example_bash_operator' retrieved from /home/airflow/.local/lib/python3.12/site-packages/airflow/example_dags/example_bash_operator.py
[2024-10-06T04:23:53.599+0000] {logging_mixin.py:190} INFO - [2024-10-06T04:23:53.599+0000] {dag.py:3239} INFO - Sync 1 DAGs
[2024-10-06T04:23:53.652+0000] {logging_mixin.py:190} INFO - [2024-10-06T04:23:53.652+0000] {dag.py:4180} INFO - Setting next_dagrun for example_bash_operator to 2024-10-05 00:00:00+00:00, run_after=2024-10-06 00:00:00+00:00
[2024-10-06T04:23:53.681+0000] {processor.py:208} INFO - Processing /home/airflow/.local/lib/python3.12/site-packages/airflow/example_dags/example_bash_operator.py took 0.156 seconds
[2024-10-06T04:24:24.249+0000] {processor.py:186} INFO - Started process (PID=681) to work on /home/airflow/.local/lib/python3.12/site-packages/airflow/example_dags/example_bash_operator.py
[2024-10-06T04:24:24.250+0000] {processor.py:914} INFO - Processing file /home/airflow/.local/lib/python3.12/site-packages/airflow/example_dags/example_bash_operator.py for tasks to queue
[2024-10-06T04:24:24.254+0000] {logging_mixin.py:190} INFO - [2024-10-06T04:24:24.253+0000] {dagbag.py:588} INFO - Filling up the DagBag from /home/airflow/.local/lib/python3.12/site-packages/airflow/example_dags/example_bash_operator.py
[2024-10-06T04:24:24.273+0000] {processor.py:925} INFO - DAG(s) 'example_bash_operator' retrieved from /home/airflow/.local/lib/python3.12/site-packages/airflow/example_dags/example_bash_operator.py
[2024-10-06T04:24:24.319+0000] {logging_mixin.py:190} INFO - [2024-10-06T04:24:24.319+0000] {dag.py:3239} INFO - Sync 1 DAGs
[2024-10-06T04:24:24.364+0000] {logging_mixin.py:190} INFO - [2024-10-06T04:24:24.363+0000] {dag.py:4180} INFO - Setting next_dagrun for example_bash_operator to 2024-10-05 00:00:00+00:00, run_after=2024-10-06 00:00:00+00:00
[2024-10-06T04:24:24.393+0000] {processor.py:208} INFO - Processing /home/airflow/.local/lib/python3.12/site-packages/airflow/example_dags/example_bash_operator.py took 0.152 seconds
[2024-10-06T04:24:55.756+0000] {processor.py:186} INFO - Started process (PID=743) to work on /home/airflow/.local/lib/python3.12/site-packages/airflow/example_dags/example_bash_operator.py
[2024-10-06T04:24:55.758+0000] {processor.py:914} INFO - Processing file /home/airflow/.local/lib/python3.12/site-packages/airflow/example_dags/example_bash_operator.py for tasks to queue
[2024-10-06T04:24:55.763+0000] {logging_mixin.py:190} INFO - [2024-10-06T04:24:55.762+0000] {dagbag.py:588} INFO - Filling up the DagBag from /home/airflow/.local/lib/python3.12/site-packages/airflow/example_dags/example_bash_operator.py
[2024-10-06T04:24:55.796+0000] {processor.py:925} INFO - DAG(s) 'example_bash_operator' retrieved from /home/airflow/.local/lib/python3.12/site-packages/airflow/example_dags/example_bash_operator.py
[2024-10-06T04:24:55.833+0000] {logging_mixin.py:190} INFO - [2024-10-06T04:24:55.833+0000] {dag.py:3239} INFO - Sync 1 DAGs
[2024-10-06T04:24:55.883+0000] {logging_mixin.py:190} INFO - [2024-10-06T04:24:55.883+0000] {dag.py:4180} INFO - Setting next_dagrun for example_bash_operator to 2024-10-05 00:00:00+00:00, run_after=2024-10-06 00:00:00+00:00
[2024-10-06T04:24:55.935+0000] {processor.py:208} INFO - Processing /home/airflow/.local/lib/python3.12/site-packages/airflow/example_dags/example_bash_operator.py took 0.189 seconds
[2024-10-06T04:25:26.559+0000] {processor.py:186} INFO - Started process (PID=806) to work on /home/airflow/.local/lib/python3.12/site-packages/airflow/example_dags/example_bash_operator.py
[2024-10-06T04:25:26.561+0000] {processor.py:914} INFO - Processing file /home/airflow/.local/lib/python3.12/site-packages/airflow/example_dags/example_bash_operator.py for tasks to queue
[2024-10-06T04:25:26.564+0000] {logging_mixin.py:190} INFO - [2024-10-06T04:25:26.564+0000] {dagbag.py:588} INFO - Filling up the DagBag from /home/airflow/.local/lib/python3.12/site-packages/airflow/example_dags/example_bash_operator.py
[2024-10-06T04:25:26.583+0000] {processor.py:925} INFO - DAG(s) 'example_bash_operator' retrieved from /home/airflow/.local/lib/python3.12/site-packages/airflow/example_dags/example_bash_operator.py
[2024-10-06T04:25:26.619+0000] {logging_mixin.py:190} INFO - [2024-10-06T04:25:26.619+0000] {dag.py:3239} INFO - Sync 1 DAGs
[2024-10-06T04:25:26.665+0000] {logging_mixin.py:190} INFO - [2024-10-06T04:25:26.665+0000] {dag.py:4180} INFO - Setting next_dagrun for example_bash_operator to 2024-10-05 00:00:00+00:00, run_after=2024-10-06 00:00:00+00:00
[2024-10-06T04:25:26.692+0000] {processor.py:208} INFO - Processing /home/airflow/.local/lib/python3.12/site-packages/airflow/example_dags/example_bash_operator.py took 0.141 seconds
[2024-10-06T04:25:56.987+0000] {processor.py:186} INFO - Started process (PID=868) to work on /home/airflow/.local/lib/python3.12/site-packages/airflow/example_dags/example_bash_operator.py
[2024-10-06T04:25:56.989+0000] {processor.py:914} INFO - Processing file /home/airflow/.local/lib/python3.12/site-packages/airflow/example_dags/example_bash_operator.py for tasks to queue
[2024-10-06T04:25:56.992+0000] {logging_mixin.py:190} INFO - [2024-10-06T04:25:56.992+0000] {dagbag.py:588} INFO - Filling up the DagBag from /home/airflow/.local/lib/python3.12/site-packages/airflow/example_dags/example_bash_operator.py
[2024-10-06T04:25:57.011+0000] {processor.py:925} INFO - DAG(s) 'example_bash_operator' retrieved from /home/airflow/.local/lib/python3.12/site-packages/airflow/example_dags/example_bash_operator.py
[2024-10-06T04:25:57.045+0000] {logging_mixin.py:190} INFO - [2024-10-06T04:25:57.045+0000] {dag.py:3239} INFO - Sync 1 DAGs
[2024-10-06T04:25:57.082+0000] {logging_mixin.py:190} INFO - [2024-10-06T04:25:57.082+0000] {dag.py:4180} INFO - Setting next_dagrun for example_bash_operator to 2024-10-05 00:00:00+00:00, run_after=2024-10-06 00:00:00+00:00
[2024-10-06T04:25:57.114+0000] {processor.py:208} INFO - Processing /home/airflow/.local/lib/python3.12/site-packages/airflow/example_dags/example_bash_operator.py took 0.137 seconds
[2024-10-06T04:26:27.531+0000] {processor.py:186} INFO - Started process (PID=930) to work on /home/airflow/.local/lib/python3.12/site-packages/airflow/example_dags/example_bash_operator.py
[2024-10-06T04:26:27.533+0000] {processor.py:914} INFO - Processing file /home/airflow/.local/lib/python3.12/site-packages/airflow/example_dags/example_bash_operator.py for tasks to queue
[2024-10-06T04:26:27.538+0000] {logging_mixin.py:190} INFO - [2024-10-06T04:26:27.537+0000] {dagbag.py:588} INFO - Filling up the DagBag from /home/airflow/.local/lib/python3.12/site-packages/airflow/example_dags/example_bash_operator.py
[2024-10-06T04:26:27.566+0000] {processor.py:925} INFO - DAG(s) 'example_bash_operator' retrieved from /home/airflow/.local/lib/python3.12/site-packages/airflow/example_dags/example_bash_operator.py
[2024-10-06T04:26:27.602+0000] {logging_mixin.py:190} INFO - [2024-10-06T04:26:27.602+0000] {dag.py:3239} INFO - Sync 1 DAGs
[2024-10-06T04:26:27.635+0000] {logging_mixin.py:190} INFO - [2024-10-06T04:26:27.635+0000] {dag.py:4180} INFO - Setting next_dagrun for example_bash_operator to 2024-10-05 00:00:00+00:00, run_after=2024-10-06 00:00:00+00:00
[2024-10-06T04:26:27.663+0000] {processor.py:208} INFO - Processing /home/airflow/.local/lib/python3.12/site-packages/airflow/example_dags/example_bash_operator.py took 0.144 seconds
[2024-10-06T04:26:57.902+0000] {processor.py:186} INFO - Started process (PID=992) to work on /home/airflow/.local/lib/python3.12/site-packages/airflow/example_dags/example_bash_operator.py
[2024-10-06T04:26:57.904+0000] {processor.py:914} INFO - Processing file /home/airflow/.local/lib/python3.12/site-packages/airflow/example_dags/example_bash_operator.py for tasks to queue
[2024-10-06T04:26:57.908+0000] {logging_mixin.py:190} INFO - [2024-10-06T04:26:57.907+0000] {dagbag.py:588} INFO - Filling up the DagBag from /home/airflow/.local/lib/python3.12/site-packages/airflow/example_dags/example_bash_operator.py
[2024-10-06T04:26:57.942+0000] {processor.py:925} INFO - DAG(s) 'example_bash_operator' retrieved from /home/airflow/.local/lib/python3.12/site-packages/airflow/example_dags/example_bash_operator.py
[2024-10-06T04:26:57.987+0000] {logging_mixin.py:190} INFO - [2024-10-06T04:26:57.986+0000] {dag.py:3239} INFO - Sync 1 DAGs
[2024-10-06T04:26:58.022+0000] {logging_mixin.py:190} INFO - [2024-10-06T04:26:58.022+0000] {dag.py:4180} INFO - Setting next_dagrun for example_bash_operator to 2024-10-05 00:00:00+00:00, run_after=2024-10-06 00:00:00+00:00
[2024-10-06T04:26:58.083+0000] {processor.py:208} INFO - Processing /home/airflow/.local/lib/python3.12/site-packages/airflow/example_dags/example_bash_operator.py took 0.190 seconds
[2024-10-06T04:27:29.385+0000] {processor.py:186} INFO - Started process (PID=1054) to work on /home/airflow/.local/lib/python3.12/site-packages/airflow/example_dags/example_bash_operator.py
[2024-10-06T04:27:29.387+0000] {processor.py:914} INFO - Processing file /home/airflow/.local/lib/python3.12/site-packages/airflow/example_dags/example_bash_operator.py for tasks to queue
[2024-10-06T04:27:29.392+0000] {logging_mixin.py:190} INFO - [2024-10-06T04:27:29.391+0000] {dagbag.py:588} INFO - Filling up the DagBag from /home/airflow/.local/lib/python3.12/site-packages/airflow/example_dags/example_bash_operator.py
[2024-10-06T04:27:29.421+0000] {processor.py:925} INFO - DAG(s) 'example_bash_operator' retrieved from /home/airflow/.local/lib/python3.12/site-packages/airflow/example_dags/example_bash_operator.py
[2024-10-06T04:27:29.470+0000] {logging_mixin.py:190} INFO - [2024-10-06T04:27:29.470+0000] {dag.py:3239} INFO - Sync 1 DAGs
[2024-10-06T04:27:29.558+0000] {logging_mixin.py:190} INFO - [2024-10-06T04:27:29.558+0000] {dag.py:4180} INFO - Setting next_dagrun for example_bash_operator to 2024-10-05 00:00:00+00:00, run_after=2024-10-06 00:00:00+00:00
[2024-10-06T04:27:29.590+0000] {processor.py:208} INFO - Processing /home/airflow/.local/lib/python3.12/site-packages/airflow/example_dags/example_bash_operator.py took 0.223 seconds
[2024-10-06T04:28:00.595+0000] {processor.py:186} INFO - Started process (PID=1116) to work on /home/airflow/.local/lib/python3.12/site-packages/airflow/example_dags/example_bash_operator.py
[2024-10-06T04:28:00.596+0000] {processor.py:914} INFO - Processing file /home/airflow/.local/lib/python3.12/site-packages/airflow/example_dags/example_bash_operator.py for tasks to queue
[2024-10-06T04:28:00.600+0000] {logging_mixin.py:190} INFO - [2024-10-06T04:28:00.599+0000] {dagbag.py:588} INFO - Filling up the DagBag from /home/airflow/.local/lib/python3.12/site-packages/airflow/example_dags/example_bash_operator.py
[2024-10-06T04:28:00.621+0000] {processor.py:925} INFO - DAG(s) 'example_bash_operator' retrieved from /home/airflow/.local/lib/python3.12/site-packages/airflow/example_dags/example_bash_operator.py
[2024-10-06T04:28:00.663+0000] {logging_mixin.py:190} INFO - [2024-10-06T04:28:00.662+0000] {dag.py:3239} INFO - Sync 1 DAGs
[2024-10-06T04:28:00.700+0000] {logging_mixin.py:190} INFO - [2024-10-06T04:28:00.699+0000] {dag.py:4180} INFO - Setting next_dagrun for example_bash_operator to 2024-10-05 00:00:00+00:00, run_after=2024-10-06 00:00:00+00:00
[2024-10-06T04:28:00.725+0000] {processor.py:208} INFO - Processing /home/airflow/.local/lib/python3.12/site-packages/airflow/example_dags/example_bash_operator.py took 0.140 seconds
[2024-10-06T04:28:31.643+0000] {processor.py:186} INFO - Started process (PID=1178) to work on /home/airflow/.local/lib/python3.12/site-packages/airflow/example_dags/example_bash_operator.py
[2024-10-06T04:28:31.652+0000] {processor.py:914} INFO - Processing file /home/airflow/.local/lib/python3.12/site-packages/airflow/example_dags/example_bash_operator.py for tasks to queue
[2024-10-06T04:28:31.656+0000] {logging_mixin.py:190} INFO - [2024-10-06T04:28:31.655+0000] {dagbag.py:588} INFO - Filling up the DagBag from /home/airflow/.local/lib/python3.12/site-packages/airflow/example_dags/example_bash_operator.py
[2024-10-06T04:28:31.675+0000] {processor.py:925} INFO - DAG(s) 'example_bash_operator' retrieved from /home/airflow/.local/lib/python3.12/site-packages/airflow/example_dags/example_bash_operator.py
[2024-10-06T04:28:31.717+0000] {logging_mixin.py:190} INFO - [2024-10-06T04:28:31.716+0000] {dag.py:3239} INFO - Sync 1 DAGs
[2024-10-06T04:28:31.753+0000] {logging_mixin.py:190} INFO - [2024-10-06T04:28:31.752+0000] {dag.py:4180} INFO - Setting next_dagrun for example_bash_operator to 2024-10-05 00:00:00+00:00, run_after=2024-10-06 00:00:00+00:00
[2024-10-06T04:28:31.776+0000] {processor.py:208} INFO - Processing /home/airflow/.local/lib/python3.12/site-packages/airflow/example_dags/example_bash_operator.py took 0.146 seconds
[2024-10-06T04:29:02.934+0000] {processor.py:186} INFO - Started process (PID=1241) to work on /home/airflow/.local/lib/python3.12/site-packages/airflow/example_dags/example_bash_operator.py
[2024-10-06T04:29:02.936+0000] {processor.py:914} INFO - Processing file /home/airflow/.local/lib/python3.12/site-packages/airflow/example_dags/example_bash_operator.py for tasks to queue
[2024-10-06T04:29:02.940+0000] {logging_mixin.py:190} INFO - [2024-10-06T04:29:02.939+0000] {dagbag.py:588} INFO - Filling up the DagBag from /home/airflow/.local/lib/python3.12/site-packages/airflow/example_dags/example_bash_operator.py
[2024-10-06T04:29:02.958+0000] {processor.py:925} INFO - DAG(s) 'example_bash_operator' retrieved from /home/airflow/.local/lib/python3.12/site-packages/airflow/example_dags/example_bash_operator.py
[2024-10-06T04:29:02.992+0000] {logging_mixin.py:190} INFO - [2024-10-06T04:29:02.992+0000] {dag.py:3239} INFO - Sync 1 DAGs
[2024-10-06T04:29:03.051+0000] {logging_mixin.py:190} INFO - [2024-10-06T04:29:03.051+0000] {dag.py:4180} INFO - Setting next_dagrun for example_bash_operator to 2024-10-05 00:00:00+00:00, run_after=2024-10-06 00:00:00+00:00
[2024-10-06T04:29:03.082+0000] {processor.py:208} INFO - Processing /home/airflow/.local/lib/python3.12/site-packages/airflow/example_dags/example_bash_operator.py took 0.155 seconds
[2024-10-06T04:29:33.164+0000] {processor.py:186} INFO - Started process (PID=1303) to work on /home/airflow/.local/lib/python3.12/site-packages/airflow/example_dags/example_bash_operator.py
[2024-10-06T04:29:33.165+0000] {processor.py:914} INFO - Processing file /home/airflow/.local/lib/python3.12/site-packages/airflow/example_dags/example_bash_operator.py for tasks to queue
[2024-10-06T04:29:33.169+0000] {logging_mixin.py:190} INFO - [2024-10-06T04:29:33.168+0000] {dagbag.py:588} INFO - Filling up the DagBag from /home/airflow/.local/lib/python3.12/site-packages/airflow/example_dags/example_bash_operator.py
[2024-10-06T04:29:33.188+0000] {processor.py:925} INFO - DAG(s) 'example_bash_operator' retrieved from /home/airflow/.local/lib/python3.12/site-packages/airflow/example_dags/example_bash_operator.py
[2024-10-06T04:29:33.222+0000] {logging_mixin.py:190} INFO - [2024-10-06T04:29:33.221+0000] {dag.py:3239} INFO - Sync 1 DAGs
[2024-10-06T04:29:33.255+0000] {logging_mixin.py:190} INFO - [2024-10-06T04:29:33.255+0000] {dag.py:4180} INFO - Setting next_dagrun for example_bash_operator to 2024-10-05 00:00:00+00:00, run_after=2024-10-06 00:00:00+00:00
[2024-10-06T04:29:33.282+0000] {processor.py:208} INFO - Processing /home/airflow/.local/lib/python3.12/site-packages/airflow/example_dags/example_bash_operator.py took 0.126 seconds
[2024-10-06T04:30:04.780+0000] {processor.py:186} INFO - Started process (PID=1365) to work on /home/airflow/.local/lib/python3.12/site-packages/airflow/example_dags/example_bash_operator.py
[2024-10-06T04:30:04.782+0000] {processor.py:914} INFO - Processing file /home/airflow/.local/lib/python3.12/site-packages/airflow/example_dags/example_bash_operator.py for tasks to queue
[2024-10-06T04:30:04.787+0000] {logging_mixin.py:190} INFO - [2024-10-06T04:30:04.787+0000] {dagbag.py:588} INFO - Filling up the DagBag from /home/airflow/.local/lib/python3.12/site-packages/airflow/example_dags/example_bash_operator.py
[2024-10-06T04:30:04.817+0000] {processor.py:925} INFO - DAG(s) 'example_bash_operator' retrieved from /home/airflow/.local/lib/python3.12/site-packages/airflow/example_dags/example_bash_operator.py
[2024-10-06T04:30:04.884+0000] {logging_mixin.py:190} INFO - [2024-10-06T04:30:04.883+0000] {dag.py:3239} INFO - Sync 1 DAGs
[2024-10-06T04:30:04.942+0000] {logging_mixin.py:190} INFO - [2024-10-06T04:30:04.942+0000] {dag.py:4180} INFO - Setting next_dagrun for example_bash_operator to 2024-10-05 00:00:00+00:00, run_after=2024-10-06 00:00:00+00:00
[2024-10-06T04:30:04.977+0000] {processor.py:208} INFO - Processing /home/airflow/.local/lib/python3.12/site-packages/airflow/example_dags/example_bash_operator.py took 0.209 seconds
[2024-10-06T04:30:35.942+0000] {processor.py:186} INFO - Started process (PID=1427) to work on /home/airflow/.local/lib/python3.12/site-packages/airflow/example_dags/example_bash_operator.py
[2024-10-06T04:30:35.944+0000] {processor.py:914} INFO - Processing file /home/airflow/.local/lib/python3.12/site-packages/airflow/example_dags/example_bash_operator.py for tasks to queue
[2024-10-06T04:30:35.948+0000] {logging_mixin.py:190} INFO - [2024-10-06T04:30:35.948+0000] {dagbag.py:588} INFO - Filling up the DagBag from /home/airflow/.local/lib/python3.12/site-packages/airflow/example_dags/example_bash_operator.py
[2024-10-06T04:30:35.974+0000] {processor.py:925} INFO - DAG(s) 'example_bash_operator' retrieved from /home/airflow/.local/lib/python3.12/site-packages/airflow/example_dags/example_bash_operator.py
[2024-10-06T04:30:36.036+0000] {logging_mixin.py:190} INFO - [2024-10-06T04:30:36.035+0000] {dag.py:3239} INFO - Sync 1 DAGs
[2024-10-06T04:30:36.085+0000] {logging_mixin.py:190} INFO - [2024-10-06T04:30:36.084+0000] {dag.py:4180} INFO - Setting next_dagrun for example_bash_operator to 2024-10-05 00:00:00+00:00, run_after=2024-10-06 00:00:00+00:00
[2024-10-06T04:30:36.114+0000] {processor.py:208} INFO - Processing /home/airflow/.local/lib/python3.12/site-packages/airflow/example_dags/example_bash_operator.py took 0.183 seconds
[2024-10-06T04:31:07.199+0000] {processor.py:186} INFO - Started process (PID=1489) to work on /home/airflow/.local/lib/python3.12/site-packages/airflow/example_dags/example_bash_operator.py
[2024-10-06T04:31:07.201+0000] {processor.py:914} INFO - Processing file /home/airflow/.local/lib/python3.12/site-packages/airflow/example_dags/example_bash_operator.py for tasks to queue
[2024-10-06T04:31:07.206+0000] {logging_mixin.py:190} INFO - [2024-10-06T04:31:07.205+0000] {dagbag.py:588} INFO - Filling up the DagBag from /home/airflow/.local/lib/python3.12/site-packages/airflow/example_dags/example_bash_operator.py
[2024-10-06T04:31:07.229+0000] {processor.py:925} INFO - DAG(s) 'example_bash_operator' retrieved from /home/airflow/.local/lib/python3.12/site-packages/airflow/example_dags/example_bash_operator.py
[2024-10-06T04:31:07.265+0000] {logging_mixin.py:190} INFO - [2024-10-06T04:31:07.265+0000] {dag.py:3239} INFO - Sync 1 DAGs
[2024-10-06T04:31:07.313+0000] {logging_mixin.py:190} INFO - [2024-10-06T04:31:07.313+0000] {dag.py:4180} INFO - Setting next_dagrun for example_bash_operator to 2024-10-05 00:00:00+00:00, run_after=2024-10-06 00:00:00+00:00
[2024-10-06T04:31:07.346+0000] {processor.py:208} INFO - Processing /home/airflow/.local/lib/python3.12/site-packages/airflow/example_dags/example_bash_operator.py took 0.159 seconds
[2024-10-06T04:31:38.290+0000] {processor.py:186} INFO - Started process (PID=1551) to work on /home/airflow/.local/lib/python3.12/site-packages/airflow/example_dags/example_bash_operator.py
[2024-10-06T04:31:38.291+0000] {processor.py:914} INFO - Processing file /home/airflow/.local/lib/python3.12/site-packages/airflow/example_dags/example_bash_operator.py for tasks to queue
[2024-10-06T04:31:38.294+0000] {logging_mixin.py:190} INFO - [2024-10-06T04:31:38.294+0000] {dagbag.py:588} INFO - Filling up the DagBag from /home/airflow/.local/lib/python3.12/site-packages/airflow/example_dags/example_bash_operator.py
[2024-10-06T04:31:38.312+0000] {processor.py:925} INFO - DAG(s) 'example_bash_operator' retrieved from /home/airflow/.local/lib/python3.12/site-packages/airflow/example_dags/example_bash_operator.py
[2024-10-06T04:31:38.345+0000] {logging_mixin.py:190} INFO - [2024-10-06T04:31:38.345+0000] {dag.py:3239} INFO - Sync 1 DAGs
[2024-10-06T04:31:38.379+0000] {logging_mixin.py:190} INFO - [2024-10-06T04:31:38.379+0000] {dag.py:4180} INFO - Setting next_dagrun for example_bash_operator to 2024-10-05 00:00:00+00:00, run_after=2024-10-06 00:00:00+00:00
[2024-10-06T04:31:38.402+0000] {processor.py:208} INFO - Processing /home/airflow/.local/lib/python3.12/site-packages/airflow/example_dags/example_bash_operator.py took 0.123 seconds
[2024-10-06T04:32:09.092+0000] {processor.py:186} INFO - Started process (PID=1613) to work on /home/airflow/.local/lib/python3.12/site-packages/airflow/example_dags/example_bash_operator.py
[2024-10-06T04:32:09.093+0000] {processor.py:914} INFO - Processing file /home/airflow/.local/lib/python3.12/site-packages/airflow/example_dags/example_bash_operator.py for tasks to queue
[2024-10-06T04:32:09.096+0000] {logging_mixin.py:190} INFO - [2024-10-06T04:32:09.096+0000] {dagbag.py:588} INFO - Filling up the DagBag from /home/airflow/.local/lib/python3.12/site-packages/airflow/example_dags/example_bash_operator.py
[2024-10-06T04:32:09.114+0000] {processor.py:925} INFO - DAG(s) 'example_bash_operator' retrieved from /home/airflow/.local/lib/python3.12/site-packages/airflow/example_dags/example_bash_operator.py
[2024-10-06T04:32:09.149+0000] {logging_mixin.py:190} INFO - [2024-10-06T04:32:09.148+0000] {dag.py:3239} INFO - Sync 1 DAGs
[2024-10-06T04:32:09.181+0000] {logging_mixin.py:190} INFO - [2024-10-06T04:32:09.181+0000] {dag.py:4180} INFO - Setting next_dagrun for example_bash_operator to 2024-10-05 00:00:00+00:00, run_after=2024-10-06 00:00:00+00:00
[2024-10-06T04:32:09.204+0000] {processor.py:208} INFO - Processing /home/airflow/.local/lib/python3.12/site-packages/airflow/example_dags/example_bash_operator.py took 0.121 seconds
[2024-10-06T04:32:40.224+0000] {processor.py:186} INFO - Started process (PID=1675) to work on /home/airflow/.local/lib/python3.12/site-packages/airflow/example_dags/example_bash_operator.py
[2024-10-06T04:32:40.226+0000] {processor.py:914} INFO - Processing file /home/airflow/.local/lib/python3.12/site-packages/airflow/example_dags/example_bash_operator.py for tasks to queue
[2024-10-06T04:32:40.229+0000] {logging_mixin.py:190} INFO - [2024-10-06T04:32:40.229+0000] {dagbag.py:588} INFO - Filling up the DagBag from /home/airflow/.local/lib/python3.12/site-packages/airflow/example_dags/example_bash_operator.py
[2024-10-06T04:32:40.248+0000] {processor.py:925} INFO - DAG(s) 'example_bash_operator' retrieved from /home/airflow/.local/lib/python3.12/site-packages/airflow/example_dags/example_bash_operator.py
[2024-10-06T04:32:40.291+0000] {logging_mixin.py:190} INFO - [2024-10-06T04:32:40.291+0000] {dag.py:3239} INFO - Sync 1 DAGs
[2024-10-06T04:32:40.325+0000] {logging_mixin.py:190} INFO - [2024-10-06T04:32:40.325+0000] {dag.py:4180} INFO - Setting next_dagrun for example_bash_operator to 2024-10-05 00:00:00+00:00, run_after=2024-10-06 00:00:00+00:00
[2024-10-06T04:32:40.351+0000] {processor.py:208} INFO - Processing /home/airflow/.local/lib/python3.12/site-packages/airflow/example_dags/example_bash_operator.py took 0.137 seconds
[2024-10-06T04:35:12.029+0000] {processor.py:186} INFO - Started process (PID=54) to work on /home/airflow/.local/lib/python3.12/site-packages/airflow/example_dags/example_bash_operator.py
[2024-10-06T04:35:12.037+0000] {processor.py:914} INFO - Processing file /home/airflow/.local/lib/python3.12/site-packages/airflow/example_dags/example_bash_operator.py for tasks to queue
[2024-10-06T04:35:12.041+0000] {logging_mixin.py:190} INFO - [2024-10-06T04:35:12.040+0000] {dagbag.py:588} INFO - Filling up the DagBag from /home/airflow/.local/lib/python3.12/site-packages/airflow/example_dags/example_bash_operator.py
[2024-10-06T04:35:12.097+0000] {processor.py:925} INFO - DAG(s) 'example_bash_operator' retrieved from /home/airflow/.local/lib/python3.12/site-packages/airflow/example_dags/example_bash_operator.py
[2024-10-06T04:35:12.205+0000] {logging_mixin.py:190} INFO - [2024-10-06T04:35:12.205+0000] {dag.py:3239} INFO - Sync 1 DAGs
[2024-10-06T04:35:12.311+0000] {logging_mixin.py:190} INFO - [2024-10-06T04:35:12.310+0000] {dag.py:4180} INFO - Setting next_dagrun for example_bash_operator to 2024-10-05 00:00:00+00:00, run_after=2024-10-06 00:00:00+00:00
[2024-10-06T04:35:12.397+0000] {processor.py:208} INFO - Processing /home/airflow/.local/lib/python3.12/site-packages/airflow/example_dags/example_bash_operator.py took 0.377 seconds
[2024-10-06T04:35:42.621+0000] {processor.py:186} INFO - Started process (PID=116) to work on /home/airflow/.local/lib/python3.12/site-packages/airflow/example_dags/example_bash_operator.py
[2024-10-06T04:35:42.622+0000] {processor.py:914} INFO - Processing file /home/airflow/.local/lib/python3.12/site-packages/airflow/example_dags/example_bash_operator.py for tasks to queue
[2024-10-06T04:35:42.627+0000] {logging_mixin.py:190} INFO - [2024-10-06T04:35:42.626+0000] {dagbag.py:588} INFO - Filling up the DagBag from /home/airflow/.local/lib/python3.12/site-packages/airflow/example_dags/example_bash_operator.py
[2024-10-06T04:35:42.651+0000] {processor.py:925} INFO - DAG(s) 'example_bash_operator' retrieved from /home/airflow/.local/lib/python3.12/site-packages/airflow/example_dags/example_bash_operator.py
[2024-10-06T04:35:42.702+0000] {logging_mixin.py:190} INFO - [2024-10-06T04:35:42.701+0000] {dag.py:3239} INFO - Sync 1 DAGs
[2024-10-06T04:35:42.747+0000] {logging_mixin.py:190} INFO - [2024-10-06T04:35:42.746+0000] {dag.py:4180} INFO - Setting next_dagrun for example_bash_operator to 2024-10-05 00:00:00+00:00, run_after=2024-10-06 00:00:00+00:00
[2024-10-06T04:35:42.813+0000] {processor.py:208} INFO - Processing /home/airflow/.local/lib/python3.12/site-packages/airflow/example_dags/example_bash_operator.py took 0.203 seconds
[2024-10-06T04:36:13.334+0000] {processor.py:186} INFO - Started process (PID=177) to work on /home/airflow/.local/lib/python3.12/site-packages/airflow/example_dags/example_bash_operator.py
[2024-10-06T04:36:13.336+0000] {processor.py:914} INFO - Processing file /home/airflow/.local/lib/python3.12/site-packages/airflow/example_dags/example_bash_operator.py for tasks to queue
[2024-10-06T04:36:13.343+0000] {logging_mixin.py:190} INFO - [2024-10-06T04:36:13.342+0000] {dagbag.py:588} INFO - Filling up the DagBag from /home/airflow/.local/lib/python3.12/site-packages/airflow/example_dags/example_bash_operator.py
[2024-10-06T04:36:13.362+0000] {processor.py:925} INFO - DAG(s) 'example_bash_operator' retrieved from /home/airflow/.local/lib/python3.12/site-packages/airflow/example_dags/example_bash_operator.py
[2024-10-06T04:36:13.394+0000] {logging_mixin.py:190} INFO - [2024-10-06T04:36:13.394+0000] {dag.py:3239} INFO - Sync 1 DAGs
[2024-10-06T04:36:13.435+0000] {logging_mixin.py:190} INFO - [2024-10-06T04:36:13.434+0000] {dag.py:4180} INFO - Setting next_dagrun for example_bash_operator to 2024-10-05 00:00:00+00:00, run_after=2024-10-06 00:00:00+00:00
[2024-10-06T04:36:13.467+0000] {processor.py:208} INFO - Processing /home/airflow/.local/lib/python3.12/site-packages/airflow/example_dags/example_bash_operator.py took 0.144 seconds
[2024-10-06T04:36:44.532+0000] {processor.py:186} INFO - Started process (PID=239) to work on /home/airflow/.local/lib/python3.12/site-packages/airflow/example_dags/example_bash_operator.py
[2024-10-06T04:36:44.533+0000] {processor.py:914} INFO - Processing file /home/airflow/.local/lib/python3.12/site-packages/airflow/example_dags/example_bash_operator.py for tasks to queue
[2024-10-06T04:36:44.538+0000] {logging_mixin.py:190} INFO - [2024-10-06T04:36:44.537+0000] {dagbag.py:588} INFO - Filling up the DagBag from /home/airflow/.local/lib/python3.12/site-packages/airflow/example_dags/example_bash_operator.py
[2024-10-06T04:36:44.558+0000] {processor.py:925} INFO - DAG(s) 'example_bash_operator' retrieved from /home/airflow/.local/lib/python3.12/site-packages/airflow/example_dags/example_bash_operator.py
[2024-10-06T04:36:44.594+0000] {logging_mixin.py:190} INFO - [2024-10-06T04:36:44.594+0000] {dag.py:3239} INFO - Sync 1 DAGs
[2024-10-06T04:36:44.628+0000] {logging_mixin.py:190} INFO - [2024-10-06T04:36:44.627+0000] {dag.py:4180} INFO - Setting next_dagrun for example_bash_operator to 2024-10-05 00:00:00+00:00, run_after=2024-10-06 00:00:00+00:00
[2024-10-06T04:36:44.662+0000] {processor.py:208} INFO - Processing /home/airflow/.local/lib/python3.12/site-packages/airflow/example_dags/example_bash_operator.py took 0.138 seconds
[2024-10-06T04:37:14.730+0000] {processor.py:186} INFO - Started process (PID=301) to work on /home/airflow/.local/lib/python3.12/site-packages/airflow/example_dags/example_bash_operator.py
[2024-10-06T04:37:14.732+0000] {processor.py:914} INFO - Processing file /home/airflow/.local/lib/python3.12/site-packages/airflow/example_dags/example_bash_operator.py for tasks to queue
[2024-10-06T04:37:14.735+0000] {logging_mixin.py:190} INFO - [2024-10-06T04:37:14.735+0000] {dagbag.py:588} INFO - Filling up the DagBag from /home/airflow/.local/lib/python3.12/site-packages/airflow/example_dags/example_bash_operator.py
[2024-10-06T04:37:14.759+0000] {processor.py:925} INFO - DAG(s) 'example_bash_operator' retrieved from /home/airflow/.local/lib/python3.12/site-packages/airflow/example_dags/example_bash_operator.py
[2024-10-06T04:37:14.798+0000] {logging_mixin.py:190} INFO - [2024-10-06T04:37:14.798+0000] {dag.py:3239} INFO - Sync 1 DAGs
[2024-10-06T04:37:14.832+0000] {logging_mixin.py:190} INFO - [2024-10-06T04:37:14.832+0000] {dag.py:4180} INFO - Setting next_dagrun for example_bash_operator to 2024-10-05 00:00:00+00:00, run_after=2024-10-06 00:00:00+00:00
[2024-10-06T04:37:14.858+0000] {processor.py:208} INFO - Processing /home/airflow/.local/lib/python3.12/site-packages/airflow/example_dags/example_bash_operator.py took 0.136 seconds
[2024-10-06T04:39:10.827+0000] {processor.py:186} INFO - Started process (PID=55) to work on /home/airflow/.local/lib/python3.12/site-packages/airflow/example_dags/example_bash_operator.py
[2024-10-06T04:39:10.829+0000] {processor.py:914} INFO - Processing file /home/airflow/.local/lib/python3.12/site-packages/airflow/example_dags/example_bash_operator.py for tasks to queue
[2024-10-06T04:39:10.832+0000] {logging_mixin.py:190} INFO - [2024-10-06T04:39:10.831+0000] {dagbag.py:588} INFO - Filling up the DagBag from /home/airflow/.local/lib/python3.12/site-packages/airflow/example_dags/example_bash_operator.py
[2024-10-06T04:39:10.851+0000] {processor.py:925} INFO - DAG(s) 'example_bash_operator' retrieved from /home/airflow/.local/lib/python3.12/site-packages/airflow/example_dags/example_bash_operator.py
[2024-10-06T04:39:10.988+0000] {logging_mixin.py:190} INFO - [2024-10-06T04:39:10.987+0000] {override.py:1900} INFO - Created Permission View: can read on DAG:example_bash_operator
[2024-10-06T04:39:11.000+0000] {logging_mixin.py:190} INFO - [2024-10-06T04:39:10.999+0000] {override.py:1900} INFO - Created Permission View: can edit on DAG:example_bash_operator
[2024-10-06T04:39:11.007+0000] {logging_mixin.py:190} INFO - [2024-10-06T04:39:11.007+0000] {override.py:1900} INFO - Created Permission View: can delete on DAG:example_bash_operator
[2024-10-06T04:39:11.014+0000] {logging_mixin.py:190} INFO - [2024-10-06T04:39:11.014+0000] {override.py:1900} INFO - Created Permission View: menu access on DAG Run:example_bash_operator
[2024-10-06T04:39:11.021+0000] {logging_mixin.py:190} INFO - [2024-10-06T04:39:11.021+0000] {override.py:1900} INFO - Created Permission View: can read on DAG Run:example_bash_operator
[2024-10-06T04:39:11.028+0000] {logging_mixin.py:190} INFO - [2024-10-06T04:39:11.028+0000] {override.py:1900} INFO - Created Permission View: can create on DAG Run:example_bash_operator
[2024-10-06T04:39:11.037+0000] {logging_mixin.py:190} INFO - [2024-10-06T04:39:11.037+0000] {override.py:1900} INFO - Created Permission View: can delete on DAG Run:example_bash_operator
[2024-10-06T04:39:11.038+0000] {logging_mixin.py:190} INFO - [2024-10-06T04:39:11.038+0000] {dag.py:3239} INFO - Sync 1 DAGs
[2024-10-06T04:39:11.054+0000] {logging_mixin.py:190} INFO - [2024-10-06T04:39:11.054+0000] {dag.py:3262} INFO - Creating ORM DAG for example_bash_operator
[2024-10-06T04:39:11.067+0000] {logging_mixin.py:190} INFO - [2024-10-06T04:39:11.067+0000] {dag.py:4180} INFO - Setting next_dagrun for example_bash_operator to 2024-10-05 00:00:00+00:00, run_after=2024-10-06 00:00:00+00:00
[2024-10-06T04:39:11.088+0000] {processor.py:208} INFO - Processing /home/airflow/.local/lib/python3.12/site-packages/airflow/example_dags/example_bash_operator.py took 0.270 seconds
[2024-10-06T04:39:41.862+0000] {processor.py:186} INFO - Started process (PID=117) to work on /home/airflow/.local/lib/python3.12/site-packages/airflow/example_dags/example_bash_operator.py
[2024-10-06T04:39:41.863+0000] {processor.py:914} INFO - Processing file /home/airflow/.local/lib/python3.12/site-packages/airflow/example_dags/example_bash_operator.py for tasks to queue
[2024-10-06T04:39:41.883+0000] {logging_mixin.py:190} INFO - [2024-10-06T04:39:41.883+0000] {dagbag.py:588} INFO - Filling up the DagBag from /home/airflow/.local/lib/python3.12/site-packages/airflow/example_dags/example_bash_operator.py
[2024-10-06T04:39:41.957+0000] {processor.py:925} INFO - DAG(s) 'example_bash_operator' retrieved from /home/airflow/.local/lib/python3.12/site-packages/airflow/example_dags/example_bash_operator.py
[2024-10-06T04:39:42.021+0000] {logging_mixin.py:190} INFO - [2024-10-06T04:39:42.020+0000] {dag.py:3239} INFO - Sync 1 DAGs
[2024-10-06T04:39:42.053+0000] {logging_mixin.py:190} INFO - [2024-10-06T04:39:42.052+0000] {dag.py:4180} INFO - Setting next_dagrun for example_bash_operator to 2024-10-05 00:00:00+00:00, run_after=2024-10-06 00:00:00+00:00
[2024-10-06T04:39:42.076+0000] {processor.py:208} INFO - Processing /home/airflow/.local/lib/python3.12/site-packages/airflow/example_dags/example_bash_operator.py took 0.238 seconds
[2024-10-06T04:40:12.215+0000] {processor.py:186} INFO - Started process (PID=180) to work on /home/airflow/.local/lib/python3.12/site-packages/airflow/example_dags/example_bash_operator.py
[2024-10-06T04:40:12.216+0000] {processor.py:914} INFO - Processing file /home/airflow/.local/lib/python3.12/site-packages/airflow/example_dags/example_bash_operator.py for tasks to queue
[2024-10-06T04:40:12.220+0000] {logging_mixin.py:190} INFO - [2024-10-06T04:40:12.219+0000] {dagbag.py:588} INFO - Filling up the DagBag from /home/airflow/.local/lib/python3.12/site-packages/airflow/example_dags/example_bash_operator.py
[2024-10-06T04:40:12.238+0000] {processor.py:925} INFO - DAG(s) 'example_bash_operator' retrieved from /home/airflow/.local/lib/python3.12/site-packages/airflow/example_dags/example_bash_operator.py
[2024-10-06T04:40:12.276+0000] {logging_mixin.py:190} INFO - [2024-10-06T04:40:12.276+0000] {dag.py:3239} INFO - Sync 1 DAGs
[2024-10-06T04:40:12.314+0000] {logging_mixin.py:190} INFO - [2024-10-06T04:40:12.314+0000] {dag.py:4180} INFO - Setting next_dagrun for example_bash_operator to 2024-10-05 00:00:00+00:00, run_after=2024-10-06 00:00:00+00:00
[2024-10-06T04:40:12.338+0000] {processor.py:208} INFO - Processing /home/airflow/.local/lib/python3.12/site-packages/airflow/example_dags/example_bash_operator.py took 0.133 seconds
[2024-10-06T04:40:42.926+0000] {processor.py:186} INFO - Started process (PID=242) to work on /home/airflow/.local/lib/python3.12/site-packages/airflow/example_dags/example_bash_operator.py
[2024-10-06T04:40:42.928+0000] {processor.py:914} INFO - Processing file /home/airflow/.local/lib/python3.12/site-packages/airflow/example_dags/example_bash_operator.py for tasks to queue
[2024-10-06T04:40:42.931+0000] {logging_mixin.py:190} INFO - [2024-10-06T04:40:42.931+0000] {dagbag.py:588} INFO - Filling up the DagBag from /home/airflow/.local/lib/python3.12/site-packages/airflow/example_dags/example_bash_operator.py
[2024-10-06T04:40:42.949+0000] {processor.py:925} INFO - DAG(s) 'example_bash_operator' retrieved from /home/airflow/.local/lib/python3.12/site-packages/airflow/example_dags/example_bash_operator.py
[2024-10-06T04:40:43.029+0000] {logging_mixin.py:190} INFO - [2024-10-06T04:40:43.028+0000] {dag.py:3239} INFO - Sync 1 DAGs
[2024-10-06T04:40:43.067+0000] {logging_mixin.py:190} INFO - [2024-10-06T04:40:43.067+0000] {dag.py:4180} INFO - Setting next_dagrun for example_bash_operator to 2024-10-05 00:00:00+00:00, run_after=2024-10-06 00:00:00+00:00
[2024-10-06T04:40:43.093+0000] {processor.py:208} INFO - Processing /home/airflow/.local/lib/python3.12/site-packages/airflow/example_dags/example_bash_operator.py took 0.174 seconds
[2024-10-06T04:41:13.991+0000] {processor.py:186} INFO - Started process (PID=303) to work on /home/airflow/.local/lib/python3.12/site-packages/airflow/example_dags/example_bash_operator.py
[2024-10-06T04:41:13.994+0000] {processor.py:914} INFO - Processing file /home/airflow/.local/lib/python3.12/site-packages/airflow/example_dags/example_bash_operator.py for tasks to queue
[2024-10-06T04:41:14.001+0000] {logging_mixin.py:190} INFO - [2024-10-06T04:41:14.000+0000] {dagbag.py:588} INFO - Filling up the DagBag from /home/airflow/.local/lib/python3.12/site-packages/airflow/example_dags/example_bash_operator.py
[2024-10-06T04:41:14.026+0000] {processor.py:925} INFO - DAG(s) 'example_bash_operator' retrieved from /home/airflow/.local/lib/python3.12/site-packages/airflow/example_dags/example_bash_operator.py
[2024-10-06T04:41:14.065+0000] {logging_mixin.py:190} INFO - [2024-10-06T04:41:14.065+0000] {dag.py:3239} INFO - Sync 1 DAGs
[2024-10-06T04:41:14.116+0000] {logging_mixin.py:190} INFO - [2024-10-06T04:41:14.115+0000] {dag.py:4180} INFO - Setting next_dagrun for example_bash_operator to 2024-10-05 00:00:00+00:00, run_after=2024-10-06 00:00:00+00:00
[2024-10-06T04:41:14.149+0000] {processor.py:208} INFO - Processing /home/airflow/.local/lib/python3.12/site-packages/airflow/example_dags/example_bash_operator.py took 0.176 seconds
[2024-10-06T04:41:44.321+0000] {processor.py:186} INFO - Started process (PID=365) to work on /home/airflow/.local/lib/python3.12/site-packages/airflow/example_dags/example_bash_operator.py
[2024-10-06T04:41:44.322+0000] {processor.py:914} INFO - Processing file /home/airflow/.local/lib/python3.12/site-packages/airflow/example_dags/example_bash_operator.py for tasks to queue
[2024-10-06T04:41:44.326+0000] {logging_mixin.py:190} INFO - [2024-10-06T04:41:44.325+0000] {dagbag.py:588} INFO - Filling up the DagBag from /home/airflow/.local/lib/python3.12/site-packages/airflow/example_dags/example_bash_operator.py
[2024-10-06T04:41:44.352+0000] {processor.py:925} INFO - DAG(s) 'example_bash_operator' retrieved from /home/airflow/.local/lib/python3.12/site-packages/airflow/example_dags/example_bash_operator.py
[2024-10-06T04:41:44.381+0000] {logging_mixin.py:190} INFO - [2024-10-06T04:41:44.381+0000] {dag.py:3239} INFO - Sync 1 DAGs
[2024-10-06T04:41:44.411+0000] {logging_mixin.py:190} INFO - [2024-10-06T04:41:44.410+0000] {dag.py:4180} INFO - Setting next_dagrun for example_bash_operator to 2024-10-05 00:00:00+00:00, run_after=2024-10-06 00:00:00+00:00
[2024-10-06T04:41:44.437+0000] {processor.py:208} INFO - Processing /home/airflow/.local/lib/python3.12/site-packages/airflow/example_dags/example_bash_operator.py took 0.134 seconds
[2024-10-06T04:42:15.220+0000] {processor.py:186} INFO - Started process (PID=427) to work on /home/airflow/.local/lib/python3.12/site-packages/airflow/example_dags/example_bash_operator.py
[2024-10-06T04:42:15.222+0000] {processor.py:914} INFO - Processing file /home/airflow/.local/lib/python3.12/site-packages/airflow/example_dags/example_bash_operator.py for tasks to queue
[2024-10-06T04:42:15.225+0000] {logging_mixin.py:190} INFO - [2024-10-06T04:42:15.224+0000] {dagbag.py:588} INFO - Filling up the DagBag from /home/airflow/.local/lib/python3.12/site-packages/airflow/example_dags/example_bash_operator.py
[2024-10-06T04:42:15.243+0000] {processor.py:925} INFO - DAG(s) 'example_bash_operator' retrieved from /home/airflow/.local/lib/python3.12/site-packages/airflow/example_dags/example_bash_operator.py
[2024-10-06T04:42:15.278+0000] {logging_mixin.py:190} INFO - [2024-10-06T04:42:15.277+0000] {dag.py:3239} INFO - Sync 1 DAGs
[2024-10-06T04:42:15.313+0000] {logging_mixin.py:190} INFO - [2024-10-06T04:42:15.313+0000] {dag.py:4180} INFO - Setting next_dagrun for example_bash_operator to 2024-10-05 00:00:00+00:00, run_after=2024-10-06 00:00:00+00:00
[2024-10-06T04:42:15.338+0000] {processor.py:208} INFO - Processing /home/airflow/.local/lib/python3.12/site-packages/airflow/example_dags/example_bash_operator.py took 0.126 seconds
[2024-10-06T04:42:45.852+0000] {processor.py:186} INFO - Started process (PID=489) to work on /home/airflow/.local/lib/python3.12/site-packages/airflow/example_dags/example_bash_operator.py
[2024-10-06T04:42:45.854+0000] {processor.py:914} INFO - Processing file /home/airflow/.local/lib/python3.12/site-packages/airflow/example_dags/example_bash_operator.py for tasks to queue
[2024-10-06T04:42:45.859+0000] {logging_mixin.py:190} INFO - [2024-10-06T04:42:45.858+0000] {dagbag.py:588} INFO - Filling up the DagBag from /home/airflow/.local/lib/python3.12/site-packages/airflow/example_dags/example_bash_operator.py
[2024-10-06T04:42:45.888+0000] {processor.py:925} INFO - DAG(s) 'example_bash_operator' retrieved from /home/airflow/.local/lib/python3.12/site-packages/airflow/example_dags/example_bash_operator.py
[2024-10-06T04:42:45.935+0000] {logging_mixin.py:190} INFO - [2024-10-06T04:42:45.935+0000] {dag.py:3239} INFO - Sync 1 DAGs
[2024-10-06T04:42:45.976+0000] {logging_mixin.py:190} INFO - [2024-10-06T04:42:45.975+0000] {dag.py:4180} INFO - Setting next_dagrun for example_bash_operator to 2024-10-05 00:00:00+00:00, run_after=2024-10-06 00:00:00+00:00
[2024-10-06T04:42:46.014+0000] {processor.py:208} INFO - Processing /home/airflow/.local/lib/python3.12/site-packages/airflow/example_dags/example_bash_operator.py took 0.174 seconds
[2024-10-06T04:45:42.810+0000] {processor.py:186} INFO - Started process (PID=49) to work on /home/airflow/.local/lib/python3.12/site-packages/airflow/example_dags/example_bash_operator.py
[2024-10-06T04:45:42.811+0000] {processor.py:914} INFO - Processing file /home/airflow/.local/lib/python3.12/site-packages/airflow/example_dags/example_bash_operator.py for tasks to queue
[2024-10-06T04:45:42.816+0000] {logging_mixin.py:190} INFO - [2024-10-06T04:45:42.815+0000] {dagbag.py:588} INFO - Filling up the DagBag from /home/airflow/.local/lib/python3.12/site-packages/airflow/example_dags/example_bash_operator.py
[2024-10-06T04:45:42.841+0000] {processor.py:925} INFO - DAG(s) 'example_bash_operator' retrieved from /home/airflow/.local/lib/python3.12/site-packages/airflow/example_dags/example_bash_operator.py
[2024-10-06T04:45:42.898+0000] {logging_mixin.py:190} INFO - [2024-10-06T04:45:42.897+0000] {dag.py:3239} INFO - Sync 1 DAGs
[2024-10-06T04:45:42.941+0000] {logging_mixin.py:190} INFO - [2024-10-06T04:45:42.941+0000] {dag.py:4180} INFO - Setting next_dagrun for example_bash_operator to 2024-10-05 00:00:00+00:00, run_after=2024-10-06 00:00:00+00:00
[2024-10-06T04:45:42.969+0000] {processor.py:208} INFO - Processing /home/airflow/.local/lib/python3.12/site-packages/airflow/example_dags/example_bash_operator.py took 0.168 seconds
[2024-10-06T04:46:13.108+0000] {processor.py:186} INFO - Started process (PID=111) to work on /home/airflow/.local/lib/python3.12/site-packages/airflow/example_dags/example_bash_operator.py
[2024-10-06T04:46:13.109+0000] {processor.py:914} INFO - Processing file /home/airflow/.local/lib/python3.12/site-packages/airflow/example_dags/example_bash_operator.py for tasks to queue
[2024-10-06T04:46:13.114+0000] {logging_mixin.py:190} INFO - [2024-10-06T04:46:13.113+0000] {dagbag.py:588} INFO - Filling up the DagBag from /home/airflow/.local/lib/python3.12/site-packages/airflow/example_dags/example_bash_operator.py
[2024-10-06T04:46:13.141+0000] {processor.py:925} INFO - DAG(s) 'example_bash_operator' retrieved from /home/airflow/.local/lib/python3.12/site-packages/airflow/example_dags/example_bash_operator.py
[2024-10-06T04:46:13.175+0000] {logging_mixin.py:190} INFO - [2024-10-06T04:46:13.175+0000] {dag.py:3239} INFO - Sync 1 DAGs
[2024-10-06T04:46:13.210+0000] {logging_mixin.py:190} INFO - [2024-10-06T04:46:13.209+0000] {dag.py:4180} INFO - Setting next_dagrun for example_bash_operator to 2024-10-05 00:00:00+00:00, run_after=2024-10-06 00:00:00+00:00
[2024-10-06T04:46:13.236+0000] {processor.py:208} INFO - Processing /home/airflow/.local/lib/python3.12/site-packages/airflow/example_dags/example_bash_operator.py took 0.139 seconds
