[2024-10-06T04:18:59.855+0000] {processor.py:186} INFO - Started process (PID=64) to work on /home/airflow/.local/lib/python3.12/site-packages/airflow/example_dags/example_trigger_target_dag.py
[2024-10-06T04:18:59.856+0000] {processor.py:914} INFO - Processing file /home/airflow/.local/lib/python3.12/site-packages/airflow/example_dags/example_trigger_target_dag.py for tasks to queue
[2024-10-06T04:18:59.860+0000] {logging_mixin.py:190} INFO - [2024-10-06T04:18:59.859+0000] {dagbag.py:588} INFO - Filling up the DagBag from /home/airflow/.local/lib/python3.12/site-packages/airflow/example_dags/example_trigger_target_dag.py
[2024-10-06T04:18:59.873+0000] {processor.py:925} INFO - DAG(s) 'example_trigger_target_dag' retrieved from /home/airflow/.local/lib/python3.12/site-packages/airflow/example_dags/example_trigger_target_dag.py
[2024-10-06T04:19:00.009+0000] {logging_mixin.py:190} INFO - [2024-10-06T04:19:00.008+0000] {override.py:1900} INFO - Created Permission View: can edit on DAG:example_trigger_target_dag
[2024-10-06T04:19:00.021+0000] {logging_mixin.py:190} INFO - [2024-10-06T04:19:00.021+0000] {override.py:1900} INFO - Created Permission View: can delete on DAG:example_trigger_target_dag
[2024-10-06T04:19:00.031+0000] {logging_mixin.py:190} INFO - [2024-10-06T04:19:00.031+0000] {override.py:1900} INFO - Created Permission View: can read on DAG:example_trigger_target_dag
[2024-10-06T04:19:00.040+0000] {logging_mixin.py:190} INFO - [2024-10-06T04:19:00.039+0000] {override.py:1900} INFO - Created Permission View: can create on DAG Run:example_trigger_target_dag
[2024-10-06T04:19:00.047+0000] {logging_mixin.py:190} INFO - [2024-10-06T04:19:00.047+0000] {override.py:1900} INFO - Created Permission View: menu access on DAG Run:example_trigger_target_dag
[2024-10-06T04:19:00.054+0000] {logging_mixin.py:190} INFO - [2024-10-06T04:19:00.054+0000] {override.py:1900} INFO - Created Permission View: can read on DAG Run:example_trigger_target_dag
[2024-10-06T04:19:00.061+0000] {logging_mixin.py:190} INFO - [2024-10-06T04:19:00.060+0000] {override.py:1900} INFO - Created Permission View: can delete on DAG Run:example_trigger_target_dag
[2024-10-06T04:19:00.061+0000] {logging_mixin.py:190} INFO - [2024-10-06T04:19:00.061+0000] {dag.py:3239} INFO - Sync 1 DAGs
[2024-10-06T04:19:00.078+0000] {logging_mixin.py:190} INFO - [2024-10-06T04:19:00.078+0000] {dag.py:3262} INFO - Creating ORM DAG for example_trigger_target_dag
[2024-10-06T04:19:00.079+0000] {logging_mixin.py:190} INFO - [2024-10-06T04:19:00.079+0000] {dag.py:4180} INFO - Setting next_dagrun for example_trigger_target_dag to None, run_after=None
[2024-10-06T04:19:00.096+0000] {processor.py:208} INFO - Processing /home/airflow/.local/lib/python3.12/site-packages/airflow/example_dags/example_trigger_target_dag.py took 0.251 seconds
[2024-10-06T04:19:50.630+0000] {processor.py:186} INFO - Started process (PID=132) to work on /home/airflow/.local/lib/python3.12/site-packages/airflow/example_dags/example_trigger_target_dag.py
[2024-10-06T04:19:50.632+0000] {processor.py:914} INFO - Processing file /home/airflow/.local/lib/python3.12/site-packages/airflow/example_dags/example_trigger_target_dag.py for tasks to queue
[2024-10-06T04:19:50.643+0000] {logging_mixin.py:190} INFO - [2024-10-06T04:19:50.642+0000] {dagbag.py:588} INFO - Filling up the DagBag from /home/airflow/.local/lib/python3.12/site-packages/airflow/example_dags/example_trigger_target_dag.py
[2024-10-06T04:19:50.688+0000] {processor.py:925} INFO - DAG(s) 'example_trigger_target_dag' retrieved from /home/airflow/.local/lib/python3.12/site-packages/airflow/example_dags/example_trigger_target_dag.py
[2024-10-06T04:19:50.740+0000] {logging_mixin.py:190} INFO - [2024-10-06T04:19:50.739+0000] {dag.py:3239} INFO - Sync 1 DAGs
[2024-10-06T04:19:50.760+0000] {logging_mixin.py:190} INFO - [2024-10-06T04:19:50.760+0000] {dag.py:4180} INFO - Setting next_dagrun for example_trigger_target_dag to None, run_after=None
[2024-10-06T04:19:50.783+0000] {processor.py:208} INFO - Processing /home/airflow/.local/lib/python3.12/site-packages/airflow/example_dags/example_trigger_target_dag.py took 0.185 seconds
[2024-10-06T04:20:21.426+0000] {processor.py:186} INFO - Started process (PID=194) to work on /home/airflow/.local/lib/python3.12/site-packages/airflow/example_dags/example_trigger_target_dag.py
[2024-10-06T04:20:21.427+0000] {processor.py:914} INFO - Processing file /home/airflow/.local/lib/python3.12/site-packages/airflow/example_dags/example_trigger_target_dag.py for tasks to queue
[2024-10-06T04:20:21.431+0000] {logging_mixin.py:190} INFO - [2024-10-06T04:20:21.431+0000] {dagbag.py:588} INFO - Filling up the DagBag from /home/airflow/.local/lib/python3.12/site-packages/airflow/example_dags/example_trigger_target_dag.py
[2024-10-06T04:20:21.444+0000] {processor.py:925} INFO - DAG(s) 'example_trigger_target_dag' retrieved from /home/airflow/.local/lib/python3.12/site-packages/airflow/example_dags/example_trigger_target_dag.py
[2024-10-06T04:20:21.479+0000] {logging_mixin.py:190} INFO - [2024-10-06T04:20:21.478+0000] {dag.py:3239} INFO - Sync 1 DAGs
[2024-10-06T04:20:21.498+0000] {logging_mixin.py:190} INFO - [2024-10-06T04:20:21.498+0000] {dag.py:4180} INFO - Setting next_dagrun for example_trigger_target_dag to None, run_after=None
[2024-10-06T04:20:21.522+0000] {processor.py:208} INFO - Processing /home/airflow/.local/lib/python3.12/site-packages/airflow/example_dags/example_trigger_target_dag.py took 0.106 seconds
[2024-10-06T04:20:51.851+0000] {processor.py:186} INFO - Started process (PID=257) to work on /home/airflow/.local/lib/python3.12/site-packages/airflow/example_dags/example_trigger_target_dag.py
[2024-10-06T04:20:51.853+0000] {processor.py:914} INFO - Processing file /home/airflow/.local/lib/python3.12/site-packages/airflow/example_dags/example_trigger_target_dag.py for tasks to queue
[2024-10-06T04:20:51.858+0000] {logging_mixin.py:190} INFO - [2024-10-06T04:20:51.857+0000] {dagbag.py:588} INFO - Filling up the DagBag from /home/airflow/.local/lib/python3.12/site-packages/airflow/example_dags/example_trigger_target_dag.py
[2024-10-06T04:20:51.875+0000] {processor.py:925} INFO - DAG(s) 'example_trigger_target_dag' retrieved from /home/airflow/.local/lib/python3.12/site-packages/airflow/example_dags/example_trigger_target_dag.py
[2024-10-06T04:20:51.911+0000] {logging_mixin.py:190} INFO - [2024-10-06T04:20:51.911+0000] {dag.py:3239} INFO - Sync 1 DAGs
[2024-10-06T04:20:51.941+0000] {logging_mixin.py:190} INFO - [2024-10-06T04:20:51.940+0000] {dag.py:4180} INFO - Setting next_dagrun for example_trigger_target_dag to None, run_after=None
[2024-10-06T04:20:51.974+0000] {processor.py:208} INFO - Processing /home/airflow/.local/lib/python3.12/site-packages/airflow/example_dags/example_trigger_target_dag.py took 0.136 seconds
[2024-10-06T04:21:22.162+0000] {processor.py:186} INFO - Started process (PID=319) to work on /home/airflow/.local/lib/python3.12/site-packages/airflow/example_dags/example_trigger_target_dag.py
[2024-10-06T04:21:22.163+0000] {processor.py:914} INFO - Processing file /home/airflow/.local/lib/python3.12/site-packages/airflow/example_dags/example_trigger_target_dag.py for tasks to queue
[2024-10-06T04:21:22.169+0000] {logging_mixin.py:190} INFO - [2024-10-06T04:21:22.168+0000] {dagbag.py:588} INFO - Filling up the DagBag from /home/airflow/.local/lib/python3.12/site-packages/airflow/example_dags/example_trigger_target_dag.py
[2024-10-06T04:21:22.184+0000] {processor.py:925} INFO - DAG(s) 'example_trigger_target_dag' retrieved from /home/airflow/.local/lib/python3.12/site-packages/airflow/example_dags/example_trigger_target_dag.py
[2024-10-06T04:21:22.221+0000] {logging_mixin.py:190} INFO - [2024-10-06T04:21:22.221+0000] {dag.py:3239} INFO - Sync 1 DAGs
[2024-10-06T04:21:22.242+0000] {logging_mixin.py:190} INFO - [2024-10-06T04:21:22.242+0000] {dag.py:4180} INFO - Setting next_dagrun for example_trigger_target_dag to None, run_after=None
[2024-10-06T04:21:22.270+0000] {processor.py:208} INFO - Processing /home/airflow/.local/lib/python3.12/site-packages/airflow/example_dags/example_trigger_target_dag.py took 0.117 seconds
[2024-10-06T04:21:52.423+0000] {processor.py:186} INFO - Started process (PID=380) to work on /home/airflow/.local/lib/python3.12/site-packages/airflow/example_dags/example_trigger_target_dag.py
[2024-10-06T04:21:52.425+0000] {processor.py:914} INFO - Processing file /home/airflow/.local/lib/python3.12/site-packages/airflow/example_dags/example_trigger_target_dag.py for tasks to queue
[2024-10-06T04:21:52.429+0000] {logging_mixin.py:190} INFO - [2024-10-06T04:21:52.428+0000] {dagbag.py:588} INFO - Filling up the DagBag from /home/airflow/.local/lib/python3.12/site-packages/airflow/example_dags/example_trigger_target_dag.py
[2024-10-06T04:21:52.444+0000] {processor.py:925} INFO - DAG(s) 'example_trigger_target_dag' retrieved from /home/airflow/.local/lib/python3.12/site-packages/airflow/example_dags/example_trigger_target_dag.py
[2024-10-06T04:21:52.471+0000] {logging_mixin.py:190} INFO - [2024-10-06T04:21:52.470+0000] {dag.py:3239} INFO - Sync 1 DAGs
[2024-10-06T04:21:52.491+0000] {logging_mixin.py:190} INFO - [2024-10-06T04:21:52.491+0000] {dag.py:4180} INFO - Setting next_dagrun for example_trigger_target_dag to None, run_after=None
[2024-10-06T04:21:52.517+0000] {processor.py:208} INFO - Processing /home/airflow/.local/lib/python3.12/site-packages/airflow/example_dags/example_trigger_target_dag.py took 0.105 seconds
[2024-10-06T04:22:22.625+0000] {processor.py:186} INFO - Started process (PID=443) to work on /home/airflow/.local/lib/python3.12/site-packages/airflow/example_dags/example_trigger_target_dag.py
[2024-10-06T04:22:22.626+0000] {processor.py:914} INFO - Processing file /home/airflow/.local/lib/python3.12/site-packages/airflow/example_dags/example_trigger_target_dag.py for tasks to queue
[2024-10-06T04:22:22.631+0000] {logging_mixin.py:190} INFO - [2024-10-06T04:22:22.630+0000] {dagbag.py:588} INFO - Filling up the DagBag from /home/airflow/.local/lib/python3.12/site-packages/airflow/example_dags/example_trigger_target_dag.py
[2024-10-06T04:22:22.644+0000] {processor.py:925} INFO - DAG(s) 'example_trigger_target_dag' retrieved from /home/airflow/.local/lib/python3.12/site-packages/airflow/example_dags/example_trigger_target_dag.py
[2024-10-06T04:22:22.678+0000] {logging_mixin.py:190} INFO - [2024-10-06T04:22:22.677+0000] {dag.py:3239} INFO - Sync 1 DAGs
[2024-10-06T04:22:22.702+0000] {logging_mixin.py:190} INFO - [2024-10-06T04:22:22.701+0000] {dag.py:4180} INFO - Setting next_dagrun for example_trigger_target_dag to None, run_after=None
[2024-10-06T04:22:22.731+0000] {processor.py:208} INFO - Processing /home/airflow/.local/lib/python3.12/site-packages/airflow/example_dags/example_trigger_target_dag.py took 0.117 seconds
[2024-10-06T04:22:53.054+0000] {processor.py:186} INFO - Started process (PID=506) to work on /home/airflow/.local/lib/python3.12/site-packages/airflow/example_dags/example_trigger_target_dag.py
[2024-10-06T04:22:53.055+0000] {processor.py:914} INFO - Processing file /home/airflow/.local/lib/python3.12/site-packages/airflow/example_dags/example_trigger_target_dag.py for tasks to queue
[2024-10-06T04:22:53.059+0000] {logging_mixin.py:190} INFO - [2024-10-06T04:22:53.059+0000] {dagbag.py:588} INFO - Filling up the DagBag from /home/airflow/.local/lib/python3.12/site-packages/airflow/example_dags/example_trigger_target_dag.py
[2024-10-06T04:22:53.071+0000] {processor.py:925} INFO - DAG(s) 'example_trigger_target_dag' retrieved from /home/airflow/.local/lib/python3.12/site-packages/airflow/example_dags/example_trigger_target_dag.py
[2024-10-06T04:22:53.096+0000] {logging_mixin.py:190} INFO - [2024-10-06T04:22:53.096+0000] {dag.py:3239} INFO - Sync 1 DAGs
[2024-10-06T04:22:53.114+0000] {logging_mixin.py:190} INFO - [2024-10-06T04:22:53.114+0000] {dag.py:4180} INFO - Setting next_dagrun for example_trigger_target_dag to None, run_after=None
[2024-10-06T04:22:53.138+0000] {processor.py:208} INFO - Processing /home/airflow/.local/lib/python3.12/site-packages/airflow/example_dags/example_trigger_target_dag.py took 0.094 seconds
[2024-10-06T04:23:23.528+0000] {processor.py:186} INFO - Started process (PID=568) to work on /home/airflow/.local/lib/python3.12/site-packages/airflow/example_dags/example_trigger_target_dag.py
[2024-10-06T04:23:23.529+0000] {processor.py:914} INFO - Processing file /home/airflow/.local/lib/python3.12/site-packages/airflow/example_dags/example_trigger_target_dag.py for tasks to queue
[2024-10-06T04:23:23.533+0000] {logging_mixin.py:190} INFO - [2024-10-06T04:23:23.533+0000] {dagbag.py:588} INFO - Filling up the DagBag from /home/airflow/.local/lib/python3.12/site-packages/airflow/example_dags/example_trigger_target_dag.py
[2024-10-06T04:23:23.548+0000] {processor.py:925} INFO - DAG(s) 'example_trigger_target_dag' retrieved from /home/airflow/.local/lib/python3.12/site-packages/airflow/example_dags/example_trigger_target_dag.py
[2024-10-06T04:23:23.577+0000] {logging_mixin.py:190} INFO - [2024-10-06T04:23:23.577+0000] {dag.py:3239} INFO - Sync 1 DAGs
[2024-10-06T04:23:23.598+0000] {logging_mixin.py:190} INFO - [2024-10-06T04:23:23.598+0000] {dag.py:4180} INFO - Setting next_dagrun for example_trigger_target_dag to None, run_after=None
[2024-10-06T04:23:23.622+0000] {processor.py:208} INFO - Processing /home/airflow/.local/lib/python3.12/site-packages/airflow/example_dags/example_trigger_target_dag.py took 0.104 seconds
[2024-10-06T04:23:54.487+0000] {processor.py:186} INFO - Started process (PID=629) to work on /home/airflow/.local/lib/python3.12/site-packages/airflow/example_dags/example_trigger_target_dag.py
[2024-10-06T04:23:54.488+0000] {processor.py:914} INFO - Processing file /home/airflow/.local/lib/python3.12/site-packages/airflow/example_dags/example_trigger_target_dag.py for tasks to queue
[2024-10-06T04:23:54.507+0000] {logging_mixin.py:190} INFO - [2024-10-06T04:23:54.496+0000] {dagbag.py:588} INFO - Filling up the DagBag from /home/airflow/.local/lib/python3.12/site-packages/airflow/example_dags/example_trigger_target_dag.py
[2024-10-06T04:23:54.519+0000] {processor.py:925} INFO - DAG(s) 'example_trigger_target_dag' retrieved from /home/airflow/.local/lib/python3.12/site-packages/airflow/example_dags/example_trigger_target_dag.py
[2024-10-06T04:23:54.549+0000] {logging_mixin.py:190} INFO - [2024-10-06T04:23:54.549+0000] {dag.py:3239} INFO - Sync 1 DAGs
[2024-10-06T04:23:54.575+0000] {logging_mixin.py:190} INFO - [2024-10-06T04:23:54.574+0000] {dag.py:4180} INFO - Setting next_dagrun for example_trigger_target_dag to None, run_after=None
[2024-10-06T04:23:54.609+0000] {processor.py:208} INFO - Processing /home/airflow/.local/lib/python3.12/site-packages/airflow/example_dags/example_trigger_target_dag.py took 0.135 seconds
[2024-10-06T04:24:25.176+0000] {processor.py:186} INFO - Started process (PID=690) to work on /home/airflow/.local/lib/python3.12/site-packages/airflow/example_dags/example_trigger_target_dag.py
[2024-10-06T04:24:25.177+0000] {processor.py:914} INFO - Processing file /home/airflow/.local/lib/python3.12/site-packages/airflow/example_dags/example_trigger_target_dag.py for tasks to queue
[2024-10-06T04:24:25.182+0000] {logging_mixin.py:190} INFO - [2024-10-06T04:24:25.181+0000] {dagbag.py:588} INFO - Filling up the DagBag from /home/airflow/.local/lib/python3.12/site-packages/airflow/example_dags/example_trigger_target_dag.py
[2024-10-06T04:24:25.197+0000] {processor.py:925} INFO - DAG(s) 'example_trigger_target_dag' retrieved from /home/airflow/.local/lib/python3.12/site-packages/airflow/example_dags/example_trigger_target_dag.py
[2024-10-06T04:24:25.227+0000] {logging_mixin.py:190} INFO - [2024-10-06T04:24:25.227+0000] {dag.py:3239} INFO - Sync 1 DAGs
[2024-10-06T04:24:25.253+0000] {logging_mixin.py:190} INFO - [2024-10-06T04:24:25.252+0000] {dag.py:4180} INFO - Setting next_dagrun for example_trigger_target_dag to None, run_after=None
[2024-10-06T04:24:25.277+0000] {processor.py:208} INFO - Processing /home/airflow/.local/lib/python3.12/site-packages/airflow/example_dags/example_trigger_target_dag.py took 0.111 seconds
[2024-10-06T04:24:57.103+0000] {processor.py:186} INFO - Started process (PID=752) to work on /home/airflow/.local/lib/python3.12/site-packages/airflow/example_dags/example_trigger_target_dag.py
[2024-10-06T04:24:57.107+0000] {processor.py:914} INFO - Processing file /home/airflow/.local/lib/python3.12/site-packages/airflow/example_dags/example_trigger_target_dag.py for tasks to queue
[2024-10-06T04:24:57.111+0000] {logging_mixin.py:190} INFO - [2024-10-06T04:24:57.111+0000] {dagbag.py:588} INFO - Filling up the DagBag from /home/airflow/.local/lib/python3.12/site-packages/airflow/example_dags/example_trigger_target_dag.py
[2024-10-06T04:24:57.126+0000] {processor.py:925} INFO - DAG(s) 'example_trigger_target_dag' retrieved from /home/airflow/.local/lib/python3.12/site-packages/airflow/example_dags/example_trigger_target_dag.py
[2024-10-06T04:24:57.161+0000] {logging_mixin.py:190} INFO - [2024-10-06T04:24:57.160+0000] {dag.py:3239} INFO - Sync 1 DAGs
[2024-10-06T04:24:57.183+0000] {logging_mixin.py:190} INFO - [2024-10-06T04:24:57.183+0000] {dag.py:4180} INFO - Setting next_dagrun for example_trigger_target_dag to None, run_after=None
[2024-10-06T04:24:57.219+0000] {processor.py:208} INFO - Processing /home/airflow/.local/lib/python3.12/site-packages/airflow/example_dags/example_trigger_target_dag.py took 0.128 seconds
[2024-10-06T04:25:27.367+0000] {processor.py:186} INFO - Started process (PID=815) to work on /home/airflow/.local/lib/python3.12/site-packages/airflow/example_dags/example_trigger_target_dag.py
[2024-10-06T04:25:27.369+0000] {processor.py:914} INFO - Processing file /home/airflow/.local/lib/python3.12/site-packages/airflow/example_dags/example_trigger_target_dag.py for tasks to queue
[2024-10-06T04:25:27.373+0000] {logging_mixin.py:190} INFO - [2024-10-06T04:25:27.373+0000] {dagbag.py:588} INFO - Filling up the DagBag from /home/airflow/.local/lib/python3.12/site-packages/airflow/example_dags/example_trigger_target_dag.py
[2024-10-06T04:25:27.385+0000] {processor.py:925} INFO - DAG(s) 'example_trigger_target_dag' retrieved from /home/airflow/.local/lib/python3.12/site-packages/airflow/example_dags/example_trigger_target_dag.py
[2024-10-06T04:25:27.418+0000] {logging_mixin.py:190} INFO - [2024-10-06T04:25:27.417+0000] {dag.py:3239} INFO - Sync 1 DAGs
[2024-10-06T04:25:27.436+0000] {logging_mixin.py:190} INFO - [2024-10-06T04:25:27.436+0000] {dag.py:4180} INFO - Setting next_dagrun for example_trigger_target_dag to None, run_after=None
[2024-10-06T04:25:27.462+0000] {processor.py:208} INFO - Processing /home/airflow/.local/lib/python3.12/site-packages/airflow/example_dags/example_trigger_target_dag.py took 0.103 seconds
[2024-10-06T04:25:57.743+0000] {processor.py:186} INFO - Started process (PID=877) to work on /home/airflow/.local/lib/python3.12/site-packages/airflow/example_dags/example_trigger_target_dag.py
[2024-10-06T04:25:57.745+0000] {processor.py:914} INFO - Processing file /home/airflow/.local/lib/python3.12/site-packages/airflow/example_dags/example_trigger_target_dag.py for tasks to queue
[2024-10-06T04:25:57.749+0000] {logging_mixin.py:190} INFO - [2024-10-06T04:25:57.748+0000] {dagbag.py:588} INFO - Filling up the DagBag from /home/airflow/.local/lib/python3.12/site-packages/airflow/example_dags/example_trigger_target_dag.py
[2024-10-06T04:25:57.762+0000] {processor.py:925} INFO - DAG(s) 'example_trigger_target_dag' retrieved from /home/airflow/.local/lib/python3.12/site-packages/airflow/example_dags/example_trigger_target_dag.py
[2024-10-06T04:25:57.800+0000] {logging_mixin.py:190} INFO - [2024-10-06T04:25:57.799+0000] {dag.py:3239} INFO - Sync 1 DAGs
[2024-10-06T04:25:57.827+0000] {logging_mixin.py:190} INFO - [2024-10-06T04:25:57.826+0000] {dag.py:4180} INFO - Setting next_dagrun for example_trigger_target_dag to None, run_after=None
[2024-10-06T04:25:57.859+0000] {processor.py:208} INFO - Processing /home/airflow/.local/lib/python3.12/site-packages/airflow/example_dags/example_trigger_target_dag.py took 0.125 seconds
[2024-10-06T04:26:28.470+0000] {processor.py:186} INFO - Started process (PID=939) to work on /home/airflow/.local/lib/python3.12/site-packages/airflow/example_dags/example_trigger_target_dag.py
[2024-10-06T04:26:28.473+0000] {processor.py:914} INFO - Processing file /home/airflow/.local/lib/python3.12/site-packages/airflow/example_dags/example_trigger_target_dag.py for tasks to queue
[2024-10-06T04:26:28.478+0000] {logging_mixin.py:190} INFO - [2024-10-06T04:26:28.477+0000] {dagbag.py:588} INFO - Filling up the DagBag from /home/airflow/.local/lib/python3.12/site-packages/airflow/example_dags/example_trigger_target_dag.py
[2024-10-06T04:26:28.492+0000] {processor.py:925} INFO - DAG(s) 'example_trigger_target_dag' retrieved from /home/airflow/.local/lib/python3.12/site-packages/airflow/example_dags/example_trigger_target_dag.py
[2024-10-06T04:26:28.522+0000] {logging_mixin.py:190} INFO - [2024-10-06T04:26:28.521+0000] {dag.py:3239} INFO - Sync 1 DAGs
[2024-10-06T04:26:28.551+0000] {logging_mixin.py:190} INFO - [2024-10-06T04:26:28.551+0000] {dag.py:4180} INFO - Setting next_dagrun for example_trigger_target_dag to None, run_after=None
[2024-10-06T04:26:28.576+0000] {processor.py:208} INFO - Processing /home/airflow/.local/lib/python3.12/site-packages/airflow/example_dags/example_trigger_target_dag.py took 0.122 seconds
[2024-10-06T04:26:59.018+0000] {processor.py:186} INFO - Started process (PID=1001) to work on /home/airflow/.local/lib/python3.12/site-packages/airflow/example_dags/example_trigger_target_dag.py
[2024-10-06T04:26:59.019+0000] {processor.py:914} INFO - Processing file /home/airflow/.local/lib/python3.12/site-packages/airflow/example_dags/example_trigger_target_dag.py for tasks to queue
[2024-10-06T04:26:59.023+0000] {logging_mixin.py:190} INFO - [2024-10-06T04:26:59.022+0000] {dagbag.py:588} INFO - Filling up the DagBag from /home/airflow/.local/lib/python3.12/site-packages/airflow/example_dags/example_trigger_target_dag.py
[2024-10-06T04:26:59.033+0000] {processor.py:925} INFO - DAG(s) 'example_trigger_target_dag' retrieved from /home/airflow/.local/lib/python3.12/site-packages/airflow/example_dags/example_trigger_target_dag.py
[2024-10-06T04:26:59.065+0000] {logging_mixin.py:190} INFO - [2024-10-06T04:26:59.064+0000] {dag.py:3239} INFO - Sync 1 DAGs
[2024-10-06T04:26:59.083+0000] {logging_mixin.py:190} INFO - [2024-10-06T04:26:59.083+0000] {dag.py:4180} INFO - Setting next_dagrun for example_trigger_target_dag to None, run_after=None
[2024-10-06T04:26:59.115+0000] {processor.py:208} INFO - Processing /home/airflow/.local/lib/python3.12/site-packages/airflow/example_dags/example_trigger_target_dag.py took 0.106 seconds
[2024-10-06T04:27:30.542+0000] {processor.py:186} INFO - Started process (PID=1063) to work on /home/airflow/.local/lib/python3.12/site-packages/airflow/example_dags/example_trigger_target_dag.py
[2024-10-06T04:27:30.560+0000] {processor.py:914} INFO - Processing file /home/airflow/.local/lib/python3.12/site-packages/airflow/example_dags/example_trigger_target_dag.py for tasks to queue
[2024-10-06T04:27:30.564+0000] {logging_mixin.py:190} INFO - [2024-10-06T04:27:30.563+0000] {dagbag.py:588} INFO - Filling up the DagBag from /home/airflow/.local/lib/python3.12/site-packages/airflow/example_dags/example_trigger_target_dag.py
[2024-10-06T04:27:30.584+0000] {processor.py:925} INFO - DAG(s) 'example_trigger_target_dag' retrieved from /home/airflow/.local/lib/python3.12/site-packages/airflow/example_dags/example_trigger_target_dag.py
[2024-10-06T04:27:30.610+0000] {logging_mixin.py:190} INFO - [2024-10-06T04:27:30.610+0000] {dag.py:3239} INFO - Sync 1 DAGs
[2024-10-06T04:27:30.631+0000] {logging_mixin.py:190} INFO - [2024-10-06T04:27:30.631+0000] {dag.py:4180} INFO - Setting next_dagrun for example_trigger_target_dag to None, run_after=None
[2024-10-06T04:27:30.657+0000] {processor.py:208} INFO - Processing /home/airflow/.local/lib/python3.12/site-packages/airflow/example_dags/example_trigger_target_dag.py took 0.144 seconds
[2024-10-06T04:28:01.698+0000] {processor.py:186} INFO - Started process (PID=1125) to work on /home/airflow/.local/lib/python3.12/site-packages/airflow/example_dags/example_trigger_target_dag.py
[2024-10-06T04:28:01.700+0000] {processor.py:914} INFO - Processing file /home/airflow/.local/lib/python3.12/site-packages/airflow/example_dags/example_trigger_target_dag.py for tasks to queue
[2024-10-06T04:28:01.705+0000] {logging_mixin.py:190} INFO - [2024-10-06T04:28:01.704+0000] {dagbag.py:588} INFO - Filling up the DagBag from /home/airflow/.local/lib/python3.12/site-packages/airflow/example_dags/example_trigger_target_dag.py
[2024-10-06T04:28:01.722+0000] {processor.py:925} INFO - DAG(s) 'example_trigger_target_dag' retrieved from /home/airflow/.local/lib/python3.12/site-packages/airflow/example_dags/example_trigger_target_dag.py
[2024-10-06T04:28:01.765+0000] {logging_mixin.py:190} INFO - [2024-10-06T04:28:01.764+0000] {dag.py:3239} INFO - Sync 1 DAGs
[2024-10-06T04:28:01.812+0000] {logging_mixin.py:190} INFO - [2024-10-06T04:28:01.812+0000] {dag.py:4180} INFO - Setting next_dagrun for example_trigger_target_dag to None, run_after=None
[2024-10-06T04:28:01.865+0000] {processor.py:208} INFO - Processing /home/airflow/.local/lib/python3.12/site-packages/airflow/example_dags/example_trigger_target_dag.py took 0.179 seconds
[2024-10-06T04:28:32.440+0000] {processor.py:186} INFO - Started process (PID=1187) to work on /home/airflow/.local/lib/python3.12/site-packages/airflow/example_dags/example_trigger_target_dag.py
[2024-10-06T04:28:32.443+0000] {processor.py:914} INFO - Processing file /home/airflow/.local/lib/python3.12/site-packages/airflow/example_dags/example_trigger_target_dag.py for tasks to queue
[2024-10-06T04:28:32.449+0000] {logging_mixin.py:190} INFO - [2024-10-06T04:28:32.448+0000] {dagbag.py:588} INFO - Filling up the DagBag from /home/airflow/.local/lib/python3.12/site-packages/airflow/example_dags/example_trigger_target_dag.py
[2024-10-06T04:28:32.467+0000] {processor.py:925} INFO - DAG(s) 'example_trigger_target_dag' retrieved from /home/airflow/.local/lib/python3.12/site-packages/airflow/example_dags/example_trigger_target_dag.py
[2024-10-06T04:28:32.500+0000] {logging_mixin.py:190} INFO - [2024-10-06T04:28:32.499+0000] {dag.py:3239} INFO - Sync 1 DAGs
[2024-10-06T04:28:32.531+0000] {logging_mixin.py:190} INFO - [2024-10-06T04:28:32.528+0000] {dag.py:4180} INFO - Setting next_dagrun for example_trigger_target_dag to None, run_after=None
[2024-10-06T04:28:32.556+0000] {processor.py:208} INFO - Processing /home/airflow/.local/lib/python3.12/site-packages/airflow/example_dags/example_trigger_target_dag.py took 0.128 seconds
[2024-10-06T04:29:03.999+0000] {processor.py:186} INFO - Started process (PID=1250) to work on /home/airflow/.local/lib/python3.12/site-packages/airflow/example_dags/example_trigger_target_dag.py
[2024-10-06T04:29:04.001+0000] {processor.py:914} INFO - Processing file /home/airflow/.local/lib/python3.12/site-packages/airflow/example_dags/example_trigger_target_dag.py for tasks to queue
[2024-10-06T04:29:04.005+0000] {logging_mixin.py:190} INFO - [2024-10-06T04:29:04.004+0000] {dagbag.py:588} INFO - Filling up the DagBag from /home/airflow/.local/lib/python3.12/site-packages/airflow/example_dags/example_trigger_target_dag.py
[2024-10-06T04:29:04.017+0000] {processor.py:925} INFO - DAG(s) 'example_trigger_target_dag' retrieved from /home/airflow/.local/lib/python3.12/site-packages/airflow/example_dags/example_trigger_target_dag.py
[2024-10-06T04:29:04.056+0000] {logging_mixin.py:190} INFO - [2024-10-06T04:29:04.056+0000] {dag.py:3239} INFO - Sync 1 DAGs
[2024-10-06T04:29:04.080+0000] {logging_mixin.py:190} INFO - [2024-10-06T04:29:04.080+0000] {dag.py:4180} INFO - Setting next_dagrun for example_trigger_target_dag to None, run_after=None
[2024-10-06T04:29:04.103+0000] {processor.py:208} INFO - Processing /home/airflow/.local/lib/python3.12/site-packages/airflow/example_dags/example_trigger_target_dag.py took 0.114 seconds
[2024-10-06T04:29:34.872+0000] {processor.py:186} INFO - Started process (PID=1312) to work on /home/airflow/.local/lib/python3.12/site-packages/airflow/example_dags/example_trigger_target_dag.py
[2024-10-06T04:29:34.874+0000] {processor.py:914} INFO - Processing file /home/airflow/.local/lib/python3.12/site-packages/airflow/example_dags/example_trigger_target_dag.py for tasks to queue
[2024-10-06T04:29:34.877+0000] {logging_mixin.py:190} INFO - [2024-10-06T04:29:34.877+0000] {dagbag.py:588} INFO - Filling up the DagBag from /home/airflow/.local/lib/python3.12/site-packages/airflow/example_dags/example_trigger_target_dag.py
[2024-10-06T04:29:34.889+0000] {processor.py:925} INFO - DAG(s) 'example_trigger_target_dag' retrieved from /home/airflow/.local/lib/python3.12/site-packages/airflow/example_dags/example_trigger_target_dag.py
[2024-10-06T04:29:34.916+0000] {logging_mixin.py:190} INFO - [2024-10-06T04:29:34.916+0000] {dag.py:3239} INFO - Sync 1 DAGs
[2024-10-06T04:29:34.934+0000] {logging_mixin.py:190} INFO - [2024-10-06T04:29:34.934+0000] {dag.py:4180} INFO - Setting next_dagrun for example_trigger_target_dag to None, run_after=None
[2024-10-06T04:29:34.964+0000] {processor.py:208} INFO - Processing /home/airflow/.local/lib/python3.12/site-packages/airflow/example_dags/example_trigger_target_dag.py took 0.101 seconds
[2024-10-06T04:30:05.720+0000] {processor.py:186} INFO - Started process (PID=1374) to work on /home/airflow/.local/lib/python3.12/site-packages/airflow/example_dags/example_trigger_target_dag.py
[2024-10-06T04:30:05.722+0000] {processor.py:914} INFO - Processing file /home/airflow/.local/lib/python3.12/site-packages/airflow/example_dags/example_trigger_target_dag.py for tasks to queue
[2024-10-06T04:30:05.727+0000] {logging_mixin.py:190} INFO - [2024-10-06T04:30:05.727+0000] {dagbag.py:588} INFO - Filling up the DagBag from /home/airflow/.local/lib/python3.12/site-packages/airflow/example_dags/example_trigger_target_dag.py
[2024-10-06T04:30:05.743+0000] {processor.py:925} INFO - DAG(s) 'example_trigger_target_dag' retrieved from /home/airflow/.local/lib/python3.12/site-packages/airflow/example_dags/example_trigger_target_dag.py
[2024-10-06T04:30:05.776+0000] {logging_mixin.py:190} INFO - [2024-10-06T04:30:05.776+0000] {dag.py:3239} INFO - Sync 1 DAGs
[2024-10-06T04:30:05.803+0000] {logging_mixin.py:190} INFO - [2024-10-06T04:30:05.802+0000] {dag.py:4180} INFO - Setting next_dagrun for example_trigger_target_dag to None, run_after=None
[2024-10-06T04:30:05.834+0000] {processor.py:208} INFO - Processing /home/airflow/.local/lib/python3.12/site-packages/airflow/example_dags/example_trigger_target_dag.py took 0.124 seconds
[2024-10-06T04:30:36.938+0000] {processor.py:186} INFO - Started process (PID=1436) to work on /home/airflow/.local/lib/python3.12/site-packages/airflow/example_dags/example_trigger_target_dag.py
[2024-10-06T04:30:36.941+0000] {processor.py:914} INFO - Processing file /home/airflow/.local/lib/python3.12/site-packages/airflow/example_dags/example_trigger_target_dag.py for tasks to queue
[2024-10-06T04:30:36.944+0000] {logging_mixin.py:190} INFO - [2024-10-06T04:30:36.944+0000] {dagbag.py:588} INFO - Filling up the DagBag from /home/airflow/.local/lib/python3.12/site-packages/airflow/example_dags/example_trigger_target_dag.py
[2024-10-06T04:30:36.956+0000] {processor.py:925} INFO - DAG(s) 'example_trigger_target_dag' retrieved from /home/airflow/.local/lib/python3.12/site-packages/airflow/example_dags/example_trigger_target_dag.py
[2024-10-06T04:30:36.989+0000] {logging_mixin.py:190} INFO - [2024-10-06T04:30:36.989+0000] {dag.py:3239} INFO - Sync 1 DAGs
[2024-10-06T04:30:37.025+0000] {logging_mixin.py:190} INFO - [2024-10-06T04:30:37.024+0000] {dag.py:4180} INFO - Setting next_dagrun for example_trigger_target_dag to None, run_after=None
[2024-10-06T04:30:37.061+0000] {processor.py:208} INFO - Processing /home/airflow/.local/lib/python3.12/site-packages/airflow/example_dags/example_trigger_target_dag.py took 0.131 seconds
[2024-10-06T04:31:08.142+0000] {processor.py:186} INFO - Started process (PID=1498) to work on /home/airflow/.local/lib/python3.12/site-packages/airflow/example_dags/example_trigger_target_dag.py
[2024-10-06T04:31:08.144+0000] {processor.py:914} INFO - Processing file /home/airflow/.local/lib/python3.12/site-packages/airflow/example_dags/example_trigger_target_dag.py for tasks to queue
[2024-10-06T04:31:08.148+0000] {logging_mixin.py:190} INFO - [2024-10-06T04:31:08.147+0000] {dagbag.py:588} INFO - Filling up the DagBag from /home/airflow/.local/lib/python3.12/site-packages/airflow/example_dags/example_trigger_target_dag.py
[2024-10-06T04:31:08.159+0000] {processor.py:925} INFO - DAG(s) 'example_trigger_target_dag' retrieved from /home/airflow/.local/lib/python3.12/site-packages/airflow/example_dags/example_trigger_target_dag.py
[2024-10-06T04:31:08.187+0000] {logging_mixin.py:190} INFO - [2024-10-06T04:31:08.186+0000] {dag.py:3239} INFO - Sync 1 DAGs
[2024-10-06T04:31:08.208+0000] {logging_mixin.py:190} INFO - [2024-10-06T04:31:08.208+0000] {dag.py:4180} INFO - Setting next_dagrun for example_trigger_target_dag to None, run_after=None
[2024-10-06T04:31:08.239+0000] {processor.py:208} INFO - Processing /home/airflow/.local/lib/python3.12/site-packages/airflow/example_dags/example_trigger_target_dag.py took 0.107 seconds
[2024-10-06T04:31:39.008+0000] {processor.py:186} INFO - Started process (PID=1560) to work on /home/airflow/.local/lib/python3.12/site-packages/airflow/example_dags/example_trigger_target_dag.py
[2024-10-06T04:31:39.009+0000] {processor.py:914} INFO - Processing file /home/airflow/.local/lib/python3.12/site-packages/airflow/example_dags/example_trigger_target_dag.py for tasks to queue
[2024-10-06T04:31:39.013+0000] {logging_mixin.py:190} INFO - [2024-10-06T04:31:39.012+0000] {dagbag.py:588} INFO - Filling up the DagBag from /home/airflow/.local/lib/python3.12/site-packages/airflow/example_dags/example_trigger_target_dag.py
[2024-10-06T04:31:39.024+0000] {processor.py:925} INFO - DAG(s) 'example_trigger_target_dag' retrieved from /home/airflow/.local/lib/python3.12/site-packages/airflow/example_dags/example_trigger_target_dag.py
[2024-10-06T04:31:39.050+0000] {logging_mixin.py:190} INFO - [2024-10-06T04:31:39.050+0000] {dag.py:3239} INFO - Sync 1 DAGs
[2024-10-06T04:31:39.071+0000] {logging_mixin.py:190} INFO - [2024-10-06T04:31:39.071+0000] {dag.py:4180} INFO - Setting next_dagrun for example_trigger_target_dag to None, run_after=None
[2024-10-06T04:31:39.093+0000] {processor.py:208} INFO - Processing /home/airflow/.local/lib/python3.12/site-packages/airflow/example_dags/example_trigger_target_dag.py took 0.094 seconds
[2024-10-06T04:32:09.894+0000] {processor.py:186} INFO - Started process (PID=1622) to work on /home/airflow/.local/lib/python3.12/site-packages/airflow/example_dags/example_trigger_target_dag.py
[2024-10-06T04:32:09.896+0000] {processor.py:914} INFO - Processing file /home/airflow/.local/lib/python3.12/site-packages/airflow/example_dags/example_trigger_target_dag.py for tasks to queue
[2024-10-06T04:32:09.901+0000] {logging_mixin.py:190} INFO - [2024-10-06T04:32:09.900+0000] {dagbag.py:588} INFO - Filling up the DagBag from /home/airflow/.local/lib/python3.12/site-packages/airflow/example_dags/example_trigger_target_dag.py
[2024-10-06T04:32:09.917+0000] {processor.py:925} INFO - DAG(s) 'example_trigger_target_dag' retrieved from /home/airflow/.local/lib/python3.12/site-packages/airflow/example_dags/example_trigger_target_dag.py
[2024-10-06T04:32:09.953+0000] {logging_mixin.py:190} INFO - [2024-10-06T04:32:09.953+0000] {dag.py:3239} INFO - Sync 1 DAGs
[2024-10-06T04:32:09.983+0000] {logging_mixin.py:190} INFO - [2024-10-06T04:32:09.981+0000] {dag.py:4180} INFO - Setting next_dagrun for example_trigger_target_dag to None, run_after=None
[2024-10-06T04:32:10.012+0000] {processor.py:208} INFO - Processing /home/airflow/.local/lib/python3.12/site-packages/airflow/example_dags/example_trigger_target_dag.py took 0.130 seconds
[2024-10-06T04:32:41.188+0000] {processor.py:186} INFO - Started process (PID=1684) to work on /home/airflow/.local/lib/python3.12/site-packages/airflow/example_dags/example_trigger_target_dag.py
[2024-10-06T04:32:41.189+0000] {processor.py:914} INFO - Processing file /home/airflow/.local/lib/python3.12/site-packages/airflow/example_dags/example_trigger_target_dag.py for tasks to queue
[2024-10-06T04:32:41.193+0000] {logging_mixin.py:190} INFO - [2024-10-06T04:32:41.192+0000] {dagbag.py:588} INFO - Filling up the DagBag from /home/airflow/.local/lib/python3.12/site-packages/airflow/example_dags/example_trigger_target_dag.py
[2024-10-06T04:32:41.204+0000] {processor.py:925} INFO - DAG(s) 'example_trigger_target_dag' retrieved from /home/airflow/.local/lib/python3.12/site-packages/airflow/example_dags/example_trigger_target_dag.py
[2024-10-06T04:32:41.231+0000] {logging_mixin.py:190} INFO - [2024-10-06T04:32:41.231+0000] {dag.py:3239} INFO - Sync 1 DAGs
[2024-10-06T04:32:41.254+0000] {logging_mixin.py:190} INFO - [2024-10-06T04:32:41.254+0000] {dag.py:4180} INFO - Setting next_dagrun for example_trigger_target_dag to None, run_after=None
[2024-10-06T04:32:41.281+0000] {processor.py:208} INFO - Processing /home/airflow/.local/lib/python3.12/site-packages/airflow/example_dags/example_trigger_target_dag.py took 0.103 seconds
[2024-10-06T04:35:13.387+0000] {processor.py:186} INFO - Started process (PID=63) to work on /home/airflow/.local/lib/python3.12/site-packages/airflow/example_dags/example_trigger_target_dag.py
[2024-10-06T04:35:13.388+0000] {processor.py:914} INFO - Processing file /home/airflow/.local/lib/python3.12/site-packages/airflow/example_dags/example_trigger_target_dag.py for tasks to queue
[2024-10-06T04:35:13.391+0000] {logging_mixin.py:190} INFO - [2024-10-06T04:35:13.391+0000] {dagbag.py:588} INFO - Filling up the DagBag from /home/airflow/.local/lib/python3.12/site-packages/airflow/example_dags/example_trigger_target_dag.py
[2024-10-06T04:35:13.404+0000] {processor.py:925} INFO - DAG(s) 'example_trigger_target_dag' retrieved from /home/airflow/.local/lib/python3.12/site-packages/airflow/example_dags/example_trigger_target_dag.py
[2024-10-06T04:35:13.431+0000] {logging_mixin.py:190} INFO - [2024-10-06T04:35:13.431+0000] {dag.py:3239} INFO - Sync 1 DAGs
[2024-10-06T04:35:13.449+0000] {logging_mixin.py:190} INFO - [2024-10-06T04:35:13.449+0000] {dag.py:4180} INFO - Setting next_dagrun for example_trigger_target_dag to None, run_after=None
[2024-10-06T04:35:13.473+0000] {processor.py:208} INFO - Processing /home/airflow/.local/lib/python3.12/site-packages/airflow/example_dags/example_trigger_target_dag.py took 0.094 seconds
[2024-10-06T04:35:43.717+0000] {processor.py:186} INFO - Started process (PID=125) to work on /home/airflow/.local/lib/python3.12/site-packages/airflow/example_dags/example_trigger_target_dag.py
[2024-10-06T04:35:43.719+0000] {processor.py:914} INFO - Processing file /home/airflow/.local/lib/python3.12/site-packages/airflow/example_dags/example_trigger_target_dag.py for tasks to queue
[2024-10-06T04:35:43.722+0000] {logging_mixin.py:190} INFO - [2024-10-06T04:35:43.722+0000] {dagbag.py:588} INFO - Filling up the DagBag from /home/airflow/.local/lib/python3.12/site-packages/airflow/example_dags/example_trigger_target_dag.py
[2024-10-06T04:35:43.734+0000] {processor.py:925} INFO - DAG(s) 'example_trigger_target_dag' retrieved from /home/airflow/.local/lib/python3.12/site-packages/airflow/example_dags/example_trigger_target_dag.py
[2024-10-06T04:35:43.768+0000] {logging_mixin.py:190} INFO - [2024-10-06T04:35:43.767+0000] {dag.py:3239} INFO - Sync 1 DAGs
[2024-10-06T04:35:43.794+0000] {logging_mixin.py:190} INFO - [2024-10-06T04:35:43.793+0000] {dag.py:4180} INFO - Setting next_dagrun for example_trigger_target_dag to None, run_after=None
[2024-10-06T04:35:43.828+0000] {processor.py:208} INFO - Processing /home/airflow/.local/lib/python3.12/site-packages/airflow/example_dags/example_trigger_target_dag.py took 0.122 seconds
[2024-10-06T04:36:14.025+0000] {processor.py:186} INFO - Started process (PID=186) to work on /home/airflow/.local/lib/python3.12/site-packages/airflow/example_dags/example_trigger_target_dag.py
[2024-10-06T04:36:14.027+0000] {processor.py:914} INFO - Processing file /home/airflow/.local/lib/python3.12/site-packages/airflow/example_dags/example_trigger_target_dag.py for tasks to queue
[2024-10-06T04:36:14.031+0000] {logging_mixin.py:190} INFO - [2024-10-06T04:36:14.030+0000] {dagbag.py:588} INFO - Filling up the DagBag from /home/airflow/.local/lib/python3.12/site-packages/airflow/example_dags/example_trigger_target_dag.py
[2024-10-06T04:36:14.047+0000] {processor.py:925} INFO - DAG(s) 'example_trigger_target_dag' retrieved from /home/airflow/.local/lib/python3.12/site-packages/airflow/example_dags/example_trigger_target_dag.py
[2024-10-06T04:36:14.075+0000] {logging_mixin.py:190} INFO - [2024-10-06T04:36:14.075+0000] {dag.py:3239} INFO - Sync 1 DAGs
[2024-10-06T04:36:14.097+0000] {logging_mixin.py:190} INFO - [2024-10-06T04:36:14.097+0000] {dag.py:4180} INFO - Setting next_dagrun for example_trigger_target_dag to None, run_after=None
[2024-10-06T04:36:14.125+0000] {processor.py:208} INFO - Processing /home/airflow/.local/lib/python3.12/site-packages/airflow/example_dags/example_trigger_target_dag.py took 0.111 seconds
[2024-10-06T04:36:45.368+0000] {processor.py:186} INFO - Started process (PID=248) to work on /home/airflow/.local/lib/python3.12/site-packages/airflow/example_dags/example_trigger_target_dag.py
[2024-10-06T04:36:45.370+0000] {processor.py:914} INFO - Processing file /home/airflow/.local/lib/python3.12/site-packages/airflow/example_dags/example_trigger_target_dag.py for tasks to queue
[2024-10-06T04:36:45.375+0000] {logging_mixin.py:190} INFO - [2024-10-06T04:36:45.375+0000] {dagbag.py:588} INFO - Filling up the DagBag from /home/airflow/.local/lib/python3.12/site-packages/airflow/example_dags/example_trigger_target_dag.py
[2024-10-06T04:36:45.388+0000] {processor.py:925} INFO - DAG(s) 'example_trigger_target_dag' retrieved from /home/airflow/.local/lib/python3.12/site-packages/airflow/example_dags/example_trigger_target_dag.py
[2024-10-06T04:36:45.419+0000] {logging_mixin.py:190} INFO - [2024-10-06T04:36:45.418+0000] {dag.py:3239} INFO - Sync 1 DAGs
[2024-10-06T04:36:45.438+0000] {logging_mixin.py:190} INFO - [2024-10-06T04:36:45.438+0000] {dag.py:4180} INFO - Setting next_dagrun for example_trigger_target_dag to None, run_after=None
[2024-10-06T04:36:45.464+0000] {processor.py:208} INFO - Processing /home/airflow/.local/lib/python3.12/site-packages/airflow/example_dags/example_trigger_target_dag.py took 0.107 seconds
[2024-10-06T04:37:15.660+0000] {processor.py:186} INFO - Started process (PID=310) to work on /home/airflow/.local/lib/python3.12/site-packages/airflow/example_dags/example_trigger_target_dag.py
[2024-10-06T04:37:15.661+0000] {processor.py:914} INFO - Processing file /home/airflow/.local/lib/python3.12/site-packages/airflow/example_dags/example_trigger_target_dag.py for tasks to queue
[2024-10-06T04:37:15.666+0000] {logging_mixin.py:190} INFO - [2024-10-06T04:37:15.665+0000] {dagbag.py:588} INFO - Filling up the DagBag from /home/airflow/.local/lib/python3.12/site-packages/airflow/example_dags/example_trigger_target_dag.py
[2024-10-06T04:37:15.684+0000] {processor.py:925} INFO - DAG(s) 'example_trigger_target_dag' retrieved from /home/airflow/.local/lib/python3.12/site-packages/airflow/example_dags/example_trigger_target_dag.py
[2024-10-06T04:37:15.714+0000] {logging_mixin.py:190} INFO - [2024-10-06T04:37:15.714+0000] {dag.py:3239} INFO - Sync 1 DAGs
[2024-10-06T04:37:15.733+0000] {logging_mixin.py:190} INFO - [2024-10-06T04:37:15.732+0000] {dag.py:4180} INFO - Setting next_dagrun for example_trigger_target_dag to None, run_after=None
[2024-10-06T04:37:15.759+0000] {processor.py:208} INFO - Processing /home/airflow/.local/lib/python3.12/site-packages/airflow/example_dags/example_trigger_target_dag.py took 0.114 seconds
[2024-10-06T04:39:12.582+0000] {processor.py:186} INFO - Started process (PID=64) to work on /home/airflow/.local/lib/python3.12/site-packages/airflow/example_dags/example_trigger_target_dag.py
[2024-10-06T04:39:12.583+0000] {processor.py:914} INFO - Processing file /home/airflow/.local/lib/python3.12/site-packages/airflow/example_dags/example_trigger_target_dag.py for tasks to queue
[2024-10-06T04:39:12.590+0000] {logging_mixin.py:190} INFO - [2024-10-06T04:39:12.587+0000] {dagbag.py:588} INFO - Filling up the DagBag from /home/airflow/.local/lib/python3.12/site-packages/airflow/example_dags/example_trigger_target_dag.py
[2024-10-06T04:39:12.608+0000] {processor.py:925} INFO - DAG(s) 'example_trigger_target_dag' retrieved from /home/airflow/.local/lib/python3.12/site-packages/airflow/example_dags/example_trigger_target_dag.py
[2024-10-06T04:39:12.974+0000] {logging_mixin.py:190} INFO - [2024-10-06T04:39:12.973+0000] {override.py:1900} INFO - Created Permission View: can read on DAG:example_trigger_target_dag
[2024-10-06T04:39:12.985+0000] {logging_mixin.py:190} INFO - [2024-10-06T04:39:12.985+0000] {override.py:1900} INFO - Created Permission View: can edit on DAG:example_trigger_target_dag
[2024-10-06T04:39:12.992+0000] {logging_mixin.py:190} INFO - [2024-10-06T04:39:12.992+0000] {override.py:1900} INFO - Created Permission View: can delete on DAG:example_trigger_target_dag
[2024-10-06T04:39:13.001+0000] {logging_mixin.py:190} INFO - [2024-10-06T04:39:13.001+0000] {override.py:1900} INFO - Created Permission View: menu access on DAG Run:example_trigger_target_dag
[2024-10-06T04:39:13.008+0000] {logging_mixin.py:190} INFO - [2024-10-06T04:39:13.008+0000] {override.py:1900} INFO - Created Permission View: can read on DAG Run:example_trigger_target_dag
[2024-10-06T04:39:13.015+0000] {logging_mixin.py:190} INFO - [2024-10-06T04:39:13.015+0000] {override.py:1900} INFO - Created Permission View: can create on DAG Run:example_trigger_target_dag
[2024-10-06T04:39:13.022+0000] {logging_mixin.py:190} INFO - [2024-10-06T04:39:13.022+0000] {override.py:1900} INFO - Created Permission View: can delete on DAG Run:example_trigger_target_dag
[2024-10-06T04:39:13.022+0000] {logging_mixin.py:190} INFO - [2024-10-06T04:39:13.022+0000] {dag.py:3239} INFO - Sync 1 DAGs
[2024-10-06T04:39:13.046+0000] {logging_mixin.py:190} INFO - [2024-10-06T04:39:13.046+0000] {dag.py:3262} INFO - Creating ORM DAG for example_trigger_target_dag
[2024-10-06T04:39:13.047+0000] {logging_mixin.py:190} INFO - [2024-10-06T04:39:13.047+0000] {dag.py:4180} INFO - Setting next_dagrun for example_trigger_target_dag to None, run_after=None
[2024-10-06T04:39:13.066+0000] {processor.py:208} INFO - Processing /home/airflow/.local/lib/python3.12/site-packages/airflow/example_dags/example_trigger_target_dag.py took 0.495 seconds
[2024-10-06T04:39:43.257+0000] {processor.py:186} INFO - Started process (PID=126) to work on /home/airflow/.local/lib/python3.12/site-packages/airflow/example_dags/example_trigger_target_dag.py
[2024-10-06T04:39:43.258+0000] {processor.py:914} INFO - Processing file /home/airflow/.local/lib/python3.12/site-packages/airflow/example_dags/example_trigger_target_dag.py for tasks to queue
[2024-10-06T04:39:43.262+0000] {logging_mixin.py:190} INFO - [2024-10-06T04:39:43.261+0000] {dagbag.py:588} INFO - Filling up the DagBag from /home/airflow/.local/lib/python3.12/site-packages/airflow/example_dags/example_trigger_target_dag.py
[2024-10-06T04:39:43.274+0000] {processor.py:925} INFO - DAG(s) 'example_trigger_target_dag' retrieved from /home/airflow/.local/lib/python3.12/site-packages/airflow/example_dags/example_trigger_target_dag.py
[2024-10-06T04:39:43.309+0000] {logging_mixin.py:190} INFO - [2024-10-06T04:39:43.309+0000] {dag.py:3239} INFO - Sync 1 DAGs
[2024-10-06T04:39:43.337+0000] {logging_mixin.py:190} INFO - [2024-10-06T04:39:43.336+0000] {dag.py:4180} INFO - Setting next_dagrun for example_trigger_target_dag to None, run_after=None
[2024-10-06T04:39:43.391+0000] {processor.py:208} INFO - Processing /home/airflow/.local/lib/python3.12/site-packages/airflow/example_dags/example_trigger_target_dag.py took 0.143 seconds
[2024-10-06T04:40:14.021+0000] {processor.py:186} INFO - Started process (PID=189) to work on /home/airflow/.local/lib/python3.12/site-packages/airflow/example_dags/example_trigger_target_dag.py
[2024-10-06T04:40:14.029+0000] {processor.py:914} INFO - Processing file /home/airflow/.local/lib/python3.12/site-packages/airflow/example_dags/example_trigger_target_dag.py for tasks to queue
[2024-10-06T04:40:14.032+0000] {logging_mixin.py:190} INFO - [2024-10-06T04:40:14.032+0000] {dagbag.py:588} INFO - Filling up the DagBag from /home/airflow/.local/lib/python3.12/site-packages/airflow/example_dags/example_trigger_target_dag.py
[2024-10-06T04:40:14.079+0000] {processor.py:925} INFO - DAG(s) 'example_trigger_target_dag' retrieved from /home/airflow/.local/lib/python3.12/site-packages/airflow/example_dags/example_trigger_target_dag.py
[2024-10-06T04:40:14.157+0000] {logging_mixin.py:190} INFO - [2024-10-06T04:40:14.157+0000] {dag.py:3239} INFO - Sync 1 DAGs
[2024-10-06T04:40:14.207+0000] {logging_mixin.py:190} INFO - [2024-10-06T04:40:14.206+0000] {dag.py:4180} INFO - Setting next_dagrun for example_trigger_target_dag to None, run_after=None
[2024-10-06T04:40:14.281+0000] {processor.py:208} INFO - Processing /home/airflow/.local/lib/python3.12/site-packages/airflow/example_dags/example_trigger_target_dag.py took 0.284 seconds
[2024-10-06T04:40:44.608+0000] {processor.py:186} INFO - Started process (PID=251) to work on /home/airflow/.local/lib/python3.12/site-packages/airflow/example_dags/example_trigger_target_dag.py
[2024-10-06T04:40:44.609+0000] {processor.py:914} INFO - Processing file /home/airflow/.local/lib/python3.12/site-packages/airflow/example_dags/example_trigger_target_dag.py for tasks to queue
[2024-10-06T04:40:44.612+0000] {logging_mixin.py:190} INFO - [2024-10-06T04:40:44.612+0000] {dagbag.py:588} INFO - Filling up the DagBag from /home/airflow/.local/lib/python3.12/site-packages/airflow/example_dags/example_trigger_target_dag.py
[2024-10-06T04:40:44.626+0000] {processor.py:925} INFO - DAG(s) 'example_trigger_target_dag' retrieved from /home/airflow/.local/lib/python3.12/site-packages/airflow/example_dags/example_trigger_target_dag.py
[2024-10-06T04:40:44.658+0000] {logging_mixin.py:190} INFO - [2024-10-06T04:40:44.657+0000] {dag.py:3239} INFO - Sync 1 DAGs
[2024-10-06T04:40:44.680+0000] {logging_mixin.py:190} INFO - [2024-10-06T04:40:44.680+0000] {dag.py:4180} INFO - Setting next_dagrun for example_trigger_target_dag to None, run_after=None
[2024-10-06T04:40:44.703+0000] {processor.py:208} INFO - Processing /home/airflow/.local/lib/python3.12/site-packages/airflow/example_dags/example_trigger_target_dag.py took 0.105 seconds
[2024-10-06T04:41:14.893+0000] {processor.py:186} INFO - Started process (PID=312) to work on /home/airflow/.local/lib/python3.12/site-packages/airflow/example_dags/example_trigger_target_dag.py
[2024-10-06T04:41:14.895+0000] {processor.py:914} INFO - Processing file /home/airflow/.local/lib/python3.12/site-packages/airflow/example_dags/example_trigger_target_dag.py for tasks to queue
[2024-10-06T04:41:14.899+0000] {logging_mixin.py:190} INFO - [2024-10-06T04:41:14.899+0000] {dagbag.py:588} INFO - Filling up the DagBag from /home/airflow/.local/lib/python3.12/site-packages/airflow/example_dags/example_trigger_target_dag.py
[2024-10-06T04:41:14.915+0000] {processor.py:925} INFO - DAG(s) 'example_trigger_target_dag' retrieved from /home/airflow/.local/lib/python3.12/site-packages/airflow/example_dags/example_trigger_target_dag.py
[2024-10-06T04:41:14.951+0000] {logging_mixin.py:190} INFO - [2024-10-06T04:41:14.951+0000] {dag.py:3239} INFO - Sync 1 DAGs
[2024-10-06T04:41:14.986+0000] {logging_mixin.py:190} INFO - [2024-10-06T04:41:14.985+0000] {dag.py:4180} INFO - Setting next_dagrun for example_trigger_target_dag to None, run_after=None
[2024-10-06T04:41:15.039+0000] {processor.py:208} INFO - Processing /home/airflow/.local/lib/python3.12/site-packages/airflow/example_dags/example_trigger_target_dag.py took 0.158 seconds
[2024-10-06T04:41:45.149+0000] {processor.py:186} INFO - Started process (PID=374) to work on /home/airflow/.local/lib/python3.12/site-packages/airflow/example_dags/example_trigger_target_dag.py
[2024-10-06T04:41:45.150+0000] {processor.py:914} INFO - Processing file /home/airflow/.local/lib/python3.12/site-packages/airflow/example_dags/example_trigger_target_dag.py for tasks to queue
[2024-10-06T04:41:45.153+0000] {logging_mixin.py:190} INFO - [2024-10-06T04:41:45.153+0000] {dagbag.py:588} INFO - Filling up the DagBag from /home/airflow/.local/lib/python3.12/site-packages/airflow/example_dags/example_trigger_target_dag.py
[2024-10-06T04:41:45.166+0000] {processor.py:925} INFO - DAG(s) 'example_trigger_target_dag' retrieved from /home/airflow/.local/lib/python3.12/site-packages/airflow/example_dags/example_trigger_target_dag.py
[2024-10-06T04:41:45.193+0000] {logging_mixin.py:190} INFO - [2024-10-06T04:41:45.192+0000] {dag.py:3239} INFO - Sync 1 DAGs
[2024-10-06T04:41:45.212+0000] {logging_mixin.py:190} INFO - [2024-10-06T04:41:45.212+0000] {dag.py:4180} INFO - Setting next_dagrun for example_trigger_target_dag to None, run_after=None
[2024-10-06T04:41:45.235+0000] {processor.py:208} INFO - Processing /home/airflow/.local/lib/python3.12/site-packages/airflow/example_dags/example_trigger_target_dag.py took 0.095 seconds
[2024-10-06T04:42:15.925+0000] {processor.py:186} INFO - Started process (PID=436) to work on /home/airflow/.local/lib/python3.12/site-packages/airflow/example_dags/example_trigger_target_dag.py
[2024-10-06T04:42:15.926+0000] {processor.py:914} INFO - Processing file /home/airflow/.local/lib/python3.12/site-packages/airflow/example_dags/example_trigger_target_dag.py for tasks to queue
[2024-10-06T04:42:15.931+0000] {logging_mixin.py:190} INFO - [2024-10-06T04:42:15.930+0000] {dagbag.py:588} INFO - Filling up the DagBag from /home/airflow/.local/lib/python3.12/site-packages/airflow/example_dags/example_trigger_target_dag.py
[2024-10-06T04:42:15.945+0000] {processor.py:925} INFO - DAG(s) 'example_trigger_target_dag' retrieved from /home/airflow/.local/lib/python3.12/site-packages/airflow/example_dags/example_trigger_target_dag.py
[2024-10-06T04:42:15.978+0000] {logging_mixin.py:190} INFO - [2024-10-06T04:42:15.978+0000] {dag.py:3239} INFO - Sync 1 DAGs
[2024-10-06T04:42:16.004+0000] {logging_mixin.py:190} INFO - [2024-10-06T04:42:16.003+0000] {dag.py:4180} INFO - Setting next_dagrun for example_trigger_target_dag to None, run_after=None
[2024-10-06T04:42:16.034+0000] {processor.py:208} INFO - Processing /home/airflow/.local/lib/python3.12/site-packages/airflow/example_dags/example_trigger_target_dag.py took 0.121 seconds
[2024-10-06T04:42:46.689+0000] {processor.py:186} INFO - Started process (PID=498) to work on /home/airflow/.local/lib/python3.12/site-packages/airflow/example_dags/example_trigger_target_dag.py
[2024-10-06T04:42:46.690+0000] {processor.py:914} INFO - Processing file /home/airflow/.local/lib/python3.12/site-packages/airflow/example_dags/example_trigger_target_dag.py for tasks to queue
[2024-10-06T04:42:46.694+0000] {logging_mixin.py:190} INFO - [2024-10-06T04:42:46.693+0000] {dagbag.py:588} INFO - Filling up the DagBag from /home/airflow/.local/lib/python3.12/site-packages/airflow/example_dags/example_trigger_target_dag.py
[2024-10-06T04:42:46.706+0000] {processor.py:925} INFO - DAG(s) 'example_trigger_target_dag' retrieved from /home/airflow/.local/lib/python3.12/site-packages/airflow/example_dags/example_trigger_target_dag.py
[2024-10-06T04:42:46.732+0000] {logging_mixin.py:190} INFO - [2024-10-06T04:42:46.732+0000] {dag.py:3239} INFO - Sync 1 DAGs
[2024-10-06T04:42:46.754+0000] {logging_mixin.py:190} INFO - [2024-10-06T04:42:46.753+0000] {dag.py:4180} INFO - Setting next_dagrun for example_trigger_target_dag to None, run_after=None
[2024-10-06T04:42:46.790+0000] {processor.py:208} INFO - Processing /home/airflow/.local/lib/python3.12/site-packages/airflow/example_dags/example_trigger_target_dag.py took 0.112 seconds
[2024-10-06T04:45:43.854+0000] {processor.py:186} INFO - Started process (PID=58) to work on /home/airflow/.local/lib/python3.12/site-packages/airflow/example_dags/example_trigger_target_dag.py
[2024-10-06T04:45:43.856+0000] {processor.py:914} INFO - Processing file /home/airflow/.local/lib/python3.12/site-packages/airflow/example_dags/example_trigger_target_dag.py for tasks to queue
[2024-10-06T04:45:43.860+0000] {logging_mixin.py:190} INFO - [2024-10-06T04:45:43.859+0000] {dagbag.py:588} INFO - Filling up the DagBag from /home/airflow/.local/lib/python3.12/site-packages/airflow/example_dags/example_trigger_target_dag.py
[2024-10-06T04:45:43.873+0000] {processor.py:925} INFO - DAG(s) 'example_trigger_target_dag' retrieved from /home/airflow/.local/lib/python3.12/site-packages/airflow/example_dags/example_trigger_target_dag.py
[2024-10-06T04:45:43.905+0000] {logging_mixin.py:190} INFO - [2024-10-06T04:45:43.905+0000] {dag.py:3239} INFO - Sync 1 DAGs
[2024-10-06T04:45:43.928+0000] {logging_mixin.py:190} INFO - [2024-10-06T04:45:43.928+0000] {dag.py:4180} INFO - Setting next_dagrun for example_trigger_target_dag to None, run_after=None
[2024-10-06T04:45:43.973+0000] {processor.py:208} INFO - Processing /home/airflow/.local/lib/python3.12/site-packages/airflow/example_dags/example_trigger_target_dag.py took 0.136 seconds
[2024-10-06T04:46:15.006+0000] {processor.py:186} INFO - Started process (PID=120) to work on /home/airflow/.local/lib/python3.12/site-packages/airflow/example_dags/example_trigger_target_dag.py
[2024-10-06T04:46:15.008+0000] {processor.py:914} INFO - Processing file /home/airflow/.local/lib/python3.12/site-packages/airflow/example_dags/example_trigger_target_dag.py for tasks to queue
[2024-10-06T04:46:15.012+0000] {logging_mixin.py:190} INFO - [2024-10-06T04:46:15.011+0000] {dagbag.py:588} INFO - Filling up the DagBag from /home/airflow/.local/lib/python3.12/site-packages/airflow/example_dags/example_trigger_target_dag.py
[2024-10-06T04:46:15.025+0000] {processor.py:925} INFO - DAG(s) 'example_trigger_target_dag' retrieved from /home/airflow/.local/lib/python3.12/site-packages/airflow/example_dags/example_trigger_target_dag.py
[2024-10-06T04:46:15.051+0000] {logging_mixin.py:190} INFO - [2024-10-06T04:46:15.050+0000] {dag.py:3239} INFO - Sync 1 DAGs
[2024-10-06T04:46:15.079+0000] {logging_mixin.py:190} INFO - [2024-10-06T04:46:15.078+0000] {dag.py:4180} INFO - Setting next_dagrun for example_trigger_target_dag to None, run_after=None
[2024-10-06T04:46:15.116+0000] {processor.py:208} INFO - Processing /home/airflow/.local/lib/python3.12/site-packages/airflow/example_dags/example_trigger_target_dag.py took 0.118 seconds
