[2024-10-06T04:19:01.674+0000] {processor.py:186} INFO - Started process (PID=72) to work on /home/airflow/.local/lib/python3.12/site-packages/airflow/example_dags/example_subdag_operator.py
[2024-10-06T04:19:01.676+0000] {processor.py:914} INFO - Processing file /home/airflow/.local/lib/python3.12/site-packages/airflow/example_dags/example_subdag_operator.py for tasks to queue
[2024-10-06T04:19:01.681+0000] {logging_mixin.py:190} INFO - [2024-10-06T04:19:01.680+0000] {dagbag.py:588} INFO - Filling up the DagBag from /home/airflow/.local/lib/python3.12/site-packages/airflow/example_dags/example_subdag_operator.py
[2024-10-06T04:19:01.736+0000] {processor.py:925} INFO - DAG(s) 'example_subdag_operator.section-1', 'example_subdag_operator.section-2', 'example_subdag_operator' retrieved from /home/airflow/.local/lib/python3.12/site-packages/airflow/example_dags/example_subdag_operator.py
[2024-10-06T04:19:01.915+0000] {logging_mixin.py:190} INFO - [2024-10-06T04:19:01.914+0000] {override.py:1900} INFO - Created Permission View: can edit on DAG:example_subdag_operator
[2024-10-06T04:19:01.932+0000] {logging_mixin.py:190} INFO - [2024-10-06T04:19:01.932+0000] {override.py:1900} INFO - Created Permission View: can delete on DAG:example_subdag_operator
[2024-10-06T04:19:01.943+0000] {logging_mixin.py:190} INFO - [2024-10-06T04:19:01.942+0000] {override.py:1900} INFO - Created Permission View: can read on DAG:example_subdag_operator
[2024-10-06T04:19:01.954+0000] {logging_mixin.py:190} INFO - [2024-10-06T04:19:01.953+0000] {override.py:1900} INFO - Created Permission View: can create on DAG Run:example_subdag_operator
[2024-10-06T04:19:01.963+0000] {logging_mixin.py:190} INFO - [2024-10-06T04:19:01.962+0000] {override.py:1900} INFO - Created Permission View: menu access on DAG Run:example_subdag_operator
[2024-10-06T04:19:01.974+0000] {logging_mixin.py:190} INFO - [2024-10-06T04:19:01.973+0000] {override.py:1900} INFO - Created Permission View: can read on DAG Run:example_subdag_operator
[2024-10-06T04:19:01.990+0000] {logging_mixin.py:190} INFO - [2024-10-06T04:19:01.989+0000] {override.py:1900} INFO - Created Permission View: can delete on DAG Run:example_subdag_operator
[2024-10-06T04:19:01.991+0000] {logging_mixin.py:190} INFO - [2024-10-06T04:19:01.990+0000] {dag.py:3239} INFO - Sync 3 DAGs
[2024-10-06T04:19:02.018+0000] {logging_mixin.py:190} INFO - [2024-10-06T04:19:02.017+0000] {dag.py:3262} INFO - Creating ORM DAG for example_subdag_operator.section-1
[2024-10-06T04:19:02.019+0000] {logging_mixin.py:190} INFO - [2024-10-06T04:19:02.018+0000] {dag.py:3262} INFO - Creating ORM DAG for example_subdag_operator
[2024-10-06T04:19:02.020+0000] {logging_mixin.py:190} INFO - [2024-10-06T04:19:02.019+0000] {dag.py:3262} INFO - Creating ORM DAG for example_subdag_operator.section-2
[2024-10-06T04:19:02.038+0000] {logging_mixin.py:190} INFO - [2024-10-06T04:19:02.038+0000] {dag.py:4180} INFO - Setting next_dagrun for example_subdag_operator to 2022-01-01 00:00:00+00:00, run_after=2022-01-01 00:00:00+00:00
[2024-10-06T04:19:02.040+0000] {logging_mixin.py:190} INFO - [2024-10-06T04:19:02.039+0000] {dag.py:4180} INFO - Setting next_dagrun for example_subdag_operator.section-1 to None, run_after=None
[2024-10-06T04:19:02.040+0000] {logging_mixin.py:190} INFO - [2024-10-06T04:19:02.040+0000] {dag.py:4180} INFO - Setting next_dagrun for example_subdag_operator.section-2 to None, run_after=None
[2024-10-06T04:19:02.057+0000] {logging_mixin.py:190} INFO - [2024-10-06T04:19:02.056+0000] {dag.py:3239} INFO - Sync 2 DAGs
[2024-10-06T04:19:02.069+0000] {logging_mixin.py:190} INFO - [2024-10-06T04:19:02.068+0000] {dag.py:4180} INFO - Setting next_dagrun for example_subdag_operator.section-1 to None, run_after=None
[2024-10-06T04:19:02.083+0000] {logging_mixin.py:190} INFO - [2024-10-06T04:19:02.083+0000] {dag.py:4180} INFO - Setting next_dagrun for example_subdag_operator.section-2 to None, run_after=None
[2024-10-06T04:19:02.126+0000] {processor.py:208} INFO - Processing /home/airflow/.local/lib/python3.12/site-packages/airflow/example_dags/example_subdag_operator.py took 0.464 seconds
[2024-10-06T04:19:51.354+0000] {processor.py:186} INFO - Started process (PID=140) to work on /home/airflow/.local/lib/python3.12/site-packages/airflow/example_dags/example_subdag_operator.py
[2024-10-06T04:19:51.355+0000] {processor.py:914} INFO - Processing file /home/airflow/.local/lib/python3.12/site-packages/airflow/example_dags/example_subdag_operator.py for tasks to queue
[2024-10-06T04:19:51.360+0000] {logging_mixin.py:190} INFO - [2024-10-06T04:19:51.359+0000] {dagbag.py:588} INFO - Filling up the DagBag from /home/airflow/.local/lib/python3.12/site-packages/airflow/example_dags/example_subdag_operator.py
[2024-10-06T04:19:51.407+0000] {processor.py:925} INFO - DAG(s) 'example_subdag_operator.section-1', 'example_subdag_operator.section-2', 'example_subdag_operator' retrieved from /home/airflow/.local/lib/python3.12/site-packages/airflow/example_dags/example_subdag_operator.py
[2024-10-06T04:19:51.437+0000] {logging_mixin.py:190} INFO - [2024-10-06T04:19:51.436+0000] {dag.py:3239} INFO - Sync 3 DAGs
[2024-10-06T04:19:51.469+0000] {logging_mixin.py:190} INFO - [2024-10-06T04:19:51.468+0000] {dag.py:4180} INFO - Setting next_dagrun for example_subdag_operator to 2022-01-01 00:00:00+00:00, run_after=2022-01-01 00:00:00+00:00
[2024-10-06T04:19:51.473+0000] {logging_mixin.py:190} INFO - [2024-10-06T04:19:51.473+0000] {dag.py:4180} INFO - Setting next_dagrun for example_subdag_operator.section-1 to None, run_after=None
[2024-10-06T04:19:51.475+0000] {logging_mixin.py:190} INFO - [2024-10-06T04:19:51.475+0000] {dag.py:4180} INFO - Setting next_dagrun for example_subdag_operator.section-2 to None, run_after=None
[2024-10-06T04:19:51.485+0000] {logging_mixin.py:190} INFO - [2024-10-06T04:19:51.485+0000] {dag.py:3239} INFO - Sync 2 DAGs
[2024-10-06T04:19:51.496+0000] {logging_mixin.py:190} INFO - [2024-10-06T04:19:51.495+0000] {dag.py:4180} INFO - Setting next_dagrun for example_subdag_operator.section-1 to None, run_after=None
[2024-10-06T04:19:51.496+0000] {logging_mixin.py:190} INFO - [2024-10-06T04:19:51.496+0000] {dag.py:4180} INFO - Setting next_dagrun for example_subdag_operator.section-2 to None, run_after=None
[2024-10-06T04:19:51.511+0000] {processor.py:208} INFO - Processing /home/airflow/.local/lib/python3.12/site-packages/airflow/example_dags/example_subdag_operator.py took 0.168 seconds
[2024-10-06T04:20:22.133+0000] {processor.py:186} INFO - Started process (PID=202) to work on /home/airflow/.local/lib/python3.12/site-packages/airflow/example_dags/example_subdag_operator.py
[2024-10-06T04:20:22.135+0000] {processor.py:914} INFO - Processing file /home/airflow/.local/lib/python3.12/site-packages/airflow/example_dags/example_subdag_operator.py for tasks to queue
[2024-10-06T04:20:22.138+0000] {logging_mixin.py:190} INFO - [2024-10-06T04:20:22.138+0000] {dagbag.py:588} INFO - Filling up the DagBag from /home/airflow/.local/lib/python3.12/site-packages/airflow/example_dags/example_subdag_operator.py
[2024-10-06T04:20:22.177+0000] {processor.py:925} INFO - DAG(s) 'example_subdag_operator.section-1', 'example_subdag_operator.section-2', 'example_subdag_operator' retrieved from /home/airflow/.local/lib/python3.12/site-packages/airflow/example_dags/example_subdag_operator.py
[2024-10-06T04:20:22.201+0000] {logging_mixin.py:190} INFO - [2024-10-06T04:20:22.200+0000] {dag.py:3239} INFO - Sync 3 DAGs
[2024-10-06T04:20:22.242+0000] {logging_mixin.py:190} INFO - [2024-10-06T04:20:22.241+0000] {dag.py:4180} INFO - Setting next_dagrun for example_subdag_operator to 2022-01-01 00:00:00+00:00, run_after=2022-01-01 00:00:00+00:00
[2024-10-06T04:20:22.248+0000] {logging_mixin.py:190} INFO - [2024-10-06T04:20:22.247+0000] {dag.py:4180} INFO - Setting next_dagrun for example_subdag_operator.section-1 to None, run_after=None
[2024-10-06T04:20:22.250+0000] {logging_mixin.py:190} INFO - [2024-10-06T04:20:22.250+0000] {dag.py:4180} INFO - Setting next_dagrun for example_subdag_operator.section-2 to None, run_after=None
[2024-10-06T04:20:22.262+0000] {logging_mixin.py:190} INFO - [2024-10-06T04:20:22.262+0000] {dag.py:3239} INFO - Sync 2 DAGs
[2024-10-06T04:20:22.270+0000] {logging_mixin.py:190} INFO - [2024-10-06T04:20:22.270+0000] {dag.py:4180} INFO - Setting next_dagrun for example_subdag_operator.section-1 to None, run_after=None
[2024-10-06T04:20:22.271+0000] {logging_mixin.py:190} INFO - [2024-10-06T04:20:22.270+0000] {dag.py:4180} INFO - Setting next_dagrun for example_subdag_operator.section-2 to None, run_after=None
[2024-10-06T04:20:22.285+0000] {processor.py:208} INFO - Processing /home/airflow/.local/lib/python3.12/site-packages/airflow/example_dags/example_subdag_operator.py took 0.162 seconds
[2024-10-06T04:20:52.560+0000] {processor.py:186} INFO - Started process (PID=265) to work on /home/airflow/.local/lib/python3.12/site-packages/airflow/example_dags/example_subdag_operator.py
[2024-10-06T04:20:52.562+0000] {processor.py:914} INFO - Processing file /home/airflow/.local/lib/python3.12/site-packages/airflow/example_dags/example_subdag_operator.py for tasks to queue
[2024-10-06T04:20:52.566+0000] {logging_mixin.py:190} INFO - [2024-10-06T04:20:52.565+0000] {dagbag.py:588} INFO - Filling up the DagBag from /home/airflow/.local/lib/python3.12/site-packages/airflow/example_dags/example_subdag_operator.py
[2024-10-06T04:20:52.609+0000] {processor.py:925} INFO - DAG(s) 'example_subdag_operator.section-1', 'example_subdag_operator.section-2', 'example_subdag_operator' retrieved from /home/airflow/.local/lib/python3.12/site-packages/airflow/example_dags/example_subdag_operator.py
[2024-10-06T04:20:52.630+0000] {logging_mixin.py:190} INFO - [2024-10-06T04:20:52.630+0000] {dag.py:3239} INFO - Sync 3 DAGs
[2024-10-06T04:20:52.662+0000] {logging_mixin.py:190} INFO - [2024-10-06T04:20:52.661+0000] {dag.py:4180} INFO - Setting next_dagrun for example_subdag_operator to 2022-01-01 00:00:00+00:00, run_after=2022-01-01 00:00:00+00:00
[2024-10-06T04:20:52.666+0000] {logging_mixin.py:190} INFO - [2024-10-06T04:20:52.666+0000] {dag.py:4180} INFO - Setting next_dagrun for example_subdag_operator.section-1 to None, run_after=None
[2024-10-06T04:20:52.668+0000] {logging_mixin.py:190} INFO - [2024-10-06T04:20:52.667+0000] {dag.py:4180} INFO - Setting next_dagrun for example_subdag_operator.section-2 to None, run_after=None
[2024-10-06T04:20:52.677+0000] {logging_mixin.py:190} INFO - [2024-10-06T04:20:52.676+0000] {dag.py:3239} INFO - Sync 2 DAGs
[2024-10-06T04:20:52.684+0000] {logging_mixin.py:190} INFO - [2024-10-06T04:20:52.683+0000] {dag.py:4180} INFO - Setting next_dagrun for example_subdag_operator.section-1 to None, run_after=None
[2024-10-06T04:20:52.684+0000] {logging_mixin.py:190} INFO - [2024-10-06T04:20:52.684+0000] {dag.py:4180} INFO - Setting next_dagrun for example_subdag_operator.section-2 to None, run_after=None
[2024-10-06T04:20:52.696+0000] {processor.py:208} INFO - Processing /home/airflow/.local/lib/python3.12/site-packages/airflow/example_dags/example_subdag_operator.py took 0.147 seconds
[2024-10-06T04:21:22.945+0000] {processor.py:186} INFO - Started process (PID=327) to work on /home/airflow/.local/lib/python3.12/site-packages/airflow/example_dags/example_subdag_operator.py
[2024-10-06T04:21:22.947+0000] {processor.py:914} INFO - Processing file /home/airflow/.local/lib/python3.12/site-packages/airflow/example_dags/example_subdag_operator.py for tasks to queue
[2024-10-06T04:21:22.951+0000] {logging_mixin.py:190} INFO - [2024-10-06T04:21:22.950+0000] {dagbag.py:588} INFO - Filling up the DagBag from /home/airflow/.local/lib/python3.12/site-packages/airflow/example_dags/example_subdag_operator.py
[2024-10-06T04:21:22.993+0000] {processor.py:925} INFO - DAG(s) 'example_subdag_operator.section-1', 'example_subdag_operator.section-2', 'example_subdag_operator' retrieved from /home/airflow/.local/lib/python3.12/site-packages/airflow/example_dags/example_subdag_operator.py
[2024-10-06T04:21:23.020+0000] {logging_mixin.py:190} INFO - [2024-10-06T04:21:23.020+0000] {dag.py:3239} INFO - Sync 3 DAGs
[2024-10-06T04:21:23.055+0000] {logging_mixin.py:190} INFO - [2024-10-06T04:21:23.054+0000] {dag.py:4180} INFO - Setting next_dagrun for example_subdag_operator to 2022-01-01 00:00:00+00:00, run_after=2022-01-01 00:00:00+00:00
[2024-10-06T04:21:23.060+0000] {logging_mixin.py:190} INFO - [2024-10-06T04:21:23.059+0000] {dag.py:4180} INFO - Setting next_dagrun for example_subdag_operator.section-1 to None, run_after=None
[2024-10-06T04:21:23.062+0000] {logging_mixin.py:190} INFO - [2024-10-06T04:21:23.061+0000] {dag.py:4180} INFO - Setting next_dagrun for example_subdag_operator.section-2 to None, run_after=None
[2024-10-06T04:21:23.072+0000] {logging_mixin.py:190} INFO - [2024-10-06T04:21:23.072+0000] {dag.py:3239} INFO - Sync 2 DAGs
[2024-10-06T04:21:23.080+0000] {logging_mixin.py:190} INFO - [2024-10-06T04:21:23.080+0000] {dag.py:4180} INFO - Setting next_dagrun for example_subdag_operator.section-1 to None, run_after=None
[2024-10-06T04:21:23.081+0000] {logging_mixin.py:190} INFO - [2024-10-06T04:21:23.081+0000] {dag.py:4180} INFO - Setting next_dagrun for example_subdag_operator.section-2 to None, run_after=None
[2024-10-06T04:21:23.097+0000] {processor.py:208} INFO - Processing /home/airflow/.local/lib/python3.12/site-packages/airflow/example_dags/example_subdag_operator.py took 0.161 seconds
[2024-10-06T04:21:53.364+0000] {processor.py:186} INFO - Started process (PID=388) to work on /home/airflow/.local/lib/python3.12/site-packages/airflow/example_dags/example_subdag_operator.py
[2024-10-06T04:21:53.365+0000] {processor.py:914} INFO - Processing file /home/airflow/.local/lib/python3.12/site-packages/airflow/example_dags/example_subdag_operator.py for tasks to queue
[2024-10-06T04:21:53.370+0000] {logging_mixin.py:190} INFO - [2024-10-06T04:21:53.369+0000] {dagbag.py:588} INFO - Filling up the DagBag from /home/airflow/.local/lib/python3.12/site-packages/airflow/example_dags/example_subdag_operator.py
[2024-10-06T04:21:53.424+0000] {processor.py:925} INFO - DAG(s) 'example_subdag_operator.section-1', 'example_subdag_operator.section-2', 'example_subdag_operator' retrieved from /home/airflow/.local/lib/python3.12/site-packages/airflow/example_dags/example_subdag_operator.py
[2024-10-06T04:21:53.453+0000] {logging_mixin.py:190} INFO - [2024-10-06T04:21:53.452+0000] {dag.py:3239} INFO - Sync 3 DAGs
[2024-10-06T04:21:53.500+0000] {logging_mixin.py:190} INFO - [2024-10-06T04:21:53.500+0000] {dag.py:4180} INFO - Setting next_dagrun for example_subdag_operator to 2022-01-01 00:00:00+00:00, run_after=2022-01-01 00:00:00+00:00
[2024-10-06T04:21:53.510+0000] {logging_mixin.py:190} INFO - [2024-10-06T04:21:53.510+0000] {dag.py:4180} INFO - Setting next_dagrun for example_subdag_operator.section-1 to None, run_after=None
[2024-10-06T04:21:53.513+0000] {logging_mixin.py:190} INFO - [2024-10-06T04:21:53.513+0000] {dag.py:4180} INFO - Setting next_dagrun for example_subdag_operator.section-2 to None, run_after=None
[2024-10-06T04:21:53.528+0000] {logging_mixin.py:190} INFO - [2024-10-06T04:21:53.528+0000] {dag.py:3239} INFO - Sync 2 DAGs
[2024-10-06T04:21:53.541+0000] {logging_mixin.py:190} INFO - [2024-10-06T04:21:53.540+0000] {dag.py:4180} INFO - Setting next_dagrun for example_subdag_operator.section-1 to None, run_after=None
[2024-10-06T04:21:53.542+0000] {logging_mixin.py:190} INFO - [2024-10-06T04:21:53.541+0000] {dag.py:4180} INFO - Setting next_dagrun for example_subdag_operator.section-2 to None, run_after=None
[2024-10-06T04:21:53.563+0000] {processor.py:208} INFO - Processing /home/airflow/.local/lib/python3.12/site-packages/airflow/example_dags/example_subdag_operator.py took 0.211 seconds
[2024-10-06T04:22:24.415+0000] {processor.py:186} INFO - Started process (PID=451) to work on /home/airflow/.local/lib/python3.12/site-packages/airflow/example_dags/example_subdag_operator.py
[2024-10-06T04:22:24.417+0000] {processor.py:914} INFO - Processing file /home/airflow/.local/lib/python3.12/site-packages/airflow/example_dags/example_subdag_operator.py for tasks to queue
[2024-10-06T04:22:24.421+0000] {logging_mixin.py:190} INFO - [2024-10-06T04:22:24.420+0000] {dagbag.py:588} INFO - Filling up the DagBag from /home/airflow/.local/lib/python3.12/site-packages/airflow/example_dags/example_subdag_operator.py
[2024-10-06T04:22:24.457+0000] {processor.py:925} INFO - DAG(s) 'example_subdag_operator.section-1', 'example_subdag_operator.section-2', 'example_subdag_operator' retrieved from /home/airflow/.local/lib/python3.12/site-packages/airflow/example_dags/example_subdag_operator.py
[2024-10-06T04:22:24.477+0000] {logging_mixin.py:190} INFO - [2024-10-06T04:22:24.476+0000] {dag.py:3239} INFO - Sync 3 DAGs
[2024-10-06T04:22:24.509+0000] {logging_mixin.py:190} INFO - [2024-10-06T04:22:24.509+0000] {dag.py:4180} INFO - Setting next_dagrun for example_subdag_operator to 2022-01-01 00:00:00+00:00, run_after=2022-01-01 00:00:00+00:00
[2024-10-06T04:22:24.514+0000] {logging_mixin.py:190} INFO - [2024-10-06T04:22:24.513+0000] {dag.py:4180} INFO - Setting next_dagrun for example_subdag_operator.section-1 to None, run_after=None
[2024-10-06T04:22:24.516+0000] {logging_mixin.py:190} INFO - [2024-10-06T04:22:24.515+0000] {dag.py:4180} INFO - Setting next_dagrun for example_subdag_operator.section-2 to None, run_after=None
[2024-10-06T04:22:24.524+0000] {logging_mixin.py:190} INFO - [2024-10-06T04:22:24.524+0000] {dag.py:3239} INFO - Sync 2 DAGs
[2024-10-06T04:22:24.531+0000] {logging_mixin.py:190} INFO - [2024-10-06T04:22:24.531+0000] {dag.py:4180} INFO - Setting next_dagrun for example_subdag_operator.section-1 to None, run_after=None
[2024-10-06T04:22:24.532+0000] {logging_mixin.py:190} INFO - [2024-10-06T04:22:24.532+0000] {dag.py:4180} INFO - Setting next_dagrun for example_subdag_operator.section-2 to None, run_after=None
[2024-10-06T04:22:24.544+0000] {processor.py:208} INFO - Processing /home/airflow/.local/lib/python3.12/site-packages/airflow/example_dags/example_subdag_operator.py took 0.138 seconds
[2024-10-06T04:22:54.758+0000] {processor.py:186} INFO - Started process (PID=514) to work on /home/airflow/.local/lib/python3.12/site-packages/airflow/example_dags/example_subdag_operator.py
[2024-10-06T04:22:54.760+0000] {processor.py:914} INFO - Processing file /home/airflow/.local/lib/python3.12/site-packages/airflow/example_dags/example_subdag_operator.py for tasks to queue
[2024-10-06T04:22:54.765+0000] {logging_mixin.py:190} INFO - [2024-10-06T04:22:54.764+0000] {dagbag.py:588} INFO - Filling up the DagBag from /home/airflow/.local/lib/python3.12/site-packages/airflow/example_dags/example_subdag_operator.py
[2024-10-06T04:22:54.811+0000] {processor.py:925} INFO - DAG(s) 'example_subdag_operator.section-1', 'example_subdag_operator.section-2', 'example_subdag_operator' retrieved from /home/airflow/.local/lib/python3.12/site-packages/airflow/example_dags/example_subdag_operator.py
[2024-10-06T04:22:54.831+0000] {logging_mixin.py:190} INFO - [2024-10-06T04:22:54.830+0000] {dag.py:3239} INFO - Sync 3 DAGs
[2024-10-06T04:22:54.869+0000] {logging_mixin.py:190} INFO - [2024-10-06T04:22:54.869+0000] {dag.py:4180} INFO - Setting next_dagrun for example_subdag_operator to 2022-01-01 00:00:00+00:00, run_after=2022-01-01 00:00:00+00:00
[2024-10-06T04:22:54.884+0000] {logging_mixin.py:190} INFO - [2024-10-06T04:22:54.883+0000] {dag.py:4180} INFO - Setting next_dagrun for example_subdag_operator.section-1 to None, run_after=None
[2024-10-06T04:22:54.890+0000] {logging_mixin.py:190} INFO - [2024-10-06T04:22:54.890+0000] {dag.py:4180} INFO - Setting next_dagrun for example_subdag_operator.section-2 to None, run_after=None
[2024-10-06T04:22:54.905+0000] {logging_mixin.py:190} INFO - [2024-10-06T04:22:54.905+0000] {dag.py:3239} INFO - Sync 2 DAGs
[2024-10-06T04:22:54.915+0000] {logging_mixin.py:190} INFO - [2024-10-06T04:22:54.914+0000] {dag.py:4180} INFO - Setting next_dagrun for example_subdag_operator.section-1 to None, run_after=None
[2024-10-06T04:22:54.915+0000] {logging_mixin.py:190} INFO - [2024-10-06T04:22:54.915+0000] {dag.py:4180} INFO - Setting next_dagrun for example_subdag_operator.section-2 to None, run_after=None
[2024-10-06T04:22:54.936+0000] {processor.py:208} INFO - Processing /home/airflow/.local/lib/python3.12/site-packages/airflow/example_dags/example_subdag_operator.py took 0.188 seconds
[2024-10-06T04:23:25.251+0000] {processor.py:186} INFO - Started process (PID=576) to work on /home/airflow/.local/lib/python3.12/site-packages/airflow/example_dags/example_subdag_operator.py
[2024-10-06T04:23:25.253+0000] {processor.py:914} INFO - Processing file /home/airflow/.local/lib/python3.12/site-packages/airflow/example_dags/example_subdag_operator.py for tasks to queue
[2024-10-06T04:23:25.256+0000] {logging_mixin.py:190} INFO - [2024-10-06T04:23:25.256+0000] {dagbag.py:588} INFO - Filling up the DagBag from /home/airflow/.local/lib/python3.12/site-packages/airflow/example_dags/example_subdag_operator.py
[2024-10-06T04:23:25.313+0000] {processor.py:925} INFO - DAG(s) 'example_subdag_operator.section-1', 'example_subdag_operator.section-2', 'example_subdag_operator' retrieved from /home/airflow/.local/lib/python3.12/site-packages/airflow/example_dags/example_subdag_operator.py
[2024-10-06T04:23:25.343+0000] {logging_mixin.py:190} INFO - [2024-10-06T04:23:25.342+0000] {dag.py:3239} INFO - Sync 3 DAGs
[2024-10-06T04:23:25.388+0000] {logging_mixin.py:190} INFO - [2024-10-06T04:23:25.387+0000] {dag.py:4180} INFO - Setting next_dagrun for example_subdag_operator to 2022-01-01 00:00:00+00:00, run_after=2022-01-01 00:00:00+00:00
[2024-10-06T04:23:25.394+0000] {logging_mixin.py:190} INFO - [2024-10-06T04:23:25.394+0000] {dag.py:4180} INFO - Setting next_dagrun for example_subdag_operator.section-1 to None, run_after=None
[2024-10-06T04:23:25.397+0000] {logging_mixin.py:190} INFO - [2024-10-06T04:23:25.397+0000] {dag.py:4180} INFO - Setting next_dagrun for example_subdag_operator.section-2 to None, run_after=None
[2024-10-06T04:23:25.406+0000] {logging_mixin.py:190} INFO - [2024-10-06T04:23:25.406+0000] {dag.py:3239} INFO - Sync 2 DAGs
[2024-10-06T04:23:25.413+0000] {logging_mixin.py:190} INFO - [2024-10-06T04:23:25.413+0000] {dag.py:4180} INFO - Setting next_dagrun for example_subdag_operator.section-1 to None, run_after=None
[2024-10-06T04:23:25.414+0000] {logging_mixin.py:190} INFO - [2024-10-06T04:23:25.414+0000] {dag.py:4180} INFO - Setting next_dagrun for example_subdag_operator.section-2 to None, run_after=None
[2024-10-06T04:23:25.428+0000] {processor.py:208} INFO - Processing /home/airflow/.local/lib/python3.12/site-packages/airflow/example_dags/example_subdag_operator.py took 0.186 seconds
[2024-10-06T04:23:56.143+0000] {processor.py:186} INFO - Started process (PID=637) to work on /home/airflow/.local/lib/python3.12/site-packages/airflow/example_dags/example_subdag_operator.py
[2024-10-06T04:23:56.144+0000] {processor.py:914} INFO - Processing file /home/airflow/.local/lib/python3.12/site-packages/airflow/example_dags/example_subdag_operator.py for tasks to queue
[2024-10-06T04:23:56.148+0000] {logging_mixin.py:190} INFO - [2024-10-06T04:23:56.147+0000] {dagbag.py:588} INFO - Filling up the DagBag from /home/airflow/.local/lib/python3.12/site-packages/airflow/example_dags/example_subdag_operator.py
[2024-10-06T04:23:56.185+0000] {processor.py:925} INFO - DAG(s) 'example_subdag_operator.section-1', 'example_subdag_operator.section-2', 'example_subdag_operator' retrieved from /home/airflow/.local/lib/python3.12/site-packages/airflow/example_dags/example_subdag_operator.py
[2024-10-06T04:23:56.206+0000] {logging_mixin.py:190} INFO - [2024-10-06T04:23:56.205+0000] {dag.py:3239} INFO - Sync 3 DAGs
[2024-10-06T04:23:56.238+0000] {logging_mixin.py:190} INFO - [2024-10-06T04:23:56.237+0000] {dag.py:4180} INFO - Setting next_dagrun for example_subdag_operator to 2022-01-01 00:00:00+00:00, run_after=2022-01-01 00:00:00+00:00
[2024-10-06T04:23:56.243+0000] {logging_mixin.py:190} INFO - [2024-10-06T04:23:56.242+0000] {dag.py:4180} INFO - Setting next_dagrun for example_subdag_operator.section-1 to None, run_after=None
[2024-10-06T04:23:56.244+0000] {logging_mixin.py:190} INFO - [2024-10-06T04:23:56.244+0000] {dag.py:4180} INFO - Setting next_dagrun for example_subdag_operator.section-2 to None, run_after=None
[2024-10-06T04:23:56.253+0000] {logging_mixin.py:190} INFO - [2024-10-06T04:23:56.253+0000] {dag.py:3239} INFO - Sync 2 DAGs
[2024-10-06T04:23:56.260+0000] {logging_mixin.py:190} INFO - [2024-10-06T04:23:56.260+0000] {dag.py:4180} INFO - Setting next_dagrun for example_subdag_operator.section-1 to None, run_after=None
[2024-10-06T04:23:56.260+0000] {logging_mixin.py:190} INFO - [2024-10-06T04:23:56.260+0000] {dag.py:4180} INFO - Setting next_dagrun for example_subdag_operator.section-2 to None, run_after=None
[2024-10-06T04:23:56.271+0000] {processor.py:208} INFO - Processing /home/airflow/.local/lib/python3.12/site-packages/airflow/example_dags/example_subdag_operator.py took 0.137 seconds
[2024-10-06T04:24:26.819+0000] {processor.py:186} INFO - Started process (PID=698) to work on /home/airflow/.local/lib/python3.12/site-packages/airflow/example_dags/example_subdag_operator.py
[2024-10-06T04:24:26.821+0000] {processor.py:914} INFO - Processing file /home/airflow/.local/lib/python3.12/site-packages/airflow/example_dags/example_subdag_operator.py for tasks to queue
[2024-10-06T04:24:26.824+0000] {logging_mixin.py:190} INFO - [2024-10-06T04:24:26.824+0000] {dagbag.py:588} INFO - Filling up the DagBag from /home/airflow/.local/lib/python3.12/site-packages/airflow/example_dags/example_subdag_operator.py
[2024-10-06T04:24:26.859+0000] {processor.py:925} INFO - DAG(s) 'example_subdag_operator.section-1', 'example_subdag_operator.section-2', 'example_subdag_operator' retrieved from /home/airflow/.local/lib/python3.12/site-packages/airflow/example_dags/example_subdag_operator.py
[2024-10-06T04:24:26.879+0000] {logging_mixin.py:190} INFO - [2024-10-06T04:24:26.878+0000] {dag.py:3239} INFO - Sync 3 DAGs
[2024-10-06T04:24:26.910+0000] {logging_mixin.py:190} INFO - [2024-10-06T04:24:26.910+0000] {dag.py:4180} INFO - Setting next_dagrun for example_subdag_operator to 2022-01-01 00:00:00+00:00, run_after=2022-01-01 00:00:00+00:00
[2024-10-06T04:24:26.915+0000] {logging_mixin.py:190} INFO - [2024-10-06T04:24:26.914+0000] {dag.py:4180} INFO - Setting next_dagrun for example_subdag_operator.section-1 to None, run_after=None
[2024-10-06T04:24:26.916+0000] {logging_mixin.py:190} INFO - [2024-10-06T04:24:26.916+0000] {dag.py:4180} INFO - Setting next_dagrun for example_subdag_operator.section-2 to None, run_after=None
[2024-10-06T04:24:26.926+0000] {logging_mixin.py:190} INFO - [2024-10-06T04:24:26.925+0000] {dag.py:3239} INFO - Sync 2 DAGs
[2024-10-06T04:24:26.932+0000] {logging_mixin.py:190} INFO - [2024-10-06T04:24:26.932+0000] {dag.py:4180} INFO - Setting next_dagrun for example_subdag_operator.section-1 to None, run_after=None
[2024-10-06T04:24:26.933+0000] {logging_mixin.py:190} INFO - [2024-10-06T04:24:26.933+0000] {dag.py:4180} INFO - Setting next_dagrun for example_subdag_operator.section-2 to None, run_after=None
[2024-10-06T04:24:26.946+0000] {processor.py:208} INFO - Processing /home/airflow/.local/lib/python3.12/site-packages/airflow/example_dags/example_subdag_operator.py took 0.134 seconds
[2024-10-06T04:24:58.226+0000] {processor.py:186} INFO - Started process (PID=760) to work on /home/airflow/.local/lib/python3.12/site-packages/airflow/example_dags/example_subdag_operator.py
[2024-10-06T04:24:58.229+0000] {processor.py:914} INFO - Processing file /home/airflow/.local/lib/python3.12/site-packages/airflow/example_dags/example_subdag_operator.py for tasks to queue
[2024-10-06T04:24:58.234+0000] {logging_mixin.py:190} INFO - [2024-10-06T04:24:58.233+0000] {dagbag.py:588} INFO - Filling up the DagBag from /home/airflow/.local/lib/python3.12/site-packages/airflow/example_dags/example_subdag_operator.py
[2024-10-06T04:24:58.279+0000] {processor.py:925} INFO - DAG(s) 'example_subdag_operator.section-1', 'example_subdag_operator.section-2', 'example_subdag_operator' retrieved from /home/airflow/.local/lib/python3.12/site-packages/airflow/example_dags/example_subdag_operator.py
[2024-10-06T04:24:58.352+0000] {logging_mixin.py:190} INFO - [2024-10-06T04:24:58.352+0000] {dag.py:3239} INFO - Sync 3 DAGs
[2024-10-06T04:24:58.390+0000] {logging_mixin.py:190} INFO - [2024-10-06T04:24:58.389+0000] {dag.py:4180} INFO - Setting next_dagrun for example_subdag_operator to 2022-01-01 00:00:00+00:00, run_after=2022-01-01 00:00:00+00:00
[2024-10-06T04:24:58.396+0000] {logging_mixin.py:190} INFO - [2024-10-06T04:24:58.396+0000] {dag.py:4180} INFO - Setting next_dagrun for example_subdag_operator.section-1 to None, run_after=None
[2024-10-06T04:24:58.399+0000] {logging_mixin.py:190} INFO - [2024-10-06T04:24:58.399+0000] {dag.py:4180} INFO - Setting next_dagrun for example_subdag_operator.section-2 to None, run_after=None
[2024-10-06T04:24:58.411+0000] {logging_mixin.py:190} INFO - [2024-10-06T04:24:58.411+0000] {dag.py:3239} INFO - Sync 2 DAGs
[2024-10-06T04:24:58.418+0000] {logging_mixin.py:190} INFO - [2024-10-06T04:24:58.418+0000] {dag.py:4180} INFO - Setting next_dagrun for example_subdag_operator.section-1 to None, run_after=None
[2024-10-06T04:24:58.419+0000] {logging_mixin.py:190} INFO - [2024-10-06T04:24:58.419+0000] {dag.py:4180} INFO - Setting next_dagrun for example_subdag_operator.section-2 to None, run_after=None
[2024-10-06T04:24:58.431+0000] {processor.py:208} INFO - Processing /home/airflow/.local/lib/python3.12/site-packages/airflow/example_dags/example_subdag_operator.py took 0.218 seconds
[2024-10-06T04:25:28.504+0000] {processor.py:186} INFO - Started process (PID=823) to work on /home/airflow/.local/lib/python3.12/site-packages/airflow/example_dags/example_subdag_operator.py
[2024-10-06T04:25:28.506+0000] {processor.py:914} INFO - Processing file /home/airflow/.local/lib/python3.12/site-packages/airflow/example_dags/example_subdag_operator.py for tasks to queue
[2024-10-06T04:25:28.510+0000] {logging_mixin.py:190} INFO - [2024-10-06T04:25:28.509+0000] {dagbag.py:588} INFO - Filling up the DagBag from /home/airflow/.local/lib/python3.12/site-packages/airflow/example_dags/example_subdag_operator.py
[2024-10-06T04:25:28.547+0000] {processor.py:925} INFO - DAG(s) 'example_subdag_operator.section-1', 'example_subdag_operator.section-2', 'example_subdag_operator' retrieved from /home/airflow/.local/lib/python3.12/site-packages/airflow/example_dags/example_subdag_operator.py
[2024-10-06T04:25:28.567+0000] {logging_mixin.py:190} INFO - [2024-10-06T04:25:28.567+0000] {dag.py:3239} INFO - Sync 3 DAGs
[2024-10-06T04:25:28.602+0000] {logging_mixin.py:190} INFO - [2024-10-06T04:25:28.601+0000] {dag.py:4180} INFO - Setting next_dagrun for example_subdag_operator to 2022-01-01 00:00:00+00:00, run_after=2022-01-01 00:00:00+00:00
[2024-10-06T04:25:28.607+0000] {logging_mixin.py:190} INFO - [2024-10-06T04:25:28.606+0000] {dag.py:4180} INFO - Setting next_dagrun for example_subdag_operator.section-1 to None, run_after=None
[2024-10-06T04:25:28.608+0000] {logging_mixin.py:190} INFO - [2024-10-06T04:25:28.608+0000] {dag.py:4180} INFO - Setting next_dagrun for example_subdag_operator.section-2 to None, run_after=None
[2024-10-06T04:25:28.619+0000] {logging_mixin.py:190} INFO - [2024-10-06T04:25:28.618+0000] {dag.py:3239} INFO - Sync 2 DAGs
[2024-10-06T04:25:28.627+0000] {logging_mixin.py:190} INFO - [2024-10-06T04:25:28.626+0000] {dag.py:4180} INFO - Setting next_dagrun for example_subdag_operator.section-1 to None, run_after=None
[2024-10-06T04:25:28.627+0000] {logging_mixin.py:190} INFO - [2024-10-06T04:25:28.627+0000] {dag.py:4180} INFO - Setting next_dagrun for example_subdag_operator.section-2 to None, run_after=None
[2024-10-06T04:25:28.640+0000] {processor.py:208} INFO - Processing /home/airflow/.local/lib/python3.12/site-packages/airflow/example_dags/example_subdag_operator.py took 0.145 seconds
[2024-10-06T04:25:58.725+0000] {processor.py:186} INFO - Started process (PID=884) to work on /home/airflow/.local/lib/python3.12/site-packages/airflow/example_dags/example_subdag_operator.py
[2024-10-06T04:25:58.727+0000] {processor.py:914} INFO - Processing file /home/airflow/.local/lib/python3.12/site-packages/airflow/example_dags/example_subdag_operator.py for tasks to queue
[2024-10-06T04:25:58.731+0000] {logging_mixin.py:190} INFO - [2024-10-06T04:25:58.730+0000] {dagbag.py:588} INFO - Filling up the DagBag from /home/airflow/.local/lib/python3.12/site-packages/airflow/example_dags/example_subdag_operator.py
[2024-10-06T04:25:58.769+0000] {processor.py:925} INFO - DAG(s) 'example_subdag_operator.section-1', 'example_subdag_operator.section-2', 'example_subdag_operator' retrieved from /home/airflow/.local/lib/python3.12/site-packages/airflow/example_dags/example_subdag_operator.py
[2024-10-06T04:25:58.791+0000] {logging_mixin.py:190} INFO - [2024-10-06T04:25:58.791+0000] {dag.py:3239} INFO - Sync 3 DAGs
[2024-10-06T04:25:58.827+0000] {logging_mixin.py:190} INFO - [2024-10-06T04:25:58.827+0000] {dag.py:4180} INFO - Setting next_dagrun for example_subdag_operator to 2022-01-01 00:00:00+00:00, run_after=2022-01-01 00:00:00+00:00
[2024-10-06T04:25:58.832+0000] {logging_mixin.py:190} INFO - [2024-10-06T04:25:58.832+0000] {dag.py:4180} INFO - Setting next_dagrun for example_subdag_operator.section-1 to None, run_after=None
[2024-10-06T04:25:58.834+0000] {logging_mixin.py:190} INFO - [2024-10-06T04:25:58.834+0000] {dag.py:4180} INFO - Setting next_dagrun for example_subdag_operator.section-2 to None, run_after=None
[2024-10-06T04:25:58.845+0000] {logging_mixin.py:190} INFO - [2024-10-06T04:25:58.845+0000] {dag.py:3239} INFO - Sync 2 DAGs
[2024-10-06T04:25:58.854+0000] {logging_mixin.py:190} INFO - [2024-10-06T04:25:58.854+0000] {dag.py:4180} INFO - Setting next_dagrun for example_subdag_operator.section-1 to None, run_after=None
[2024-10-06T04:25:58.855+0000] {logging_mixin.py:190} INFO - [2024-10-06T04:25:58.855+0000] {dag.py:4180} INFO - Setting next_dagrun for example_subdag_operator.section-2 to None, run_after=None
[2024-10-06T04:25:58.874+0000] {processor.py:208} INFO - Processing /home/airflow/.local/lib/python3.12/site-packages/airflow/example_dags/example_subdag_operator.py took 0.159 seconds
[2024-10-06T04:26:29.050+0000] {processor.py:186} INFO - Started process (PID=946) to work on /home/airflow/.local/lib/python3.12/site-packages/airflow/example_dags/example_subdag_operator.py
[2024-10-06T04:26:29.051+0000] {processor.py:914} INFO - Processing file /home/airflow/.local/lib/python3.12/site-packages/airflow/example_dags/example_subdag_operator.py for tasks to queue
[2024-10-06T04:26:29.056+0000] {logging_mixin.py:190} INFO - [2024-10-06T04:26:29.055+0000] {dagbag.py:588} INFO - Filling up the DagBag from /home/airflow/.local/lib/python3.12/site-packages/airflow/example_dags/example_subdag_operator.py
[2024-10-06T04:26:29.103+0000] {processor.py:925} INFO - DAG(s) 'example_subdag_operator.section-1', 'example_subdag_operator.section-2', 'example_subdag_operator' retrieved from /home/airflow/.local/lib/python3.12/site-packages/airflow/example_dags/example_subdag_operator.py
[2024-10-06T04:26:29.126+0000] {logging_mixin.py:190} INFO - [2024-10-06T04:26:29.125+0000] {dag.py:3239} INFO - Sync 3 DAGs
[2024-10-06T04:26:29.163+0000] {logging_mixin.py:190} INFO - [2024-10-06T04:26:29.162+0000] {dag.py:4180} INFO - Setting next_dagrun for example_subdag_operator to 2022-01-01 00:00:00+00:00, run_after=2022-01-01 00:00:00+00:00
[2024-10-06T04:26:29.168+0000] {logging_mixin.py:190} INFO - [2024-10-06T04:26:29.168+0000] {dag.py:4180} INFO - Setting next_dagrun for example_subdag_operator.section-1 to None, run_after=None
[2024-10-06T04:26:29.170+0000] {logging_mixin.py:190} INFO - [2024-10-06T04:26:29.169+0000] {dag.py:4180} INFO - Setting next_dagrun for example_subdag_operator.section-2 to None, run_after=None
[2024-10-06T04:26:29.180+0000] {logging_mixin.py:190} INFO - [2024-10-06T04:26:29.180+0000] {dag.py:3239} INFO - Sync 2 DAGs
[2024-10-06T04:26:29.189+0000] {logging_mixin.py:190} INFO - [2024-10-06T04:26:29.189+0000] {dag.py:4180} INFO - Setting next_dagrun for example_subdag_operator.section-1 to None, run_after=None
[2024-10-06T04:26:29.190+0000] {logging_mixin.py:190} INFO - [2024-10-06T04:26:29.189+0000] {dag.py:4180} INFO - Setting next_dagrun for example_subdag_operator.section-2 to None, run_after=None
[2024-10-06T04:26:29.208+0000] {processor.py:208} INFO - Processing /home/airflow/.local/lib/python3.12/site-packages/airflow/example_dags/example_subdag_operator.py took 0.169 seconds
[2024-10-06T04:26:59.659+0000] {processor.py:186} INFO - Started process (PID=1008) to work on /home/airflow/.local/lib/python3.12/site-packages/airflow/example_dags/example_subdag_operator.py
[2024-10-06T04:26:59.661+0000] {processor.py:914} INFO - Processing file /home/airflow/.local/lib/python3.12/site-packages/airflow/example_dags/example_subdag_operator.py for tasks to queue
[2024-10-06T04:26:59.666+0000] {logging_mixin.py:190} INFO - [2024-10-06T04:26:59.665+0000] {dagbag.py:588} INFO - Filling up the DagBag from /home/airflow/.local/lib/python3.12/site-packages/airflow/example_dags/example_subdag_operator.py
[2024-10-06T04:26:59.705+0000] {processor.py:925} INFO - DAG(s) 'example_subdag_operator.section-1', 'example_subdag_operator.section-2', 'example_subdag_operator' retrieved from /home/airflow/.local/lib/python3.12/site-packages/airflow/example_dags/example_subdag_operator.py
[2024-10-06T04:26:59.730+0000] {logging_mixin.py:190} INFO - [2024-10-06T04:26:59.729+0000] {dag.py:3239} INFO - Sync 3 DAGs
[2024-10-06T04:26:59.769+0000] {logging_mixin.py:190} INFO - [2024-10-06T04:26:59.768+0000] {dag.py:4180} INFO - Setting next_dagrun for example_subdag_operator to 2022-01-01 00:00:00+00:00, run_after=2022-01-01 00:00:00+00:00
[2024-10-06T04:26:59.775+0000] {logging_mixin.py:190} INFO - [2024-10-06T04:26:59.774+0000] {dag.py:4180} INFO - Setting next_dagrun for example_subdag_operator.section-1 to None, run_after=None
[2024-10-06T04:26:59.777+0000] {logging_mixin.py:190} INFO - [2024-10-06T04:26:59.776+0000] {dag.py:4180} INFO - Setting next_dagrun for example_subdag_operator.section-2 to None, run_after=None
[2024-10-06T04:26:59.789+0000] {logging_mixin.py:190} INFO - [2024-10-06T04:26:59.789+0000] {dag.py:3239} INFO - Sync 2 DAGs
[2024-10-06T04:26:59.798+0000] {logging_mixin.py:190} INFO - [2024-10-06T04:26:59.798+0000] {dag.py:4180} INFO - Setting next_dagrun for example_subdag_operator.section-1 to None, run_after=None
[2024-10-06T04:26:59.798+0000] {logging_mixin.py:190} INFO - [2024-10-06T04:26:59.798+0000] {dag.py:4180} INFO - Setting next_dagrun for example_subdag_operator.section-2 to None, run_after=None
[2024-10-06T04:26:59.813+0000] {processor.py:208} INFO - Processing /home/airflow/.local/lib/python3.12/site-packages/airflow/example_dags/example_subdag_operator.py took 0.164 seconds
[2024-10-06T04:27:31.205+0000] {processor.py:186} INFO - Started process (PID=1070) to work on /home/airflow/.local/lib/python3.12/site-packages/airflow/example_dags/example_subdag_operator.py
[2024-10-06T04:27:31.207+0000] {processor.py:914} INFO - Processing file /home/airflow/.local/lib/python3.12/site-packages/airflow/example_dags/example_subdag_operator.py for tasks to queue
[2024-10-06T04:27:31.211+0000] {logging_mixin.py:190} INFO - [2024-10-06T04:27:31.210+0000] {dagbag.py:588} INFO - Filling up the DagBag from /home/airflow/.local/lib/python3.12/site-packages/airflow/example_dags/example_subdag_operator.py
[2024-10-06T04:27:31.250+0000] {processor.py:925} INFO - DAG(s) 'example_subdag_operator.section-1', 'example_subdag_operator.section-2', 'example_subdag_operator' retrieved from /home/airflow/.local/lib/python3.12/site-packages/airflow/example_dags/example_subdag_operator.py
[2024-10-06T04:27:31.272+0000] {logging_mixin.py:190} INFO - [2024-10-06T04:27:31.271+0000] {dag.py:3239} INFO - Sync 3 DAGs
[2024-10-06T04:27:31.304+0000] {logging_mixin.py:190} INFO - [2024-10-06T04:27:31.304+0000] {dag.py:4180} INFO - Setting next_dagrun for example_subdag_operator to 2022-01-01 00:00:00+00:00, run_after=2022-01-01 00:00:00+00:00
[2024-10-06T04:27:31.309+0000] {logging_mixin.py:190} INFO - [2024-10-06T04:27:31.308+0000] {dag.py:4180} INFO - Setting next_dagrun for example_subdag_operator.section-1 to None, run_after=None
[2024-10-06T04:27:31.310+0000] {logging_mixin.py:190} INFO - [2024-10-06T04:27:31.310+0000] {dag.py:4180} INFO - Setting next_dagrun for example_subdag_operator.section-2 to None, run_after=None
[2024-10-06T04:27:31.320+0000] {logging_mixin.py:190} INFO - [2024-10-06T04:27:31.320+0000] {dag.py:3239} INFO - Sync 2 DAGs
[2024-10-06T04:27:31.329+0000] {logging_mixin.py:190} INFO - [2024-10-06T04:27:31.329+0000] {dag.py:4180} INFO - Setting next_dagrun for example_subdag_operator.section-1 to None, run_after=None
[2024-10-06T04:27:31.330+0000] {logging_mixin.py:190} INFO - [2024-10-06T04:27:31.330+0000] {dag.py:4180} INFO - Setting next_dagrun for example_subdag_operator.section-2 to None, run_after=None
[2024-10-06T04:27:31.343+0000] {processor.py:208} INFO - Processing /home/airflow/.local/lib/python3.12/site-packages/airflow/example_dags/example_subdag_operator.py took 0.146 seconds
[2024-10-06T04:28:02.375+0000] {processor.py:186} INFO - Started process (PID=1132) to work on /home/airflow/.local/lib/python3.12/site-packages/airflow/example_dags/example_subdag_operator.py
[2024-10-06T04:28:02.377+0000] {processor.py:914} INFO - Processing file /home/airflow/.local/lib/python3.12/site-packages/airflow/example_dags/example_subdag_operator.py for tasks to queue
[2024-10-06T04:28:02.382+0000] {logging_mixin.py:190} INFO - [2024-10-06T04:28:02.381+0000] {dagbag.py:588} INFO - Filling up the DagBag from /home/airflow/.local/lib/python3.12/site-packages/airflow/example_dags/example_subdag_operator.py
[2024-10-06T04:28:02.457+0000] {processor.py:925} INFO - DAG(s) 'example_subdag_operator.section-1', 'example_subdag_operator.section-2', 'example_subdag_operator' retrieved from /home/airflow/.local/lib/python3.12/site-packages/airflow/example_dags/example_subdag_operator.py
[2024-10-06T04:28:02.479+0000] {logging_mixin.py:190} INFO - [2024-10-06T04:28:02.478+0000] {dag.py:3239} INFO - Sync 3 DAGs
[2024-10-06T04:28:02.514+0000] {logging_mixin.py:190} INFO - [2024-10-06T04:28:02.513+0000] {dag.py:4180} INFO - Setting next_dagrun for example_subdag_operator to 2022-01-01 00:00:00+00:00, run_after=2022-01-01 00:00:00+00:00
[2024-10-06T04:28:02.519+0000] {logging_mixin.py:190} INFO - [2024-10-06T04:28:02.518+0000] {dag.py:4180} INFO - Setting next_dagrun for example_subdag_operator.section-1 to None, run_after=None
[2024-10-06T04:28:02.521+0000] {logging_mixin.py:190} INFO - [2024-10-06T04:28:02.520+0000] {dag.py:4180} INFO - Setting next_dagrun for example_subdag_operator.section-2 to None, run_after=None
[2024-10-06T04:28:02.531+0000] {logging_mixin.py:190} INFO - [2024-10-06T04:28:02.530+0000] {dag.py:3239} INFO - Sync 2 DAGs
[2024-10-06T04:28:02.540+0000] {logging_mixin.py:190} INFO - [2024-10-06T04:28:02.539+0000] {dag.py:4180} INFO - Setting next_dagrun for example_subdag_operator.section-1 to None, run_after=None
[2024-10-06T04:28:02.540+0000] {logging_mixin.py:190} INFO - [2024-10-06T04:28:02.540+0000] {dag.py:4180} INFO - Setting next_dagrun for example_subdag_operator.section-2 to None, run_after=None
[2024-10-06T04:28:02.552+0000] {processor.py:208} INFO - Processing /home/airflow/.local/lib/python3.12/site-packages/airflow/example_dags/example_subdag_operator.py took 0.189 seconds
[2024-10-06T04:28:33.009+0000] {processor.py:186} INFO - Started process (PID=1194) to work on /home/airflow/.local/lib/python3.12/site-packages/airflow/example_dags/example_subdag_operator.py
[2024-10-06T04:28:33.010+0000] {processor.py:914} INFO - Processing file /home/airflow/.local/lib/python3.12/site-packages/airflow/example_dags/example_subdag_operator.py for tasks to queue
[2024-10-06T04:28:33.015+0000] {logging_mixin.py:190} INFO - [2024-10-06T04:28:33.014+0000] {dagbag.py:588} INFO - Filling up the DagBag from /home/airflow/.local/lib/python3.12/site-packages/airflow/example_dags/example_subdag_operator.py
[2024-10-06T04:28:33.063+0000] {processor.py:925} INFO - DAG(s) 'example_subdag_operator.section-1', 'example_subdag_operator.section-2', 'example_subdag_operator' retrieved from /home/airflow/.local/lib/python3.12/site-packages/airflow/example_dags/example_subdag_operator.py
[2024-10-06T04:28:33.102+0000] {logging_mixin.py:190} INFO - [2024-10-06T04:28:33.102+0000] {dag.py:3239} INFO - Sync 3 DAGs
[2024-10-06T04:28:33.147+0000] {logging_mixin.py:190} INFO - [2024-10-06T04:28:33.147+0000] {dag.py:4180} INFO - Setting next_dagrun for example_subdag_operator to 2022-01-01 00:00:00+00:00, run_after=2022-01-01 00:00:00+00:00
[2024-10-06T04:28:33.154+0000] {logging_mixin.py:190} INFO - [2024-10-06T04:28:33.153+0000] {dag.py:4180} INFO - Setting next_dagrun for example_subdag_operator.section-1 to None, run_after=None
[2024-10-06T04:28:33.163+0000] {logging_mixin.py:190} INFO - [2024-10-06T04:28:33.162+0000] {dag.py:4180} INFO - Setting next_dagrun for example_subdag_operator.section-2 to None, run_after=None
[2024-10-06T04:28:33.176+0000] {logging_mixin.py:190} INFO - [2024-10-06T04:28:33.176+0000] {dag.py:3239} INFO - Sync 2 DAGs
[2024-10-06T04:28:33.185+0000] {logging_mixin.py:190} INFO - [2024-10-06T04:28:33.185+0000] {dag.py:4180} INFO - Setting next_dagrun for example_subdag_operator.section-1 to None, run_after=None
[2024-10-06T04:28:33.186+0000] {logging_mixin.py:190} INFO - [2024-10-06T04:28:33.186+0000] {dag.py:4180} INFO - Setting next_dagrun for example_subdag_operator.section-2 to None, run_after=None
[2024-10-06T04:28:33.203+0000] {processor.py:208} INFO - Processing /home/airflow/.local/lib/python3.12/site-packages/airflow/example_dags/example_subdag_operator.py took 0.206 seconds
[2024-10-06T04:29:04.956+0000] {processor.py:186} INFO - Started process (PID=1258) to work on /home/airflow/.local/lib/python3.12/site-packages/airflow/example_dags/example_subdag_operator.py
[2024-10-06T04:29:04.966+0000] {processor.py:914} INFO - Processing file /home/airflow/.local/lib/python3.12/site-packages/airflow/example_dags/example_subdag_operator.py for tasks to queue
[2024-10-06T04:29:04.980+0000] {logging_mixin.py:190} INFO - [2024-10-06T04:29:04.976+0000] {dagbag.py:588} INFO - Filling up the DagBag from /home/airflow/.local/lib/python3.12/site-packages/airflow/example_dags/example_subdag_operator.py
[2024-10-06T04:29:05.042+0000] {processor.py:925} INFO - DAG(s) 'example_subdag_operator.section-1', 'example_subdag_operator.section-2', 'example_subdag_operator' retrieved from /home/airflow/.local/lib/python3.12/site-packages/airflow/example_dags/example_subdag_operator.py
[2024-10-06T04:29:05.078+0000] {logging_mixin.py:190} INFO - [2024-10-06T04:29:05.077+0000] {dag.py:3239} INFO - Sync 3 DAGs
[2024-10-06T04:29:05.121+0000] {logging_mixin.py:190} INFO - [2024-10-06T04:29:05.120+0000] {dag.py:4180} INFO - Setting next_dagrun for example_subdag_operator to 2022-01-01 00:00:00+00:00, run_after=2022-01-01 00:00:00+00:00
[2024-10-06T04:29:05.135+0000] {logging_mixin.py:190} INFO - [2024-10-06T04:29:05.135+0000] {dag.py:4180} INFO - Setting next_dagrun for example_subdag_operator.section-1 to None, run_after=None
[2024-10-06T04:29:05.137+0000] {logging_mixin.py:190} INFO - [2024-10-06T04:29:05.137+0000] {dag.py:4180} INFO - Setting next_dagrun for example_subdag_operator.section-2 to None, run_after=None
[2024-10-06T04:29:05.156+0000] {logging_mixin.py:190} INFO - [2024-10-06T04:29:05.155+0000] {dag.py:3239} INFO - Sync 2 DAGs
[2024-10-06T04:29:05.174+0000] {logging_mixin.py:190} INFO - [2024-10-06T04:29:05.174+0000] {dag.py:4180} INFO - Setting next_dagrun for example_subdag_operator.section-1 to None, run_after=None
[2024-10-06T04:29:05.175+0000] {logging_mixin.py:190} INFO - [2024-10-06T04:29:05.175+0000] {dag.py:4180} INFO - Setting next_dagrun for example_subdag_operator.section-2 to None, run_after=None
[2024-10-06T04:29:05.194+0000] {processor.py:208} INFO - Processing /home/airflow/.local/lib/python3.12/site-packages/airflow/example_dags/example_subdag_operator.py took 0.248 seconds
[2024-10-06T04:29:35.516+0000] {processor.py:186} INFO - Started process (PID=1319) to work on /home/airflow/.local/lib/python3.12/site-packages/airflow/example_dags/example_subdag_operator.py
[2024-10-06T04:29:35.518+0000] {processor.py:914} INFO - Processing file /home/airflow/.local/lib/python3.12/site-packages/airflow/example_dags/example_subdag_operator.py for tasks to queue
[2024-10-06T04:29:35.521+0000] {logging_mixin.py:190} INFO - [2024-10-06T04:29:35.521+0000] {dagbag.py:588} INFO - Filling up the DagBag from /home/airflow/.local/lib/python3.12/site-packages/airflow/example_dags/example_subdag_operator.py
[2024-10-06T04:29:35.556+0000] {processor.py:925} INFO - DAG(s) 'example_subdag_operator.section-1', 'example_subdag_operator.section-2', 'example_subdag_operator' retrieved from /home/airflow/.local/lib/python3.12/site-packages/airflow/example_dags/example_subdag_operator.py
[2024-10-06T04:29:35.574+0000] {logging_mixin.py:190} INFO - [2024-10-06T04:29:35.573+0000] {dag.py:3239} INFO - Sync 3 DAGs
[2024-10-06T04:29:35.606+0000] {logging_mixin.py:190} INFO - [2024-10-06T04:29:35.605+0000] {dag.py:4180} INFO - Setting next_dagrun for example_subdag_operator to 2022-01-01 00:00:00+00:00, run_after=2022-01-01 00:00:00+00:00
[2024-10-06T04:29:35.610+0000] {logging_mixin.py:190} INFO - [2024-10-06T04:29:35.610+0000] {dag.py:4180} INFO - Setting next_dagrun for example_subdag_operator.section-1 to None, run_after=None
[2024-10-06T04:29:35.611+0000] {logging_mixin.py:190} INFO - [2024-10-06T04:29:35.611+0000] {dag.py:4180} INFO - Setting next_dagrun for example_subdag_operator.section-2 to None, run_after=None
[2024-10-06T04:29:35.620+0000] {logging_mixin.py:190} INFO - [2024-10-06T04:29:35.620+0000] {dag.py:3239} INFO - Sync 2 DAGs
[2024-10-06T04:29:35.626+0000] {logging_mixin.py:190} INFO - [2024-10-06T04:29:35.626+0000] {dag.py:4180} INFO - Setting next_dagrun for example_subdag_operator.section-1 to None, run_after=None
[2024-10-06T04:29:35.627+0000] {logging_mixin.py:190} INFO - [2024-10-06T04:29:35.626+0000] {dag.py:4180} INFO - Setting next_dagrun for example_subdag_operator.section-2 to None, run_after=None
[2024-10-06T04:29:35.637+0000] {processor.py:208} INFO - Processing /home/airflow/.local/lib/python3.12/site-packages/airflow/example_dags/example_subdag_operator.py took 0.130 seconds
[2024-10-06T04:30:06.360+0000] {processor.py:186} INFO - Started process (PID=1381) to work on /home/airflow/.local/lib/python3.12/site-packages/airflow/example_dags/example_subdag_operator.py
[2024-10-06T04:30:06.362+0000] {processor.py:914} INFO - Processing file /home/airflow/.local/lib/python3.12/site-packages/airflow/example_dags/example_subdag_operator.py for tasks to queue
[2024-10-06T04:30:06.366+0000] {logging_mixin.py:190} INFO - [2024-10-06T04:30:06.366+0000] {dagbag.py:588} INFO - Filling up the DagBag from /home/airflow/.local/lib/python3.12/site-packages/airflow/example_dags/example_subdag_operator.py
[2024-10-06T04:30:06.432+0000] {processor.py:925} INFO - DAG(s) 'example_subdag_operator.section-1', 'example_subdag_operator.section-2', 'example_subdag_operator' retrieved from /home/airflow/.local/lib/python3.12/site-packages/airflow/example_dags/example_subdag_operator.py
[2024-10-06T04:30:06.466+0000] {logging_mixin.py:190} INFO - [2024-10-06T04:30:06.465+0000] {dag.py:3239} INFO - Sync 3 DAGs
[2024-10-06T04:30:06.511+0000] {logging_mixin.py:190} INFO - [2024-10-06T04:30:06.510+0000] {dag.py:4180} INFO - Setting next_dagrun for example_subdag_operator to 2022-01-01 00:00:00+00:00, run_after=2022-01-01 00:00:00+00:00
[2024-10-06T04:30:06.517+0000] {logging_mixin.py:190} INFO - [2024-10-06T04:30:06.517+0000] {dag.py:4180} INFO - Setting next_dagrun for example_subdag_operator.section-1 to None, run_after=None
[2024-10-06T04:30:06.519+0000] {logging_mixin.py:190} INFO - [2024-10-06T04:30:06.519+0000] {dag.py:4180} INFO - Setting next_dagrun for example_subdag_operator.section-2 to None, run_after=None
[2024-10-06T04:30:06.530+0000] {logging_mixin.py:190} INFO - [2024-10-06T04:30:06.530+0000] {dag.py:3239} INFO - Sync 2 DAGs
[2024-10-06T04:30:06.539+0000] {logging_mixin.py:190} INFO - [2024-10-06T04:30:06.539+0000] {dag.py:4180} INFO - Setting next_dagrun for example_subdag_operator.section-1 to None, run_after=None
[2024-10-06T04:30:06.540+0000] {logging_mixin.py:190} INFO - [2024-10-06T04:30:06.540+0000] {dag.py:4180} INFO - Setting next_dagrun for example_subdag_operator.section-2 to None, run_after=None
[2024-10-06T04:30:06.558+0000] {processor.py:208} INFO - Processing /home/airflow/.local/lib/python3.12/site-packages/airflow/example_dags/example_subdag_operator.py took 0.208 seconds
[2024-10-06T04:30:38.039+0000] {processor.py:186} INFO - Started process (PID=1444) to work on /home/airflow/.local/lib/python3.12/site-packages/airflow/example_dags/example_subdag_operator.py
[2024-10-06T04:30:38.041+0000] {processor.py:914} INFO - Processing file /home/airflow/.local/lib/python3.12/site-packages/airflow/example_dags/example_subdag_operator.py for tasks to queue
[2024-10-06T04:30:38.045+0000] {logging_mixin.py:190} INFO - [2024-10-06T04:30:38.044+0000] {dagbag.py:588} INFO - Filling up the DagBag from /home/airflow/.local/lib/python3.12/site-packages/airflow/example_dags/example_subdag_operator.py
[2024-10-06T04:30:38.095+0000] {processor.py:925} INFO - DAG(s) 'example_subdag_operator.section-1', 'example_subdag_operator.section-2', 'example_subdag_operator' retrieved from /home/airflow/.local/lib/python3.12/site-packages/airflow/example_dags/example_subdag_operator.py
[2024-10-06T04:30:38.119+0000] {logging_mixin.py:190} INFO - [2024-10-06T04:30:38.118+0000] {dag.py:3239} INFO - Sync 3 DAGs
[2024-10-06T04:30:38.158+0000] {logging_mixin.py:190} INFO - [2024-10-06T04:30:38.158+0000] {dag.py:4180} INFO - Setting next_dagrun for example_subdag_operator to 2022-01-01 00:00:00+00:00, run_after=2022-01-01 00:00:00+00:00
[2024-10-06T04:30:38.164+0000] {logging_mixin.py:190} INFO - [2024-10-06T04:30:38.164+0000] {dag.py:4180} INFO - Setting next_dagrun for example_subdag_operator.section-1 to None, run_after=None
[2024-10-06T04:30:38.167+0000] {logging_mixin.py:190} INFO - [2024-10-06T04:30:38.166+0000] {dag.py:4180} INFO - Setting next_dagrun for example_subdag_operator.section-2 to None, run_after=None
[2024-10-06T04:30:38.186+0000] {logging_mixin.py:190} INFO - [2024-10-06T04:30:38.185+0000] {dag.py:3239} INFO - Sync 2 DAGs
[2024-10-06T04:30:38.194+0000] {logging_mixin.py:190} INFO - [2024-10-06T04:30:38.194+0000] {dag.py:4180} INFO - Setting next_dagrun for example_subdag_operator.section-1 to None, run_after=None
[2024-10-06T04:30:38.194+0000] {logging_mixin.py:190} INFO - [2024-10-06T04:30:38.194+0000] {dag.py:4180} INFO - Setting next_dagrun for example_subdag_operator.section-2 to None, run_after=None
[2024-10-06T04:30:38.209+0000] {processor.py:208} INFO - Processing /home/airflow/.local/lib/python3.12/site-packages/airflow/example_dags/example_subdag_operator.py took 0.186 seconds
[2024-10-06T04:31:08.963+0000] {processor.py:186} INFO - Started process (PID=1506) to work on /home/airflow/.local/lib/python3.12/site-packages/airflow/example_dags/example_subdag_operator.py
[2024-10-06T04:31:08.965+0000] {processor.py:914} INFO - Processing file /home/airflow/.local/lib/python3.12/site-packages/airflow/example_dags/example_subdag_operator.py for tasks to queue
[2024-10-06T04:31:08.970+0000] {logging_mixin.py:190} INFO - [2024-10-06T04:31:08.969+0000] {dagbag.py:588} INFO - Filling up the DagBag from /home/airflow/.local/lib/python3.12/site-packages/airflow/example_dags/example_subdag_operator.py
[2024-10-06T04:31:09.019+0000] {processor.py:925} INFO - DAG(s) 'example_subdag_operator.section-1', 'example_subdag_operator.section-2', 'example_subdag_operator' retrieved from /home/airflow/.local/lib/python3.12/site-packages/airflow/example_dags/example_subdag_operator.py
[2024-10-06T04:31:09.048+0000] {logging_mixin.py:190} INFO - [2024-10-06T04:31:09.048+0000] {dag.py:3239} INFO - Sync 3 DAGs
[2024-10-06T04:31:09.082+0000] {logging_mixin.py:190} INFO - [2024-10-06T04:31:09.082+0000] {dag.py:4180} INFO - Setting next_dagrun for example_subdag_operator to 2022-01-01 00:00:00+00:00, run_after=2022-01-01 00:00:00+00:00
[2024-10-06T04:31:09.087+0000] {logging_mixin.py:190} INFO - [2024-10-06T04:31:09.087+0000] {dag.py:4180} INFO - Setting next_dagrun for example_subdag_operator.section-1 to None, run_after=None
[2024-10-06T04:31:09.089+0000] {logging_mixin.py:190} INFO - [2024-10-06T04:31:09.089+0000] {dag.py:4180} INFO - Setting next_dagrun for example_subdag_operator.section-2 to None, run_after=None
[2024-10-06T04:31:09.099+0000] {logging_mixin.py:190} INFO - [2024-10-06T04:31:09.099+0000] {dag.py:3239} INFO - Sync 2 DAGs
[2024-10-06T04:31:09.108+0000] {logging_mixin.py:190} INFO - [2024-10-06T04:31:09.108+0000] {dag.py:4180} INFO - Setting next_dagrun for example_subdag_operator.section-1 to None, run_after=None
[2024-10-06T04:31:09.109+0000] {logging_mixin.py:190} INFO - [2024-10-06T04:31:09.108+0000] {dag.py:4180} INFO - Setting next_dagrun for example_subdag_operator.section-2 to None, run_after=None
[2024-10-06T04:31:09.123+0000] {processor.py:208} INFO - Processing /home/airflow/.local/lib/python3.12/site-packages/airflow/example_dags/example_subdag_operator.py took 0.172 seconds
[2024-10-06T04:31:39.557+0000] {processor.py:186} INFO - Started process (PID=1567) to work on /home/airflow/.local/lib/python3.12/site-packages/airflow/example_dags/example_subdag_operator.py
[2024-10-06T04:31:39.558+0000] {processor.py:914} INFO - Processing file /home/airflow/.local/lib/python3.12/site-packages/airflow/example_dags/example_subdag_operator.py for tasks to queue
[2024-10-06T04:31:39.563+0000] {logging_mixin.py:190} INFO - [2024-10-06T04:31:39.563+0000] {dagbag.py:588} INFO - Filling up the DagBag from /home/airflow/.local/lib/python3.12/site-packages/airflow/example_dags/example_subdag_operator.py
[2024-10-06T04:31:39.607+0000] {processor.py:925} INFO - DAG(s) 'example_subdag_operator.section-1', 'example_subdag_operator.section-2', 'example_subdag_operator' retrieved from /home/airflow/.local/lib/python3.12/site-packages/airflow/example_dags/example_subdag_operator.py
[2024-10-06T04:31:39.628+0000] {logging_mixin.py:190} INFO - [2024-10-06T04:31:39.628+0000] {dag.py:3239} INFO - Sync 3 DAGs
[2024-10-06T04:31:39.666+0000] {logging_mixin.py:190} INFO - [2024-10-06T04:31:39.665+0000] {dag.py:4180} INFO - Setting next_dagrun for example_subdag_operator to 2022-01-01 00:00:00+00:00, run_after=2022-01-01 00:00:00+00:00
[2024-10-06T04:31:39.671+0000] {logging_mixin.py:190} INFO - [2024-10-06T04:31:39.671+0000] {dag.py:4180} INFO - Setting next_dagrun for example_subdag_operator.section-1 to None, run_after=None
[2024-10-06T04:31:39.673+0000] {logging_mixin.py:190} INFO - [2024-10-06T04:31:39.672+0000] {dag.py:4180} INFO - Setting next_dagrun for example_subdag_operator.section-2 to None, run_after=None
[2024-10-06T04:31:39.683+0000] {logging_mixin.py:190} INFO - [2024-10-06T04:31:39.682+0000] {dag.py:3239} INFO - Sync 2 DAGs
[2024-10-06T04:31:39.690+0000] {logging_mixin.py:190} INFO - [2024-10-06T04:31:39.690+0000] {dag.py:4180} INFO - Setting next_dagrun for example_subdag_operator.section-1 to None, run_after=None
[2024-10-06T04:31:39.691+0000] {logging_mixin.py:190} INFO - [2024-10-06T04:31:39.691+0000] {dag.py:4180} INFO - Setting next_dagrun for example_subdag_operator.section-2 to None, run_after=None
[2024-10-06T04:31:39.725+0000] {processor.py:208} INFO - Processing /home/airflow/.local/lib/python3.12/site-packages/airflow/example_dags/example_subdag_operator.py took 0.179 seconds
[2024-10-06T04:32:10.479+0000] {processor.py:186} INFO - Started process (PID=1629) to work on /home/airflow/.local/lib/python3.12/site-packages/airflow/example_dags/example_subdag_operator.py
[2024-10-06T04:32:10.481+0000] {processor.py:914} INFO - Processing file /home/airflow/.local/lib/python3.12/site-packages/airflow/example_dags/example_subdag_operator.py for tasks to queue
[2024-10-06T04:32:10.484+0000] {logging_mixin.py:190} INFO - [2024-10-06T04:32:10.484+0000] {dagbag.py:588} INFO - Filling up the DagBag from /home/airflow/.local/lib/python3.12/site-packages/airflow/example_dags/example_subdag_operator.py
[2024-10-06T04:32:10.521+0000] {processor.py:925} INFO - DAG(s) 'example_subdag_operator.section-1', 'example_subdag_operator.section-2', 'example_subdag_operator' retrieved from /home/airflow/.local/lib/python3.12/site-packages/airflow/example_dags/example_subdag_operator.py
[2024-10-06T04:32:10.540+0000] {logging_mixin.py:190} INFO - [2024-10-06T04:32:10.539+0000] {dag.py:3239} INFO - Sync 3 DAGs
[2024-10-06T04:32:10.570+0000] {logging_mixin.py:190} INFO - [2024-10-06T04:32:10.569+0000] {dag.py:4180} INFO - Setting next_dagrun for example_subdag_operator to 2022-01-01 00:00:00+00:00, run_after=2022-01-01 00:00:00+00:00
[2024-10-06T04:32:10.576+0000] {logging_mixin.py:190} INFO - [2024-10-06T04:32:10.576+0000] {dag.py:4180} INFO - Setting next_dagrun for example_subdag_operator.section-1 to None, run_after=None
[2024-10-06T04:32:10.578+0000] {logging_mixin.py:190} INFO - [2024-10-06T04:32:10.578+0000] {dag.py:4180} INFO - Setting next_dagrun for example_subdag_operator.section-2 to None, run_after=None
[2024-10-06T04:32:10.587+0000] {logging_mixin.py:190} INFO - [2024-10-06T04:32:10.586+0000] {dag.py:3239} INFO - Sync 2 DAGs
[2024-10-06T04:32:10.593+0000] {logging_mixin.py:190} INFO - [2024-10-06T04:32:10.593+0000] {dag.py:4180} INFO - Setting next_dagrun for example_subdag_operator.section-1 to None, run_after=None
[2024-10-06T04:32:10.593+0000] {logging_mixin.py:190} INFO - [2024-10-06T04:32:10.593+0000] {dag.py:4180} INFO - Setting next_dagrun for example_subdag_operator.section-2 to None, run_after=None
[2024-10-06T04:32:10.605+0000] {processor.py:208} INFO - Processing /home/airflow/.local/lib/python3.12/site-packages/airflow/example_dags/example_subdag_operator.py took 0.136 seconds
[2024-10-06T04:32:41.731+0000] {processor.py:186} INFO - Started process (PID=1691) to work on /home/airflow/.local/lib/python3.12/site-packages/airflow/example_dags/example_subdag_operator.py
[2024-10-06T04:32:41.733+0000] {processor.py:914} INFO - Processing file /home/airflow/.local/lib/python3.12/site-packages/airflow/example_dags/example_subdag_operator.py for tasks to queue
[2024-10-06T04:32:41.737+0000] {logging_mixin.py:190} INFO - [2024-10-06T04:32:41.737+0000] {dagbag.py:588} INFO - Filling up the DagBag from /home/airflow/.local/lib/python3.12/site-packages/airflow/example_dags/example_subdag_operator.py
[2024-10-06T04:32:41.838+0000] {processor.py:925} INFO - DAG(s) 'example_subdag_operator.section-1', 'example_subdag_operator.section-2', 'example_subdag_operator' retrieved from /home/airflow/.local/lib/python3.12/site-packages/airflow/example_dags/example_subdag_operator.py
[2024-10-06T04:32:41.860+0000] {logging_mixin.py:190} INFO - [2024-10-06T04:32:41.859+0000] {dag.py:3239} INFO - Sync 3 DAGs
[2024-10-06T04:32:41.892+0000] {logging_mixin.py:190} INFO - [2024-10-06T04:32:41.891+0000] {dag.py:4180} INFO - Setting next_dagrun for example_subdag_operator to 2022-01-01 00:00:00+00:00, run_after=2022-01-01 00:00:00+00:00
[2024-10-06T04:32:41.896+0000] {logging_mixin.py:190} INFO - [2024-10-06T04:32:41.896+0000] {dag.py:4180} INFO - Setting next_dagrun for example_subdag_operator.section-1 to None, run_after=None
[2024-10-06T04:32:41.898+0000] {logging_mixin.py:190} INFO - [2024-10-06T04:32:41.898+0000] {dag.py:4180} INFO - Setting next_dagrun for example_subdag_operator.section-2 to None, run_after=None
[2024-10-06T04:32:41.909+0000] {logging_mixin.py:190} INFO - [2024-10-06T04:32:41.909+0000] {dag.py:3239} INFO - Sync 2 DAGs
[2024-10-06T04:32:41.918+0000] {logging_mixin.py:190} INFO - [2024-10-06T04:32:41.917+0000] {dag.py:4180} INFO - Setting next_dagrun for example_subdag_operator.section-1 to None, run_after=None
[2024-10-06T04:32:41.918+0000] {logging_mixin.py:190} INFO - [2024-10-06T04:32:41.918+0000] {dag.py:4180} INFO - Setting next_dagrun for example_subdag_operator.section-2 to None, run_after=None
[2024-10-06T04:32:41.940+0000] {processor.py:208} INFO - Processing /home/airflow/.local/lib/python3.12/site-packages/airflow/example_dags/example_subdag_operator.py took 0.221 seconds
[2024-10-06T04:35:14.159+0000] {processor.py:186} INFO - Started process (PID=71) to work on /home/airflow/.local/lib/python3.12/site-packages/airflow/example_dags/example_subdag_operator.py
[2024-10-06T04:35:14.176+0000] {processor.py:914} INFO - Processing file /home/airflow/.local/lib/python3.12/site-packages/airflow/example_dags/example_subdag_operator.py for tasks to queue
[2024-10-06T04:35:14.180+0000] {logging_mixin.py:190} INFO - [2024-10-06T04:35:14.179+0000] {dagbag.py:588} INFO - Filling up the DagBag from /home/airflow/.local/lib/python3.12/site-packages/airflow/example_dags/example_subdag_operator.py
[2024-10-06T04:35:14.299+0000] {processor.py:925} INFO - DAG(s) 'example_subdag_operator.section-1', 'example_subdag_operator.section-2', 'example_subdag_operator' retrieved from /home/airflow/.local/lib/python3.12/site-packages/airflow/example_dags/example_subdag_operator.py
[2024-10-06T04:35:14.322+0000] {logging_mixin.py:190} INFO - [2024-10-06T04:35:14.322+0000] {dag.py:3239} INFO - Sync 3 DAGs
[2024-10-06T04:35:14.357+0000] {logging_mixin.py:190} INFO - [2024-10-06T04:35:14.357+0000] {dag.py:4180} INFO - Setting next_dagrun for example_subdag_operator to 2022-01-01 00:00:00+00:00, run_after=2022-01-01 00:00:00+00:00
[2024-10-06T04:35:14.363+0000] {logging_mixin.py:190} INFO - [2024-10-06T04:35:14.363+0000] {dag.py:4180} INFO - Setting next_dagrun for example_subdag_operator.section-1 to None, run_after=None
[2024-10-06T04:35:14.365+0000] {logging_mixin.py:190} INFO - [2024-10-06T04:35:14.365+0000] {dag.py:4180} INFO - Setting next_dagrun for example_subdag_operator.section-2 to None, run_after=None
[2024-10-06T04:35:14.374+0000] {logging_mixin.py:190} INFO - [2024-10-06T04:35:14.374+0000] {dag.py:3239} INFO - Sync 2 DAGs
[2024-10-06T04:35:14.382+0000] {logging_mixin.py:190} INFO - [2024-10-06T04:35:14.381+0000] {dag.py:4180} INFO - Setting next_dagrun for example_subdag_operator.section-1 to None, run_after=None
[2024-10-06T04:35:14.382+0000] {logging_mixin.py:190} INFO - [2024-10-06T04:35:14.382+0000] {dag.py:4180} INFO - Setting next_dagrun for example_subdag_operator.section-2 to None, run_after=None
[2024-10-06T04:35:14.394+0000] {processor.py:208} INFO - Processing /home/airflow/.local/lib/python3.12/site-packages/airflow/example_dags/example_subdag_operator.py took 0.263 seconds
[2024-10-06T04:35:44.786+0000] {processor.py:186} INFO - Started process (PID=133) to work on /home/airflow/.local/lib/python3.12/site-packages/airflow/example_dags/example_subdag_operator.py
[2024-10-06T04:35:44.787+0000] {processor.py:914} INFO - Processing file /home/airflow/.local/lib/python3.12/site-packages/airflow/example_dags/example_subdag_operator.py for tasks to queue
[2024-10-06T04:35:44.791+0000] {logging_mixin.py:190} INFO - [2024-10-06T04:35:44.791+0000] {dagbag.py:588} INFO - Filling up the DagBag from /home/airflow/.local/lib/python3.12/site-packages/airflow/example_dags/example_subdag_operator.py
[2024-10-06T04:35:44.833+0000] {processor.py:925} INFO - DAG(s) 'example_subdag_operator.section-1', 'example_subdag_operator.section-2', 'example_subdag_operator' retrieved from /home/airflow/.local/lib/python3.12/site-packages/airflow/example_dags/example_subdag_operator.py
[2024-10-06T04:35:44.857+0000] {logging_mixin.py:190} INFO - [2024-10-06T04:35:44.857+0000] {dag.py:3239} INFO - Sync 3 DAGs
[2024-10-06T04:35:44.896+0000] {logging_mixin.py:190} INFO - [2024-10-06T04:35:44.895+0000] {dag.py:4180} INFO - Setting next_dagrun for example_subdag_operator to 2022-01-01 00:00:00+00:00, run_after=2022-01-01 00:00:00+00:00
[2024-10-06T04:35:44.903+0000] {logging_mixin.py:190} INFO - [2024-10-06T04:35:44.903+0000] {dag.py:4180} INFO - Setting next_dagrun for example_subdag_operator.section-1 to None, run_after=None
[2024-10-06T04:35:44.905+0000] {logging_mixin.py:190} INFO - [2024-10-06T04:35:44.905+0000] {dag.py:4180} INFO - Setting next_dagrun for example_subdag_operator.section-2 to None, run_after=None
[2024-10-06T04:35:44.916+0000] {logging_mixin.py:190} INFO - [2024-10-06T04:35:44.915+0000] {dag.py:3239} INFO - Sync 2 DAGs
[2024-10-06T04:35:44.923+0000] {logging_mixin.py:190} INFO - [2024-10-06T04:35:44.923+0000] {dag.py:4180} INFO - Setting next_dagrun for example_subdag_operator.section-1 to None, run_after=None
[2024-10-06T04:35:44.924+0000] {logging_mixin.py:190} INFO - [2024-10-06T04:35:44.924+0000] {dag.py:4180} INFO - Setting next_dagrun for example_subdag_operator.section-2 to None, run_after=None
[2024-10-06T04:35:44.946+0000] {processor.py:208} INFO - Processing /home/airflow/.local/lib/python3.12/site-packages/airflow/example_dags/example_subdag_operator.py took 0.171 seconds
[2024-10-06T04:36:15.885+0000] {processor.py:186} INFO - Started process (PID=194) to work on /home/airflow/.local/lib/python3.12/site-packages/airflow/example_dags/example_subdag_operator.py
[2024-10-06T04:36:15.887+0000] {processor.py:914} INFO - Processing file /home/airflow/.local/lib/python3.12/site-packages/airflow/example_dags/example_subdag_operator.py for tasks to queue
[2024-10-06T04:36:15.894+0000] {logging_mixin.py:190} INFO - [2024-10-06T04:36:15.893+0000] {dagbag.py:588} INFO - Filling up the DagBag from /home/airflow/.local/lib/python3.12/site-packages/airflow/example_dags/example_subdag_operator.py
[2024-10-06T04:36:15.975+0000] {processor.py:925} INFO - DAG(s) 'example_subdag_operator.section-1', 'example_subdag_operator.section-2', 'example_subdag_operator' retrieved from /home/airflow/.local/lib/python3.12/site-packages/airflow/example_dags/example_subdag_operator.py
[2024-10-06T04:36:16.004+0000] {logging_mixin.py:190} INFO - [2024-10-06T04:36:16.004+0000] {dag.py:3239} INFO - Sync 3 DAGs
[2024-10-06T04:36:16.054+0000] {logging_mixin.py:190} INFO - [2024-10-06T04:36:16.054+0000] {dag.py:4180} INFO - Setting next_dagrun for example_subdag_operator to 2022-01-01 00:00:00+00:00, run_after=2022-01-01 00:00:00+00:00
[2024-10-06T04:36:16.061+0000] {logging_mixin.py:190} INFO - [2024-10-06T04:36:16.061+0000] {dag.py:4180} INFO - Setting next_dagrun for example_subdag_operator.section-1 to None, run_after=None
[2024-10-06T04:36:16.066+0000] {logging_mixin.py:190} INFO - [2024-10-06T04:36:16.066+0000] {dag.py:4180} INFO - Setting next_dagrun for example_subdag_operator.section-2 to None, run_after=None
[2024-10-06T04:36:16.080+0000] {logging_mixin.py:190} INFO - [2024-10-06T04:36:16.080+0000] {dag.py:3239} INFO - Sync 2 DAGs
[2024-10-06T04:36:16.090+0000] {logging_mixin.py:190} INFO - [2024-10-06T04:36:16.090+0000] {dag.py:4180} INFO - Setting next_dagrun for example_subdag_operator.section-1 to None, run_after=None
[2024-10-06T04:36:16.091+0000] {logging_mixin.py:190} INFO - [2024-10-06T04:36:16.091+0000] {dag.py:4180} INFO - Setting next_dagrun for example_subdag_operator.section-2 to None, run_after=None
[2024-10-06T04:36:16.126+0000] {processor.py:208} INFO - Processing /home/airflow/.local/lib/python3.12/site-packages/airflow/example_dags/example_subdag_operator.py took 0.252 seconds
[2024-10-06T04:36:46.333+0000] {processor.py:186} INFO - Started process (PID=256) to work on /home/airflow/.local/lib/python3.12/site-packages/airflow/example_dags/example_subdag_operator.py
[2024-10-06T04:36:46.335+0000] {processor.py:914} INFO - Processing file /home/airflow/.local/lib/python3.12/site-packages/airflow/example_dags/example_subdag_operator.py for tasks to queue
[2024-10-06T04:36:46.340+0000] {logging_mixin.py:190} INFO - [2024-10-06T04:36:46.340+0000] {dagbag.py:588} INFO - Filling up the DagBag from /home/airflow/.local/lib/python3.12/site-packages/airflow/example_dags/example_subdag_operator.py
[2024-10-06T04:36:46.394+0000] {processor.py:925} INFO - DAG(s) 'example_subdag_operator.section-1', 'example_subdag_operator.section-2', 'example_subdag_operator' retrieved from /home/airflow/.local/lib/python3.12/site-packages/airflow/example_dags/example_subdag_operator.py
[2024-10-06T04:36:46.426+0000] {logging_mixin.py:190} INFO - [2024-10-06T04:36:46.425+0000] {dag.py:3239} INFO - Sync 3 DAGs
[2024-10-06T04:36:46.467+0000] {logging_mixin.py:190} INFO - [2024-10-06T04:36:46.466+0000] {dag.py:4180} INFO - Setting next_dagrun for example_subdag_operator to 2022-01-01 00:00:00+00:00, run_after=2022-01-01 00:00:00+00:00
[2024-10-06T04:36:46.473+0000] {logging_mixin.py:190} INFO - [2024-10-06T04:36:46.473+0000] {dag.py:4180} INFO - Setting next_dagrun for example_subdag_operator.section-1 to None, run_after=None
[2024-10-06T04:36:46.476+0000] {logging_mixin.py:190} INFO - [2024-10-06T04:36:46.476+0000] {dag.py:4180} INFO - Setting next_dagrun for example_subdag_operator.section-2 to None, run_after=None
[2024-10-06T04:36:46.488+0000] {logging_mixin.py:190} INFO - [2024-10-06T04:36:46.488+0000] {dag.py:3239} INFO - Sync 2 DAGs
[2024-10-06T04:36:46.499+0000] {logging_mixin.py:190} INFO - [2024-10-06T04:36:46.499+0000] {dag.py:4180} INFO - Setting next_dagrun for example_subdag_operator.section-1 to None, run_after=None
[2024-10-06T04:36:46.500+0000] {logging_mixin.py:190} INFO - [2024-10-06T04:36:46.500+0000] {dag.py:4180} INFO - Setting next_dagrun for example_subdag_operator.section-2 to None, run_after=None
[2024-10-06T04:36:46.518+0000] {processor.py:208} INFO - Processing /home/airflow/.local/lib/python3.12/site-packages/airflow/example_dags/example_subdag_operator.py took 0.197 seconds
[2024-10-06T04:37:16.671+0000] {processor.py:186} INFO - Started process (PID=318) to work on /home/airflow/.local/lib/python3.12/site-packages/airflow/example_dags/example_subdag_operator.py
[2024-10-06T04:37:16.672+0000] {processor.py:914} INFO - Processing file /home/airflow/.local/lib/python3.12/site-packages/airflow/example_dags/example_subdag_operator.py for tasks to queue
[2024-10-06T04:37:16.676+0000] {logging_mixin.py:190} INFO - [2024-10-06T04:37:16.675+0000] {dagbag.py:588} INFO - Filling up the DagBag from /home/airflow/.local/lib/python3.12/site-packages/airflow/example_dags/example_subdag_operator.py
[2024-10-06T04:37:16.715+0000] {processor.py:925} INFO - DAG(s) 'example_subdag_operator.section-1', 'example_subdag_operator.section-2', 'example_subdag_operator' retrieved from /home/airflow/.local/lib/python3.12/site-packages/airflow/example_dags/example_subdag_operator.py
[2024-10-06T04:37:16.735+0000] {logging_mixin.py:190} INFO - [2024-10-06T04:37:16.735+0000] {dag.py:3239} INFO - Sync 3 DAGs
[2024-10-06T04:37:16.768+0000] {logging_mixin.py:190} INFO - [2024-10-06T04:37:16.768+0000] {dag.py:4180} INFO - Setting next_dagrun for example_subdag_operator to 2022-01-01 00:00:00+00:00, run_after=2022-01-01 00:00:00+00:00
[2024-10-06T04:37:16.773+0000] {logging_mixin.py:190} INFO - [2024-10-06T04:37:16.773+0000] {dag.py:4180} INFO - Setting next_dagrun for example_subdag_operator.section-1 to None, run_after=None
[2024-10-06T04:37:16.775+0000] {logging_mixin.py:190} INFO - [2024-10-06T04:37:16.775+0000] {dag.py:4180} INFO - Setting next_dagrun for example_subdag_operator.section-2 to None, run_after=None
[2024-10-06T04:37:16.784+0000] {logging_mixin.py:190} INFO - [2024-10-06T04:37:16.784+0000] {dag.py:3239} INFO - Sync 2 DAGs
[2024-10-06T04:37:16.794+0000] {logging_mixin.py:190} INFO - [2024-10-06T04:37:16.794+0000] {dag.py:4180} INFO - Setting next_dagrun for example_subdag_operator.section-1 to None, run_after=None
[2024-10-06T04:37:16.794+0000] {logging_mixin.py:190} INFO - [2024-10-06T04:37:16.794+0000] {dag.py:4180} INFO - Setting next_dagrun for example_subdag_operator.section-2 to None, run_after=None
[2024-10-06T04:37:16.806+0000] {processor.py:208} INFO - Processing /home/airflow/.local/lib/python3.12/site-packages/airflow/example_dags/example_subdag_operator.py took 0.145 seconds
[2024-10-06T04:39:14.492+0000] {processor.py:186} INFO - Started process (PID=72) to work on /home/airflow/.local/lib/python3.12/site-packages/airflow/example_dags/example_subdag_operator.py
[2024-10-06T04:39:14.494+0000] {processor.py:914} INFO - Processing file /home/airflow/.local/lib/python3.12/site-packages/airflow/example_dags/example_subdag_operator.py for tasks to queue
[2024-10-06T04:39:14.498+0000] {logging_mixin.py:190} INFO - [2024-10-06T04:39:14.497+0000] {dagbag.py:588} INFO - Filling up the DagBag from /home/airflow/.local/lib/python3.12/site-packages/airflow/example_dags/example_subdag_operator.py
[2024-10-06T04:39:14.534+0000] {processor.py:925} INFO - DAG(s) 'example_subdag_operator.section-1', 'example_subdag_operator.section-2', 'example_subdag_operator' retrieved from /home/airflow/.local/lib/python3.12/site-packages/airflow/example_dags/example_subdag_operator.py
[2024-10-06T04:39:14.658+0000] {logging_mixin.py:190} INFO - [2024-10-06T04:39:14.657+0000] {override.py:1900} INFO - Created Permission View: can read on DAG:example_subdag_operator
[2024-10-06T04:39:14.676+0000] {logging_mixin.py:190} INFO - [2024-10-06T04:39:14.675+0000] {override.py:1900} INFO - Created Permission View: can edit on DAG:example_subdag_operator
[2024-10-06T04:39:14.699+0000] {logging_mixin.py:190} INFO - [2024-10-06T04:39:14.698+0000] {override.py:1900} INFO - Created Permission View: can delete on DAG:example_subdag_operator
[2024-10-06T04:39:14.712+0000] {logging_mixin.py:190} INFO - [2024-10-06T04:39:14.711+0000] {override.py:1900} INFO - Created Permission View: menu access on DAG Run:example_subdag_operator
[2024-10-06T04:39:14.721+0000] {logging_mixin.py:190} INFO - [2024-10-06T04:39:14.721+0000] {override.py:1900} INFO - Created Permission View: can read on DAG Run:example_subdag_operator
[2024-10-06T04:39:14.730+0000] {logging_mixin.py:190} INFO - [2024-10-06T04:39:14.730+0000] {override.py:1900} INFO - Created Permission View: can create on DAG Run:example_subdag_operator
[2024-10-06T04:39:14.740+0000] {logging_mixin.py:190} INFO - [2024-10-06T04:39:14.739+0000] {override.py:1900} INFO - Created Permission View: can delete on DAG Run:example_subdag_operator
[2024-10-06T04:39:14.740+0000] {logging_mixin.py:190} INFO - [2024-10-06T04:39:14.740+0000] {dag.py:3239} INFO - Sync 3 DAGs
[2024-10-06T04:39:14.767+0000] {logging_mixin.py:190} INFO - [2024-10-06T04:39:14.766+0000] {dag.py:3262} INFO - Creating ORM DAG for example_subdag_operator.section-1
[2024-10-06T04:39:14.768+0000] {logging_mixin.py:190} INFO - [2024-10-06T04:39:14.767+0000] {dag.py:3262} INFO - Creating ORM DAG for example_subdag_operator
[2024-10-06T04:39:14.769+0000] {logging_mixin.py:190} INFO - [2024-10-06T04:39:14.769+0000] {dag.py:3262} INFO - Creating ORM DAG for example_subdag_operator.section-2
[2024-10-06T04:39:14.785+0000] {logging_mixin.py:190} INFO - [2024-10-06T04:39:14.785+0000] {dag.py:4180} INFO - Setting next_dagrun for example_subdag_operator to 2022-01-01 00:00:00+00:00, run_after=2022-01-01 00:00:00+00:00
[2024-10-06T04:39:14.787+0000] {logging_mixin.py:190} INFO - [2024-10-06T04:39:14.786+0000] {dag.py:4180} INFO - Setting next_dagrun for example_subdag_operator.section-1 to None, run_after=None
[2024-10-06T04:39:14.787+0000] {logging_mixin.py:190} INFO - [2024-10-06T04:39:14.787+0000] {dag.py:4180} INFO - Setting next_dagrun for example_subdag_operator.section-2 to None, run_after=None
[2024-10-06T04:39:14.802+0000] {logging_mixin.py:190} INFO - [2024-10-06T04:39:14.802+0000] {dag.py:3239} INFO - Sync 2 DAGs
[2024-10-06T04:39:14.812+0000] {logging_mixin.py:190} INFO - [2024-10-06T04:39:14.812+0000] {dag.py:4180} INFO - Setting next_dagrun for example_subdag_operator.section-1 to None, run_after=None
[2024-10-06T04:39:14.817+0000] {logging_mixin.py:190} INFO - [2024-10-06T04:39:14.817+0000] {dag.py:4180} INFO - Setting next_dagrun for example_subdag_operator.section-2 to None, run_after=None
[2024-10-06T04:39:14.848+0000] {processor.py:208} INFO - Processing /home/airflow/.local/lib/python3.12/site-packages/airflow/example_dags/example_subdag_operator.py took 0.364 seconds
[2024-10-06T04:39:45.174+0000] {processor.py:186} INFO - Started process (PID=134) to work on /home/airflow/.local/lib/python3.12/site-packages/airflow/example_dags/example_subdag_operator.py
[2024-10-06T04:39:45.175+0000] {processor.py:914} INFO - Processing file /home/airflow/.local/lib/python3.12/site-packages/airflow/example_dags/example_subdag_operator.py for tasks to queue
[2024-10-06T04:39:45.178+0000] {logging_mixin.py:190} INFO - [2024-10-06T04:39:45.178+0000] {dagbag.py:588} INFO - Filling up the DagBag from /home/airflow/.local/lib/python3.12/site-packages/airflow/example_dags/example_subdag_operator.py
[2024-10-06T04:39:45.233+0000] {processor.py:925} INFO - DAG(s) 'example_subdag_operator.section-1', 'example_subdag_operator.section-2', 'example_subdag_operator' retrieved from /home/airflow/.local/lib/python3.12/site-packages/airflow/example_dags/example_subdag_operator.py
[2024-10-06T04:39:45.253+0000] {logging_mixin.py:190} INFO - [2024-10-06T04:39:45.252+0000] {dag.py:3239} INFO - Sync 3 DAGs
[2024-10-06T04:39:45.295+0000] {logging_mixin.py:190} INFO - [2024-10-06T04:39:45.294+0000] {dag.py:4180} INFO - Setting next_dagrun for example_subdag_operator to 2022-01-01 00:00:00+00:00, run_after=2022-01-01 00:00:00+00:00
[2024-10-06T04:39:45.302+0000] {logging_mixin.py:190} INFO - [2024-10-06T04:39:45.301+0000] {dag.py:4180} INFO - Setting next_dagrun for example_subdag_operator.section-1 to None, run_after=None
[2024-10-06T04:39:45.304+0000] {logging_mixin.py:190} INFO - [2024-10-06T04:39:45.303+0000] {dag.py:4180} INFO - Setting next_dagrun for example_subdag_operator.section-2 to None, run_after=None
[2024-10-06T04:39:45.315+0000] {logging_mixin.py:190} INFO - [2024-10-06T04:39:45.315+0000] {dag.py:3239} INFO - Sync 2 DAGs
[2024-10-06T04:39:45.324+0000] {logging_mixin.py:190} INFO - [2024-10-06T04:39:45.324+0000] {dag.py:4180} INFO - Setting next_dagrun for example_subdag_operator.section-1 to None, run_after=None
[2024-10-06T04:39:45.325+0000] {logging_mixin.py:190} INFO - [2024-10-06T04:39:45.325+0000] {dag.py:4180} INFO - Setting next_dagrun for example_subdag_operator.section-2 to None, run_after=None
[2024-10-06T04:39:45.339+0000] {processor.py:208} INFO - Processing /home/airflow/.local/lib/python3.12/site-packages/airflow/example_dags/example_subdag_operator.py took 0.174 seconds
[2024-10-06T04:40:16.513+0000] {processor.py:186} INFO - Started process (PID=197) to work on /home/airflow/.local/lib/python3.12/site-packages/airflow/example_dags/example_subdag_operator.py
[2024-10-06T04:40:16.532+0000] {processor.py:914} INFO - Processing file /home/airflow/.local/lib/python3.12/site-packages/airflow/example_dags/example_subdag_operator.py for tasks to queue
[2024-10-06T04:40:16.536+0000] {logging_mixin.py:190} INFO - [2024-10-06T04:40:16.535+0000] {dagbag.py:588} INFO - Filling up the DagBag from /home/airflow/.local/lib/python3.12/site-packages/airflow/example_dags/example_subdag_operator.py
[2024-10-06T04:40:16.601+0000] {processor.py:925} INFO - DAG(s) 'example_subdag_operator.section-1', 'example_subdag_operator.section-2', 'example_subdag_operator' retrieved from /home/airflow/.local/lib/python3.12/site-packages/airflow/example_dags/example_subdag_operator.py
[2024-10-06T04:40:16.622+0000] {logging_mixin.py:190} INFO - [2024-10-06T04:40:16.622+0000] {dag.py:3239} INFO - Sync 3 DAGs
[2024-10-06T04:40:16.662+0000] {logging_mixin.py:190} INFO - [2024-10-06T04:40:16.661+0000] {dag.py:4180} INFO - Setting next_dagrun for example_subdag_operator to 2022-01-01 00:00:00+00:00, run_after=2022-01-01 00:00:00+00:00
[2024-10-06T04:40:16.666+0000] {logging_mixin.py:190} INFO - [2024-10-06T04:40:16.666+0000] {dag.py:4180} INFO - Setting next_dagrun for example_subdag_operator.section-1 to None, run_after=None
[2024-10-06T04:40:16.668+0000] {logging_mixin.py:190} INFO - [2024-10-06T04:40:16.668+0000] {dag.py:4180} INFO - Setting next_dagrun for example_subdag_operator.section-2 to None, run_after=None
[2024-10-06T04:40:16.679+0000] {logging_mixin.py:190} INFO - [2024-10-06T04:40:16.679+0000] {dag.py:3239} INFO - Sync 2 DAGs
[2024-10-06T04:40:16.688+0000] {logging_mixin.py:190} INFO - [2024-10-06T04:40:16.688+0000] {dag.py:4180} INFO - Setting next_dagrun for example_subdag_operator.section-1 to None, run_after=None
[2024-10-06T04:40:16.688+0000] {logging_mixin.py:190} INFO - [2024-10-06T04:40:16.688+0000] {dag.py:4180} INFO - Setting next_dagrun for example_subdag_operator.section-2 to None, run_after=None
[2024-10-06T04:40:16.701+0000] {processor.py:208} INFO - Processing /home/airflow/.local/lib/python3.12/site-packages/airflow/example_dags/example_subdag_operator.py took 0.215 seconds
[2024-10-06T04:40:47.530+0000] {processor.py:186} INFO - Started process (PID=259) to work on /home/airflow/.local/lib/python3.12/site-packages/airflow/example_dags/example_subdag_operator.py
[2024-10-06T04:40:47.540+0000] {processor.py:914} INFO - Processing file /home/airflow/.local/lib/python3.12/site-packages/airflow/example_dags/example_subdag_operator.py for tasks to queue
[2024-10-06T04:40:47.553+0000] {logging_mixin.py:190} INFO - [2024-10-06T04:40:47.552+0000] {dagbag.py:588} INFO - Filling up the DagBag from /home/airflow/.local/lib/python3.12/site-packages/airflow/example_dags/example_subdag_operator.py
[2024-10-06T04:40:47.639+0000] {processor.py:925} INFO - DAG(s) 'example_subdag_operator.section-1', 'example_subdag_operator.section-2', 'example_subdag_operator' retrieved from /home/airflow/.local/lib/python3.12/site-packages/airflow/example_dags/example_subdag_operator.py
[2024-10-06T04:40:47.660+0000] {logging_mixin.py:190} INFO - [2024-10-06T04:40:47.659+0000] {dag.py:3239} INFO - Sync 3 DAGs
[2024-10-06T04:40:47.694+0000] {logging_mixin.py:190} INFO - [2024-10-06T04:40:47.694+0000] {dag.py:4180} INFO - Setting next_dagrun for example_subdag_operator to 2022-01-01 00:00:00+00:00, run_after=2022-01-01 00:00:00+00:00
[2024-10-06T04:40:47.700+0000] {logging_mixin.py:190} INFO - [2024-10-06T04:40:47.700+0000] {dag.py:4180} INFO - Setting next_dagrun for example_subdag_operator.section-1 to None, run_after=None
[2024-10-06T04:40:47.702+0000] {logging_mixin.py:190} INFO - [2024-10-06T04:40:47.702+0000] {dag.py:4180} INFO - Setting next_dagrun for example_subdag_operator.section-2 to None, run_after=None
[2024-10-06T04:40:47.714+0000] {logging_mixin.py:190} INFO - [2024-10-06T04:40:47.713+0000] {dag.py:3239} INFO - Sync 2 DAGs
[2024-10-06T04:40:47.724+0000] {logging_mixin.py:190} INFO - [2024-10-06T04:40:47.723+0000] {dag.py:4180} INFO - Setting next_dagrun for example_subdag_operator.section-1 to None, run_after=None
[2024-10-06T04:40:47.724+0000] {logging_mixin.py:190} INFO - [2024-10-06T04:40:47.724+0000] {dag.py:4180} INFO - Setting next_dagrun for example_subdag_operator.section-2 to None, run_after=None
[2024-10-06T04:40:47.776+0000] {processor.py:208} INFO - Processing /home/airflow/.local/lib/python3.12/site-packages/airflow/example_dags/example_subdag_operator.py took 0.258 seconds
[2024-10-06T04:41:17.868+0000] {processor.py:186} INFO - Started process (PID=320) to work on /home/airflow/.local/lib/python3.12/site-packages/airflow/example_dags/example_subdag_operator.py
[2024-10-06T04:41:17.869+0000] {processor.py:914} INFO - Processing file /home/airflow/.local/lib/python3.12/site-packages/airflow/example_dags/example_subdag_operator.py for tasks to queue
[2024-10-06T04:41:17.877+0000] {logging_mixin.py:190} INFO - [2024-10-06T04:41:17.877+0000] {dagbag.py:588} INFO - Filling up the DagBag from /home/airflow/.local/lib/python3.12/site-packages/airflow/example_dags/example_subdag_operator.py
[2024-10-06T04:41:17.923+0000] {processor.py:925} INFO - DAG(s) 'example_subdag_operator.section-1', 'example_subdag_operator.section-2', 'example_subdag_operator' retrieved from /home/airflow/.local/lib/python3.12/site-packages/airflow/example_dags/example_subdag_operator.py
[2024-10-06T04:41:17.949+0000] {logging_mixin.py:190} INFO - [2024-10-06T04:41:17.949+0000] {dag.py:3239} INFO - Sync 3 DAGs
[2024-10-06T04:41:17.997+0000] {logging_mixin.py:190} INFO - [2024-10-06T04:41:17.996+0000] {dag.py:4180} INFO - Setting next_dagrun for example_subdag_operator to 2022-01-01 00:00:00+00:00, run_after=2022-01-01 00:00:00+00:00
[2024-10-06T04:41:18.003+0000] {logging_mixin.py:190} INFO - [2024-10-06T04:41:18.003+0000] {dag.py:4180} INFO - Setting next_dagrun for example_subdag_operator.section-1 to None, run_after=None
[2024-10-06T04:41:18.006+0000] {logging_mixin.py:190} INFO - [2024-10-06T04:41:18.005+0000] {dag.py:4180} INFO - Setting next_dagrun for example_subdag_operator.section-2 to None, run_after=None
[2024-10-06T04:41:18.018+0000] {logging_mixin.py:190} INFO - [2024-10-06T04:41:18.018+0000] {dag.py:3239} INFO - Sync 2 DAGs
[2024-10-06T04:41:18.028+0000] {logging_mixin.py:190} INFO - [2024-10-06T04:41:18.028+0000] {dag.py:4180} INFO - Setting next_dagrun for example_subdag_operator.section-1 to None, run_after=None
[2024-10-06T04:41:18.029+0000] {logging_mixin.py:190} INFO - [2024-10-06T04:41:18.029+0000] {dag.py:4180} INFO - Setting next_dagrun for example_subdag_operator.section-2 to None, run_after=None
[2024-10-06T04:41:18.045+0000] {processor.py:208} INFO - Processing /home/airflow/.local/lib/python3.12/site-packages/airflow/example_dags/example_subdag_operator.py took 0.189 seconds
[2024-10-06T04:41:48.763+0000] {processor.py:186} INFO - Started process (PID=382) to work on /home/airflow/.local/lib/python3.12/site-packages/airflow/example_dags/example_subdag_operator.py
[2024-10-06T04:41:48.765+0000] {processor.py:914} INFO - Processing file /home/airflow/.local/lib/python3.12/site-packages/airflow/example_dags/example_subdag_operator.py for tasks to queue
[2024-10-06T04:41:48.768+0000] {logging_mixin.py:190} INFO - [2024-10-06T04:41:48.768+0000] {dagbag.py:588} INFO - Filling up the DagBag from /home/airflow/.local/lib/python3.12/site-packages/airflow/example_dags/example_subdag_operator.py
[2024-10-06T04:41:48.801+0000] {processor.py:925} INFO - DAG(s) 'example_subdag_operator.section-1', 'example_subdag_operator.section-2', 'example_subdag_operator' retrieved from /home/airflow/.local/lib/python3.12/site-packages/airflow/example_dags/example_subdag_operator.py
[2024-10-06T04:41:48.819+0000] {logging_mixin.py:190} INFO - [2024-10-06T04:41:48.818+0000] {dag.py:3239} INFO - Sync 3 DAGs
[2024-10-06T04:41:48.849+0000] {logging_mixin.py:190} INFO - [2024-10-06T04:41:48.849+0000] {dag.py:4180} INFO - Setting next_dagrun for example_subdag_operator to 2022-01-01 00:00:00+00:00, run_after=2022-01-01 00:00:00+00:00
[2024-10-06T04:41:48.855+0000] {logging_mixin.py:190} INFO - [2024-10-06T04:41:48.854+0000] {dag.py:4180} INFO - Setting next_dagrun for example_subdag_operator.section-1 to None, run_after=None
[2024-10-06T04:41:48.857+0000] {logging_mixin.py:190} INFO - [2024-10-06T04:41:48.856+0000] {dag.py:4180} INFO - Setting next_dagrun for example_subdag_operator.section-2 to None, run_after=None
[2024-10-06T04:41:48.866+0000] {logging_mixin.py:190} INFO - [2024-10-06T04:41:48.866+0000] {dag.py:3239} INFO - Sync 2 DAGs
[2024-10-06T04:41:48.874+0000] {logging_mixin.py:190} INFO - [2024-10-06T04:41:48.874+0000] {dag.py:4180} INFO - Setting next_dagrun for example_subdag_operator.section-1 to None, run_after=None
[2024-10-06T04:41:48.875+0000] {logging_mixin.py:190} INFO - [2024-10-06T04:41:48.875+0000] {dag.py:4180} INFO - Setting next_dagrun for example_subdag_operator.section-2 to None, run_after=None
[2024-10-06T04:41:48.887+0000] {processor.py:208} INFO - Processing /home/airflow/.local/lib/python3.12/site-packages/airflow/example_dags/example_subdag_operator.py took 0.132 seconds
[2024-10-06T04:42:19.626+0000] {processor.py:186} INFO - Started process (PID=444) to work on /home/airflow/.local/lib/python3.12/site-packages/airflow/example_dags/example_subdag_operator.py
[2024-10-06T04:42:19.627+0000] {processor.py:914} INFO - Processing file /home/airflow/.local/lib/python3.12/site-packages/airflow/example_dags/example_subdag_operator.py for tasks to queue
[2024-10-06T04:42:19.631+0000] {logging_mixin.py:190} INFO - [2024-10-06T04:42:19.630+0000] {dagbag.py:588} INFO - Filling up the DagBag from /home/airflow/.local/lib/python3.12/site-packages/airflow/example_dags/example_subdag_operator.py
[2024-10-06T04:42:19.669+0000] {processor.py:925} INFO - DAG(s) 'example_subdag_operator.section-1', 'example_subdag_operator.section-2', 'example_subdag_operator' retrieved from /home/airflow/.local/lib/python3.12/site-packages/airflow/example_dags/example_subdag_operator.py
[2024-10-06T04:42:19.693+0000] {logging_mixin.py:190} INFO - [2024-10-06T04:42:19.692+0000] {dag.py:3239} INFO - Sync 3 DAGs
[2024-10-06T04:42:19.728+0000] {logging_mixin.py:190} INFO - [2024-10-06T04:42:19.728+0000] {dag.py:4180} INFO - Setting next_dagrun for example_subdag_operator to 2022-01-01 00:00:00+00:00, run_after=2022-01-01 00:00:00+00:00
[2024-10-06T04:42:19.734+0000] {logging_mixin.py:190} INFO - [2024-10-06T04:42:19.734+0000] {dag.py:4180} INFO - Setting next_dagrun for example_subdag_operator.section-1 to None, run_after=None
[2024-10-06T04:42:19.737+0000] {logging_mixin.py:190} INFO - [2024-10-06T04:42:19.737+0000] {dag.py:4180} INFO - Setting next_dagrun for example_subdag_operator.section-2 to None, run_after=None
[2024-10-06T04:42:19.749+0000] {logging_mixin.py:190} INFO - [2024-10-06T04:42:19.749+0000] {dag.py:3239} INFO - Sync 2 DAGs
[2024-10-06T04:42:19.757+0000] {logging_mixin.py:190} INFO - [2024-10-06T04:42:19.757+0000] {dag.py:4180} INFO - Setting next_dagrun for example_subdag_operator.section-1 to None, run_after=None
[2024-10-06T04:42:19.758+0000] {logging_mixin.py:190} INFO - [2024-10-06T04:42:19.758+0000] {dag.py:4180} INFO - Setting next_dagrun for example_subdag_operator.section-2 to None, run_after=None
[2024-10-06T04:42:19.771+0000] {processor.py:208} INFO - Processing /home/airflow/.local/lib/python3.12/site-packages/airflow/example_dags/example_subdag_operator.py took 0.154 seconds
[2024-10-06T04:45:44.887+0000] {processor.py:186} INFO - Started process (PID=66) to work on /home/airflow/.local/lib/python3.12/site-packages/airflow/example_dags/example_subdag_operator.py
[2024-10-06T04:45:44.889+0000] {processor.py:914} INFO - Processing file /home/airflow/.local/lib/python3.12/site-packages/airflow/example_dags/example_subdag_operator.py for tasks to queue
[2024-10-06T04:45:44.893+0000] {logging_mixin.py:190} INFO - [2024-10-06T04:45:44.893+0000] {dagbag.py:588} INFO - Filling up the DagBag from /home/airflow/.local/lib/python3.12/site-packages/airflow/example_dags/example_subdag_operator.py
[2024-10-06T04:45:44.940+0000] {processor.py:925} INFO - DAG(s) 'example_subdag_operator.section-1', 'example_subdag_operator.section-2', 'example_subdag_operator' retrieved from /home/airflow/.local/lib/python3.12/site-packages/airflow/example_dags/example_subdag_operator.py
[2024-10-06T04:45:44.964+0000] {logging_mixin.py:190} INFO - [2024-10-06T04:45:44.964+0000] {dag.py:3239} INFO - Sync 3 DAGs
[2024-10-06T04:45:45.007+0000] {logging_mixin.py:190} INFO - [2024-10-06T04:45:45.006+0000] {dag.py:4180} INFO - Setting next_dagrun for example_subdag_operator to 2022-01-01 00:00:00+00:00, run_after=2022-01-01 00:00:00+00:00
[2024-10-06T04:45:45.013+0000] {logging_mixin.py:190} INFO - [2024-10-06T04:45:45.013+0000] {dag.py:4180} INFO - Setting next_dagrun for example_subdag_operator.section-1 to None, run_after=None
[2024-10-06T04:45:45.016+0000] {logging_mixin.py:190} INFO - [2024-10-06T04:45:45.015+0000] {dag.py:4180} INFO - Setting next_dagrun for example_subdag_operator.section-2 to None, run_after=None
[2024-10-06T04:45:45.038+0000] {logging_mixin.py:190} INFO - [2024-10-06T04:45:45.038+0000] {dag.py:3239} INFO - Sync 2 DAGs
[2024-10-06T04:45:45.047+0000] {logging_mixin.py:190} INFO - [2024-10-06T04:45:45.047+0000] {dag.py:4180} INFO - Setting next_dagrun for example_subdag_operator.section-1 to None, run_after=None
[2024-10-06T04:45:45.048+0000] {logging_mixin.py:190} INFO - [2024-10-06T04:45:45.047+0000] {dag.py:4180} INFO - Setting next_dagrun for example_subdag_operator.section-2 to None, run_after=None
[2024-10-06T04:45:45.063+0000] {processor.py:208} INFO - Processing /home/airflow/.local/lib/python3.12/site-packages/airflow/example_dags/example_subdag_operator.py took 0.185 seconds
[2024-10-06T04:46:15.902+0000] {processor.py:186} INFO - Started process (PID=128) to work on /home/airflow/.local/lib/python3.12/site-packages/airflow/example_dags/example_subdag_operator.py
[2024-10-06T04:46:15.904+0000] {processor.py:914} INFO - Processing file /home/airflow/.local/lib/python3.12/site-packages/airflow/example_dags/example_subdag_operator.py for tasks to queue
[2024-10-06T04:46:15.908+0000] {logging_mixin.py:190} INFO - [2024-10-06T04:46:15.907+0000] {dagbag.py:588} INFO - Filling up the DagBag from /home/airflow/.local/lib/python3.12/site-packages/airflow/example_dags/example_subdag_operator.py
[2024-10-06T04:46:15.957+0000] {processor.py:925} INFO - DAG(s) 'example_subdag_operator.section-1', 'example_subdag_operator.section-2', 'example_subdag_operator' retrieved from /home/airflow/.local/lib/python3.12/site-packages/airflow/example_dags/example_subdag_operator.py
[2024-10-06T04:46:15.976+0000] {logging_mixin.py:190} INFO - [2024-10-06T04:46:15.975+0000] {dag.py:3239} INFO - Sync 3 DAGs
[2024-10-06T04:46:16.003+0000] {logging_mixin.py:190} INFO - [2024-10-06T04:46:16.003+0000] {dag.py:4180} INFO - Setting next_dagrun for example_subdag_operator to 2022-01-01 00:00:00+00:00, run_after=2022-01-01 00:00:00+00:00
[2024-10-06T04:46:16.008+0000] {logging_mixin.py:190} INFO - [2024-10-06T04:46:16.008+0000] {dag.py:4180} INFO - Setting next_dagrun for example_subdag_operator.section-1 to None, run_after=None
[2024-10-06T04:46:16.013+0000] {logging_mixin.py:190} INFO - [2024-10-06T04:46:16.013+0000] {dag.py:4180} INFO - Setting next_dagrun for example_subdag_operator.section-2 to None, run_after=None
[2024-10-06T04:46:16.023+0000] {logging_mixin.py:190} INFO - [2024-10-06T04:46:16.023+0000] {dag.py:3239} INFO - Sync 2 DAGs
[2024-10-06T04:46:16.030+0000] {logging_mixin.py:190} INFO - [2024-10-06T04:46:16.030+0000] {dag.py:4180} INFO - Setting next_dagrun for example_subdag_operator.section-1 to None, run_after=None
[2024-10-06T04:46:16.030+0000] {logging_mixin.py:190} INFO - [2024-10-06T04:46:16.030+0000] {dag.py:4180} INFO - Setting next_dagrun for example_subdag_operator.section-2 to None, run_after=None
[2024-10-06T04:46:16.043+0000] {processor.py:208} INFO - Processing /home/airflow/.local/lib/python3.12/site-packages/airflow/example_dags/example_subdag_operator.py took 0.155 seconds
