[2024-10-06T04:19:04.242+0000] {processor.py:186} INFO - Started process (PID=82) to work on /home/airflow/.local/lib/python3.12/site-packages/airflow/example_dags/example_sla_dag.py
[2024-10-06T04:19:04.243+0000] {processor.py:914} INFO - Processing file /home/airflow/.local/lib/python3.12/site-packages/airflow/example_dags/example_sla_dag.py for tasks to queue
[2024-10-06T04:19:04.247+0000] {logging_mixin.py:190} INFO - [2024-10-06T04:19:04.246+0000] {dagbag.py:588} INFO - Filling up the DagBag from /home/airflow/.local/lib/python3.12/site-packages/airflow/example_dags/example_sla_dag.py
[2024-10-06T04:19:04.263+0000] {processor.py:925} INFO - DAG(s) 'example_sla_dag' retrieved from /home/airflow/.local/lib/python3.12/site-packages/airflow/example_dags/example_sla_dag.py
[2024-10-06T04:19:04.419+0000] {logging_mixin.py:190} INFO - [2024-10-06T04:19:04.418+0000] {override.py:1900} INFO - Created Permission View: can edit on DAG:example_sla_dag
[2024-10-06T04:19:04.430+0000] {logging_mixin.py:190} INFO - [2024-10-06T04:19:04.429+0000] {override.py:1900} INFO - Created Permission View: can delete on DAG:example_sla_dag
[2024-10-06T04:19:04.437+0000] {logging_mixin.py:190} INFO - [2024-10-06T04:19:04.436+0000] {override.py:1900} INFO - Created Permission View: can read on DAG:example_sla_dag
[2024-10-06T04:19:04.444+0000] {logging_mixin.py:190} INFO - [2024-10-06T04:19:04.444+0000] {override.py:1900} INFO - Created Permission View: can create on DAG Run:example_sla_dag
[2024-10-06T04:19:04.452+0000] {logging_mixin.py:190} INFO - [2024-10-06T04:19:04.452+0000] {override.py:1900} INFO - Created Permission View: menu access on DAG Run:example_sla_dag
[2024-10-06T04:19:04.459+0000] {logging_mixin.py:190} INFO - [2024-10-06T04:19:04.459+0000] {override.py:1900} INFO - Created Permission View: can read on DAG Run:example_sla_dag
[2024-10-06T04:19:04.467+0000] {logging_mixin.py:190} INFO - [2024-10-06T04:19:04.467+0000] {override.py:1900} INFO - Created Permission View: can delete on DAG Run:example_sla_dag
[2024-10-06T04:19:04.468+0000] {logging_mixin.py:190} INFO - [2024-10-06T04:19:04.468+0000] {dag.py:3239} INFO - Sync 1 DAGs
[2024-10-06T04:19:04.487+0000] {logging_mixin.py:190} INFO - [2024-10-06T04:19:04.486+0000] {dag.py:3262} INFO - Creating ORM DAG for example_sla_dag
[2024-10-06T04:19:04.502+0000] {logging_mixin.py:190} INFO - [2024-10-06T04:19:04.502+0000] {dag.py:4180} INFO - Setting next_dagrun for example_sla_dag to 2024-10-06 04:16:00+00:00, run_after=2024-10-06 04:18:00+00:00
[2024-10-06T04:19:04.520+0000] {processor.py:208} INFO - Processing /home/airflow/.local/lib/python3.12/site-packages/airflow/example_dags/example_sla_dag.py took 0.286 seconds
[2024-10-06T04:19:52.530+0000] {processor.py:186} INFO - Started process (PID=150) to work on /home/airflow/.local/lib/python3.12/site-packages/airflow/example_dags/example_sla_dag.py
[2024-10-06T04:19:52.531+0000] {processor.py:914} INFO - Processing file /home/airflow/.local/lib/python3.12/site-packages/airflow/example_dags/example_sla_dag.py for tasks to queue
[2024-10-06T04:19:52.536+0000] {logging_mixin.py:190} INFO - [2024-10-06T04:19:52.535+0000] {dagbag.py:588} INFO - Filling up the DagBag from /home/airflow/.local/lib/python3.12/site-packages/airflow/example_dags/example_sla_dag.py
[2024-10-06T04:19:52.556+0000] {processor.py:925} INFO - DAG(s) 'example_sla_dag' retrieved from /home/airflow/.local/lib/python3.12/site-packages/airflow/example_dags/example_sla_dag.py
[2024-10-06T04:19:52.590+0000] {logging_mixin.py:190} INFO - [2024-10-06T04:19:52.589+0000] {dag.py:3239} INFO - Sync 1 DAGs
[2024-10-06T04:19:52.638+0000] {logging_mixin.py:190} INFO - [2024-10-06T04:19:52.637+0000] {dag.py:4180} INFO - Setting next_dagrun for example_sla_dag to 2024-10-06 04:16:00+00:00, run_after=2024-10-06 04:18:00+00:00
[2024-10-06T04:19:52.663+0000] {processor.py:208} INFO - Processing /home/airflow/.local/lib/python3.12/site-packages/airflow/example_dags/example_sla_dag.py took 0.142 seconds
[2024-10-06T04:20:23.234+0000] {processor.py:186} INFO - Started process (PID=212) to work on /home/airflow/.local/lib/python3.12/site-packages/airflow/example_dags/example_sla_dag.py
[2024-10-06T04:20:23.235+0000] {processor.py:914} INFO - Processing file /home/airflow/.local/lib/python3.12/site-packages/airflow/example_dags/example_sla_dag.py for tasks to queue
[2024-10-06T04:20:23.238+0000] {logging_mixin.py:190} INFO - [2024-10-06T04:20:23.238+0000] {dagbag.py:588} INFO - Filling up the DagBag from /home/airflow/.local/lib/python3.12/site-packages/airflow/example_dags/example_sla_dag.py
[2024-10-06T04:20:23.252+0000] {processor.py:925} INFO - DAG(s) 'example_sla_dag' retrieved from /home/airflow/.local/lib/python3.12/site-packages/airflow/example_dags/example_sla_dag.py
[2024-10-06T04:20:23.285+0000] {logging_mixin.py:190} INFO - [2024-10-06T04:20:23.285+0000] {dag.py:3239} INFO - Sync 1 DAGs
[2024-10-06T04:20:23.323+0000] {logging_mixin.py:190} INFO - [2024-10-06T04:20:23.322+0000] {dag.py:4180} INFO - Setting next_dagrun for example_sla_dag to 2024-10-06 04:18:00+00:00, run_after=2024-10-06 04:20:00+00:00
[2024-10-06T04:20:23.344+0000] {processor.py:208} INFO - Processing /home/airflow/.local/lib/python3.12/site-packages/airflow/example_dags/example_sla_dag.py took 0.118 seconds
[2024-10-06T04:20:53.589+0000] {processor.py:186} INFO - Started process (PID=275) to work on /home/airflow/.local/lib/python3.12/site-packages/airflow/example_dags/example_sla_dag.py
[2024-10-06T04:20:53.591+0000] {processor.py:914} INFO - Processing file /home/airflow/.local/lib/python3.12/site-packages/airflow/example_dags/example_sla_dag.py for tasks to queue
[2024-10-06T04:20:53.595+0000] {logging_mixin.py:190} INFO - [2024-10-06T04:20:53.594+0000] {dagbag.py:588} INFO - Filling up the DagBag from /home/airflow/.local/lib/python3.12/site-packages/airflow/example_dags/example_sla_dag.py
[2024-10-06T04:20:53.611+0000] {processor.py:925} INFO - DAG(s) 'example_sla_dag' retrieved from /home/airflow/.local/lib/python3.12/site-packages/airflow/example_dags/example_sla_dag.py
[2024-10-06T04:20:53.643+0000] {logging_mixin.py:190} INFO - [2024-10-06T04:20:53.643+0000] {dag.py:3239} INFO - Sync 1 DAGs
[2024-10-06T04:20:53.687+0000] {logging_mixin.py:190} INFO - [2024-10-06T04:20:53.687+0000] {dag.py:4180} INFO - Setting next_dagrun for example_sla_dag to 2024-10-06 04:18:00+00:00, run_after=2024-10-06 04:20:00+00:00
[2024-10-06T04:20:53.717+0000] {processor.py:208} INFO - Processing /home/airflow/.local/lib/python3.12/site-packages/airflow/example_dags/example_sla_dag.py took 0.139 seconds
[2024-10-06T04:21:24.032+0000] {processor.py:186} INFO - Started process (PID=336) to work on /home/airflow/.local/lib/python3.12/site-packages/airflow/example_dags/example_sla_dag.py
[2024-10-06T04:21:24.056+0000] {processor.py:914} INFO - Processing file /home/airflow/.local/lib/python3.12/site-packages/airflow/example_dags/example_sla_dag.py for tasks to queue
[2024-10-06T04:21:24.061+0000] {logging_mixin.py:190} INFO - [2024-10-06T04:21:24.060+0000] {dagbag.py:588} INFO - Filling up the DagBag from /home/airflow/.local/lib/python3.12/site-packages/airflow/example_dags/example_sla_dag.py
[2024-10-06T04:21:24.114+0000] {processor.py:925} INFO - DAG(s) 'example_sla_dag' retrieved from /home/airflow/.local/lib/python3.12/site-packages/airflow/example_dags/example_sla_dag.py
[2024-10-06T04:21:24.177+0000] {logging_mixin.py:190} INFO - [2024-10-06T04:21:24.177+0000] {dag.py:3239} INFO - Sync 1 DAGs
[2024-10-06T04:21:24.223+0000] {logging_mixin.py:190} INFO - [2024-10-06T04:21:24.223+0000] {dag.py:4180} INFO - Setting next_dagrun for example_sla_dag to 2024-10-06 04:18:00+00:00, run_after=2024-10-06 04:20:00+00:00
[2024-10-06T04:21:24.255+0000] {processor.py:208} INFO - Processing /home/airflow/.local/lib/python3.12/site-packages/airflow/example_dags/example_sla_dag.py took 0.244 seconds
[2024-10-06T04:21:54.502+0000] {processor.py:186} INFO - Started process (PID=397) to work on /home/airflow/.local/lib/python3.12/site-packages/airflow/example_dags/example_sla_dag.py
[2024-10-06T04:21:54.504+0000] {processor.py:914} INFO - Processing file /home/airflow/.local/lib/python3.12/site-packages/airflow/example_dags/example_sla_dag.py for tasks to queue
[2024-10-06T04:21:54.508+0000] {logging_mixin.py:190} INFO - [2024-10-06T04:21:54.508+0000] {dagbag.py:588} INFO - Filling up the DagBag from /home/airflow/.local/lib/python3.12/site-packages/airflow/example_dags/example_sla_dag.py
[2024-10-06T04:21:54.523+0000] {processor.py:925} INFO - DAG(s) 'example_sla_dag' retrieved from /home/airflow/.local/lib/python3.12/site-packages/airflow/example_dags/example_sla_dag.py
[2024-10-06T04:21:54.554+0000] {logging_mixin.py:190} INFO - [2024-10-06T04:21:54.554+0000] {dag.py:3239} INFO - Sync 1 DAGs
[2024-10-06T04:21:54.590+0000] {logging_mixin.py:190} INFO - [2024-10-06T04:21:54.590+0000] {dag.py:4180} INFO - Setting next_dagrun for example_sla_dag to 2024-10-06 04:18:00+00:00, run_after=2024-10-06 04:20:00+00:00
[2024-10-06T04:21:54.614+0000] {processor.py:208} INFO - Processing /home/airflow/.local/lib/python3.12/site-packages/airflow/example_dags/example_sla_dag.py took 0.121 seconds
[2024-10-06T04:22:25.454+0000] {processor.py:186} INFO - Started process (PID=460) to work on /home/airflow/.local/lib/python3.12/site-packages/airflow/example_dags/example_sla_dag.py
[2024-10-06T04:22:25.455+0000] {processor.py:914} INFO - Processing file /home/airflow/.local/lib/python3.12/site-packages/airflow/example_dags/example_sla_dag.py for tasks to queue
[2024-10-06T04:22:25.460+0000] {logging_mixin.py:190} INFO - [2024-10-06T04:22:25.459+0000] {dagbag.py:588} INFO - Filling up the DagBag from /home/airflow/.local/lib/python3.12/site-packages/airflow/example_dags/example_sla_dag.py
[2024-10-06T04:22:25.475+0000] {processor.py:925} INFO - DAG(s) 'example_sla_dag' retrieved from /home/airflow/.local/lib/python3.12/site-packages/airflow/example_dags/example_sla_dag.py
[2024-10-06T04:22:25.529+0000] {logging_mixin.py:190} INFO - [2024-10-06T04:22:25.529+0000] {dag.py:3239} INFO - Sync 1 DAGs
[2024-10-06T04:22:25.593+0000] {logging_mixin.py:190} INFO - [2024-10-06T04:22:25.593+0000] {dag.py:4180} INFO - Setting next_dagrun for example_sla_dag to 2024-10-06 04:20:00+00:00, run_after=2024-10-06 04:22:00+00:00
[2024-10-06T04:22:25.622+0000] {processor.py:208} INFO - Processing /home/airflow/.local/lib/python3.12/site-packages/airflow/example_dags/example_sla_dag.py took 0.176 seconds
[2024-10-06T04:22:55.895+0000] {processor.py:186} INFO - Started process (PID=523) to work on /home/airflow/.local/lib/python3.12/site-packages/airflow/example_dags/example_sla_dag.py
[2024-10-06T04:22:55.897+0000] {processor.py:914} INFO - Processing file /home/airflow/.local/lib/python3.12/site-packages/airflow/example_dags/example_sla_dag.py for tasks to queue
[2024-10-06T04:22:55.900+0000] {logging_mixin.py:190} INFO - [2024-10-06T04:22:55.899+0000] {dagbag.py:588} INFO - Filling up the DagBag from /home/airflow/.local/lib/python3.12/site-packages/airflow/example_dags/example_sla_dag.py
[2024-10-06T04:22:55.915+0000] {processor.py:925} INFO - DAG(s) 'example_sla_dag' retrieved from /home/airflow/.local/lib/python3.12/site-packages/airflow/example_dags/example_sla_dag.py
[2024-10-06T04:22:55.947+0000] {logging_mixin.py:190} INFO - [2024-10-06T04:22:55.947+0000] {dag.py:3239} INFO - Sync 1 DAGs
[2024-10-06T04:22:55.994+0000] {logging_mixin.py:190} INFO - [2024-10-06T04:22:55.994+0000] {dag.py:4180} INFO - Setting next_dagrun for example_sla_dag to 2024-10-06 04:20:00+00:00, run_after=2024-10-06 04:22:00+00:00
[2024-10-06T04:22:56.026+0000] {processor.py:208} INFO - Processing /home/airflow/.local/lib/python3.12/site-packages/airflow/example_dags/example_sla_dag.py took 0.140 seconds
[2024-10-06T04:23:26.247+0000] {processor.py:186} INFO - Started process (PID=585) to work on /home/airflow/.local/lib/python3.12/site-packages/airflow/example_dags/example_sla_dag.py
[2024-10-06T04:23:26.248+0000] {processor.py:914} INFO - Processing file /home/airflow/.local/lib/python3.12/site-packages/airflow/example_dags/example_sla_dag.py for tasks to queue
[2024-10-06T04:23:26.251+0000] {logging_mixin.py:190} INFO - [2024-10-06T04:23:26.251+0000] {dagbag.py:588} INFO - Filling up the DagBag from /home/airflow/.local/lib/python3.12/site-packages/airflow/example_dags/example_sla_dag.py
[2024-10-06T04:23:26.265+0000] {processor.py:925} INFO - DAG(s) 'example_sla_dag' retrieved from /home/airflow/.local/lib/python3.12/site-packages/airflow/example_dags/example_sla_dag.py
[2024-10-06T04:23:26.288+0000] {logging_mixin.py:190} INFO - [2024-10-06T04:23:26.288+0000] {dag.py:3239} INFO - Sync 1 DAGs
[2024-10-06T04:23:26.318+0000] {logging_mixin.py:190} INFO - [2024-10-06T04:23:26.317+0000] {dag.py:4180} INFO - Setting next_dagrun for example_sla_dag to 2024-10-06 04:20:00+00:00, run_after=2024-10-06 04:22:00+00:00
[2024-10-06T04:23:26.338+0000] {processor.py:208} INFO - Processing /home/airflow/.local/lib/python3.12/site-packages/airflow/example_dags/example_sla_dag.py took 0.098 seconds
[2024-10-06T04:23:56.878+0000] {processor.py:186} INFO - Started process (PID=646) to work on /home/airflow/.local/lib/python3.12/site-packages/airflow/example_dags/example_sla_dag.py
[2024-10-06T04:23:56.879+0000] {processor.py:914} INFO - Processing file /home/airflow/.local/lib/python3.12/site-packages/airflow/example_dags/example_sla_dag.py for tasks to queue
[2024-10-06T04:23:56.883+0000] {logging_mixin.py:190} INFO - [2024-10-06T04:23:56.882+0000] {dagbag.py:588} INFO - Filling up the DagBag from /home/airflow/.local/lib/python3.12/site-packages/airflow/example_dags/example_sla_dag.py
[2024-10-06T04:23:56.896+0000] {processor.py:925} INFO - DAG(s) 'example_sla_dag' retrieved from /home/airflow/.local/lib/python3.12/site-packages/airflow/example_dags/example_sla_dag.py
[2024-10-06T04:23:56.921+0000] {logging_mixin.py:190} INFO - [2024-10-06T04:23:56.921+0000] {dag.py:3239} INFO - Sync 1 DAGs
[2024-10-06T04:23:56.956+0000] {logging_mixin.py:190} INFO - [2024-10-06T04:23:56.956+0000] {dag.py:4180} INFO - Setting next_dagrun for example_sla_dag to 2024-10-06 04:20:00+00:00, run_after=2024-10-06 04:22:00+00:00
[2024-10-06T04:23:56.986+0000] {processor.py:208} INFO - Processing /home/airflow/.local/lib/python3.12/site-packages/airflow/example_dags/example_sla_dag.py took 0.117 seconds
[2024-10-06T04:24:27.704+0000] {processor.py:186} INFO - Started process (PID=707) to work on /home/airflow/.local/lib/python3.12/site-packages/airflow/example_dags/example_sla_dag.py
[2024-10-06T04:24:27.706+0000] {processor.py:914} INFO - Processing file /home/airflow/.local/lib/python3.12/site-packages/airflow/example_dags/example_sla_dag.py for tasks to queue
[2024-10-06T04:24:27.709+0000] {logging_mixin.py:190} INFO - [2024-10-06T04:24:27.709+0000] {dagbag.py:588} INFO - Filling up the DagBag from /home/airflow/.local/lib/python3.12/site-packages/airflow/example_dags/example_sla_dag.py
[2024-10-06T04:24:27.724+0000] {processor.py:925} INFO - DAG(s) 'example_sla_dag' retrieved from /home/airflow/.local/lib/python3.12/site-packages/airflow/example_dags/example_sla_dag.py
[2024-10-06T04:24:27.759+0000] {logging_mixin.py:190} INFO - [2024-10-06T04:24:27.758+0000] {dag.py:3239} INFO - Sync 1 DAGs
[2024-10-06T04:24:27.794+0000] {logging_mixin.py:190} INFO - [2024-10-06T04:24:27.794+0000] {dag.py:4180} INFO - Setting next_dagrun for example_sla_dag to 2024-10-06 04:22:00+00:00, run_after=2024-10-06 04:24:00+00:00
[2024-10-06T04:24:27.818+0000] {processor.py:208} INFO - Processing /home/airflow/.local/lib/python3.12/site-packages/airflow/example_dags/example_sla_dag.py took 0.122 seconds
[2024-10-06T04:24:59.289+0000] {processor.py:186} INFO - Started process (PID=769) to work on /home/airflow/.local/lib/python3.12/site-packages/airflow/example_dags/example_sla_dag.py
[2024-10-06T04:24:59.290+0000] {processor.py:914} INFO - Processing file /home/airflow/.local/lib/python3.12/site-packages/airflow/example_dags/example_sla_dag.py for tasks to queue
[2024-10-06T04:24:59.294+0000] {logging_mixin.py:190} INFO - [2024-10-06T04:24:59.293+0000] {dagbag.py:588} INFO - Filling up the DagBag from /home/airflow/.local/lib/python3.12/site-packages/airflow/example_dags/example_sla_dag.py
[2024-10-06T04:24:59.308+0000] {processor.py:925} INFO - DAG(s) 'example_sla_dag' retrieved from /home/airflow/.local/lib/python3.12/site-packages/airflow/example_dags/example_sla_dag.py
[2024-10-06T04:24:59.335+0000] {logging_mixin.py:190} INFO - [2024-10-06T04:24:59.335+0000] {dag.py:3239} INFO - Sync 1 DAGs
[2024-10-06T04:24:59.368+0000] {logging_mixin.py:190} INFO - [2024-10-06T04:24:59.368+0000] {dag.py:4180} INFO - Setting next_dagrun for example_sla_dag to 2024-10-06 04:22:00+00:00, run_after=2024-10-06 04:24:00+00:00
[2024-10-06T04:24:59.412+0000] {processor.py:208} INFO - Processing /home/airflow/.local/lib/python3.12/site-packages/airflow/example_dags/example_sla_dag.py took 0.132 seconds
[2024-10-06T04:25:29.826+0000] {processor.py:186} INFO - Started process (PID=832) to work on /home/airflow/.local/lib/python3.12/site-packages/airflow/example_dags/example_sla_dag.py
[2024-10-06T04:25:29.828+0000] {processor.py:914} INFO - Processing file /home/airflow/.local/lib/python3.12/site-packages/airflow/example_dags/example_sla_dag.py for tasks to queue
[2024-10-06T04:25:29.833+0000] {logging_mixin.py:190} INFO - [2024-10-06T04:25:29.832+0000] {dagbag.py:588} INFO - Filling up the DagBag from /home/airflow/.local/lib/python3.12/site-packages/airflow/example_dags/example_sla_dag.py
[2024-10-06T04:25:29.854+0000] {processor.py:925} INFO - DAG(s) 'example_sla_dag' retrieved from /home/airflow/.local/lib/python3.12/site-packages/airflow/example_dags/example_sla_dag.py
[2024-10-06T04:25:29.890+0000] {logging_mixin.py:190} INFO - [2024-10-06T04:25:29.890+0000] {dag.py:3239} INFO - Sync 1 DAGs
[2024-10-06T04:25:29.929+0000] {logging_mixin.py:190} INFO - [2024-10-06T04:25:29.929+0000] {dag.py:4180} INFO - Setting next_dagrun for example_sla_dag to 2024-10-06 04:22:00+00:00, run_after=2024-10-06 04:24:00+00:00
[2024-10-06T04:25:29.959+0000] {processor.py:208} INFO - Processing /home/airflow/.local/lib/python3.12/site-packages/airflow/example_dags/example_sla_dag.py took 0.142 seconds
[2024-10-06T04:26:00.056+0000] {processor.py:186} INFO - Started process (PID=894) to work on /home/airflow/.local/lib/python3.12/site-packages/airflow/example_dags/example_sla_dag.py
[2024-10-06T04:26:00.057+0000] {processor.py:914} INFO - Processing file /home/airflow/.local/lib/python3.12/site-packages/airflow/example_dags/example_sla_dag.py for tasks to queue
[2024-10-06T04:26:00.061+0000] {logging_mixin.py:190} INFO - [2024-10-06T04:26:00.060+0000] {dagbag.py:588} INFO - Filling up the DagBag from /home/airflow/.local/lib/python3.12/site-packages/airflow/example_dags/example_sla_dag.py
[2024-10-06T04:26:00.077+0000] {processor.py:925} INFO - DAG(s) 'example_sla_dag' retrieved from /home/airflow/.local/lib/python3.12/site-packages/airflow/example_dags/example_sla_dag.py
[2024-10-06T04:26:00.107+0000] {logging_mixin.py:190} INFO - [2024-10-06T04:26:00.106+0000] {dag.py:3239} INFO - Sync 1 DAGs
[2024-10-06T04:26:00.143+0000] {logging_mixin.py:190} INFO - [2024-10-06T04:26:00.143+0000] {dag.py:4180} INFO - Setting next_dagrun for example_sla_dag to 2024-10-06 04:24:00+00:00, run_after=2024-10-06 04:26:00+00:00
[2024-10-06T04:26:00.171+0000] {processor.py:208} INFO - Processing /home/airflow/.local/lib/python3.12/site-packages/airflow/example_dags/example_sla_dag.py took 0.125 seconds
[2024-10-06T04:26:31.538+0000] {processor.py:186} INFO - Started process (PID=956) to work on /home/airflow/.local/lib/python3.12/site-packages/airflow/example_dags/example_sla_dag.py
[2024-10-06T04:26:31.540+0000] {processor.py:914} INFO - Processing file /home/airflow/.local/lib/python3.12/site-packages/airflow/example_dags/example_sla_dag.py for tasks to queue
[2024-10-06T04:26:31.544+0000] {logging_mixin.py:190} INFO - [2024-10-06T04:26:31.544+0000] {dagbag.py:588} INFO - Filling up the DagBag from /home/airflow/.local/lib/python3.12/site-packages/airflow/example_dags/example_sla_dag.py
[2024-10-06T04:26:31.564+0000] {processor.py:925} INFO - DAG(s) 'example_sla_dag' retrieved from /home/airflow/.local/lib/python3.12/site-packages/airflow/example_dags/example_sla_dag.py
[2024-10-06T04:26:31.597+0000] {logging_mixin.py:190} INFO - [2024-10-06T04:26:31.596+0000] {dag.py:3239} INFO - Sync 1 DAGs
[2024-10-06T04:26:31.639+0000] {logging_mixin.py:190} INFO - [2024-10-06T04:26:31.638+0000] {dag.py:4180} INFO - Setting next_dagrun for example_sla_dag to 2024-10-06 04:24:00+00:00, run_after=2024-10-06 04:26:00+00:00
[2024-10-06T04:26:31.667+0000] {processor.py:208} INFO - Processing /home/airflow/.local/lib/python3.12/site-packages/airflow/example_dags/example_sla_dag.py took 0.139 seconds
[2024-10-06T04:27:01.972+0000] {processor.py:186} INFO - Started process (PID=1018) to work on /home/airflow/.local/lib/python3.12/site-packages/airflow/example_dags/example_sla_dag.py
[2024-10-06T04:27:01.974+0000] {processor.py:914} INFO - Processing file /home/airflow/.local/lib/python3.12/site-packages/airflow/example_dags/example_sla_dag.py for tasks to queue
[2024-10-06T04:27:01.977+0000] {logging_mixin.py:190} INFO - [2024-10-06T04:27:01.977+0000] {dagbag.py:588} INFO - Filling up the DagBag from /home/airflow/.local/lib/python3.12/site-packages/airflow/example_dags/example_sla_dag.py
[2024-10-06T04:27:01.994+0000] {processor.py:925} INFO - DAG(s) 'example_sla_dag' retrieved from /home/airflow/.local/lib/python3.12/site-packages/airflow/example_dags/example_sla_dag.py
[2024-10-06T04:27:02.028+0000] {logging_mixin.py:190} INFO - [2024-10-06T04:27:02.028+0000] {dag.py:3239} INFO - Sync 1 DAGs
[2024-10-06T04:27:02.081+0000] {logging_mixin.py:190} INFO - [2024-10-06T04:27:02.080+0000] {dag.py:4180} INFO - Setting next_dagrun for example_sla_dag to 2024-10-06 04:24:00+00:00, run_after=2024-10-06 04:26:00+00:00
[2024-10-06T04:27:02.113+0000] {processor.py:208} INFO - Processing /home/airflow/.local/lib/python3.12/site-packages/airflow/example_dags/example_sla_dag.py took 0.151 seconds
[2024-10-06T04:27:32.627+0000] {processor.py:186} INFO - Started process (PID=1080) to work on /home/airflow/.local/lib/python3.12/site-packages/airflow/example_dags/example_sla_dag.py
[2024-10-06T04:27:32.629+0000] {processor.py:914} INFO - Processing file /home/airflow/.local/lib/python3.12/site-packages/airflow/example_dags/example_sla_dag.py for tasks to queue
[2024-10-06T04:27:32.633+0000] {logging_mixin.py:190} INFO - [2024-10-06T04:27:32.633+0000] {dagbag.py:588} INFO - Filling up the DagBag from /home/airflow/.local/lib/python3.12/site-packages/airflow/example_dags/example_sla_dag.py
[2024-10-06T04:27:32.650+0000] {processor.py:925} INFO - DAG(s) 'example_sla_dag' retrieved from /home/airflow/.local/lib/python3.12/site-packages/airflow/example_dags/example_sla_dag.py
[2024-10-06T04:27:32.677+0000] {logging_mixin.py:190} INFO - [2024-10-06T04:27:32.677+0000] {dag.py:3239} INFO - Sync 1 DAGs
[2024-10-06T04:27:32.718+0000] {logging_mixin.py:190} INFO - [2024-10-06T04:27:32.718+0000] {dag.py:4180} INFO - Setting next_dagrun for example_sla_dag to 2024-10-06 04:24:00+00:00, run_after=2024-10-06 04:26:00+00:00
[2024-10-06T04:27:32.743+0000] {processor.py:208} INFO - Processing /home/airflow/.local/lib/python3.12/site-packages/airflow/example_dags/example_sla_dag.py took 0.126 seconds
[2024-10-06T04:28:03.489+0000] {processor.py:186} INFO - Started process (PID=1142) to work on /home/airflow/.local/lib/python3.12/site-packages/airflow/example_dags/example_sla_dag.py
[2024-10-06T04:28:03.490+0000] {processor.py:914} INFO - Processing file /home/airflow/.local/lib/python3.12/site-packages/airflow/example_dags/example_sla_dag.py for tasks to queue
[2024-10-06T04:28:03.494+0000] {logging_mixin.py:190} INFO - [2024-10-06T04:28:03.493+0000] {dagbag.py:588} INFO - Filling up the DagBag from /home/airflow/.local/lib/python3.12/site-packages/airflow/example_dags/example_sla_dag.py
[2024-10-06T04:28:03.508+0000] {processor.py:925} INFO - DAG(s) 'example_sla_dag' retrieved from /home/airflow/.local/lib/python3.12/site-packages/airflow/example_dags/example_sla_dag.py
[2024-10-06T04:28:03.540+0000] {logging_mixin.py:190} INFO - [2024-10-06T04:28:03.540+0000] {dag.py:3239} INFO - Sync 1 DAGs
[2024-10-06T04:28:03.572+0000] {logging_mixin.py:190} INFO - [2024-10-06T04:28:03.571+0000] {dag.py:4180} INFO - Setting next_dagrun for example_sla_dag to 2024-10-06 04:26:00+00:00, run_after=2024-10-06 04:28:00+00:00
[2024-10-06T04:28:03.605+0000] {processor.py:208} INFO - Processing /home/airflow/.local/lib/python3.12/site-packages/airflow/example_dags/example_sla_dag.py took 0.125 seconds
[2024-10-06T04:28:34.412+0000] {processor.py:186} INFO - Started process (PID=1204) to work on /home/airflow/.local/lib/python3.12/site-packages/airflow/example_dags/example_sla_dag.py
[2024-10-06T04:28:34.414+0000] {processor.py:914} INFO - Processing file /home/airflow/.local/lib/python3.12/site-packages/airflow/example_dags/example_sla_dag.py for tasks to queue
[2024-10-06T04:28:34.417+0000] {logging_mixin.py:190} INFO - [2024-10-06T04:28:34.416+0000] {dagbag.py:588} INFO - Filling up the DagBag from /home/airflow/.local/lib/python3.12/site-packages/airflow/example_dags/example_sla_dag.py
[2024-10-06T04:28:34.437+0000] {processor.py:925} INFO - DAG(s) 'example_sla_dag' retrieved from /home/airflow/.local/lib/python3.12/site-packages/airflow/example_dags/example_sla_dag.py
[2024-10-06T04:28:34.467+0000] {logging_mixin.py:190} INFO - [2024-10-06T04:28:34.466+0000] {dag.py:3239} INFO - Sync 1 DAGs
[2024-10-06T04:28:34.500+0000] {logging_mixin.py:190} INFO - [2024-10-06T04:28:34.500+0000] {dag.py:4180} INFO - Setting next_dagrun for example_sla_dag to 2024-10-06 04:26:00+00:00, run_after=2024-10-06 04:28:00+00:00
[2024-10-06T04:28:34.527+0000] {processor.py:208} INFO - Processing /home/airflow/.local/lib/python3.12/site-packages/airflow/example_dags/example_sla_dag.py took 0.123 seconds
[2024-10-06T04:29:06.485+0000] {processor.py:186} INFO - Started process (PID=1267) to work on /home/airflow/.local/lib/python3.12/site-packages/airflow/example_dags/example_sla_dag.py
[2024-10-06T04:29:06.486+0000] {processor.py:914} INFO - Processing file /home/airflow/.local/lib/python3.12/site-packages/airflow/example_dags/example_sla_dag.py for tasks to queue
[2024-10-06T04:29:06.490+0000] {logging_mixin.py:190} INFO - [2024-10-06T04:29:06.490+0000] {dagbag.py:588} INFO - Filling up the DagBag from /home/airflow/.local/lib/python3.12/site-packages/airflow/example_dags/example_sla_dag.py
[2024-10-06T04:29:06.510+0000] {processor.py:925} INFO - DAG(s) 'example_sla_dag' retrieved from /home/airflow/.local/lib/python3.12/site-packages/airflow/example_dags/example_sla_dag.py
[2024-10-06T04:29:06.539+0000] {logging_mixin.py:190} INFO - [2024-10-06T04:29:06.538+0000] {dag.py:3239} INFO - Sync 1 DAGs
[2024-10-06T04:29:06.580+0000] {logging_mixin.py:190} INFO - [2024-10-06T04:29:06.580+0000] {dag.py:4180} INFO - Setting next_dagrun for example_sla_dag to 2024-10-06 04:26:00+00:00, run_after=2024-10-06 04:28:00+00:00
[2024-10-06T04:29:06.622+0000] {processor.py:208} INFO - Processing /home/airflow/.local/lib/python3.12/site-packages/airflow/example_dags/example_sla_dag.py took 0.147 seconds
[2024-10-06T04:29:37.061+0000] {processor.py:186} INFO - Started process (PID=1329) to work on /home/airflow/.local/lib/python3.12/site-packages/airflow/example_dags/example_sla_dag.py
[2024-10-06T04:29:37.062+0000] {processor.py:914} INFO - Processing file /home/airflow/.local/lib/python3.12/site-packages/airflow/example_dags/example_sla_dag.py for tasks to queue
[2024-10-06T04:29:37.066+0000] {logging_mixin.py:190} INFO - [2024-10-06T04:29:37.066+0000] {dagbag.py:588} INFO - Filling up the DagBag from /home/airflow/.local/lib/python3.12/site-packages/airflow/example_dags/example_sla_dag.py
[2024-10-06T04:29:37.082+0000] {processor.py:925} INFO - DAG(s) 'example_sla_dag' retrieved from /home/airflow/.local/lib/python3.12/site-packages/airflow/example_dags/example_sla_dag.py
[2024-10-06T04:29:37.111+0000] {logging_mixin.py:190} INFO - [2024-10-06T04:29:37.111+0000] {dag.py:3239} INFO - Sync 1 DAGs
[2024-10-06T04:29:37.147+0000] {logging_mixin.py:190} INFO - [2024-10-06T04:29:37.147+0000] {dag.py:4180} INFO - Setting next_dagrun for example_sla_dag to 2024-10-06 04:26:00+00:00, run_after=2024-10-06 04:28:00+00:00
[2024-10-06T04:29:37.170+0000] {processor.py:208} INFO - Processing /home/airflow/.local/lib/python3.12/site-packages/airflow/example_dags/example_sla_dag.py took 0.118 seconds
[2024-10-06T04:30:07.585+0000] {processor.py:186} INFO - Started process (PID=1391) to work on /home/airflow/.local/lib/python3.12/site-packages/airflow/example_dags/example_sla_dag.py
[2024-10-06T04:30:07.588+0000] {processor.py:914} INFO - Processing file /home/airflow/.local/lib/python3.12/site-packages/airflow/example_dags/example_sla_dag.py for tasks to queue
[2024-10-06T04:30:07.594+0000] {logging_mixin.py:190} INFO - [2024-10-06T04:30:07.593+0000] {dagbag.py:588} INFO - Filling up the DagBag from /home/airflow/.local/lib/python3.12/site-packages/airflow/example_dags/example_sla_dag.py
[2024-10-06T04:30:07.626+0000] {processor.py:925} INFO - DAG(s) 'example_sla_dag' retrieved from /home/airflow/.local/lib/python3.12/site-packages/airflow/example_dags/example_sla_dag.py
[2024-10-06T04:30:07.661+0000] {logging_mixin.py:190} INFO - [2024-10-06T04:30:07.661+0000] {dag.py:3239} INFO - Sync 1 DAGs
[2024-10-06T04:30:07.724+0000] {logging_mixin.py:190} INFO - [2024-10-06T04:30:07.724+0000] {dag.py:4180} INFO - Setting next_dagrun for example_sla_dag to 2024-10-06 04:28:00+00:00, run_after=2024-10-06 04:30:00+00:00
[2024-10-06T04:30:07.791+0000] {processor.py:208} INFO - Processing /home/airflow/.local/lib/python3.12/site-packages/airflow/example_dags/example_sla_dag.py took 0.219 seconds
[2024-10-06T04:30:38.814+0000] {processor.py:186} INFO - Started process (PID=1453) to work on /home/airflow/.local/lib/python3.12/site-packages/airflow/example_dags/example_sla_dag.py
[2024-10-06T04:30:38.816+0000] {processor.py:914} INFO - Processing file /home/airflow/.local/lib/python3.12/site-packages/airflow/example_dags/example_sla_dag.py for tasks to queue
[2024-10-06T04:30:38.820+0000] {logging_mixin.py:190} INFO - [2024-10-06T04:30:38.819+0000] {dagbag.py:588} INFO - Filling up the DagBag from /home/airflow/.local/lib/python3.12/site-packages/airflow/example_dags/example_sla_dag.py
[2024-10-06T04:30:38.837+0000] {processor.py:925} INFO - DAG(s) 'example_sla_dag' retrieved from /home/airflow/.local/lib/python3.12/site-packages/airflow/example_dags/example_sla_dag.py
[2024-10-06T04:30:38.866+0000] {logging_mixin.py:190} INFO - [2024-10-06T04:30:38.865+0000] {dag.py:3239} INFO - Sync 1 DAGs
[2024-10-06T04:30:38.905+0000] {logging_mixin.py:190} INFO - [2024-10-06T04:30:38.904+0000] {dag.py:4180} INFO - Setting next_dagrun for example_sla_dag to 2024-10-06 04:28:00+00:00, run_after=2024-10-06 04:30:00+00:00
[2024-10-06T04:30:38.931+0000] {processor.py:208} INFO - Processing /home/airflow/.local/lib/python3.12/site-packages/airflow/example_dags/example_sla_dag.py took 0.129 seconds
[2024-10-06T04:31:09.987+0000] {processor.py:186} INFO - Started process (PID=1515) to work on /home/airflow/.local/lib/python3.12/site-packages/airflow/example_dags/example_sla_dag.py
[2024-10-06T04:31:09.988+0000] {processor.py:914} INFO - Processing file /home/airflow/.local/lib/python3.12/site-packages/airflow/example_dags/example_sla_dag.py for tasks to queue
[2024-10-06T04:31:09.992+0000] {logging_mixin.py:190} INFO - [2024-10-06T04:31:09.991+0000] {dagbag.py:588} INFO - Filling up the DagBag from /home/airflow/.local/lib/python3.12/site-packages/airflow/example_dags/example_sla_dag.py
[2024-10-06T04:31:10.008+0000] {processor.py:925} INFO - DAG(s) 'example_sla_dag' retrieved from /home/airflow/.local/lib/python3.12/site-packages/airflow/example_dags/example_sla_dag.py
[2024-10-06T04:31:10.038+0000] {logging_mixin.py:190} INFO - [2024-10-06T04:31:10.037+0000] {dag.py:3239} INFO - Sync 1 DAGs
[2024-10-06T04:31:10.081+0000] {logging_mixin.py:190} INFO - [2024-10-06T04:31:10.080+0000] {dag.py:4180} INFO - Setting next_dagrun for example_sla_dag to 2024-10-06 04:28:00+00:00, run_after=2024-10-06 04:30:00+00:00
[2024-10-06T04:31:10.111+0000] {processor.py:208} INFO - Processing /home/airflow/.local/lib/python3.12/site-packages/airflow/example_dags/example_sla_dag.py took 0.135 seconds
[2024-10-06T04:31:40.765+0000] {processor.py:186} INFO - Started process (PID=1577) to work on /home/airflow/.local/lib/python3.12/site-packages/airflow/example_dags/example_sla_dag.py
[2024-10-06T04:31:40.767+0000] {processor.py:914} INFO - Processing file /home/airflow/.local/lib/python3.12/site-packages/airflow/example_dags/example_sla_dag.py for tasks to queue
[2024-10-06T04:31:40.771+0000] {logging_mixin.py:190} INFO - [2024-10-06T04:31:40.770+0000] {dagbag.py:588} INFO - Filling up the DagBag from /home/airflow/.local/lib/python3.12/site-packages/airflow/example_dags/example_sla_dag.py
[2024-10-06T04:31:40.786+0000] {processor.py:925} INFO - DAG(s) 'example_sla_dag' retrieved from /home/airflow/.local/lib/python3.12/site-packages/airflow/example_dags/example_sla_dag.py
[2024-10-06T04:31:40.823+0000] {logging_mixin.py:190} INFO - [2024-10-06T04:31:40.823+0000] {dag.py:3239} INFO - Sync 1 DAGs
[2024-10-06T04:31:40.860+0000] {logging_mixin.py:190} INFO - [2024-10-06T04:31:40.859+0000] {dag.py:4180} INFO - Setting next_dagrun for example_sla_dag to 2024-10-06 04:28:00+00:00, run_after=2024-10-06 04:30:00+00:00
[2024-10-06T04:31:40.885+0000] {processor.py:208} INFO - Processing /home/airflow/.local/lib/python3.12/site-packages/airflow/example_dags/example_sla_dag.py took 0.128 seconds
[2024-10-06T04:32:11.475+0000] {processor.py:186} INFO - Started process (PID=1639) to work on /home/airflow/.local/lib/python3.12/site-packages/airflow/example_dags/example_sla_dag.py
[2024-10-06T04:32:11.477+0000] {processor.py:914} INFO - Processing file /home/airflow/.local/lib/python3.12/site-packages/airflow/example_dags/example_sla_dag.py for tasks to queue
[2024-10-06T04:32:11.481+0000] {logging_mixin.py:190} INFO - [2024-10-06T04:32:11.480+0000] {dagbag.py:588} INFO - Filling up the DagBag from /home/airflow/.local/lib/python3.12/site-packages/airflow/example_dags/example_sla_dag.py
[2024-10-06T04:32:11.499+0000] {processor.py:925} INFO - DAG(s) 'example_sla_dag' retrieved from /home/airflow/.local/lib/python3.12/site-packages/airflow/example_dags/example_sla_dag.py
[2024-10-06T04:32:11.530+0000] {logging_mixin.py:190} INFO - [2024-10-06T04:32:11.529+0000] {dag.py:3239} INFO - Sync 1 DAGs
[2024-10-06T04:32:11.572+0000] {logging_mixin.py:190} INFO - [2024-10-06T04:32:11.572+0000] {dag.py:4180} INFO - Setting next_dagrun for example_sla_dag to 2024-10-06 04:30:00+00:00, run_after=2024-10-06 04:32:00+00:00
[2024-10-06T04:32:11.602+0000] {processor.py:208} INFO - Processing /home/airflow/.local/lib/python3.12/site-packages/airflow/example_dags/example_sla_dag.py took 0.137 seconds
[2024-10-06T04:32:43.220+0000] {processor.py:186} INFO - Started process (PID=1701) to work on /home/airflow/.local/lib/python3.12/site-packages/airflow/example_dags/example_sla_dag.py
[2024-10-06T04:32:43.222+0000] {processor.py:914} INFO - Processing file /home/airflow/.local/lib/python3.12/site-packages/airflow/example_dags/example_sla_dag.py for tasks to queue
[2024-10-06T04:32:43.227+0000] {logging_mixin.py:190} INFO - [2024-10-06T04:32:43.226+0000] {dagbag.py:588} INFO - Filling up the DagBag from /home/airflow/.local/lib/python3.12/site-packages/airflow/example_dags/example_sla_dag.py
[2024-10-06T04:32:43.245+0000] {processor.py:925} INFO - DAG(s) 'example_sla_dag' retrieved from /home/airflow/.local/lib/python3.12/site-packages/airflow/example_dags/example_sla_dag.py
[2024-10-06T04:32:43.267+0000] {logging_mixin.py:190} INFO - [2024-10-06T04:32:43.267+0000] {dag.py:3239} INFO - Sync 1 DAGs
[2024-10-06T04:32:43.300+0000] {logging_mixin.py:190} INFO - [2024-10-06T04:32:43.300+0000] {dag.py:4180} INFO - Setting next_dagrun for example_sla_dag to 2024-10-06 04:30:00+00:00, run_after=2024-10-06 04:32:00+00:00
[2024-10-06T04:32:43.321+0000] {processor.py:208} INFO - Processing /home/airflow/.local/lib/python3.12/site-packages/airflow/example_dags/example_sla_dag.py took 0.109 seconds
[2024-10-06T04:35:15.786+0000] {processor.py:186} INFO - Started process (PID=81) to work on /home/airflow/.local/lib/python3.12/site-packages/airflow/example_dags/example_sla_dag.py
[2024-10-06T04:35:15.791+0000] {processor.py:914} INFO - Processing file /home/airflow/.local/lib/python3.12/site-packages/airflow/example_dags/example_sla_dag.py for tasks to queue
[2024-10-06T04:35:15.799+0000] {logging_mixin.py:190} INFO - [2024-10-06T04:35:15.798+0000] {dagbag.py:588} INFO - Filling up the DagBag from /home/airflow/.local/lib/python3.12/site-packages/airflow/example_dags/example_sla_dag.py
[2024-10-06T04:35:15.819+0000] {processor.py:925} INFO - DAG(s) 'example_sla_dag' retrieved from /home/airflow/.local/lib/python3.12/site-packages/airflow/example_dags/example_sla_dag.py
[2024-10-06T04:35:15.851+0000] {logging_mixin.py:190} INFO - [2024-10-06T04:35:15.850+0000] {dag.py:3239} INFO - Sync 1 DAGs
[2024-10-06T04:35:15.905+0000] {logging_mixin.py:190} INFO - [2024-10-06T04:35:15.903+0000] {dag.py:4180} INFO - Setting next_dagrun for example_sla_dag to 2024-10-06 04:32:00+00:00, run_after=2024-10-06 04:34:00+00:00
[2024-10-06T04:35:15.936+0000] {processor.py:208} INFO - Processing /home/airflow/.local/lib/python3.12/site-packages/airflow/example_dags/example_sla_dag.py took 0.180 seconds
[2024-10-06T04:35:46.376+0000] {processor.py:186} INFO - Started process (PID=143) to work on /home/airflow/.local/lib/python3.12/site-packages/airflow/example_dags/example_sla_dag.py
[2024-10-06T04:35:46.377+0000] {processor.py:914} INFO - Processing file /home/airflow/.local/lib/python3.12/site-packages/airflow/example_dags/example_sla_dag.py for tasks to queue
[2024-10-06T04:35:46.382+0000] {logging_mixin.py:190} INFO - [2024-10-06T04:35:46.381+0000] {dagbag.py:588} INFO - Filling up the DagBag from /home/airflow/.local/lib/python3.12/site-packages/airflow/example_dags/example_sla_dag.py
[2024-10-06T04:35:46.402+0000] {processor.py:925} INFO - DAG(s) 'example_sla_dag' retrieved from /home/airflow/.local/lib/python3.12/site-packages/airflow/example_dags/example_sla_dag.py
[2024-10-06T04:35:46.438+0000] {logging_mixin.py:190} INFO - [2024-10-06T04:35:46.438+0000] {dag.py:3239} INFO - Sync 1 DAGs
[2024-10-06T04:35:46.506+0000] {logging_mixin.py:190} INFO - [2024-10-06T04:35:46.505+0000] {dag.py:4180} INFO - Setting next_dagrun for example_sla_dag to 2024-10-06 04:32:00+00:00, run_after=2024-10-06 04:34:00+00:00
[2024-10-06T04:35:46.536+0000] {processor.py:208} INFO - Processing /home/airflow/.local/lib/python3.12/site-packages/airflow/example_dags/example_sla_dag.py took 0.171 seconds
[2024-10-06T04:36:17.463+0000] {processor.py:186} INFO - Started process (PID=204) to work on /home/airflow/.local/lib/python3.12/site-packages/airflow/example_dags/example_sla_dag.py
[2024-10-06T04:36:17.472+0000] {processor.py:914} INFO - Processing file /home/airflow/.local/lib/python3.12/site-packages/airflow/example_dags/example_sla_dag.py for tasks to queue
[2024-10-06T04:36:17.477+0000] {logging_mixin.py:190} INFO - [2024-10-06T04:36:17.476+0000] {dagbag.py:588} INFO - Filling up the DagBag from /home/airflow/.local/lib/python3.12/site-packages/airflow/example_dags/example_sla_dag.py
[2024-10-06T04:36:17.533+0000] {processor.py:925} INFO - DAG(s) 'example_sla_dag' retrieved from /home/airflow/.local/lib/python3.12/site-packages/airflow/example_dags/example_sla_dag.py
[2024-10-06T04:36:17.605+0000] {logging_mixin.py:190} INFO - [2024-10-06T04:36:17.604+0000] {dag.py:3239} INFO - Sync 1 DAGs
[2024-10-06T04:36:17.654+0000] {logging_mixin.py:190} INFO - [2024-10-06T04:36:17.654+0000] {dag.py:4180} INFO - Setting next_dagrun for example_sla_dag to 2024-10-06 04:34:00+00:00, run_after=2024-10-06 04:36:00+00:00
[2024-10-06T04:36:17.684+0000] {processor.py:208} INFO - Processing /home/airflow/.local/lib/python3.12/site-packages/airflow/example_dags/example_sla_dag.py took 0.248 seconds
[2024-10-06T04:36:47.894+0000] {processor.py:186} INFO - Started process (PID=267) to work on /home/airflow/.local/lib/python3.12/site-packages/airflow/example_dags/example_sla_dag.py
[2024-10-06T04:36:47.895+0000] {processor.py:914} INFO - Processing file /home/airflow/.local/lib/python3.12/site-packages/airflow/example_dags/example_sla_dag.py for tasks to queue
[2024-10-06T04:36:47.899+0000] {logging_mixin.py:190} INFO - [2024-10-06T04:36:47.899+0000] {dagbag.py:588} INFO - Filling up the DagBag from /home/airflow/.local/lib/python3.12/site-packages/airflow/example_dags/example_sla_dag.py
[2024-10-06T04:36:47.916+0000] {processor.py:925} INFO - DAG(s) 'example_sla_dag' retrieved from /home/airflow/.local/lib/python3.12/site-packages/airflow/example_dags/example_sla_dag.py
[2024-10-06T04:36:47.946+0000] {logging_mixin.py:190} INFO - [2024-10-06T04:36:47.946+0000] {dag.py:3239} INFO - Sync 1 DAGs
[2024-10-06T04:36:47.993+0000] {logging_mixin.py:190} INFO - [2024-10-06T04:36:47.992+0000] {dag.py:4180} INFO - Setting next_dagrun for example_sla_dag to 2024-10-06 04:34:00+00:00, run_after=2024-10-06 04:36:00+00:00
[2024-10-06T04:36:48.072+0000] {processor.py:208} INFO - Processing /home/airflow/.local/lib/python3.12/site-packages/airflow/example_dags/example_sla_dag.py took 0.187 seconds
[2024-10-06T04:37:18.673+0000] {processor.py:186} INFO - Started process (PID=328) to work on /home/airflow/.local/lib/python3.12/site-packages/airflow/example_dags/example_sla_dag.py
[2024-10-06T04:37:18.675+0000] {processor.py:914} INFO - Processing file /home/airflow/.local/lib/python3.12/site-packages/airflow/example_dags/example_sla_dag.py for tasks to queue
[2024-10-06T04:37:18.678+0000] {logging_mixin.py:190} INFO - [2024-10-06T04:37:18.678+0000] {dagbag.py:588} INFO - Filling up the DagBag from /home/airflow/.local/lib/python3.12/site-packages/airflow/example_dags/example_sla_dag.py
[2024-10-06T04:37:18.692+0000] {processor.py:925} INFO - DAG(s) 'example_sla_dag' retrieved from /home/airflow/.local/lib/python3.12/site-packages/airflow/example_dags/example_sla_dag.py
[2024-10-06T04:37:18.720+0000] {logging_mixin.py:190} INFO - [2024-10-06T04:37:18.720+0000] {dag.py:3239} INFO - Sync 1 DAGs
[2024-10-06T04:37:18.752+0000] {logging_mixin.py:190} INFO - [2024-10-06T04:37:18.752+0000] {dag.py:4180} INFO - Setting next_dagrun for example_sla_dag to 2024-10-06 04:34:00+00:00, run_after=2024-10-06 04:36:00+00:00
[2024-10-06T04:37:18.789+0000] {processor.py:208} INFO - Processing /home/airflow/.local/lib/python3.12/site-packages/airflow/example_dags/example_sla_dag.py took 0.125 seconds
[2024-10-06T04:39:17.043+0000] {processor.py:186} INFO - Started process (PID=82) to work on /home/airflow/.local/lib/python3.12/site-packages/airflow/example_dags/example_sla_dag.py
[2024-10-06T04:39:17.045+0000] {processor.py:914} INFO - Processing file /home/airflow/.local/lib/python3.12/site-packages/airflow/example_dags/example_sla_dag.py for tasks to queue
[2024-10-06T04:39:17.049+0000] {logging_mixin.py:190} INFO - [2024-10-06T04:39:17.048+0000] {dagbag.py:588} INFO - Filling up the DagBag from /home/airflow/.local/lib/python3.12/site-packages/airflow/example_dags/example_sla_dag.py
[2024-10-06T04:39:17.066+0000] {processor.py:925} INFO - DAG(s) 'example_sla_dag' retrieved from /home/airflow/.local/lib/python3.12/site-packages/airflow/example_dags/example_sla_dag.py
[2024-10-06T04:39:17.247+0000] {logging_mixin.py:190} INFO - [2024-10-06T04:39:17.246+0000] {override.py:1900} INFO - Created Permission View: can read on DAG:example_sla_dag
[2024-10-06T04:39:17.262+0000] {logging_mixin.py:190} INFO - [2024-10-06T04:39:17.261+0000] {override.py:1900} INFO - Created Permission View: can edit on DAG:example_sla_dag
[2024-10-06T04:39:17.271+0000] {logging_mixin.py:190} INFO - [2024-10-06T04:39:17.270+0000] {override.py:1900} INFO - Created Permission View: can delete on DAG:example_sla_dag
[2024-10-06T04:39:17.282+0000] {logging_mixin.py:190} INFO - [2024-10-06T04:39:17.282+0000] {override.py:1900} INFO - Created Permission View: menu access on DAG Run:example_sla_dag
[2024-10-06T04:39:17.293+0000] {logging_mixin.py:190} INFO - [2024-10-06T04:39:17.292+0000] {override.py:1900} INFO - Created Permission View: can read on DAG Run:example_sla_dag
[2024-10-06T04:39:17.304+0000] {logging_mixin.py:190} INFO - [2024-10-06T04:39:17.303+0000] {override.py:1900} INFO - Created Permission View: can create on DAG Run:example_sla_dag
[2024-10-06T04:39:17.315+0000] {logging_mixin.py:190} INFO - [2024-10-06T04:39:17.314+0000] {override.py:1900} INFO - Created Permission View: can delete on DAG Run:example_sla_dag
[2024-10-06T04:39:17.315+0000] {logging_mixin.py:190} INFO - [2024-10-06T04:39:17.315+0000] {dag.py:3239} INFO - Sync 1 DAGs
[2024-10-06T04:39:17.334+0000] {logging_mixin.py:190} INFO - [2024-10-06T04:39:17.334+0000] {dag.py:3262} INFO - Creating ORM DAG for example_sla_dag
[2024-10-06T04:39:17.352+0000] {logging_mixin.py:190} INFO - [2024-10-06T04:39:17.352+0000] {dag.py:4180} INFO - Setting next_dagrun for example_sla_dag to 2024-10-06 04:36:00+00:00, run_after=2024-10-06 04:38:00+00:00
[2024-10-06T04:39:17.374+0000] {processor.py:208} INFO - Processing /home/airflow/.local/lib/python3.12/site-packages/airflow/example_dags/example_sla_dag.py took 0.340 seconds
[2024-10-06T04:39:48.282+0000] {processor.py:186} INFO - Started process (PID=144) to work on /home/airflow/.local/lib/python3.12/site-packages/airflow/example_dags/example_sla_dag.py
[2024-10-06T04:39:48.283+0000] {processor.py:914} INFO - Processing file /home/airflow/.local/lib/python3.12/site-packages/airflow/example_dags/example_sla_dag.py for tasks to queue
[2024-10-06T04:39:48.287+0000] {logging_mixin.py:190} INFO - [2024-10-06T04:39:48.286+0000] {dagbag.py:588} INFO - Filling up the DagBag from /home/airflow/.local/lib/python3.12/site-packages/airflow/example_dags/example_sla_dag.py
[2024-10-06T04:39:48.302+0000] {processor.py:925} INFO - DAG(s) 'example_sla_dag' retrieved from /home/airflow/.local/lib/python3.12/site-packages/airflow/example_dags/example_sla_dag.py
[2024-10-06T04:39:48.334+0000] {logging_mixin.py:190} INFO - [2024-10-06T04:39:48.333+0000] {dag.py:3239} INFO - Sync 1 DAGs
[2024-10-06T04:39:48.381+0000] {logging_mixin.py:190} INFO - [2024-10-06T04:39:48.380+0000] {dag.py:4180} INFO - Setting next_dagrun for example_sla_dag to 2024-10-06 04:36:00+00:00, run_after=2024-10-06 04:38:00+00:00
[2024-10-06T04:39:48.408+0000] {processor.py:208} INFO - Processing /home/airflow/.local/lib/python3.12/site-packages/airflow/example_dags/example_sla_dag.py took 0.135 seconds
[2024-10-06T04:40:19.081+0000] {processor.py:186} INFO - Started process (PID=207) to work on /home/airflow/.local/lib/python3.12/site-packages/airflow/example_dags/example_sla_dag.py
[2024-10-06T04:40:19.082+0000] {processor.py:914} INFO - Processing file /home/airflow/.local/lib/python3.12/site-packages/airflow/example_dags/example_sla_dag.py for tasks to queue
[2024-10-06T04:40:19.086+0000] {logging_mixin.py:190} INFO - [2024-10-06T04:40:19.085+0000] {dagbag.py:588} INFO - Filling up the DagBag from /home/airflow/.local/lib/python3.12/site-packages/airflow/example_dags/example_sla_dag.py
[2024-10-06T04:40:19.102+0000] {processor.py:925} INFO - DAG(s) 'example_sla_dag' retrieved from /home/airflow/.local/lib/python3.12/site-packages/airflow/example_dags/example_sla_dag.py
[2024-10-06T04:40:19.138+0000] {logging_mixin.py:190} INFO - [2024-10-06T04:40:19.137+0000] {dag.py:3239} INFO - Sync 1 DAGs
[2024-10-06T04:40:19.182+0000] {logging_mixin.py:190} INFO - [2024-10-06T04:40:19.181+0000] {dag.py:4180} INFO - Setting next_dagrun for example_sla_dag to 2024-10-06 04:38:00+00:00, run_after=2024-10-06 04:40:00+00:00
[2024-10-06T04:40:19.214+0000] {processor.py:208} INFO - Processing /home/airflow/.local/lib/python3.12/site-packages/airflow/example_dags/example_sla_dag.py took 0.142 seconds
[2024-10-06T04:40:49.933+0000] {processor.py:186} INFO - Started process (PID=269) to work on /home/airflow/.local/lib/python3.12/site-packages/airflow/example_dags/example_sla_dag.py
[2024-10-06T04:40:49.935+0000] {processor.py:914} INFO - Processing file /home/airflow/.local/lib/python3.12/site-packages/airflow/example_dags/example_sla_dag.py for tasks to queue
[2024-10-06T04:40:49.940+0000] {logging_mixin.py:190} INFO - [2024-10-06T04:40:49.939+0000] {dagbag.py:588} INFO - Filling up the DagBag from /home/airflow/.local/lib/python3.12/site-packages/airflow/example_dags/example_sla_dag.py
[2024-10-06T04:40:49.964+0000] {processor.py:925} INFO - DAG(s) 'example_sla_dag' retrieved from /home/airflow/.local/lib/python3.12/site-packages/airflow/example_dags/example_sla_dag.py
[2024-10-06T04:40:49.997+0000] {logging_mixin.py:190} INFO - [2024-10-06T04:40:49.997+0000] {dag.py:3239} INFO - Sync 1 DAGs
[2024-10-06T04:40:50.045+0000] {logging_mixin.py:190} INFO - [2024-10-06T04:40:50.045+0000] {dag.py:4180} INFO - Setting next_dagrun for example_sla_dag to 2024-10-06 04:38:00+00:00, run_after=2024-10-06 04:40:00+00:00
[2024-10-06T04:40:50.133+0000] {processor.py:208} INFO - Processing /home/airflow/.local/lib/python3.12/site-packages/airflow/example_dags/example_sla_dag.py took 0.232 seconds
[2024-10-06T04:41:20.261+0000] {processor.py:186} INFO - Started process (PID=329) to work on /home/airflow/.local/lib/python3.12/site-packages/airflow/example_dags/example_sla_dag.py
[2024-10-06T04:41:20.262+0000] {processor.py:914} INFO - Processing file /home/airflow/.local/lib/python3.12/site-packages/airflow/example_dags/example_sla_dag.py for tasks to queue
[2024-10-06T04:41:20.267+0000] {logging_mixin.py:190} INFO - [2024-10-06T04:41:20.267+0000] {dagbag.py:588} INFO - Filling up the DagBag from /home/airflow/.local/lib/python3.12/site-packages/airflow/example_dags/example_sla_dag.py
[2024-10-06T04:41:20.293+0000] {processor.py:925} INFO - DAG(s) 'example_sla_dag' retrieved from /home/airflow/.local/lib/python3.12/site-packages/airflow/example_dags/example_sla_dag.py
[2024-10-06T04:41:20.350+0000] {logging_mixin.py:190} INFO - [2024-10-06T04:41:20.349+0000] {dag.py:3239} INFO - Sync 1 DAGs
[2024-10-06T04:41:20.390+0000] {logging_mixin.py:190} INFO - [2024-10-06T04:41:20.389+0000] {dag.py:4180} INFO - Setting next_dagrun for example_sla_dag to 2024-10-06 04:38:00+00:00, run_after=2024-10-06 04:40:00+00:00
[2024-10-06T04:41:20.415+0000] {processor.py:208} INFO - Processing /home/airflow/.local/lib/python3.12/site-packages/airflow/example_dags/example_sla_dag.py took 0.167 seconds
[2024-10-06T04:41:50.566+0000] {processor.py:186} INFO - Started process (PID=391) to work on /home/airflow/.local/lib/python3.12/site-packages/airflow/example_dags/example_sla_dag.py
[2024-10-06T04:41:50.568+0000] {processor.py:914} INFO - Processing file /home/airflow/.local/lib/python3.12/site-packages/airflow/example_dags/example_sla_dag.py for tasks to queue
[2024-10-06T04:41:50.572+0000] {logging_mixin.py:190} INFO - [2024-10-06T04:41:50.571+0000] {dagbag.py:588} INFO - Filling up the DagBag from /home/airflow/.local/lib/python3.12/site-packages/airflow/example_dags/example_sla_dag.py
[2024-10-06T04:41:50.587+0000] {processor.py:925} INFO - DAG(s) 'example_sla_dag' retrieved from /home/airflow/.local/lib/python3.12/site-packages/airflow/example_dags/example_sla_dag.py
[2024-10-06T04:41:50.619+0000] {logging_mixin.py:190} INFO - [2024-10-06T04:41:50.619+0000] {dag.py:3239} INFO - Sync 1 DAGs
[2024-10-06T04:41:50.653+0000] {logging_mixin.py:190} INFO - [2024-10-06T04:41:50.653+0000] {dag.py:4180} INFO - Setting next_dagrun for example_sla_dag to 2024-10-06 04:38:00+00:00, run_after=2024-10-06 04:40:00+00:00
[2024-10-06T04:41:50.688+0000] {processor.py:208} INFO - Processing /home/airflow/.local/lib/python3.12/site-packages/airflow/example_dags/example_sla_dag.py took 0.132 seconds
[2024-10-06T04:42:20.812+0000] {processor.py:186} INFO - Started process (PID=453) to work on /home/airflow/.local/lib/python3.12/site-packages/airflow/example_dags/example_sla_dag.py
[2024-10-06T04:42:20.813+0000] {processor.py:914} INFO - Processing file /home/airflow/.local/lib/python3.12/site-packages/airflow/example_dags/example_sla_dag.py for tasks to queue
[2024-10-06T04:42:20.817+0000] {logging_mixin.py:190} INFO - [2024-10-06T04:42:20.816+0000] {dagbag.py:588} INFO - Filling up the DagBag from /home/airflow/.local/lib/python3.12/site-packages/airflow/example_dags/example_sla_dag.py
[2024-10-06T04:42:20.836+0000] {processor.py:925} INFO - DAG(s) 'example_sla_dag' retrieved from /home/airflow/.local/lib/python3.12/site-packages/airflow/example_dags/example_sla_dag.py
[2024-10-06T04:42:20.869+0000] {logging_mixin.py:190} INFO - [2024-10-06T04:42:20.869+0000] {dag.py:3239} INFO - Sync 1 DAGs
[2024-10-06T04:42:20.911+0000] {logging_mixin.py:190} INFO - [2024-10-06T04:42:20.911+0000] {dag.py:4180} INFO - Setting next_dagrun for example_sla_dag to 2024-10-06 04:40:00+00:00, run_after=2024-10-06 04:42:00+00:00
[2024-10-06T04:42:20.937+0000] {processor.py:208} INFO - Processing /home/airflow/.local/lib/python3.12/site-packages/airflow/example_dags/example_sla_dag.py took 0.136 seconds
[2024-10-06T04:45:46.253+0000] {processor.py:186} INFO - Started process (PID=76) to work on /home/airflow/.local/lib/python3.12/site-packages/airflow/example_dags/example_sla_dag.py
[2024-10-06T04:45:46.254+0000] {processor.py:914} INFO - Processing file /home/airflow/.local/lib/python3.12/site-packages/airflow/example_dags/example_sla_dag.py for tasks to queue
[2024-10-06T04:45:46.259+0000] {logging_mixin.py:190} INFO - [2024-10-06T04:45:46.258+0000] {dagbag.py:588} INFO - Filling up the DagBag from /home/airflow/.local/lib/python3.12/site-packages/airflow/example_dags/example_sla_dag.py
[2024-10-06T04:45:46.278+0000] {processor.py:925} INFO - DAG(s) 'example_sla_dag' retrieved from /home/airflow/.local/lib/python3.12/site-packages/airflow/example_dags/example_sla_dag.py
[2024-10-06T04:45:46.310+0000] {logging_mixin.py:190} INFO - [2024-10-06T04:45:46.309+0000] {dag.py:3239} INFO - Sync 1 DAGs
[2024-10-06T04:45:46.348+0000] {logging_mixin.py:190} INFO - [2024-10-06T04:45:46.348+0000] {dag.py:4180} INFO - Setting next_dagrun for example_sla_dag to 2024-10-06 04:42:00+00:00, run_after=2024-10-06 04:44:00+00:00
[2024-10-06T04:45:46.379+0000] {processor.py:208} INFO - Processing /home/airflow/.local/lib/python3.12/site-packages/airflow/example_dags/example_sla_dag.py took 0.136 seconds
