[2024-10-06T04:18:55.454+0000] {processor.py:186} INFO - Started process (PID=47) to work on /home/airflow/.local/lib/python3.12/site-packages/airflow/example_dags/example_display_name.py
[2024-10-06T04:18:55.455+0000] {processor.py:914} INFO - Processing file /home/airflow/.local/lib/python3.12/site-packages/airflow/example_dags/example_display_name.py for tasks to queue
[2024-10-06T04:18:55.471+0000] {logging_mixin.py:190} INFO - [2024-10-06T04:18:55.470+0000] {dagbag.py:588} INFO - Filling up the DagBag from /home/airflow/.local/lib/python3.12/site-packages/airflow/example_dags/example_display_name.py
[2024-10-06T04:18:55.485+0000] {processor.py:925} INFO - DAG(s) 'example_display_name' retrieved from /home/airflow/.local/lib/python3.12/site-packages/airflow/example_dags/example_display_name.py
[2024-10-06T04:18:55.774+0000] {logging_mixin.py:190} INFO - [2024-10-06T04:18:55.773+0000] {override.py:1900} INFO - Created Permission View: can edit on DAG:example_display_name
[2024-10-06T04:18:55.786+0000] {logging_mixin.py:190} INFO - [2024-10-06T04:18:55.786+0000] {override.py:1900} INFO - Created Permission View: can delete on DAG:example_display_name
[2024-10-06T04:18:55.794+0000] {logging_mixin.py:190} INFO - [2024-10-06T04:18:55.793+0000] {override.py:1900} INFO - Created Permission View: can read on DAG:example_display_name
[2024-10-06T04:18:55.801+0000] {logging_mixin.py:190} INFO - [2024-10-06T04:18:55.801+0000] {override.py:1900} INFO - Created Permission View: can create on DAG Run:example_display_name
[2024-10-06T04:18:55.811+0000] {logging_mixin.py:190} INFO - [2024-10-06T04:18:55.810+0000] {override.py:1900} INFO - Created Permission View: menu access on DAG Run:example_display_name
[2024-10-06T04:18:55.823+0000] {logging_mixin.py:190} INFO - [2024-10-06T04:18:55.822+0000] {override.py:1900} INFO - Created Permission View: can read on DAG Run:example_display_name
[2024-10-06T04:18:55.850+0000] {logging_mixin.py:190} INFO - [2024-10-06T04:18:55.849+0000] {override.py:1900} INFO - Created Permission View: can delete on DAG Run:example_display_name
[2024-10-06T04:18:55.850+0000] {logging_mixin.py:190} INFO - [2024-10-06T04:18:55.850+0000] {dag.py:3239} INFO - Sync 1 DAGs
[2024-10-06T04:18:55.893+0000] {logging_mixin.py:190} INFO - [2024-10-06T04:18:55.893+0000] {dag.py:3262} INFO - Creating ORM DAG for example_display_name
[2024-10-06T04:18:55.894+0000] {logging_mixin.py:190} INFO - [2024-10-06T04:18:55.894+0000] {dag.py:4180} INFO - Setting next_dagrun for example_display_name to None, run_after=None
[2024-10-06T04:18:55.953+0000] {processor.py:208} INFO - Processing /home/airflow/.local/lib/python3.12/site-packages/airflow/example_dags/example_display_name.py took 0.511 seconds
[2024-10-06T04:19:47.775+0000] {processor.py:186} INFO - Started process (PID=115) to work on /home/airflow/.local/lib/python3.12/site-packages/airflow/example_dags/example_display_name.py
[2024-10-06T04:19:47.780+0000] {processor.py:914} INFO - Processing file /home/airflow/.local/lib/python3.12/site-packages/airflow/example_dags/example_display_name.py for tasks to queue
[2024-10-06T04:19:47.785+0000] {logging_mixin.py:190} INFO - [2024-10-06T04:19:47.785+0000] {dagbag.py:588} INFO - Filling up the DagBag from /home/airflow/.local/lib/python3.12/site-packages/airflow/example_dags/example_display_name.py
[2024-10-06T04:19:47.808+0000] {processor.py:925} INFO - DAG(s) 'example_display_name' retrieved from /home/airflow/.local/lib/python3.12/site-packages/airflow/example_dags/example_display_name.py
[2024-10-06T04:19:47.833+0000] {logging_mixin.py:190} INFO - [2024-10-06T04:19:47.833+0000] {dag.py:3239} INFO - Sync 1 DAGs
[2024-10-06T04:19:47.851+0000] {logging_mixin.py:190} INFO - [2024-10-06T04:19:47.850+0000] {dag.py:4180} INFO - Setting next_dagrun for example_display_name to None, run_after=None
[2024-10-06T04:19:47.916+0000] {processor.py:208} INFO - Processing /home/airflow/.local/lib/python3.12/site-packages/airflow/example_dags/example_display_name.py took 0.178 seconds
[2024-10-06T04:20:18.561+0000] {processor.py:186} INFO - Started process (PID=177) to work on /home/airflow/.local/lib/python3.12/site-packages/airflow/example_dags/example_display_name.py
[2024-10-06T04:20:18.562+0000] {processor.py:914} INFO - Processing file /home/airflow/.local/lib/python3.12/site-packages/airflow/example_dags/example_display_name.py for tasks to queue
[2024-10-06T04:20:18.566+0000] {logging_mixin.py:190} INFO - [2024-10-06T04:20:18.566+0000] {dagbag.py:588} INFO - Filling up the DagBag from /home/airflow/.local/lib/python3.12/site-packages/airflow/example_dags/example_display_name.py
[2024-10-06T04:20:18.577+0000] {processor.py:925} INFO - DAG(s) 'example_display_name' retrieved from /home/airflow/.local/lib/python3.12/site-packages/airflow/example_dags/example_display_name.py
[2024-10-06T04:20:18.603+0000] {logging_mixin.py:190} INFO - [2024-10-06T04:20:18.603+0000] {dag.py:3239} INFO - Sync 1 DAGs
[2024-10-06T04:20:18.626+0000] {logging_mixin.py:190} INFO - [2024-10-06T04:20:18.626+0000] {dag.py:4180} INFO - Setting next_dagrun for example_display_name to None, run_after=None
[2024-10-06T04:20:18.653+0000] {processor.py:208} INFO - Processing /home/airflow/.local/lib/python3.12/site-packages/airflow/example_dags/example_display_name.py took 0.100 seconds
[2024-10-06T04:20:49.163+0000] {processor.py:186} INFO - Started process (PID=240) to work on /home/airflow/.local/lib/python3.12/site-packages/airflow/example_dags/example_display_name.py
[2024-10-06T04:20:49.164+0000] {processor.py:914} INFO - Processing file /home/airflow/.local/lib/python3.12/site-packages/airflow/example_dags/example_display_name.py for tasks to queue
[2024-10-06T04:20:49.171+0000] {logging_mixin.py:190} INFO - [2024-10-06T04:20:49.170+0000] {dagbag.py:588} INFO - Filling up the DagBag from /home/airflow/.local/lib/python3.12/site-packages/airflow/example_dags/example_display_name.py
[2024-10-06T04:20:49.186+0000] {processor.py:925} INFO - DAG(s) 'example_display_name' retrieved from /home/airflow/.local/lib/python3.12/site-packages/airflow/example_dags/example_display_name.py
[2024-10-06T04:20:49.211+0000] {logging_mixin.py:190} INFO - [2024-10-06T04:20:49.211+0000] {dag.py:3239} INFO - Sync 1 DAGs
[2024-10-06T04:20:49.230+0000] {logging_mixin.py:190} INFO - [2024-10-06T04:20:49.229+0000] {dag.py:4180} INFO - Setting next_dagrun for example_display_name to None, run_after=None
[2024-10-06T04:20:49.253+0000] {processor.py:208} INFO - Processing /home/airflow/.local/lib/python3.12/site-packages/airflow/example_dags/example_display_name.py took 0.098 seconds
[2024-10-06T04:21:19.854+0000] {processor.py:186} INFO - Started process (PID=302) to work on /home/airflow/.local/lib/python3.12/site-packages/airflow/example_dags/example_display_name.py
[2024-10-06T04:21:19.856+0000] {processor.py:914} INFO - Processing file /home/airflow/.local/lib/python3.12/site-packages/airflow/example_dags/example_display_name.py for tasks to queue
[2024-10-06T04:21:19.863+0000] {logging_mixin.py:190} INFO - [2024-10-06T04:21:19.862+0000] {dagbag.py:588} INFO - Filling up the DagBag from /home/airflow/.local/lib/python3.12/site-packages/airflow/example_dags/example_display_name.py
[2024-10-06T04:21:19.877+0000] {processor.py:925} INFO - DAG(s) 'example_display_name' retrieved from /home/airflow/.local/lib/python3.12/site-packages/airflow/example_dags/example_display_name.py
[2024-10-06T04:21:19.911+0000] {logging_mixin.py:190} INFO - [2024-10-06T04:21:19.910+0000] {dag.py:3239} INFO - Sync 1 DAGs
[2024-10-06T04:21:19.940+0000] {logging_mixin.py:190} INFO - [2024-10-06T04:21:19.939+0000] {dag.py:4180} INFO - Setting next_dagrun for example_display_name to None, run_after=None
[2024-10-06T04:21:19.985+0000] {processor.py:208} INFO - Processing /home/airflow/.local/lib/python3.12/site-packages/airflow/example_dags/example_display_name.py took 0.142 seconds
[2024-10-06T04:21:50.188+0000] {processor.py:186} INFO - Started process (PID=362) to work on /home/airflow/.local/lib/python3.12/site-packages/airflow/example_dags/example_display_name.py
[2024-10-06T04:21:50.190+0000] {processor.py:914} INFO - Processing file /home/airflow/.local/lib/python3.12/site-packages/airflow/example_dags/example_display_name.py for tasks to queue
[2024-10-06T04:21:50.194+0000] {logging_mixin.py:190} INFO - [2024-10-06T04:21:50.194+0000] {dagbag.py:588} INFO - Filling up the DagBag from /home/airflow/.local/lib/python3.12/site-packages/airflow/example_dags/example_display_name.py
[2024-10-06T04:21:50.222+0000] {processor.py:925} INFO - DAG(s) 'example_display_name' retrieved from /home/airflow/.local/lib/python3.12/site-packages/airflow/example_dags/example_display_name.py
[2024-10-06T04:21:50.265+0000] {logging_mixin.py:190} INFO - [2024-10-06T04:21:50.265+0000] {dag.py:3239} INFO - Sync 1 DAGs
[2024-10-06T04:21:50.291+0000] {logging_mixin.py:190} INFO - [2024-10-06T04:21:50.290+0000] {dag.py:4180} INFO - Setting next_dagrun for example_display_name to None, run_after=None
[2024-10-06T04:21:50.318+0000] {processor.py:208} INFO - Processing /home/airflow/.local/lib/python3.12/site-packages/airflow/example_dags/example_display_name.py took 0.139 seconds
[2024-10-06T04:22:20.604+0000] {processor.py:186} INFO - Started process (PID=425) to work on /home/airflow/.local/lib/python3.12/site-packages/airflow/example_dags/example_display_name.py
[2024-10-06T04:22:20.606+0000] {processor.py:914} INFO - Processing file /home/airflow/.local/lib/python3.12/site-packages/airflow/example_dags/example_display_name.py for tasks to queue
[2024-10-06T04:22:20.610+0000] {logging_mixin.py:190} INFO - [2024-10-06T04:22:20.609+0000] {dagbag.py:588} INFO - Filling up the DagBag from /home/airflow/.local/lib/python3.12/site-packages/airflow/example_dags/example_display_name.py
[2024-10-06T04:22:20.621+0000] {processor.py:925} INFO - DAG(s) 'example_display_name' retrieved from /home/airflow/.local/lib/python3.12/site-packages/airflow/example_dags/example_display_name.py
[2024-10-06T04:22:20.645+0000] {logging_mixin.py:190} INFO - [2024-10-06T04:22:20.645+0000] {dag.py:3239} INFO - Sync 1 DAGs
[2024-10-06T04:22:20.664+0000] {logging_mixin.py:190} INFO - [2024-10-06T04:22:20.663+0000] {dag.py:4180} INFO - Setting next_dagrun for example_display_name to None, run_after=None
[2024-10-06T04:22:20.685+0000] {processor.py:208} INFO - Processing /home/airflow/.local/lib/python3.12/site-packages/airflow/example_dags/example_display_name.py took 0.089 seconds
[2024-10-06T04:22:51.205+0000] {processor.py:186} INFO - Started process (PID=488) to work on /home/airflow/.local/lib/python3.12/site-packages/airflow/example_dags/example_display_name.py
[2024-10-06T04:22:51.207+0000] {processor.py:914} INFO - Processing file /home/airflow/.local/lib/python3.12/site-packages/airflow/example_dags/example_display_name.py for tasks to queue
[2024-10-06T04:22:51.211+0000] {logging_mixin.py:190} INFO - [2024-10-06T04:22:51.211+0000] {dagbag.py:588} INFO - Filling up the DagBag from /home/airflow/.local/lib/python3.12/site-packages/airflow/example_dags/example_display_name.py
[2024-10-06T04:22:51.222+0000] {processor.py:925} INFO - DAG(s) 'example_display_name' retrieved from /home/airflow/.local/lib/python3.12/site-packages/airflow/example_dags/example_display_name.py
[2024-10-06T04:22:51.249+0000] {logging_mixin.py:190} INFO - [2024-10-06T04:22:51.248+0000] {dag.py:3239} INFO - Sync 1 DAGs
[2024-10-06T04:22:51.269+0000] {logging_mixin.py:190} INFO - [2024-10-06T04:22:51.268+0000] {dag.py:4180} INFO - Setting next_dagrun for example_display_name to None, run_after=None
[2024-10-06T04:22:51.297+0000] {processor.py:208} INFO - Processing /home/airflow/.local/lib/python3.12/site-packages/airflow/example_dags/example_display_name.py took 0.100 seconds
[2024-10-06T04:23:21.846+0000] {processor.py:186} INFO - Started process (PID=550) to work on /home/airflow/.local/lib/python3.12/site-packages/airflow/example_dags/example_display_name.py
[2024-10-06T04:23:21.847+0000] {processor.py:914} INFO - Processing file /home/airflow/.local/lib/python3.12/site-packages/airflow/example_dags/example_display_name.py for tasks to queue
[2024-10-06T04:23:21.851+0000] {logging_mixin.py:190} INFO - [2024-10-06T04:23:21.850+0000] {dagbag.py:588} INFO - Filling up the DagBag from /home/airflow/.local/lib/python3.12/site-packages/airflow/example_dags/example_display_name.py
[2024-10-06T04:23:21.862+0000] {processor.py:925} INFO - DAG(s) 'example_display_name' retrieved from /home/airflow/.local/lib/python3.12/site-packages/airflow/example_dags/example_display_name.py
[2024-10-06T04:23:21.888+0000] {logging_mixin.py:190} INFO - [2024-10-06T04:23:21.888+0000] {dag.py:3239} INFO - Sync 1 DAGs
[2024-10-06T04:23:21.911+0000] {logging_mixin.py:190} INFO - [2024-10-06T04:23:21.910+0000] {dag.py:4180} INFO - Setting next_dagrun for example_display_name to None, run_after=None
[2024-10-06T04:23:21.931+0000] {processor.py:208} INFO - Processing /home/airflow/.local/lib/python3.12/site-packages/airflow/example_dags/example_display_name.py took 0.094 seconds
[2024-10-06T04:23:52.461+0000] {processor.py:186} INFO - Started process (PID=611) to work on /home/airflow/.local/lib/python3.12/site-packages/airflow/example_dags/example_display_name.py
[2024-10-06T04:23:52.462+0000] {processor.py:914} INFO - Processing file /home/airflow/.local/lib/python3.12/site-packages/airflow/example_dags/example_display_name.py for tasks to queue
[2024-10-06T04:23:52.466+0000] {logging_mixin.py:190} INFO - [2024-10-06T04:23:52.466+0000] {dagbag.py:588} INFO - Filling up the DagBag from /home/airflow/.local/lib/python3.12/site-packages/airflow/example_dags/example_display_name.py
[2024-10-06T04:23:52.478+0000] {processor.py:925} INFO - DAG(s) 'example_display_name' retrieved from /home/airflow/.local/lib/python3.12/site-packages/airflow/example_dags/example_display_name.py
[2024-10-06T04:23:52.504+0000] {logging_mixin.py:190} INFO - [2024-10-06T04:23:52.504+0000] {dag.py:3239} INFO - Sync 1 DAGs
[2024-10-06T04:23:52.525+0000] {logging_mixin.py:190} INFO - [2024-10-06T04:23:52.524+0000] {dag.py:4180} INFO - Setting next_dagrun for example_display_name to None, run_after=None
[2024-10-06T04:23:52.549+0000] {processor.py:208} INFO - Processing /home/airflow/.local/lib/python3.12/site-packages/airflow/example_dags/example_display_name.py took 0.098 seconds
[2024-10-06T04:24:22.911+0000] {processor.py:186} INFO - Started process (PID=672) to work on /home/airflow/.local/lib/python3.12/site-packages/airflow/example_dags/example_display_name.py
[2024-10-06T04:24:22.913+0000] {processor.py:914} INFO - Processing file /home/airflow/.local/lib/python3.12/site-packages/airflow/example_dags/example_display_name.py for tasks to queue
[2024-10-06T04:24:22.917+0000] {logging_mixin.py:190} INFO - [2024-10-06T04:24:22.916+0000] {dagbag.py:588} INFO - Filling up the DagBag from /home/airflow/.local/lib/python3.12/site-packages/airflow/example_dags/example_display_name.py
[2024-10-06T04:24:22.928+0000] {processor.py:925} INFO - DAG(s) 'example_display_name' retrieved from /home/airflow/.local/lib/python3.12/site-packages/airflow/example_dags/example_display_name.py
[2024-10-06T04:24:22.959+0000] {logging_mixin.py:190} INFO - [2024-10-06T04:24:22.958+0000] {dag.py:3239} INFO - Sync 1 DAGs
[2024-10-06T04:24:22.987+0000] {logging_mixin.py:190} INFO - [2024-10-06T04:24:22.986+0000] {dag.py:4180} INFO - Setting next_dagrun for example_display_name to None, run_after=None
[2024-10-06T04:24:23.019+0000] {processor.py:208} INFO - Processing /home/airflow/.local/lib/python3.12/site-packages/airflow/example_dags/example_display_name.py took 0.116 seconds
[2024-10-06T04:24:54.081+0000] {processor.py:186} INFO - Started process (PID=735) to work on /home/airflow/.local/lib/python3.12/site-packages/airflow/example_dags/example_display_name.py
[2024-10-06T04:24:54.087+0000] {processor.py:914} INFO - Processing file /home/airflow/.local/lib/python3.12/site-packages/airflow/example_dags/example_display_name.py for tasks to queue
[2024-10-06T04:24:54.091+0000] {logging_mixin.py:190} INFO - [2024-10-06T04:24:54.090+0000] {dagbag.py:588} INFO - Filling up the DagBag from /home/airflow/.local/lib/python3.12/site-packages/airflow/example_dags/example_display_name.py
[2024-10-06T04:24:54.118+0000] {processor.py:925} INFO - DAG(s) 'example_display_name' retrieved from /home/airflow/.local/lib/python3.12/site-packages/airflow/example_dags/example_display_name.py
[2024-10-06T04:24:54.264+0000] {logging_mixin.py:190} INFO - [2024-10-06T04:24:54.262+0000] {dag.py:3239} INFO - Sync 1 DAGs
[2024-10-06T04:24:54.369+0000] {logging_mixin.py:190} INFO - [2024-10-06T04:24:54.367+0000] {dag.py:4180} INFO - Setting next_dagrun for example_display_name to None, run_after=None
[2024-10-06T04:24:54.460+0000] {processor.py:208} INFO - Processing /home/airflow/.local/lib/python3.12/site-packages/airflow/example_dags/example_display_name.py took 0.387 seconds
[2024-10-06T04:25:24.554+0000] {processor.py:186} INFO - Started process (PID=797) to work on /home/airflow/.local/lib/python3.12/site-packages/airflow/example_dags/example_display_name.py
[2024-10-06T04:25:24.555+0000] {processor.py:914} INFO - Processing file /home/airflow/.local/lib/python3.12/site-packages/airflow/example_dags/example_display_name.py for tasks to queue
[2024-10-06T04:25:24.559+0000] {logging_mixin.py:190} INFO - [2024-10-06T04:25:24.558+0000] {dagbag.py:588} INFO - Filling up the DagBag from /home/airflow/.local/lib/python3.12/site-packages/airflow/example_dags/example_display_name.py
[2024-10-06T04:25:24.573+0000] {processor.py:925} INFO - DAG(s) 'example_display_name' retrieved from /home/airflow/.local/lib/python3.12/site-packages/airflow/example_dags/example_display_name.py
[2024-10-06T04:25:24.607+0000] {logging_mixin.py:190} INFO - [2024-10-06T04:25:24.606+0000] {dag.py:3239} INFO - Sync 1 DAGs
[2024-10-06T04:25:24.635+0000] {logging_mixin.py:190} INFO - [2024-10-06T04:25:24.635+0000] {dag.py:4180} INFO - Setting next_dagrun for example_display_name to None, run_after=None
[2024-10-06T04:25:24.666+0000] {processor.py:208} INFO - Processing /home/airflow/.local/lib/python3.12/site-packages/airflow/example_dags/example_display_name.py took 0.121 seconds
[2024-10-06T04:25:55.028+0000] {processor.py:186} INFO - Started process (PID=859) to work on /home/airflow/.local/lib/python3.12/site-packages/airflow/example_dags/example_display_name.py
[2024-10-06T04:25:55.029+0000] {processor.py:914} INFO - Processing file /home/airflow/.local/lib/python3.12/site-packages/airflow/example_dags/example_display_name.py for tasks to queue
[2024-10-06T04:25:55.034+0000] {logging_mixin.py:190} INFO - [2024-10-06T04:25:55.033+0000] {dagbag.py:588} INFO - Filling up the DagBag from /home/airflow/.local/lib/python3.12/site-packages/airflow/example_dags/example_display_name.py
[2024-10-06T04:25:55.049+0000] {processor.py:925} INFO - DAG(s) 'example_display_name' retrieved from /home/airflow/.local/lib/python3.12/site-packages/airflow/example_dags/example_display_name.py
[2024-10-06T04:25:55.087+0000] {logging_mixin.py:190} INFO - [2024-10-06T04:25:55.086+0000] {dag.py:3239} INFO - Sync 1 DAGs
[2024-10-06T04:25:55.112+0000] {logging_mixin.py:190} INFO - [2024-10-06T04:25:55.112+0000] {dag.py:4180} INFO - Setting next_dagrun for example_display_name to None, run_after=None
[2024-10-06T04:25:55.141+0000] {processor.py:208} INFO - Processing /home/airflow/.local/lib/python3.12/site-packages/airflow/example_dags/example_display_name.py took 0.125 seconds
[2024-10-06T04:26:25.387+0000] {processor.py:186} INFO - Started process (PID=921) to work on /home/airflow/.local/lib/python3.12/site-packages/airflow/example_dags/example_display_name.py
[2024-10-06T04:26:25.390+0000] {processor.py:914} INFO - Processing file /home/airflow/.local/lib/python3.12/site-packages/airflow/example_dags/example_display_name.py for tasks to queue
[2024-10-06T04:26:25.395+0000] {logging_mixin.py:190} INFO - [2024-10-06T04:26:25.394+0000] {dagbag.py:588} INFO - Filling up the DagBag from /home/airflow/.local/lib/python3.12/site-packages/airflow/example_dags/example_display_name.py
[2024-10-06T04:26:25.406+0000] {processor.py:925} INFO - DAG(s) 'example_display_name' retrieved from /home/airflow/.local/lib/python3.12/site-packages/airflow/example_dags/example_display_name.py
[2024-10-06T04:26:25.460+0000] {logging_mixin.py:190} INFO - [2024-10-06T04:26:25.460+0000] {dag.py:3239} INFO - Sync 1 DAGs
[2024-10-06T04:26:25.496+0000] {logging_mixin.py:190} INFO - [2024-10-06T04:26:25.495+0000] {dag.py:4180} INFO - Setting next_dagrun for example_display_name to None, run_after=None
[2024-10-06T04:26:25.542+0000] {processor.py:208} INFO - Processing /home/airflow/.local/lib/python3.12/site-packages/airflow/example_dags/example_display_name.py took 0.164 seconds
[2024-10-06T04:26:56.473+0000] {processor.py:186} INFO - Started process (PID=983) to work on /home/airflow/.local/lib/python3.12/site-packages/airflow/example_dags/example_display_name.py
[2024-10-06T04:26:56.474+0000] {processor.py:914} INFO - Processing file /home/airflow/.local/lib/python3.12/site-packages/airflow/example_dags/example_display_name.py for tasks to queue
[2024-10-06T04:26:56.478+0000] {logging_mixin.py:190} INFO - [2024-10-06T04:26:56.477+0000] {dagbag.py:588} INFO - Filling up the DagBag from /home/airflow/.local/lib/python3.12/site-packages/airflow/example_dags/example_display_name.py
[2024-10-06T04:26:56.500+0000] {processor.py:925} INFO - DAG(s) 'example_display_name' retrieved from /home/airflow/.local/lib/python3.12/site-packages/airflow/example_dags/example_display_name.py
[2024-10-06T04:26:56.526+0000] {logging_mixin.py:190} INFO - [2024-10-06T04:26:56.526+0000] {dag.py:3239} INFO - Sync 1 DAGs
[2024-10-06T04:26:56.544+0000] {logging_mixin.py:190} INFO - [2024-10-06T04:26:56.544+0000] {dag.py:4180} INFO - Setting next_dagrun for example_display_name to None, run_after=None
[2024-10-06T04:26:56.581+0000] {processor.py:208} INFO - Processing /home/airflow/.local/lib/python3.12/site-packages/airflow/example_dags/example_display_name.py took 0.133 seconds
[2024-10-06T04:27:26.688+0000] {processor.py:186} INFO - Started process (PID=1044) to work on /home/airflow/.local/lib/python3.12/site-packages/airflow/example_dags/example_display_name.py
[2024-10-06T04:27:26.689+0000] {processor.py:914} INFO - Processing file /home/airflow/.local/lib/python3.12/site-packages/airflow/example_dags/example_display_name.py for tasks to queue
[2024-10-06T04:27:26.693+0000] {logging_mixin.py:190} INFO - [2024-10-06T04:27:26.692+0000] {dagbag.py:588} INFO - Filling up the DagBag from /home/airflow/.local/lib/python3.12/site-packages/airflow/example_dags/example_display_name.py
[2024-10-06T04:27:26.703+0000] {processor.py:925} INFO - DAG(s) 'example_display_name' retrieved from /home/airflow/.local/lib/python3.12/site-packages/airflow/example_dags/example_display_name.py
[2024-10-06T04:27:26.730+0000] {logging_mixin.py:190} INFO - [2024-10-06T04:27:26.730+0000] {dag.py:3239} INFO - Sync 1 DAGs
[2024-10-06T04:27:26.750+0000] {logging_mixin.py:190} INFO - [2024-10-06T04:27:26.750+0000] {dag.py:4180} INFO - Setting next_dagrun for example_display_name to None, run_after=None
[2024-10-06T04:27:26.777+0000] {processor.py:208} INFO - Processing /home/airflow/.local/lib/python3.12/site-packages/airflow/example_dags/example_display_name.py took 0.098 seconds
[2024-10-06T04:27:57.071+0000] {processor.py:186} INFO - Started process (PID=1106) to work on /home/airflow/.local/lib/python3.12/site-packages/airflow/example_dags/example_display_name.py
[2024-10-06T04:27:57.074+0000] {processor.py:914} INFO - Processing file /home/airflow/.local/lib/python3.12/site-packages/airflow/example_dags/example_display_name.py for tasks to queue
[2024-10-06T04:27:57.077+0000] {logging_mixin.py:190} INFO - [2024-10-06T04:27:57.077+0000] {dagbag.py:588} INFO - Filling up the DagBag from /home/airflow/.local/lib/python3.12/site-packages/airflow/example_dags/example_display_name.py
[2024-10-06T04:27:57.088+0000] {processor.py:925} INFO - DAG(s) 'example_display_name' retrieved from /home/airflow/.local/lib/python3.12/site-packages/airflow/example_dags/example_display_name.py
[2024-10-06T04:27:57.117+0000] {logging_mixin.py:190} INFO - [2024-10-06T04:27:57.117+0000] {dag.py:3239} INFO - Sync 1 DAGs
[2024-10-06T04:27:57.137+0000] {logging_mixin.py:190} INFO - [2024-10-06T04:27:57.136+0000] {dag.py:4180} INFO - Setting next_dagrun for example_display_name to None, run_after=None
[2024-10-06T04:27:57.162+0000] {processor.py:208} INFO - Processing /home/airflow/.local/lib/python3.12/site-packages/airflow/example_dags/example_display_name.py took 0.099 seconds
[2024-10-06T04:28:27.430+0000] {processor.py:186} INFO - Started process (PID=1168) to work on /home/airflow/.local/lib/python3.12/site-packages/airflow/example_dags/example_display_name.py
[2024-10-06T04:28:27.432+0000] {processor.py:914} INFO - Processing file /home/airflow/.local/lib/python3.12/site-packages/airflow/example_dags/example_display_name.py for tasks to queue
[2024-10-06T04:28:27.437+0000] {logging_mixin.py:190} INFO - [2024-10-06T04:28:27.436+0000] {dagbag.py:588} INFO - Filling up the DagBag from /home/airflow/.local/lib/python3.12/site-packages/airflow/example_dags/example_display_name.py
[2024-10-06T04:28:27.449+0000] {processor.py:925} INFO - DAG(s) 'example_display_name' retrieved from /home/airflow/.local/lib/python3.12/site-packages/airflow/example_dags/example_display_name.py
[2024-10-06T04:28:27.478+0000] {logging_mixin.py:190} INFO - [2024-10-06T04:28:27.478+0000] {dag.py:3239} INFO - Sync 1 DAGs
[2024-10-06T04:28:27.498+0000] {logging_mixin.py:190} INFO - [2024-10-06T04:28:27.498+0000] {dag.py:4180} INFO - Setting next_dagrun for example_display_name to None, run_after=None
[2024-10-06T04:28:27.523+0000] {processor.py:208} INFO - Processing /home/airflow/.local/lib/python3.12/site-packages/airflow/example_dags/example_display_name.py took 0.103 seconds
[2024-10-06T04:28:57.956+0000] {processor.py:186} INFO - Started process (PID=1231) to work on /home/airflow/.local/lib/python3.12/site-packages/airflow/example_dags/example_display_name.py
[2024-10-06T04:28:57.958+0000] {processor.py:914} INFO - Processing file /home/airflow/.local/lib/python3.12/site-packages/airflow/example_dags/example_display_name.py for tasks to queue
[2024-10-06T04:28:57.962+0000] {logging_mixin.py:190} INFO - [2024-10-06T04:28:57.962+0000] {dagbag.py:588} INFO - Filling up the DagBag from /home/airflow/.local/lib/python3.12/site-packages/airflow/example_dags/example_display_name.py
[2024-10-06T04:28:57.974+0000] {processor.py:925} INFO - DAG(s) 'example_display_name' retrieved from /home/airflow/.local/lib/python3.12/site-packages/airflow/example_dags/example_display_name.py
[2024-10-06T04:28:58.007+0000] {logging_mixin.py:190} INFO - [2024-10-06T04:28:58.007+0000] {dag.py:3239} INFO - Sync 1 DAGs
[2024-10-06T04:28:58.029+0000] {logging_mixin.py:190} INFO - [2024-10-06T04:28:58.029+0000] {dag.py:4180} INFO - Setting next_dagrun for example_display_name to None, run_after=None
[2024-10-06T04:28:58.056+0000] {processor.py:208} INFO - Processing /home/airflow/.local/lib/python3.12/site-packages/airflow/example_dags/example_display_name.py took 0.111 seconds
[2024-10-06T04:29:28.927+0000] {processor.py:186} INFO - Started process (PID=1293) to work on /home/airflow/.local/lib/python3.12/site-packages/airflow/example_dags/example_display_name.py
[2024-10-06T04:29:28.929+0000] {processor.py:914} INFO - Processing file /home/airflow/.local/lib/python3.12/site-packages/airflow/example_dags/example_display_name.py for tasks to queue
[2024-10-06T04:29:28.934+0000] {logging_mixin.py:190} INFO - [2024-10-06T04:29:28.934+0000] {dagbag.py:588} INFO - Filling up the DagBag from /home/airflow/.local/lib/python3.12/site-packages/airflow/example_dags/example_display_name.py
[2024-10-06T04:29:28.948+0000] {processor.py:925} INFO - DAG(s) 'example_display_name' retrieved from /home/airflow/.local/lib/python3.12/site-packages/airflow/example_dags/example_display_name.py
[2024-10-06T04:29:28.979+0000] {logging_mixin.py:190} INFO - [2024-10-06T04:29:28.979+0000] {dag.py:3239} INFO - Sync 1 DAGs
[2024-10-06T04:29:29.002+0000] {logging_mixin.py:190} INFO - [2024-10-06T04:29:29.001+0000] {dag.py:4180} INFO - Setting next_dagrun for example_display_name to None, run_after=None
[2024-10-06T04:29:29.027+0000] {processor.py:208} INFO - Processing /home/airflow/.local/lib/python3.12/site-packages/airflow/example_dags/example_display_name.py took 0.111 seconds
[2024-10-06T04:29:59.433+0000] {processor.py:186} INFO - Started process (PID=1355) to work on /home/airflow/.local/lib/python3.12/site-packages/airflow/example_dags/example_display_name.py
[2024-10-06T04:29:59.434+0000] {processor.py:914} INFO - Processing file /home/airflow/.local/lib/python3.12/site-packages/airflow/example_dags/example_display_name.py for tasks to queue
[2024-10-06T04:29:59.438+0000] {logging_mixin.py:190} INFO - [2024-10-06T04:29:59.438+0000] {dagbag.py:588} INFO - Filling up the DagBag from /home/airflow/.local/lib/python3.12/site-packages/airflow/example_dags/example_display_name.py
[2024-10-06T04:29:59.458+0000] {processor.py:925} INFO - DAG(s) 'example_display_name' retrieved from /home/airflow/.local/lib/python3.12/site-packages/airflow/example_dags/example_display_name.py
[2024-10-06T04:29:59.498+0000] {logging_mixin.py:190} INFO - [2024-10-06T04:29:59.498+0000] {dag.py:3239} INFO - Sync 1 DAGs
[2024-10-06T04:29:59.527+0000] {logging_mixin.py:190} INFO - [2024-10-06T04:29:59.527+0000] {dag.py:4180} INFO - Setting next_dagrun for example_display_name to None, run_after=None
[2024-10-06T04:29:59.552+0000] {processor.py:208} INFO - Processing /home/airflow/.local/lib/python3.12/site-packages/airflow/example_dags/example_display_name.py took 0.129 seconds
[2024-10-06T04:30:29.992+0000] {processor.py:186} INFO - Started process (PID=1417) to work on /home/airflow/.local/lib/python3.12/site-packages/airflow/example_dags/example_display_name.py
[2024-10-06T04:30:29.994+0000] {processor.py:914} INFO - Processing file /home/airflow/.local/lib/python3.12/site-packages/airflow/example_dags/example_display_name.py for tasks to queue
[2024-10-06T04:30:30.000+0000] {logging_mixin.py:190} INFO - [2024-10-06T04:30:29.999+0000] {dagbag.py:588} INFO - Filling up the DagBag from /home/airflow/.local/lib/python3.12/site-packages/airflow/example_dags/example_display_name.py
[2024-10-06T04:30:30.015+0000] {processor.py:925} INFO - DAG(s) 'example_display_name' retrieved from /home/airflow/.local/lib/python3.12/site-packages/airflow/example_dags/example_display_name.py
[2024-10-06T04:30:30.052+0000] {logging_mixin.py:190} INFO - [2024-10-06T04:30:30.052+0000] {dag.py:3239} INFO - Sync 1 DAGs
[2024-10-06T04:30:30.080+0000] {logging_mixin.py:190} INFO - [2024-10-06T04:30:30.080+0000] {dag.py:4180} INFO - Setting next_dagrun for example_display_name to None, run_after=None
[2024-10-06T04:30:30.120+0000] {processor.py:208} INFO - Processing /home/airflow/.local/lib/python3.12/site-packages/airflow/example_dags/example_display_name.py took 0.139 seconds
[2024-10-06T04:31:00.544+0000] {processor.py:186} INFO - Started process (PID=1479) to work on /home/airflow/.local/lib/python3.12/site-packages/airflow/example_dags/example_display_name.py
[2024-10-06T04:31:00.546+0000] {processor.py:914} INFO - Processing file /home/airflow/.local/lib/python3.12/site-packages/airflow/example_dags/example_display_name.py for tasks to queue
[2024-10-06T04:31:00.550+0000] {logging_mixin.py:190} INFO - [2024-10-06T04:31:00.550+0000] {dagbag.py:588} INFO - Filling up the DagBag from /home/airflow/.local/lib/python3.12/site-packages/airflow/example_dags/example_display_name.py
[2024-10-06T04:31:00.565+0000] {processor.py:925} INFO - DAG(s) 'example_display_name' retrieved from /home/airflow/.local/lib/python3.12/site-packages/airflow/example_dags/example_display_name.py
[2024-10-06T04:31:00.593+0000] {logging_mixin.py:190} INFO - [2024-10-06T04:31:00.593+0000] {dag.py:3239} INFO - Sync 1 DAGs
[2024-10-06T04:31:00.614+0000] {logging_mixin.py:190} INFO - [2024-10-06T04:31:00.614+0000] {dag.py:4180} INFO - Setting next_dagrun for example_display_name to None, run_after=None
[2024-10-06T04:31:00.642+0000] {processor.py:208} INFO - Processing /home/airflow/.local/lib/python3.12/site-packages/airflow/example_dags/example_display_name.py took 0.109 seconds
[2024-10-06T04:31:30.784+0000] {processor.py:186} INFO - Started process (PID=1541) to work on /home/airflow/.local/lib/python3.12/site-packages/airflow/example_dags/example_display_name.py
[2024-10-06T04:31:30.786+0000] {processor.py:914} INFO - Processing file /home/airflow/.local/lib/python3.12/site-packages/airflow/example_dags/example_display_name.py for tasks to queue
[2024-10-06T04:31:30.790+0000] {logging_mixin.py:190} INFO - [2024-10-06T04:31:30.789+0000] {dagbag.py:588} INFO - Filling up the DagBag from /home/airflow/.local/lib/python3.12/site-packages/airflow/example_dags/example_display_name.py
[2024-10-06T04:31:30.802+0000] {processor.py:925} INFO - DAG(s) 'example_display_name' retrieved from /home/airflow/.local/lib/python3.12/site-packages/airflow/example_dags/example_display_name.py
[2024-10-06T04:31:30.837+0000] {logging_mixin.py:190} INFO - [2024-10-06T04:31:30.836+0000] {dag.py:3239} INFO - Sync 1 DAGs
[2024-10-06T04:31:30.856+0000] {logging_mixin.py:190} INFO - [2024-10-06T04:31:30.855+0000] {dag.py:4180} INFO - Setting next_dagrun for example_display_name to None, run_after=None
[2024-10-06T04:31:30.882+0000] {processor.py:208} INFO - Processing /home/airflow/.local/lib/python3.12/site-packages/airflow/example_dags/example_display_name.py took 0.107 seconds
[2024-10-06T04:32:01.566+0000] {processor.py:186} INFO - Started process (PID=1603) to work on /home/airflow/.local/lib/python3.12/site-packages/airflow/example_dags/example_display_name.py
[2024-10-06T04:32:01.568+0000] {processor.py:914} INFO - Processing file /home/airflow/.local/lib/python3.12/site-packages/airflow/example_dags/example_display_name.py for tasks to queue
[2024-10-06T04:32:01.571+0000] {logging_mixin.py:190} INFO - [2024-10-06T04:32:01.571+0000] {dagbag.py:588} INFO - Filling up the DagBag from /home/airflow/.local/lib/python3.12/site-packages/airflow/example_dags/example_display_name.py
[2024-10-06T04:32:01.584+0000] {processor.py:925} INFO - DAG(s) 'example_display_name' retrieved from /home/airflow/.local/lib/python3.12/site-packages/airflow/example_dags/example_display_name.py
[2024-10-06T04:32:01.625+0000] {logging_mixin.py:190} INFO - [2024-10-06T04:32:01.624+0000] {dag.py:3239} INFO - Sync 1 DAGs
[2024-10-06T04:32:01.668+0000] {logging_mixin.py:190} INFO - [2024-10-06T04:32:01.667+0000] {dag.py:4180} INFO - Setting next_dagrun for example_display_name to None, run_after=None
[2024-10-06T04:32:01.741+0000] {processor.py:208} INFO - Processing /home/airflow/.local/lib/python3.12/site-packages/airflow/example_dags/example_display_name.py took 0.184 seconds
[2024-10-06T04:32:31.824+0000] {processor.py:186} INFO - Started process (PID=1665) to work on /home/airflow/.local/lib/python3.12/site-packages/airflow/example_dags/example_display_name.py
[2024-10-06T04:32:31.826+0000] {processor.py:914} INFO - Processing file /home/airflow/.local/lib/python3.12/site-packages/airflow/example_dags/example_display_name.py for tasks to queue
[2024-10-06T04:32:31.830+0000] {logging_mixin.py:190} INFO - [2024-10-06T04:32:31.830+0000] {dagbag.py:588} INFO - Filling up the DagBag from /home/airflow/.local/lib/python3.12/site-packages/airflow/example_dags/example_display_name.py
[2024-10-06T04:32:31.844+0000] {processor.py:925} INFO - DAG(s) 'example_display_name' retrieved from /home/airflow/.local/lib/python3.12/site-packages/airflow/example_dags/example_display_name.py
[2024-10-06T04:32:31.878+0000] {logging_mixin.py:190} INFO - [2024-10-06T04:32:31.877+0000] {dag.py:3239} INFO - Sync 1 DAGs
[2024-10-06T04:32:31.898+0000] {logging_mixin.py:190} INFO - [2024-10-06T04:32:31.898+0000] {dag.py:4180} INFO - Setting next_dagrun for example_display_name to None, run_after=None
[2024-10-06T04:32:31.938+0000] {processor.py:208} INFO - Processing /home/airflow/.local/lib/python3.12/site-packages/airflow/example_dags/example_display_name.py took 0.125 seconds
[2024-10-06T04:35:10.084+0000] {processor.py:186} INFO - Started process (PID=46) to work on /home/airflow/.local/lib/python3.12/site-packages/airflow/example_dags/example_display_name.py
[2024-10-06T04:35:10.105+0000] {processor.py:914} INFO - Processing file /home/airflow/.local/lib/python3.12/site-packages/airflow/example_dags/example_display_name.py for tasks to queue
[2024-10-06T04:35:10.109+0000] {logging_mixin.py:190} INFO - [2024-10-06T04:35:10.109+0000] {dagbag.py:588} INFO - Filling up the DagBag from /home/airflow/.local/lib/python3.12/site-packages/airflow/example_dags/example_display_name.py
[2024-10-06T04:35:10.160+0000] {processor.py:925} INFO - DAG(s) 'example_display_name' retrieved from /home/airflow/.local/lib/python3.12/site-packages/airflow/example_dags/example_display_name.py
[2024-10-06T04:35:10.257+0000] {logging_mixin.py:190} INFO - [2024-10-06T04:35:10.257+0000] {dag.py:3239} INFO - Sync 1 DAGs
[2024-10-06T04:35:10.309+0000] {logging_mixin.py:190} INFO - [2024-10-06T04:35:10.308+0000] {dag.py:4180} INFO - Setting next_dagrun for example_display_name to None, run_after=None
[2024-10-06T04:35:10.382+0000] {processor.py:208} INFO - Processing /home/airflow/.local/lib/python3.12/site-packages/airflow/example_dags/example_display_name.py took 0.338 seconds
[2024-10-06T04:35:40.568+0000] {processor.py:186} INFO - Started process (PID=107) to work on /home/airflow/.local/lib/python3.12/site-packages/airflow/example_dags/example_display_name.py
[2024-10-06T04:35:40.570+0000] {processor.py:914} INFO - Processing file /home/airflow/.local/lib/python3.12/site-packages/airflow/example_dags/example_display_name.py for tasks to queue
[2024-10-06T04:35:40.574+0000] {logging_mixin.py:190} INFO - [2024-10-06T04:35:40.574+0000] {dagbag.py:588} INFO - Filling up the DagBag from /home/airflow/.local/lib/python3.12/site-packages/airflow/example_dags/example_display_name.py
[2024-10-06T04:35:40.586+0000] {processor.py:925} INFO - DAG(s) 'example_display_name' retrieved from /home/airflow/.local/lib/python3.12/site-packages/airflow/example_dags/example_display_name.py
[2024-10-06T04:35:40.615+0000] {logging_mixin.py:190} INFO - [2024-10-06T04:35:40.615+0000] {dag.py:3239} INFO - Sync 1 DAGs
[2024-10-06T04:35:40.634+0000] {logging_mixin.py:190} INFO - [2024-10-06T04:35:40.634+0000] {dag.py:4180} INFO - Setting next_dagrun for example_display_name to None, run_after=None
[2024-10-06T04:35:40.658+0000] {processor.py:208} INFO - Processing /home/airflow/.local/lib/python3.12/site-packages/airflow/example_dags/example_display_name.py took 0.098 seconds
[2024-10-06T04:36:11.208+0000] {processor.py:186} INFO - Started process (PID=168) to work on /home/airflow/.local/lib/python3.12/site-packages/airflow/example_dags/example_display_name.py
[2024-10-06T04:36:11.209+0000] {processor.py:914} INFO - Processing file /home/airflow/.local/lib/python3.12/site-packages/airflow/example_dags/example_display_name.py for tasks to queue
[2024-10-06T04:36:11.214+0000] {logging_mixin.py:190} INFO - [2024-10-06T04:36:11.213+0000] {dagbag.py:588} INFO - Filling up the DagBag from /home/airflow/.local/lib/python3.12/site-packages/airflow/example_dags/example_display_name.py
[2024-10-06T04:36:11.227+0000] {processor.py:925} INFO - DAG(s) 'example_display_name' retrieved from /home/airflow/.local/lib/python3.12/site-packages/airflow/example_dags/example_display_name.py
[2024-10-06T04:36:11.256+0000] {logging_mixin.py:190} INFO - [2024-10-06T04:36:11.254+0000] {dag.py:3239} INFO - Sync 1 DAGs
[2024-10-06T04:36:11.275+0000] {logging_mixin.py:190} INFO - [2024-10-06T04:36:11.275+0000] {dag.py:4180} INFO - Setting next_dagrun for example_display_name to None, run_after=None
[2024-10-06T04:36:11.307+0000] {processor.py:208} INFO - Processing /home/airflow/.local/lib/python3.12/site-packages/airflow/example_dags/example_display_name.py took 0.109 seconds
[2024-10-06T04:36:42.449+0000] {processor.py:186} INFO - Started process (PID=231) to work on /home/airflow/.local/lib/python3.12/site-packages/airflow/example_dags/example_display_name.py
[2024-10-06T04:36:42.451+0000] {processor.py:914} INFO - Processing file /home/airflow/.local/lib/python3.12/site-packages/airflow/example_dags/example_display_name.py for tasks to queue
[2024-10-06T04:36:42.456+0000] {logging_mixin.py:190} INFO - [2024-10-06T04:36:42.455+0000] {dagbag.py:588} INFO - Filling up the DagBag from /home/airflow/.local/lib/python3.12/site-packages/airflow/example_dags/example_display_name.py
[2024-10-06T04:36:42.467+0000] {processor.py:925} INFO - DAG(s) 'example_display_name' retrieved from /home/airflow/.local/lib/python3.12/site-packages/airflow/example_dags/example_display_name.py
[2024-10-06T04:36:42.510+0000] {logging_mixin.py:190} INFO - [2024-10-06T04:36:42.510+0000] {dag.py:3239} INFO - Sync 1 DAGs
[2024-10-06T04:36:42.538+0000] {logging_mixin.py:190} INFO - [2024-10-06T04:36:42.537+0000] {dag.py:4180} INFO - Setting next_dagrun for example_display_name to None, run_after=None
[2024-10-06T04:36:42.563+0000] {processor.py:208} INFO - Processing /home/airflow/.local/lib/python3.12/site-packages/airflow/example_dags/example_display_name.py took 0.122 seconds
[2024-10-06T04:37:12.934+0000] {processor.py:186} INFO - Started process (PID=293) to work on /home/airflow/.local/lib/python3.12/site-packages/airflow/example_dags/example_display_name.py
[2024-10-06T04:37:12.935+0000] {processor.py:914} INFO - Processing file /home/airflow/.local/lib/python3.12/site-packages/airflow/example_dags/example_display_name.py for tasks to queue
[2024-10-06T04:37:12.944+0000] {logging_mixin.py:190} INFO - [2024-10-06T04:37:12.939+0000] {dagbag.py:588} INFO - Filling up the DagBag from /home/airflow/.local/lib/python3.12/site-packages/airflow/example_dags/example_display_name.py
[2024-10-06T04:37:12.970+0000] {processor.py:925} INFO - DAG(s) 'example_display_name' retrieved from /home/airflow/.local/lib/python3.12/site-packages/airflow/example_dags/example_display_name.py
[2024-10-06T04:37:13.003+0000] {logging_mixin.py:190} INFO - [2024-10-06T04:37:13.003+0000] {dag.py:3239} INFO - Sync 1 DAGs
[2024-10-06T04:37:13.026+0000] {logging_mixin.py:190} INFO - [2024-10-06T04:37:13.025+0000] {dag.py:4180} INFO - Setting next_dagrun for example_display_name to None, run_after=None
[2024-10-06T04:37:13.049+0000] {processor.py:208} INFO - Processing /home/airflow/.local/lib/python3.12/site-packages/airflow/example_dags/example_display_name.py took 0.146 seconds
[2024-10-06T04:39:08.914+0000] {processor.py:186} INFO - Started process (PID=47) to work on /home/airflow/.local/lib/python3.12/site-packages/airflow/example_dags/example_display_name.py
[2024-10-06T04:39:08.941+0000] {processor.py:914} INFO - Processing file /home/airflow/.local/lib/python3.12/site-packages/airflow/example_dags/example_display_name.py for tasks to queue
[2024-10-06T04:39:08.955+0000] {logging_mixin.py:190} INFO - [2024-10-06T04:39:08.955+0000] {dagbag.py:588} INFO - Filling up the DagBag from /home/airflow/.local/lib/python3.12/site-packages/airflow/example_dags/example_display_name.py
[2024-10-06T04:39:08.967+0000] {processor.py:925} INFO - DAG(s) 'example_display_name' retrieved from /home/airflow/.local/lib/python3.12/site-packages/airflow/example_dags/example_display_name.py
[2024-10-06T04:39:09.141+0000] {logging_mixin.py:190} INFO - [2024-10-06T04:39:09.140+0000] {override.py:1900} INFO - Created Permission View: can read on DAG:example_display_name
[2024-10-06T04:39:09.155+0000] {logging_mixin.py:190} INFO - [2024-10-06T04:39:09.154+0000] {override.py:1900} INFO - Created Permission View: can edit on DAG:example_display_name
[2024-10-06T04:39:09.163+0000] {logging_mixin.py:190} INFO - [2024-10-06T04:39:09.163+0000] {override.py:1900} INFO - Created Permission View: can delete on DAG:example_display_name
[2024-10-06T04:39:09.171+0000] {logging_mixin.py:190} INFO - [2024-10-06T04:39:09.170+0000] {override.py:1900} INFO - Created Permission View: menu access on DAG Run:example_display_name
[2024-10-06T04:39:09.178+0000] {logging_mixin.py:190} INFO - [2024-10-06T04:39:09.178+0000] {override.py:1900} INFO - Created Permission View: can read on DAG Run:example_display_name
[2024-10-06T04:39:09.186+0000] {logging_mixin.py:190} INFO - [2024-10-06T04:39:09.186+0000] {override.py:1900} INFO - Created Permission View: can create on DAG Run:example_display_name
[2024-10-06T04:39:09.193+0000] {logging_mixin.py:190} INFO - [2024-10-06T04:39:09.193+0000] {override.py:1900} INFO - Created Permission View: can delete on DAG Run:example_display_name
[2024-10-06T04:39:09.194+0000] {logging_mixin.py:190} INFO - [2024-10-06T04:39:09.193+0000] {dag.py:3239} INFO - Sync 1 DAGs
[2024-10-06T04:39:09.210+0000] {logging_mixin.py:190} INFO - [2024-10-06T04:39:09.210+0000] {dag.py:3262} INFO - Creating ORM DAG for example_display_name
[2024-10-06T04:39:09.211+0000] {logging_mixin.py:190} INFO - [2024-10-06T04:39:09.211+0000] {dag.py:4180} INFO - Setting next_dagrun for example_display_name to None, run_after=None
[2024-10-06T04:39:09.238+0000] {processor.py:208} INFO - Processing /home/airflow/.local/lib/python3.12/site-packages/airflow/example_dags/example_display_name.py took 0.349 seconds
[2024-10-06T04:39:40.004+0000] {processor.py:186} INFO - Started process (PID=109) to work on /home/airflow/.local/lib/python3.12/site-packages/airflow/example_dags/example_display_name.py
[2024-10-06T04:39:40.006+0000] {processor.py:914} INFO - Processing file /home/airflow/.local/lib/python3.12/site-packages/airflow/example_dags/example_display_name.py for tasks to queue
[2024-10-06T04:39:40.010+0000] {logging_mixin.py:190} INFO - [2024-10-06T04:39:40.010+0000] {dagbag.py:588} INFO - Filling up the DagBag from /home/airflow/.local/lib/python3.12/site-packages/airflow/example_dags/example_display_name.py
[2024-10-06T04:39:40.024+0000] {processor.py:925} INFO - DAG(s) 'example_display_name' retrieved from /home/airflow/.local/lib/python3.12/site-packages/airflow/example_dags/example_display_name.py
[2024-10-06T04:39:40.057+0000] {logging_mixin.py:190} INFO - [2024-10-06T04:39:40.057+0000] {dag.py:3239} INFO - Sync 1 DAGs
[2024-10-06T04:39:40.076+0000] {logging_mixin.py:190} INFO - [2024-10-06T04:39:40.075+0000] {dag.py:4180} INFO - Setting next_dagrun for example_display_name to None, run_after=None
[2024-10-06T04:39:40.097+0000] {processor.py:208} INFO - Processing /home/airflow/.local/lib/python3.12/site-packages/airflow/example_dags/example_display_name.py took 0.102 seconds
[2024-10-06T04:40:10.172+0000] {processor.py:186} INFO - Started process (PID=171) to work on /home/airflow/.local/lib/python3.12/site-packages/airflow/example_dags/example_display_name.py
[2024-10-06T04:40:10.173+0000] {processor.py:914} INFO - Processing file /home/airflow/.local/lib/python3.12/site-packages/airflow/example_dags/example_display_name.py for tasks to queue
[2024-10-06T04:40:10.177+0000] {logging_mixin.py:190} INFO - [2024-10-06T04:40:10.177+0000] {dagbag.py:588} INFO - Filling up the DagBag from /home/airflow/.local/lib/python3.12/site-packages/airflow/example_dags/example_display_name.py
[2024-10-06T04:40:10.188+0000] {processor.py:925} INFO - DAG(s) 'example_display_name' retrieved from /home/airflow/.local/lib/python3.12/site-packages/airflow/example_dags/example_display_name.py
[2024-10-06T04:40:10.215+0000] {logging_mixin.py:190} INFO - [2024-10-06T04:40:10.214+0000] {dag.py:3239} INFO - Sync 1 DAGs
[2024-10-06T04:40:10.234+0000] {logging_mixin.py:190} INFO - [2024-10-06T04:40:10.234+0000] {dag.py:4180} INFO - Setting next_dagrun for example_display_name to None, run_after=None
[2024-10-06T04:40:10.258+0000] {processor.py:208} INFO - Processing /home/airflow/.local/lib/python3.12/site-packages/airflow/example_dags/example_display_name.py took 0.094 seconds
[2024-10-06T04:40:41.073+0000] {processor.py:186} INFO - Started process (PID=234) to work on /home/airflow/.local/lib/python3.12/site-packages/airflow/example_dags/example_display_name.py
[2024-10-06T04:40:41.074+0000] {processor.py:914} INFO - Processing file /home/airflow/.local/lib/python3.12/site-packages/airflow/example_dags/example_display_name.py for tasks to queue
[2024-10-06T04:40:41.079+0000] {logging_mixin.py:190} INFO - [2024-10-06T04:40:41.078+0000] {dagbag.py:588} INFO - Filling up the DagBag from /home/airflow/.local/lib/python3.12/site-packages/airflow/example_dags/example_display_name.py
[2024-10-06T04:40:41.092+0000] {processor.py:925} INFO - DAG(s) 'example_display_name' retrieved from /home/airflow/.local/lib/python3.12/site-packages/airflow/example_dags/example_display_name.py
[2024-10-06T04:40:41.125+0000] {logging_mixin.py:190} INFO - [2024-10-06T04:40:41.125+0000] {dag.py:3239} INFO - Sync 1 DAGs
[2024-10-06T04:40:41.150+0000] {logging_mixin.py:190} INFO - [2024-10-06T04:40:41.150+0000] {dag.py:4180} INFO - Setting next_dagrun for example_display_name to None, run_after=None
[2024-10-06T04:40:41.175+0000] {processor.py:208} INFO - Processing /home/airflow/.local/lib/python3.12/site-packages/airflow/example_dags/example_display_name.py took 0.111 seconds
[2024-10-06T04:41:12.184+0000] {processor.py:186} INFO - Started process (PID=295) to work on /home/airflow/.local/lib/python3.12/site-packages/airflow/example_dags/example_display_name.py
[2024-10-06T04:41:12.186+0000] {processor.py:914} INFO - Processing file /home/airflow/.local/lib/python3.12/site-packages/airflow/example_dags/example_display_name.py for tasks to queue
[2024-10-06T04:41:12.190+0000] {logging_mixin.py:190} INFO - [2024-10-06T04:41:12.189+0000] {dagbag.py:588} INFO - Filling up the DagBag from /home/airflow/.local/lib/python3.12/site-packages/airflow/example_dags/example_display_name.py
[2024-10-06T04:41:12.213+0000] {processor.py:925} INFO - DAG(s) 'example_display_name' retrieved from /home/airflow/.local/lib/python3.12/site-packages/airflow/example_dags/example_display_name.py
[2024-10-06T04:41:12.248+0000] {logging_mixin.py:190} INFO - [2024-10-06T04:41:12.247+0000] {dag.py:3239} INFO - Sync 1 DAGs
[2024-10-06T04:41:12.270+0000] {logging_mixin.py:190} INFO - [2024-10-06T04:41:12.270+0000] {dag.py:4180} INFO - Setting next_dagrun for example_display_name to None, run_after=None
[2024-10-06T04:41:12.297+0000] {processor.py:208} INFO - Processing /home/airflow/.local/lib/python3.12/site-packages/airflow/example_dags/example_display_name.py took 0.124 seconds
[2024-10-06T04:41:42.508+0000] {processor.py:186} INFO - Started process (PID=357) to work on /home/airflow/.local/lib/python3.12/site-packages/airflow/example_dags/example_display_name.py
[2024-10-06T04:41:42.510+0000] {processor.py:914} INFO - Processing file /home/airflow/.local/lib/python3.12/site-packages/airflow/example_dags/example_display_name.py for tasks to queue
[2024-10-06T04:41:42.513+0000] {logging_mixin.py:190} INFO - [2024-10-06T04:41:42.512+0000] {dagbag.py:588} INFO - Filling up the DagBag from /home/airflow/.local/lib/python3.12/site-packages/airflow/example_dags/example_display_name.py
[2024-10-06T04:41:42.524+0000] {processor.py:925} INFO - DAG(s) 'example_display_name' retrieved from /home/airflow/.local/lib/python3.12/site-packages/airflow/example_dags/example_display_name.py
[2024-10-06T04:41:42.552+0000] {logging_mixin.py:190} INFO - [2024-10-06T04:41:42.552+0000] {dag.py:3239} INFO - Sync 1 DAGs
[2024-10-06T04:41:42.572+0000] {logging_mixin.py:190} INFO - [2024-10-06T04:41:42.572+0000] {dag.py:4180} INFO - Setting next_dagrun for example_display_name to None, run_after=None
[2024-10-06T04:41:42.597+0000] {processor.py:208} INFO - Processing /home/airflow/.local/lib/python3.12/site-packages/airflow/example_dags/example_display_name.py took 0.097 seconds
[2024-10-06T04:42:13.407+0000] {processor.py:186} INFO - Started process (PID=419) to work on /home/airflow/.local/lib/python3.12/site-packages/airflow/example_dags/example_display_name.py
[2024-10-06T04:42:13.409+0000] {processor.py:914} INFO - Processing file /home/airflow/.local/lib/python3.12/site-packages/airflow/example_dags/example_display_name.py for tasks to queue
[2024-10-06T04:42:13.412+0000] {logging_mixin.py:190} INFO - [2024-10-06T04:42:13.412+0000] {dagbag.py:588} INFO - Filling up the DagBag from /home/airflow/.local/lib/python3.12/site-packages/airflow/example_dags/example_display_name.py
[2024-10-06T04:42:13.424+0000] {processor.py:925} INFO - DAG(s) 'example_display_name' retrieved from /home/airflow/.local/lib/python3.12/site-packages/airflow/example_dags/example_display_name.py
[2024-10-06T04:42:13.454+0000] {logging_mixin.py:190} INFO - [2024-10-06T04:42:13.453+0000] {dag.py:3239} INFO - Sync 1 DAGs
[2024-10-06T04:42:13.474+0000] {logging_mixin.py:190} INFO - [2024-10-06T04:42:13.474+0000] {dag.py:4180} INFO - Setting next_dagrun for example_display_name to None, run_after=None
[2024-10-06T04:42:13.506+0000] {processor.py:208} INFO - Processing /home/airflow/.local/lib/python3.12/site-packages/airflow/example_dags/example_display_name.py took 0.111 seconds
[2024-10-06T04:42:43.919+0000] {processor.py:186} INFO - Started process (PID=481) to work on /home/airflow/.local/lib/python3.12/site-packages/airflow/example_dags/example_display_name.py
[2024-10-06T04:42:43.920+0000] {processor.py:914} INFO - Processing file /home/airflow/.local/lib/python3.12/site-packages/airflow/example_dags/example_display_name.py for tasks to queue
[2024-10-06T04:42:43.924+0000] {logging_mixin.py:190} INFO - [2024-10-06T04:42:43.923+0000] {dagbag.py:588} INFO - Filling up the DagBag from /home/airflow/.local/lib/python3.12/site-packages/airflow/example_dags/example_display_name.py
[2024-10-06T04:42:43.937+0000] {processor.py:925} INFO - DAG(s) 'example_display_name' retrieved from /home/airflow/.local/lib/python3.12/site-packages/airflow/example_dags/example_display_name.py
[2024-10-06T04:42:43.965+0000] {logging_mixin.py:190} INFO - [2024-10-06T04:42:43.965+0000] {dag.py:3239} INFO - Sync 1 DAGs
[2024-10-06T04:42:43.983+0000] {logging_mixin.py:190} INFO - [2024-10-06T04:42:43.983+0000] {dag.py:4180} INFO - Setting next_dagrun for example_display_name to None, run_after=None
[2024-10-06T04:42:44.005+0000] {processor.py:208} INFO - Processing /home/airflow/.local/lib/python3.12/site-packages/airflow/example_dags/example_display_name.py took 0.094 seconds
[2024-10-06T04:45:41.488+0000] {processor.py:186} INFO - Started process (PID=41) to work on /home/airflow/.local/lib/python3.12/site-packages/airflow/example_dags/example_display_name.py
[2024-10-06T04:45:41.490+0000] {processor.py:914} INFO - Processing file /home/airflow/.local/lib/python3.12/site-packages/airflow/example_dags/example_display_name.py for tasks to queue
[2024-10-06T04:45:41.494+0000] {logging_mixin.py:190} INFO - [2024-10-06T04:45:41.493+0000] {dagbag.py:588} INFO - Filling up the DagBag from /home/airflow/.local/lib/python3.12/site-packages/airflow/example_dags/example_display_name.py
[2024-10-06T04:45:41.505+0000] {processor.py:925} INFO - DAG(s) 'example_display_name' retrieved from /home/airflow/.local/lib/python3.12/site-packages/airflow/example_dags/example_display_name.py
[2024-10-06T04:45:41.542+0000] {logging_mixin.py:190} INFO - [2024-10-06T04:45:41.541+0000] {dag.py:3239} INFO - Sync 1 DAGs
[2024-10-06T04:45:41.563+0000] {logging_mixin.py:190} INFO - [2024-10-06T04:45:41.563+0000] {dag.py:4180} INFO - Setting next_dagrun for example_display_name to None, run_after=None
[2024-10-06T04:45:41.661+0000] {processor.py:208} INFO - Processing /home/airflow/.local/lib/python3.12/site-packages/airflow/example_dags/example_display_name.py took 0.185 seconds
[2024-10-06T04:46:12.195+0000] {processor.py:186} INFO - Started process (PID=103) to work on /home/airflow/.local/lib/python3.12/site-packages/airflow/example_dags/example_display_name.py
[2024-10-06T04:46:12.196+0000] {processor.py:914} INFO - Processing file /home/airflow/.local/lib/python3.12/site-packages/airflow/example_dags/example_display_name.py for tasks to queue
[2024-10-06T04:46:12.199+0000] {logging_mixin.py:190} INFO - [2024-10-06T04:46:12.199+0000] {dagbag.py:588} INFO - Filling up the DagBag from /home/airflow/.local/lib/python3.12/site-packages/airflow/example_dags/example_display_name.py
[2024-10-06T04:46:12.209+0000] {processor.py:925} INFO - DAG(s) 'example_display_name' retrieved from /home/airflow/.local/lib/python3.12/site-packages/airflow/example_dags/example_display_name.py
[2024-10-06T04:46:12.235+0000] {logging_mixin.py:190} INFO - [2024-10-06T04:46:12.235+0000] {dag.py:3239} INFO - Sync 1 DAGs
[2024-10-06T04:46:12.256+0000] {logging_mixin.py:190} INFO - [2024-10-06T04:46:12.256+0000] {dag.py:4180} INFO - Setting next_dagrun for example_display_name to None, run_after=None
[2024-10-06T04:46:12.279+0000] {processor.py:208} INFO - Processing /home/airflow/.local/lib/python3.12/site-packages/airflow/example_dags/example_display_name.py took 0.092 seconds
