[2024-10-06T04:18:59.101+0000] {processor.py:186} INFO - Started process (PID=60) to work on /home/airflow/.local/lib/python3.12/site-packages/airflow/example_dags/example_sensors.py
[2024-10-06T04:18:59.102+0000] {processor.py:914} INFO - Processing file /home/airflow/.local/lib/python3.12/site-packages/airflow/example_dags/example_sensors.py for tasks to queue
[2024-10-06T04:18:59.106+0000] {logging_mixin.py:190} INFO - [2024-10-06T04:18:59.105+0000] {dagbag.py:588} INFO - Filling up the DagBag from /home/airflow/.local/lib/python3.12/site-packages/airflow/example_dags/example_sensors.py
[2024-10-06T04:18:59.126+0000] {processor.py:925} INFO - DAG(s) 'example_sensors' retrieved from /home/airflow/.local/lib/python3.12/site-packages/airflow/example_dags/example_sensors.py
[2024-10-06T04:18:59.316+0000] {logging_mixin.py:190} INFO - [2024-10-06T04:18:59.315+0000] {override.py:1900} INFO - Created Permission View: can edit on DAG:example_sensors
[2024-10-06T04:18:59.328+0000] {logging_mixin.py:190} INFO - [2024-10-06T04:18:59.327+0000] {override.py:1900} INFO - Created Permission View: can delete on DAG:example_sensors
[2024-10-06T04:18:59.334+0000] {logging_mixin.py:190} INFO - [2024-10-06T04:18:59.334+0000] {override.py:1900} INFO - Created Permission View: can read on DAG:example_sensors
[2024-10-06T04:18:59.341+0000] {logging_mixin.py:190} INFO - [2024-10-06T04:18:59.340+0000] {override.py:1900} INFO - Created Permission View: can create on DAG Run:example_sensors
[2024-10-06T04:18:59.350+0000] {logging_mixin.py:190} INFO - [2024-10-06T04:18:59.349+0000] {override.py:1900} INFO - Created Permission View: menu access on DAG Run:example_sensors
[2024-10-06T04:18:59.362+0000] {logging_mixin.py:190} INFO - [2024-10-06T04:18:59.361+0000] {override.py:1900} INFO - Created Permission View: can read on DAG Run:example_sensors
[2024-10-06T04:18:59.371+0000] {logging_mixin.py:190} INFO - [2024-10-06T04:18:59.371+0000] {override.py:1900} INFO - Created Permission View: can delete on DAG Run:example_sensors
[2024-10-06T04:18:59.372+0000] {logging_mixin.py:190} INFO - [2024-10-06T04:18:59.372+0000] {dag.py:3239} INFO - Sync 1 DAGs
[2024-10-06T04:18:59.390+0000] {logging_mixin.py:190} INFO - [2024-10-06T04:18:59.390+0000] {dag.py:3262} INFO - Creating ORM DAG for example_sensors
[2024-10-06T04:18:59.391+0000] {logging_mixin.py:190} INFO - [2024-10-06T04:18:59.391+0000] {dag.py:4180} INFO - Setting next_dagrun for example_sensors to None, run_after=None
[2024-10-06T04:18:59.417+0000] {processor.py:208} INFO - Processing /home/airflow/.local/lib/python3.12/site-packages/airflow/example_dags/example_sensors.py took 0.325 seconds
[2024-10-06T04:19:49.921+0000] {processor.py:186} INFO - Started process (PID=128) to work on /home/airflow/.local/lib/python3.12/site-packages/airflow/example_dags/example_sensors.py
[2024-10-06T04:19:49.932+0000] {processor.py:914} INFO - Processing file /home/airflow/.local/lib/python3.12/site-packages/airflow/example_dags/example_sensors.py for tasks to queue
[2024-10-06T04:19:49.936+0000] {logging_mixin.py:190} INFO - [2024-10-06T04:19:49.935+0000] {dagbag.py:588} INFO - Filling up the DagBag from /home/airflow/.local/lib/python3.12/site-packages/airflow/example_dags/example_sensors.py
[2024-10-06T04:19:49.950+0000] {processor.py:925} INFO - DAG(s) 'example_sensors' retrieved from /home/airflow/.local/lib/python3.12/site-packages/airflow/example_dags/example_sensors.py
[2024-10-06T04:19:50.009+0000] {logging_mixin.py:190} INFO - [2024-10-06T04:19:50.009+0000] {dag.py:3239} INFO - Sync 1 DAGs
[2024-10-06T04:19:50.027+0000] {logging_mixin.py:190} INFO - [2024-10-06T04:19:50.027+0000] {dag.py:4180} INFO - Setting next_dagrun for example_sensors to None, run_after=None
[2024-10-06T04:19:50.064+0000] {processor.py:208} INFO - Processing /home/airflow/.local/lib/python3.12/site-packages/airflow/example_dags/example_sensors.py took 0.154 seconds
[2024-10-06T04:20:20.131+0000] {processor.py:186} INFO - Started process (PID=190) to work on /home/airflow/.local/lib/python3.12/site-packages/airflow/example_dags/example_sensors.py
[2024-10-06T04:20:20.132+0000] {processor.py:914} INFO - Processing file /home/airflow/.local/lib/python3.12/site-packages/airflow/example_dags/example_sensors.py for tasks to queue
[2024-10-06T04:20:20.135+0000] {logging_mixin.py:190} INFO - [2024-10-06T04:20:20.135+0000] {dagbag.py:588} INFO - Filling up the DagBag from /home/airflow/.local/lib/python3.12/site-packages/airflow/example_dags/example_sensors.py
[2024-10-06T04:20:20.150+0000] {processor.py:925} INFO - DAG(s) 'example_sensors' retrieved from /home/airflow/.local/lib/python3.12/site-packages/airflow/example_dags/example_sensors.py
[2024-10-06T04:20:20.186+0000] {logging_mixin.py:190} INFO - [2024-10-06T04:20:20.186+0000] {dag.py:3239} INFO - Sync 1 DAGs
[2024-10-06T04:20:20.204+0000] {logging_mixin.py:190} INFO - [2024-10-06T04:20:20.203+0000] {dag.py:4180} INFO - Setting next_dagrun for example_sensors to None, run_after=None
[2024-10-06T04:20:20.227+0000] {processor.py:208} INFO - Processing /home/airflow/.local/lib/python3.12/site-packages/airflow/example_dags/example_sensors.py took 0.105 seconds
[2024-10-06T04:20:50.492+0000] {processor.py:186} INFO - Started process (PID=253) to work on /home/airflow/.local/lib/python3.12/site-packages/airflow/example_dags/example_sensors.py
[2024-10-06T04:20:50.493+0000] {processor.py:914} INFO - Processing file /home/airflow/.local/lib/python3.12/site-packages/airflow/example_dags/example_sensors.py for tasks to queue
[2024-10-06T04:20:50.497+0000] {logging_mixin.py:190} INFO - [2024-10-06T04:20:50.496+0000] {dagbag.py:588} INFO - Filling up the DagBag from /home/airflow/.local/lib/python3.12/site-packages/airflow/example_dags/example_sensors.py
[2024-10-06T04:20:50.516+0000] {processor.py:925} INFO - DAG(s) 'example_sensors' retrieved from /home/airflow/.local/lib/python3.12/site-packages/airflow/example_dags/example_sensors.py
[2024-10-06T04:20:50.558+0000] {logging_mixin.py:190} INFO - [2024-10-06T04:20:50.558+0000] {dag.py:3239} INFO - Sync 1 DAGs
[2024-10-06T04:20:50.579+0000] {logging_mixin.py:190} INFO - [2024-10-06T04:20:50.579+0000] {dag.py:4180} INFO - Setting next_dagrun for example_sensors to None, run_after=None
[2024-10-06T04:20:50.607+0000] {processor.py:208} INFO - Processing /home/airflow/.local/lib/python3.12/site-packages/airflow/example_dags/example_sensors.py took 0.124 seconds
[2024-10-06T04:21:21.604+0000] {processor.py:186} INFO - Started process (PID=315) to work on /home/airflow/.local/lib/python3.12/site-packages/airflow/example_dags/example_sensors.py
[2024-10-06T04:21:21.606+0000] {processor.py:914} INFO - Processing file /home/airflow/.local/lib/python3.12/site-packages/airflow/example_dags/example_sensors.py for tasks to queue
[2024-10-06T04:21:21.612+0000] {logging_mixin.py:190} INFO - [2024-10-06T04:21:21.611+0000] {dagbag.py:588} INFO - Filling up the DagBag from /home/airflow/.local/lib/python3.12/site-packages/airflow/example_dags/example_sensors.py
[2024-10-06T04:21:21.632+0000] {processor.py:925} INFO - DAG(s) 'example_sensors' retrieved from /home/airflow/.local/lib/python3.12/site-packages/airflow/example_dags/example_sensors.py
[2024-10-06T04:21:21.679+0000] {logging_mixin.py:190} INFO - [2024-10-06T04:21:21.679+0000] {dag.py:3239} INFO - Sync 1 DAGs
[2024-10-06T04:21:21.711+0000] {logging_mixin.py:190} INFO - [2024-10-06T04:21:21.710+0000] {dag.py:4180} INFO - Setting next_dagrun for example_sensors to None, run_after=None
[2024-10-06T04:21:21.751+0000] {processor.py:208} INFO - Processing /home/airflow/.local/lib/python3.12/site-packages/airflow/example_dags/example_sensors.py took 0.156 seconds
[2024-10-06T04:21:51.956+0000] {processor.py:186} INFO - Started process (PID=376) to work on /home/airflow/.local/lib/python3.12/site-packages/airflow/example_dags/example_sensors.py
[2024-10-06T04:21:51.958+0000] {processor.py:914} INFO - Processing file /home/airflow/.local/lib/python3.12/site-packages/airflow/example_dags/example_sensors.py for tasks to queue
[2024-10-06T04:21:51.962+0000] {logging_mixin.py:190} INFO - [2024-10-06T04:21:51.962+0000] {dagbag.py:588} INFO - Filling up the DagBag from /home/airflow/.local/lib/python3.12/site-packages/airflow/example_dags/example_sensors.py
[2024-10-06T04:21:51.985+0000] {processor.py:925} INFO - DAG(s) 'example_sensors' retrieved from /home/airflow/.local/lib/python3.12/site-packages/airflow/example_dags/example_sensors.py
[2024-10-06T04:21:52.022+0000] {logging_mixin.py:190} INFO - [2024-10-06T04:21:52.021+0000] {dag.py:3239} INFO - Sync 1 DAGs
[2024-10-06T04:21:52.042+0000] {logging_mixin.py:190} INFO - [2024-10-06T04:21:52.042+0000] {dag.py:4180} INFO - Setting next_dagrun for example_sensors to None, run_after=None
[2024-10-06T04:21:52.072+0000] {processor.py:208} INFO - Processing /home/airflow/.local/lib/python3.12/site-packages/airflow/example_dags/example_sensors.py took 0.126 seconds
[2024-10-06T04:22:22.148+0000] {processor.py:186} INFO - Started process (PID=439) to work on /home/airflow/.local/lib/python3.12/site-packages/airflow/example_dags/example_sensors.py
[2024-10-06T04:22:22.150+0000] {processor.py:914} INFO - Processing file /home/airflow/.local/lib/python3.12/site-packages/airflow/example_dags/example_sensors.py for tasks to queue
[2024-10-06T04:22:22.154+0000] {logging_mixin.py:190} INFO - [2024-10-06T04:22:22.154+0000] {dagbag.py:588} INFO - Filling up the DagBag from /home/airflow/.local/lib/python3.12/site-packages/airflow/example_dags/example_sensors.py
[2024-10-06T04:22:22.169+0000] {processor.py:925} INFO - DAG(s) 'example_sensors' retrieved from /home/airflow/.local/lib/python3.12/site-packages/airflow/example_dags/example_sensors.py
[2024-10-06T04:22:22.210+0000] {logging_mixin.py:190} INFO - [2024-10-06T04:22:22.209+0000] {dag.py:3239} INFO - Sync 1 DAGs
[2024-10-06T04:22:22.228+0000] {logging_mixin.py:190} INFO - [2024-10-06T04:22:22.227+0000] {dag.py:4180} INFO - Setting next_dagrun for example_sensors to None, run_after=None
[2024-10-06T04:22:22.258+0000] {processor.py:208} INFO - Processing /home/airflow/.local/lib/python3.12/site-packages/airflow/example_dags/example_sensors.py took 0.120 seconds
[2024-10-06T04:22:52.694+0000] {processor.py:186} INFO - Started process (PID=502) to work on /home/airflow/.local/lib/python3.12/site-packages/airflow/example_dags/example_sensors.py
[2024-10-06T04:22:52.695+0000] {processor.py:914} INFO - Processing file /home/airflow/.local/lib/python3.12/site-packages/airflow/example_dags/example_sensors.py for tasks to queue
[2024-10-06T04:22:52.699+0000] {logging_mixin.py:190} INFO - [2024-10-06T04:22:52.698+0000] {dagbag.py:588} INFO - Filling up the DagBag from /home/airflow/.local/lib/python3.12/site-packages/airflow/example_dags/example_sensors.py
[2024-10-06T04:22:52.715+0000] {processor.py:925} INFO - DAG(s) 'example_sensors' retrieved from /home/airflow/.local/lib/python3.12/site-packages/airflow/example_dags/example_sensors.py
[2024-10-06T04:22:52.753+0000] {logging_mixin.py:190} INFO - [2024-10-06T04:22:52.752+0000] {dag.py:3239} INFO - Sync 1 DAGs
[2024-10-06T04:22:52.777+0000] {logging_mixin.py:190} INFO - [2024-10-06T04:22:52.776+0000] {dag.py:4180} INFO - Setting next_dagrun for example_sensors to None, run_after=None
[2024-10-06T04:22:52.802+0000] {processor.py:208} INFO - Processing /home/airflow/.local/lib/python3.12/site-packages/airflow/example_dags/example_sensors.py took 0.116 seconds
[2024-10-06T04:23:23.142+0000] {processor.py:186} INFO - Started process (PID=564) to work on /home/airflow/.local/lib/python3.12/site-packages/airflow/example_dags/example_sensors.py
[2024-10-06T04:23:23.144+0000] {processor.py:914} INFO - Processing file /home/airflow/.local/lib/python3.12/site-packages/airflow/example_dags/example_sensors.py for tasks to queue
[2024-10-06T04:23:23.147+0000] {logging_mixin.py:190} INFO - [2024-10-06T04:23:23.146+0000] {dagbag.py:588} INFO - Filling up the DagBag from /home/airflow/.local/lib/python3.12/site-packages/airflow/example_dags/example_sensors.py
[2024-10-06T04:23:23.161+0000] {processor.py:925} INFO - DAG(s) 'example_sensors' retrieved from /home/airflow/.local/lib/python3.12/site-packages/airflow/example_dags/example_sensors.py
[2024-10-06T04:23:23.195+0000] {logging_mixin.py:190} INFO - [2024-10-06T04:23:23.195+0000] {dag.py:3239} INFO - Sync 1 DAGs
[2024-10-06T04:23:23.213+0000] {logging_mixin.py:190} INFO - [2024-10-06T04:23:23.213+0000] {dag.py:4180} INFO - Setting next_dagrun for example_sensors to None, run_after=None
[2024-10-06T04:23:23.234+0000] {processor.py:208} INFO - Processing /home/airflow/.local/lib/python3.12/site-packages/airflow/example_dags/example_sensors.py took 0.100 seconds
[2024-10-06T04:23:54.128+0000] {processor.py:186} INFO - Started process (PID=625) to work on /home/airflow/.local/lib/python3.12/site-packages/airflow/example_dags/example_sensors.py
[2024-10-06T04:23:54.130+0000] {processor.py:914} INFO - Processing file /home/airflow/.local/lib/python3.12/site-packages/airflow/example_dags/example_sensors.py for tasks to queue
[2024-10-06T04:23:54.133+0000] {logging_mixin.py:190} INFO - [2024-10-06T04:23:54.133+0000] {dagbag.py:588} INFO - Filling up the DagBag from /home/airflow/.local/lib/python3.12/site-packages/airflow/example_dags/example_sensors.py
[2024-10-06T04:23:54.151+0000] {processor.py:925} INFO - DAG(s) 'example_sensors' retrieved from /home/airflow/.local/lib/python3.12/site-packages/airflow/example_dags/example_sensors.py
[2024-10-06T04:23:54.192+0000] {logging_mixin.py:190} INFO - [2024-10-06T04:23:54.192+0000] {dag.py:3239} INFO - Sync 1 DAGs
[2024-10-06T04:23:54.223+0000] {logging_mixin.py:190} INFO - [2024-10-06T04:23:54.222+0000] {dag.py:4180} INFO - Setting next_dagrun for example_sensors to None, run_after=None
[2024-10-06T04:23:54.254+0000] {processor.py:208} INFO - Processing /home/airflow/.local/lib/python3.12/site-packages/airflow/example_dags/example_sensors.py took 0.134 seconds
[2024-10-06T04:24:24.877+0000] {processor.py:186} INFO - Started process (PID=686) to work on /home/airflow/.local/lib/python3.12/site-packages/airflow/example_dags/example_sensors.py
[2024-10-06T04:24:24.879+0000] {processor.py:914} INFO - Processing file /home/airflow/.local/lib/python3.12/site-packages/airflow/example_dags/example_sensors.py for tasks to queue
[2024-10-06T04:24:24.882+0000] {logging_mixin.py:190} INFO - [2024-10-06T04:24:24.882+0000] {dagbag.py:588} INFO - Filling up the DagBag from /home/airflow/.local/lib/python3.12/site-packages/airflow/example_dags/example_sensors.py
[2024-10-06T04:24:24.897+0000] {processor.py:925} INFO - DAG(s) 'example_sensors' retrieved from /home/airflow/.local/lib/python3.12/site-packages/airflow/example_dags/example_sensors.py
[2024-10-06T04:24:24.937+0000] {logging_mixin.py:190} INFO - [2024-10-06T04:24:24.937+0000] {dag.py:3239} INFO - Sync 1 DAGs
[2024-10-06T04:24:24.963+0000] {logging_mixin.py:190} INFO - [2024-10-06T04:24:24.963+0000] {dag.py:4180} INFO - Setting next_dagrun for example_sensors to None, run_after=None
[2024-10-06T04:24:24.994+0000] {processor.py:208} INFO - Processing /home/airflow/.local/lib/python3.12/site-packages/airflow/example_dags/example_sensors.py took 0.125 seconds
[2024-10-06T04:24:56.658+0000] {processor.py:186} INFO - Started process (PID=748) to work on /home/airflow/.local/lib/python3.12/site-packages/airflow/example_dags/example_sensors.py
[2024-10-06T04:24:56.659+0000] {processor.py:914} INFO - Processing file /home/airflow/.local/lib/python3.12/site-packages/airflow/example_dags/example_sensors.py for tasks to queue
[2024-10-06T04:24:56.664+0000] {logging_mixin.py:190} INFO - [2024-10-06T04:24:56.664+0000] {dagbag.py:588} INFO - Filling up the DagBag from /home/airflow/.local/lib/python3.12/site-packages/airflow/example_dags/example_sensors.py
[2024-10-06T04:24:56.679+0000] {processor.py:925} INFO - DAG(s) 'example_sensors' retrieved from /home/airflow/.local/lib/python3.12/site-packages/airflow/example_dags/example_sensors.py
[2024-10-06T04:24:56.731+0000] {logging_mixin.py:190} INFO - [2024-10-06T04:24:56.728+0000] {dag.py:3239} INFO - Sync 1 DAGs
[2024-10-06T04:24:56.767+0000] {logging_mixin.py:190} INFO - [2024-10-06T04:24:56.767+0000] {dag.py:4180} INFO - Setting next_dagrun for example_sensors to None, run_after=None
[2024-10-06T04:24:56.795+0000] {processor.py:208} INFO - Processing /home/airflow/.local/lib/python3.12/site-packages/airflow/example_dags/example_sensors.py took 0.150 seconds
[2024-10-06T04:25:26.947+0000] {processor.py:186} INFO - Started process (PID=811) to work on /home/airflow/.local/lib/python3.12/site-packages/airflow/example_dags/example_sensors.py
[2024-10-06T04:25:26.949+0000] {processor.py:914} INFO - Processing file /home/airflow/.local/lib/python3.12/site-packages/airflow/example_dags/example_sensors.py for tasks to queue
[2024-10-06T04:25:26.953+0000] {logging_mixin.py:190} INFO - [2024-10-06T04:25:26.953+0000] {dagbag.py:588} INFO - Filling up the DagBag from /home/airflow/.local/lib/python3.12/site-packages/airflow/example_dags/example_sensors.py
[2024-10-06T04:25:26.974+0000] {processor.py:925} INFO - DAG(s) 'example_sensors' retrieved from /home/airflow/.local/lib/python3.12/site-packages/airflow/example_dags/example_sensors.py
[2024-10-06T04:25:27.022+0000] {logging_mixin.py:190} INFO - [2024-10-06T04:25:27.021+0000] {dag.py:3239} INFO - Sync 1 DAGs
[2024-10-06T04:25:27.046+0000] {logging_mixin.py:190} INFO - [2024-10-06T04:25:27.045+0000] {dag.py:4180} INFO - Setting next_dagrun for example_sensors to None, run_after=None
[2024-10-06T04:25:27.083+0000] {processor.py:208} INFO - Processing /home/airflow/.local/lib/python3.12/site-packages/airflow/example_dags/example_sensors.py took 0.147 seconds
[2024-10-06T04:25:57.408+0000] {processor.py:186} INFO - Started process (PID=873) to work on /home/airflow/.local/lib/python3.12/site-packages/airflow/example_dags/example_sensors.py
[2024-10-06T04:25:57.409+0000] {processor.py:914} INFO - Processing file /home/airflow/.local/lib/python3.12/site-packages/airflow/example_dags/example_sensors.py for tasks to queue
[2024-10-06T04:25:57.414+0000] {logging_mixin.py:190} INFO - [2024-10-06T04:25:57.413+0000] {dagbag.py:588} INFO - Filling up the DagBag from /home/airflow/.local/lib/python3.12/site-packages/airflow/example_dags/example_sensors.py
[2024-10-06T04:25:57.435+0000] {processor.py:925} INFO - DAG(s) 'example_sensors' retrieved from /home/airflow/.local/lib/python3.12/site-packages/airflow/example_dags/example_sensors.py
[2024-10-06T04:25:57.483+0000] {logging_mixin.py:190} INFO - [2024-10-06T04:25:57.483+0000] {dag.py:3239} INFO - Sync 1 DAGs
[2024-10-06T04:25:57.513+0000] {logging_mixin.py:190} INFO - [2024-10-06T04:25:57.513+0000] {dag.py:4180} INFO - Setting next_dagrun for example_sensors to None, run_after=None
[2024-10-06T04:25:57.548+0000] {processor.py:208} INFO - Processing /home/airflow/.local/lib/python3.12/site-packages/airflow/example_dags/example_sensors.py took 0.152 seconds
[2024-10-06T04:26:28.081+0000] {processor.py:186} INFO - Started process (PID=935) to work on /home/airflow/.local/lib/python3.12/site-packages/airflow/example_dags/example_sensors.py
[2024-10-06T04:26:28.083+0000] {processor.py:914} INFO - Processing file /home/airflow/.local/lib/python3.12/site-packages/airflow/example_dags/example_sensors.py for tasks to queue
[2024-10-06T04:26:28.087+0000] {logging_mixin.py:190} INFO - [2024-10-06T04:26:28.086+0000] {dagbag.py:588} INFO - Filling up the DagBag from /home/airflow/.local/lib/python3.12/site-packages/airflow/example_dags/example_sensors.py
[2024-10-06T04:26:28.106+0000] {processor.py:925} INFO - DAG(s) 'example_sensors' retrieved from /home/airflow/.local/lib/python3.12/site-packages/airflow/example_dags/example_sensors.py
[2024-10-06T04:26:28.162+0000] {logging_mixin.py:190} INFO - [2024-10-06T04:26:28.162+0000] {dag.py:3239} INFO - Sync 1 DAGs
[2024-10-06T04:26:28.181+0000] {logging_mixin.py:190} INFO - [2024-10-06T04:26:28.181+0000] {dag.py:4180} INFO - Setting next_dagrun for example_sensors to None, run_after=None
[2024-10-06T04:26:28.204+0000] {processor.py:208} INFO - Processing /home/airflow/.local/lib/python3.12/site-packages/airflow/example_dags/example_sensors.py took 0.133 seconds
[2024-10-06T04:26:58.643+0000] {processor.py:186} INFO - Started process (PID=997) to work on /home/airflow/.local/lib/python3.12/site-packages/airflow/example_dags/example_sensors.py
[2024-10-06T04:26:58.644+0000] {processor.py:914} INFO - Processing file /home/airflow/.local/lib/python3.12/site-packages/airflow/example_dags/example_sensors.py for tasks to queue
[2024-10-06T04:26:58.651+0000] {logging_mixin.py:190} INFO - [2024-10-06T04:26:58.651+0000] {dagbag.py:588} INFO - Filling up the DagBag from /home/airflow/.local/lib/python3.12/site-packages/airflow/example_dags/example_sensors.py
[2024-10-06T04:26:58.675+0000] {processor.py:925} INFO - DAG(s) 'example_sensors' retrieved from /home/airflow/.local/lib/python3.12/site-packages/airflow/example_dags/example_sensors.py
[2024-10-06T04:26:58.736+0000] {logging_mixin.py:190} INFO - [2024-10-06T04:26:58.736+0000] {dag.py:3239} INFO - Sync 1 DAGs
[2024-10-06T04:26:58.760+0000] {logging_mixin.py:190} INFO - [2024-10-06T04:26:58.760+0000] {dag.py:4180} INFO - Setting next_dagrun for example_sensors to None, run_after=None
[2024-10-06T04:26:58.786+0000] {processor.py:208} INFO - Processing /home/airflow/.local/lib/python3.12/site-packages/airflow/example_dags/example_sensors.py took 0.153 seconds
[2024-10-06T04:27:30.149+0000] {processor.py:186} INFO - Started process (PID=1059) to work on /home/airflow/.local/lib/python3.12/site-packages/airflow/example_dags/example_sensors.py
[2024-10-06T04:27:30.156+0000] {processor.py:914} INFO - Processing file /home/airflow/.local/lib/python3.12/site-packages/airflow/example_dags/example_sensors.py for tasks to queue
[2024-10-06T04:27:30.160+0000] {logging_mixin.py:190} INFO - [2024-10-06T04:27:30.159+0000] {dagbag.py:588} INFO - Filling up the DagBag from /home/airflow/.local/lib/python3.12/site-packages/airflow/example_dags/example_sensors.py
[2024-10-06T04:27:30.174+0000] {processor.py:925} INFO - DAG(s) 'example_sensors' retrieved from /home/airflow/.local/lib/python3.12/site-packages/airflow/example_dags/example_sensors.py
[2024-10-06T04:27:30.218+0000] {logging_mixin.py:190} INFO - [2024-10-06T04:27:30.217+0000] {dag.py:3239} INFO - Sync 1 DAGs
[2024-10-06T04:27:30.245+0000] {logging_mixin.py:190} INFO - [2024-10-06T04:27:30.244+0000] {dag.py:4180} INFO - Setting next_dagrun for example_sensors to None, run_after=None
[2024-10-06T04:27:30.277+0000] {processor.py:208} INFO - Processing /home/airflow/.local/lib/python3.12/site-packages/airflow/example_dags/example_sensors.py took 0.136 seconds
[2024-10-06T04:28:01.164+0000] {processor.py:186} INFO - Started process (PID=1121) to work on /home/airflow/.local/lib/python3.12/site-packages/airflow/example_dags/example_sensors.py
[2024-10-06T04:28:01.166+0000] {processor.py:914} INFO - Processing file /home/airflow/.local/lib/python3.12/site-packages/airflow/example_dags/example_sensors.py for tasks to queue
[2024-10-06T04:28:01.171+0000] {logging_mixin.py:190} INFO - [2024-10-06T04:28:01.170+0000] {dagbag.py:588} INFO - Filling up the DagBag from /home/airflow/.local/lib/python3.12/site-packages/airflow/example_dags/example_sensors.py
[2024-10-06T04:28:01.195+0000] {processor.py:925} INFO - DAG(s) 'example_sensors' retrieved from /home/airflow/.local/lib/python3.12/site-packages/airflow/example_dags/example_sensors.py
[2024-10-06T04:28:01.246+0000] {logging_mixin.py:190} INFO - [2024-10-06T04:28:01.245+0000] {dag.py:3239} INFO - Sync 1 DAGs
[2024-10-06T04:28:01.273+0000] {logging_mixin.py:190} INFO - [2024-10-06T04:28:01.273+0000] {dag.py:4180} INFO - Setting next_dagrun for example_sensors to None, run_after=None
[2024-10-06T04:28:01.309+0000] {processor.py:208} INFO - Processing /home/airflow/.local/lib/python3.12/site-packages/airflow/example_dags/example_sensors.py took 0.158 seconds
[2024-10-06T04:28:32.124+0000] {processor.py:186} INFO - Started process (PID=1183) to work on /home/airflow/.local/lib/python3.12/site-packages/airflow/example_dags/example_sensors.py
[2024-10-06T04:28:32.129+0000] {processor.py:914} INFO - Processing file /home/airflow/.local/lib/python3.12/site-packages/airflow/example_dags/example_sensors.py for tasks to queue
[2024-10-06T04:28:32.132+0000] {logging_mixin.py:190} INFO - [2024-10-06T04:28:32.131+0000] {dagbag.py:588} INFO - Filling up the DagBag from /home/airflow/.local/lib/python3.12/site-packages/airflow/example_dags/example_sensors.py
[2024-10-06T04:28:32.148+0000] {processor.py:925} INFO - DAG(s) 'example_sensors' retrieved from /home/airflow/.local/lib/python3.12/site-packages/airflow/example_dags/example_sensors.py
[2024-10-06T04:28:32.179+0000] {logging_mixin.py:190} INFO - [2024-10-06T04:28:32.179+0000] {dag.py:3239} INFO - Sync 1 DAGs
[2024-10-06T04:28:32.199+0000] {logging_mixin.py:190} INFO - [2024-10-06T04:28:32.199+0000] {dag.py:4180} INFO - Setting next_dagrun for example_sensors to None, run_after=None
[2024-10-06T04:28:32.224+0000] {processor.py:208} INFO - Processing /home/airflow/.local/lib/python3.12/site-packages/airflow/example_dags/example_sensors.py took 0.111 seconds
[2024-10-06T04:29:03.571+0000] {processor.py:186} INFO - Started process (PID=1246) to work on /home/airflow/.local/lib/python3.12/site-packages/airflow/example_dags/example_sensors.py
[2024-10-06T04:29:03.572+0000] {processor.py:914} INFO - Processing file /home/airflow/.local/lib/python3.12/site-packages/airflow/example_dags/example_sensors.py for tasks to queue
[2024-10-06T04:29:03.576+0000] {logging_mixin.py:190} INFO - [2024-10-06T04:29:03.576+0000] {dagbag.py:588} INFO - Filling up the DagBag from /home/airflow/.local/lib/python3.12/site-packages/airflow/example_dags/example_sensors.py
[2024-10-06T04:29:03.603+0000] {processor.py:925} INFO - DAG(s) 'example_sensors' retrieved from /home/airflow/.local/lib/python3.12/site-packages/airflow/example_dags/example_sensors.py
[2024-10-06T04:29:03.645+0000] {logging_mixin.py:190} INFO - [2024-10-06T04:29:03.645+0000] {dag.py:3239} INFO - Sync 1 DAGs
[2024-10-06T04:29:03.667+0000] {logging_mixin.py:190} INFO - [2024-10-06T04:29:03.667+0000] {dag.py:4180} INFO - Setting next_dagrun for example_sensors to None, run_after=None
[2024-10-06T04:29:03.719+0000] {processor.py:208} INFO - Processing /home/airflow/.local/lib/python3.12/site-packages/airflow/example_dags/example_sensors.py took 0.168 seconds
[2024-10-06T04:29:34.536+0000] {processor.py:186} INFO - Started process (PID=1308) to work on /home/airflow/.local/lib/python3.12/site-packages/airflow/example_dags/example_sensors.py
[2024-10-06T04:29:34.537+0000] {processor.py:914} INFO - Processing file /home/airflow/.local/lib/python3.12/site-packages/airflow/example_dags/example_sensors.py for tasks to queue
[2024-10-06T04:29:34.541+0000] {logging_mixin.py:190} INFO - [2024-10-06T04:29:34.540+0000] {dagbag.py:588} INFO - Filling up the DagBag from /home/airflow/.local/lib/python3.12/site-packages/airflow/example_dags/example_sensors.py
[2024-10-06T04:29:34.555+0000] {processor.py:925} INFO - DAG(s) 'example_sensors' retrieved from /home/airflow/.local/lib/python3.12/site-packages/airflow/example_dags/example_sensors.py
[2024-10-06T04:29:34.595+0000] {logging_mixin.py:190} INFO - [2024-10-06T04:29:34.595+0000] {dag.py:3239} INFO - Sync 1 DAGs
[2024-10-06T04:29:34.619+0000] {logging_mixin.py:190} INFO - [2024-10-06T04:29:34.618+0000] {dag.py:4180} INFO - Setting next_dagrun for example_sensors to None, run_after=None
[2024-10-06T04:29:34.646+0000] {processor.py:208} INFO - Processing /home/airflow/.local/lib/python3.12/site-packages/airflow/example_dags/example_sensors.py took 0.118 seconds
[2024-10-06T04:30:05.376+0000] {processor.py:186} INFO - Started process (PID=1370) to work on /home/airflow/.local/lib/python3.12/site-packages/airflow/example_dags/example_sensors.py
[2024-10-06T04:30:05.378+0000] {processor.py:914} INFO - Processing file /home/airflow/.local/lib/python3.12/site-packages/airflow/example_dags/example_sensors.py for tasks to queue
[2024-10-06T04:30:05.383+0000] {logging_mixin.py:190} INFO - [2024-10-06T04:30:05.382+0000] {dagbag.py:588} INFO - Filling up the DagBag from /home/airflow/.local/lib/python3.12/site-packages/airflow/example_dags/example_sensors.py
[2024-10-06T04:30:05.406+0000] {processor.py:925} INFO - DAG(s) 'example_sensors' retrieved from /home/airflow/.local/lib/python3.12/site-packages/airflow/example_dags/example_sensors.py
[2024-10-06T04:30:05.448+0000] {logging_mixin.py:190} INFO - [2024-10-06T04:30:05.447+0000] {dag.py:3239} INFO - Sync 1 DAGs
[2024-10-06T04:30:05.468+0000] {logging_mixin.py:190} INFO - [2024-10-06T04:30:05.467+0000] {dag.py:4180} INFO - Setting next_dagrun for example_sensors to None, run_after=None
[2024-10-06T04:30:05.495+0000] {processor.py:208} INFO - Processing /home/airflow/.local/lib/python3.12/site-packages/airflow/example_dags/example_sensors.py took 0.131 seconds
[2024-10-06T04:30:36.384+0000] {processor.py:186} INFO - Started process (PID=1432) to work on /home/airflow/.local/lib/python3.12/site-packages/airflow/example_dags/example_sensors.py
[2024-10-06T04:30:36.386+0000] {processor.py:914} INFO - Processing file /home/airflow/.local/lib/python3.12/site-packages/airflow/example_dags/example_sensors.py for tasks to queue
[2024-10-06T04:30:36.390+0000] {logging_mixin.py:190} INFO - [2024-10-06T04:30:36.389+0000] {dagbag.py:588} INFO - Filling up the DagBag from /home/airflow/.local/lib/python3.12/site-packages/airflow/example_dags/example_sensors.py
[2024-10-06T04:30:36.406+0000] {processor.py:925} INFO - DAG(s) 'example_sensors' retrieved from /home/airflow/.local/lib/python3.12/site-packages/airflow/example_dags/example_sensors.py
[2024-10-06T04:30:36.451+0000] {logging_mixin.py:190} INFO - [2024-10-06T04:30:36.450+0000] {dag.py:3239} INFO - Sync 1 DAGs
[2024-10-06T04:30:36.471+0000] {logging_mixin.py:190} INFO - [2024-10-06T04:30:36.471+0000] {dag.py:4180} INFO - Setting next_dagrun for example_sensors to None, run_after=None
[2024-10-06T04:30:36.503+0000] {processor.py:208} INFO - Processing /home/airflow/.local/lib/python3.12/site-packages/airflow/example_dags/example_sensors.py took 0.128 seconds
[2024-10-06T04:31:07.828+0000] {processor.py:186} INFO - Started process (PID=1494) to work on /home/airflow/.local/lib/python3.12/site-packages/airflow/example_dags/example_sensors.py
[2024-10-06T04:31:07.829+0000] {processor.py:914} INFO - Processing file /home/airflow/.local/lib/python3.12/site-packages/airflow/example_dags/example_sensors.py for tasks to queue
[2024-10-06T04:31:07.833+0000] {logging_mixin.py:190} INFO - [2024-10-06T04:31:07.832+0000] {dagbag.py:588} INFO - Filling up the DagBag from /home/airflow/.local/lib/python3.12/site-packages/airflow/example_dags/example_sensors.py
[2024-10-06T04:31:07.848+0000] {processor.py:925} INFO - DAG(s) 'example_sensors' retrieved from /home/airflow/.local/lib/python3.12/site-packages/airflow/example_dags/example_sensors.py
[2024-10-06T04:31:07.886+0000] {logging_mixin.py:190} INFO - [2024-10-06T04:31:07.886+0000] {dag.py:3239} INFO - Sync 1 DAGs
[2024-10-06T04:31:07.908+0000] {logging_mixin.py:190} INFO - [2024-10-06T04:31:07.907+0000] {dag.py:4180} INFO - Setting next_dagrun for example_sensors to None, run_after=None
[2024-10-06T04:31:07.933+0000] {processor.py:208} INFO - Processing /home/airflow/.local/lib/python3.12/site-packages/airflow/example_dags/example_sensors.py took 0.114 seconds
[2024-10-06T04:31:38.714+0000] {processor.py:186} INFO - Started process (PID=1556) to work on /home/airflow/.local/lib/python3.12/site-packages/airflow/example_dags/example_sensors.py
[2024-10-06T04:31:38.716+0000] {processor.py:914} INFO - Processing file /home/airflow/.local/lib/python3.12/site-packages/airflow/example_dags/example_sensors.py for tasks to queue
[2024-10-06T04:31:38.722+0000] {logging_mixin.py:190} INFO - [2024-10-06T04:31:38.721+0000] {dagbag.py:588} INFO - Filling up the DagBag from /home/airflow/.local/lib/python3.12/site-packages/airflow/example_dags/example_sensors.py
[2024-10-06T04:31:38.737+0000] {processor.py:925} INFO - DAG(s) 'example_sensors' retrieved from /home/airflow/.local/lib/python3.12/site-packages/airflow/example_dags/example_sensors.py
[2024-10-06T04:31:38.781+0000] {logging_mixin.py:190} INFO - [2024-10-06T04:31:38.780+0000] {dag.py:3239} INFO - Sync 1 DAGs
[2024-10-06T04:31:38.802+0000] {logging_mixin.py:190} INFO - [2024-10-06T04:31:38.801+0000] {dag.py:4180} INFO - Setting next_dagrun for example_sensors to None, run_after=None
[2024-10-06T04:31:38.835+0000] {processor.py:208} INFO - Processing /home/airflow/.local/lib/python3.12/site-packages/airflow/example_dags/example_sensors.py took 0.131 seconds
[2024-10-06T04:32:09.545+0000] {processor.py:186} INFO - Started process (PID=1618) to work on /home/airflow/.local/lib/python3.12/site-packages/airflow/example_dags/example_sensors.py
[2024-10-06T04:32:09.547+0000] {processor.py:914} INFO - Processing file /home/airflow/.local/lib/python3.12/site-packages/airflow/example_dags/example_sensors.py for tasks to queue
[2024-10-06T04:32:09.550+0000] {logging_mixin.py:190} INFO - [2024-10-06T04:32:09.550+0000] {dagbag.py:588} INFO - Filling up the DagBag from /home/airflow/.local/lib/python3.12/site-packages/airflow/example_dags/example_sensors.py
[2024-10-06T04:32:09.566+0000] {processor.py:925} INFO - DAG(s) 'example_sensors' retrieved from /home/airflow/.local/lib/python3.12/site-packages/airflow/example_dags/example_sensors.py
[2024-10-06T04:32:09.617+0000] {logging_mixin.py:190} INFO - [2024-10-06T04:32:09.617+0000] {dag.py:3239} INFO - Sync 1 DAGs
[2024-10-06T04:32:09.639+0000] {logging_mixin.py:190} INFO - [2024-10-06T04:32:09.639+0000] {dag.py:4180} INFO - Setting next_dagrun for example_sensors to None, run_after=None
[2024-10-06T04:32:09.670+0000] {processor.py:208} INFO - Processing /home/airflow/.local/lib/python3.12/site-packages/airflow/example_dags/example_sensors.py took 0.134 seconds
[2024-10-06T04:32:40.817+0000] {processor.py:186} INFO - Started process (PID=1680) to work on /home/airflow/.local/lib/python3.12/site-packages/airflow/example_dags/example_sensors.py
[2024-10-06T04:32:40.820+0000] {processor.py:914} INFO - Processing file /home/airflow/.local/lib/python3.12/site-packages/airflow/example_dags/example_sensors.py for tasks to queue
[2024-10-06T04:32:40.823+0000] {logging_mixin.py:190} INFO - [2024-10-06T04:32:40.823+0000] {dagbag.py:588} INFO - Filling up the DagBag from /home/airflow/.local/lib/python3.12/site-packages/airflow/example_dags/example_sensors.py
[2024-10-06T04:32:40.838+0000] {processor.py:925} INFO - DAG(s) 'example_sensors' retrieved from /home/airflow/.local/lib/python3.12/site-packages/airflow/example_dags/example_sensors.py
[2024-10-06T04:32:40.885+0000] {logging_mixin.py:190} INFO - [2024-10-06T04:32:40.885+0000] {dag.py:3239} INFO - Sync 1 DAGs
[2024-10-06T04:32:40.923+0000] {logging_mixin.py:190} INFO - [2024-10-06T04:32:40.923+0000] {dag.py:4180} INFO - Setting next_dagrun for example_sensors to None, run_after=None
[2024-10-06T04:32:40.969+0000] {processor.py:208} INFO - Processing /home/airflow/.local/lib/python3.12/site-packages/airflow/example_dags/example_sensors.py took 0.161 seconds
[2024-10-06T04:35:12.894+0000] {processor.py:186} INFO - Started process (PID=59) to work on /home/airflow/.local/lib/python3.12/site-packages/airflow/example_dags/example_sensors.py
[2024-10-06T04:35:12.895+0000] {processor.py:914} INFO - Processing file /home/airflow/.local/lib/python3.12/site-packages/airflow/example_dags/example_sensors.py for tasks to queue
[2024-10-06T04:35:12.905+0000] {logging_mixin.py:190} INFO - [2024-10-06T04:35:12.904+0000] {dagbag.py:588} INFO - Filling up the DagBag from /home/airflow/.local/lib/python3.12/site-packages/airflow/example_dags/example_sensors.py
[2024-10-06T04:35:12.940+0000] {processor.py:925} INFO - DAG(s) 'example_sensors' retrieved from /home/airflow/.local/lib/python3.12/site-packages/airflow/example_dags/example_sensors.py
[2024-10-06T04:35:12.989+0000] {logging_mixin.py:190} INFO - [2024-10-06T04:35:12.989+0000] {dag.py:3239} INFO - Sync 1 DAGs
[2024-10-06T04:35:13.016+0000] {logging_mixin.py:190} INFO - [2024-10-06T04:35:13.016+0000] {dag.py:4180} INFO - Setting next_dagrun for example_sensors to None, run_after=None
[2024-10-06T04:35:13.047+0000] {processor.py:208} INFO - Processing /home/airflow/.local/lib/python3.12/site-packages/airflow/example_dags/example_sensors.py took 0.172 seconds
[2024-10-06T04:35:43.190+0000] {processor.py:186} INFO - Started process (PID=121) to work on /home/airflow/.local/lib/python3.12/site-packages/airflow/example_dags/example_sensors.py
[2024-10-06T04:35:43.191+0000] {processor.py:914} INFO - Processing file /home/airflow/.local/lib/python3.12/site-packages/airflow/example_dags/example_sensors.py for tasks to queue
[2024-10-06T04:35:43.195+0000] {logging_mixin.py:190} INFO - [2024-10-06T04:35:43.195+0000] {dagbag.py:588} INFO - Filling up the DagBag from /home/airflow/.local/lib/python3.12/site-packages/airflow/example_dags/example_sensors.py
[2024-10-06T04:35:43.214+0000] {processor.py:925} INFO - DAG(s) 'example_sensors' retrieved from /home/airflow/.local/lib/python3.12/site-packages/airflow/example_dags/example_sensors.py
[2024-10-06T04:35:43.257+0000] {logging_mixin.py:190} INFO - [2024-10-06T04:35:43.257+0000] {dag.py:3239} INFO - Sync 1 DAGs
[2024-10-06T04:35:43.277+0000] {logging_mixin.py:190} INFO - [2024-10-06T04:35:43.277+0000] {dag.py:4180} INFO - Setting next_dagrun for example_sensors to None, run_after=None
[2024-10-06T04:35:43.303+0000] {processor.py:208} INFO - Processing /home/airflow/.local/lib/python3.12/site-packages/airflow/example_dags/example_sensors.py took 0.122 seconds
[2024-10-06T04:36:13.706+0000] {processor.py:186} INFO - Started process (PID=182) to work on /home/airflow/.local/lib/python3.12/site-packages/airflow/example_dags/example_sensors.py
[2024-10-06T04:36:13.707+0000] {processor.py:914} INFO - Processing file /home/airflow/.local/lib/python3.12/site-packages/airflow/example_dags/example_sensors.py for tasks to queue
[2024-10-06T04:36:13.711+0000] {logging_mixin.py:190} INFO - [2024-10-06T04:36:13.710+0000] {dagbag.py:588} INFO - Filling up the DagBag from /home/airflow/.local/lib/python3.12/site-packages/airflow/example_dags/example_sensors.py
[2024-10-06T04:36:13.726+0000] {processor.py:925} INFO - DAG(s) 'example_sensors' retrieved from /home/airflow/.local/lib/python3.12/site-packages/airflow/example_dags/example_sensors.py
[2024-10-06T04:36:13.772+0000] {logging_mixin.py:190} INFO - [2024-10-06T04:36:13.772+0000] {dag.py:3239} INFO - Sync 1 DAGs
[2024-10-06T04:36:13.797+0000] {logging_mixin.py:190} INFO - [2024-10-06T04:36:13.797+0000] {dag.py:4180} INFO - Setting next_dagrun for example_sensors to None, run_after=None
[2024-10-06T04:36:13.825+0000] {processor.py:208} INFO - Processing /home/airflow/.local/lib/python3.12/site-packages/airflow/example_dags/example_sensors.py took 0.127 seconds
[2024-10-06T04:36:44.932+0000] {processor.py:186} INFO - Started process (PID=244) to work on /home/airflow/.local/lib/python3.12/site-packages/airflow/example_dags/example_sensors.py
[2024-10-06T04:36:44.933+0000] {processor.py:914} INFO - Processing file /home/airflow/.local/lib/python3.12/site-packages/airflow/example_dags/example_sensors.py for tasks to queue
[2024-10-06T04:36:44.939+0000] {logging_mixin.py:190} INFO - [2024-10-06T04:36:44.938+0000] {dagbag.py:588} INFO - Filling up the DagBag from /home/airflow/.local/lib/python3.12/site-packages/airflow/example_dags/example_sensors.py
[2024-10-06T04:36:44.958+0000] {processor.py:925} INFO - DAG(s) 'example_sensors' retrieved from /home/airflow/.local/lib/python3.12/site-packages/airflow/example_dags/example_sensors.py
[2024-10-06T04:36:45.018+0000] {logging_mixin.py:190} INFO - [2024-10-06T04:36:45.017+0000] {dag.py:3239} INFO - Sync 1 DAGs
[2024-10-06T04:36:45.044+0000] {logging_mixin.py:190} INFO - [2024-10-06T04:36:45.044+0000] {dag.py:4180} INFO - Setting next_dagrun for example_sensors to None, run_after=None
[2024-10-06T04:36:45.082+0000] {processor.py:208} INFO - Processing /home/airflow/.local/lib/python3.12/site-packages/airflow/example_dags/example_sensors.py took 0.159 seconds
[2024-10-06T04:37:15.339+0000] {processor.py:186} INFO - Started process (PID=306) to work on /home/airflow/.local/lib/python3.12/site-packages/airflow/example_dags/example_sensors.py
[2024-10-06T04:37:15.341+0000] {processor.py:914} INFO - Processing file /home/airflow/.local/lib/python3.12/site-packages/airflow/example_dags/example_sensors.py for tasks to queue
[2024-10-06T04:37:15.344+0000] {logging_mixin.py:190} INFO - [2024-10-06T04:37:15.344+0000] {dagbag.py:588} INFO - Filling up the DagBag from /home/airflow/.local/lib/python3.12/site-packages/airflow/example_dags/example_sensors.py
[2024-10-06T04:37:15.360+0000] {processor.py:925} INFO - DAG(s) 'example_sensors' retrieved from /home/airflow/.local/lib/python3.12/site-packages/airflow/example_dags/example_sensors.py
[2024-10-06T04:37:15.393+0000] {logging_mixin.py:190} INFO - [2024-10-06T04:37:15.393+0000] {dag.py:3239} INFO - Sync 1 DAGs
[2024-10-06T04:37:15.411+0000] {logging_mixin.py:190} INFO - [2024-10-06T04:37:15.411+0000] {dag.py:4180} INFO - Setting next_dagrun for example_sensors to None, run_after=None
[2024-10-06T04:37:15.437+0000] {processor.py:208} INFO - Processing /home/airflow/.local/lib/python3.12/site-packages/airflow/example_dags/example_sensors.py took 0.107 seconds
[2024-10-06T04:39:11.827+0000] {processor.py:186} INFO - Started process (PID=60) to work on /home/airflow/.local/lib/python3.12/site-packages/airflow/example_dags/example_sensors.py
[2024-10-06T04:39:11.828+0000] {processor.py:914} INFO - Processing file /home/airflow/.local/lib/python3.12/site-packages/airflow/example_dags/example_sensors.py for tasks to queue
[2024-10-06T04:39:11.832+0000] {logging_mixin.py:190} INFO - [2024-10-06T04:39:11.831+0000] {dagbag.py:588} INFO - Filling up the DagBag from /home/airflow/.local/lib/python3.12/site-packages/airflow/example_dags/example_sensors.py
[2024-10-06T04:39:11.850+0000] {processor.py:925} INFO - DAG(s) 'example_sensors' retrieved from /home/airflow/.local/lib/python3.12/site-packages/airflow/example_dags/example_sensors.py
[2024-10-06T04:39:12.006+0000] {logging_mixin.py:190} INFO - [2024-10-06T04:39:12.005+0000] {override.py:1900} INFO - Created Permission View: can read on DAG:example_sensors
[2024-10-06T04:39:12.029+0000] {logging_mixin.py:190} INFO - [2024-10-06T04:39:12.028+0000] {override.py:1900} INFO - Created Permission View: can edit on DAG:example_sensors
[2024-10-06T04:39:12.036+0000] {logging_mixin.py:190} INFO - [2024-10-06T04:39:12.036+0000] {override.py:1900} INFO - Created Permission View: can delete on DAG:example_sensors
[2024-10-06T04:39:12.044+0000] {logging_mixin.py:190} INFO - [2024-10-06T04:39:12.043+0000] {override.py:1900} INFO - Created Permission View: menu access on DAG Run:example_sensors
[2024-10-06T04:39:12.051+0000] {logging_mixin.py:190} INFO - [2024-10-06T04:39:12.050+0000] {override.py:1900} INFO - Created Permission View: can read on DAG Run:example_sensors
[2024-10-06T04:39:12.057+0000] {logging_mixin.py:190} INFO - [2024-10-06T04:39:12.057+0000] {override.py:1900} INFO - Created Permission View: can create on DAG Run:example_sensors
[2024-10-06T04:39:12.064+0000] {logging_mixin.py:190} INFO - [2024-10-06T04:39:12.063+0000] {override.py:1900} INFO - Created Permission View: can delete on DAG Run:example_sensors
[2024-10-06T04:39:12.064+0000] {logging_mixin.py:190} INFO - [2024-10-06T04:39:12.064+0000] {dag.py:3239} INFO - Sync 1 DAGs
[2024-10-06T04:39:12.079+0000] {logging_mixin.py:190} INFO - [2024-10-06T04:39:12.079+0000] {dag.py:3262} INFO - Creating ORM DAG for example_sensors
[2024-10-06T04:39:12.080+0000] {logging_mixin.py:190} INFO - [2024-10-06T04:39:12.080+0000] {dag.py:4180} INFO - Setting next_dagrun for example_sensors to None, run_after=None
[2024-10-06T04:39:12.101+0000] {processor.py:208} INFO - Processing /home/airflow/.local/lib/python3.12/site-packages/airflow/example_dags/example_sensors.py took 0.283 seconds
[2024-10-06T04:39:42.399+0000] {processor.py:186} INFO - Started process (PID=122) to work on /home/airflow/.local/lib/python3.12/site-packages/airflow/example_dags/example_sensors.py
[2024-10-06T04:39:42.400+0000] {processor.py:914} INFO - Processing file /home/airflow/.local/lib/python3.12/site-packages/airflow/example_dags/example_sensors.py for tasks to queue
[2024-10-06T04:39:42.404+0000] {logging_mixin.py:190} INFO - [2024-10-06T04:39:42.403+0000] {dagbag.py:588} INFO - Filling up the DagBag from /home/airflow/.local/lib/python3.12/site-packages/airflow/example_dags/example_sensors.py
[2024-10-06T04:39:42.424+0000] {processor.py:925} INFO - DAG(s) 'example_sensors' retrieved from /home/airflow/.local/lib/python3.12/site-packages/airflow/example_dags/example_sensors.py
[2024-10-06T04:39:42.476+0000] {logging_mixin.py:190} INFO - [2024-10-06T04:39:42.476+0000] {dag.py:3239} INFO - Sync 1 DAGs
[2024-10-06T04:39:42.503+0000] {logging_mixin.py:190} INFO - [2024-10-06T04:39:42.503+0000] {dag.py:4180} INFO - Setting next_dagrun for example_sensors to None, run_after=None
[2024-10-06T04:39:42.531+0000] {processor.py:208} INFO - Processing /home/airflow/.local/lib/python3.12/site-packages/airflow/example_dags/example_sensors.py took 0.144 seconds
[2024-10-06T04:40:12.603+0000] {processor.py:186} INFO - Started process (PID=185) to work on /home/airflow/.local/lib/python3.12/site-packages/airflow/example_dags/example_sensors.py
[2024-10-06T04:40:12.605+0000] {processor.py:914} INFO - Processing file /home/airflow/.local/lib/python3.12/site-packages/airflow/example_dags/example_sensors.py for tasks to queue
[2024-10-06T04:40:12.609+0000] {logging_mixin.py:190} INFO - [2024-10-06T04:40:12.608+0000] {dagbag.py:588} INFO - Filling up the DagBag from /home/airflow/.local/lib/python3.12/site-packages/airflow/example_dags/example_sensors.py
[2024-10-06T04:40:12.628+0000] {processor.py:925} INFO - DAG(s) 'example_sensors' retrieved from /home/airflow/.local/lib/python3.12/site-packages/airflow/example_dags/example_sensors.py
[2024-10-06T04:40:12.668+0000] {logging_mixin.py:190} INFO - [2024-10-06T04:40:12.667+0000] {dag.py:3239} INFO - Sync 1 DAGs
[2024-10-06T04:40:12.691+0000] {logging_mixin.py:190} INFO - [2024-10-06T04:40:12.691+0000] {dag.py:4180} INFO - Setting next_dagrun for example_sensors to None, run_after=None
[2024-10-06T04:40:12.715+0000] {processor.py:208} INFO - Processing /home/airflow/.local/lib/python3.12/site-packages/airflow/example_dags/example_sensors.py took 0.120 seconds
[2024-10-06T04:40:43.296+0000] {processor.py:186} INFO - Started process (PID=247) to work on /home/airflow/.local/lib/python3.12/site-packages/airflow/example_dags/example_sensors.py
[2024-10-06T04:40:43.297+0000] {processor.py:914} INFO - Processing file /home/airflow/.local/lib/python3.12/site-packages/airflow/example_dags/example_sensors.py for tasks to queue
[2024-10-06T04:40:43.300+0000] {logging_mixin.py:190} INFO - [2024-10-06T04:40:43.300+0000] {dagbag.py:588} INFO - Filling up the DagBag from /home/airflow/.local/lib/python3.12/site-packages/airflow/example_dags/example_sensors.py
[2024-10-06T04:40:43.315+0000] {processor.py:925} INFO - DAG(s) 'example_sensors' retrieved from /home/airflow/.local/lib/python3.12/site-packages/airflow/example_dags/example_sensors.py
[2024-10-06T04:40:43.348+0000] {logging_mixin.py:190} INFO - [2024-10-06T04:40:43.348+0000] {dag.py:3239} INFO - Sync 1 DAGs
[2024-10-06T04:40:43.369+0000] {logging_mixin.py:190} INFO - [2024-10-06T04:40:43.369+0000] {dag.py:4180} INFO - Setting next_dagrun for example_sensors to None, run_after=None
[2024-10-06T04:40:43.391+0000] {processor.py:208} INFO - Processing /home/airflow/.local/lib/python3.12/site-packages/airflow/example_dags/example_sensors.py took 0.104 seconds
[2024-10-06T04:41:14.431+0000] {processor.py:186} INFO - Started process (PID=308) to work on /home/airflow/.local/lib/python3.12/site-packages/airflow/example_dags/example_sensors.py
[2024-10-06T04:41:14.433+0000] {processor.py:914} INFO - Processing file /home/airflow/.local/lib/python3.12/site-packages/airflow/example_dags/example_sensors.py for tasks to queue
[2024-10-06T04:41:14.438+0000] {logging_mixin.py:190} INFO - [2024-10-06T04:41:14.437+0000] {dagbag.py:588} INFO - Filling up the DagBag from /home/airflow/.local/lib/python3.12/site-packages/airflow/example_dags/example_sensors.py
[2024-10-06T04:41:14.460+0000] {processor.py:925} INFO - DAG(s) 'example_sensors' retrieved from /home/airflow/.local/lib/python3.12/site-packages/airflow/example_dags/example_sensors.py
[2024-10-06T04:41:14.507+0000] {logging_mixin.py:190} INFO - [2024-10-06T04:41:14.507+0000] {dag.py:3239} INFO - Sync 1 DAGs
[2024-10-06T04:41:14.532+0000] {logging_mixin.py:190} INFO - [2024-10-06T04:41:14.532+0000] {dag.py:4180} INFO - Setting next_dagrun for example_sensors to None, run_after=None
[2024-10-06T04:41:14.561+0000] {processor.py:208} INFO - Processing /home/airflow/.local/lib/python3.12/site-packages/airflow/example_dags/example_sensors.py took 0.141 seconds
[2024-10-06T04:41:44.825+0000] {processor.py:186} INFO - Started process (PID=370) to work on /home/airflow/.local/lib/python3.12/site-packages/airflow/example_dags/example_sensors.py
[2024-10-06T04:41:44.827+0000] {processor.py:914} INFO - Processing file /home/airflow/.local/lib/python3.12/site-packages/airflow/example_dags/example_sensors.py for tasks to queue
[2024-10-06T04:41:44.830+0000] {logging_mixin.py:190} INFO - [2024-10-06T04:41:44.829+0000] {dagbag.py:588} INFO - Filling up the DagBag from /home/airflow/.local/lib/python3.12/site-packages/airflow/example_dags/example_sensors.py
[2024-10-06T04:41:44.847+0000] {processor.py:925} INFO - DAG(s) 'example_sensors' retrieved from /home/airflow/.local/lib/python3.12/site-packages/airflow/example_dags/example_sensors.py
[2024-10-06T04:41:44.898+0000] {logging_mixin.py:190} INFO - [2024-10-06T04:41:44.897+0000] {dag.py:3239} INFO - Sync 1 DAGs
[2024-10-06T04:41:44.916+0000] {logging_mixin.py:190} INFO - [2024-10-06T04:41:44.916+0000] {dag.py:4180} INFO - Setting next_dagrun for example_sensors to None, run_after=None
[2024-10-06T04:41:44.938+0000] {processor.py:208} INFO - Processing /home/airflow/.local/lib/python3.12/site-packages/airflow/example_dags/example_sensors.py took 0.125 seconds
[2024-10-06T04:42:15.612+0000] {processor.py:186} INFO - Started process (PID=432) to work on /home/airflow/.local/lib/python3.12/site-packages/airflow/example_dags/example_sensors.py
[2024-10-06T04:42:15.614+0000] {processor.py:914} INFO - Processing file /home/airflow/.local/lib/python3.12/site-packages/airflow/example_dags/example_sensors.py for tasks to queue
[2024-10-06T04:42:15.619+0000] {logging_mixin.py:190} INFO - [2024-10-06T04:42:15.618+0000] {dagbag.py:588} INFO - Filling up the DagBag from /home/airflow/.local/lib/python3.12/site-packages/airflow/example_dags/example_sensors.py
[2024-10-06T04:42:15.641+0000] {processor.py:925} INFO - DAG(s) 'example_sensors' retrieved from /home/airflow/.local/lib/python3.12/site-packages/airflow/example_dags/example_sensors.py
[2024-10-06T04:42:15.680+0000] {logging_mixin.py:190} INFO - [2024-10-06T04:42:15.680+0000] {dag.py:3239} INFO - Sync 1 DAGs
[2024-10-06T04:42:15.701+0000] {logging_mixin.py:190} INFO - [2024-10-06T04:42:15.700+0000] {dag.py:4180} INFO - Setting next_dagrun for example_sensors to None, run_after=None
[2024-10-06T04:42:15.732+0000] {processor.py:208} INFO - Processing /home/airflow/.local/lib/python3.12/site-packages/airflow/example_dags/example_sensors.py took 0.131 seconds
[2024-10-06T04:42:46.352+0000] {processor.py:186} INFO - Started process (PID=494) to work on /home/airflow/.local/lib/python3.12/site-packages/airflow/example_dags/example_sensors.py
[2024-10-06T04:42:46.353+0000] {processor.py:914} INFO - Processing file /home/airflow/.local/lib/python3.12/site-packages/airflow/example_dags/example_sensors.py for tasks to queue
[2024-10-06T04:42:46.358+0000] {logging_mixin.py:190} INFO - [2024-10-06T04:42:46.358+0000] {dagbag.py:588} INFO - Filling up the DagBag from /home/airflow/.local/lib/python3.12/site-packages/airflow/example_dags/example_sensors.py
[2024-10-06T04:42:46.377+0000] {processor.py:925} INFO - DAG(s) 'example_sensors' retrieved from /home/airflow/.local/lib/python3.12/site-packages/airflow/example_dags/example_sensors.py
[2024-10-06T04:42:46.411+0000] {logging_mixin.py:190} INFO - [2024-10-06T04:42:46.410+0000] {dag.py:3239} INFO - Sync 1 DAGs
[2024-10-06T04:42:46.430+0000] {logging_mixin.py:190} INFO - [2024-10-06T04:42:46.429+0000] {dag.py:4180} INFO - Setting next_dagrun for example_sensors to None, run_after=None
[2024-10-06T04:42:46.454+0000] {processor.py:208} INFO - Processing /home/airflow/.local/lib/python3.12/site-packages/airflow/example_dags/example_sensors.py took 0.113 seconds
[2024-10-06T04:45:43.451+0000] {processor.py:186} INFO - Started process (PID=54) to work on /home/airflow/.local/lib/python3.12/site-packages/airflow/example_dags/example_sensors.py
[2024-10-06T04:45:43.453+0000] {processor.py:914} INFO - Processing file /home/airflow/.local/lib/python3.12/site-packages/airflow/example_dags/example_sensors.py for tasks to queue
[2024-10-06T04:45:43.458+0000] {logging_mixin.py:190} INFO - [2024-10-06T04:45:43.458+0000] {dagbag.py:588} INFO - Filling up the DagBag from /home/airflow/.local/lib/python3.12/site-packages/airflow/example_dags/example_sensors.py
[2024-10-06T04:45:43.479+0000] {processor.py:925} INFO - DAG(s) 'example_sensors' retrieved from /home/airflow/.local/lib/python3.12/site-packages/airflow/example_dags/example_sensors.py
[2024-10-06T04:45:43.533+0000] {logging_mixin.py:190} INFO - [2024-10-06T04:45:43.532+0000] {dag.py:3239} INFO - Sync 1 DAGs
[2024-10-06T04:45:43.556+0000] {logging_mixin.py:190} INFO - [2024-10-06T04:45:43.555+0000] {dag.py:4180} INFO - Setting next_dagrun for example_sensors to None, run_after=None
[2024-10-06T04:45:43.589+0000] {processor.py:208} INFO - Processing /home/airflow/.local/lib/python3.12/site-packages/airflow/example_dags/example_sensors.py took 0.149 seconds
[2024-10-06T04:46:13.704+0000] {processor.py:186} INFO - Started process (PID=116) to work on /home/airflow/.local/lib/python3.12/site-packages/airflow/example_dags/example_sensors.py
[2024-10-06T04:46:13.706+0000] {processor.py:914} INFO - Processing file /home/airflow/.local/lib/python3.12/site-packages/airflow/example_dags/example_sensors.py for tasks to queue
[2024-10-06T04:46:13.709+0000] {logging_mixin.py:190} INFO - [2024-10-06T04:46:13.709+0000] {dagbag.py:588} INFO - Filling up the DagBag from /home/airflow/.local/lib/python3.12/site-packages/airflow/example_dags/example_sensors.py
[2024-10-06T04:46:13.723+0000] {processor.py:925} INFO - DAG(s) 'example_sensors' retrieved from /home/airflow/.local/lib/python3.12/site-packages/airflow/example_dags/example_sensors.py
[2024-10-06T04:46:13.755+0000] {logging_mixin.py:190} INFO - [2024-10-06T04:46:13.755+0000] {dag.py:3239} INFO - Sync 1 DAGs
[2024-10-06T04:46:13.776+0000] {logging_mixin.py:190} INFO - [2024-10-06T04:46:13.776+0000] {dag.py:4180} INFO - Setting next_dagrun for example_sensors to None, run_after=None
[2024-10-06T04:46:13.804+0000] {processor.py:208} INFO - Processing /home/airflow/.local/lib/python3.12/site-packages/airflow/example_dags/example_sensors.py took 0.107 seconds
