[2024-10-06T04:18:52.650+0000] {processor.py:186} INFO - Started process (PID=39) to work on /home/airflow/.local/lib/python3.12/site-packages/airflow/example_dags/example_dataset_alias.py
[2024-10-06T04:18:52.652+0000] {processor.py:914} INFO - Processing file /home/airflow/.local/lib/python3.12/site-packages/airflow/example_dags/example_dataset_alias.py for tasks to queue
[2024-10-06T04:18:52.667+0000] {logging_mixin.py:190} INFO - [2024-10-06T04:18:52.667+0000] {dagbag.py:588} INFO - Filling up the DagBag from /home/airflow/.local/lib/python3.12/site-packages/airflow/example_dags/example_dataset_alias.py
[2024-10-06T04:18:54.033+0000] {processor.py:925} INFO - DAG(s) 'dataset_s3_bucket_producer', 'dataset_alias_example_alias_consumer', 'dataset_s3_bucket_consumer', 'dataset_alias_example_alias_producer' retrieved from /home/airflow/.local/lib/python3.12/site-packages/airflow/example_dags/example_dataset_alias.py
[2024-10-06T04:18:54.167+0000] {logging_mixin.py:190} INFO - [2024-10-06T04:18:54.166+0000] {override.py:1900} INFO - Created Permission View: can edit on DAG:dataset_s3_bucket_producer
[2024-10-06T04:18:54.195+0000] {logging_mixin.py:190} INFO - [2024-10-06T04:18:54.195+0000] {override.py:1900} INFO - Created Permission View: can delete on DAG:dataset_s3_bucket_producer
[2024-10-06T04:18:54.209+0000] {logging_mixin.py:190} INFO - [2024-10-06T04:18:54.209+0000] {override.py:1900} INFO - Created Permission View: can read on DAG:dataset_s3_bucket_producer
[2024-10-06T04:18:54.225+0000] {logging_mixin.py:190} INFO - [2024-10-06T04:18:54.225+0000] {override.py:1900} INFO - Created Permission View: can create on DAG Run:dataset_s3_bucket_producer
[2024-10-06T04:18:54.241+0000] {logging_mixin.py:190} INFO - [2024-10-06T04:18:54.241+0000] {override.py:1900} INFO - Created Permission View: menu access on DAG Run:dataset_s3_bucket_producer
[2024-10-06T04:18:54.252+0000] {logging_mixin.py:190} INFO - [2024-10-06T04:18:54.251+0000] {override.py:1900} INFO - Created Permission View: can read on DAG Run:dataset_s3_bucket_producer
[2024-10-06T04:18:54.262+0000] {logging_mixin.py:190} INFO - [2024-10-06T04:18:54.262+0000] {override.py:1900} INFO - Created Permission View: can delete on DAG Run:dataset_s3_bucket_producer
[2024-10-06T04:18:54.286+0000] {logging_mixin.py:190} INFO - [2024-10-06T04:18:54.285+0000] {override.py:1900} INFO - Created Permission View: can edit on DAG:dataset_alias_example_alias_consumer
[2024-10-06T04:18:54.295+0000] {logging_mixin.py:190} INFO - [2024-10-06T04:18:54.294+0000] {override.py:1900} INFO - Created Permission View: can delete on DAG:dataset_alias_example_alias_consumer
[2024-10-06T04:18:54.306+0000] {logging_mixin.py:190} INFO - [2024-10-06T04:18:54.305+0000] {override.py:1900} INFO - Created Permission View: can read on DAG:dataset_alias_example_alias_consumer
[2024-10-06T04:18:54.317+0000] {logging_mixin.py:190} INFO - [2024-10-06T04:18:54.316+0000] {override.py:1900} INFO - Created Permission View: can create on DAG Run:dataset_alias_example_alias_consumer
[2024-10-06T04:18:54.326+0000] {logging_mixin.py:190} INFO - [2024-10-06T04:18:54.326+0000] {override.py:1900} INFO - Created Permission View: menu access on DAG Run:dataset_alias_example_alias_consumer
[2024-10-06T04:18:54.338+0000] {logging_mixin.py:190} INFO - [2024-10-06T04:18:54.337+0000] {override.py:1900} INFO - Created Permission View: can read on DAG Run:dataset_alias_example_alias_consumer
[2024-10-06T04:18:54.349+0000] {logging_mixin.py:190} INFO - [2024-10-06T04:18:54.349+0000] {override.py:1900} INFO - Created Permission View: can delete on DAG Run:dataset_alias_example_alias_consumer
[2024-10-06T04:18:54.369+0000] {logging_mixin.py:190} INFO - [2024-10-06T04:18:54.368+0000] {override.py:1900} INFO - Created Permission View: can edit on DAG:dataset_s3_bucket_consumer
[2024-10-06T04:18:54.380+0000] {logging_mixin.py:190} INFO - [2024-10-06T04:18:54.379+0000] {override.py:1900} INFO - Created Permission View: can delete on DAG:dataset_s3_bucket_consumer
[2024-10-06T04:18:54.390+0000] {logging_mixin.py:190} INFO - [2024-10-06T04:18:54.390+0000] {override.py:1900} INFO - Created Permission View: can read on DAG:dataset_s3_bucket_consumer
[2024-10-06T04:18:54.399+0000] {logging_mixin.py:190} INFO - [2024-10-06T04:18:54.398+0000] {override.py:1900} INFO - Created Permission View: can create on DAG Run:dataset_s3_bucket_consumer
[2024-10-06T04:18:54.411+0000] {logging_mixin.py:190} INFO - [2024-10-06T04:18:54.407+0000] {override.py:1900} INFO - Created Permission View: menu access on DAG Run:dataset_s3_bucket_consumer
[2024-10-06T04:18:54.421+0000] {logging_mixin.py:190} INFO - [2024-10-06T04:18:54.420+0000] {override.py:1900} INFO - Created Permission View: can read on DAG Run:dataset_s3_bucket_consumer
[2024-10-06T04:18:54.429+0000] {logging_mixin.py:190} INFO - [2024-10-06T04:18:54.429+0000] {override.py:1900} INFO - Created Permission View: can delete on DAG Run:dataset_s3_bucket_consumer
[2024-10-06T04:18:54.460+0000] {logging_mixin.py:190} INFO - [2024-10-06T04:18:54.460+0000] {override.py:1900} INFO - Created Permission View: can edit on DAG:dataset_alias_example_alias_producer
[2024-10-06T04:18:54.470+0000] {logging_mixin.py:190} INFO - [2024-10-06T04:18:54.469+0000] {override.py:1900} INFO - Created Permission View: can delete on DAG:dataset_alias_example_alias_producer
[2024-10-06T04:18:54.494+0000] {logging_mixin.py:190} INFO - [2024-10-06T04:18:54.493+0000] {override.py:1900} INFO - Created Permission View: can read on DAG:dataset_alias_example_alias_producer
[2024-10-06T04:18:54.501+0000] {logging_mixin.py:190} INFO - [2024-10-06T04:18:54.501+0000] {override.py:1900} INFO - Created Permission View: can create on DAG Run:dataset_alias_example_alias_producer
[2024-10-06T04:18:54.510+0000] {logging_mixin.py:190} INFO - [2024-10-06T04:18:54.509+0000] {override.py:1900} INFO - Created Permission View: menu access on DAG Run:dataset_alias_example_alias_producer
[2024-10-06T04:18:54.518+0000] {logging_mixin.py:190} INFO - [2024-10-06T04:18:54.518+0000] {override.py:1900} INFO - Created Permission View: can read on DAG Run:dataset_alias_example_alias_producer
[2024-10-06T04:18:54.527+0000] {logging_mixin.py:190} INFO - [2024-10-06T04:18:54.527+0000] {override.py:1900} INFO - Created Permission View: can delete on DAG Run:dataset_alias_example_alias_producer
[2024-10-06T04:18:54.528+0000] {logging_mixin.py:190} INFO - [2024-10-06T04:18:54.528+0000] {dag.py:3239} INFO - Sync 4 DAGs
[2024-10-06T04:18:54.553+0000] {logging_mixin.py:190} INFO - [2024-10-06T04:18:54.553+0000] {dag.py:3262} INFO - Creating ORM DAG for dataset_s3_bucket_consumer
[2024-10-06T04:18:54.554+0000] {logging_mixin.py:190} INFO - [2024-10-06T04:18:54.554+0000] {dag.py:3262} INFO - Creating ORM DAG for dataset_alias_example_alias_consumer
[2024-10-06T04:18:54.555+0000] {logging_mixin.py:190} INFO - [2024-10-06T04:18:54.555+0000] {dag.py:3262} INFO - Creating ORM DAG for dataset_s3_bucket_producer
[2024-10-06T04:18:54.556+0000] {logging_mixin.py:190} INFO - [2024-10-06T04:18:54.556+0000] {dag.py:3262} INFO - Creating ORM DAG for dataset_alias_example_alias_producer
[2024-10-06T04:18:54.572+0000] {logging_mixin.py:190} INFO - [2024-10-06T04:18:54.572+0000] {dag.py:4180} INFO - Setting next_dagrun for dataset_alias_example_alias_consumer to None, run_after=None
[2024-10-06T04:18:54.573+0000] {logging_mixin.py:190} INFO - [2024-10-06T04:18:54.573+0000] {dag.py:4180} INFO - Setting next_dagrun for dataset_alias_example_alias_producer to None, run_after=None
[2024-10-06T04:18:54.574+0000] {logging_mixin.py:190} INFO - [2024-10-06T04:18:54.574+0000] {dag.py:4180} INFO - Setting next_dagrun for dataset_s3_bucket_consumer to None, run_after=None
[2024-10-06T04:18:54.575+0000] {logging_mixin.py:190} INFO - [2024-10-06T04:18:54.575+0000] {dag.py:4180} INFO - Setting next_dagrun for dataset_s3_bucket_producer to None, run_after=None
[2024-10-06T04:18:54.623+0000] {processor.py:208} INFO - Processing /home/airflow/.local/lib/python3.12/site-packages/airflow/example_dags/example_dataset_alias.py took 2.021 seconds
[2024-10-06T04:19:45.788+0000] {processor.py:186} INFO - Started process (PID=107) to work on /home/airflow/.local/lib/python3.12/site-packages/airflow/example_dags/example_dataset_alias.py
[2024-10-06T04:19:45.793+0000] {processor.py:914} INFO - Processing file /home/airflow/.local/lib/python3.12/site-packages/airflow/example_dags/example_dataset_alias.py for tasks to queue
[2024-10-06T04:19:45.802+0000] {logging_mixin.py:190} INFO - [2024-10-06T04:19:45.802+0000] {dagbag.py:588} INFO - Filling up the DagBag from /home/airflow/.local/lib/python3.12/site-packages/airflow/example_dags/example_dataset_alias.py
[2024-10-06T04:19:46.647+0000] {processor.py:925} INFO - DAG(s) 'dataset_alias_example_alias_producer', 'dataset_alias_example_alias_consumer', 'dataset_s3_bucket_consumer', 'dataset_s3_bucket_producer' retrieved from /home/airflow/.local/lib/python3.12/site-packages/airflow/example_dags/example_dataset_alias.py
[2024-10-06T04:19:46.755+0000] {logging_mixin.py:190} INFO - [2024-10-06T04:19:46.754+0000] {dag.py:3239} INFO - Sync 4 DAGs
[2024-10-06T04:19:46.858+0000] {logging_mixin.py:190} INFO - [2024-10-06T04:19:46.857+0000] {dag.py:4180} INFO - Setting next_dagrun for dataset_alias_example_alias_consumer to None, run_after=None
[2024-10-06T04:19:46.880+0000] {logging_mixin.py:190} INFO - [2024-10-06T04:19:46.875+0000] {dag.py:4180} INFO - Setting next_dagrun for dataset_alias_example_alias_producer to None, run_after=None
[2024-10-06T04:19:46.888+0000] {logging_mixin.py:190} INFO - [2024-10-06T04:19:46.888+0000] {dag.py:4180} INFO - Setting next_dagrun for dataset_s3_bucket_consumer to None, run_after=None
[2024-10-06T04:19:46.896+0000] {logging_mixin.py:190} INFO - [2024-10-06T04:19:46.895+0000] {dag.py:4180} INFO - Setting next_dagrun for dataset_s3_bucket_producer to None, run_after=None
[2024-10-06T04:19:47.018+0000] {processor.py:208} INFO - Processing /home/airflow/.local/lib/python3.12/site-packages/airflow/example_dags/example_dataset_alias.py took 1.239 seconds
[2024-10-06T04:20:17.963+0000] {processor.py:186} INFO - Started process (PID=172) to work on /home/airflow/.local/lib/python3.12/site-packages/airflow/example_dags/example_dataset_alias.py
[2024-10-06T04:20:17.965+0000] {processor.py:914} INFO - Processing file /home/airflow/.local/lib/python3.12/site-packages/airflow/example_dags/example_dataset_alias.py for tasks to queue
[2024-10-06T04:20:17.969+0000] {logging_mixin.py:190} INFO - [2024-10-06T04:20:17.969+0000] {dagbag.py:588} INFO - Filling up the DagBag from /home/airflow/.local/lib/python3.12/site-packages/airflow/example_dags/example_dataset_alias.py
[2024-10-06T04:20:18.236+0000] {processor.py:925} INFO - DAG(s) 'dataset_alias_example_alias_consumer', 'dataset_s3_bucket_producer', 'dataset_alias_example_alias_producer', 'dataset_s3_bucket_consumer' retrieved from /home/airflow/.local/lib/python3.12/site-packages/airflow/example_dags/example_dataset_alias.py
[2024-10-06T04:20:18.265+0000] {logging_mixin.py:190} INFO - [2024-10-06T04:20:18.265+0000] {dag.py:3239} INFO - Sync 4 DAGs
[2024-10-06T04:20:18.295+0000] {logging_mixin.py:190} INFO - [2024-10-06T04:20:18.295+0000] {dag.py:4180} INFO - Setting next_dagrun for dataset_alias_example_alias_consumer to None, run_after=None
[2024-10-06T04:20:18.298+0000] {logging_mixin.py:190} INFO - [2024-10-06T04:20:18.298+0000] {dag.py:4180} INFO - Setting next_dagrun for dataset_alias_example_alias_producer to None, run_after=None
[2024-10-06T04:20:18.300+0000] {logging_mixin.py:190} INFO - [2024-10-06T04:20:18.300+0000] {dag.py:4180} INFO - Setting next_dagrun for dataset_s3_bucket_consumer to None, run_after=None
[2024-10-06T04:20:18.301+0000] {logging_mixin.py:190} INFO - [2024-10-06T04:20:18.301+0000] {dag.py:4180} INFO - Setting next_dagrun for dataset_s3_bucket_producer to None, run_after=None
[2024-10-06T04:20:18.346+0000] {processor.py:208} INFO - Processing /home/airflow/.local/lib/python3.12/site-packages/airflow/example_dags/example_dataset_alias.py took 0.391 seconds
[2024-10-06T04:20:48.593+0000] {processor.py:186} INFO - Started process (PID=235) to work on /home/airflow/.local/lib/python3.12/site-packages/airflow/example_dags/example_dataset_alias.py
[2024-10-06T04:20:48.595+0000] {processor.py:914} INFO - Processing file /home/airflow/.local/lib/python3.12/site-packages/airflow/example_dags/example_dataset_alias.py for tasks to queue
[2024-10-06T04:20:48.598+0000] {logging_mixin.py:190} INFO - [2024-10-06T04:20:48.598+0000] {dagbag.py:588} INFO - Filling up the DagBag from /home/airflow/.local/lib/python3.12/site-packages/airflow/example_dags/example_dataset_alias.py
[2024-10-06T04:20:48.786+0000] {processor.py:925} INFO - DAG(s) 'dataset_alias_example_alias_consumer', 'dataset_alias_example_alias_producer', 'dataset_s3_bucket_consumer', 'dataset_s3_bucket_producer' retrieved from /home/airflow/.local/lib/python3.12/site-packages/airflow/example_dags/example_dataset_alias.py
[2024-10-06T04:20:48.812+0000] {logging_mixin.py:190} INFO - [2024-10-06T04:20:48.812+0000] {dag.py:3239} INFO - Sync 4 DAGs
[2024-10-06T04:20:48.842+0000] {logging_mixin.py:190} INFO - [2024-10-06T04:20:48.842+0000] {dag.py:4180} INFO - Setting next_dagrun for dataset_alias_example_alias_consumer to None, run_after=None
[2024-10-06T04:20:48.848+0000] {logging_mixin.py:190} INFO - [2024-10-06T04:20:48.847+0000] {dag.py:4180} INFO - Setting next_dagrun for dataset_alias_example_alias_producer to None, run_after=None
[2024-10-06T04:20:48.849+0000] {logging_mixin.py:190} INFO - [2024-10-06T04:20:48.849+0000] {dag.py:4180} INFO - Setting next_dagrun for dataset_s3_bucket_consumer to None, run_after=None
[2024-10-06T04:20:48.851+0000] {logging_mixin.py:190} INFO - [2024-10-06T04:20:48.851+0000] {dag.py:4180} INFO - Setting next_dagrun for dataset_s3_bucket_producer to None, run_after=None
[2024-10-06T04:20:48.906+0000] {processor.py:208} INFO - Processing /home/airflow/.local/lib/python3.12/site-packages/airflow/example_dags/example_dataset_alias.py took 0.321 seconds
[2024-10-06T04:21:19.199+0000] {processor.py:186} INFO - Started process (PID=297) to work on /home/airflow/.local/lib/python3.12/site-packages/airflow/example_dags/example_dataset_alias.py
[2024-10-06T04:21:19.201+0000] {processor.py:914} INFO - Processing file /home/airflow/.local/lib/python3.12/site-packages/airflow/example_dags/example_dataset_alias.py for tasks to queue
[2024-10-06T04:21:19.206+0000] {logging_mixin.py:190} INFO - [2024-10-06T04:21:19.205+0000] {dagbag.py:588} INFO - Filling up the DagBag from /home/airflow/.local/lib/python3.12/site-packages/airflow/example_dags/example_dataset_alias.py
[2024-10-06T04:21:19.475+0000] {processor.py:925} INFO - DAG(s) 'dataset_s3_bucket_consumer', 'dataset_alias_example_alias_consumer', 'dataset_s3_bucket_producer', 'dataset_alias_example_alias_producer' retrieved from /home/airflow/.local/lib/python3.12/site-packages/airflow/example_dags/example_dataset_alias.py
[2024-10-06T04:21:19.514+0000] {logging_mixin.py:190} INFO - [2024-10-06T04:21:19.514+0000] {dag.py:3239} INFO - Sync 4 DAGs
[2024-10-06T04:21:19.560+0000] {logging_mixin.py:190} INFO - [2024-10-06T04:21:19.560+0000] {dag.py:4180} INFO - Setting next_dagrun for dataset_alias_example_alias_consumer to None, run_after=None
[2024-10-06T04:21:19.566+0000] {logging_mixin.py:190} INFO - [2024-10-06T04:21:19.565+0000] {dag.py:4180} INFO - Setting next_dagrun for dataset_alias_example_alias_producer to None, run_after=None
[2024-10-06T04:21:19.568+0000] {logging_mixin.py:190} INFO - [2024-10-06T04:21:19.568+0000] {dag.py:4180} INFO - Setting next_dagrun for dataset_s3_bucket_consumer to None, run_after=None
[2024-10-06T04:21:19.571+0000] {logging_mixin.py:190} INFO - [2024-10-06T04:21:19.570+0000] {dag.py:4180} INFO - Setting next_dagrun for dataset_s3_bucket_producer to None, run_after=None
[2024-10-06T04:21:19.614+0000] {processor.py:208} INFO - Processing /home/airflow/.local/lib/python3.12/site-packages/airflow/example_dags/example_dataset_alias.py took 0.424 seconds
[2024-10-06T04:21:49.766+0000] {processor.py:186} INFO - Started process (PID=358) to work on /home/airflow/.local/lib/python3.12/site-packages/airflow/example_dags/example_dataset_alias.py
[2024-10-06T04:21:49.768+0000] {processor.py:914} INFO - Processing file /home/airflow/.local/lib/python3.12/site-packages/airflow/example_dags/example_dataset_alias.py for tasks to queue
[2024-10-06T04:21:49.772+0000] {logging_mixin.py:190} INFO - [2024-10-06T04:21:49.771+0000] {dagbag.py:588} INFO - Filling up the DagBag from /home/airflow/.local/lib/python3.12/site-packages/airflow/example_dags/example_dataset_alias.py
[2024-10-06T04:21:49.952+0000] {processor.py:925} INFO - DAG(s) 'dataset_alias_example_alias_consumer', 'dataset_alias_example_alias_producer', 'dataset_s3_bucket_producer', 'dataset_s3_bucket_consumer' retrieved from /home/airflow/.local/lib/python3.12/site-packages/airflow/example_dags/example_dataset_alias.py
[2024-10-06T04:21:49.983+0000] {logging_mixin.py:190} INFO - [2024-10-06T04:21:49.983+0000] {dag.py:3239} INFO - Sync 4 DAGs
[2024-10-06T04:21:50.016+0000] {logging_mixin.py:190} INFO - [2024-10-06T04:21:50.016+0000] {dag.py:4180} INFO - Setting next_dagrun for dataset_alias_example_alias_consumer to None, run_after=None
[2024-10-06T04:21:50.020+0000] {logging_mixin.py:190} INFO - [2024-10-06T04:21:50.019+0000] {dag.py:4180} INFO - Setting next_dagrun for dataset_alias_example_alias_producer to None, run_after=None
[2024-10-06T04:21:50.022+0000] {logging_mixin.py:190} INFO - [2024-10-06T04:21:50.021+0000] {dag.py:4180} INFO - Setting next_dagrun for dataset_s3_bucket_consumer to None, run_after=None
[2024-10-06T04:21:50.024+0000] {logging_mixin.py:190} INFO - [2024-10-06T04:21:50.023+0000] {dag.py:4180} INFO - Setting next_dagrun for dataset_s3_bucket_producer to None, run_after=None
[2024-10-06T04:21:50.056+0000] {processor.py:208} INFO - Processing /home/airflow/.local/lib/python3.12/site-packages/airflow/example_dags/example_dataset_alias.py took 0.298 seconds
[2024-10-06T04:22:20.123+0000] {processor.py:186} INFO - Started process (PID=421) to work on /home/airflow/.local/lib/python3.12/site-packages/airflow/example_dags/example_dataset_alias.py
[2024-10-06T04:22:20.125+0000] {processor.py:914} INFO - Processing file /home/airflow/.local/lib/python3.12/site-packages/airflow/example_dags/example_dataset_alias.py for tasks to queue
[2024-10-06T04:22:20.128+0000] {logging_mixin.py:190} INFO - [2024-10-06T04:22:20.127+0000] {dagbag.py:588} INFO - Filling up the DagBag from /home/airflow/.local/lib/python3.12/site-packages/airflow/example_dags/example_dataset_alias.py
[2024-10-06T04:22:20.295+0000] {processor.py:925} INFO - DAG(s) 'dataset_alias_example_alias_producer', 'dataset_s3_bucket_producer', 'dataset_s3_bucket_consumer', 'dataset_alias_example_alias_consumer' retrieved from /home/airflow/.local/lib/python3.12/site-packages/airflow/example_dags/example_dataset_alias.py
[2024-10-06T04:22:20.335+0000] {logging_mixin.py:190} INFO - [2024-10-06T04:22:20.335+0000] {dag.py:3239} INFO - Sync 4 DAGs
[2024-10-06T04:22:20.366+0000] {logging_mixin.py:190} INFO - [2024-10-06T04:22:20.365+0000] {dag.py:4180} INFO - Setting next_dagrun for dataset_alias_example_alias_consumer to None, run_after=None
[2024-10-06T04:22:20.369+0000] {logging_mixin.py:190} INFO - [2024-10-06T04:22:20.369+0000] {dag.py:4180} INFO - Setting next_dagrun for dataset_alias_example_alias_producer to None, run_after=None
[2024-10-06T04:22:20.373+0000] {logging_mixin.py:190} INFO - [2024-10-06T04:22:20.373+0000] {dag.py:4180} INFO - Setting next_dagrun for dataset_s3_bucket_consumer to None, run_after=None
[2024-10-06T04:22:20.376+0000] {logging_mixin.py:190} INFO - [2024-10-06T04:22:20.375+0000] {dag.py:4180} INFO - Setting next_dagrun for dataset_s3_bucket_producer to None, run_after=None
[2024-10-06T04:22:20.406+0000] {processor.py:208} INFO - Processing /home/airflow/.local/lib/python3.12/site-packages/airflow/example_dags/example_dataset_alias.py took 0.291 seconds
[2024-10-06T04:22:50.810+0000] {processor.py:186} INFO - Started process (PID=484) to work on /home/airflow/.local/lib/python3.12/site-packages/airflow/example_dags/example_dataset_alias.py
[2024-10-06T04:22:50.813+0000] {processor.py:914} INFO - Processing file /home/airflow/.local/lib/python3.12/site-packages/airflow/example_dags/example_dataset_alias.py for tasks to queue
[2024-10-06T04:22:50.819+0000] {logging_mixin.py:190} INFO - [2024-10-06T04:22:50.818+0000] {dagbag.py:588} INFO - Filling up the DagBag from /home/airflow/.local/lib/python3.12/site-packages/airflow/example_dags/example_dataset_alias.py
[2024-10-06T04:22:51.069+0000] {processor.py:925} INFO - DAG(s) 'dataset_s3_bucket_producer', 'dataset_s3_bucket_consumer', 'dataset_alias_example_alias_consumer', 'dataset_alias_example_alias_producer' retrieved from /home/airflow/.local/lib/python3.12/site-packages/airflow/example_dags/example_dataset_alias.py
[2024-10-06T04:22:51.097+0000] {logging_mixin.py:190} INFO - [2024-10-06T04:22:51.096+0000] {dag.py:3239} INFO - Sync 4 DAGs
[2024-10-06T04:22:51.126+0000] {logging_mixin.py:190} INFO - [2024-10-06T04:22:51.125+0000] {dag.py:4180} INFO - Setting next_dagrun for dataset_alias_example_alias_consumer to None, run_after=None
[2024-10-06T04:22:51.130+0000] {logging_mixin.py:190} INFO - [2024-10-06T04:22:51.129+0000] {dag.py:4180} INFO - Setting next_dagrun for dataset_alias_example_alias_producer to None, run_after=None
[2024-10-06T04:22:51.131+0000] {logging_mixin.py:190} INFO - [2024-10-06T04:22:51.131+0000] {dag.py:4180} INFO - Setting next_dagrun for dataset_s3_bucket_consumer to None, run_after=None
[2024-10-06T04:22:51.133+0000] {logging_mixin.py:190} INFO - [2024-10-06T04:22:51.133+0000] {dag.py:4180} INFO - Setting next_dagrun for dataset_s3_bucket_producer to None, run_after=None
[2024-10-06T04:22:51.157+0000] {processor.py:208} INFO - Processing /home/airflow/.local/lib/python3.12/site-packages/airflow/example_dags/example_dataset_alias.py took 0.361 seconds
[2024-10-06T04:23:21.452+0000] {processor.py:186} INFO - Started process (PID=546) to work on /home/airflow/.local/lib/python3.12/site-packages/airflow/example_dags/example_dataset_alias.py
[2024-10-06T04:23:21.454+0000] {processor.py:914} INFO - Processing file /home/airflow/.local/lib/python3.12/site-packages/airflow/example_dags/example_dataset_alias.py for tasks to queue
[2024-10-06T04:23:21.457+0000] {logging_mixin.py:190} INFO - [2024-10-06T04:23:21.457+0000] {dagbag.py:588} INFO - Filling up the DagBag from /home/airflow/.local/lib/python3.12/site-packages/airflow/example_dags/example_dataset_alias.py
[2024-10-06T04:23:21.636+0000] {processor.py:925} INFO - DAG(s) 'dataset_alias_example_alias_consumer', 'dataset_s3_bucket_consumer', 'dataset_s3_bucket_producer', 'dataset_alias_example_alias_producer' retrieved from /home/airflow/.local/lib/python3.12/site-packages/airflow/example_dags/example_dataset_alias.py
[2024-10-06T04:23:21.665+0000] {logging_mixin.py:190} INFO - [2024-10-06T04:23:21.664+0000] {dag.py:3239} INFO - Sync 4 DAGs
[2024-10-06T04:23:21.696+0000] {logging_mixin.py:190} INFO - [2024-10-06T04:23:21.696+0000] {dag.py:4180} INFO - Setting next_dagrun for dataset_alias_example_alias_consumer to None, run_after=None
[2024-10-06T04:23:21.699+0000] {logging_mixin.py:190} INFO - [2024-10-06T04:23:21.699+0000] {dag.py:4180} INFO - Setting next_dagrun for dataset_alias_example_alias_producer to None, run_after=None
[2024-10-06T04:23:21.701+0000] {logging_mixin.py:190} INFO - [2024-10-06T04:23:21.701+0000] {dag.py:4180} INFO - Setting next_dagrun for dataset_s3_bucket_consumer to None, run_after=None
[2024-10-06T04:23:21.702+0000] {logging_mixin.py:190} INFO - [2024-10-06T04:23:21.702+0000] {dag.py:4180} INFO - Setting next_dagrun for dataset_s3_bucket_producer to None, run_after=None
[2024-10-06T04:23:21.728+0000] {processor.py:208} INFO - Processing /home/airflow/.local/lib/python3.12/site-packages/airflow/example_dags/example_dataset_alias.py took 0.283 seconds
[2024-10-06T04:23:52.069+0000] {processor.py:186} INFO - Started process (PID=607) to work on /home/airflow/.local/lib/python3.12/site-packages/airflow/example_dags/example_dataset_alias.py
[2024-10-06T04:23:52.070+0000] {processor.py:914} INFO - Processing file /home/airflow/.local/lib/python3.12/site-packages/airflow/example_dags/example_dataset_alias.py for tasks to queue
[2024-10-06T04:23:52.075+0000] {logging_mixin.py:190} INFO - [2024-10-06T04:23:52.075+0000] {dagbag.py:588} INFO - Filling up the DagBag from /home/airflow/.local/lib/python3.12/site-packages/airflow/example_dags/example_dataset_alias.py
[2024-10-06T04:23:52.259+0000] {processor.py:925} INFO - DAG(s) 'dataset_s3_bucket_producer', 'dataset_alias_example_alias_producer', 'dataset_s3_bucket_consumer', 'dataset_alias_example_alias_consumer' retrieved from /home/airflow/.local/lib/python3.12/site-packages/airflow/example_dags/example_dataset_alias.py
[2024-10-06T04:23:52.303+0000] {logging_mixin.py:190} INFO - [2024-10-06T04:23:52.303+0000] {dag.py:3239} INFO - Sync 4 DAGs
[2024-10-06T04:23:52.335+0000] {logging_mixin.py:190} INFO - [2024-10-06T04:23:52.335+0000] {dag.py:4180} INFO - Setting next_dagrun for dataset_alias_example_alias_consumer to None, run_after=None
[2024-10-06T04:23:52.339+0000] {logging_mixin.py:190} INFO - [2024-10-06T04:23:52.339+0000] {dag.py:4180} INFO - Setting next_dagrun for dataset_alias_example_alias_producer to None, run_after=None
[2024-10-06T04:23:52.341+0000] {logging_mixin.py:190} INFO - [2024-10-06T04:23:52.341+0000] {dag.py:4180} INFO - Setting next_dagrun for dataset_s3_bucket_consumer to None, run_after=None
[2024-10-06T04:23:52.343+0000] {logging_mixin.py:190} INFO - [2024-10-06T04:23:52.343+0000] {dag.py:4180} INFO - Setting next_dagrun for dataset_s3_bucket_producer to None, run_after=None
[2024-10-06T04:23:52.377+0000] {processor.py:208} INFO - Processing /home/airflow/.local/lib/python3.12/site-packages/airflow/example_dags/example_dataset_alias.py took 0.319 seconds
[2024-10-06T04:24:22.582+0000] {processor.py:186} INFO - Started process (PID=669) to work on /home/airflow/.local/lib/python3.12/site-packages/airflow/example_dags/example_dataset_alias.py
[2024-10-06T04:24:22.584+0000] {processor.py:914} INFO - Processing file /home/airflow/.local/lib/python3.12/site-packages/airflow/example_dags/example_dataset_alias.py for tasks to queue
[2024-10-06T04:24:22.587+0000] {logging_mixin.py:190} INFO - [2024-10-06T04:24:22.587+0000] {dagbag.py:588} INFO - Filling up the DagBag from /home/airflow/.local/lib/python3.12/site-packages/airflow/example_dags/example_dataset_alias.py
[2024-10-06T04:24:22.765+0000] {processor.py:925} INFO - DAG(s) 'dataset_s3_bucket_consumer', 'dataset_alias_example_alias_producer', 'dataset_alias_example_alias_consumer', 'dataset_s3_bucket_producer' retrieved from /home/airflow/.local/lib/python3.12/site-packages/airflow/example_dags/example_dataset_alias.py
[2024-10-06T04:24:22.791+0000] {logging_mixin.py:190} INFO - [2024-10-06T04:24:22.791+0000] {dag.py:3239} INFO - Sync 4 DAGs
[2024-10-06T04:24:22.829+0000] {logging_mixin.py:190} INFO - [2024-10-06T04:24:22.829+0000] {dag.py:4180} INFO - Setting next_dagrun for dataset_alias_example_alias_consumer to None, run_after=None
[2024-10-06T04:24:22.833+0000] {logging_mixin.py:190} INFO - [2024-10-06T04:24:22.833+0000] {dag.py:4180} INFO - Setting next_dagrun for dataset_alias_example_alias_producer to None, run_after=None
[2024-10-06T04:24:22.835+0000] {logging_mixin.py:190} INFO - [2024-10-06T04:24:22.835+0000] {dag.py:4180} INFO - Setting next_dagrun for dataset_s3_bucket_consumer to None, run_after=None
[2024-10-06T04:24:22.836+0000] {logging_mixin.py:190} INFO - [2024-10-06T04:24:22.836+0000] {dag.py:4180} INFO - Setting next_dagrun for dataset_s3_bucket_producer to None, run_after=None
[2024-10-06T04:24:22.862+0000] {processor.py:208} INFO - Processing /home/airflow/.local/lib/python3.12/site-packages/airflow/example_dags/example_dataset_alias.py took 0.289 seconds
[2024-10-06T04:24:53.474+0000] {processor.py:186} INFO - Started process (PID=730) to work on /home/airflow/.local/lib/python3.12/site-packages/airflow/example_dags/example_dataset_alias.py
[2024-10-06T04:24:53.476+0000] {processor.py:914} INFO - Processing file /home/airflow/.local/lib/python3.12/site-packages/airflow/example_dags/example_dataset_alias.py for tasks to queue
[2024-10-06T04:24:53.479+0000] {logging_mixin.py:190} INFO - [2024-10-06T04:24:53.479+0000] {dagbag.py:588} INFO - Filling up the DagBag from /home/airflow/.local/lib/python3.12/site-packages/airflow/example_dags/example_dataset_alias.py
[2024-10-06T04:24:53.674+0000] {processor.py:925} INFO - DAG(s) 'dataset_s3_bucket_producer', 'dataset_s3_bucket_consumer', 'dataset_alias_example_alias_consumer', 'dataset_alias_example_alias_producer' retrieved from /home/airflow/.local/lib/python3.12/site-packages/airflow/example_dags/example_dataset_alias.py
[2024-10-06T04:24:53.701+0000] {logging_mixin.py:190} INFO - [2024-10-06T04:24:53.701+0000] {dag.py:3239} INFO - Sync 4 DAGs
[2024-10-06T04:24:53.731+0000] {logging_mixin.py:190} INFO - [2024-10-06T04:24:53.730+0000] {dag.py:4180} INFO - Setting next_dagrun for dataset_alias_example_alias_consumer to None, run_after=None
[2024-10-06T04:24:53.734+0000] {logging_mixin.py:190} INFO - [2024-10-06T04:24:53.734+0000] {dag.py:4180} INFO - Setting next_dagrun for dataset_alias_example_alias_producer to None, run_after=None
[2024-10-06T04:24:53.736+0000] {logging_mixin.py:190} INFO - [2024-10-06T04:24:53.735+0000] {dag.py:4180} INFO - Setting next_dagrun for dataset_s3_bucket_consumer to None, run_after=None
[2024-10-06T04:24:53.737+0000] {logging_mixin.py:190} INFO - [2024-10-06T04:24:53.737+0000] {dag.py:4180} INFO - Setting next_dagrun for dataset_s3_bucket_producer to None, run_after=None
[2024-10-06T04:24:53.763+0000] {processor.py:208} INFO - Processing /home/airflow/.local/lib/python3.12/site-packages/airflow/example_dags/example_dataset_alias.py took 0.297 seconds
[2024-10-06T04:25:24.117+0000] {processor.py:186} INFO - Started process (PID=793) to work on /home/airflow/.local/lib/python3.12/site-packages/airflow/example_dags/example_dataset_alias.py
[2024-10-06T04:25:24.119+0000] {processor.py:914} INFO - Processing file /home/airflow/.local/lib/python3.12/site-packages/airflow/example_dags/example_dataset_alias.py for tasks to queue
[2024-10-06T04:25:24.123+0000] {logging_mixin.py:190} INFO - [2024-10-06T04:25:24.122+0000] {dagbag.py:588} INFO - Filling up the DagBag from /home/airflow/.local/lib/python3.12/site-packages/airflow/example_dags/example_dataset_alias.py
[2024-10-06T04:25:24.319+0000] {processor.py:925} INFO - DAG(s) 'dataset_s3_bucket_producer', 'dataset_alias_example_alias_producer', 'dataset_s3_bucket_consumer', 'dataset_alias_example_alias_consumer' retrieved from /home/airflow/.local/lib/python3.12/site-packages/airflow/example_dags/example_dataset_alias.py
[2024-10-06T04:25:24.347+0000] {logging_mixin.py:190} INFO - [2024-10-06T04:25:24.346+0000] {dag.py:3239} INFO - Sync 4 DAGs
[2024-10-06T04:25:24.379+0000] {logging_mixin.py:190} INFO - [2024-10-06T04:25:24.378+0000] {dag.py:4180} INFO - Setting next_dagrun for dataset_alias_example_alias_consumer to None, run_after=None
[2024-10-06T04:25:24.383+0000] {logging_mixin.py:190} INFO - [2024-10-06T04:25:24.382+0000] {dag.py:4180} INFO - Setting next_dagrun for dataset_alias_example_alias_producer to None, run_after=None
[2024-10-06T04:25:24.384+0000] {logging_mixin.py:190} INFO - [2024-10-06T04:25:24.384+0000] {dag.py:4180} INFO - Setting next_dagrun for dataset_s3_bucket_consumer to None, run_after=None
[2024-10-06T04:25:24.386+0000] {logging_mixin.py:190} INFO - [2024-10-06T04:25:24.386+0000] {dag.py:4180} INFO - Setting next_dagrun for dataset_s3_bucket_producer to None, run_after=None
[2024-10-06T04:25:24.437+0000] {processor.py:208} INFO - Processing /home/airflow/.local/lib/python3.12/site-packages/airflow/example_dags/example_dataset_alias.py took 0.328 seconds
[2024-10-06T04:25:54.555+0000] {processor.py:186} INFO - Started process (PID=856) to work on /home/airflow/.local/lib/python3.12/site-packages/airflow/example_dags/example_dataset_alias.py
[2024-10-06T04:25:54.556+0000] {processor.py:914} INFO - Processing file /home/airflow/.local/lib/python3.12/site-packages/airflow/example_dags/example_dataset_alias.py for tasks to queue
[2024-10-06T04:25:54.560+0000] {logging_mixin.py:190} INFO - [2024-10-06T04:25:54.560+0000] {dagbag.py:588} INFO - Filling up the DagBag from /home/airflow/.local/lib/python3.12/site-packages/airflow/example_dags/example_dataset_alias.py
[2024-10-06T04:25:54.847+0000] {processor.py:925} INFO - DAG(s) 'dataset_s3_bucket_consumer', 'dataset_alias_example_alias_consumer', 'dataset_s3_bucket_producer', 'dataset_alias_example_alias_producer' retrieved from /home/airflow/.local/lib/python3.12/site-packages/airflow/example_dags/example_dataset_alias.py
[2024-10-06T04:25:54.889+0000] {logging_mixin.py:190} INFO - [2024-10-06T04:25:54.888+0000] {dag.py:3239} INFO - Sync 4 DAGs
[2024-10-06T04:25:54.937+0000] {logging_mixin.py:190} INFO - [2024-10-06T04:25:54.937+0000] {dag.py:4180} INFO - Setting next_dagrun for dataset_alias_example_alias_consumer to None, run_after=None
[2024-10-06T04:25:54.941+0000] {logging_mixin.py:190} INFO - [2024-10-06T04:25:54.940+0000] {dag.py:4180} INFO - Setting next_dagrun for dataset_alias_example_alias_producer to None, run_after=None
[2024-10-06T04:25:54.943+0000] {logging_mixin.py:190} INFO - [2024-10-06T04:25:54.942+0000] {dag.py:4180} INFO - Setting next_dagrun for dataset_s3_bucket_consumer to None, run_after=None
[2024-10-06T04:25:54.944+0000] {logging_mixin.py:190} INFO - [2024-10-06T04:25:54.944+0000] {dag.py:4180} INFO - Setting next_dagrun for dataset_s3_bucket_producer to None, run_after=None
[2024-10-06T04:25:54.976+0000] {processor.py:208} INFO - Processing /home/airflow/.local/lib/python3.12/site-packages/airflow/example_dags/example_dataset_alias.py took 0.431 seconds
[2024-10-06T04:26:25.193+0000] {processor.py:186} INFO - Started process (PID=919) to work on /home/airflow/.local/lib/python3.12/site-packages/airflow/example_dags/example_dataset_alias.py
[2024-10-06T04:26:25.201+0000] {processor.py:914} INFO - Processing file /home/airflow/.local/lib/python3.12/site-packages/airflow/example_dags/example_dataset_alias.py for tasks to queue
[2024-10-06T04:26:25.206+0000] {logging_mixin.py:190} INFO - [2024-10-06T04:26:25.205+0000] {dagbag.py:588} INFO - Filling up the DagBag from /home/airflow/.local/lib/python3.12/site-packages/airflow/example_dags/example_dataset_alias.py
[2024-10-06T04:26:25.502+0000] {processor.py:925} INFO - DAG(s) 'dataset_alias_example_alias_consumer', 'dataset_s3_bucket_producer', 'dataset_s3_bucket_consumer', 'dataset_alias_example_alias_producer' retrieved from /home/airflow/.local/lib/python3.12/site-packages/airflow/example_dags/example_dataset_alias.py
[2024-10-06T04:26:25.556+0000] {logging_mixin.py:190} INFO - [2024-10-06T04:26:25.555+0000] {dag.py:3239} INFO - Sync 4 DAGs
[2024-10-06T04:26:25.593+0000] {logging_mixin.py:190} INFO - [2024-10-06T04:26:25.593+0000] {dag.py:4180} INFO - Setting next_dagrun for dataset_alias_example_alias_consumer to None, run_after=None
[2024-10-06T04:26:25.598+0000] {logging_mixin.py:190} INFO - [2024-10-06T04:26:25.598+0000] {dag.py:4180} INFO - Setting next_dagrun for dataset_alias_example_alias_producer to None, run_after=None
[2024-10-06T04:26:25.600+0000] {logging_mixin.py:190} INFO - [2024-10-06T04:26:25.599+0000] {dag.py:4180} INFO - Setting next_dagrun for dataset_s3_bucket_consumer to None, run_after=None
[2024-10-06T04:26:25.602+0000] {logging_mixin.py:190} INFO - [2024-10-06T04:26:25.601+0000] {dag.py:4180} INFO - Setting next_dagrun for dataset_s3_bucket_producer to None, run_after=None
[2024-10-06T04:26:25.640+0000] {processor.py:208} INFO - Processing /home/airflow/.local/lib/python3.12/site-packages/airflow/example_dags/example_dataset_alias.py took 0.461 seconds
[2024-10-06T04:26:56.443+0000] {processor.py:186} INFO - Started process (PID=982) to work on /home/airflow/.local/lib/python3.12/site-packages/airflow/example_dags/example_dataset_alias.py
[2024-10-06T04:26:56.457+0000] {processor.py:914} INFO - Processing file /home/airflow/.local/lib/python3.12/site-packages/airflow/example_dags/example_dataset_alias.py for tasks to queue
[2024-10-06T04:26:56.460+0000] {logging_mixin.py:190} INFO - [2024-10-06T04:26:56.460+0000] {dagbag.py:588} INFO - Filling up the DagBag from /home/airflow/.local/lib/python3.12/site-packages/airflow/example_dags/example_dataset_alias.py
[2024-10-06T04:26:56.704+0000] {processor.py:925} INFO - DAG(s) 'dataset_alias_example_alias_producer', 'dataset_s3_bucket_consumer', 'dataset_alias_example_alias_consumer', 'dataset_s3_bucket_producer' retrieved from /home/airflow/.local/lib/python3.12/site-packages/airflow/example_dags/example_dataset_alias.py
[2024-10-06T04:26:56.740+0000] {logging_mixin.py:190} INFO - [2024-10-06T04:26:56.739+0000] {dag.py:3239} INFO - Sync 4 DAGs
[2024-10-06T04:26:56.767+0000] {logging_mixin.py:190} INFO - [2024-10-06T04:26:56.767+0000] {dag.py:4180} INFO - Setting next_dagrun for dataset_alias_example_alias_consumer to None, run_after=None
[2024-10-06T04:26:56.770+0000] {logging_mixin.py:190} INFO - [2024-10-06T04:26:56.770+0000] {dag.py:4180} INFO - Setting next_dagrun for dataset_alias_example_alias_producer to None, run_after=None
[2024-10-06T04:26:56.772+0000] {logging_mixin.py:190} INFO - [2024-10-06T04:26:56.772+0000] {dag.py:4180} INFO - Setting next_dagrun for dataset_s3_bucket_consumer to None, run_after=None
[2024-10-06T04:26:56.773+0000] {logging_mixin.py:190} INFO - [2024-10-06T04:26:56.773+0000] {dag.py:4180} INFO - Setting next_dagrun for dataset_s3_bucket_producer to None, run_after=None
[2024-10-06T04:26:56.796+0000] {processor.py:208} INFO - Processing /home/airflow/.local/lib/python3.12/site-packages/airflow/example_dags/example_dataset_alias.py took 0.360 seconds
[2024-10-06T04:27:27.702+0000] {processor.py:186} INFO - Started process (PID=1045) to work on /home/airflow/.local/lib/python3.12/site-packages/airflow/example_dags/example_dataset_alias.py
[2024-10-06T04:27:27.704+0000] {processor.py:914} INFO - Processing file /home/airflow/.local/lib/python3.12/site-packages/airflow/example_dags/example_dataset_alias.py for tasks to queue
[2024-10-06T04:27:27.708+0000] {logging_mixin.py:190} INFO - [2024-10-06T04:27:27.707+0000] {dagbag.py:588} INFO - Filling up the DagBag from /home/airflow/.local/lib/python3.12/site-packages/airflow/example_dags/example_dataset_alias.py
[2024-10-06T04:27:27.893+0000] {processor.py:925} INFO - DAG(s) 'dataset_alias_example_alias_consumer', 'dataset_alias_example_alias_producer', 'dataset_s3_bucket_producer', 'dataset_s3_bucket_consumer' retrieved from /home/airflow/.local/lib/python3.12/site-packages/airflow/example_dags/example_dataset_alias.py
[2024-10-06T04:27:27.922+0000] {logging_mixin.py:190} INFO - [2024-10-06T04:27:27.922+0000] {dag.py:3239} INFO - Sync 4 DAGs
[2024-10-06T04:27:28.268+0000] {logging_mixin.py:190} INFO - [2024-10-06T04:27:28.267+0000] {dag.py:4180} INFO - Setting next_dagrun for dataset_alias_example_alias_consumer to None, run_after=None
[2024-10-06T04:27:28.271+0000] {logging_mixin.py:190} INFO - [2024-10-06T04:27:28.271+0000] {dag.py:4180} INFO - Setting next_dagrun for dataset_alias_example_alias_producer to None, run_after=None
[2024-10-06T04:27:28.273+0000] {logging_mixin.py:190} INFO - [2024-10-06T04:27:28.273+0000] {dag.py:4180} INFO - Setting next_dagrun for dataset_s3_bucket_consumer to None, run_after=None
[2024-10-06T04:27:28.275+0000] {logging_mixin.py:190} INFO - [2024-10-06T04:27:28.275+0000] {dag.py:4180} INFO - Setting next_dagrun for dataset_s3_bucket_producer to None, run_after=None
[2024-10-06T04:27:28.305+0000] {processor.py:208} INFO - Processing /home/airflow/.local/lib/python3.12/site-packages/airflow/example_dags/example_dataset_alias.py took 0.611 seconds
[2024-10-06T04:27:59.183+0000] {processor.py:186} INFO - Started process (PID=1107) to work on /home/airflow/.local/lib/python3.12/site-packages/airflow/example_dags/example_dataset_alias.py
[2024-10-06T04:27:59.185+0000] {processor.py:914} INFO - Processing file /home/airflow/.local/lib/python3.12/site-packages/airflow/example_dags/example_dataset_alias.py for tasks to queue
[2024-10-06T04:27:59.189+0000] {logging_mixin.py:190} INFO - [2024-10-06T04:27:59.188+0000] {dagbag.py:588} INFO - Filling up the DagBag from /home/airflow/.local/lib/python3.12/site-packages/airflow/example_dags/example_dataset_alias.py
[2024-10-06T04:27:59.383+0000] {processor.py:925} INFO - DAG(s) 'dataset_alias_example_alias_consumer', 'dataset_s3_bucket_producer', 'dataset_alias_example_alias_producer', 'dataset_s3_bucket_consumer' retrieved from /home/airflow/.local/lib/python3.12/site-packages/airflow/example_dags/example_dataset_alias.py
[2024-10-06T04:27:59.431+0000] {logging_mixin.py:190} INFO - [2024-10-06T04:27:59.431+0000] {dag.py:3239} INFO - Sync 4 DAGs
[2024-10-06T04:27:59.466+0000] {logging_mixin.py:190} INFO - [2024-10-06T04:27:59.465+0000] {dag.py:4180} INFO - Setting next_dagrun for dataset_alias_example_alias_consumer to None, run_after=None
[2024-10-06T04:27:59.472+0000] {logging_mixin.py:190} INFO - [2024-10-06T04:27:59.471+0000] {dag.py:4180} INFO - Setting next_dagrun for dataset_alias_example_alias_producer to None, run_after=None
[2024-10-06T04:27:59.473+0000] {logging_mixin.py:190} INFO - [2024-10-06T04:27:59.473+0000] {dag.py:4180} INFO - Setting next_dagrun for dataset_s3_bucket_consumer to None, run_after=None
[2024-10-06T04:27:59.475+0000] {logging_mixin.py:190} INFO - [2024-10-06T04:27:59.475+0000] {dag.py:4180} INFO - Setting next_dagrun for dataset_s3_bucket_producer to None, run_after=None
[2024-10-06T04:27:59.777+0000] {processor.py:208} INFO - Processing /home/airflow/.local/lib/python3.12/site-packages/airflow/example_dags/example_dataset_alias.py took 0.603 seconds
[2024-10-06T04:28:30.455+0000] {processor.py:186} INFO - Started process (PID=1169) to work on /home/airflow/.local/lib/python3.12/site-packages/airflow/example_dags/example_dataset_alias.py
[2024-10-06T04:28:30.456+0000] {processor.py:914} INFO - Processing file /home/airflow/.local/lib/python3.12/site-packages/airflow/example_dags/example_dataset_alias.py for tasks to queue
[2024-10-06T04:28:30.459+0000] {logging_mixin.py:190} INFO - [2024-10-06T04:28:30.459+0000] {dagbag.py:588} INFO - Filling up the DagBag from /home/airflow/.local/lib/python3.12/site-packages/airflow/example_dags/example_dataset_alias.py
[2024-10-06T04:28:30.643+0000] {processor.py:925} INFO - DAG(s) 'dataset_alias_example_alias_consumer', 'dataset_s3_bucket_producer', 'dataset_alias_example_alias_producer', 'dataset_s3_bucket_consumer' retrieved from /home/airflow/.local/lib/python3.12/site-packages/airflow/example_dags/example_dataset_alias.py
[2024-10-06T04:28:30.672+0000] {logging_mixin.py:190} INFO - [2024-10-06T04:28:30.671+0000] {dag.py:3239} INFO - Sync 4 DAGs
[2024-10-06T04:28:30.700+0000] {logging_mixin.py:190} INFO - [2024-10-06T04:28:30.700+0000] {dag.py:4180} INFO - Setting next_dagrun for dataset_alias_example_alias_consumer to None, run_after=None
[2024-10-06T04:28:30.706+0000] {logging_mixin.py:190} INFO - [2024-10-06T04:28:30.705+0000] {dag.py:4180} INFO - Setting next_dagrun for dataset_alias_example_alias_producer to None, run_after=None
[2024-10-06T04:28:30.708+0000] {logging_mixin.py:190} INFO - [2024-10-06T04:28:30.707+0000] {dag.py:4180} INFO - Setting next_dagrun for dataset_s3_bucket_consumer to None, run_after=None
[2024-10-06T04:28:30.709+0000] {logging_mixin.py:190} INFO - [2024-10-06T04:28:30.709+0000] {dag.py:4180} INFO - Setting next_dagrun for dataset_s3_bucket_producer to None, run_after=None
[2024-10-06T04:28:30.737+0000] {processor.py:208} INFO - Processing /home/airflow/.local/lib/python3.12/site-packages/airflow/example_dags/example_dataset_alias.py took 0.290 seconds
[2024-10-06T04:29:01.174+0000] {processor.py:186} INFO - Started process (PID=1232) to work on /home/airflow/.local/lib/python3.12/site-packages/airflow/example_dags/example_dataset_alias.py
[2024-10-06T04:29:01.178+0000] {processor.py:914} INFO - Processing file /home/airflow/.local/lib/python3.12/site-packages/airflow/example_dags/example_dataset_alias.py for tasks to queue
[2024-10-06T04:29:01.184+0000] {logging_mixin.py:190} INFO - [2024-10-06T04:29:01.184+0000] {dagbag.py:588} INFO - Filling up the DagBag from /home/airflow/.local/lib/python3.12/site-packages/airflow/example_dags/example_dataset_alias.py
[2024-10-06T04:29:01.564+0000] {processor.py:925} INFO - DAG(s) 'dataset_alias_example_alias_consumer', 'dataset_s3_bucket_producer', 'dataset_s3_bucket_consumer', 'dataset_alias_example_alias_producer' retrieved from /home/airflow/.local/lib/python3.12/site-packages/airflow/example_dags/example_dataset_alias.py
[2024-10-06T04:29:01.609+0000] {logging_mixin.py:190} INFO - [2024-10-06T04:29:01.608+0000] {dag.py:3239} INFO - Sync 4 DAGs
[2024-10-06T04:29:01.654+0000] {logging_mixin.py:190} INFO - [2024-10-06T04:29:01.653+0000] {dag.py:4180} INFO - Setting next_dagrun for dataset_alias_example_alias_consumer to None, run_after=None
[2024-10-06T04:29:01.662+0000] {logging_mixin.py:190} INFO - [2024-10-06T04:29:01.662+0000] {dag.py:4180} INFO - Setting next_dagrun for dataset_alias_example_alias_producer to None, run_after=None
[2024-10-06T04:29:01.664+0000] {logging_mixin.py:190} INFO - [2024-10-06T04:29:01.664+0000] {dag.py:4180} INFO - Setting next_dagrun for dataset_s3_bucket_consumer to None, run_after=None
[2024-10-06T04:29:01.667+0000] {logging_mixin.py:190} INFO - [2024-10-06T04:29:01.666+0000] {dag.py:4180} INFO - Setting next_dagrun for dataset_s3_bucket_producer to None, run_after=None
[2024-10-06T04:29:01.703+0000] {processor.py:208} INFO - Processing /home/airflow/.local/lib/python3.12/site-packages/airflow/example_dags/example_dataset_alias.py took 0.584 seconds
[2024-10-06T04:29:32.039+0000] {processor.py:186} INFO - Started process (PID=1294) to work on /home/airflow/.local/lib/python3.12/site-packages/airflow/example_dags/example_dataset_alias.py
[2024-10-06T04:29:32.041+0000] {processor.py:914} INFO - Processing file /home/airflow/.local/lib/python3.12/site-packages/airflow/example_dags/example_dataset_alias.py for tasks to queue
[2024-10-06T04:29:32.045+0000] {logging_mixin.py:190} INFO - [2024-10-06T04:29:32.044+0000] {dagbag.py:588} INFO - Filling up the DagBag from /home/airflow/.local/lib/python3.12/site-packages/airflow/example_dags/example_dataset_alias.py
[2024-10-06T04:29:32.244+0000] {processor.py:925} INFO - DAG(s) 'dataset_alias_example_alias_consumer', 'dataset_s3_bucket_consumer', 'dataset_s3_bucket_producer', 'dataset_alias_example_alias_producer' retrieved from /home/airflow/.local/lib/python3.12/site-packages/airflow/example_dags/example_dataset_alias.py
[2024-10-06T04:29:32.279+0000] {logging_mixin.py:190} INFO - [2024-10-06T04:29:32.279+0000] {dag.py:3239} INFO - Sync 4 DAGs
[2024-10-06T04:29:32.312+0000] {logging_mixin.py:190} INFO - [2024-10-06T04:29:32.312+0000] {dag.py:4180} INFO - Setting next_dagrun for dataset_alias_example_alias_consumer to None, run_after=None
[2024-10-06T04:29:32.315+0000] {logging_mixin.py:190} INFO - [2024-10-06T04:29:32.315+0000] {dag.py:4180} INFO - Setting next_dagrun for dataset_alias_example_alias_producer to None, run_after=None
[2024-10-06T04:29:32.317+0000] {logging_mixin.py:190} INFO - [2024-10-06T04:29:32.317+0000] {dag.py:4180} INFO - Setting next_dagrun for dataset_s3_bucket_consumer to None, run_after=None
[2024-10-06T04:29:32.319+0000] {logging_mixin.py:190} INFO - [2024-10-06T04:29:32.319+0000] {dag.py:4180} INFO - Setting next_dagrun for dataset_s3_bucket_producer to None, run_after=None
[2024-10-06T04:29:32.345+0000] {processor.py:208} INFO - Processing /home/airflow/.local/lib/python3.12/site-packages/airflow/example_dags/example_dataset_alias.py took 0.315 seconds
[2024-10-06T04:30:02.618+0000] {processor.py:186} INFO - Started process (PID=1356) to work on /home/airflow/.local/lib/python3.12/site-packages/airflow/example_dags/example_dataset_alias.py
[2024-10-06T04:30:02.623+0000] {processor.py:914} INFO - Processing file /home/airflow/.local/lib/python3.12/site-packages/airflow/example_dags/example_dataset_alias.py for tasks to queue
[2024-10-06T04:30:02.628+0000] {logging_mixin.py:190} INFO - [2024-10-06T04:30:02.627+0000] {dagbag.py:588} INFO - Filling up the DagBag from /home/airflow/.local/lib/python3.12/site-packages/airflow/example_dags/example_dataset_alias.py
[2024-10-06T04:30:02.950+0000] {processor.py:925} INFO - DAG(s) 'dataset_s3_bucket_consumer', 'dataset_s3_bucket_producer', 'dataset_alias_example_alias_consumer', 'dataset_alias_example_alias_producer' retrieved from /home/airflow/.local/lib/python3.12/site-packages/airflow/example_dags/example_dataset_alias.py
[2024-10-06T04:30:03.370+0000] {logging_mixin.py:190} INFO - [2024-10-06T04:30:03.369+0000] {dag.py:3239} INFO - Sync 4 DAGs
[2024-10-06T04:30:03.431+0000] {logging_mixin.py:190} INFO - [2024-10-06T04:30:03.430+0000] {dag.py:4180} INFO - Setting next_dagrun for dataset_alias_example_alias_consumer to None, run_after=None
[2024-10-06T04:30:03.436+0000] {logging_mixin.py:190} INFO - [2024-10-06T04:30:03.435+0000] {dag.py:4180} INFO - Setting next_dagrun for dataset_alias_example_alias_producer to None, run_after=None
[2024-10-06T04:30:03.441+0000] {logging_mixin.py:190} INFO - [2024-10-06T04:30:03.440+0000] {dag.py:4180} INFO - Setting next_dagrun for dataset_s3_bucket_consumer to None, run_after=None
[2024-10-06T04:30:03.444+0000] {logging_mixin.py:190} INFO - [2024-10-06T04:30:03.443+0000] {dag.py:4180} INFO - Setting next_dagrun for dataset_s3_bucket_producer to None, run_after=None
[2024-10-06T04:30:03.516+0000] {processor.py:208} INFO - Processing /home/airflow/.local/lib/python3.12/site-packages/airflow/example_dags/example_dataset_alias.py took 0.922 seconds
[2024-10-06T04:30:34.168+0000] {processor.py:186} INFO - Started process (PID=1418) to work on /home/airflow/.local/lib/python3.12/site-packages/airflow/example_dags/example_dataset_alias.py
[2024-10-06T04:30:34.170+0000] {processor.py:914} INFO - Processing file /home/airflow/.local/lib/python3.12/site-packages/airflow/example_dags/example_dataset_alias.py for tasks to queue
[2024-10-06T04:30:34.174+0000] {logging_mixin.py:190} INFO - [2024-10-06T04:30:34.173+0000] {dagbag.py:588} INFO - Filling up the DagBag from /home/airflow/.local/lib/python3.12/site-packages/airflow/example_dags/example_dataset_alias.py
[2024-10-06T04:30:34.375+0000] {processor.py:925} INFO - DAG(s) 'dataset_s3_bucket_consumer', 'dataset_alias_example_alias_consumer', 'dataset_s3_bucket_producer', 'dataset_alias_example_alias_producer' retrieved from /home/airflow/.local/lib/python3.12/site-packages/airflow/example_dags/example_dataset_alias.py
[2024-10-06T04:30:34.411+0000] {logging_mixin.py:190} INFO - [2024-10-06T04:30:34.411+0000] {dag.py:3239} INFO - Sync 4 DAGs
[2024-10-06T04:30:34.737+0000] {logging_mixin.py:190} INFO - [2024-10-06T04:30:34.736+0000] {dag.py:4180} INFO - Setting next_dagrun for dataset_alias_example_alias_consumer to None, run_after=None
[2024-10-06T04:30:34.747+0000] {logging_mixin.py:190} INFO - [2024-10-06T04:30:34.745+0000] {dag.py:4180} INFO - Setting next_dagrun for dataset_alias_example_alias_producer to None, run_after=None
[2024-10-06T04:30:34.754+0000] {logging_mixin.py:190} INFO - [2024-10-06T04:30:34.754+0000] {dag.py:4180} INFO - Setting next_dagrun for dataset_s3_bucket_consumer to None, run_after=None
[2024-10-06T04:30:34.758+0000] {logging_mixin.py:190} INFO - [2024-10-06T04:30:34.758+0000] {dag.py:4180} INFO - Setting next_dagrun for dataset_s3_bucket_producer to None, run_after=None
[2024-10-06T04:30:34.797+0000] {processor.py:208} INFO - Processing /home/airflow/.local/lib/python3.12/site-packages/airflow/example_dags/example_dataset_alias.py took 0.640 seconds
[2024-10-06T04:31:05.687+0000] {processor.py:186} INFO - Started process (PID=1480) to work on /home/airflow/.local/lib/python3.12/site-packages/airflow/example_dags/example_dataset_alias.py
[2024-10-06T04:31:05.690+0000] {processor.py:914} INFO - Processing file /home/airflow/.local/lib/python3.12/site-packages/airflow/example_dags/example_dataset_alias.py for tasks to queue
[2024-10-06T04:31:05.694+0000] {logging_mixin.py:190} INFO - [2024-10-06T04:31:05.693+0000] {dagbag.py:588} INFO - Filling up the DagBag from /home/airflow/.local/lib/python3.12/site-packages/airflow/example_dags/example_dataset_alias.py
[2024-10-06T04:31:05.953+0000] {processor.py:925} INFO - DAG(s) 'dataset_alias_example_alias_producer', 'dataset_s3_bucket_producer', 'dataset_alias_example_alias_consumer', 'dataset_s3_bucket_consumer' retrieved from /home/airflow/.local/lib/python3.12/site-packages/airflow/example_dags/example_dataset_alias.py
[2024-10-06T04:31:05.986+0000] {logging_mixin.py:190} INFO - [2024-10-06T04:31:05.985+0000] {dag.py:3239} INFO - Sync 4 DAGs
[2024-10-06T04:31:06.310+0000] {logging_mixin.py:190} INFO - [2024-10-06T04:31:06.310+0000] {dag.py:4180} INFO - Setting next_dagrun for dataset_alias_example_alias_consumer to None, run_after=None
[2024-10-06T04:31:06.314+0000] {logging_mixin.py:190} INFO - [2024-10-06T04:31:06.313+0000] {dag.py:4180} INFO - Setting next_dagrun for dataset_alias_example_alias_producer to None, run_after=None
[2024-10-06T04:31:06.316+0000] {logging_mixin.py:190} INFO - [2024-10-06T04:31:06.315+0000] {dag.py:4180} INFO - Setting next_dagrun for dataset_s3_bucket_consumer to None, run_after=None
[2024-10-06T04:31:06.318+0000] {logging_mixin.py:190} INFO - [2024-10-06T04:31:06.318+0000] {dag.py:4180} INFO - Setting next_dagrun for dataset_s3_bucket_producer to None, run_after=None
[2024-10-06T04:31:06.350+0000] {processor.py:208} INFO - Processing /home/airflow/.local/lib/python3.12/site-packages/airflow/example_dags/example_dataset_alias.py took 0.675 seconds
[2024-10-06T04:31:36.831+0000] {processor.py:186} INFO - Started process (PID=1542) to work on /home/airflow/.local/lib/python3.12/site-packages/airflow/example_dags/example_dataset_alias.py
[2024-10-06T04:31:36.832+0000] {processor.py:914} INFO - Processing file /home/airflow/.local/lib/python3.12/site-packages/airflow/example_dags/example_dataset_alias.py for tasks to queue
[2024-10-06T04:31:36.837+0000] {logging_mixin.py:190} INFO - [2024-10-06T04:31:36.836+0000] {dagbag.py:588} INFO - Filling up the DagBag from /home/airflow/.local/lib/python3.12/site-packages/airflow/example_dags/example_dataset_alias.py
[2024-10-06T04:31:37.437+0000] {processor.py:925} INFO - DAG(s) 'dataset_s3_bucket_consumer', 'dataset_alias_example_alias_producer', 'dataset_alias_example_alias_consumer', 'dataset_s3_bucket_producer' retrieved from /home/airflow/.local/lib/python3.12/site-packages/airflow/example_dags/example_dataset_alias.py
[2024-10-06T04:31:37.475+0000] {logging_mixin.py:190} INFO - [2024-10-06T04:31:37.475+0000] {dag.py:3239} INFO - Sync 4 DAGs
[2024-10-06T04:31:37.516+0000] {logging_mixin.py:190} INFO - [2024-10-06T04:31:37.515+0000] {dag.py:4180} INFO - Setting next_dagrun for dataset_alias_example_alias_consumer to None, run_after=None
[2024-10-06T04:31:37.521+0000] {logging_mixin.py:190} INFO - [2024-10-06T04:31:37.521+0000] {dag.py:4180} INFO - Setting next_dagrun for dataset_alias_example_alias_producer to None, run_after=None
[2024-10-06T04:31:37.524+0000] {logging_mixin.py:190} INFO - [2024-10-06T04:31:37.523+0000] {dag.py:4180} INFO - Setting next_dagrun for dataset_s3_bucket_consumer to None, run_after=None
[2024-10-06T04:31:37.526+0000] {logging_mixin.py:190} INFO - [2024-10-06T04:31:37.526+0000] {dag.py:4180} INFO - Setting next_dagrun for dataset_s3_bucket_producer to None, run_after=None
[2024-10-06T04:31:37.567+0000] {processor.py:208} INFO - Processing /home/airflow/.local/lib/python3.12/site-packages/airflow/example_dags/example_dataset_alias.py took 0.747 seconds
[2024-10-06T04:32:07.875+0000] {processor.py:186} INFO - Started process (PID=1606) to work on /home/airflow/.local/lib/python3.12/site-packages/airflow/example_dags/example_dataset_alias.py
[2024-10-06T04:32:07.876+0000] {processor.py:914} INFO - Processing file /home/airflow/.local/lib/python3.12/site-packages/airflow/example_dags/example_dataset_alias.py for tasks to queue
[2024-10-06T04:32:07.881+0000] {logging_mixin.py:190} INFO - [2024-10-06T04:32:07.880+0000] {dagbag.py:588} INFO - Filling up the DagBag from /home/airflow/.local/lib/python3.12/site-packages/airflow/example_dags/example_dataset_alias.py
[2024-10-06T04:32:08.375+0000] {processor.py:925} INFO - DAG(s) 'dataset_s3_bucket_producer', 'dataset_alias_example_alias_producer', 'dataset_s3_bucket_consumer', 'dataset_alias_example_alias_consumer' retrieved from /home/airflow/.local/lib/python3.12/site-packages/airflow/example_dags/example_dataset_alias.py
[2024-10-06T04:32:08.414+0000] {logging_mixin.py:190} INFO - [2024-10-06T04:32:08.413+0000] {dag.py:3239} INFO - Sync 4 DAGs
[2024-10-06T04:32:08.444+0000] {logging_mixin.py:190} INFO - [2024-10-06T04:32:08.444+0000] {dag.py:4180} INFO - Setting next_dagrun for dataset_alias_example_alias_consumer to None, run_after=None
[2024-10-06T04:32:08.448+0000] {logging_mixin.py:190} INFO - [2024-10-06T04:32:08.448+0000] {dag.py:4180} INFO - Setting next_dagrun for dataset_alias_example_alias_producer to None, run_after=None
[2024-10-06T04:32:08.450+0000] {logging_mixin.py:190} INFO - [2024-10-06T04:32:08.450+0000] {dag.py:4180} INFO - Setting next_dagrun for dataset_s3_bucket_consumer to None, run_after=None
[2024-10-06T04:32:08.452+0000] {logging_mixin.py:190} INFO - [2024-10-06T04:32:08.451+0000] {dag.py:4180} INFO - Setting next_dagrun for dataset_s3_bucket_producer to None, run_after=None
[2024-10-06T04:32:08.479+0000] {processor.py:208} INFO - Processing /home/airflow/.local/lib/python3.12/site-packages/airflow/example_dags/example_dataset_alias.py took 0.615 seconds
[2024-10-06T04:32:39.025+0000] {processor.py:186} INFO - Started process (PID=1667) to work on /home/airflow/.local/lib/python3.12/site-packages/airflow/example_dags/example_dataset_alias.py
[2024-10-06T04:32:39.026+0000] {processor.py:914} INFO - Processing file /home/airflow/.local/lib/python3.12/site-packages/airflow/example_dags/example_dataset_alias.py for tasks to queue
[2024-10-06T04:32:39.030+0000] {logging_mixin.py:190} INFO - [2024-10-06T04:32:39.029+0000] {dagbag.py:588} INFO - Filling up the DagBag from /home/airflow/.local/lib/python3.12/site-packages/airflow/example_dags/example_dataset_alias.py
[2024-10-06T04:32:39.482+0000] {processor.py:925} INFO - DAG(s) 'dataset_s3_bucket_consumer', 'dataset_alias_example_alias_producer', 'dataset_alias_example_alias_consumer', 'dataset_s3_bucket_producer' retrieved from /home/airflow/.local/lib/python3.12/site-packages/airflow/example_dags/example_dataset_alias.py
[2024-10-06T04:32:39.509+0000] {logging_mixin.py:190} INFO - [2024-10-06T04:32:39.509+0000] {dag.py:3239} INFO - Sync 4 DAGs
[2024-10-06T04:32:39.536+0000] {logging_mixin.py:190} INFO - [2024-10-06T04:32:39.536+0000] {dag.py:4180} INFO - Setting next_dagrun for dataset_alias_example_alias_consumer to None, run_after=None
[2024-10-06T04:32:39.540+0000] {logging_mixin.py:190} INFO - [2024-10-06T04:32:39.540+0000] {dag.py:4180} INFO - Setting next_dagrun for dataset_alias_example_alias_producer to None, run_after=None
[2024-10-06T04:32:39.542+0000] {logging_mixin.py:190} INFO - [2024-10-06T04:32:39.542+0000] {dag.py:4180} INFO - Setting next_dagrun for dataset_s3_bucket_consumer to None, run_after=None
[2024-10-06T04:32:39.543+0000] {logging_mixin.py:190} INFO - [2024-10-06T04:32:39.543+0000] {dag.py:4180} INFO - Setting next_dagrun for dataset_s3_bucket_producer to None, run_after=None
[2024-10-06T04:32:39.564+0000] {processor.py:208} INFO - Processing /home/airflow/.local/lib/python3.12/site-packages/airflow/example_dags/example_dataset_alias.py took 0.547 seconds
[2024-10-06T04:35:07.546+0000] {processor.py:186} INFO - Started process (PID=32) to work on /home/airflow/.local/lib/python3.12/site-packages/airflow/example_dags/example_dataset_alias.py
[2024-10-06T04:35:07.556+0000] {processor.py:914} INFO - Processing file /home/airflow/.local/lib/python3.12/site-packages/airflow/example_dags/example_dataset_alias.py for tasks to queue
[2024-10-06T04:35:07.561+0000] {logging_mixin.py:190} INFO - [2024-10-06T04:35:07.560+0000] {dagbag.py:588} INFO - Filling up the DagBag from /home/airflow/.local/lib/python3.12/site-packages/airflow/example_dags/example_dataset_alias.py
[2024-10-06T04:35:09.577+0000] {processor.py:925} INFO - DAG(s) 'dataset_alias_example_alias_producer', 'dataset_alias_example_alias_consumer', 'dataset_s3_bucket_consumer', 'dataset_s3_bucket_producer' retrieved from /home/airflow/.local/lib/python3.12/site-packages/airflow/example_dags/example_dataset_alias.py
[2024-10-06T04:35:09.725+0000] {logging_mixin.py:190} INFO - [2024-10-06T04:35:09.724+0000] {dag.py:3239} INFO - Sync 4 DAGs
[2024-10-06T04:35:09.837+0000] {logging_mixin.py:190} INFO - [2024-10-06T04:35:09.837+0000] {dag.py:4180} INFO - Setting next_dagrun for dataset_alias_example_alias_consumer to None, run_after=None
[2024-10-06T04:35:09.842+0000] {logging_mixin.py:190} INFO - [2024-10-06T04:35:09.842+0000] {dag.py:4180} INFO - Setting next_dagrun for dataset_alias_example_alias_producer to None, run_after=None
[2024-10-06T04:35:09.845+0000] {logging_mixin.py:190} INFO - [2024-10-06T04:35:09.844+0000] {dag.py:4180} INFO - Setting next_dagrun for dataset_s3_bucket_consumer to None, run_after=None
[2024-10-06T04:35:09.849+0000] {logging_mixin.py:190} INFO - [2024-10-06T04:35:09.848+0000] {dag.py:4180} INFO - Setting next_dagrun for dataset_s3_bucket_producer to None, run_after=None
[2024-10-06T04:35:09.950+0000] {processor.py:208} INFO - Processing /home/airflow/.local/lib/python3.12/site-packages/airflow/example_dags/example_dataset_alias.py took 2.428 seconds
[2024-10-06T04:35:40.379+0000] {processor.py:186} INFO - Started process (PID=105) to work on /home/airflow/.local/lib/python3.12/site-packages/airflow/example_dags/example_dataset_alias.py
[2024-10-06T04:35:40.380+0000] {processor.py:914} INFO - Processing file /home/airflow/.local/lib/python3.12/site-packages/airflow/example_dags/example_dataset_alias.py for tasks to queue
[2024-10-06T04:35:40.385+0000] {logging_mixin.py:190} INFO - [2024-10-06T04:35:40.385+0000] {dagbag.py:588} INFO - Filling up the DagBag from /home/airflow/.local/lib/python3.12/site-packages/airflow/example_dags/example_dataset_alias.py
[2024-10-06T04:35:40.689+0000] {processor.py:925} INFO - DAG(s) 'dataset_alias_example_alias_consumer', 'dataset_s3_bucket_consumer', 'dataset_s3_bucket_producer', 'dataset_alias_example_alias_producer' retrieved from /home/airflow/.local/lib/python3.12/site-packages/airflow/example_dags/example_dataset_alias.py
[2024-10-06T04:35:40.727+0000] {logging_mixin.py:190} INFO - [2024-10-06T04:35:40.727+0000] {dag.py:3239} INFO - Sync 4 DAGs
[2024-10-06T04:35:40.764+0000] {logging_mixin.py:190} INFO - [2024-10-06T04:35:40.764+0000] {dag.py:4180} INFO - Setting next_dagrun for dataset_alias_example_alias_consumer to None, run_after=None
[2024-10-06T04:35:40.768+0000] {logging_mixin.py:190} INFO - [2024-10-06T04:35:40.768+0000] {dag.py:4180} INFO - Setting next_dagrun for dataset_alias_example_alias_producer to None, run_after=None
[2024-10-06T04:35:40.770+0000] {logging_mixin.py:190} INFO - [2024-10-06T04:35:40.770+0000] {dag.py:4180} INFO - Setting next_dagrun for dataset_s3_bucket_consumer to None, run_after=None
[2024-10-06T04:35:40.771+0000] {logging_mixin.py:190} INFO - [2024-10-06T04:35:40.771+0000] {dag.py:4180} INFO - Setting next_dagrun for dataset_s3_bucket_producer to None, run_after=None
[2024-10-06T04:35:40.801+0000] {processor.py:208} INFO - Processing /home/airflow/.local/lib/python3.12/site-packages/airflow/example_dags/example_dataset_alias.py took 0.431 seconds
[2024-10-06T04:36:11.054+0000] {processor.py:186} INFO - Started process (PID=166) to work on /home/airflow/.local/lib/python3.12/site-packages/airflow/example_dags/example_dataset_alias.py
[2024-10-06T04:36:11.056+0000] {processor.py:914} INFO - Processing file /home/airflow/.local/lib/python3.12/site-packages/airflow/example_dags/example_dataset_alias.py for tasks to queue
[2024-10-06T04:36:11.061+0000] {logging_mixin.py:190} INFO - [2024-10-06T04:36:11.061+0000] {dagbag.py:588} INFO - Filling up the DagBag from /home/airflow/.local/lib/python3.12/site-packages/airflow/example_dags/example_dataset_alias.py
[2024-10-06T04:36:11.295+0000] {processor.py:925} INFO - DAG(s) 'dataset_s3_bucket_producer', 'dataset_alias_example_alias_producer', 'dataset_s3_bucket_consumer', 'dataset_alias_example_alias_consumer' retrieved from /home/airflow/.local/lib/python3.12/site-packages/airflow/example_dags/example_dataset_alias.py
[2024-10-06T04:36:11.336+0000] {logging_mixin.py:190} INFO - [2024-10-06T04:36:11.336+0000] {dag.py:3239} INFO - Sync 4 DAGs
[2024-10-06T04:36:11.369+0000] {logging_mixin.py:190} INFO - [2024-10-06T04:36:11.369+0000] {dag.py:4180} INFO - Setting next_dagrun for dataset_alias_example_alias_consumer to None, run_after=None
[2024-10-06T04:36:11.373+0000] {logging_mixin.py:190} INFO - [2024-10-06T04:36:11.373+0000] {dag.py:4180} INFO - Setting next_dagrun for dataset_alias_example_alias_producer to None, run_after=None
[2024-10-06T04:36:11.375+0000] {logging_mixin.py:190} INFO - [2024-10-06T04:36:11.375+0000] {dag.py:4180} INFO - Setting next_dagrun for dataset_s3_bucket_consumer to None, run_after=None
[2024-10-06T04:36:11.377+0000] {logging_mixin.py:190} INFO - [2024-10-06T04:36:11.376+0000] {dag.py:4180} INFO - Setting next_dagrun for dataset_s3_bucket_producer to None, run_after=None
[2024-10-06T04:36:11.405+0000] {processor.py:208} INFO - Processing /home/airflow/.local/lib/python3.12/site-packages/airflow/example_dags/example_dataset_alias.py took 0.361 seconds
[2024-10-06T04:36:42.092+0000] {processor.py:186} INFO - Started process (PID=228) to work on /home/airflow/.local/lib/python3.12/site-packages/airflow/example_dags/example_dataset_alias.py
[2024-10-06T04:36:42.093+0000] {processor.py:914} INFO - Processing file /home/airflow/.local/lib/python3.12/site-packages/airflow/example_dags/example_dataset_alias.py for tasks to queue
[2024-10-06T04:36:42.097+0000] {logging_mixin.py:190} INFO - [2024-10-06T04:36:42.096+0000] {dagbag.py:588} INFO - Filling up the DagBag from /home/airflow/.local/lib/python3.12/site-packages/airflow/example_dags/example_dataset_alias.py
[2024-10-06T04:36:42.283+0000] {processor.py:925} INFO - DAG(s) 'dataset_alias_example_alias_producer', 'dataset_s3_bucket_producer', 'dataset_s3_bucket_consumer', 'dataset_alias_example_alias_consumer' retrieved from /home/airflow/.local/lib/python3.12/site-packages/airflow/example_dags/example_dataset_alias.py
[2024-10-06T04:36:42.316+0000] {logging_mixin.py:190} INFO - [2024-10-06T04:36:42.316+0000] {dag.py:3239} INFO - Sync 4 DAGs
[2024-10-06T04:36:42.351+0000] {logging_mixin.py:190} INFO - [2024-10-06T04:36:42.351+0000] {dag.py:4180} INFO - Setting next_dagrun for dataset_alias_example_alias_consumer to None, run_after=None
[2024-10-06T04:36:42.356+0000] {logging_mixin.py:190} INFO - [2024-10-06T04:36:42.356+0000] {dag.py:4180} INFO - Setting next_dagrun for dataset_alias_example_alias_producer to None, run_after=None
[2024-10-06T04:36:42.358+0000] {logging_mixin.py:190} INFO - [2024-10-06T04:36:42.358+0000] {dag.py:4180} INFO - Setting next_dagrun for dataset_s3_bucket_consumer to None, run_after=None
[2024-10-06T04:36:42.360+0000] {logging_mixin.py:190} INFO - [2024-10-06T04:36:42.359+0000] {dag.py:4180} INFO - Setting next_dagrun for dataset_s3_bucket_producer to None, run_after=None
[2024-10-06T04:36:42.388+0000] {processor.py:208} INFO - Processing /home/airflow/.local/lib/python3.12/site-packages/airflow/example_dags/example_dataset_alias.py took 0.305 seconds
[2024-10-06T04:37:12.505+0000] {processor.py:186} INFO - Started process (PID=290) to work on /home/airflow/.local/lib/python3.12/site-packages/airflow/example_dags/example_dataset_alias.py
[2024-10-06T04:37:12.507+0000] {processor.py:914} INFO - Processing file /home/airflow/.local/lib/python3.12/site-packages/airflow/example_dags/example_dataset_alias.py for tasks to queue
[2024-10-06T04:37:12.510+0000] {logging_mixin.py:190} INFO - [2024-10-06T04:37:12.510+0000] {dagbag.py:588} INFO - Filling up the DagBag from /home/airflow/.local/lib/python3.12/site-packages/airflow/example_dags/example_dataset_alias.py
[2024-10-06T04:37:12.706+0000] {processor.py:925} INFO - DAG(s) 'dataset_s3_bucket_producer', 'dataset_alias_example_alias_producer', 'dataset_alias_example_alias_consumer', 'dataset_s3_bucket_consumer' retrieved from /home/airflow/.local/lib/python3.12/site-packages/airflow/example_dags/example_dataset_alias.py
[2024-10-06T04:37:12.745+0000] {logging_mixin.py:190} INFO - [2024-10-06T04:37:12.745+0000] {dag.py:3239} INFO - Sync 4 DAGs
[2024-10-06T04:37:12.788+0000] {logging_mixin.py:190} INFO - [2024-10-06T04:37:12.788+0000] {dag.py:4180} INFO - Setting next_dagrun for dataset_alias_example_alias_consumer to None, run_after=None
[2024-10-06T04:37:12.793+0000] {logging_mixin.py:190} INFO - [2024-10-06T04:37:12.792+0000] {dag.py:4180} INFO - Setting next_dagrun for dataset_alias_example_alias_producer to None, run_after=None
[2024-10-06T04:37:12.806+0000] {logging_mixin.py:190} INFO - [2024-10-06T04:37:12.806+0000] {dag.py:4180} INFO - Setting next_dagrun for dataset_s3_bucket_consumer to None, run_after=None
[2024-10-06T04:37:12.808+0000] {logging_mixin.py:190} INFO - [2024-10-06T04:37:12.808+0000] {dag.py:4180} INFO - Setting next_dagrun for dataset_s3_bucket_producer to None, run_after=None
[2024-10-06T04:37:12.844+0000] {processor.py:208} INFO - Processing /home/airflow/.local/lib/python3.12/site-packages/airflow/example_dags/example_dataset_alias.py took 0.349 seconds
[2024-10-06T04:39:05.000+0000] {processor.py:186} INFO - Started process (PID=33) to work on /home/airflow/.local/lib/python3.12/site-packages/airflow/example_dags/example_dataset_alias.py
[2024-10-06T04:39:05.002+0000] {processor.py:914} INFO - Processing file /home/airflow/.local/lib/python3.12/site-packages/airflow/example_dags/example_dataset_alias.py for tasks to queue
[2024-10-06T04:39:05.005+0000] {logging_mixin.py:190} INFO - [2024-10-06T04:39:05.005+0000] {dagbag.py:588} INFO - Filling up the DagBag from /home/airflow/.local/lib/python3.12/site-packages/airflow/example_dags/example_dataset_alias.py
[2024-10-06T04:39:06.491+0000] {processor.py:925} INFO - DAG(s) 'dataset_s3_bucket_producer', 'dataset_alias_example_alias_producer', 'dataset_s3_bucket_consumer', 'dataset_alias_example_alias_consumer' retrieved from /home/airflow/.local/lib/python3.12/site-packages/airflow/example_dags/example_dataset_alias.py
[2024-10-06T04:39:06.921+0000] {logging_mixin.py:190} INFO - [2024-10-06T04:39:06.920+0000] {override.py:1900} INFO - Created Permission View: can read on DAG:dataset_s3_bucket_producer
[2024-10-06T04:39:06.950+0000] {logging_mixin.py:190} INFO - [2024-10-06T04:39:06.950+0000] {override.py:1900} INFO - Created Permission View: can edit on DAG:dataset_s3_bucket_producer
[2024-10-06T04:39:06.963+0000] {logging_mixin.py:190} INFO - [2024-10-06T04:39:06.963+0000] {override.py:1900} INFO - Created Permission View: can delete on DAG:dataset_s3_bucket_producer
[2024-10-06T04:39:06.985+0000] {logging_mixin.py:190} INFO - [2024-10-06T04:39:06.984+0000] {override.py:1900} INFO - Created Permission View: menu access on DAG Run:dataset_s3_bucket_producer
[2024-10-06T04:39:06.998+0000] {logging_mixin.py:190} INFO - [2024-10-06T04:39:06.997+0000] {override.py:1900} INFO - Created Permission View: can read on DAG Run:dataset_s3_bucket_producer
[2024-10-06T04:39:07.017+0000] {logging_mixin.py:190} INFO - [2024-10-06T04:39:07.016+0000] {override.py:1900} INFO - Created Permission View: can create on DAG Run:dataset_s3_bucket_producer
[2024-10-06T04:39:07.032+0000] {logging_mixin.py:190} INFO - [2024-10-06T04:39:07.032+0000] {override.py:1900} INFO - Created Permission View: can delete on DAG Run:dataset_s3_bucket_producer
[2024-10-06T04:39:07.095+0000] {logging_mixin.py:190} INFO - [2024-10-06T04:39:07.095+0000] {override.py:1900} INFO - Created Permission View: can read on DAG:dataset_alias_example_alias_producer
[2024-10-06T04:39:07.125+0000] {logging_mixin.py:190} INFO - [2024-10-06T04:39:07.125+0000] {override.py:1900} INFO - Created Permission View: can edit on DAG:dataset_alias_example_alias_producer
[2024-10-06T04:39:07.143+0000] {logging_mixin.py:190} INFO - [2024-10-06T04:39:07.143+0000] {override.py:1900} INFO - Created Permission View: can delete on DAG:dataset_alias_example_alias_producer
[2024-10-06T04:39:07.163+0000] {logging_mixin.py:190} INFO - [2024-10-06T04:39:07.163+0000] {override.py:1900} INFO - Created Permission View: menu access on DAG Run:dataset_alias_example_alias_producer
[2024-10-06T04:39:07.171+0000] {logging_mixin.py:190} INFO - [2024-10-06T04:39:07.171+0000] {override.py:1900} INFO - Created Permission View: can read on DAG Run:dataset_alias_example_alias_producer
[2024-10-06T04:39:07.190+0000] {logging_mixin.py:190} INFO - [2024-10-06T04:39:07.189+0000] {override.py:1900} INFO - Created Permission View: can create on DAG Run:dataset_alias_example_alias_producer
[2024-10-06T04:39:07.208+0000] {logging_mixin.py:190} INFO - [2024-10-06T04:39:07.207+0000] {override.py:1900} INFO - Created Permission View: can delete on DAG Run:dataset_alias_example_alias_producer
[2024-10-06T04:39:07.241+0000] {logging_mixin.py:190} INFO - [2024-10-06T04:39:07.241+0000] {override.py:1900} INFO - Created Permission View: can read on DAG:dataset_s3_bucket_consumer
[2024-10-06T04:39:07.255+0000] {logging_mixin.py:190} INFO - [2024-10-06T04:39:07.254+0000] {override.py:1900} INFO - Created Permission View: can edit on DAG:dataset_s3_bucket_consumer
[2024-10-06T04:39:07.277+0000] {logging_mixin.py:190} INFO - [2024-10-06T04:39:07.277+0000] {override.py:1900} INFO - Created Permission View: can delete on DAG:dataset_s3_bucket_consumer
[2024-10-06T04:39:07.288+0000] {logging_mixin.py:190} INFO - [2024-10-06T04:39:07.287+0000] {override.py:1900} INFO - Created Permission View: menu access on DAG Run:dataset_s3_bucket_consumer
[2024-10-06T04:39:07.297+0000] {logging_mixin.py:190} INFO - [2024-10-06T04:39:07.296+0000] {override.py:1900} INFO - Created Permission View: can read on DAG Run:dataset_s3_bucket_consumer
[2024-10-06T04:39:07.306+0000] {logging_mixin.py:190} INFO - [2024-10-06T04:39:07.305+0000] {override.py:1900} INFO - Created Permission View: can create on DAG Run:dataset_s3_bucket_consumer
[2024-10-06T04:39:07.315+0000] {logging_mixin.py:190} INFO - [2024-10-06T04:39:07.314+0000] {override.py:1900} INFO - Created Permission View: can delete on DAG Run:dataset_s3_bucket_consumer
[2024-10-06T04:39:07.335+0000] {logging_mixin.py:190} INFO - [2024-10-06T04:39:07.335+0000] {override.py:1900} INFO - Created Permission View: can read on DAG:dataset_alias_example_alias_consumer
[2024-10-06T04:39:07.346+0000] {logging_mixin.py:190} INFO - [2024-10-06T04:39:07.346+0000] {override.py:1900} INFO - Created Permission View: can edit on DAG:dataset_alias_example_alias_consumer
[2024-10-06T04:39:07.357+0000] {logging_mixin.py:190} INFO - [2024-10-06T04:39:07.356+0000] {override.py:1900} INFO - Created Permission View: can delete on DAG:dataset_alias_example_alias_consumer
[2024-10-06T04:39:07.368+0000] {logging_mixin.py:190} INFO - [2024-10-06T04:39:07.368+0000] {override.py:1900} INFO - Created Permission View: menu access on DAG Run:dataset_alias_example_alias_consumer
[2024-10-06T04:39:07.380+0000] {logging_mixin.py:190} INFO - [2024-10-06T04:39:07.379+0000] {override.py:1900} INFO - Created Permission View: can read on DAG Run:dataset_alias_example_alias_consumer
[2024-10-06T04:39:07.390+0000] {logging_mixin.py:190} INFO - [2024-10-06T04:39:07.389+0000] {override.py:1900} INFO - Created Permission View: can create on DAG Run:dataset_alias_example_alias_consumer
[2024-10-06T04:39:07.401+0000] {logging_mixin.py:190} INFO - [2024-10-06T04:39:07.400+0000] {override.py:1900} INFO - Created Permission View: can delete on DAG Run:dataset_alias_example_alias_consumer
[2024-10-06T04:39:07.401+0000] {logging_mixin.py:190} INFO - [2024-10-06T04:39:07.401+0000] {dag.py:3239} INFO - Sync 4 DAGs
[2024-10-06T04:39:07.428+0000] {logging_mixin.py:190} INFO - [2024-10-06T04:39:07.427+0000] {dag.py:3262} INFO - Creating ORM DAG for dataset_alias_example_alias_producer
[2024-10-06T04:39:07.429+0000] {logging_mixin.py:190} INFO - [2024-10-06T04:39:07.429+0000] {dag.py:3262} INFO - Creating ORM DAG for dataset_alias_example_alias_consumer
[2024-10-06T04:39:07.430+0000] {logging_mixin.py:190} INFO - [2024-10-06T04:39:07.430+0000] {dag.py:3262} INFO - Creating ORM DAG for dataset_s3_bucket_producer
[2024-10-06T04:39:07.431+0000] {logging_mixin.py:190} INFO - [2024-10-06T04:39:07.431+0000] {dag.py:3262} INFO - Creating ORM DAG for dataset_s3_bucket_consumer
[2024-10-06T04:39:07.448+0000] {logging_mixin.py:190} INFO - [2024-10-06T04:39:07.447+0000] {dag.py:4180} INFO - Setting next_dagrun for dataset_alias_example_alias_consumer to None, run_after=None
[2024-10-06T04:39:07.449+0000] {logging_mixin.py:190} INFO - [2024-10-06T04:39:07.449+0000] {dag.py:4180} INFO - Setting next_dagrun for dataset_alias_example_alias_producer to None, run_after=None
[2024-10-06T04:39:07.450+0000] {logging_mixin.py:190} INFO - [2024-10-06T04:39:07.450+0000] {dag.py:4180} INFO - Setting next_dagrun for dataset_s3_bucket_consumer to None, run_after=None
[2024-10-06T04:39:07.451+0000] {logging_mixin.py:190} INFO - [2024-10-06T04:39:07.450+0000] {dag.py:4180} INFO - Setting next_dagrun for dataset_s3_bucket_producer to None, run_after=None
[2024-10-06T04:39:07.574+0000] {processor.py:208} INFO - Processing /home/airflow/.local/lib/python3.12/site-packages/airflow/example_dags/example_dataset_alias.py took 2.586 seconds
[2024-10-06T04:39:37.652+0000] {processor.py:186} INFO - Started process (PID=104) to work on /home/airflow/.local/lib/python3.12/site-packages/airflow/example_dags/example_dataset_alias.py
[2024-10-06T04:39:37.653+0000] {processor.py:914} INFO - Processing file /home/airflow/.local/lib/python3.12/site-packages/airflow/example_dags/example_dataset_alias.py for tasks to queue
[2024-10-06T04:39:37.657+0000] {logging_mixin.py:190} INFO - [2024-10-06T04:39:37.656+0000] {dagbag.py:588} INFO - Filling up the DagBag from /home/airflow/.local/lib/python3.12/site-packages/airflow/example_dags/example_dataset_alias.py
[2024-10-06T04:39:37.854+0000] {processor.py:925} INFO - DAG(s) 'dataset_s3_bucket_producer', 'dataset_s3_bucket_consumer', 'dataset_alias_example_alias_producer', 'dataset_alias_example_alias_consumer' retrieved from /home/airflow/.local/lib/python3.12/site-packages/airflow/example_dags/example_dataset_alias.py
[2024-10-06T04:39:37.898+0000] {logging_mixin.py:190} INFO - [2024-10-06T04:39:37.898+0000] {dag.py:3239} INFO - Sync 4 DAGs
[2024-10-06T04:39:37.942+0000] {logging_mixin.py:190} INFO - [2024-10-06T04:39:37.942+0000] {dag.py:4180} INFO - Setting next_dagrun for dataset_alias_example_alias_consumer to None, run_after=None
[2024-10-06T04:39:37.947+0000] {logging_mixin.py:190} INFO - [2024-10-06T04:39:37.946+0000] {dag.py:4180} INFO - Setting next_dagrun for dataset_alias_example_alias_producer to None, run_after=None
[2024-10-06T04:39:37.949+0000] {logging_mixin.py:190} INFO - [2024-10-06T04:39:37.949+0000] {dag.py:4180} INFO - Setting next_dagrun for dataset_s3_bucket_consumer to None, run_after=None
[2024-10-06T04:39:37.951+0000] {logging_mixin.py:190} INFO - [2024-10-06T04:39:37.950+0000] {dag.py:4180} INFO - Setting next_dagrun for dataset_s3_bucket_producer to None, run_after=None
[2024-10-06T04:39:37.980+0000] {processor.py:208} INFO - Processing /home/airflow/.local/lib/python3.12/site-packages/airflow/example_dags/example_dataset_alias.py took 0.336 seconds
[2024-10-06T04:40:08.519+0000] {processor.py:186} INFO - Started process (PID=166) to work on /home/airflow/.local/lib/python3.12/site-packages/airflow/example_dags/example_dataset_alias.py
[2024-10-06T04:40:08.520+0000] {processor.py:914} INFO - Processing file /home/airflow/.local/lib/python3.12/site-packages/airflow/example_dags/example_dataset_alias.py for tasks to queue
[2024-10-06T04:40:08.524+0000] {logging_mixin.py:190} INFO - [2024-10-06T04:40:08.523+0000] {dagbag.py:588} INFO - Filling up the DagBag from /home/airflow/.local/lib/python3.12/site-packages/airflow/example_dags/example_dataset_alias.py
[2024-10-06T04:40:08.707+0000] {processor.py:925} INFO - DAG(s) 'dataset_alias_example_alias_producer', 'dataset_s3_bucket_consumer', 'dataset_alias_example_alias_consumer', 'dataset_s3_bucket_producer' retrieved from /home/airflow/.local/lib/python3.12/site-packages/airflow/example_dags/example_dataset_alias.py
[2024-10-06T04:40:08.742+0000] {logging_mixin.py:190} INFO - [2024-10-06T04:40:08.742+0000] {dag.py:3239} INFO - Sync 4 DAGs
[2024-10-06T04:40:08.774+0000] {logging_mixin.py:190} INFO - [2024-10-06T04:40:08.773+0000] {dag.py:4180} INFO - Setting next_dagrun for dataset_alias_example_alias_consumer to None, run_after=None
[2024-10-06T04:40:08.778+0000] {logging_mixin.py:190} INFO - [2024-10-06T04:40:08.777+0000] {dag.py:4180} INFO - Setting next_dagrun for dataset_alias_example_alias_producer to None, run_after=None
[2024-10-06T04:40:08.780+0000] {logging_mixin.py:190} INFO - [2024-10-06T04:40:08.779+0000] {dag.py:4180} INFO - Setting next_dagrun for dataset_s3_bucket_consumer to None, run_after=None
[2024-10-06T04:40:08.781+0000] {logging_mixin.py:190} INFO - [2024-10-06T04:40:08.781+0000] {dag.py:4180} INFO - Setting next_dagrun for dataset_s3_bucket_producer to None, run_after=None
[2024-10-06T04:40:08.810+0000] {processor.py:208} INFO - Processing /home/airflow/.local/lib/python3.12/site-packages/airflow/example_dags/example_dataset_alias.py took 0.299 seconds
[2024-10-06T04:40:39.353+0000] {processor.py:186} INFO - Started process (PID=228) to work on /home/airflow/.local/lib/python3.12/site-packages/airflow/example_dags/example_dataset_alias.py
[2024-10-06T04:40:39.364+0000] {processor.py:914} INFO - Processing file /home/airflow/.local/lib/python3.12/site-packages/airflow/example_dags/example_dataset_alias.py for tasks to queue
[2024-10-06T04:40:39.368+0000] {logging_mixin.py:190} INFO - [2024-10-06T04:40:39.367+0000] {dagbag.py:588} INFO - Filling up the DagBag from /home/airflow/.local/lib/python3.12/site-packages/airflow/example_dags/example_dataset_alias.py
[2024-10-06T04:40:39.612+0000] {processor.py:925} INFO - DAG(s) 'dataset_alias_example_alias_consumer', 'dataset_s3_bucket_consumer', 'dataset_s3_bucket_producer', 'dataset_alias_example_alias_producer' retrieved from /home/airflow/.local/lib/python3.12/site-packages/airflow/example_dags/example_dataset_alias.py
[2024-10-06T04:40:39.638+0000] {logging_mixin.py:190} INFO - [2024-10-06T04:40:39.638+0000] {dag.py:3239} INFO - Sync 4 DAGs
[2024-10-06T04:40:39.672+0000] {logging_mixin.py:190} INFO - [2024-10-06T04:40:39.672+0000] {dag.py:4180} INFO - Setting next_dagrun for dataset_alias_example_alias_consumer to None, run_after=None
[2024-10-06T04:40:39.676+0000] {logging_mixin.py:190} INFO - [2024-10-06T04:40:39.675+0000] {dag.py:4180} INFO - Setting next_dagrun for dataset_alias_example_alias_producer to None, run_after=None
[2024-10-06T04:40:39.677+0000] {logging_mixin.py:190} INFO - [2024-10-06T04:40:39.677+0000] {dag.py:4180} INFO - Setting next_dagrun for dataset_s3_bucket_consumer to None, run_after=None
[2024-10-06T04:40:39.679+0000] {logging_mixin.py:190} INFO - [2024-10-06T04:40:39.679+0000] {dag.py:4180} INFO - Setting next_dagrun for dataset_s3_bucket_producer to None, run_after=None
[2024-10-06T04:40:39.732+0000] {processor.py:208} INFO - Processing /home/airflow/.local/lib/python3.12/site-packages/airflow/example_dags/example_dataset_alias.py took 0.400 seconds
[2024-10-06T04:41:10.600+0000] {processor.py:186} INFO - Started process (PID=290) to work on /home/airflow/.local/lib/python3.12/site-packages/airflow/example_dags/example_dataset_alias.py
[2024-10-06T04:41:10.602+0000] {processor.py:914} INFO - Processing file /home/airflow/.local/lib/python3.12/site-packages/airflow/example_dags/example_dataset_alias.py for tasks to queue
[2024-10-06T04:41:10.606+0000] {logging_mixin.py:190} INFO - [2024-10-06T04:41:10.606+0000] {dagbag.py:588} INFO - Filling up the DagBag from /home/airflow/.local/lib/python3.12/site-packages/airflow/example_dags/example_dataset_alias.py
[2024-10-06T04:41:10.798+0000] {processor.py:925} INFO - DAG(s) 'dataset_s3_bucket_consumer', 'dataset_alias_example_alias_consumer', 'dataset_alias_example_alias_producer', 'dataset_s3_bucket_producer' retrieved from /home/airflow/.local/lib/python3.12/site-packages/airflow/example_dags/example_dataset_alias.py
[2024-10-06T04:41:10.831+0000] {logging_mixin.py:190} INFO - [2024-10-06T04:41:10.831+0000] {dag.py:3239} INFO - Sync 4 DAGs
[2024-10-06T04:41:10.902+0000] {logging_mixin.py:190} INFO - [2024-10-06T04:41:10.901+0000] {dag.py:4180} INFO - Setting next_dagrun for dataset_alias_example_alias_consumer to None, run_after=None
[2024-10-06T04:41:10.905+0000] {logging_mixin.py:190} INFO - [2024-10-06T04:41:10.905+0000] {dag.py:4180} INFO - Setting next_dagrun for dataset_alias_example_alias_producer to None, run_after=None
[2024-10-06T04:41:10.907+0000] {logging_mixin.py:190} INFO - [2024-10-06T04:41:10.907+0000] {dag.py:4180} INFO - Setting next_dagrun for dataset_s3_bucket_consumer to None, run_after=None
[2024-10-06T04:41:10.909+0000] {logging_mixin.py:190} INFO - [2024-10-06T04:41:10.909+0000] {dag.py:4180} INFO - Setting next_dagrun for dataset_s3_bucket_producer to None, run_after=None
[2024-10-06T04:41:10.938+0000] {processor.py:208} INFO - Processing /home/airflow/.local/lib/python3.12/site-packages/airflow/example_dags/example_dataset_alias.py took 0.347 seconds
[2024-10-06T04:41:41.050+0000] {processor.py:186} INFO - Started process (PID=352) to work on /home/airflow/.local/lib/python3.12/site-packages/airflow/example_dags/example_dataset_alias.py
[2024-10-06T04:41:41.052+0000] {processor.py:914} INFO - Processing file /home/airflow/.local/lib/python3.12/site-packages/airflow/example_dags/example_dataset_alias.py for tasks to queue
[2024-10-06T04:41:41.056+0000] {logging_mixin.py:190} INFO - [2024-10-06T04:41:41.055+0000] {dagbag.py:588} INFO - Filling up the DagBag from /home/airflow/.local/lib/python3.12/site-packages/airflow/example_dags/example_dataset_alias.py
[2024-10-06T04:41:41.221+0000] {processor.py:925} INFO - DAG(s) 'dataset_s3_bucket_consumer', 'dataset_s3_bucket_producer', 'dataset_alias_example_alias_consumer', 'dataset_alias_example_alias_producer' retrieved from /home/airflow/.local/lib/python3.12/site-packages/airflow/example_dags/example_dataset_alias.py
[2024-10-06T04:41:41.248+0000] {logging_mixin.py:190} INFO - [2024-10-06T04:41:41.248+0000] {dag.py:3239} INFO - Sync 4 DAGs
[2024-10-06T04:41:41.284+0000] {logging_mixin.py:190} INFO - [2024-10-06T04:41:41.284+0000] {dag.py:4180} INFO - Setting next_dagrun for dataset_alias_example_alias_consumer to None, run_after=None
[2024-10-06T04:41:41.287+0000] {logging_mixin.py:190} INFO - [2024-10-06T04:41:41.287+0000] {dag.py:4180} INFO - Setting next_dagrun for dataset_alias_example_alias_producer to None, run_after=None
[2024-10-06T04:41:41.289+0000] {logging_mixin.py:190} INFO - [2024-10-06T04:41:41.289+0000] {dag.py:4180} INFO - Setting next_dagrun for dataset_s3_bucket_consumer to None, run_after=None
[2024-10-06T04:41:41.290+0000] {logging_mixin.py:190} INFO - [2024-10-06T04:41:41.290+0000] {dag.py:4180} INFO - Setting next_dagrun for dataset_s3_bucket_producer to None, run_after=None
[2024-10-06T04:41:41.316+0000] {processor.py:208} INFO - Processing /home/airflow/.local/lib/python3.12/site-packages/airflow/example_dags/example_dataset_alias.py took 0.281 seconds
[2024-10-06T04:42:11.910+0000] {processor.py:186} INFO - Started process (PID=414) to work on /home/airflow/.local/lib/python3.12/site-packages/airflow/example_dags/example_dataset_alias.py
[2024-10-06T04:42:11.912+0000] {processor.py:914} INFO - Processing file /home/airflow/.local/lib/python3.12/site-packages/airflow/example_dags/example_dataset_alias.py for tasks to queue
[2024-10-06T04:42:11.916+0000] {logging_mixin.py:190} INFO - [2024-10-06T04:42:11.916+0000] {dagbag.py:588} INFO - Filling up the DagBag from /home/airflow/.local/lib/python3.12/site-packages/airflow/example_dags/example_dataset_alias.py
[2024-10-06T04:42:12.089+0000] {processor.py:925} INFO - DAG(s) 'dataset_s3_bucket_producer', 'dataset_alias_example_alias_producer', 'dataset_alias_example_alias_consumer', 'dataset_s3_bucket_consumer' retrieved from /home/airflow/.local/lib/python3.12/site-packages/airflow/example_dags/example_dataset_alias.py
[2024-10-06T04:42:12.115+0000] {logging_mixin.py:190} INFO - [2024-10-06T04:42:12.114+0000] {dag.py:3239} INFO - Sync 4 DAGs
[2024-10-06T04:42:12.145+0000] {logging_mixin.py:190} INFO - [2024-10-06T04:42:12.145+0000] {dag.py:4180} INFO - Setting next_dagrun for dataset_alias_example_alias_consumer to None, run_after=None
[2024-10-06T04:42:12.149+0000] {logging_mixin.py:190} INFO - [2024-10-06T04:42:12.148+0000] {dag.py:4180} INFO - Setting next_dagrun for dataset_alias_example_alias_producer to None, run_after=None
[2024-10-06T04:42:12.151+0000] {logging_mixin.py:190} INFO - [2024-10-06T04:42:12.150+0000] {dag.py:4180} INFO - Setting next_dagrun for dataset_s3_bucket_consumer to None, run_after=None
[2024-10-06T04:42:12.152+0000] {logging_mixin.py:190} INFO - [2024-10-06T04:42:12.152+0000] {dag.py:4180} INFO - Setting next_dagrun for dataset_s3_bucket_producer to None, run_after=None
[2024-10-06T04:42:12.183+0000] {processor.py:208} INFO - Processing /home/airflow/.local/lib/python3.12/site-packages/airflow/example_dags/example_dataset_alias.py took 0.281 seconds
[2024-10-06T04:42:42.403+0000] {processor.py:186} INFO - Started process (PID=476) to work on /home/airflow/.local/lib/python3.12/site-packages/airflow/example_dags/example_dataset_alias.py
[2024-10-06T04:42:42.405+0000] {processor.py:914} INFO - Processing file /home/airflow/.local/lib/python3.12/site-packages/airflow/example_dags/example_dataset_alias.py for tasks to queue
[2024-10-06T04:42:42.409+0000] {logging_mixin.py:190} INFO - [2024-10-06T04:42:42.408+0000] {dagbag.py:588} INFO - Filling up the DagBag from /home/airflow/.local/lib/python3.12/site-packages/airflow/example_dags/example_dataset_alias.py
[2024-10-06T04:42:42.585+0000] {processor.py:925} INFO - DAG(s) 'dataset_s3_bucket_producer', 'dataset_s3_bucket_consumer', 'dataset_alias_example_alias_consumer', 'dataset_alias_example_alias_producer' retrieved from /home/airflow/.local/lib/python3.12/site-packages/airflow/example_dags/example_dataset_alias.py
[2024-10-06T04:42:42.611+0000] {logging_mixin.py:190} INFO - [2024-10-06T04:42:42.611+0000] {dag.py:3239} INFO - Sync 4 DAGs
[2024-10-06T04:42:42.643+0000] {logging_mixin.py:190} INFO - [2024-10-06T04:42:42.642+0000] {dag.py:4180} INFO - Setting next_dagrun for dataset_alias_example_alias_consumer to None, run_after=None
[2024-10-06T04:42:42.646+0000] {logging_mixin.py:190} INFO - [2024-10-06T04:42:42.646+0000] {dag.py:4180} INFO - Setting next_dagrun for dataset_alias_example_alias_producer to None, run_after=None
[2024-10-06T04:42:42.648+0000] {logging_mixin.py:190} INFO - [2024-10-06T04:42:42.648+0000] {dag.py:4180} INFO - Setting next_dagrun for dataset_s3_bucket_consumer to None, run_after=None
[2024-10-06T04:42:42.649+0000] {logging_mixin.py:190} INFO - [2024-10-06T04:42:42.649+0000] {dag.py:4180} INFO - Setting next_dagrun for dataset_s3_bucket_producer to None, run_after=None
[2024-10-06T04:42:42.712+0000] {processor.py:208} INFO - Processing /home/airflow/.local/lib/python3.12/site-packages/airflow/example_dags/example_dataset_alias.py took 0.317 seconds
[2024-10-06T04:45:40.321+0000] {processor.py:186} INFO - Started process (PID=33) to work on /home/airflow/.local/lib/python3.12/site-packages/airflow/example_dags/example_dataset_alias.py
[2024-10-06T04:45:40.332+0000] {processor.py:914} INFO - Processing file /home/airflow/.local/lib/python3.12/site-packages/airflow/example_dags/example_dataset_alias.py for tasks to queue
[2024-10-06T04:45:40.337+0000] {logging_mixin.py:190} INFO - [2024-10-06T04:45:40.336+0000] {dagbag.py:588} INFO - Filling up the DagBag from /home/airflow/.local/lib/python3.12/site-packages/airflow/example_dags/example_dataset_alias.py
[2024-10-06T04:45:40.620+0000] {processor.py:925} INFO - DAG(s) 'dataset_s3_bucket_consumer', 'dataset_alias_example_alias_producer', 'dataset_s3_bucket_producer', 'dataset_alias_example_alias_consumer' retrieved from /home/airflow/.local/lib/python3.12/site-packages/airflow/example_dags/example_dataset_alias.py
[2024-10-06T04:45:40.662+0000] {logging_mixin.py:190} INFO - [2024-10-06T04:45:40.662+0000] {dag.py:3239} INFO - Sync 4 DAGs
[2024-10-06T04:45:40.696+0000] {logging_mixin.py:190} INFO - [2024-10-06T04:45:40.696+0000] {dag.py:4180} INFO - Setting next_dagrun for dataset_alias_example_alias_consumer to None, run_after=None
[2024-10-06T04:45:40.700+0000] {logging_mixin.py:190} INFO - [2024-10-06T04:45:40.700+0000] {dag.py:4180} INFO - Setting next_dagrun for dataset_alias_example_alias_producer to None, run_after=None
[2024-10-06T04:45:40.705+0000] {logging_mixin.py:190} INFO - [2024-10-06T04:45:40.704+0000] {dag.py:4180} INFO - Setting next_dagrun for dataset_s3_bucket_consumer to None, run_after=None
[2024-10-06T04:45:40.706+0000] {logging_mixin.py:190} INFO - [2024-10-06T04:45:40.706+0000] {dag.py:4180} INFO - Setting next_dagrun for dataset_s3_bucket_producer to None, run_after=None
[2024-10-06T04:45:40.740+0000] {processor.py:208} INFO - Processing /home/airflow/.local/lib/python3.12/site-packages/airflow/example_dags/example_dataset_alias.py took 0.440 seconds
[2024-10-06T04:46:11.601+0000] {processor.py:186} INFO - Started process (PID=96) to work on /home/airflow/.local/lib/python3.12/site-packages/airflow/example_dags/example_dataset_alias.py
[2024-10-06T04:46:11.603+0000] {processor.py:914} INFO - Processing file /home/airflow/.local/lib/python3.12/site-packages/airflow/example_dags/example_dataset_alias.py for tasks to queue
[2024-10-06T04:46:11.607+0000] {logging_mixin.py:190} INFO - [2024-10-06T04:46:11.607+0000] {dagbag.py:588} INFO - Filling up the DagBag from /home/airflow/.local/lib/python3.12/site-packages/airflow/example_dags/example_dataset_alias.py
[2024-10-06T04:46:11.777+0000] {processor.py:925} INFO - DAG(s) 'dataset_s3_bucket_consumer', 'dataset_alias_example_alias_producer', 'dataset_s3_bucket_producer', 'dataset_alias_example_alias_consumer' retrieved from /home/airflow/.local/lib/python3.12/site-packages/airflow/example_dags/example_dataset_alias.py
[2024-10-06T04:46:11.800+0000] {logging_mixin.py:190} INFO - [2024-10-06T04:46:11.800+0000] {dag.py:3239} INFO - Sync 4 DAGs
[2024-10-06T04:46:11.827+0000] {logging_mixin.py:190} INFO - [2024-10-06T04:46:11.826+0000] {dag.py:4180} INFO - Setting next_dagrun for dataset_alias_example_alias_consumer to None, run_after=None
[2024-10-06T04:46:11.830+0000] {logging_mixin.py:190} INFO - [2024-10-06T04:46:11.829+0000] {dag.py:4180} INFO - Setting next_dagrun for dataset_alias_example_alias_producer to None, run_after=None
[2024-10-06T04:46:11.831+0000] {logging_mixin.py:190} INFO - [2024-10-06T04:46:11.831+0000] {dag.py:4180} INFO - Setting next_dagrun for dataset_s3_bucket_consumer to None, run_after=None
[2024-10-06T04:46:11.832+0000] {logging_mixin.py:190} INFO - [2024-10-06T04:46:11.832+0000] {dag.py:4180} INFO - Setting next_dagrun for dataset_s3_bucket_producer to None, run_after=None
[2024-10-06T04:46:11.856+0000] {processor.py:208} INFO - Processing /home/airflow/.local/lib/python3.12/site-packages/airflow/example_dags/example_dataset_alias.py took 0.265 seconds
