[2024-10-06T04:18:54.038+0000] {processor.py:186} INFO - Started process (PID=42) to work on /home/airflow/.local/lib/python3.12/site-packages/airflow/example_dags/example_task_group.py
[2024-10-06T04:18:54.041+0000] {processor.py:914} INFO - Processing file /home/airflow/.local/lib/python3.12/site-packages/airflow/example_dags/example_task_group.py for tasks to queue
[2024-10-06T04:18:54.044+0000] {logging_mixin.py:190} INFO - [2024-10-06T04:18:54.043+0000] {dagbag.py:588} INFO - Filling up the DagBag from /home/airflow/.local/lib/python3.12/site-packages/airflow/example_dags/example_task_group.py
[2024-10-06T04:18:54.087+0000] {processor.py:925} INFO - DAG(s) 'example_task_group' retrieved from /home/airflow/.local/lib/python3.12/site-packages/airflow/example_dags/example_task_group.py
[2024-10-06T04:18:54.317+0000] {logging_mixin.py:190} INFO - [2024-10-06T04:18:54.315+0000] {override.py:1900} INFO - Created Permission View: can edit on DAG:example_task_group
[2024-10-06T04:18:54.334+0000] {logging_mixin.py:190} INFO - [2024-10-06T04:18:54.333+0000] {override.py:1900} INFO - Created Permission View: can delete on DAG:example_task_group
[2024-10-06T04:18:54.344+0000] {logging_mixin.py:190} INFO - [2024-10-06T04:18:54.344+0000] {override.py:1900} INFO - Created Permission View: can read on DAG:example_task_group
[2024-10-06T04:18:54.354+0000] {logging_mixin.py:190} INFO - [2024-10-06T04:18:54.354+0000] {override.py:1900} INFO - Created Permission View: can create on DAG Run:example_task_group
[2024-10-06T04:18:54.364+0000] {logging_mixin.py:190} INFO - [2024-10-06T04:18:54.364+0000] {override.py:1900} INFO - Created Permission View: menu access on DAG Run:example_task_group
[2024-10-06T04:18:54.375+0000] {logging_mixin.py:190} INFO - [2024-10-06T04:18:54.374+0000] {override.py:1900} INFO - Created Permission View: can read on DAG Run:example_task_group
[2024-10-06T04:18:54.385+0000] {logging_mixin.py:190} INFO - [2024-10-06T04:18:54.385+0000] {override.py:1900} INFO - Created Permission View: can delete on DAG Run:example_task_group
[2024-10-06T04:18:54.386+0000] {logging_mixin.py:190} INFO - [2024-10-06T04:18:54.386+0000] {dag.py:3239} INFO - Sync 1 DAGs
[2024-10-06T04:18:54.414+0000] {logging_mixin.py:190} INFO - [2024-10-06T04:18:54.413+0000] {dag.py:3262} INFO - Creating ORM DAG for example_task_group
[2024-10-06T04:18:54.415+0000] {logging_mixin.py:190} INFO - [2024-10-06T04:18:54.415+0000] {dag.py:4180} INFO - Setting next_dagrun for example_task_group to None, run_after=None
[2024-10-06T04:18:54.439+0000] {processor.py:208} INFO - Processing /home/airflow/.local/lib/python3.12/site-packages/airflow/example_dags/example_task_group.py took 0.413 seconds
[2024-10-06T04:19:46.375+0000] {processor.py:186} INFO - Started process (PID=110) to work on /home/airflow/.local/lib/python3.12/site-packages/airflow/example_dags/example_task_group.py
[2024-10-06T04:19:46.376+0000] {processor.py:914} INFO - Processing file /home/airflow/.local/lib/python3.12/site-packages/airflow/example_dags/example_task_group.py for tasks to queue
[2024-10-06T04:19:46.382+0000] {logging_mixin.py:190} INFO - [2024-10-06T04:19:46.381+0000] {dagbag.py:588} INFO - Filling up the DagBag from /home/airflow/.local/lib/python3.12/site-packages/airflow/example_dags/example_task_group.py
[2024-10-06T04:19:46.396+0000] {processor.py:925} INFO - DAG(s) 'example_task_group' retrieved from /home/airflow/.local/lib/python3.12/site-packages/airflow/example_dags/example_task_group.py
[2024-10-06T04:19:46.428+0000] {logging_mixin.py:190} INFO - [2024-10-06T04:19:46.428+0000] {dag.py:3239} INFO - Sync 1 DAGs
[2024-10-06T04:19:46.450+0000] {logging_mixin.py:190} INFO - [2024-10-06T04:19:46.450+0000] {dag.py:4180} INFO - Setting next_dagrun for example_task_group to None, run_after=None
[2024-10-06T04:19:46.505+0000] {processor.py:208} INFO - Processing /home/airflow/.local/lib/python3.12/site-packages/airflow/example_dags/example_task_group.py took 0.139 seconds
[2024-10-06T04:20:16.789+0000] {processor.py:186} INFO - Started process (PID=171) to work on /home/airflow/.local/lib/python3.12/site-packages/airflow/example_dags/example_task_group.py
[2024-10-06T04:20:16.790+0000] {processor.py:914} INFO - Processing file /home/airflow/.local/lib/python3.12/site-packages/airflow/example_dags/example_task_group.py for tasks to queue
[2024-10-06T04:20:16.794+0000] {logging_mixin.py:190} INFO - [2024-10-06T04:20:16.794+0000] {dagbag.py:588} INFO - Filling up the DagBag from /home/airflow/.local/lib/python3.12/site-packages/airflow/example_dags/example_task_group.py
[2024-10-06T04:20:16.809+0000] {processor.py:925} INFO - DAG(s) 'example_task_group' retrieved from /home/airflow/.local/lib/python3.12/site-packages/airflow/example_dags/example_task_group.py
[2024-10-06T04:20:16.845+0000] {logging_mixin.py:190} INFO - [2024-10-06T04:20:16.844+0000] {dag.py:3239} INFO - Sync 1 DAGs
[2024-10-06T04:20:16.878+0000] {logging_mixin.py:190} INFO - [2024-10-06T04:20:16.878+0000] {dag.py:4180} INFO - Setting next_dagrun for example_task_group to None, run_after=None
[2024-10-06T04:20:16.909+0000] {processor.py:208} INFO - Processing /home/airflow/.local/lib/python3.12/site-packages/airflow/example_dags/example_task_group.py took 0.130 seconds
[2024-10-06T04:20:47.429+0000] {processor.py:186} INFO - Started process (PID=233) to work on /home/airflow/.local/lib/python3.12/site-packages/airflow/example_dags/example_task_group.py
[2024-10-06T04:20:47.430+0000] {processor.py:914} INFO - Processing file /home/airflow/.local/lib/python3.12/site-packages/airflow/example_dags/example_task_group.py for tasks to queue
[2024-10-06T04:20:47.434+0000] {logging_mixin.py:190} INFO - [2024-10-06T04:20:47.433+0000] {dagbag.py:588} INFO - Filling up the DagBag from /home/airflow/.local/lib/python3.12/site-packages/airflow/example_dags/example_task_group.py
[2024-10-06T04:20:47.446+0000] {processor.py:925} INFO - DAG(s) 'example_task_group' retrieved from /home/airflow/.local/lib/python3.12/site-packages/airflow/example_dags/example_task_group.py
[2024-10-06T04:20:47.474+0000] {logging_mixin.py:190} INFO - [2024-10-06T04:20:47.474+0000] {dag.py:3239} INFO - Sync 1 DAGs
[2024-10-06T04:20:47.494+0000] {logging_mixin.py:190} INFO - [2024-10-06T04:20:47.493+0000] {dag.py:4180} INFO - Setting next_dagrun for example_task_group to None, run_after=None
[2024-10-06T04:20:47.522+0000] {processor.py:208} INFO - Processing /home/airflow/.local/lib/python3.12/site-packages/airflow/example_dags/example_task_group.py took 0.102 seconds
[2024-10-06T04:21:18.059+0000] {processor.py:186} INFO - Started process (PID=296) to work on /home/airflow/.local/lib/python3.12/site-packages/airflow/example_dags/example_task_group.py
[2024-10-06T04:21:18.061+0000] {processor.py:914} INFO - Processing file /home/airflow/.local/lib/python3.12/site-packages/airflow/example_dags/example_task_group.py for tasks to queue
[2024-10-06T04:21:18.065+0000] {logging_mixin.py:190} INFO - [2024-10-06T04:21:18.065+0000] {dagbag.py:588} INFO - Filling up the DagBag from /home/airflow/.local/lib/python3.12/site-packages/airflow/example_dags/example_task_group.py
[2024-10-06T04:21:18.080+0000] {processor.py:925} INFO - DAG(s) 'example_task_group' retrieved from /home/airflow/.local/lib/python3.12/site-packages/airflow/example_dags/example_task_group.py
[2024-10-06T04:21:18.110+0000] {logging_mixin.py:190} INFO - [2024-10-06T04:21:18.110+0000] {dag.py:3239} INFO - Sync 1 DAGs
[2024-10-06T04:21:18.154+0000] {logging_mixin.py:190} INFO - [2024-10-06T04:21:18.154+0000] {dag.py:4180} INFO - Setting next_dagrun for example_task_group to None, run_after=None
[2024-10-06T04:21:18.182+0000] {processor.py:208} INFO - Processing /home/airflow/.local/lib/python3.12/site-packages/airflow/example_dags/example_task_group.py took 0.132 seconds
[2024-10-06T04:21:48.618+0000] {processor.py:186} INFO - Started process (PID=357) to work on /home/airflow/.local/lib/python3.12/site-packages/airflow/example_dags/example_task_group.py
[2024-10-06T04:21:48.620+0000] {processor.py:914} INFO - Processing file /home/airflow/.local/lib/python3.12/site-packages/airflow/example_dags/example_task_group.py for tasks to queue
[2024-10-06T04:21:48.624+0000] {logging_mixin.py:190} INFO - [2024-10-06T04:21:48.623+0000] {dagbag.py:588} INFO - Filling up the DagBag from /home/airflow/.local/lib/python3.12/site-packages/airflow/example_dags/example_task_group.py
[2024-10-06T04:21:48.639+0000] {processor.py:925} INFO - DAG(s) 'example_task_group' retrieved from /home/airflow/.local/lib/python3.12/site-packages/airflow/example_dags/example_task_group.py
[2024-10-06T04:21:48.683+0000] {logging_mixin.py:190} INFO - [2024-10-06T04:21:48.683+0000] {dag.py:3239} INFO - Sync 1 DAGs
[2024-10-06T04:21:48.712+0000] {logging_mixin.py:190} INFO - [2024-10-06T04:21:48.711+0000] {dag.py:4180} INFO - Setting next_dagrun for example_task_group to None, run_after=None
[2024-10-06T04:21:48.745+0000] {processor.py:208} INFO - Processing /home/airflow/.local/lib/python3.12/site-packages/airflow/example_dags/example_task_group.py took 0.137 seconds
[2024-10-06T04:22:18.950+0000] {processor.py:186} INFO - Started process (PID=420) to work on /home/airflow/.local/lib/python3.12/site-packages/airflow/example_dags/example_task_group.py
[2024-10-06T04:22:18.952+0000] {processor.py:914} INFO - Processing file /home/airflow/.local/lib/python3.12/site-packages/airflow/example_dags/example_task_group.py for tasks to queue
[2024-10-06T04:22:18.957+0000] {logging_mixin.py:190} INFO - [2024-10-06T04:22:18.956+0000] {dagbag.py:588} INFO - Filling up the DagBag from /home/airflow/.local/lib/python3.12/site-packages/airflow/example_dags/example_task_group.py
[2024-10-06T04:22:18.972+0000] {processor.py:925} INFO - DAG(s) 'example_task_group' retrieved from /home/airflow/.local/lib/python3.12/site-packages/airflow/example_dags/example_task_group.py
[2024-10-06T04:22:19.010+0000] {logging_mixin.py:190} INFO - [2024-10-06T04:22:19.010+0000] {dag.py:3239} INFO - Sync 1 DAGs
[2024-10-06T04:22:19.040+0000] {logging_mixin.py:190} INFO - [2024-10-06T04:22:19.040+0000] {dag.py:4180} INFO - Setting next_dagrun for example_task_group to None, run_after=None
[2024-10-06T04:22:19.072+0000] {processor.py:208} INFO - Processing /home/airflow/.local/lib/python3.12/site-packages/airflow/example_dags/example_task_group.py took 0.133 seconds
[2024-10-06T04:22:49.787+0000] {processor.py:186} INFO - Started process (PID=483) to work on /home/airflow/.local/lib/python3.12/site-packages/airflow/example_dags/example_task_group.py
[2024-10-06T04:22:49.788+0000] {processor.py:914} INFO - Processing file /home/airflow/.local/lib/python3.12/site-packages/airflow/example_dags/example_task_group.py for tasks to queue
[2024-10-06T04:22:49.792+0000] {logging_mixin.py:190} INFO - [2024-10-06T04:22:49.791+0000] {dagbag.py:588} INFO - Filling up the DagBag from /home/airflow/.local/lib/python3.12/site-packages/airflow/example_dags/example_task_group.py
[2024-10-06T04:22:49.805+0000] {processor.py:925} INFO - DAG(s) 'example_task_group' retrieved from /home/airflow/.local/lib/python3.12/site-packages/airflow/example_dags/example_task_group.py
[2024-10-06T04:22:49.837+0000] {logging_mixin.py:190} INFO - [2024-10-06T04:22:49.837+0000] {dag.py:3239} INFO - Sync 1 DAGs
[2024-10-06T04:22:49.857+0000] {logging_mixin.py:190} INFO - [2024-10-06T04:22:49.857+0000] {dag.py:4180} INFO - Setting next_dagrun for example_task_group to None, run_after=None
[2024-10-06T04:22:49.881+0000] {processor.py:208} INFO - Processing /home/airflow/.local/lib/python3.12/site-packages/airflow/example_dags/example_task_group.py took 0.104 seconds
[2024-10-06T04:23:20.435+0000] {processor.py:186} INFO - Started process (PID=545) to work on /home/airflow/.local/lib/python3.12/site-packages/airflow/example_dags/example_task_group.py
[2024-10-06T04:23:20.437+0000] {processor.py:914} INFO - Processing file /home/airflow/.local/lib/python3.12/site-packages/airflow/example_dags/example_task_group.py for tasks to queue
[2024-10-06T04:23:20.442+0000] {logging_mixin.py:190} INFO - [2024-10-06T04:23:20.441+0000] {dagbag.py:588} INFO - Filling up the DagBag from /home/airflow/.local/lib/python3.12/site-packages/airflow/example_dags/example_task_group.py
[2024-10-06T04:23:20.455+0000] {processor.py:925} INFO - DAG(s) 'example_task_group' retrieved from /home/airflow/.local/lib/python3.12/site-packages/airflow/example_dags/example_task_group.py
[2024-10-06T04:23:20.487+0000] {logging_mixin.py:190} INFO - [2024-10-06T04:23:20.486+0000] {dag.py:3239} INFO - Sync 1 DAGs
[2024-10-06T04:23:20.505+0000] {logging_mixin.py:190} INFO - [2024-10-06T04:23:20.505+0000] {dag.py:4180} INFO - Setting next_dagrun for example_task_group to None, run_after=None
[2024-10-06T04:23:20.529+0000] {processor.py:208} INFO - Processing /home/airflow/.local/lib/python3.12/site-packages/airflow/example_dags/example_task_group.py took 0.106 seconds
[2024-10-06T04:23:50.913+0000] {processor.py:186} INFO - Started process (PID=606) to work on /home/airflow/.local/lib/python3.12/site-packages/airflow/example_dags/example_task_group.py
[2024-10-06T04:23:50.914+0000] {processor.py:914} INFO - Processing file /home/airflow/.local/lib/python3.12/site-packages/airflow/example_dags/example_task_group.py for tasks to queue
[2024-10-06T04:23:50.919+0000] {logging_mixin.py:190} INFO - [2024-10-06T04:23:50.918+0000] {dagbag.py:588} INFO - Filling up the DagBag from /home/airflow/.local/lib/python3.12/site-packages/airflow/example_dags/example_task_group.py
[2024-10-06T04:23:50.936+0000] {processor.py:925} INFO - DAG(s) 'example_task_group' retrieved from /home/airflow/.local/lib/python3.12/site-packages/airflow/example_dags/example_task_group.py
[2024-10-06T04:23:50.975+0000] {logging_mixin.py:190} INFO - [2024-10-06T04:23:50.975+0000] {dag.py:3239} INFO - Sync 1 DAGs
[2024-10-06T04:23:51.008+0000] {logging_mixin.py:190} INFO - [2024-10-06T04:23:51.007+0000] {dag.py:4180} INFO - Setting next_dagrun for example_task_group to None, run_after=None
[2024-10-06T04:23:51.039+0000] {processor.py:208} INFO - Processing /home/airflow/.local/lib/python3.12/site-packages/airflow/example_dags/example_task_group.py took 0.138 seconds
[2024-10-06T04:24:21.233+0000] {processor.py:186} INFO - Started process (PID=667) to work on /home/airflow/.local/lib/python3.12/site-packages/airflow/example_dags/example_task_group.py
[2024-10-06T04:24:21.234+0000] {processor.py:914} INFO - Processing file /home/airflow/.local/lib/python3.12/site-packages/airflow/example_dags/example_task_group.py for tasks to queue
[2024-10-06T04:24:21.238+0000] {logging_mixin.py:190} INFO - [2024-10-06T04:24:21.238+0000] {dagbag.py:588} INFO - Filling up the DagBag from /home/airflow/.local/lib/python3.12/site-packages/airflow/example_dags/example_task_group.py
[2024-10-06T04:24:21.250+0000] {processor.py:925} INFO - DAG(s) 'example_task_group' retrieved from /home/airflow/.local/lib/python3.12/site-packages/airflow/example_dags/example_task_group.py
[2024-10-06T04:24:21.281+0000] {logging_mixin.py:190} INFO - [2024-10-06T04:24:21.280+0000] {dag.py:3239} INFO - Sync 1 DAGs
[2024-10-06T04:24:21.303+0000] {logging_mixin.py:190} INFO - [2024-10-06T04:24:21.302+0000] {dag.py:4180} INFO - Setting next_dagrun for example_task_group to None, run_after=None
[2024-10-06T04:24:21.331+0000] {processor.py:208} INFO - Processing /home/airflow/.local/lib/python3.12/site-packages/airflow/example_dags/example_task_group.py took 0.107 seconds
[2024-10-06T04:24:51.402+0000] {processor.py:186} INFO - Started process (PID=729) to work on /home/airflow/.local/lib/python3.12/site-packages/airflow/example_dags/example_task_group.py
[2024-10-06T04:24:51.404+0000] {processor.py:914} INFO - Processing file /home/airflow/.local/lib/python3.12/site-packages/airflow/example_dags/example_task_group.py for tasks to queue
[2024-10-06T04:24:51.408+0000] {logging_mixin.py:190} INFO - [2024-10-06T04:24:51.407+0000] {dagbag.py:588} INFO - Filling up the DagBag from /home/airflow/.local/lib/python3.12/site-packages/airflow/example_dags/example_task_group.py
[2024-10-06T04:24:51.421+0000] {processor.py:925} INFO - DAG(s) 'example_task_group' retrieved from /home/airflow/.local/lib/python3.12/site-packages/airflow/example_dags/example_task_group.py
[2024-10-06T04:24:51.455+0000] {logging_mixin.py:190} INFO - [2024-10-06T04:24:51.455+0000] {dag.py:3239} INFO - Sync 1 DAGs
[2024-10-06T04:24:51.477+0000] {logging_mixin.py:190} INFO - [2024-10-06T04:24:51.476+0000] {dag.py:4180} INFO - Setting next_dagrun for example_task_group to None, run_after=None
[2024-10-06T04:24:51.505+0000] {processor.py:208} INFO - Processing /home/airflow/.local/lib/python3.12/site-packages/airflow/example_dags/example_task_group.py took 0.112 seconds
[2024-10-06T04:25:22.033+0000] {processor.py:186} INFO - Started process (PID=792) to work on /home/airflow/.local/lib/python3.12/site-packages/airflow/example_dags/example_task_group.py
[2024-10-06T04:25:22.034+0000] {processor.py:914} INFO - Processing file /home/airflow/.local/lib/python3.12/site-packages/airflow/example_dags/example_task_group.py for tasks to queue
[2024-10-06T04:25:22.039+0000] {logging_mixin.py:190} INFO - [2024-10-06T04:25:22.038+0000] {dagbag.py:588} INFO - Filling up the DagBag from /home/airflow/.local/lib/python3.12/site-packages/airflow/example_dags/example_task_group.py
[2024-10-06T04:25:22.051+0000] {processor.py:925} INFO - DAG(s) 'example_task_group' retrieved from /home/airflow/.local/lib/python3.12/site-packages/airflow/example_dags/example_task_group.py
[2024-10-06T04:25:22.084+0000] {logging_mixin.py:190} INFO - [2024-10-06T04:25:22.083+0000] {dag.py:3239} INFO - Sync 1 DAGs
[2024-10-06T04:25:22.114+0000] {logging_mixin.py:190} INFO - [2024-10-06T04:25:22.114+0000] {dag.py:4180} INFO - Setting next_dagrun for example_task_group to None, run_after=None
[2024-10-06T04:25:22.146+0000] {processor.py:208} INFO - Processing /home/airflow/.local/lib/python3.12/site-packages/airflow/example_dags/example_task_group.py took 0.122 seconds
[2024-10-06T04:25:52.366+0000] {processor.py:186} INFO - Started process (PID=854) to work on /home/airflow/.local/lib/python3.12/site-packages/airflow/example_dags/example_task_group.py
[2024-10-06T04:25:52.368+0000] {processor.py:914} INFO - Processing file /home/airflow/.local/lib/python3.12/site-packages/airflow/example_dags/example_task_group.py for tasks to queue
[2024-10-06T04:25:52.374+0000] {logging_mixin.py:190} INFO - [2024-10-06T04:25:52.373+0000] {dagbag.py:588} INFO - Filling up the DagBag from /home/airflow/.local/lib/python3.12/site-packages/airflow/example_dags/example_task_group.py
[2024-10-06T04:25:52.391+0000] {processor.py:925} INFO - DAG(s) 'example_task_group' retrieved from /home/airflow/.local/lib/python3.12/site-packages/airflow/example_dags/example_task_group.py
[2024-10-06T04:25:52.433+0000] {logging_mixin.py:190} INFO - [2024-10-06T04:25:52.432+0000] {dag.py:3239} INFO - Sync 1 DAGs
[2024-10-06T04:25:52.467+0000] {logging_mixin.py:190} INFO - [2024-10-06T04:25:52.467+0000] {dag.py:4180} INFO - Setting next_dagrun for example_task_group to None, run_after=None
[2024-10-06T04:25:52.493+0000] {processor.py:208} INFO - Processing /home/airflow/.local/lib/python3.12/site-packages/airflow/example_dags/example_task_group.py took 0.138 seconds
[2024-10-06T04:26:22.581+0000] {processor.py:186} INFO - Started process (PID=916) to work on /home/airflow/.local/lib/python3.12/site-packages/airflow/example_dags/example_task_group.py
[2024-10-06T04:26:22.583+0000] {processor.py:914} INFO - Processing file /home/airflow/.local/lib/python3.12/site-packages/airflow/example_dags/example_task_group.py for tasks to queue
[2024-10-06T04:26:22.589+0000] {logging_mixin.py:190} INFO - [2024-10-06T04:26:22.587+0000] {dagbag.py:588} INFO - Filling up the DagBag from /home/airflow/.local/lib/python3.12/site-packages/airflow/example_dags/example_task_group.py
[2024-10-06T04:26:22.605+0000] {processor.py:925} INFO - DAG(s) 'example_task_group' retrieved from /home/airflow/.local/lib/python3.12/site-packages/airflow/example_dags/example_task_group.py
[2024-10-06T04:26:22.655+0000] {logging_mixin.py:190} INFO - [2024-10-06T04:26:22.655+0000] {dag.py:3239} INFO - Sync 1 DAGs
[2024-10-06T04:26:22.687+0000] {logging_mixin.py:190} INFO - [2024-10-06T04:26:22.687+0000] {dag.py:4180} INFO - Setting next_dagrun for example_task_group to None, run_after=None
[2024-10-06T04:26:22.724+0000] {processor.py:208} INFO - Processing /home/airflow/.local/lib/python3.12/site-packages/airflow/example_dags/example_task_group.py took 0.152 seconds
[2024-10-06T04:26:52.988+0000] {processor.py:186} INFO - Started process (PID=978) to work on /home/airflow/.local/lib/python3.12/site-packages/airflow/example_dags/example_task_group.py
[2024-10-06T04:26:52.989+0000] {processor.py:914} INFO - Processing file /home/airflow/.local/lib/python3.12/site-packages/airflow/example_dags/example_task_group.py for tasks to queue
[2024-10-06T04:26:52.994+0000] {logging_mixin.py:190} INFO - [2024-10-06T04:26:52.993+0000] {dagbag.py:588} INFO - Filling up the DagBag from /home/airflow/.local/lib/python3.12/site-packages/airflow/example_dags/example_task_group.py
[2024-10-06T04:26:53.010+0000] {processor.py:925} INFO - DAG(s) 'example_task_group' retrieved from /home/airflow/.local/lib/python3.12/site-packages/airflow/example_dags/example_task_group.py
[2024-10-06T04:26:53.042+0000] {logging_mixin.py:190} INFO - [2024-10-06T04:26:53.042+0000] {dag.py:3239} INFO - Sync 1 DAGs
[2024-10-06T04:26:53.063+0000] {logging_mixin.py:190} INFO - [2024-10-06T04:26:53.062+0000] {dag.py:4180} INFO - Setting next_dagrun for example_task_group to None, run_after=None
[2024-10-06T04:26:53.112+0000] {processor.py:208} INFO - Processing /home/airflow/.local/lib/python3.12/site-packages/airflow/example_dags/example_task_group.py took 0.133 seconds
[2024-10-06T04:27:23.301+0000] {processor.py:186} INFO - Started process (PID=1040) to work on /home/airflow/.local/lib/python3.12/site-packages/airflow/example_dags/example_task_group.py
[2024-10-06T04:27:23.303+0000] {processor.py:914} INFO - Processing file /home/airflow/.local/lib/python3.12/site-packages/airflow/example_dags/example_task_group.py for tasks to queue
[2024-10-06T04:27:23.309+0000] {logging_mixin.py:190} INFO - [2024-10-06T04:27:23.308+0000] {dagbag.py:588} INFO - Filling up the DagBag from /home/airflow/.local/lib/python3.12/site-packages/airflow/example_dags/example_task_group.py
[2024-10-06T04:27:23.325+0000] {processor.py:925} INFO - DAG(s) 'example_task_group' retrieved from /home/airflow/.local/lib/python3.12/site-packages/airflow/example_dags/example_task_group.py
[2024-10-06T04:27:23.359+0000] {logging_mixin.py:190} INFO - [2024-10-06T04:27:23.358+0000] {dag.py:3239} INFO - Sync 1 DAGs
[2024-10-06T04:27:23.382+0000] {logging_mixin.py:190} INFO - [2024-10-06T04:27:23.382+0000] {dag.py:4180} INFO - Setting next_dagrun for example_task_group to None, run_after=None
[2024-10-06T04:27:23.435+0000] {processor.py:208} INFO - Processing /home/airflow/.local/lib/python3.12/site-packages/airflow/example_dags/example_task_group.py took 0.142 seconds
[2024-10-06T04:27:53.730+0000] {processor.py:186} INFO - Started process (PID=1102) to work on /home/airflow/.local/lib/python3.12/site-packages/airflow/example_dags/example_task_group.py
[2024-10-06T04:27:53.732+0000] {processor.py:914} INFO - Processing file /home/airflow/.local/lib/python3.12/site-packages/airflow/example_dags/example_task_group.py for tasks to queue
[2024-10-06T04:27:53.737+0000] {logging_mixin.py:190} INFO - [2024-10-06T04:27:53.736+0000] {dagbag.py:588} INFO - Filling up the DagBag from /home/airflow/.local/lib/python3.12/site-packages/airflow/example_dags/example_task_group.py
[2024-10-06T04:27:53.751+0000] {processor.py:925} INFO - DAG(s) 'example_task_group' retrieved from /home/airflow/.local/lib/python3.12/site-packages/airflow/example_dags/example_task_group.py
[2024-10-06T04:27:53.782+0000] {logging_mixin.py:190} INFO - [2024-10-06T04:27:53.781+0000] {dag.py:3239} INFO - Sync 1 DAGs
[2024-10-06T04:27:53.801+0000] {logging_mixin.py:190} INFO - [2024-10-06T04:27:53.800+0000] {dag.py:4180} INFO - Setting next_dagrun for example_task_group to None, run_after=None
[2024-10-06T04:27:53.828+0000] {processor.py:208} INFO - Processing /home/airflow/.local/lib/python3.12/site-packages/airflow/example_dags/example_task_group.py took 0.107 seconds
[2024-10-06T04:28:24.103+0000] {processor.py:186} INFO - Started process (PID=1164) to work on /home/airflow/.local/lib/python3.12/site-packages/airflow/example_dags/example_task_group.py
[2024-10-06T04:28:24.106+0000] {processor.py:914} INFO - Processing file /home/airflow/.local/lib/python3.12/site-packages/airflow/example_dags/example_task_group.py for tasks to queue
[2024-10-06T04:28:24.110+0000] {logging_mixin.py:190} INFO - [2024-10-06T04:28:24.110+0000] {dagbag.py:588} INFO - Filling up the DagBag from /home/airflow/.local/lib/python3.12/site-packages/airflow/example_dags/example_task_group.py
[2024-10-06T04:28:24.126+0000] {processor.py:925} INFO - DAG(s) 'example_task_group' retrieved from /home/airflow/.local/lib/python3.12/site-packages/airflow/example_dags/example_task_group.py
[2024-10-06T04:28:24.166+0000] {logging_mixin.py:190} INFO - [2024-10-06T04:28:24.166+0000] {dag.py:3239} INFO - Sync 1 DAGs
[2024-10-06T04:28:24.193+0000] {logging_mixin.py:190} INFO - [2024-10-06T04:28:24.192+0000] {dag.py:4180} INFO - Setting next_dagrun for example_task_group to None, run_after=None
[2024-10-06T04:28:24.224+0000] {processor.py:208} INFO - Processing /home/airflow/.local/lib/python3.12/site-packages/airflow/example_dags/example_task_group.py took 0.130 seconds
[2024-10-06T04:28:54.579+0000] {processor.py:186} INFO - Started process (PID=1227) to work on /home/airflow/.local/lib/python3.12/site-packages/airflow/example_dags/example_task_group.py
[2024-10-06T04:28:54.581+0000] {processor.py:914} INFO - Processing file /home/airflow/.local/lib/python3.12/site-packages/airflow/example_dags/example_task_group.py for tasks to queue
[2024-10-06T04:28:54.586+0000] {logging_mixin.py:190} INFO - [2024-10-06T04:28:54.585+0000] {dagbag.py:588} INFO - Filling up the DagBag from /home/airflow/.local/lib/python3.12/site-packages/airflow/example_dags/example_task_group.py
[2024-10-06T04:28:54.605+0000] {processor.py:925} INFO - DAG(s) 'example_task_group' retrieved from /home/airflow/.local/lib/python3.12/site-packages/airflow/example_dags/example_task_group.py
[2024-10-06T04:28:54.648+0000] {logging_mixin.py:190} INFO - [2024-10-06T04:28:54.648+0000] {dag.py:3239} INFO - Sync 1 DAGs
[2024-10-06T04:28:54.672+0000] {logging_mixin.py:190} INFO - [2024-10-06T04:28:54.672+0000] {dag.py:4180} INFO - Setting next_dagrun for example_task_group to None, run_after=None
[2024-10-06T04:28:54.706+0000] {processor.py:208} INFO - Processing /home/airflow/.local/lib/python3.12/site-packages/airflow/example_dags/example_task_group.py took 0.152 seconds
[2024-10-06T04:29:25.525+0000] {processor.py:186} INFO - Started process (PID=1289) to work on /home/airflow/.local/lib/python3.12/site-packages/airflow/example_dags/example_task_group.py
[2024-10-06T04:29:25.526+0000] {processor.py:914} INFO - Processing file /home/airflow/.local/lib/python3.12/site-packages/airflow/example_dags/example_task_group.py for tasks to queue
[2024-10-06T04:29:25.530+0000] {logging_mixin.py:190} INFO - [2024-10-06T04:29:25.530+0000] {dagbag.py:588} INFO - Filling up the DagBag from /home/airflow/.local/lib/python3.12/site-packages/airflow/example_dags/example_task_group.py
[2024-10-06T04:29:25.547+0000] {processor.py:925} INFO - DAG(s) 'example_task_group' retrieved from /home/airflow/.local/lib/python3.12/site-packages/airflow/example_dags/example_task_group.py
[2024-10-06T04:29:25.586+0000] {logging_mixin.py:190} INFO - [2024-10-06T04:29:25.586+0000] {dag.py:3239} INFO - Sync 1 DAGs
[2024-10-06T04:29:25.612+0000] {logging_mixin.py:190} INFO - [2024-10-06T04:29:25.612+0000] {dag.py:4180} INFO - Setting next_dagrun for example_task_group to None, run_after=None
[2024-10-06T04:29:25.643+0000] {processor.py:208} INFO - Processing /home/airflow/.local/lib/python3.12/site-packages/airflow/example_dags/example_task_group.py took 0.128 seconds
[2024-10-06T04:29:56.167+0000] {processor.py:186} INFO - Started process (PID=1351) to work on /home/airflow/.local/lib/python3.12/site-packages/airflow/example_dags/example_task_group.py
[2024-10-06T04:29:56.169+0000] {processor.py:914} INFO - Processing file /home/airflow/.local/lib/python3.12/site-packages/airflow/example_dags/example_task_group.py for tasks to queue
[2024-10-06T04:29:56.172+0000] {logging_mixin.py:190} INFO - [2024-10-06T04:29:56.172+0000] {dagbag.py:588} INFO - Filling up the DagBag from /home/airflow/.local/lib/python3.12/site-packages/airflow/example_dags/example_task_group.py
[2024-10-06T04:29:56.190+0000] {processor.py:925} INFO - DAG(s) 'example_task_group' retrieved from /home/airflow/.local/lib/python3.12/site-packages/airflow/example_dags/example_task_group.py
[2024-10-06T04:29:56.225+0000] {logging_mixin.py:190} INFO - [2024-10-06T04:29:56.224+0000] {dag.py:3239} INFO - Sync 1 DAGs
[2024-10-06T04:29:56.245+0000] {logging_mixin.py:190} INFO - [2024-10-06T04:29:56.244+0000] {dag.py:4180} INFO - Setting next_dagrun for example_task_group to None, run_after=None
[2024-10-06T04:29:56.271+0000] {processor.py:208} INFO - Processing /home/airflow/.local/lib/python3.12/site-packages/airflow/example_dags/example_task_group.py took 0.112 seconds
[2024-10-06T04:30:26.722+0000] {processor.py:186} INFO - Started process (PID=1413) to work on /home/airflow/.local/lib/python3.12/site-packages/airflow/example_dags/example_task_group.py
[2024-10-06T04:30:26.724+0000] {processor.py:914} INFO - Processing file /home/airflow/.local/lib/python3.12/site-packages/airflow/example_dags/example_task_group.py for tasks to queue
[2024-10-06T04:30:26.730+0000] {logging_mixin.py:190} INFO - [2024-10-06T04:30:26.729+0000] {dagbag.py:588} INFO - Filling up the DagBag from /home/airflow/.local/lib/python3.12/site-packages/airflow/example_dags/example_task_group.py
[2024-10-06T04:30:26.746+0000] {processor.py:925} INFO - DAG(s) 'example_task_group' retrieved from /home/airflow/.local/lib/python3.12/site-packages/airflow/example_dags/example_task_group.py
[2024-10-06T04:30:26.783+0000] {logging_mixin.py:190} INFO - [2024-10-06T04:30:26.782+0000] {dag.py:3239} INFO - Sync 1 DAGs
[2024-10-06T04:30:26.806+0000] {logging_mixin.py:190} INFO - [2024-10-06T04:30:26.805+0000] {dag.py:4180} INFO - Setting next_dagrun for example_task_group to None, run_after=None
[2024-10-06T04:30:26.841+0000] {processor.py:208} INFO - Processing /home/airflow/.local/lib/python3.12/site-packages/airflow/example_dags/example_task_group.py took 0.129 seconds
[2024-10-06T04:30:57.168+0000] {processor.py:186} INFO - Started process (PID=1475) to work on /home/airflow/.local/lib/python3.12/site-packages/airflow/example_dags/example_task_group.py
[2024-10-06T04:30:57.169+0000] {processor.py:914} INFO - Processing file /home/airflow/.local/lib/python3.12/site-packages/airflow/example_dags/example_task_group.py for tasks to queue
[2024-10-06T04:30:57.174+0000] {logging_mixin.py:190} INFO - [2024-10-06T04:30:57.173+0000] {dagbag.py:588} INFO - Filling up the DagBag from /home/airflow/.local/lib/python3.12/site-packages/airflow/example_dags/example_task_group.py
[2024-10-06T04:30:57.204+0000] {processor.py:925} INFO - DAG(s) 'example_task_group' retrieved from /home/airflow/.local/lib/python3.12/site-packages/airflow/example_dags/example_task_group.py
[2024-10-06T04:30:57.245+0000] {logging_mixin.py:190} INFO - [2024-10-06T04:30:57.244+0000] {dag.py:3239} INFO - Sync 1 DAGs
[2024-10-06T04:30:57.281+0000] {logging_mixin.py:190} INFO - [2024-10-06T04:30:57.280+0000] {dag.py:4180} INFO - Setting next_dagrun for example_task_group to None, run_after=None
[2024-10-06T04:30:57.310+0000] {processor.py:208} INFO - Processing /home/airflow/.local/lib/python3.12/site-packages/airflow/example_dags/example_task_group.py took 0.153 seconds
[2024-10-06T04:31:28.194+0000] {processor.py:186} INFO - Started process (PID=1537) to work on /home/airflow/.local/lib/python3.12/site-packages/airflow/example_dags/example_task_group.py
[2024-10-06T04:31:28.204+0000] {processor.py:914} INFO - Processing file /home/airflow/.local/lib/python3.12/site-packages/airflow/example_dags/example_task_group.py for tasks to queue
[2024-10-06T04:31:28.220+0000] {logging_mixin.py:190} INFO - [2024-10-06T04:31:28.207+0000] {dagbag.py:588} INFO - Filling up the DagBag from /home/airflow/.local/lib/python3.12/site-packages/airflow/example_dags/example_task_group.py
[2024-10-06T04:31:28.250+0000] {processor.py:925} INFO - DAG(s) 'example_task_group' retrieved from /home/airflow/.local/lib/python3.12/site-packages/airflow/example_dags/example_task_group.py
[2024-10-06T04:31:28.283+0000] {logging_mixin.py:190} INFO - [2024-10-06T04:31:28.283+0000] {dag.py:3239} INFO - Sync 1 DAGs
[2024-10-06T04:31:28.301+0000] {logging_mixin.py:190} INFO - [2024-10-06T04:31:28.301+0000] {dag.py:4180} INFO - Setting next_dagrun for example_task_group to None, run_after=None
[2024-10-06T04:31:28.324+0000] {processor.py:208} INFO - Processing /home/airflow/.local/lib/python3.12/site-packages/airflow/example_dags/example_task_group.py took 0.159 seconds
[2024-10-06T04:31:59.114+0000] {processor.py:186} INFO - Started process (PID=1599) to work on /home/airflow/.local/lib/python3.12/site-packages/airflow/example_dags/example_task_group.py
[2024-10-06T04:31:59.115+0000] {processor.py:914} INFO - Processing file /home/airflow/.local/lib/python3.12/site-packages/airflow/example_dags/example_task_group.py for tasks to queue
[2024-10-06T04:31:59.119+0000] {logging_mixin.py:190} INFO - [2024-10-06T04:31:59.119+0000] {dagbag.py:588} INFO - Filling up the DagBag from /home/airflow/.local/lib/python3.12/site-packages/airflow/example_dags/example_task_group.py
[2024-10-06T04:31:59.131+0000] {processor.py:925} INFO - DAG(s) 'example_task_group' retrieved from /home/airflow/.local/lib/python3.12/site-packages/airflow/example_dags/example_task_group.py
[2024-10-06T04:31:59.168+0000] {logging_mixin.py:190} INFO - [2024-10-06T04:31:59.168+0000] {dag.py:3239} INFO - Sync 1 DAGs
[2024-10-06T04:31:59.188+0000] {logging_mixin.py:190} INFO - [2024-10-06T04:31:59.187+0000] {dag.py:4180} INFO - Setting next_dagrun for example_task_group to None, run_after=None
[2024-10-06T04:31:59.213+0000] {processor.py:208} INFO - Processing /home/airflow/.local/lib/python3.12/site-packages/airflow/example_dags/example_task_group.py took 0.109 seconds
[2024-10-06T04:32:29.420+0000] {processor.py:186} INFO - Started process (PID=1661) to work on /home/airflow/.local/lib/python3.12/site-packages/airflow/example_dags/example_task_group.py
[2024-10-06T04:32:29.422+0000] {processor.py:914} INFO - Processing file /home/airflow/.local/lib/python3.12/site-packages/airflow/example_dags/example_task_group.py for tasks to queue
[2024-10-06T04:32:29.426+0000] {logging_mixin.py:190} INFO - [2024-10-06T04:32:29.425+0000] {dagbag.py:588} INFO - Filling up the DagBag from /home/airflow/.local/lib/python3.12/site-packages/airflow/example_dags/example_task_group.py
[2024-10-06T04:32:29.439+0000] {processor.py:925} INFO - DAG(s) 'example_task_group' retrieved from /home/airflow/.local/lib/python3.12/site-packages/airflow/example_dags/example_task_group.py
[2024-10-06T04:32:29.470+0000] {logging_mixin.py:190} INFO - [2024-10-06T04:32:29.469+0000] {dag.py:3239} INFO - Sync 1 DAGs
[2024-10-06T04:32:29.492+0000] {logging_mixin.py:190} INFO - [2024-10-06T04:32:29.492+0000] {dag.py:4180} INFO - Setting next_dagrun for example_task_group to None, run_after=None
[2024-10-06T04:32:29.519+0000] {processor.py:208} INFO - Processing /home/airflow/.local/lib/python3.12/site-packages/airflow/example_dags/example_task_group.py took 0.107 seconds
[2024-10-06T04:35:08.497+0000] {processor.py:186} INFO - Started process (PID=41) to work on /home/airflow/.local/lib/python3.12/site-packages/airflow/example_dags/example_task_group.py
[2024-10-06T04:35:08.498+0000] {processor.py:914} INFO - Processing file /home/airflow/.local/lib/python3.12/site-packages/airflow/example_dags/example_task_group.py for tasks to queue
[2024-10-06T04:35:08.502+0000] {logging_mixin.py:190} INFO - [2024-10-06T04:35:08.501+0000] {dagbag.py:588} INFO - Filling up the DagBag from /home/airflow/.local/lib/python3.12/site-packages/airflow/example_dags/example_task_group.py
[2024-10-06T04:35:08.515+0000] {processor.py:925} INFO - DAG(s) 'example_task_group' retrieved from /home/airflow/.local/lib/python3.12/site-packages/airflow/example_dags/example_task_group.py
[2024-10-06T04:35:08.544+0000] {logging_mixin.py:190} INFO - [2024-10-06T04:35:08.544+0000] {dag.py:3239} INFO - Sync 1 DAGs
[2024-10-06T04:35:08.562+0000] {logging_mixin.py:190} INFO - [2024-10-06T04:35:08.562+0000] {dag.py:4180} INFO - Setting next_dagrun for example_task_group to None, run_after=None
[2024-10-06T04:35:08.632+0000] {processor.py:208} INFO - Processing /home/airflow/.local/lib/python3.12/site-packages/airflow/example_dags/example_task_group.py took 0.170 seconds
[2024-10-06T04:35:39.045+0000] {processor.py:186} INFO - Started process (PID=102) to work on /home/airflow/.local/lib/python3.12/site-packages/airflow/example_dags/example_task_group.py
[2024-10-06T04:35:39.047+0000] {processor.py:914} INFO - Processing file /home/airflow/.local/lib/python3.12/site-packages/airflow/example_dags/example_task_group.py for tasks to queue
[2024-10-06T04:35:39.051+0000] {logging_mixin.py:190} INFO - [2024-10-06T04:35:39.051+0000] {dagbag.py:588} INFO - Filling up the DagBag from /home/airflow/.local/lib/python3.12/site-packages/airflow/example_dags/example_task_group.py
[2024-10-06T04:35:39.072+0000] {processor.py:925} INFO - DAG(s) 'example_task_group' retrieved from /home/airflow/.local/lib/python3.12/site-packages/airflow/example_dags/example_task_group.py
[2024-10-06T04:35:39.138+0000] {logging_mixin.py:190} INFO - [2024-10-06T04:35:39.138+0000] {dag.py:3239} INFO - Sync 1 DAGs
[2024-10-06T04:35:39.157+0000] {logging_mixin.py:190} INFO - [2024-10-06T04:35:39.156+0000] {dag.py:4180} INFO - Setting next_dagrun for example_task_group to None, run_after=None
[2024-10-06T04:35:39.179+0000] {processor.py:208} INFO - Processing /home/airflow/.local/lib/python3.12/site-packages/airflow/example_dags/example_task_group.py took 0.144 seconds
[2024-10-06T04:36:09.791+0000] {processor.py:186} INFO - Started process (PID=163) to work on /home/airflow/.local/lib/python3.12/site-packages/airflow/example_dags/example_task_group.py
[2024-10-06T04:36:09.798+0000] {processor.py:914} INFO - Processing file /home/airflow/.local/lib/python3.12/site-packages/airflow/example_dags/example_task_group.py for tasks to queue
[2024-10-06T04:36:09.803+0000] {logging_mixin.py:190} INFO - [2024-10-06T04:36:09.802+0000] {dagbag.py:588} INFO - Filling up the DagBag from /home/airflow/.local/lib/python3.12/site-packages/airflow/example_dags/example_task_group.py
[2024-10-06T04:36:09.818+0000] {processor.py:925} INFO - DAG(s) 'example_task_group' retrieved from /home/airflow/.local/lib/python3.12/site-packages/airflow/example_dags/example_task_group.py
[2024-10-06T04:36:09.847+0000] {logging_mixin.py:190} INFO - [2024-10-06T04:36:09.847+0000] {dag.py:3239} INFO - Sync 1 DAGs
[2024-10-06T04:36:09.869+0000] {logging_mixin.py:190} INFO - [2024-10-06T04:36:09.869+0000] {dag.py:4180} INFO - Setting next_dagrun for example_task_group to None, run_after=None
[2024-10-06T04:36:09.895+0000] {processor.py:208} INFO - Processing /home/airflow/.local/lib/python3.12/site-packages/airflow/example_dags/example_task_group.py took 0.114 seconds
[2024-10-06T04:36:40.821+0000] {processor.py:186} INFO - Started process (PID=225) to work on /home/airflow/.local/lib/python3.12/site-packages/airflow/example_dags/example_task_group.py
[2024-10-06T04:36:40.822+0000] {processor.py:914} INFO - Processing file /home/airflow/.local/lib/python3.12/site-packages/airflow/example_dags/example_task_group.py for tasks to queue
[2024-10-06T04:36:40.826+0000] {logging_mixin.py:190} INFO - [2024-10-06T04:36:40.825+0000] {dagbag.py:588} INFO - Filling up the DagBag from /home/airflow/.local/lib/python3.12/site-packages/airflow/example_dags/example_task_group.py
[2024-10-06T04:36:40.839+0000] {processor.py:925} INFO - DAG(s) 'example_task_group' retrieved from /home/airflow/.local/lib/python3.12/site-packages/airflow/example_dags/example_task_group.py
[2024-10-06T04:36:40.872+0000] {logging_mixin.py:190} INFO - [2024-10-06T04:36:40.872+0000] {dag.py:3239} INFO - Sync 1 DAGs
[2024-10-06T04:36:40.894+0000] {logging_mixin.py:190} INFO - [2024-10-06T04:36:40.893+0000] {dag.py:4180} INFO - Setting next_dagrun for example_task_group to None, run_after=None
[2024-10-06T04:36:40.921+0000] {processor.py:208} INFO - Processing /home/airflow/.local/lib/python3.12/site-packages/airflow/example_dags/example_task_group.py took 0.110 seconds
[2024-10-06T04:37:11.238+0000] {processor.py:186} INFO - Started process (PID=287) to work on /home/airflow/.local/lib/python3.12/site-packages/airflow/example_dags/example_task_group.py
[2024-10-06T04:37:11.239+0000] {processor.py:914} INFO - Processing file /home/airflow/.local/lib/python3.12/site-packages/airflow/example_dags/example_task_group.py for tasks to queue
[2024-10-06T04:37:11.243+0000] {logging_mixin.py:190} INFO - [2024-10-06T04:37:11.242+0000] {dagbag.py:588} INFO - Filling up the DagBag from /home/airflow/.local/lib/python3.12/site-packages/airflow/example_dags/example_task_group.py
[2024-10-06T04:37:11.257+0000] {processor.py:925} INFO - DAG(s) 'example_task_group' retrieved from /home/airflow/.local/lib/python3.12/site-packages/airflow/example_dags/example_task_group.py
[2024-10-06T04:37:11.302+0000] {logging_mixin.py:190} INFO - [2024-10-06T04:37:11.302+0000] {dag.py:3239} INFO - Sync 1 DAGs
[2024-10-06T04:37:11.326+0000] {logging_mixin.py:190} INFO - [2024-10-06T04:37:11.325+0000] {dag.py:4180} INFO - Setting next_dagrun for example_task_group to None, run_after=None
[2024-10-06T04:37:11.351+0000] {processor.py:208} INFO - Processing /home/airflow/.local/lib/python3.12/site-packages/airflow/example_dags/example_task_group.py took 0.121 seconds
[2024-10-06T04:39:06.550+0000] {processor.py:186} INFO - Started process (PID=42) to work on /home/airflow/.local/lib/python3.12/site-packages/airflow/example_dags/example_task_group.py
[2024-10-06T04:39:06.553+0000] {processor.py:914} INFO - Processing file /home/airflow/.local/lib/python3.12/site-packages/airflow/example_dags/example_task_group.py for tasks to queue
[2024-10-06T04:39:06.576+0000] {logging_mixin.py:190} INFO - [2024-10-06T04:39:06.572+0000] {dagbag.py:588} INFO - Filling up the DagBag from /home/airflow/.local/lib/python3.12/site-packages/airflow/example_dags/example_task_group.py
[2024-10-06T04:39:06.643+0000] {processor.py:925} INFO - DAG(s) 'example_task_group' retrieved from /home/airflow/.local/lib/python3.12/site-packages/airflow/example_dags/example_task_group.py
[2024-10-06T04:39:06.995+0000] {logging_mixin.py:190} INFO - [2024-10-06T04:39:06.994+0000] {override.py:1900} INFO - Created Permission View: can read on DAG:example_task_group
[2024-10-06T04:39:07.019+0000] {logging_mixin.py:190} INFO - [2024-10-06T04:39:07.019+0000] {override.py:1900} INFO - Created Permission View: can edit on DAG:example_task_group
[2024-10-06T04:39:07.039+0000] {logging_mixin.py:190} INFO - [2024-10-06T04:39:07.039+0000] {override.py:1900} INFO - Created Permission View: can delete on DAG:example_task_group
[2024-10-06T04:39:07.053+0000] {logging_mixin.py:190} INFO - [2024-10-06T04:39:07.052+0000] {override.py:1900} INFO - Created Permission View: menu access on DAG Run:example_task_group
[2024-10-06T04:39:07.079+0000] {logging_mixin.py:190} INFO - [2024-10-06T04:39:07.079+0000] {override.py:1900} INFO - Created Permission View: can read on DAG Run:example_task_group
[2024-10-06T04:39:07.117+0000] {logging_mixin.py:190} INFO - [2024-10-06T04:39:07.116+0000] {override.py:1900} INFO - Created Permission View: can create on DAG Run:example_task_group
[2024-10-06T04:39:07.138+0000] {logging_mixin.py:190} INFO - [2024-10-06T04:39:07.137+0000] {override.py:1900} INFO - Created Permission View: can delete on DAG Run:example_task_group
[2024-10-06T04:39:07.138+0000] {logging_mixin.py:190} INFO - [2024-10-06T04:39:07.138+0000] {dag.py:3239} INFO - Sync 1 DAGs
[2024-10-06T04:39:07.174+0000] {logging_mixin.py:190} INFO - [2024-10-06T04:39:07.173+0000] {dag.py:3262} INFO - Creating ORM DAG for example_task_group
[2024-10-06T04:39:07.175+0000] {logging_mixin.py:190} INFO - [2024-10-06T04:39:07.175+0000] {dag.py:4180} INFO - Setting next_dagrun for example_task_group to None, run_after=None
[2024-10-06T04:39:07.226+0000] {processor.py:208} INFO - Processing /home/airflow/.local/lib/python3.12/site-packages/airflow/example_dags/example_task_group.py took 0.722 seconds
[2024-10-06T04:39:37.532+0000] {processor.py:186} INFO - Started process (PID=103) to work on /home/airflow/.local/lib/python3.12/site-packages/airflow/example_dags/example_task_group.py
[2024-10-06T04:39:37.533+0000] {processor.py:914} INFO - Processing file /home/airflow/.local/lib/python3.12/site-packages/airflow/example_dags/example_task_group.py for tasks to queue
[2024-10-06T04:39:37.537+0000] {logging_mixin.py:190} INFO - [2024-10-06T04:39:37.536+0000] {dagbag.py:588} INFO - Filling up the DagBag from /home/airflow/.local/lib/python3.12/site-packages/airflow/example_dags/example_task_group.py
[2024-10-06T04:39:37.550+0000] {processor.py:925} INFO - DAG(s) 'example_task_group' retrieved from /home/airflow/.local/lib/python3.12/site-packages/airflow/example_dags/example_task_group.py
[2024-10-06T04:39:37.583+0000] {logging_mixin.py:190} INFO - [2024-10-06T04:39:37.583+0000] {dag.py:3239} INFO - Sync 1 DAGs
[2024-10-06T04:39:37.604+0000] {logging_mixin.py:190} INFO - [2024-10-06T04:39:37.603+0000] {dag.py:4180} INFO - Setting next_dagrun for example_task_group to None, run_after=None
[2024-10-06T04:39:37.633+0000] {processor.py:208} INFO - Processing /home/airflow/.local/lib/python3.12/site-packages/airflow/example_dags/example_task_group.py took 0.111 seconds
[2024-10-06T04:40:08.530+0000] {processor.py:186} INFO - Started process (PID=167) to work on /home/airflow/.local/lib/python3.12/site-packages/airflow/example_dags/example_task_group.py
[2024-10-06T04:40:08.531+0000] {processor.py:914} INFO - Processing file /home/airflow/.local/lib/python3.12/site-packages/airflow/example_dags/example_task_group.py for tasks to queue
[2024-10-06T04:40:08.535+0000] {logging_mixin.py:190} INFO - [2024-10-06T04:40:08.534+0000] {dagbag.py:588} INFO - Filling up the DagBag from /home/airflow/.local/lib/python3.12/site-packages/airflow/example_dags/example_task_group.py
[2024-10-06T04:40:08.548+0000] {processor.py:925} INFO - DAG(s) 'example_task_group' retrieved from /home/airflow/.local/lib/python3.12/site-packages/airflow/example_dags/example_task_group.py
[2024-10-06T04:40:08.578+0000] {logging_mixin.py:190} INFO - [2024-10-06T04:40:08.578+0000] {dag.py:3239} INFO - Sync 1 DAGs
[2024-10-06T04:40:08.599+0000] {logging_mixin.py:190} INFO - [2024-10-06T04:40:08.599+0000] {dag.py:4180} INFO - Setting next_dagrun for example_task_group to None, run_after=None
[2024-10-06T04:40:08.625+0000] {processor.py:208} INFO - Processing /home/airflow/.local/lib/python3.12/site-packages/airflow/example_dags/example_task_group.py took 0.104 seconds
[2024-10-06T04:40:39.358+0000] {processor.py:186} INFO - Started process (PID=229) to work on /home/airflow/.local/lib/python3.12/site-packages/airflow/example_dags/example_task_group.py
[2024-10-06T04:40:39.359+0000] {processor.py:914} INFO - Processing file /home/airflow/.local/lib/python3.12/site-packages/airflow/example_dags/example_task_group.py for tasks to queue
[2024-10-06T04:40:39.363+0000] {logging_mixin.py:190} INFO - [2024-10-06T04:40:39.363+0000] {dagbag.py:588} INFO - Filling up the DagBag from /home/airflow/.local/lib/python3.12/site-packages/airflow/example_dags/example_task_group.py
[2024-10-06T04:40:39.403+0000] {processor.py:925} INFO - DAG(s) 'example_task_group' retrieved from /home/airflow/.local/lib/python3.12/site-packages/airflow/example_dags/example_task_group.py
[2024-10-06T04:40:39.451+0000] {logging_mixin.py:190} INFO - [2024-10-06T04:40:39.451+0000] {dag.py:3239} INFO - Sync 1 DAGs
[2024-10-06T04:40:39.472+0000] {logging_mixin.py:190} INFO - [2024-10-06T04:40:39.472+0000] {dag.py:4180} INFO - Setting next_dagrun for example_task_group to None, run_after=None
[2024-10-06T04:40:39.504+0000] {processor.py:208} INFO - Processing /home/airflow/.local/lib/python3.12/site-packages/airflow/example_dags/example_task_group.py took 0.161 seconds
[2024-10-06T04:41:09.570+0000] {processor.py:186} INFO - Started process (PID=289) to work on /home/airflow/.local/lib/python3.12/site-packages/airflow/example_dags/example_task_group.py
[2024-10-06T04:41:09.572+0000] {processor.py:914} INFO - Processing file /home/airflow/.local/lib/python3.12/site-packages/airflow/example_dags/example_task_group.py for tasks to queue
[2024-10-06T04:41:09.576+0000] {logging_mixin.py:190} INFO - [2024-10-06T04:41:09.575+0000] {dagbag.py:588} INFO - Filling up the DagBag from /home/airflow/.local/lib/python3.12/site-packages/airflow/example_dags/example_task_group.py
[2024-10-06T04:41:09.590+0000] {processor.py:925} INFO - DAG(s) 'example_task_group' retrieved from /home/airflow/.local/lib/python3.12/site-packages/airflow/example_dags/example_task_group.py
[2024-10-06T04:41:09.620+0000] {logging_mixin.py:190} INFO - [2024-10-06T04:41:09.620+0000] {dag.py:3239} INFO - Sync 1 DAGs
[2024-10-06T04:41:09.644+0000] {logging_mixin.py:190} INFO - [2024-10-06T04:41:09.644+0000] {dag.py:4180} INFO - Setting next_dagrun for example_task_group to None, run_after=None
[2024-10-06T04:41:09.670+0000] {processor.py:208} INFO - Processing /home/airflow/.local/lib/python3.12/site-packages/airflow/example_dags/example_task_group.py took 0.108 seconds
[2024-10-06T04:41:39.996+0000] {processor.py:186} INFO - Started process (PID=351) to work on /home/airflow/.local/lib/python3.12/site-packages/airflow/example_dags/example_task_group.py
[2024-10-06T04:41:39.997+0000] {processor.py:914} INFO - Processing file /home/airflow/.local/lib/python3.12/site-packages/airflow/example_dags/example_task_group.py for tasks to queue
[2024-10-06T04:41:40.002+0000] {logging_mixin.py:190} INFO - [2024-10-06T04:41:40.001+0000] {dagbag.py:588} INFO - Filling up the DagBag from /home/airflow/.local/lib/python3.12/site-packages/airflow/example_dags/example_task_group.py
[2024-10-06T04:41:40.015+0000] {processor.py:925} INFO - DAG(s) 'example_task_group' retrieved from /home/airflow/.local/lib/python3.12/site-packages/airflow/example_dags/example_task_group.py
[2024-10-06T04:41:40.046+0000] {logging_mixin.py:190} INFO - [2024-10-06T04:41:40.046+0000] {dag.py:3239} INFO - Sync 1 DAGs
[2024-10-06T04:41:40.067+0000] {logging_mixin.py:190} INFO - [2024-10-06T04:41:40.066+0000] {dag.py:4180} INFO - Setting next_dagrun for example_task_group to None, run_after=None
[2024-10-06T04:41:40.093+0000] {processor.py:208} INFO - Processing /home/airflow/.local/lib/python3.12/site-packages/airflow/example_dags/example_task_group.py took 0.106 seconds
[2024-10-06T04:42:10.851+0000] {processor.py:186} INFO - Started process (PID=413) to work on /home/airflow/.local/lib/python3.12/site-packages/airflow/example_dags/example_task_group.py
[2024-10-06T04:42:10.853+0000] {processor.py:914} INFO - Processing file /home/airflow/.local/lib/python3.12/site-packages/airflow/example_dags/example_task_group.py for tasks to queue
[2024-10-06T04:42:10.857+0000] {logging_mixin.py:190} INFO - [2024-10-06T04:42:10.857+0000] {dagbag.py:588} INFO - Filling up the DagBag from /home/airflow/.local/lib/python3.12/site-packages/airflow/example_dags/example_task_group.py
[2024-10-06T04:42:10.870+0000] {processor.py:925} INFO - DAG(s) 'example_task_group' retrieved from /home/airflow/.local/lib/python3.12/site-packages/airflow/example_dags/example_task_group.py
[2024-10-06T04:42:10.905+0000] {logging_mixin.py:190} INFO - [2024-10-06T04:42:10.905+0000] {dag.py:3239} INFO - Sync 1 DAGs
[2024-10-06T04:42:10.926+0000] {logging_mixin.py:190} INFO - [2024-10-06T04:42:10.925+0000] {dag.py:4180} INFO - Setting next_dagrun for example_task_group to None, run_after=None
[2024-10-06T04:42:10.951+0000] {processor.py:208} INFO - Processing /home/airflow/.local/lib/python3.12/site-packages/airflow/example_dags/example_task_group.py took 0.109 seconds
[2024-10-06T04:42:41.355+0000] {processor.py:186} INFO - Started process (PID=475) to work on /home/airflow/.local/lib/python3.12/site-packages/airflow/example_dags/example_task_group.py
[2024-10-06T04:42:41.357+0000] {processor.py:914} INFO - Processing file /home/airflow/.local/lib/python3.12/site-packages/airflow/example_dags/example_task_group.py for tasks to queue
[2024-10-06T04:42:41.361+0000] {logging_mixin.py:190} INFO - [2024-10-06T04:42:41.361+0000] {dagbag.py:588} INFO - Filling up the DagBag from /home/airflow/.local/lib/python3.12/site-packages/airflow/example_dags/example_task_group.py
[2024-10-06T04:42:41.373+0000] {processor.py:925} INFO - DAG(s) 'example_task_group' retrieved from /home/airflow/.local/lib/python3.12/site-packages/airflow/example_dags/example_task_group.py
[2024-10-06T04:42:41.399+0000] {logging_mixin.py:190} INFO - [2024-10-06T04:42:41.399+0000] {dag.py:3239} INFO - Sync 1 DAGs
[2024-10-06T04:42:41.417+0000] {logging_mixin.py:190} INFO - [2024-10-06T04:42:41.416+0000] {dag.py:4180} INFO - Setting next_dagrun for example_task_group to None, run_after=None
[2024-10-06T04:42:41.438+0000] {processor.py:208} INFO - Processing /home/airflow/.local/lib/python3.12/site-packages/airflow/example_dags/example_task_group.py took 0.091 seconds
[2024-10-06T04:45:40.771+0000] {processor.py:186} INFO - Started process (PID=36) to work on /home/airflow/.local/lib/python3.12/site-packages/airflow/example_dags/example_task_group.py
[2024-10-06T04:45:40.772+0000] {processor.py:914} INFO - Processing file /home/airflow/.local/lib/python3.12/site-packages/airflow/example_dags/example_task_group.py for tasks to queue
[2024-10-06T04:45:40.777+0000] {logging_mixin.py:190} INFO - [2024-10-06T04:45:40.776+0000] {dagbag.py:588} INFO - Filling up the DagBag from /home/airflow/.local/lib/python3.12/site-packages/airflow/example_dags/example_task_group.py
[2024-10-06T04:45:40.792+0000] {processor.py:925} INFO - DAG(s) 'example_task_group' retrieved from /home/airflow/.local/lib/python3.12/site-packages/airflow/example_dags/example_task_group.py
[2024-10-06T04:45:40.826+0000] {logging_mixin.py:190} INFO - [2024-10-06T04:45:40.825+0000] {dag.py:3239} INFO - Sync 1 DAGs
[2024-10-06T04:45:40.847+0000] {logging_mixin.py:190} INFO - [2024-10-06T04:45:40.846+0000] {dag.py:4180} INFO - Setting next_dagrun for example_task_group to None, run_after=None
[2024-10-06T04:45:40.890+0000] {processor.py:208} INFO - Processing /home/airflow/.local/lib/python3.12/site-packages/airflow/example_dags/example_task_group.py took 0.127 seconds
[2024-10-06T04:46:11.781+0000] {processor.py:186} INFO - Started process (PID=98) to work on /home/airflow/.local/lib/python3.12/site-packages/airflow/example_dags/example_task_group.py
[2024-10-06T04:46:11.783+0000] {processor.py:914} INFO - Processing file /home/airflow/.local/lib/python3.12/site-packages/airflow/example_dags/example_task_group.py for tasks to queue
[2024-10-06T04:46:11.788+0000] {logging_mixin.py:190} INFO - [2024-10-06T04:46:11.787+0000] {dagbag.py:588} INFO - Filling up the DagBag from /home/airflow/.local/lib/python3.12/site-packages/airflow/example_dags/example_task_group.py
[2024-10-06T04:46:11.804+0000] {processor.py:925} INFO - DAG(s) 'example_task_group' retrieved from /home/airflow/.local/lib/python3.12/site-packages/airflow/example_dags/example_task_group.py
[2024-10-06T04:46:11.837+0000] {logging_mixin.py:190} INFO - [2024-10-06T04:46:11.836+0000] {dag.py:3239} INFO - Sync 1 DAGs
[2024-10-06T04:46:11.853+0000] {logging_mixin.py:190} INFO - [2024-10-06T04:46:11.853+0000] {dag.py:4180} INFO - Setting next_dagrun for example_task_group to None, run_after=None
[2024-10-06T04:46:11.876+0000] {processor.py:208} INFO - Processing /home/airflow/.local/lib/python3.12/site-packages/airflow/example_dags/example_task_group.py took 0.105 seconds
