[2024-10-06T04:19:02.183+0000] {processor.py:186} INFO - Started process (PID=74) to work on /home/airflow/.local/lib/python3.12/site-packages/airflow/example_dags/example_setup_teardown.py
[2024-10-06T04:19:02.184+0000] {processor.py:914} INFO - Processing file /home/airflow/.local/lib/python3.12/site-packages/airflow/example_dags/example_setup_teardown.py for tasks to queue
[2024-10-06T04:19:02.189+0000] {logging_mixin.py:190} INFO - [2024-10-06T04:19:02.188+0000] {dagbag.py:588} INFO - Filling up the DagBag from /home/airflow/.local/lib/python3.12/site-packages/airflow/example_dags/example_setup_teardown.py
[2024-10-06T04:19:02.205+0000] {processor.py:925} INFO - DAG(s) 'example_setup_teardown' retrieved from /home/airflow/.local/lib/python3.12/site-packages/airflow/example_dags/example_setup_teardown.py
[2024-10-06T04:19:02.389+0000] {logging_mixin.py:190} INFO - [2024-10-06T04:19:02.387+0000] {override.py:1900} INFO - Created Permission View: can edit on DAG:example_setup_teardown
[2024-10-06T04:19:02.403+0000] {logging_mixin.py:190} INFO - [2024-10-06T04:19:02.403+0000] {override.py:1900} INFO - Created Permission View: can delete on DAG:example_setup_teardown
[2024-10-06T04:19:02.412+0000] {logging_mixin.py:190} INFO - [2024-10-06T04:19:02.412+0000] {override.py:1900} INFO - Created Permission View: can read on DAG:example_setup_teardown
[2024-10-06T04:19:02.423+0000] {logging_mixin.py:190} INFO - [2024-10-06T04:19:02.423+0000] {override.py:1900} INFO - Created Permission View: can create on DAG Run:example_setup_teardown
[2024-10-06T04:19:02.434+0000] {logging_mixin.py:190} INFO - [2024-10-06T04:19:02.433+0000] {override.py:1900} INFO - Created Permission View: menu access on DAG Run:example_setup_teardown
[2024-10-06T04:19:02.442+0000] {logging_mixin.py:190} INFO - [2024-10-06T04:19:02.442+0000] {override.py:1900} INFO - Created Permission View: can read on DAG Run:example_setup_teardown
[2024-10-06T04:19:02.452+0000] {logging_mixin.py:190} INFO - [2024-10-06T04:19:02.451+0000] {override.py:1900} INFO - Created Permission View: can delete on DAG Run:example_setup_teardown
[2024-10-06T04:19:02.453+0000] {logging_mixin.py:190} INFO - [2024-10-06T04:19:02.452+0000] {dag.py:3239} INFO - Sync 1 DAGs
[2024-10-06T04:19:02.479+0000] {logging_mixin.py:190} INFO - [2024-10-06T04:19:02.479+0000] {dag.py:3262} INFO - Creating ORM DAG for example_setup_teardown
[2024-10-06T04:19:02.480+0000] {logging_mixin.py:190} INFO - [2024-10-06T04:19:02.480+0000] {dag.py:4180} INFO - Setting next_dagrun for example_setup_teardown to None, run_after=None
[2024-10-06T04:19:02.507+0000] {processor.py:208} INFO - Processing /home/airflow/.local/lib/python3.12/site-packages/airflow/example_dags/example_setup_teardown.py took 0.335 seconds
[2024-10-06T04:19:51.572+0000] {processor.py:186} INFO - Started process (PID=142) to work on /home/airflow/.local/lib/python3.12/site-packages/airflow/example_dags/example_setup_teardown.py
[2024-10-06T04:19:51.574+0000] {processor.py:914} INFO - Processing file /home/airflow/.local/lib/python3.12/site-packages/airflow/example_dags/example_setup_teardown.py for tasks to queue
[2024-10-06T04:19:51.578+0000] {logging_mixin.py:190} INFO - [2024-10-06T04:19:51.577+0000] {dagbag.py:588} INFO - Filling up the DagBag from /home/airflow/.local/lib/python3.12/site-packages/airflow/example_dags/example_setup_teardown.py
[2024-10-06T04:19:51.594+0000] {processor.py:925} INFO - DAG(s) 'example_setup_teardown' retrieved from /home/airflow/.local/lib/python3.12/site-packages/airflow/example_dags/example_setup_teardown.py
[2024-10-06T04:19:51.624+0000] {logging_mixin.py:190} INFO - [2024-10-06T04:19:51.624+0000] {dag.py:3239} INFO - Sync 1 DAGs
[2024-10-06T04:19:51.646+0000] {logging_mixin.py:190} INFO - [2024-10-06T04:19:51.646+0000] {dag.py:4180} INFO - Setting next_dagrun for example_setup_teardown to None, run_after=None
[2024-10-06T04:19:51.670+0000] {processor.py:208} INFO - Processing /home/airflow/.local/lib/python3.12/site-packages/airflow/example_dags/example_setup_teardown.py took 0.110 seconds
[2024-10-06T04:20:22.331+0000] {processor.py:186} INFO - Started process (PID=204) to work on /home/airflow/.local/lib/python3.12/site-packages/airflow/example_dags/example_setup_teardown.py
[2024-10-06T04:20:22.332+0000] {processor.py:914} INFO - Processing file /home/airflow/.local/lib/python3.12/site-packages/airflow/example_dags/example_setup_teardown.py for tasks to queue
[2024-10-06T04:20:22.336+0000] {logging_mixin.py:190} INFO - [2024-10-06T04:20:22.335+0000] {dagbag.py:588} INFO - Filling up the DagBag from /home/airflow/.local/lib/python3.12/site-packages/airflow/example_dags/example_setup_teardown.py
[2024-10-06T04:20:22.348+0000] {processor.py:925} INFO - DAG(s) 'example_setup_teardown' retrieved from /home/airflow/.local/lib/python3.12/site-packages/airflow/example_dags/example_setup_teardown.py
[2024-10-06T04:20:22.380+0000] {logging_mixin.py:190} INFO - [2024-10-06T04:20:22.380+0000] {dag.py:3239} INFO - Sync 1 DAGs
[2024-10-06T04:20:22.408+0000] {logging_mixin.py:190} INFO - [2024-10-06T04:20:22.407+0000] {dag.py:4180} INFO - Setting next_dagrun for example_setup_teardown to None, run_after=None
[2024-10-06T04:20:22.432+0000] {processor.py:208} INFO - Processing /home/airflow/.local/lib/python3.12/site-packages/airflow/example_dags/example_setup_teardown.py took 0.111 seconds
[2024-10-06T04:20:52.749+0000] {processor.py:186} INFO - Started process (PID=267) to work on /home/airflow/.local/lib/python3.12/site-packages/airflow/example_dags/example_setup_teardown.py
[2024-10-06T04:20:52.751+0000] {processor.py:914} INFO - Processing file /home/airflow/.local/lib/python3.12/site-packages/airflow/example_dags/example_setup_teardown.py for tasks to queue
[2024-10-06T04:20:52.755+0000] {logging_mixin.py:190} INFO - [2024-10-06T04:20:52.754+0000] {dagbag.py:588} INFO - Filling up the DagBag from /home/airflow/.local/lib/python3.12/site-packages/airflow/example_dags/example_setup_teardown.py
[2024-10-06T04:20:52.767+0000] {processor.py:925} INFO - DAG(s) 'example_setup_teardown' retrieved from /home/airflow/.local/lib/python3.12/site-packages/airflow/example_dags/example_setup_teardown.py
[2024-10-06T04:20:52.799+0000] {logging_mixin.py:190} INFO - [2024-10-06T04:20:52.798+0000] {dag.py:3239} INFO - Sync 1 DAGs
[2024-10-06T04:20:52.819+0000] {logging_mixin.py:190} INFO - [2024-10-06T04:20:52.819+0000] {dag.py:4180} INFO - Setting next_dagrun for example_setup_teardown to None, run_after=None
[2024-10-06T04:20:52.844+0000] {processor.py:208} INFO - Processing /home/airflow/.local/lib/python3.12/site-packages/airflow/example_dags/example_setup_teardown.py took 0.104 seconds
[2024-10-06T04:21:23.147+0000] {processor.py:186} INFO - Started process (PID=329) to work on /home/airflow/.local/lib/python3.12/site-packages/airflow/example_dags/example_setup_teardown.py
[2024-10-06T04:21:23.148+0000] {processor.py:914} INFO - Processing file /home/airflow/.local/lib/python3.12/site-packages/airflow/example_dags/example_setup_teardown.py for tasks to queue
[2024-10-06T04:21:23.152+0000] {logging_mixin.py:190} INFO - [2024-10-06T04:21:23.151+0000] {dagbag.py:588} INFO - Filling up the DagBag from /home/airflow/.local/lib/python3.12/site-packages/airflow/example_dags/example_setup_teardown.py
[2024-10-06T04:21:23.164+0000] {processor.py:925} INFO - DAG(s) 'example_setup_teardown' retrieved from /home/airflow/.local/lib/python3.12/site-packages/airflow/example_dags/example_setup_teardown.py
[2024-10-06T04:21:23.205+0000] {logging_mixin.py:190} INFO - [2024-10-06T04:21:23.204+0000] {dag.py:3239} INFO - Sync 1 DAGs
[2024-10-06T04:21:23.231+0000] {logging_mixin.py:190} INFO - [2024-10-06T04:21:23.230+0000] {dag.py:4180} INFO - Setting next_dagrun for example_setup_teardown to None, run_after=None
[2024-10-06T04:21:23.267+0000] {processor.py:208} INFO - Processing /home/airflow/.local/lib/python3.12/site-packages/airflow/example_dags/example_setup_teardown.py took 0.128 seconds
[2024-10-06T04:21:53.837+0000] {processor.py:186} INFO - Started process (PID=390) to work on /home/airflow/.local/lib/python3.12/site-packages/airflow/example_dags/example_setup_teardown.py
[2024-10-06T04:21:53.839+0000] {processor.py:914} INFO - Processing file /home/airflow/.local/lib/python3.12/site-packages/airflow/example_dags/example_setup_teardown.py for tasks to queue
[2024-10-06T04:21:53.845+0000] {logging_mixin.py:190} INFO - [2024-10-06T04:21:53.844+0000] {dagbag.py:588} INFO - Filling up the DagBag from /home/airflow/.local/lib/python3.12/site-packages/airflow/example_dags/example_setup_teardown.py
[2024-10-06T04:21:53.861+0000] {processor.py:925} INFO - DAG(s) 'example_setup_teardown' retrieved from /home/airflow/.local/lib/python3.12/site-packages/airflow/example_dags/example_setup_teardown.py
[2024-10-06T04:21:53.902+0000] {logging_mixin.py:190} INFO - [2024-10-06T04:21:53.901+0000] {dag.py:3239} INFO - Sync 1 DAGs
[2024-10-06T04:21:53.933+0000] {logging_mixin.py:190} INFO - [2024-10-06T04:21:53.932+0000] {dag.py:4180} INFO - Setting next_dagrun for example_setup_teardown to None, run_after=None
[2024-10-06T04:21:53.974+0000] {processor.py:208} INFO - Processing /home/airflow/.local/lib/python3.12/site-packages/airflow/example_dags/example_setup_teardown.py took 0.149 seconds
[2024-10-06T04:22:24.774+0000] {processor.py:186} INFO - Started process (PID=453) to work on /home/airflow/.local/lib/python3.12/site-packages/airflow/example_dags/example_setup_teardown.py
[2024-10-06T04:22:24.775+0000] {processor.py:914} INFO - Processing file /home/airflow/.local/lib/python3.12/site-packages/airflow/example_dags/example_setup_teardown.py for tasks to queue
[2024-10-06T04:22:24.779+0000] {logging_mixin.py:190} INFO - [2024-10-06T04:22:24.779+0000] {dagbag.py:588} INFO - Filling up the DagBag from /home/airflow/.local/lib/python3.12/site-packages/airflow/example_dags/example_setup_teardown.py
[2024-10-06T04:22:24.791+0000] {processor.py:925} INFO - DAG(s) 'example_setup_teardown' retrieved from /home/airflow/.local/lib/python3.12/site-packages/airflow/example_dags/example_setup_teardown.py
[2024-10-06T04:22:24.821+0000] {logging_mixin.py:190} INFO - [2024-10-06T04:22:24.820+0000] {dag.py:3239} INFO - Sync 1 DAGs
[2024-10-06T04:22:24.843+0000] {logging_mixin.py:190} INFO - [2024-10-06T04:22:24.843+0000] {dag.py:4180} INFO - Setting next_dagrun for example_setup_teardown to None, run_after=None
[2024-10-06T04:22:24.871+0000] {processor.py:208} INFO - Processing /home/airflow/.local/lib/python3.12/site-packages/airflow/example_dags/example_setup_teardown.py took 0.106 seconds
[2024-10-06T04:22:55.169+0000] {processor.py:186} INFO - Started process (PID=516) to work on /home/airflow/.local/lib/python3.12/site-packages/airflow/example_dags/example_setup_teardown.py
[2024-10-06T04:22:55.171+0000] {processor.py:914} INFO - Processing file /home/airflow/.local/lib/python3.12/site-packages/airflow/example_dags/example_setup_teardown.py for tasks to queue
[2024-10-06T04:22:55.175+0000] {logging_mixin.py:190} INFO - [2024-10-06T04:22:55.174+0000] {dagbag.py:588} INFO - Filling up the DagBag from /home/airflow/.local/lib/python3.12/site-packages/airflow/example_dags/example_setup_teardown.py
[2024-10-06T04:22:55.189+0000] {processor.py:925} INFO - DAG(s) 'example_setup_teardown' retrieved from /home/airflow/.local/lib/python3.12/site-packages/airflow/example_dags/example_setup_teardown.py
[2024-10-06T04:22:55.215+0000] {logging_mixin.py:190} INFO - [2024-10-06T04:22:55.215+0000] {dag.py:3239} INFO - Sync 1 DAGs
[2024-10-06T04:22:55.234+0000] {logging_mixin.py:190} INFO - [2024-10-06T04:22:55.233+0000] {dag.py:4180} INFO - Setting next_dagrun for example_setup_teardown to None, run_after=None
[2024-10-06T04:22:55.274+0000] {processor.py:208} INFO - Processing /home/airflow/.local/lib/python3.12/site-packages/airflow/example_dags/example_setup_teardown.py took 0.114 seconds
[2024-10-06T04:23:25.492+0000] {processor.py:186} INFO - Started process (PID=578) to work on /home/airflow/.local/lib/python3.12/site-packages/airflow/example_dags/example_setup_teardown.py
[2024-10-06T04:23:25.494+0000] {processor.py:914} INFO - Processing file /home/airflow/.local/lib/python3.12/site-packages/airflow/example_dags/example_setup_teardown.py for tasks to queue
[2024-10-06T04:23:25.499+0000] {logging_mixin.py:190} INFO - [2024-10-06T04:23:25.498+0000] {dagbag.py:588} INFO - Filling up the DagBag from /home/airflow/.local/lib/python3.12/site-packages/airflow/example_dags/example_setup_teardown.py
[2024-10-06T04:23:25.513+0000] {processor.py:925} INFO - DAG(s) 'example_setup_teardown' retrieved from /home/airflow/.local/lib/python3.12/site-packages/airflow/example_dags/example_setup_teardown.py
[2024-10-06T04:23:25.558+0000] {logging_mixin.py:190} INFO - [2024-10-06T04:23:25.557+0000] {dag.py:3239} INFO - Sync 1 DAGs
[2024-10-06T04:23:25.581+0000] {logging_mixin.py:190} INFO - [2024-10-06T04:23:25.581+0000] {dag.py:4180} INFO - Setting next_dagrun for example_setup_teardown to None, run_after=None
[2024-10-06T04:23:25.610+0000] {processor.py:208} INFO - Processing /home/airflow/.local/lib/python3.12/site-packages/airflow/example_dags/example_setup_teardown.py took 0.128 seconds
[2024-10-06T04:23:56.316+0000] {processor.py:186} INFO - Started process (PID=639) to work on /home/airflow/.local/lib/python3.12/site-packages/airflow/example_dags/example_setup_teardown.py
[2024-10-06T04:23:56.317+0000] {processor.py:914} INFO - Processing file /home/airflow/.local/lib/python3.12/site-packages/airflow/example_dags/example_setup_teardown.py for tasks to queue
[2024-10-06T04:23:56.321+0000] {logging_mixin.py:190} INFO - [2024-10-06T04:23:56.320+0000] {dagbag.py:588} INFO - Filling up the DagBag from /home/airflow/.local/lib/python3.12/site-packages/airflow/example_dags/example_setup_teardown.py
[2024-10-06T04:23:56.333+0000] {processor.py:925} INFO - DAG(s) 'example_setup_teardown' retrieved from /home/airflow/.local/lib/python3.12/site-packages/airflow/example_dags/example_setup_teardown.py
[2024-10-06T04:23:56.365+0000] {logging_mixin.py:190} INFO - [2024-10-06T04:23:56.365+0000] {dag.py:3239} INFO - Sync 1 DAGs
[2024-10-06T04:23:56.389+0000] {logging_mixin.py:190} INFO - [2024-10-06T04:23:56.389+0000] {dag.py:4180} INFO - Setting next_dagrun for example_setup_teardown to None, run_after=None
[2024-10-06T04:23:56.419+0000] {processor.py:208} INFO - Processing /home/airflow/.local/lib/python3.12/site-packages/airflow/example_dags/example_setup_teardown.py took 0.111 seconds
[2024-10-06T04:24:26.992+0000] {processor.py:186} INFO - Started process (PID=700) to work on /home/airflow/.local/lib/python3.12/site-packages/airflow/example_dags/example_setup_teardown.py
[2024-10-06T04:24:26.994+0000] {processor.py:914} INFO - Processing file /home/airflow/.local/lib/python3.12/site-packages/airflow/example_dags/example_setup_teardown.py for tasks to queue
[2024-10-06T04:24:26.998+0000] {logging_mixin.py:190} INFO - [2024-10-06T04:24:26.998+0000] {dagbag.py:588} INFO - Filling up the DagBag from /home/airflow/.local/lib/python3.12/site-packages/airflow/example_dags/example_setup_teardown.py
[2024-10-06T04:24:27.013+0000] {processor.py:925} INFO - DAG(s) 'example_setup_teardown' retrieved from /home/airflow/.local/lib/python3.12/site-packages/airflow/example_dags/example_setup_teardown.py
[2024-10-06T04:24:27.046+0000] {logging_mixin.py:190} INFO - [2024-10-06T04:24:27.045+0000] {dag.py:3239} INFO - Sync 1 DAGs
[2024-10-06T04:24:27.070+0000] {logging_mixin.py:190} INFO - [2024-10-06T04:24:27.069+0000] {dag.py:4180} INFO - Setting next_dagrun for example_setup_teardown to None, run_after=None
[2024-10-06T04:24:27.098+0000] {processor.py:208} INFO - Processing /home/airflow/.local/lib/python3.12/site-packages/airflow/example_dags/example_setup_teardown.py took 0.116 seconds
[2024-10-06T04:24:58.497+0000] {processor.py:186} INFO - Started process (PID=762) to work on /home/airflow/.local/lib/python3.12/site-packages/airflow/example_dags/example_setup_teardown.py
[2024-10-06T04:24:58.500+0000] {processor.py:914} INFO - Processing file /home/airflow/.local/lib/python3.12/site-packages/airflow/example_dags/example_setup_teardown.py for tasks to queue
[2024-10-06T04:24:58.504+0000] {logging_mixin.py:190} INFO - [2024-10-06T04:24:58.504+0000] {dagbag.py:588} INFO - Filling up the DagBag from /home/airflow/.local/lib/python3.12/site-packages/airflow/example_dags/example_setup_teardown.py
[2024-10-06T04:24:58.518+0000] {processor.py:925} INFO - DAG(s) 'example_setup_teardown' retrieved from /home/airflow/.local/lib/python3.12/site-packages/airflow/example_dags/example_setup_teardown.py
[2024-10-06T04:24:58.572+0000] {logging_mixin.py:190} INFO - [2024-10-06T04:24:58.571+0000] {dag.py:3239} INFO - Sync 1 DAGs
[2024-10-06T04:24:58.599+0000] {logging_mixin.py:190} INFO - [2024-10-06T04:24:58.598+0000] {dag.py:4180} INFO - Setting next_dagrun for example_setup_teardown to None, run_after=None
[2024-10-06T04:24:58.623+0000] {processor.py:208} INFO - Processing /home/airflow/.local/lib/python3.12/site-packages/airflow/example_dags/example_setup_teardown.py took 0.136 seconds
[2024-10-06T04:25:28.863+0000] {processor.py:186} INFO - Started process (PID=825) to work on /home/airflow/.local/lib/python3.12/site-packages/airflow/example_dags/example_setup_teardown.py
[2024-10-06T04:25:28.864+0000] {processor.py:914} INFO - Processing file /home/airflow/.local/lib/python3.12/site-packages/airflow/example_dags/example_setup_teardown.py for tasks to queue
[2024-10-06T04:25:28.869+0000] {logging_mixin.py:190} INFO - [2024-10-06T04:25:28.868+0000] {dagbag.py:588} INFO - Filling up the DagBag from /home/airflow/.local/lib/python3.12/site-packages/airflow/example_dags/example_setup_teardown.py
[2024-10-06T04:25:28.886+0000] {processor.py:925} INFO - DAG(s) 'example_setup_teardown' retrieved from /home/airflow/.local/lib/python3.12/site-packages/airflow/example_dags/example_setup_teardown.py
[2024-10-06T04:25:28.927+0000] {logging_mixin.py:190} INFO - [2024-10-06T04:25:28.927+0000] {dag.py:3239} INFO - Sync 1 DAGs
[2024-10-06T04:25:28.948+0000] {logging_mixin.py:190} INFO - [2024-10-06T04:25:28.947+0000] {dag.py:4180} INFO - Setting next_dagrun for example_setup_teardown to None, run_after=None
[2024-10-06T04:25:28.975+0000] {processor.py:208} INFO - Processing /home/airflow/.local/lib/python3.12/site-packages/airflow/example_dags/example_setup_teardown.py took 0.122 seconds
[2024-10-06T04:25:59.207+0000] {processor.py:186} INFO - Started process (PID=887) to work on /home/airflow/.local/lib/python3.12/site-packages/airflow/example_dags/example_setup_teardown.py
[2024-10-06T04:25:59.209+0000] {processor.py:914} INFO - Processing file /home/airflow/.local/lib/python3.12/site-packages/airflow/example_dags/example_setup_teardown.py for tasks to queue
[2024-10-06T04:25:59.214+0000] {logging_mixin.py:190} INFO - [2024-10-06T04:25:59.213+0000] {dagbag.py:588} INFO - Filling up the DagBag from /home/airflow/.local/lib/python3.12/site-packages/airflow/example_dags/example_setup_teardown.py
[2024-10-06T04:25:59.249+0000] {processor.py:925} INFO - DAG(s) 'example_setup_teardown' retrieved from /home/airflow/.local/lib/python3.12/site-packages/airflow/example_dags/example_setup_teardown.py
[2024-10-06T04:25:59.284+0000] {logging_mixin.py:190} INFO - [2024-10-06T04:25:59.284+0000] {dag.py:3239} INFO - Sync 1 DAGs
[2024-10-06T04:25:59.308+0000] {logging_mixin.py:190} INFO - [2024-10-06T04:25:59.308+0000] {dag.py:4180} INFO - Setting next_dagrun for example_setup_teardown to None, run_after=None
[2024-10-06T04:25:59.339+0000] {processor.py:208} INFO - Processing /home/airflow/.local/lib/python3.12/site-packages/airflow/example_dags/example_setup_teardown.py took 0.145 seconds
[2024-10-06T04:26:29.446+0000] {processor.py:186} INFO - Started process (PID=948) to work on /home/airflow/.local/lib/python3.12/site-packages/airflow/example_dags/example_setup_teardown.py
[2024-10-06T04:26:29.448+0000] {processor.py:914} INFO - Processing file /home/airflow/.local/lib/python3.12/site-packages/airflow/example_dags/example_setup_teardown.py for tasks to queue
[2024-10-06T04:26:29.451+0000] {logging_mixin.py:190} INFO - [2024-10-06T04:26:29.451+0000] {dagbag.py:588} INFO - Filling up the DagBag from /home/airflow/.local/lib/python3.12/site-packages/airflow/example_dags/example_setup_teardown.py
[2024-10-06T04:26:29.463+0000] {processor.py:925} INFO - DAG(s) 'example_setup_teardown' retrieved from /home/airflow/.local/lib/python3.12/site-packages/airflow/example_dags/example_setup_teardown.py
[2024-10-06T04:26:29.496+0000] {logging_mixin.py:190} INFO - [2024-10-06T04:26:29.495+0000] {dag.py:3239} INFO - Sync 1 DAGs
[2024-10-06T04:26:29.520+0000] {logging_mixin.py:190} INFO - [2024-10-06T04:26:29.519+0000] {dag.py:4180} INFO - Setting next_dagrun for example_setup_teardown to None, run_after=None
[2024-10-06T04:26:29.554+0000] {processor.py:208} INFO - Processing /home/airflow/.local/lib/python3.12/site-packages/airflow/example_dags/example_setup_teardown.py took 0.116 seconds
[2024-10-06T04:26:59.877+0000] {processor.py:186} INFO - Started process (PID=1010) to work on /home/airflow/.local/lib/python3.12/site-packages/airflow/example_dags/example_setup_teardown.py
[2024-10-06T04:26:59.880+0000] {processor.py:914} INFO - Processing file /home/airflow/.local/lib/python3.12/site-packages/airflow/example_dags/example_setup_teardown.py for tasks to queue
[2024-10-06T04:26:59.886+0000] {logging_mixin.py:190} INFO - [2024-10-06T04:26:59.885+0000] {dagbag.py:588} INFO - Filling up the DagBag from /home/airflow/.local/lib/python3.12/site-packages/airflow/example_dags/example_setup_teardown.py
[2024-10-06T04:26:59.933+0000] {processor.py:925} INFO - DAG(s) 'example_setup_teardown' retrieved from /home/airflow/.local/lib/python3.12/site-packages/airflow/example_dags/example_setup_teardown.py
[2024-10-06T04:26:59.991+0000] {logging_mixin.py:190} INFO - [2024-10-06T04:26:59.991+0000] {dag.py:3239} INFO - Sync 1 DAGs
[2024-10-06T04:27:00.017+0000] {logging_mixin.py:190} INFO - [2024-10-06T04:27:00.017+0000] {dag.py:4180} INFO - Setting next_dagrun for example_setup_teardown to None, run_after=None
[2024-10-06T04:27:00.050+0000] {processor.py:208} INFO - Processing /home/airflow/.local/lib/python3.12/site-packages/airflow/example_dags/example_setup_teardown.py took 0.187 seconds
[2024-10-06T04:27:31.706+0000] {processor.py:186} INFO - Started process (PID=1072) to work on /home/airflow/.local/lib/python3.12/site-packages/airflow/example_dags/example_setup_teardown.py
[2024-10-06T04:27:31.708+0000] {processor.py:914} INFO - Processing file /home/airflow/.local/lib/python3.12/site-packages/airflow/example_dags/example_setup_teardown.py for tasks to queue
[2024-10-06T04:27:31.711+0000] {logging_mixin.py:190} INFO - [2024-10-06T04:27:31.711+0000] {dagbag.py:588} INFO - Filling up the DagBag from /home/airflow/.local/lib/python3.12/site-packages/airflow/example_dags/example_setup_teardown.py
[2024-10-06T04:27:31.722+0000] {processor.py:925} INFO - DAG(s) 'example_setup_teardown' retrieved from /home/airflow/.local/lib/python3.12/site-packages/airflow/example_dags/example_setup_teardown.py
[2024-10-06T04:27:31.751+0000] {logging_mixin.py:190} INFO - [2024-10-06T04:27:31.750+0000] {dag.py:3239} INFO - Sync 1 DAGs
[2024-10-06T04:27:31.770+0000] {logging_mixin.py:190} INFO - [2024-10-06T04:27:31.770+0000] {dag.py:4180} INFO - Setting next_dagrun for example_setup_teardown to None, run_after=None
[2024-10-06T04:27:31.793+0000] {processor.py:208} INFO - Processing /home/airflow/.local/lib/python3.12/site-packages/airflow/example_dags/example_setup_teardown.py took 0.095 seconds
[2024-10-06T04:28:02.599+0000] {processor.py:186} INFO - Started process (PID=1134) to work on /home/airflow/.local/lib/python3.12/site-packages/airflow/example_dags/example_setup_teardown.py
[2024-10-06T04:28:02.601+0000] {processor.py:914} INFO - Processing file /home/airflow/.local/lib/python3.12/site-packages/airflow/example_dags/example_setup_teardown.py for tasks to queue
[2024-10-06T04:28:02.605+0000] {logging_mixin.py:190} INFO - [2024-10-06T04:28:02.605+0000] {dagbag.py:588} INFO - Filling up the DagBag from /home/airflow/.local/lib/python3.12/site-packages/airflow/example_dags/example_setup_teardown.py
[2024-10-06T04:28:02.620+0000] {processor.py:925} INFO - DAG(s) 'example_setup_teardown' retrieved from /home/airflow/.local/lib/python3.12/site-packages/airflow/example_dags/example_setup_teardown.py
[2024-10-06T04:28:02.662+0000] {logging_mixin.py:190} INFO - [2024-10-06T04:28:02.661+0000] {dag.py:3239} INFO - Sync 1 DAGs
[2024-10-06T04:28:02.689+0000] {logging_mixin.py:190} INFO - [2024-10-06T04:28:02.689+0000] {dag.py:4180} INFO - Setting next_dagrun for example_setup_teardown to None, run_after=None
[2024-10-06T04:28:02.723+0000] {processor.py:208} INFO - Processing /home/airflow/.local/lib/python3.12/site-packages/airflow/example_dags/example_setup_teardown.py took 0.134 seconds
[2024-10-06T04:28:33.449+0000] {processor.py:186} INFO - Started process (PID=1197) to work on /home/airflow/.local/lib/python3.12/site-packages/airflow/example_dags/example_setup_teardown.py
[2024-10-06T04:28:33.450+0000] {processor.py:914} INFO - Processing file /home/airflow/.local/lib/python3.12/site-packages/airflow/example_dags/example_setup_teardown.py for tasks to queue
[2024-10-06T04:28:33.454+0000] {logging_mixin.py:190} INFO - [2024-10-06T04:28:33.453+0000] {dagbag.py:588} INFO - Filling up the DagBag from /home/airflow/.local/lib/python3.12/site-packages/airflow/example_dags/example_setup_teardown.py
[2024-10-06T04:28:33.468+0000] {processor.py:925} INFO - DAG(s) 'example_setup_teardown' retrieved from /home/airflow/.local/lib/python3.12/site-packages/airflow/example_dags/example_setup_teardown.py
[2024-10-06T04:28:33.495+0000] {logging_mixin.py:190} INFO - [2024-10-06T04:28:33.495+0000] {dag.py:3239} INFO - Sync 1 DAGs
[2024-10-06T04:28:33.516+0000] {logging_mixin.py:190} INFO - [2024-10-06T04:28:33.516+0000] {dag.py:4180} INFO - Setting next_dagrun for example_setup_teardown to None, run_after=None
[2024-10-06T04:28:33.556+0000] {processor.py:208} INFO - Processing /home/airflow/.local/lib/python3.12/site-packages/airflow/example_dags/example_setup_teardown.py took 0.116 seconds
[2024-10-06T04:29:05.638+0000] {processor.py:186} INFO - Started process (PID=1260) to work on /home/airflow/.local/lib/python3.12/site-packages/airflow/example_dags/example_setup_teardown.py
[2024-10-06T04:29:05.643+0000] {processor.py:914} INFO - Processing file /home/airflow/.local/lib/python3.12/site-packages/airflow/example_dags/example_setup_teardown.py for tasks to queue
[2024-10-06T04:29:05.648+0000] {logging_mixin.py:190} INFO - [2024-10-06T04:29:05.647+0000] {dagbag.py:588} INFO - Filling up the DagBag from /home/airflow/.local/lib/python3.12/site-packages/airflow/example_dags/example_setup_teardown.py
[2024-10-06T04:29:05.675+0000] {processor.py:925} INFO - DAG(s) 'example_setup_teardown' retrieved from /home/airflow/.local/lib/python3.12/site-packages/airflow/example_dags/example_setup_teardown.py
[2024-10-06T04:29:05.730+0000] {logging_mixin.py:190} INFO - [2024-10-06T04:29:05.730+0000] {dag.py:3239} INFO - Sync 1 DAGs
[2024-10-06T04:29:05.757+0000] {logging_mixin.py:190} INFO - [2024-10-06T04:29:05.757+0000] {dag.py:4180} INFO - Setting next_dagrun for example_setup_teardown to None, run_after=None
[2024-10-06T04:29:05.789+0000] {processor.py:208} INFO - Processing /home/airflow/.local/lib/python3.12/site-packages/airflow/example_dags/example_setup_teardown.py took 0.175 seconds
[2024-10-06T04:29:36.553+0000] {processor.py:186} INFO - Started process (PID=1322) to work on /home/airflow/.local/lib/python3.12/site-packages/airflow/example_dags/example_setup_teardown.py
[2024-10-06T04:29:36.554+0000] {processor.py:914} INFO - Processing file /home/airflow/.local/lib/python3.12/site-packages/airflow/example_dags/example_setup_teardown.py for tasks to queue
[2024-10-06T04:29:36.558+0000] {logging_mixin.py:190} INFO - [2024-10-06T04:29:36.558+0000] {dagbag.py:588} INFO - Filling up the DagBag from /home/airflow/.local/lib/python3.12/site-packages/airflow/example_dags/example_setup_teardown.py
[2024-10-06T04:29:36.574+0000] {processor.py:925} INFO - DAG(s) 'example_setup_teardown' retrieved from /home/airflow/.local/lib/python3.12/site-packages/airflow/example_dags/example_setup_teardown.py
[2024-10-06T04:29:36.608+0000] {logging_mixin.py:190} INFO - [2024-10-06T04:29:36.607+0000] {dag.py:3239} INFO - Sync 1 DAGs
[2024-10-06T04:29:36.636+0000] {logging_mixin.py:190} INFO - [2024-10-06T04:29:36.636+0000] {dag.py:4180} INFO - Setting next_dagrun for example_setup_teardown to None, run_after=None
[2024-10-06T04:29:36.667+0000] {processor.py:208} INFO - Processing /home/airflow/.local/lib/python3.12/site-packages/airflow/example_dags/example_setup_teardown.py took 0.124 seconds
[2024-10-06T04:30:06.757+0000] {processor.py:186} INFO - Started process (PID=1384) to work on /home/airflow/.local/lib/python3.12/site-packages/airflow/example_dags/example_setup_teardown.py
[2024-10-06T04:30:06.759+0000] {processor.py:914} INFO - Processing file /home/airflow/.local/lib/python3.12/site-packages/airflow/example_dags/example_setup_teardown.py for tasks to queue
[2024-10-06T04:30:06.763+0000] {logging_mixin.py:190} INFO - [2024-10-06T04:30:06.762+0000] {dagbag.py:588} INFO - Filling up the DagBag from /home/airflow/.local/lib/python3.12/site-packages/airflow/example_dags/example_setup_teardown.py
[2024-10-06T04:30:06.777+0000] {processor.py:925} INFO - DAG(s) 'example_setup_teardown' retrieved from /home/airflow/.local/lib/python3.12/site-packages/airflow/example_dags/example_setup_teardown.py
[2024-10-06T04:30:06.817+0000] {logging_mixin.py:190} INFO - [2024-10-06T04:30:06.817+0000] {dag.py:3239} INFO - Sync 1 DAGs
[2024-10-06T04:30:06.847+0000] {logging_mixin.py:190} INFO - [2024-10-06T04:30:06.847+0000] {dag.py:4180} INFO - Setting next_dagrun for example_setup_teardown to None, run_after=None
[2024-10-06T04:30:06.886+0000] {processor.py:208} INFO - Processing /home/airflow/.local/lib/python3.12/site-packages/airflow/example_dags/example_setup_teardown.py took 0.141 seconds
[2024-10-06T04:30:38.253+0000] {processor.py:186} INFO - Started process (PID=1446) to work on /home/airflow/.local/lib/python3.12/site-packages/airflow/example_dags/example_setup_teardown.py
[2024-10-06T04:30:38.255+0000] {processor.py:914} INFO - Processing file /home/airflow/.local/lib/python3.12/site-packages/airflow/example_dags/example_setup_teardown.py for tasks to queue
[2024-10-06T04:30:38.258+0000] {logging_mixin.py:190} INFO - [2024-10-06T04:30:38.258+0000] {dagbag.py:588} INFO - Filling up the DagBag from /home/airflow/.local/lib/python3.12/site-packages/airflow/example_dags/example_setup_teardown.py
[2024-10-06T04:30:38.271+0000] {processor.py:925} INFO - DAG(s) 'example_setup_teardown' retrieved from /home/airflow/.local/lib/python3.12/site-packages/airflow/example_dags/example_setup_teardown.py
[2024-10-06T04:30:38.305+0000] {logging_mixin.py:190} INFO - [2024-10-06T04:30:38.304+0000] {dag.py:3239} INFO - Sync 1 DAGs
[2024-10-06T04:30:38.327+0000] {logging_mixin.py:190} INFO - [2024-10-06T04:30:38.327+0000] {dag.py:4180} INFO - Setting next_dagrun for example_setup_teardown to None, run_after=None
[2024-10-06T04:30:38.352+0000] {processor.py:208} INFO - Processing /home/airflow/.local/lib/python3.12/site-packages/airflow/example_dags/example_setup_teardown.py took 0.107 seconds
[2024-10-06T04:31:09.271+0000] {processor.py:186} INFO - Started process (PID=1508) to work on /home/airflow/.local/lib/python3.12/site-packages/airflow/example_dags/example_setup_teardown.py
[2024-10-06T04:31:09.273+0000] {processor.py:914} INFO - Processing file /home/airflow/.local/lib/python3.12/site-packages/airflow/example_dags/example_setup_teardown.py for tasks to queue
[2024-10-06T04:31:09.278+0000] {logging_mixin.py:190} INFO - [2024-10-06T04:31:09.278+0000] {dagbag.py:588} INFO - Filling up the DagBag from /home/airflow/.local/lib/python3.12/site-packages/airflow/example_dags/example_setup_teardown.py
[2024-10-06T04:31:09.300+0000] {processor.py:925} INFO - DAG(s) 'example_setup_teardown' retrieved from /home/airflow/.local/lib/python3.12/site-packages/airflow/example_dags/example_setup_teardown.py
[2024-10-06T04:31:09.339+0000] {logging_mixin.py:190} INFO - [2024-10-06T04:31:09.338+0000] {dag.py:3239} INFO - Sync 1 DAGs
[2024-10-06T04:31:09.363+0000] {logging_mixin.py:190} INFO - [2024-10-06T04:31:09.363+0000] {dag.py:4180} INFO - Setting next_dagrun for example_setup_teardown to None, run_after=None
[2024-10-06T04:31:09.396+0000] {processor.py:208} INFO - Processing /home/airflow/.local/lib/python3.12/site-packages/airflow/example_dags/example_setup_teardown.py took 0.138 seconds
[2024-10-06T04:31:39.968+0000] {processor.py:186} INFO - Started process (PID=1570) to work on /home/airflow/.local/lib/python3.12/site-packages/airflow/example_dags/example_setup_teardown.py
[2024-10-06T04:31:39.970+0000] {processor.py:914} INFO - Processing file /home/airflow/.local/lib/python3.12/site-packages/airflow/example_dags/example_setup_teardown.py for tasks to queue
[2024-10-06T04:31:39.973+0000] {logging_mixin.py:190} INFO - [2024-10-06T04:31:39.973+0000] {dagbag.py:588} INFO - Filling up the DagBag from /home/airflow/.local/lib/python3.12/site-packages/airflow/example_dags/example_setup_teardown.py
[2024-10-06T04:31:39.985+0000] {processor.py:925} INFO - DAG(s) 'example_setup_teardown' retrieved from /home/airflow/.local/lib/python3.12/site-packages/airflow/example_dags/example_setup_teardown.py
[2024-10-06T04:31:40.014+0000] {logging_mixin.py:190} INFO - [2024-10-06T04:31:40.013+0000] {dag.py:3239} INFO - Sync 1 DAGs
[2024-10-06T04:31:40.051+0000] {logging_mixin.py:190} INFO - [2024-10-06T04:31:40.051+0000] {dag.py:4180} INFO - Setting next_dagrun for example_setup_teardown to None, run_after=None
[2024-10-06T04:31:40.076+0000] {processor.py:208} INFO - Processing /home/airflow/.local/lib/python3.12/site-packages/airflow/example_dags/example_setup_teardown.py took 0.117 seconds
[2024-10-06T04:32:10.770+0000] {processor.py:186} INFO - Started process (PID=1632) to work on /home/airflow/.local/lib/python3.12/site-packages/airflow/example_dags/example_setup_teardown.py
[2024-10-06T04:32:10.772+0000] {processor.py:914} INFO - Processing file /home/airflow/.local/lib/python3.12/site-packages/airflow/example_dags/example_setup_teardown.py for tasks to queue
[2024-10-06T04:32:10.775+0000] {logging_mixin.py:190} INFO - [2024-10-06T04:32:10.775+0000] {dagbag.py:588} INFO - Filling up the DagBag from /home/airflow/.local/lib/python3.12/site-packages/airflow/example_dags/example_setup_teardown.py
[2024-10-06T04:32:10.787+0000] {processor.py:925} INFO - DAG(s) 'example_setup_teardown' retrieved from /home/airflow/.local/lib/python3.12/site-packages/airflow/example_dags/example_setup_teardown.py
[2024-10-06T04:32:10.813+0000] {logging_mixin.py:190} INFO - [2024-10-06T04:32:10.813+0000] {dag.py:3239} INFO - Sync 1 DAGs
[2024-10-06T04:32:10.832+0000] {logging_mixin.py:190} INFO - [2024-10-06T04:32:10.832+0000] {dag.py:4180} INFO - Setting next_dagrun for example_setup_teardown to None, run_after=None
[2024-10-06T04:32:10.853+0000] {processor.py:208} INFO - Processing /home/airflow/.local/lib/python3.12/site-packages/airflow/example_dags/example_setup_teardown.py took 0.091 seconds
[2024-10-06T04:32:41.997+0000] {processor.py:186} INFO - Started process (PID=1693) to work on /home/airflow/.local/lib/python3.12/site-packages/airflow/example_dags/example_setup_teardown.py
[2024-10-06T04:32:42.004+0000] {processor.py:914} INFO - Processing file /home/airflow/.local/lib/python3.12/site-packages/airflow/example_dags/example_setup_teardown.py for tasks to queue
[2024-10-06T04:32:42.008+0000] {logging_mixin.py:190} INFO - [2024-10-06T04:32:42.008+0000] {dagbag.py:588} INFO - Filling up the DagBag from /home/airflow/.local/lib/python3.12/site-packages/airflow/example_dags/example_setup_teardown.py
[2024-10-06T04:32:42.025+0000] {processor.py:925} INFO - DAG(s) 'example_setup_teardown' retrieved from /home/airflow/.local/lib/python3.12/site-packages/airflow/example_dags/example_setup_teardown.py
[2024-10-06T04:32:42.061+0000] {logging_mixin.py:190} INFO - [2024-10-06T04:32:42.061+0000] {dag.py:3239} INFO - Sync 1 DAGs
[2024-10-06T04:32:42.083+0000] {logging_mixin.py:190} INFO - [2024-10-06T04:32:42.083+0000] {dag.py:4180} INFO - Setting next_dagrun for example_setup_teardown to None, run_after=None
[2024-10-06T04:32:42.110+0000] {processor.py:208} INFO - Processing /home/airflow/.local/lib/python3.12/site-packages/airflow/example_dags/example_setup_teardown.py took 0.126 seconds
[2024-10-06T04:35:14.552+0000] {processor.py:186} INFO - Started process (PID=73) to work on /home/airflow/.local/lib/python3.12/site-packages/airflow/example_dags/example_setup_teardown.py
[2024-10-06T04:35:14.553+0000] {processor.py:914} INFO - Processing file /home/airflow/.local/lib/python3.12/site-packages/airflow/example_dags/example_setup_teardown.py for tasks to queue
[2024-10-06T04:35:14.557+0000] {logging_mixin.py:190} INFO - [2024-10-06T04:35:14.556+0000] {dagbag.py:588} INFO - Filling up the DagBag from /home/airflow/.local/lib/python3.12/site-packages/airflow/example_dags/example_setup_teardown.py
[2024-10-06T04:35:14.570+0000] {processor.py:925} INFO - DAG(s) 'example_setup_teardown' retrieved from /home/airflow/.local/lib/python3.12/site-packages/airflow/example_dags/example_setup_teardown.py
[2024-10-06T04:35:14.609+0000] {logging_mixin.py:190} INFO - [2024-10-06T04:35:14.608+0000] {dag.py:3239} INFO - Sync 1 DAGs
[2024-10-06T04:35:14.631+0000] {logging_mixin.py:190} INFO - [2024-10-06T04:35:14.630+0000] {dag.py:4180} INFO - Setting next_dagrun for example_setup_teardown to None, run_after=None
[2024-10-06T04:35:14.658+0000] {processor.py:208} INFO - Processing /home/airflow/.local/lib/python3.12/site-packages/airflow/example_dags/example_setup_teardown.py took 0.115 seconds
[2024-10-06T04:35:45.012+0000] {processor.py:186} INFO - Started process (PID=135) to work on /home/airflow/.local/lib/python3.12/site-packages/airflow/example_dags/example_setup_teardown.py
[2024-10-06T04:35:45.013+0000] {processor.py:914} INFO - Processing file /home/airflow/.local/lib/python3.12/site-packages/airflow/example_dags/example_setup_teardown.py for tasks to queue
[2024-10-06T04:35:45.018+0000] {logging_mixin.py:190} INFO - [2024-10-06T04:35:45.017+0000] {dagbag.py:588} INFO - Filling up the DagBag from /home/airflow/.local/lib/python3.12/site-packages/airflow/example_dags/example_setup_teardown.py
[2024-10-06T04:35:45.036+0000] {processor.py:925} INFO - DAG(s) 'example_setup_teardown' retrieved from /home/airflow/.local/lib/python3.12/site-packages/airflow/example_dags/example_setup_teardown.py
[2024-10-06T04:35:45.077+0000] {logging_mixin.py:190} INFO - [2024-10-06T04:35:45.077+0000] {dag.py:3239} INFO - Sync 1 DAGs
[2024-10-06T04:35:45.154+0000] {logging_mixin.py:190} INFO - [2024-10-06T04:35:45.154+0000] {dag.py:4180} INFO - Setting next_dagrun for example_setup_teardown to None, run_after=None
[2024-10-06T04:35:45.193+0000] {processor.py:208} INFO - Processing /home/airflow/.local/lib/python3.12/site-packages/airflow/example_dags/example_setup_teardown.py took 0.193 seconds
[2024-10-06T04:36:16.219+0000] {processor.py:186} INFO - Started process (PID=196) to work on /home/airflow/.local/lib/python3.12/site-packages/airflow/example_dags/example_setup_teardown.py
[2024-10-06T04:36:16.233+0000] {processor.py:914} INFO - Processing file /home/airflow/.local/lib/python3.12/site-packages/airflow/example_dags/example_setup_teardown.py for tasks to queue
[2024-10-06T04:36:16.238+0000] {logging_mixin.py:190} INFO - [2024-10-06T04:36:16.237+0000] {dagbag.py:588} INFO - Filling up the DagBag from /home/airflow/.local/lib/python3.12/site-packages/airflow/example_dags/example_setup_teardown.py
[2024-10-06T04:36:16.268+0000] {processor.py:925} INFO - DAG(s) 'example_setup_teardown' retrieved from /home/airflow/.local/lib/python3.12/site-packages/airflow/example_dags/example_setup_teardown.py
[2024-10-06T04:36:16.333+0000] {logging_mixin.py:190} INFO - [2024-10-06T04:36:16.333+0000] {dag.py:3239} INFO - Sync 1 DAGs
[2024-10-06T04:36:16.388+0000] {logging_mixin.py:190} INFO - [2024-10-06T04:36:16.387+0000] {dag.py:4180} INFO - Setting next_dagrun for example_setup_teardown to None, run_after=None
[2024-10-06T04:36:16.424+0000] {processor.py:208} INFO - Processing /home/airflow/.local/lib/python3.12/site-packages/airflow/example_dags/example_setup_teardown.py took 0.225 seconds
[2024-10-06T04:36:46.556+0000] {processor.py:186} INFO - Started process (PID=258) to work on /home/airflow/.local/lib/python3.12/site-packages/airflow/example_dags/example_setup_teardown.py
[2024-10-06T04:36:46.557+0000] {processor.py:914} INFO - Processing file /home/airflow/.local/lib/python3.12/site-packages/airflow/example_dags/example_setup_teardown.py for tasks to queue
[2024-10-06T04:36:46.562+0000] {logging_mixin.py:190} INFO - [2024-10-06T04:36:46.561+0000] {dagbag.py:588} INFO - Filling up the DagBag from /home/airflow/.local/lib/python3.12/site-packages/airflow/example_dags/example_setup_teardown.py
[2024-10-06T04:36:46.586+0000] {processor.py:925} INFO - DAG(s) 'example_setup_teardown' retrieved from /home/airflow/.local/lib/python3.12/site-packages/airflow/example_dags/example_setup_teardown.py
[2024-10-06T04:36:46.619+0000] {logging_mixin.py:190} INFO - [2024-10-06T04:36:46.618+0000] {dag.py:3239} INFO - Sync 1 DAGs
[2024-10-06T04:36:46.639+0000] {logging_mixin.py:190} INFO - [2024-10-06T04:36:46.639+0000] {dag.py:4180} INFO - Setting next_dagrun for example_setup_teardown to None, run_after=None
[2024-10-06T04:36:46.688+0000] {processor.py:208} INFO - Processing /home/airflow/.local/lib/python3.12/site-packages/airflow/example_dags/example_setup_teardown.py took 0.157 seconds
[2024-10-06T04:37:16.845+0000] {processor.py:186} INFO - Started process (PID=320) to work on /home/airflow/.local/lib/python3.12/site-packages/airflow/example_dags/example_setup_teardown.py
[2024-10-06T04:37:16.846+0000] {processor.py:914} INFO - Processing file /home/airflow/.local/lib/python3.12/site-packages/airflow/example_dags/example_setup_teardown.py for tasks to queue
[2024-10-06T04:37:16.850+0000] {logging_mixin.py:190} INFO - [2024-10-06T04:37:16.850+0000] {dagbag.py:588} INFO - Filling up the DagBag from /home/airflow/.local/lib/python3.12/site-packages/airflow/example_dags/example_setup_teardown.py
[2024-10-06T04:37:16.866+0000] {processor.py:925} INFO - DAG(s) 'example_setup_teardown' retrieved from /home/airflow/.local/lib/python3.12/site-packages/airflow/example_dags/example_setup_teardown.py
[2024-10-06T04:37:16.897+0000] {logging_mixin.py:190} INFO - [2024-10-06T04:37:16.896+0000] {dag.py:3239} INFO - Sync 1 DAGs
[2024-10-06T04:37:16.919+0000] {logging_mixin.py:190} INFO - [2024-10-06T04:37:16.919+0000] {dag.py:4180} INFO - Setting next_dagrun for example_setup_teardown to None, run_after=None
[2024-10-06T04:37:16.947+0000] {processor.py:208} INFO - Processing /home/airflow/.local/lib/python3.12/site-packages/airflow/example_dags/example_setup_teardown.py took 0.111 seconds
[2024-10-06T04:39:14.936+0000] {processor.py:186} INFO - Started process (PID=74) to work on /home/airflow/.local/lib/python3.12/site-packages/airflow/example_dags/example_setup_teardown.py
[2024-10-06T04:39:14.938+0000] {processor.py:914} INFO - Processing file /home/airflow/.local/lib/python3.12/site-packages/airflow/example_dags/example_setup_teardown.py for tasks to queue
[2024-10-06T04:39:14.942+0000] {logging_mixin.py:190} INFO - [2024-10-06T04:39:14.941+0000] {dagbag.py:588} INFO - Filling up the DagBag from /home/airflow/.local/lib/python3.12/site-packages/airflow/example_dags/example_setup_teardown.py
[2024-10-06T04:39:14.956+0000] {processor.py:925} INFO - DAG(s) 'example_setup_teardown' retrieved from /home/airflow/.local/lib/python3.12/site-packages/airflow/example_dags/example_setup_teardown.py
[2024-10-06T04:39:15.113+0000] {logging_mixin.py:190} INFO - [2024-10-06T04:39:15.112+0000] {override.py:1900} INFO - Created Permission View: can read on DAG:example_setup_teardown
[2024-10-06T04:39:15.125+0000] {logging_mixin.py:190} INFO - [2024-10-06T04:39:15.124+0000] {override.py:1900} INFO - Created Permission View: can edit on DAG:example_setup_teardown
[2024-10-06T04:39:15.136+0000] {logging_mixin.py:190} INFO - [2024-10-06T04:39:15.136+0000] {override.py:1900} INFO - Created Permission View: can delete on DAG:example_setup_teardown
[2024-10-06T04:39:15.146+0000] {logging_mixin.py:190} INFO - [2024-10-06T04:39:15.146+0000] {override.py:1900} INFO - Created Permission View: menu access on DAG Run:example_setup_teardown
[2024-10-06T04:39:15.154+0000] {logging_mixin.py:190} INFO - [2024-10-06T04:39:15.154+0000] {override.py:1900} INFO - Created Permission View: can read on DAG Run:example_setup_teardown
[2024-10-06T04:39:15.161+0000] {logging_mixin.py:190} INFO - [2024-10-06T04:39:15.161+0000] {override.py:1900} INFO - Created Permission View: can create on DAG Run:example_setup_teardown
[2024-10-06T04:39:15.169+0000] {logging_mixin.py:190} INFO - [2024-10-06T04:39:15.168+0000] {override.py:1900} INFO - Created Permission View: can delete on DAG Run:example_setup_teardown
[2024-10-06T04:39:15.170+0000] {logging_mixin.py:190} INFO - [2024-10-06T04:39:15.169+0000] {dag.py:3239} INFO - Sync 1 DAGs
[2024-10-06T04:39:15.195+0000] {logging_mixin.py:190} INFO - [2024-10-06T04:39:15.194+0000] {dag.py:3262} INFO - Creating ORM DAG for example_setup_teardown
[2024-10-06T04:39:15.196+0000] {logging_mixin.py:190} INFO - [2024-10-06T04:39:15.196+0000] {dag.py:4180} INFO - Setting next_dagrun for example_setup_teardown to None, run_after=None
[2024-10-06T04:39:15.223+0000] {processor.py:208} INFO - Processing /home/airflow/.local/lib/python3.12/site-packages/airflow/example_dags/example_setup_teardown.py took 0.299 seconds
[2024-10-06T04:39:45.390+0000] {processor.py:186} INFO - Started process (PID=136) to work on /home/airflow/.local/lib/python3.12/site-packages/airflow/example_dags/example_setup_teardown.py
[2024-10-06T04:39:45.392+0000] {processor.py:914} INFO - Processing file /home/airflow/.local/lib/python3.12/site-packages/airflow/example_dags/example_setup_teardown.py for tasks to queue
[2024-10-06T04:39:45.395+0000] {logging_mixin.py:190} INFO - [2024-10-06T04:39:45.394+0000] {dagbag.py:588} INFO - Filling up the DagBag from /home/airflow/.local/lib/python3.12/site-packages/airflow/example_dags/example_setup_teardown.py
[2024-10-06T04:39:45.407+0000] {processor.py:925} INFO - DAG(s) 'example_setup_teardown' retrieved from /home/airflow/.local/lib/python3.12/site-packages/airflow/example_dags/example_setup_teardown.py
[2024-10-06T04:39:45.439+0000] {logging_mixin.py:190} INFO - [2024-10-06T04:39:45.438+0000] {dag.py:3239} INFO - Sync 1 DAGs
[2024-10-06T04:39:45.464+0000] {logging_mixin.py:190} INFO - [2024-10-06T04:39:45.464+0000] {dag.py:4180} INFO - Setting next_dagrun for example_setup_teardown to None, run_after=None
[2024-10-06T04:39:45.492+0000] {processor.py:208} INFO - Processing /home/airflow/.local/lib/python3.12/site-packages/airflow/example_dags/example_setup_teardown.py took 0.110 seconds
[2024-10-06T04:40:16.647+0000] {processor.py:186} INFO - Started process (PID=198) to work on /home/airflow/.local/lib/python3.12/site-packages/airflow/example_dags/example_setup_teardown.py
[2024-10-06T04:40:16.656+0000] {processor.py:914} INFO - Processing file /home/airflow/.local/lib/python3.12/site-packages/airflow/example_dags/example_setup_teardown.py for tasks to queue
[2024-10-06T04:40:16.660+0000] {logging_mixin.py:190} INFO - [2024-10-06T04:40:16.659+0000] {dagbag.py:588} INFO - Filling up the DagBag from /home/airflow/.local/lib/python3.12/site-packages/airflow/example_dags/example_setup_teardown.py
[2024-10-06T04:40:16.708+0000] {processor.py:925} INFO - DAG(s) 'example_setup_teardown' retrieved from /home/airflow/.local/lib/python3.12/site-packages/airflow/example_dags/example_setup_teardown.py
[2024-10-06T04:40:16.808+0000] {logging_mixin.py:190} INFO - [2024-10-06T04:40:16.808+0000] {dag.py:3239} INFO - Sync 1 DAGs
[2024-10-06T04:40:16.875+0000] {logging_mixin.py:190} INFO - [2024-10-06T04:40:16.875+0000] {dag.py:4180} INFO - Setting next_dagrun for example_setup_teardown to None, run_after=None
[2024-10-06T04:40:16.965+0000] {processor.py:208} INFO - Processing /home/airflow/.local/lib/python3.12/site-packages/airflow/example_dags/example_setup_teardown.py took 0.339 seconds
[2024-10-06T04:40:47.839+0000] {processor.py:186} INFO - Started process (PID=261) to work on /home/airflow/.local/lib/python3.12/site-packages/airflow/example_dags/example_setup_teardown.py
[2024-10-06T04:40:47.848+0000] {processor.py:914} INFO - Processing file /home/airflow/.local/lib/python3.12/site-packages/airflow/example_dags/example_setup_teardown.py for tasks to queue
[2024-10-06T04:40:47.853+0000] {logging_mixin.py:190} INFO - [2024-10-06T04:40:47.852+0000] {dagbag.py:588} INFO - Filling up the DagBag from /home/airflow/.local/lib/python3.12/site-packages/airflow/example_dags/example_setup_teardown.py
[2024-10-06T04:40:47.876+0000] {processor.py:925} INFO - DAG(s) 'example_setup_teardown' retrieved from /home/airflow/.local/lib/python3.12/site-packages/airflow/example_dags/example_setup_teardown.py
[2024-10-06T04:40:47.945+0000] {logging_mixin.py:190} INFO - [2024-10-06T04:40:47.944+0000] {dag.py:3239} INFO - Sync 1 DAGs
[2024-10-06T04:40:47.997+0000] {logging_mixin.py:190} INFO - [2024-10-06T04:40:47.997+0000] {dag.py:4180} INFO - Setting next_dagrun for example_setup_teardown to None, run_after=None
[2024-10-06T04:40:48.088+0000] {processor.py:208} INFO - Processing /home/airflow/.local/lib/python3.12/site-packages/airflow/example_dags/example_setup_teardown.py took 0.260 seconds
[2024-10-06T04:41:18.228+0000] {processor.py:186} INFO - Started process (PID=322) to work on /home/airflow/.local/lib/python3.12/site-packages/airflow/example_dags/example_setup_teardown.py
[2024-10-06T04:41:18.229+0000] {processor.py:914} INFO - Processing file /home/airflow/.local/lib/python3.12/site-packages/airflow/example_dags/example_setup_teardown.py for tasks to queue
[2024-10-06T04:41:18.234+0000] {logging_mixin.py:190} INFO - [2024-10-06T04:41:18.233+0000] {dagbag.py:588} INFO - Filling up the DagBag from /home/airflow/.local/lib/python3.12/site-packages/airflow/example_dags/example_setup_teardown.py
[2024-10-06T04:41:18.251+0000] {processor.py:925} INFO - DAG(s) 'example_setup_teardown' retrieved from /home/airflow/.local/lib/python3.12/site-packages/airflow/example_dags/example_setup_teardown.py
[2024-10-06T04:41:18.286+0000] {logging_mixin.py:190} INFO - [2024-10-06T04:41:18.285+0000] {dag.py:3239} INFO - Sync 1 DAGs
[2024-10-06T04:41:18.314+0000] {logging_mixin.py:190} INFO - [2024-10-06T04:41:18.313+0000] {dag.py:4180} INFO - Setting next_dagrun for example_setup_teardown to None, run_after=None
[2024-10-06T04:41:18.348+0000] {processor.py:208} INFO - Processing /home/airflow/.local/lib/python3.12/site-packages/airflow/example_dags/example_setup_teardown.py took 0.138 seconds
[2024-10-06T04:41:48.925+0000] {processor.py:186} INFO - Started process (PID=384) to work on /home/airflow/.local/lib/python3.12/site-packages/airflow/example_dags/example_setup_teardown.py
[2024-10-06T04:41:48.926+0000] {processor.py:914} INFO - Processing file /home/airflow/.local/lib/python3.12/site-packages/airflow/example_dags/example_setup_teardown.py for tasks to queue
[2024-10-06T04:41:48.929+0000] {logging_mixin.py:190} INFO - [2024-10-06T04:41:48.929+0000] {dagbag.py:588} INFO - Filling up the DagBag from /home/airflow/.local/lib/python3.12/site-packages/airflow/example_dags/example_setup_teardown.py
[2024-10-06T04:41:48.941+0000] {processor.py:925} INFO - DAG(s) 'example_setup_teardown' retrieved from /home/airflow/.local/lib/python3.12/site-packages/airflow/example_dags/example_setup_teardown.py
[2024-10-06T04:41:48.969+0000] {logging_mixin.py:190} INFO - [2024-10-06T04:41:48.968+0000] {dag.py:3239} INFO - Sync 1 DAGs
[2024-10-06T04:41:48.987+0000] {logging_mixin.py:190} INFO - [2024-10-06T04:41:48.986+0000] {dag.py:4180} INFO - Setting next_dagrun for example_setup_teardown to None, run_after=None
[2024-10-06T04:41:49.007+0000] {processor.py:208} INFO - Processing /home/airflow/.local/lib/python3.12/site-packages/airflow/example_dags/example_setup_teardown.py took 0.090 seconds
[2024-10-06T04:42:20.047+0000] {processor.py:186} INFO - Started process (PID=446) to work on /home/airflow/.local/lib/python3.12/site-packages/airflow/example_dags/example_setup_teardown.py
[2024-10-06T04:42:20.048+0000] {processor.py:914} INFO - Processing file /home/airflow/.local/lib/python3.12/site-packages/airflow/example_dags/example_setup_teardown.py for tasks to queue
[2024-10-06T04:42:20.052+0000] {logging_mixin.py:190} INFO - [2024-10-06T04:42:20.051+0000] {dagbag.py:588} INFO - Filling up the DagBag from /home/airflow/.local/lib/python3.12/site-packages/airflow/example_dags/example_setup_teardown.py
[2024-10-06T04:42:20.073+0000] {processor.py:925} INFO - DAG(s) 'example_setup_teardown' retrieved from /home/airflow/.local/lib/python3.12/site-packages/airflow/example_dags/example_setup_teardown.py
[2024-10-06T04:42:20.117+0000] {logging_mixin.py:190} INFO - [2024-10-06T04:42:20.116+0000] {dag.py:3239} INFO - Sync 1 DAGs
[2024-10-06T04:42:20.163+0000] {logging_mixin.py:190} INFO - [2024-10-06T04:42:20.163+0000] {dag.py:4180} INFO - Setting next_dagrun for example_setup_teardown to None, run_after=None
[2024-10-06T04:42:20.203+0000] {processor.py:208} INFO - Processing /home/airflow/.local/lib/python3.12/site-packages/airflow/example_dags/example_setup_teardown.py took 0.177 seconds
[2024-10-06T04:45:45.140+0000] {processor.py:186} INFO - Started process (PID=68) to work on /home/airflow/.local/lib/python3.12/site-packages/airflow/example_dags/example_setup_teardown.py
[2024-10-06T04:45:45.142+0000] {processor.py:914} INFO - Processing file /home/airflow/.local/lib/python3.12/site-packages/airflow/example_dags/example_setup_teardown.py for tasks to queue
[2024-10-06T04:45:45.158+0000] {logging_mixin.py:190} INFO - [2024-10-06T04:45:45.157+0000] {dagbag.py:588} INFO - Filling up the DagBag from /home/airflow/.local/lib/python3.12/site-packages/airflow/example_dags/example_setup_teardown.py
[2024-10-06T04:45:45.174+0000] {processor.py:925} INFO - DAG(s) 'example_setup_teardown' retrieved from /home/airflow/.local/lib/python3.12/site-packages/airflow/example_dags/example_setup_teardown.py
[2024-10-06T04:45:45.203+0000] {logging_mixin.py:190} INFO - [2024-10-06T04:45:45.203+0000] {dag.py:3239} INFO - Sync 1 DAGs
[2024-10-06T04:45:45.227+0000] {logging_mixin.py:190} INFO - [2024-10-06T04:45:45.227+0000] {dag.py:4180} INFO - Setting next_dagrun for example_setup_teardown to None, run_after=None
[2024-10-06T04:45:45.257+0000] {processor.py:208} INFO - Processing /home/airflow/.local/lib/python3.12/site-packages/airflow/example_dags/example_setup_teardown.py took 0.127 seconds
[2024-10-06T04:46:16.088+0000] {processor.py:186} INFO - Started process (PID=130) to work on /home/airflow/.local/lib/python3.12/site-packages/airflow/example_dags/example_setup_teardown.py
[2024-10-06T04:46:16.089+0000] {processor.py:914} INFO - Processing file /home/airflow/.local/lib/python3.12/site-packages/airflow/example_dags/example_setup_teardown.py for tasks to queue
[2024-10-06T04:46:16.093+0000] {logging_mixin.py:190} INFO - [2024-10-06T04:46:16.092+0000] {dagbag.py:588} INFO - Filling up the DagBag from /home/airflow/.local/lib/python3.12/site-packages/airflow/example_dags/example_setup_teardown.py
[2024-10-06T04:46:16.107+0000] {processor.py:925} INFO - DAG(s) 'example_setup_teardown' retrieved from /home/airflow/.local/lib/python3.12/site-packages/airflow/example_dags/example_setup_teardown.py
[2024-10-06T04:46:16.142+0000] {logging_mixin.py:190} INFO - [2024-10-06T04:46:16.141+0000] {dag.py:3239} INFO - Sync 1 DAGs
[2024-10-06T04:46:16.166+0000] {logging_mixin.py:190} INFO - [2024-10-06T04:46:16.166+0000] {dag.py:4180} INFO - Setting next_dagrun for example_setup_teardown to None, run_after=None
[2024-10-06T04:46:16.203+0000] {processor.py:208} INFO - Processing /home/airflow/.local/lib/python3.12/site-packages/airflow/example_dags/example_setup_teardown.py took 0.125 seconds
