[2024-10-06T04:18:59.486+0000] {processor.py:186} INFO - Started process (PID=62) to work on /home/airflow/.local/lib/python3.12/site-packages/airflow/example_dags/tutorial_dag.py
[2024-10-06T04:18:59.487+0000] {processor.py:914} INFO - Processing file /home/airflow/.local/lib/python3.12/site-packages/airflow/example_dags/tutorial_dag.py for tasks to queue
[2024-10-06T04:18:59.492+0000] {logging_mixin.py:190} INFO - [2024-10-06T04:18:59.491+0000] {dagbag.py:588} INFO - Filling up the DagBag from /home/airflow/.local/lib/python3.12/site-packages/airflow/example_dags/tutorial_dag.py
[2024-10-06T04:18:59.509+0000] {processor.py:925} INFO - DAG(s) 'tutorial_dag' retrieved from /home/airflow/.local/lib/python3.12/site-packages/airflow/example_dags/tutorial_dag.py
[2024-10-06T04:18:59.717+0000] {logging_mixin.py:190} INFO - [2024-10-06T04:18:59.716+0000] {override.py:1900} INFO - Created Permission View: can edit on DAG:tutorial_dag
[2024-10-06T04:18:59.730+0000] {logging_mixin.py:190} INFO - [2024-10-06T04:18:59.729+0000] {override.py:1900} INFO - Created Permission View: can delete on DAG:tutorial_dag
[2024-10-06T04:18:59.736+0000] {logging_mixin.py:190} INFO - [2024-10-06T04:18:59.736+0000] {override.py:1900} INFO - Created Permission View: can read on DAG:tutorial_dag
[2024-10-06T04:18:59.742+0000] {logging_mixin.py:190} INFO - [2024-10-06T04:18:59.742+0000] {override.py:1900} INFO - Created Permission View: can create on DAG Run:tutorial_dag
[2024-10-06T04:18:59.748+0000] {logging_mixin.py:190} INFO - [2024-10-06T04:18:59.748+0000] {override.py:1900} INFO - Created Permission View: menu access on DAG Run:tutorial_dag
[2024-10-06T04:18:59.755+0000] {logging_mixin.py:190} INFO - [2024-10-06T04:18:59.754+0000] {override.py:1900} INFO - Created Permission View: can read on DAG Run:tutorial_dag
[2024-10-06T04:18:59.761+0000] {logging_mixin.py:190} INFO - [2024-10-06T04:18:59.761+0000] {override.py:1900} INFO - Created Permission View: can delete on DAG Run:tutorial_dag
[2024-10-06T04:18:59.762+0000] {logging_mixin.py:190} INFO - [2024-10-06T04:18:59.762+0000] {dag.py:3239} INFO - Sync 1 DAGs
[2024-10-06T04:18:59.780+0000] {logging_mixin.py:190} INFO - [2024-10-06T04:18:59.780+0000] {dag.py:3262} INFO - Creating ORM DAG for tutorial_dag
[2024-10-06T04:18:59.781+0000] {logging_mixin.py:190} INFO - [2024-10-06T04:18:59.781+0000] {dag.py:4180} INFO - Setting next_dagrun for tutorial_dag to None, run_after=None
[2024-10-06T04:18:59.808+0000] {processor.py:208} INFO - Processing /home/airflow/.local/lib/python3.12/site-packages/airflow/example_dags/tutorial_dag.py took 0.334 seconds
[2024-10-06T04:19:50.176+0000] {processor.py:186} INFO - Started process (PID=130) to work on /home/airflow/.local/lib/python3.12/site-packages/airflow/example_dags/tutorial_dag.py
[2024-10-06T04:19:50.192+0000] {processor.py:914} INFO - Processing file /home/airflow/.local/lib/python3.12/site-packages/airflow/example_dags/tutorial_dag.py for tasks to queue
[2024-10-06T04:19:50.196+0000] {logging_mixin.py:190} INFO - [2024-10-06T04:19:50.196+0000] {dagbag.py:588} INFO - Filling up the DagBag from /home/airflow/.local/lib/python3.12/site-packages/airflow/example_dags/tutorial_dag.py
[2024-10-06T04:19:50.230+0000] {processor.py:925} INFO - DAG(s) 'tutorial_dag' retrieved from /home/airflow/.local/lib/python3.12/site-packages/airflow/example_dags/tutorial_dag.py
[2024-10-06T04:19:50.285+0000] {logging_mixin.py:190} INFO - [2024-10-06T04:19:50.285+0000] {dag.py:3239} INFO - Sync 1 DAGs
[2024-10-06T04:19:50.324+0000] {logging_mixin.py:190} INFO - [2024-10-06T04:19:50.324+0000] {dag.py:4180} INFO - Setting next_dagrun for tutorial_dag to None, run_after=None
[2024-10-06T04:19:50.382+0000] {processor.py:208} INFO - Processing /home/airflow/.local/lib/python3.12/site-packages/airflow/example_dags/tutorial_dag.py took 0.214 seconds
[2024-10-06T04:20:21.164+0000] {processor.py:186} INFO - Started process (PID=192) to work on /home/airflow/.local/lib/python3.12/site-packages/airflow/example_dags/tutorial_dag.py
[2024-10-06T04:20:21.165+0000] {processor.py:914} INFO - Processing file /home/airflow/.local/lib/python3.12/site-packages/airflow/example_dags/tutorial_dag.py for tasks to queue
[2024-10-06T04:20:21.170+0000] {logging_mixin.py:190} INFO - [2024-10-06T04:20:21.168+0000] {dagbag.py:588} INFO - Filling up the DagBag from /home/airflow/.local/lib/python3.12/site-packages/airflow/example_dags/tutorial_dag.py
[2024-10-06T04:20:21.179+0000] {processor.py:925} INFO - DAG(s) 'tutorial_dag' retrieved from /home/airflow/.local/lib/python3.12/site-packages/airflow/example_dags/tutorial_dag.py
[2024-10-06T04:20:21.206+0000] {logging_mixin.py:190} INFO - [2024-10-06T04:20:21.205+0000] {dag.py:3239} INFO - Sync 1 DAGs
[2024-10-06T04:20:21.223+0000] {logging_mixin.py:190} INFO - [2024-10-06T04:20:21.223+0000] {dag.py:4180} INFO - Setting next_dagrun for tutorial_dag to None, run_after=None
[2024-10-06T04:20:21.255+0000] {processor.py:208} INFO - Processing /home/airflow/.local/lib/python3.12/site-packages/airflow/example_dags/tutorial_dag.py took 0.099 seconds
[2024-10-06T04:20:51.607+0000] {processor.py:186} INFO - Started process (PID=255) to work on /home/airflow/.local/lib/python3.12/site-packages/airflow/example_dags/tutorial_dag.py
[2024-10-06T04:20:51.610+0000] {processor.py:914} INFO - Processing file /home/airflow/.local/lib/python3.12/site-packages/airflow/example_dags/tutorial_dag.py for tasks to queue
[2024-10-06T04:20:51.613+0000] {logging_mixin.py:190} INFO - [2024-10-06T04:20:51.613+0000] {dagbag.py:588} INFO - Filling up the DagBag from /home/airflow/.local/lib/python3.12/site-packages/airflow/example_dags/tutorial_dag.py
[2024-10-06T04:20:51.624+0000] {processor.py:925} INFO - DAG(s) 'tutorial_dag' retrieved from /home/airflow/.local/lib/python3.12/site-packages/airflow/example_dags/tutorial_dag.py
[2024-10-06T04:20:51.659+0000] {logging_mixin.py:190} INFO - [2024-10-06T04:20:51.659+0000] {dag.py:3239} INFO - Sync 1 DAGs
[2024-10-06T04:20:51.679+0000] {logging_mixin.py:190} INFO - [2024-10-06T04:20:51.679+0000] {dag.py:4180} INFO - Setting next_dagrun for tutorial_dag to None, run_after=None
[2024-10-06T04:20:51.710+0000] {processor.py:208} INFO - Processing /home/airflow/.local/lib/python3.12/site-packages/airflow/example_dags/tutorial_dag.py took 0.111 seconds
[2024-10-06T04:21:21.816+0000] {processor.py:186} INFO - Started process (PID=316) to work on /home/airflow/.local/lib/python3.12/site-packages/airflow/example_dags/tutorial_dag.py
[2024-10-06T04:21:21.817+0000] {processor.py:914} INFO - Processing file /home/airflow/.local/lib/python3.12/site-packages/airflow/example_dags/tutorial_dag.py for tasks to queue
[2024-10-06T04:21:21.822+0000] {logging_mixin.py:190} INFO - [2024-10-06T04:21:21.821+0000] {dagbag.py:588} INFO - Filling up the DagBag from /home/airflow/.local/lib/python3.12/site-packages/airflow/example_dags/tutorial_dag.py
[2024-10-06T04:21:21.835+0000] {processor.py:925} INFO - DAG(s) 'tutorial_dag' retrieved from /home/airflow/.local/lib/python3.12/site-packages/airflow/example_dags/tutorial_dag.py
[2024-10-06T04:21:21.865+0000] {logging_mixin.py:190} INFO - [2024-10-06T04:21:21.865+0000] {dag.py:3239} INFO - Sync 1 DAGs
[2024-10-06T04:21:21.904+0000] {logging_mixin.py:190} INFO - [2024-10-06T04:21:21.903+0000] {dag.py:4180} INFO - Setting next_dagrun for tutorial_dag to None, run_after=None
[2024-10-06T04:21:21.938+0000] {processor.py:208} INFO - Processing /home/airflow/.local/lib/python3.12/site-packages/airflow/example_dags/tutorial_dag.py took 0.131 seconds
[2024-10-06T04:21:52.118+0000] {processor.py:186} INFO - Started process (PID=377) to work on /home/airflow/.local/lib/python3.12/site-packages/airflow/example_dags/tutorial_dag.py
[2024-10-06T04:21:52.120+0000] {processor.py:914} INFO - Processing file /home/airflow/.local/lib/python3.12/site-packages/airflow/example_dags/tutorial_dag.py for tasks to queue
[2024-10-06T04:21:52.125+0000] {logging_mixin.py:190} INFO - [2024-10-06T04:21:52.124+0000] {dagbag.py:588} INFO - Filling up the DagBag from /home/airflow/.local/lib/python3.12/site-packages/airflow/example_dags/tutorial_dag.py
[2024-10-06T04:21:52.138+0000] {processor.py:925} INFO - DAG(s) 'tutorial_dag' retrieved from /home/airflow/.local/lib/python3.12/site-packages/airflow/example_dags/tutorial_dag.py
[2024-10-06T04:21:52.172+0000] {logging_mixin.py:190} INFO - [2024-10-06T04:21:52.172+0000] {dag.py:3239} INFO - Sync 1 DAGs
[2024-10-06T04:21:52.196+0000] {logging_mixin.py:190} INFO - [2024-10-06T04:21:52.195+0000] {dag.py:4180} INFO - Setting next_dagrun for tutorial_dag to None, run_after=None
[2024-10-06T04:21:52.222+0000] {processor.py:208} INFO - Processing /home/airflow/.local/lib/python3.12/site-packages/airflow/example_dags/tutorial_dag.py took 0.115 seconds
[2024-10-06T04:22:22.311+0000] {processor.py:186} INFO - Started process (PID=440) to work on /home/airflow/.local/lib/python3.12/site-packages/airflow/example_dags/tutorial_dag.py
[2024-10-06T04:22:22.312+0000] {processor.py:914} INFO - Processing file /home/airflow/.local/lib/python3.12/site-packages/airflow/example_dags/tutorial_dag.py for tasks to queue
[2024-10-06T04:22:22.317+0000] {logging_mixin.py:190} INFO - [2024-10-06T04:22:22.316+0000] {dagbag.py:588} INFO - Filling up the DagBag from /home/airflow/.local/lib/python3.12/site-packages/airflow/example_dags/tutorial_dag.py
[2024-10-06T04:22:22.330+0000] {processor.py:925} INFO - DAG(s) 'tutorial_dag' retrieved from /home/airflow/.local/lib/python3.12/site-packages/airflow/example_dags/tutorial_dag.py
[2024-10-06T04:22:22.361+0000] {logging_mixin.py:190} INFO - [2024-10-06T04:22:22.360+0000] {dag.py:3239} INFO - Sync 1 DAGs
[2024-10-06T04:22:22.382+0000] {logging_mixin.py:190} INFO - [2024-10-06T04:22:22.382+0000] {dag.py:4180} INFO - Setting next_dagrun for tutorial_dag to None, run_after=None
[2024-10-06T04:22:22.411+0000] {processor.py:208} INFO - Processing /home/airflow/.local/lib/python3.12/site-packages/airflow/example_dags/tutorial_dag.py took 0.111 seconds
[2024-10-06T04:22:52.825+0000] {processor.py:186} INFO - Started process (PID=503) to work on /home/airflow/.local/lib/python3.12/site-packages/airflow/example_dags/tutorial_dag.py
[2024-10-06T04:22:52.827+0000] {processor.py:914} INFO - Processing file /home/airflow/.local/lib/python3.12/site-packages/airflow/example_dags/tutorial_dag.py for tasks to queue
[2024-10-06T04:22:52.831+0000] {logging_mixin.py:190} INFO - [2024-10-06T04:22:52.830+0000] {dagbag.py:588} INFO - Filling up the DagBag from /home/airflow/.local/lib/python3.12/site-packages/airflow/example_dags/tutorial_dag.py
[2024-10-06T04:22:52.844+0000] {processor.py:925} INFO - DAG(s) 'tutorial_dag' retrieved from /home/airflow/.local/lib/python3.12/site-packages/airflow/example_dags/tutorial_dag.py
[2024-10-06T04:22:52.873+0000] {logging_mixin.py:190} INFO - [2024-10-06T04:22:52.873+0000] {dag.py:3239} INFO - Sync 1 DAGs
[2024-10-06T04:22:52.893+0000] {logging_mixin.py:190} INFO - [2024-10-06T04:22:52.893+0000] {dag.py:4180} INFO - Setting next_dagrun for tutorial_dag to None, run_after=None
[2024-10-06T04:22:52.916+0000] {processor.py:208} INFO - Processing /home/airflow/.local/lib/python3.12/site-packages/airflow/example_dags/tutorial_dag.py took 0.102 seconds
[2024-10-06T04:23:23.280+0000] {processor.py:186} INFO - Started process (PID=566) to work on /home/airflow/.local/lib/python3.12/site-packages/airflow/example_dags/tutorial_dag.py
[2024-10-06T04:23:23.282+0000] {processor.py:914} INFO - Processing file /home/airflow/.local/lib/python3.12/site-packages/airflow/example_dags/tutorial_dag.py for tasks to queue
[2024-10-06T04:23:23.285+0000] {logging_mixin.py:190} INFO - [2024-10-06T04:23:23.285+0000] {dagbag.py:588} INFO - Filling up the DagBag from /home/airflow/.local/lib/python3.12/site-packages/airflow/example_dags/tutorial_dag.py
[2024-10-06T04:23:23.297+0000] {processor.py:925} INFO - DAG(s) 'tutorial_dag' retrieved from /home/airflow/.local/lib/python3.12/site-packages/airflow/example_dags/tutorial_dag.py
[2024-10-06T04:23:23.325+0000] {logging_mixin.py:190} INFO - [2024-10-06T04:23:23.325+0000] {dag.py:3239} INFO - Sync 1 DAGs
[2024-10-06T04:23:23.346+0000] {logging_mixin.py:190} INFO - [2024-10-06T04:23:23.345+0000] {dag.py:4180} INFO - Setting next_dagrun for tutorial_dag to None, run_after=None
[2024-10-06T04:23:23.371+0000] {processor.py:208} INFO - Processing /home/airflow/.local/lib/python3.12/site-packages/airflow/example_dags/tutorial_dag.py took 0.098 seconds
[2024-10-06T04:23:54.331+0000] {processor.py:186} INFO - Started process (PID=627) to work on /home/airflow/.local/lib/python3.12/site-packages/airflow/example_dags/tutorial_dag.py
[2024-10-06T04:23:54.335+0000] {processor.py:914} INFO - Processing file /home/airflow/.local/lib/python3.12/site-packages/airflow/example_dags/tutorial_dag.py for tasks to queue
[2024-10-06T04:23:54.340+0000] {logging_mixin.py:190} INFO - [2024-10-06T04:23:54.339+0000] {dagbag.py:588} INFO - Filling up the DagBag from /home/airflow/.local/lib/python3.12/site-packages/airflow/example_dags/tutorial_dag.py
[2024-10-06T04:23:54.351+0000] {processor.py:925} INFO - DAG(s) 'tutorial_dag' retrieved from /home/airflow/.local/lib/python3.12/site-packages/airflow/example_dags/tutorial_dag.py
[2024-10-06T04:23:54.379+0000] {logging_mixin.py:190} INFO - [2024-10-06T04:23:54.378+0000] {dag.py:3239} INFO - Sync 1 DAGs
[2024-10-06T04:23:54.404+0000] {logging_mixin.py:190} INFO - [2024-10-06T04:23:54.403+0000] {dag.py:4180} INFO - Setting next_dagrun for tutorial_dag to None, run_after=None
[2024-10-06T04:23:54.430+0000] {processor.py:208} INFO - Processing /home/airflow/.local/lib/python3.12/site-packages/airflow/example_dags/tutorial_dag.py took 0.118 seconds
[2024-10-06T04:24:25.045+0000] {processor.py:186} INFO - Started process (PID=688) to work on /home/airflow/.local/lib/python3.12/site-packages/airflow/example_dags/tutorial_dag.py
[2024-10-06T04:24:25.046+0000] {processor.py:914} INFO - Processing file /home/airflow/.local/lib/python3.12/site-packages/airflow/example_dags/tutorial_dag.py for tasks to queue
[2024-10-06T04:24:25.051+0000] {logging_mixin.py:190} INFO - [2024-10-06T04:24:25.050+0000] {dagbag.py:588} INFO - Filling up the DagBag from /home/airflow/.local/lib/python3.12/site-packages/airflow/example_dags/tutorial_dag.py
[2024-10-06T04:24:25.066+0000] {processor.py:925} INFO - DAG(s) 'tutorial_dag' retrieved from /home/airflow/.local/lib/python3.12/site-packages/airflow/example_dags/tutorial_dag.py
[2024-10-06T04:24:25.091+0000] {logging_mixin.py:190} INFO - [2024-10-06T04:24:25.091+0000] {dag.py:3239} INFO - Sync 1 DAGs
[2024-10-06T04:24:25.111+0000] {logging_mixin.py:190} INFO - [2024-10-06T04:24:25.111+0000] {dag.py:4180} INFO - Setting next_dagrun for tutorial_dag to None, run_after=None
[2024-10-06T04:24:25.133+0000] {processor.py:208} INFO - Processing /home/airflow/.local/lib/python3.12/site-packages/airflow/example_dags/tutorial_dag.py took 0.098 seconds
[2024-10-06T04:24:56.874+0000] {processor.py:186} INFO - Started process (PID=750) to work on /home/airflow/.local/lib/python3.12/site-packages/airflow/example_dags/tutorial_dag.py
[2024-10-06T04:24:56.875+0000] {processor.py:914} INFO - Processing file /home/airflow/.local/lib/python3.12/site-packages/airflow/example_dags/tutorial_dag.py for tasks to queue
[2024-10-06T04:24:56.883+0000] {logging_mixin.py:190} INFO - [2024-10-06T04:24:56.883+0000] {dagbag.py:588} INFO - Filling up the DagBag from /home/airflow/.local/lib/python3.12/site-packages/airflow/example_dags/tutorial_dag.py
[2024-10-06T04:24:56.916+0000] {processor.py:925} INFO - DAG(s) 'tutorial_dag' retrieved from /home/airflow/.local/lib/python3.12/site-packages/airflow/example_dags/tutorial_dag.py
[2024-10-06T04:24:56.954+0000] {logging_mixin.py:190} INFO - [2024-10-06T04:24:56.954+0000] {dag.py:3239} INFO - Sync 1 DAGs
[2024-10-06T04:24:56.979+0000] {logging_mixin.py:190} INFO - [2024-10-06T04:24:56.978+0000] {dag.py:4180} INFO - Setting next_dagrun for tutorial_dag to None, run_after=None
[2024-10-06T04:24:57.015+0000] {processor.py:208} INFO - Processing /home/airflow/.local/lib/python3.12/site-packages/airflow/example_dags/tutorial_dag.py took 0.156 seconds
[2024-10-06T04:25:27.118+0000] {processor.py:186} INFO - Started process (PID=812) to work on /home/airflow/.local/lib/python3.12/site-packages/airflow/example_dags/tutorial_dag.py
[2024-10-06T04:25:27.121+0000] {processor.py:914} INFO - Processing file /home/airflow/.local/lib/python3.12/site-packages/airflow/example_dags/tutorial_dag.py for tasks to queue
[2024-10-06T04:25:27.125+0000] {logging_mixin.py:190} INFO - [2024-10-06T04:25:27.124+0000] {dagbag.py:588} INFO - Filling up the DagBag from /home/airflow/.local/lib/python3.12/site-packages/airflow/example_dags/tutorial_dag.py
[2024-10-06T04:25:27.139+0000] {processor.py:925} INFO - DAG(s) 'tutorial_dag' retrieved from /home/airflow/.local/lib/python3.12/site-packages/airflow/example_dags/tutorial_dag.py
[2024-10-06T04:25:27.173+0000] {logging_mixin.py:190} INFO - [2024-10-06T04:25:27.173+0000] {dag.py:3239} INFO - Sync 1 DAGs
[2024-10-06T04:25:27.213+0000] {logging_mixin.py:190} INFO - [2024-10-06T04:25:27.212+0000] {dag.py:4180} INFO - Setting next_dagrun for tutorial_dag to None, run_after=None
[2024-10-06T04:25:27.258+0000] {processor.py:208} INFO - Processing /home/airflow/.local/lib/python3.12/site-packages/airflow/example_dags/tutorial_dag.py took 0.157 seconds
[2024-10-06T04:25:57.600+0000] {processor.py:186} INFO - Started process (PID=875) to work on /home/airflow/.local/lib/python3.12/site-packages/airflow/example_dags/tutorial_dag.py
[2024-10-06T04:25:57.601+0000] {processor.py:914} INFO - Processing file /home/airflow/.local/lib/python3.12/site-packages/airflow/example_dags/tutorial_dag.py for tasks to queue
[2024-10-06T04:25:57.605+0000] {logging_mixin.py:190} INFO - [2024-10-06T04:25:57.604+0000] {dagbag.py:588} INFO - Filling up the DagBag from /home/airflow/.local/lib/python3.12/site-packages/airflow/example_dags/tutorial_dag.py
[2024-10-06T04:25:57.616+0000] {processor.py:925} INFO - DAG(s) 'tutorial_dag' retrieved from /home/airflow/.local/lib/python3.12/site-packages/airflow/example_dags/tutorial_dag.py
[2024-10-06T04:25:57.650+0000] {logging_mixin.py:190} INFO - [2024-10-06T04:25:57.649+0000] {dag.py:3239} INFO - Sync 1 DAGs
[2024-10-06T04:25:57.670+0000] {logging_mixin.py:190} INFO - [2024-10-06T04:25:57.669+0000] {dag.py:4180} INFO - Setting next_dagrun for tutorial_dag to None, run_after=None
[2024-10-06T04:25:57.696+0000] {processor.py:208} INFO - Processing /home/airflow/.local/lib/python3.12/site-packages/airflow/example_dags/tutorial_dag.py took 0.106 seconds
[2024-10-06T04:26:28.276+0000] {processor.py:186} INFO - Started process (PID=937) to work on /home/airflow/.local/lib/python3.12/site-packages/airflow/example_dags/tutorial_dag.py
[2024-10-06T04:26:28.277+0000] {processor.py:914} INFO - Processing file /home/airflow/.local/lib/python3.12/site-packages/airflow/example_dags/tutorial_dag.py for tasks to queue
[2024-10-06T04:26:28.291+0000] {logging_mixin.py:190} INFO - [2024-10-06T04:26:28.290+0000] {dagbag.py:588} INFO - Filling up the DagBag from /home/airflow/.local/lib/python3.12/site-packages/airflow/example_dags/tutorial_dag.py
[2024-10-06T04:26:28.304+0000] {processor.py:925} INFO - DAG(s) 'tutorial_dag' retrieved from /home/airflow/.local/lib/python3.12/site-packages/airflow/example_dags/tutorial_dag.py
[2024-10-06T04:26:28.337+0000] {logging_mixin.py:190} INFO - [2024-10-06T04:26:28.336+0000] {dag.py:3239} INFO - Sync 1 DAGs
[2024-10-06T04:26:28.365+0000] {logging_mixin.py:190} INFO - [2024-10-06T04:26:28.364+0000] {dag.py:4180} INFO - Setting next_dagrun for tutorial_dag to None, run_after=None
[2024-10-06T04:26:28.400+0000] {processor.py:208} INFO - Processing /home/airflow/.local/lib/python3.12/site-packages/airflow/example_dags/tutorial_dag.py took 0.132 seconds
[2024-10-06T04:26:58.848+0000] {processor.py:186} INFO - Started process (PID=999) to work on /home/airflow/.local/lib/python3.12/site-packages/airflow/example_dags/tutorial_dag.py
[2024-10-06T04:26:58.849+0000] {processor.py:914} INFO - Processing file /home/airflow/.local/lib/python3.12/site-packages/airflow/example_dags/tutorial_dag.py for tasks to queue
[2024-10-06T04:26:58.854+0000] {logging_mixin.py:190} INFO - [2024-10-06T04:26:58.853+0000] {dagbag.py:588} INFO - Filling up the DagBag from /home/airflow/.local/lib/python3.12/site-packages/airflow/example_dags/tutorial_dag.py
[2024-10-06T04:26:58.868+0000] {processor.py:925} INFO - DAG(s) 'tutorial_dag' retrieved from /home/airflow/.local/lib/python3.12/site-packages/airflow/example_dags/tutorial_dag.py
[2024-10-06T04:26:58.902+0000] {logging_mixin.py:190} INFO - [2024-10-06T04:26:58.901+0000] {dag.py:3239} INFO - Sync 1 DAGs
[2024-10-06T04:26:58.926+0000] {logging_mixin.py:190} INFO - [2024-10-06T04:26:58.926+0000] {dag.py:4180} INFO - Setting next_dagrun for tutorial_dag to None, run_after=None
[2024-10-06T04:26:58.956+0000] {processor.py:208} INFO - Processing /home/airflow/.local/lib/python3.12/site-packages/airflow/example_dags/tutorial_dag.py took 0.120 seconds
[2024-10-06T04:27:30.341+0000] {processor.py:186} INFO - Started process (PID=1061) to work on /home/airflow/.local/lib/python3.12/site-packages/airflow/example_dags/tutorial_dag.py
[2024-10-06T04:27:30.342+0000] {processor.py:914} INFO - Processing file /home/airflow/.local/lib/python3.12/site-packages/airflow/example_dags/tutorial_dag.py for tasks to queue
[2024-10-06T04:27:30.346+0000] {logging_mixin.py:190} INFO - [2024-10-06T04:27:30.345+0000] {dagbag.py:588} INFO - Filling up the DagBag from /home/airflow/.local/lib/python3.12/site-packages/airflow/example_dags/tutorial_dag.py
[2024-10-06T04:27:30.356+0000] {processor.py:925} INFO - DAG(s) 'tutorial_dag' retrieved from /home/airflow/.local/lib/python3.12/site-packages/airflow/example_dags/tutorial_dag.py
[2024-10-06T04:27:30.383+0000] {logging_mixin.py:190} INFO - [2024-10-06T04:27:30.382+0000] {dag.py:3239} INFO - Sync 1 DAGs
[2024-10-06T04:27:30.410+0000] {logging_mixin.py:190} INFO - [2024-10-06T04:27:30.409+0000] {dag.py:4180} INFO - Setting next_dagrun for tutorial_dag to None, run_after=None
[2024-10-06T04:27:30.443+0000] {processor.py:208} INFO - Processing /home/airflow/.local/lib/python3.12/site-packages/airflow/example_dags/tutorial_dag.py took 0.111 seconds
[2024-10-06T04:28:01.383+0000] {processor.py:186} INFO - Started process (PID=1123) to work on /home/airflow/.local/lib/python3.12/site-packages/airflow/example_dags/tutorial_dag.py
[2024-10-06T04:28:01.385+0000] {processor.py:914} INFO - Processing file /home/airflow/.local/lib/python3.12/site-packages/airflow/example_dags/tutorial_dag.py for tasks to queue
[2024-10-06T04:28:01.390+0000] {logging_mixin.py:190} INFO - [2024-10-06T04:28:01.389+0000] {dagbag.py:588} INFO - Filling up the DagBag from /home/airflow/.local/lib/python3.12/site-packages/airflow/example_dags/tutorial_dag.py
[2024-10-06T04:28:01.407+0000] {processor.py:925} INFO - DAG(s) 'tutorial_dag' retrieved from /home/airflow/.local/lib/python3.12/site-packages/airflow/example_dags/tutorial_dag.py
[2024-10-06T04:28:01.438+0000] {logging_mixin.py:190} INFO - [2024-10-06T04:28:01.438+0000] {dag.py:3239} INFO - Sync 1 DAGs
[2024-10-06T04:28:01.459+0000] {logging_mixin.py:190} INFO - [2024-10-06T04:28:01.459+0000] {dag.py:4180} INFO - Setting next_dagrun for tutorial_dag to None, run_after=None
[2024-10-06T04:28:01.486+0000] {processor.py:208} INFO - Processing /home/airflow/.local/lib/python3.12/site-packages/airflow/example_dags/tutorial_dag.py took 0.116 seconds
[2024-10-06T04:28:32.284+0000] {processor.py:186} INFO - Started process (PID=1185) to work on /home/airflow/.local/lib/python3.12/site-packages/airflow/example_dags/tutorial_dag.py
[2024-10-06T04:28:32.286+0000] {processor.py:914} INFO - Processing file /home/airflow/.local/lib/python3.12/site-packages/airflow/example_dags/tutorial_dag.py for tasks to queue
[2024-10-06T04:28:32.291+0000] {logging_mixin.py:190} INFO - [2024-10-06T04:28:32.290+0000] {dagbag.py:588} INFO - Filling up the DagBag from /home/airflow/.local/lib/python3.12/site-packages/airflow/example_dags/tutorial_dag.py
[2024-10-06T04:28:32.314+0000] {processor.py:925} INFO - DAG(s) 'tutorial_dag' retrieved from /home/airflow/.local/lib/python3.12/site-packages/airflow/example_dags/tutorial_dag.py
[2024-10-06T04:28:32.340+0000] {logging_mixin.py:190} INFO - [2024-10-06T04:28:32.340+0000] {dag.py:3239} INFO - Sync 1 DAGs
[2024-10-06T04:28:32.363+0000] {logging_mixin.py:190} INFO - [2024-10-06T04:28:32.362+0000] {dag.py:4180} INFO - Setting next_dagrun for tutorial_dag to None, run_after=None
[2024-10-06T04:28:32.389+0000] {processor.py:208} INFO - Processing /home/airflow/.local/lib/python3.12/site-packages/airflow/example_dags/tutorial_dag.py took 0.124 seconds
[2024-10-06T04:29:03.786+0000] {processor.py:186} INFO - Started process (PID=1248) to work on /home/airflow/.local/lib/python3.12/site-packages/airflow/example_dags/tutorial_dag.py
[2024-10-06T04:29:03.787+0000] {processor.py:914} INFO - Processing file /home/airflow/.local/lib/python3.12/site-packages/airflow/example_dags/tutorial_dag.py for tasks to queue
[2024-10-06T04:29:03.791+0000] {logging_mixin.py:190} INFO - [2024-10-06T04:29:03.790+0000] {dagbag.py:588} INFO - Filling up the DagBag from /home/airflow/.local/lib/python3.12/site-packages/airflow/example_dags/tutorial_dag.py
[2024-10-06T04:29:03.806+0000] {processor.py:925} INFO - DAG(s) 'tutorial_dag' retrieved from /home/airflow/.local/lib/python3.12/site-packages/airflow/example_dags/tutorial_dag.py
[2024-10-06T04:29:03.845+0000] {logging_mixin.py:190} INFO - [2024-10-06T04:29:03.844+0000] {dag.py:3239} INFO - Sync 1 DAGs
[2024-10-06T04:29:03.866+0000] {logging_mixin.py:190} INFO - [2024-10-06T04:29:03.865+0000] {dag.py:4180} INFO - Setting next_dagrun for tutorial_dag to None, run_after=None
[2024-10-06T04:29:03.929+0000] {processor.py:208} INFO - Processing /home/airflow/.local/lib/python3.12/site-packages/airflow/example_dags/tutorial_dag.py took 0.161 seconds
[2024-10-06T04:29:34.697+0000] {processor.py:186} INFO - Started process (PID=1310) to work on /home/airflow/.local/lib/python3.12/site-packages/airflow/example_dags/tutorial_dag.py
[2024-10-06T04:29:34.698+0000] {processor.py:914} INFO - Processing file /home/airflow/.local/lib/python3.12/site-packages/airflow/example_dags/tutorial_dag.py for tasks to queue
[2024-10-06T04:29:34.702+0000] {logging_mixin.py:190} INFO - [2024-10-06T04:29:34.702+0000] {dagbag.py:588} INFO - Filling up the DagBag from /home/airflow/.local/lib/python3.12/site-packages/airflow/example_dags/tutorial_dag.py
[2024-10-06T04:29:34.722+0000] {processor.py:925} INFO - DAG(s) 'tutorial_dag' retrieved from /home/airflow/.local/lib/python3.12/site-packages/airflow/example_dags/tutorial_dag.py
[2024-10-06T04:29:34.777+0000] {logging_mixin.py:190} INFO - [2024-10-06T04:29:34.774+0000] {dag.py:3239} INFO - Sync 1 DAGs
[2024-10-06T04:29:34.799+0000] {logging_mixin.py:190} INFO - [2024-10-06T04:29:34.799+0000] {dag.py:4180} INFO - Setting next_dagrun for tutorial_dag to None, run_after=None
[2024-10-06T04:29:34.826+0000] {processor.py:208} INFO - Processing /home/airflow/.local/lib/python3.12/site-packages/airflow/example_dags/tutorial_dag.py took 0.138 seconds
[2024-10-06T04:30:05.550+0000] {processor.py:186} INFO - Started process (PID=1372) to work on /home/airflow/.local/lib/python3.12/site-packages/airflow/example_dags/tutorial_dag.py
[2024-10-06T04:30:05.553+0000] {processor.py:914} INFO - Processing file /home/airflow/.local/lib/python3.12/site-packages/airflow/example_dags/tutorial_dag.py for tasks to queue
[2024-10-06T04:30:05.558+0000] {logging_mixin.py:190} INFO - [2024-10-06T04:30:05.557+0000] {dagbag.py:588} INFO - Filling up the DagBag from /home/airflow/.local/lib/python3.12/site-packages/airflow/example_dags/tutorial_dag.py
[2024-10-06T04:30:05.576+0000] {processor.py:925} INFO - DAG(s) 'tutorial_dag' retrieved from /home/airflow/.local/lib/python3.12/site-packages/airflow/example_dags/tutorial_dag.py
[2024-10-06T04:30:05.609+0000] {logging_mixin.py:190} INFO - [2024-10-06T04:30:05.609+0000] {dag.py:3239} INFO - Sync 1 DAGs
[2024-10-06T04:30:05.634+0000] {logging_mixin.py:190} INFO - [2024-10-06T04:30:05.633+0000] {dag.py:4180} INFO - Setting next_dagrun for tutorial_dag to None, run_after=None
[2024-10-06T04:30:05.668+0000] {processor.py:208} INFO - Processing /home/airflow/.local/lib/python3.12/site-packages/airflow/example_dags/tutorial_dag.py took 0.129 seconds
[2024-10-06T04:30:36.755+0000] {processor.py:186} INFO - Started process (PID=1434) to work on /home/airflow/.local/lib/python3.12/site-packages/airflow/example_dags/tutorial_dag.py
[2024-10-06T04:30:36.757+0000] {processor.py:914} INFO - Processing file /home/airflow/.local/lib/python3.12/site-packages/airflow/example_dags/tutorial_dag.py for tasks to queue
[2024-10-06T04:30:36.762+0000] {logging_mixin.py:190} INFO - [2024-10-06T04:30:36.761+0000] {dagbag.py:588} INFO - Filling up the DagBag from /home/airflow/.local/lib/python3.12/site-packages/airflow/example_dags/tutorial_dag.py
[2024-10-06T04:30:36.778+0000] {processor.py:925} INFO - DAG(s) 'tutorial_dag' retrieved from /home/airflow/.local/lib/python3.12/site-packages/airflow/example_dags/tutorial_dag.py
[2024-10-06T04:30:36.821+0000] {logging_mixin.py:190} INFO - [2024-10-06T04:30:36.820+0000] {dag.py:3239} INFO - Sync 1 DAGs
[2024-10-06T04:30:36.849+0000] {logging_mixin.py:190} INFO - [2024-10-06T04:30:36.849+0000] {dag.py:4180} INFO - Setting next_dagrun for tutorial_dag to None, run_after=None
[2024-10-06T04:30:36.886+0000] {processor.py:208} INFO - Processing /home/airflow/.local/lib/python3.12/site-packages/airflow/example_dags/tutorial_dag.py took 0.143 seconds
[2024-10-06T04:31:07.981+0000] {processor.py:186} INFO - Started process (PID=1496) to work on /home/airflow/.local/lib/python3.12/site-packages/airflow/example_dags/tutorial_dag.py
[2024-10-06T04:31:07.982+0000] {processor.py:914} INFO - Processing file /home/airflow/.local/lib/python3.12/site-packages/airflow/example_dags/tutorial_dag.py for tasks to queue
[2024-10-06T04:31:07.986+0000] {logging_mixin.py:190} INFO - [2024-10-06T04:31:07.986+0000] {dagbag.py:588} INFO - Filling up the DagBag from /home/airflow/.local/lib/python3.12/site-packages/airflow/example_dags/tutorial_dag.py
[2024-10-06T04:31:07.999+0000] {processor.py:925} INFO - DAG(s) 'tutorial_dag' retrieved from /home/airflow/.local/lib/python3.12/site-packages/airflow/example_dags/tutorial_dag.py
[2024-10-06T04:31:08.034+0000] {logging_mixin.py:190} INFO - [2024-10-06T04:31:08.034+0000] {dag.py:3239} INFO - Sync 1 DAGs
[2024-10-06T04:31:08.063+0000] {logging_mixin.py:190} INFO - [2024-10-06T04:31:08.062+0000] {dag.py:4180} INFO - Setting next_dagrun for tutorial_dag to None, run_after=None
[2024-10-06T04:31:08.090+0000] {processor.py:208} INFO - Processing /home/airflow/.local/lib/python3.12/site-packages/airflow/example_dags/tutorial_dag.py took 0.118 seconds
[2024-10-06T04:31:38.880+0000] {processor.py:186} INFO - Started process (PID=1558) to work on /home/airflow/.local/lib/python3.12/site-packages/airflow/example_dags/tutorial_dag.py
[2024-10-06T04:31:38.882+0000] {processor.py:914} INFO - Processing file /home/airflow/.local/lib/python3.12/site-packages/airflow/example_dags/tutorial_dag.py for tasks to queue
[2024-10-06T04:31:38.885+0000] {logging_mixin.py:190} INFO - [2024-10-06T04:31:38.885+0000] {dagbag.py:588} INFO - Filling up the DagBag from /home/airflow/.local/lib/python3.12/site-packages/airflow/example_dags/tutorial_dag.py
[2024-10-06T04:31:38.897+0000] {processor.py:925} INFO - DAG(s) 'tutorial_dag' retrieved from /home/airflow/.local/lib/python3.12/site-packages/airflow/example_dags/tutorial_dag.py
[2024-10-06T04:31:38.923+0000] {logging_mixin.py:190} INFO - [2024-10-06T04:31:38.923+0000] {dag.py:3239} INFO - Sync 1 DAGs
[2024-10-06T04:31:38.943+0000] {logging_mixin.py:190} INFO - [2024-10-06T04:31:38.943+0000] {dag.py:4180} INFO - Setting next_dagrun for tutorial_dag to None, run_after=None
[2024-10-06T04:31:38.966+0000] {processor.py:208} INFO - Processing /home/airflow/.local/lib/python3.12/site-packages/airflow/example_dags/tutorial_dag.py took 0.095 seconds
[2024-10-06T04:32:09.719+0000] {processor.py:186} INFO - Started process (PID=1620) to work on /home/airflow/.local/lib/python3.12/site-packages/airflow/example_dags/tutorial_dag.py
[2024-10-06T04:32:09.720+0000] {processor.py:914} INFO - Processing file /home/airflow/.local/lib/python3.12/site-packages/airflow/example_dags/tutorial_dag.py for tasks to queue
[2024-10-06T04:32:09.724+0000] {logging_mixin.py:190} INFO - [2024-10-06T04:32:09.723+0000] {dagbag.py:588} INFO - Filling up the DagBag from /home/airflow/.local/lib/python3.12/site-packages/airflow/example_dags/tutorial_dag.py
[2024-10-06T04:32:09.736+0000] {processor.py:925} INFO - DAG(s) 'tutorial_dag' retrieved from /home/airflow/.local/lib/python3.12/site-packages/airflow/example_dags/tutorial_dag.py
[2024-10-06T04:32:09.769+0000] {logging_mixin.py:190} INFO - [2024-10-06T04:32:09.769+0000] {dag.py:3239} INFO - Sync 1 DAGs
[2024-10-06T04:32:09.795+0000] {logging_mixin.py:190} INFO - [2024-10-06T04:32:09.795+0000] {dag.py:4180} INFO - Setting next_dagrun for tutorial_dag to None, run_after=None
[2024-10-06T04:32:09.824+0000] {processor.py:208} INFO - Processing /home/airflow/.local/lib/python3.12/site-packages/airflow/example_dags/tutorial_dag.py took 0.114 seconds
[2024-10-06T04:32:41.037+0000] {processor.py:186} INFO - Started process (PID=1682) to work on /home/airflow/.local/lib/python3.12/site-packages/airflow/example_dags/tutorial_dag.py
[2024-10-06T04:32:41.044+0000] {processor.py:914} INFO - Processing file /home/airflow/.local/lib/python3.12/site-packages/airflow/example_dags/tutorial_dag.py for tasks to queue
[2024-10-06T04:32:41.048+0000] {logging_mixin.py:190} INFO - [2024-10-06T04:32:41.047+0000] {dagbag.py:588} INFO - Filling up the DagBag from /home/airflow/.local/lib/python3.12/site-packages/airflow/example_dags/tutorial_dag.py
[2024-10-06T04:32:41.060+0000] {processor.py:925} INFO - DAG(s) 'tutorial_dag' retrieved from /home/airflow/.local/lib/python3.12/site-packages/airflow/example_dags/tutorial_dag.py
[2024-10-06T04:32:41.089+0000] {logging_mixin.py:190} INFO - [2024-10-06T04:32:41.089+0000] {dag.py:3239} INFO - Sync 1 DAGs
[2024-10-06T04:32:41.112+0000] {logging_mixin.py:190} INFO - [2024-10-06T04:32:41.111+0000] {dag.py:4180} INFO - Setting next_dagrun for tutorial_dag to None, run_after=None
[2024-10-06T04:32:41.136+0000] {processor.py:208} INFO - Processing /home/airflow/.local/lib/python3.12/site-packages/airflow/example_dags/tutorial_dag.py took 0.118 seconds
[2024-10-06T04:35:13.258+0000] {processor.py:186} INFO - Started process (PID=61) to work on /home/airflow/.local/lib/python3.12/site-packages/airflow/example_dags/tutorial_dag.py
[2024-10-06T04:35:13.259+0000] {processor.py:914} INFO - Processing file /home/airflow/.local/lib/python3.12/site-packages/airflow/example_dags/tutorial_dag.py for tasks to queue
[2024-10-06T04:35:13.263+0000] {logging_mixin.py:190} INFO - [2024-10-06T04:35:13.263+0000] {dagbag.py:588} INFO - Filling up the DagBag from /home/airflow/.local/lib/python3.12/site-packages/airflow/example_dags/tutorial_dag.py
[2024-10-06T04:35:13.276+0000] {processor.py:925} INFO - DAG(s) 'tutorial_dag' retrieved from /home/airflow/.local/lib/python3.12/site-packages/airflow/example_dags/tutorial_dag.py
[2024-10-06T04:35:13.304+0000] {logging_mixin.py:190} INFO - [2024-10-06T04:35:13.303+0000] {dag.py:3239} INFO - Sync 1 DAGs
[2024-10-06T04:35:13.323+0000] {logging_mixin.py:190} INFO - [2024-10-06T04:35:13.322+0000] {dag.py:4180} INFO - Setting next_dagrun for tutorial_dag to None, run_after=None
[2024-10-06T04:35:13.349+0000] {processor.py:208} INFO - Processing /home/airflow/.local/lib/python3.12/site-packages/airflow/example_dags/tutorial_dag.py took 0.099 seconds
[2024-10-06T04:35:43.562+0000] {processor.py:186} INFO - Started process (PID=123) to work on /home/airflow/.local/lib/python3.12/site-packages/airflow/example_dags/tutorial_dag.py
[2024-10-06T04:35:43.564+0000] {processor.py:914} INFO - Processing file /home/airflow/.local/lib/python3.12/site-packages/airflow/example_dags/tutorial_dag.py for tasks to queue
[2024-10-06T04:35:43.569+0000] {logging_mixin.py:190} INFO - [2024-10-06T04:35:43.568+0000] {dagbag.py:588} INFO - Filling up the DagBag from /home/airflow/.local/lib/python3.12/site-packages/airflow/example_dags/tutorial_dag.py
[2024-10-06T04:35:43.585+0000] {processor.py:925} INFO - DAG(s) 'tutorial_dag' retrieved from /home/airflow/.local/lib/python3.12/site-packages/airflow/example_dags/tutorial_dag.py
[2024-10-06T04:35:43.622+0000] {logging_mixin.py:190} INFO - [2024-10-06T04:35:43.621+0000] {dag.py:3239} INFO - Sync 1 DAGs
[2024-10-06T04:35:43.650+0000] {logging_mixin.py:190} INFO - [2024-10-06T04:35:43.650+0000] {dag.py:4180} INFO - Setting next_dagrun for tutorial_dag to None, run_after=None
[2024-10-06T04:35:43.687+0000] {processor.py:208} INFO - Processing /home/airflow/.local/lib/python3.12/site-packages/airflow/example_dags/tutorial_dag.py took 0.137 seconds
[2024-10-06T04:36:13.878+0000] {processor.py:186} INFO - Started process (PID=184) to work on /home/airflow/.local/lib/python3.12/site-packages/airflow/example_dags/tutorial_dag.py
[2024-10-06T04:36:13.880+0000] {processor.py:914} INFO - Processing file /home/airflow/.local/lib/python3.12/site-packages/airflow/example_dags/tutorial_dag.py for tasks to queue
[2024-10-06T04:36:13.884+0000] {logging_mixin.py:190} INFO - [2024-10-06T04:36:13.884+0000] {dagbag.py:588} INFO - Filling up the DagBag from /home/airflow/.local/lib/python3.12/site-packages/airflow/example_dags/tutorial_dag.py
[2024-10-06T04:36:13.896+0000] {processor.py:925} INFO - DAG(s) 'tutorial_dag' retrieved from /home/airflow/.local/lib/python3.12/site-packages/airflow/example_dags/tutorial_dag.py
[2024-10-06T04:36:13.928+0000] {logging_mixin.py:190} INFO - [2024-10-06T04:36:13.928+0000] {dag.py:3239} INFO - Sync 1 DAGs
[2024-10-06T04:36:13.950+0000] {logging_mixin.py:190} INFO - [2024-10-06T04:36:13.950+0000] {dag.py:4180} INFO - Setting next_dagrun for tutorial_dag to None, run_after=None
[2024-10-06T04:36:13.977+0000] {processor.py:208} INFO - Processing /home/airflow/.local/lib/python3.12/site-packages/airflow/example_dags/tutorial_dag.py took 0.108 seconds
[2024-10-06T04:36:45.135+0000] {processor.py:186} INFO - Started process (PID=246) to work on /home/airflow/.local/lib/python3.12/site-packages/airflow/example_dags/tutorial_dag.py
[2024-10-06T04:36:45.137+0000] {processor.py:914} INFO - Processing file /home/airflow/.local/lib/python3.12/site-packages/airflow/example_dags/tutorial_dag.py for tasks to queue
[2024-10-06T04:36:45.142+0000] {logging_mixin.py:190} INFO - [2024-10-06T04:36:45.141+0000] {dagbag.py:588} INFO - Filling up the DagBag from /home/airflow/.local/lib/python3.12/site-packages/airflow/example_dags/tutorial_dag.py
[2024-10-06T04:36:45.158+0000] {processor.py:925} INFO - DAG(s) 'tutorial_dag' retrieved from /home/airflow/.local/lib/python3.12/site-packages/airflow/example_dags/tutorial_dag.py
[2024-10-06T04:36:45.234+0000] {logging_mixin.py:190} INFO - [2024-10-06T04:36:45.234+0000] {dag.py:3239} INFO - Sync 1 DAGs
[2024-10-06T04:36:45.257+0000] {logging_mixin.py:190} INFO - [2024-10-06T04:36:45.257+0000] {dag.py:4180} INFO - Setting next_dagrun for tutorial_dag to None, run_after=None
[2024-10-06T04:36:45.309+0000] {processor.py:208} INFO - Processing /home/airflow/.local/lib/python3.12/site-packages/airflow/example_dags/tutorial_dag.py took 0.187 seconds
[2024-10-06T04:37:15.476+0000] {processor.py:186} INFO - Started process (PID=308) to work on /home/airflow/.local/lib/python3.12/site-packages/airflow/example_dags/tutorial_dag.py
[2024-10-06T04:37:15.482+0000] {processor.py:914} INFO - Processing file /home/airflow/.local/lib/python3.12/site-packages/airflow/example_dags/tutorial_dag.py for tasks to queue
[2024-10-06T04:37:15.486+0000] {logging_mixin.py:190} INFO - [2024-10-06T04:37:15.485+0000] {dagbag.py:588} INFO - Filling up the DagBag from /home/airflow/.local/lib/python3.12/site-packages/airflow/example_dags/tutorial_dag.py
[2024-10-06T04:37:15.498+0000] {processor.py:925} INFO - DAG(s) 'tutorial_dag' retrieved from /home/airflow/.local/lib/python3.12/site-packages/airflow/example_dags/tutorial_dag.py
[2024-10-06T04:37:15.536+0000] {logging_mixin.py:190} INFO - [2024-10-06T04:37:15.536+0000] {dag.py:3239} INFO - Sync 1 DAGs
[2024-10-06T04:37:15.562+0000] {logging_mixin.py:190} INFO - [2024-10-06T04:37:15.561+0000] {dag.py:4180} INFO - Setting next_dagrun for tutorial_dag to None, run_after=None
[2024-10-06T04:37:15.593+0000] {processor.py:208} INFO - Processing /home/airflow/.local/lib/python3.12/site-packages/airflow/example_dags/tutorial_dag.py took 0.127 seconds
[2024-10-06T04:39:12.150+0000] {processor.py:186} INFO - Started process (PID=62) to work on /home/airflow/.local/lib/python3.12/site-packages/airflow/example_dags/tutorial_dag.py
[2024-10-06T04:39:12.152+0000] {processor.py:914} INFO - Processing file /home/airflow/.local/lib/python3.12/site-packages/airflow/example_dags/tutorial_dag.py for tasks to queue
[2024-10-06T04:39:12.155+0000] {logging_mixin.py:190} INFO - [2024-10-06T04:39:12.155+0000] {dagbag.py:588} INFO - Filling up the DagBag from /home/airflow/.local/lib/python3.12/site-packages/airflow/example_dags/tutorial_dag.py
[2024-10-06T04:39:12.171+0000] {processor.py:925} INFO - DAG(s) 'tutorial_dag' retrieved from /home/airflow/.local/lib/python3.12/site-packages/airflow/example_dags/tutorial_dag.py
[2024-10-06T04:39:12.340+0000] {logging_mixin.py:190} INFO - [2024-10-06T04:39:12.339+0000] {override.py:1900} INFO - Created Permission View: can read on DAG:tutorial_dag
[2024-10-06T04:39:12.354+0000] {logging_mixin.py:190} INFO - [2024-10-06T04:39:12.353+0000] {override.py:1900} INFO - Created Permission View: can edit on DAG:tutorial_dag
[2024-10-06T04:39:12.362+0000] {logging_mixin.py:190} INFO - [2024-10-06T04:39:12.361+0000] {override.py:1900} INFO - Created Permission View: can delete on DAG:tutorial_dag
[2024-10-06T04:39:12.370+0000] {logging_mixin.py:190} INFO - [2024-10-06T04:39:12.370+0000] {override.py:1900} INFO - Created Permission View: menu access on DAG Run:tutorial_dag
[2024-10-06T04:39:12.381+0000] {logging_mixin.py:190} INFO - [2024-10-06T04:39:12.380+0000] {override.py:1900} INFO - Created Permission View: can read on DAG Run:tutorial_dag
[2024-10-06T04:39:12.391+0000] {logging_mixin.py:190} INFO - [2024-10-06T04:39:12.391+0000] {override.py:1900} INFO - Created Permission View: can create on DAG Run:tutorial_dag
[2024-10-06T04:39:12.403+0000] {logging_mixin.py:190} INFO - [2024-10-06T04:39:12.402+0000] {override.py:1900} INFO - Created Permission View: can delete on DAG Run:tutorial_dag
[2024-10-06T04:39:12.403+0000] {logging_mixin.py:190} INFO - [2024-10-06T04:39:12.403+0000] {dag.py:3239} INFO - Sync 1 DAGs
[2024-10-06T04:39:12.422+0000] {logging_mixin.py:190} INFO - [2024-10-06T04:39:12.422+0000] {dag.py:3262} INFO - Creating ORM DAG for tutorial_dag
[2024-10-06T04:39:12.423+0000] {logging_mixin.py:190} INFO - [2024-10-06T04:39:12.423+0000] {dag.py:4180} INFO - Setting next_dagrun for tutorial_dag to None, run_after=None
[2024-10-06T04:39:12.445+0000] {processor.py:208} INFO - Processing /home/airflow/.local/lib/python3.12/site-packages/airflow/example_dags/tutorial_dag.py took 0.303 seconds
[2024-10-06T04:39:42.500+0000] {processor.py:186} INFO - Started process (PID=123) to work on /home/airflow/.local/lib/python3.12/site-packages/airflow/example_dags/tutorial_dag.py
[2024-10-06T04:39:42.504+0000] {processor.py:914} INFO - Processing file /home/airflow/.local/lib/python3.12/site-packages/airflow/example_dags/tutorial_dag.py for tasks to queue
[2024-10-06T04:39:42.508+0000] {logging_mixin.py:190} INFO - [2024-10-06T04:39:42.507+0000] {dagbag.py:588} INFO - Filling up the DagBag from /home/airflow/.local/lib/python3.12/site-packages/airflow/example_dags/tutorial_dag.py
[2024-10-06T04:39:42.521+0000] {processor.py:925} INFO - DAG(s) 'tutorial_dag' retrieved from /home/airflow/.local/lib/python3.12/site-packages/airflow/example_dags/tutorial_dag.py
[2024-10-06T04:39:42.551+0000] {logging_mixin.py:190} INFO - [2024-10-06T04:39:42.551+0000] {dag.py:3239} INFO - Sync 1 DAGs
[2024-10-06T04:39:42.571+0000] {logging_mixin.py:190} INFO - [2024-10-06T04:39:42.571+0000] {dag.py:4180} INFO - Setting next_dagrun for tutorial_dag to None, run_after=None
[2024-10-06T04:39:42.619+0000] {processor.py:208} INFO - Processing /home/airflow/.local/lib/python3.12/site-packages/airflow/example_dags/tutorial_dag.py took 0.128 seconds
[2024-10-06T04:40:12.682+0000] {processor.py:186} INFO - Started process (PID=186) to work on /home/airflow/.local/lib/python3.12/site-packages/airflow/example_dags/tutorial_dag.py
[2024-10-06T04:40:12.684+0000] {processor.py:914} INFO - Processing file /home/airflow/.local/lib/python3.12/site-packages/airflow/example_dags/tutorial_dag.py for tasks to queue
[2024-10-06T04:40:12.688+0000] {logging_mixin.py:190} INFO - [2024-10-06T04:40:12.688+0000] {dagbag.py:588} INFO - Filling up the DagBag from /home/airflow/.local/lib/python3.12/site-packages/airflow/example_dags/tutorial_dag.py
[2024-10-06T04:40:12.699+0000] {processor.py:925} INFO - DAG(s) 'tutorial_dag' retrieved from /home/airflow/.local/lib/python3.12/site-packages/airflow/example_dags/tutorial_dag.py
[2024-10-06T04:40:12.726+0000] {logging_mixin.py:190} INFO - [2024-10-06T04:40:12.726+0000] {dag.py:3239} INFO - Sync 1 DAGs
[2024-10-06T04:40:12.745+0000] {logging_mixin.py:190} INFO - [2024-10-06T04:40:12.744+0000] {dag.py:4180} INFO - Setting next_dagrun for tutorial_dag to None, run_after=None
[2024-10-06T04:40:12.767+0000] {processor.py:208} INFO - Processing /home/airflow/.local/lib/python3.12/site-packages/airflow/example_dags/tutorial_dag.py took 0.096 seconds
[2024-10-06T04:40:43.390+0000] {processor.py:186} INFO - Started process (PID=248) to work on /home/airflow/.local/lib/python3.12/site-packages/airflow/example_dags/tutorial_dag.py
[2024-10-06T04:40:43.393+0000] {processor.py:914} INFO - Processing file /home/airflow/.local/lib/python3.12/site-packages/airflow/example_dags/tutorial_dag.py for tasks to queue
[2024-10-06T04:40:43.398+0000] {logging_mixin.py:190} INFO - [2024-10-06T04:40:43.397+0000] {dagbag.py:588} INFO - Filling up the DagBag from /home/airflow/.local/lib/python3.12/site-packages/airflow/example_dags/tutorial_dag.py
[2024-10-06T04:40:43.412+0000] {processor.py:925} INFO - DAG(s) 'tutorial_dag' retrieved from /home/airflow/.local/lib/python3.12/site-packages/airflow/example_dags/tutorial_dag.py
[2024-10-06T04:40:43.436+0000] {logging_mixin.py:190} INFO - [2024-10-06T04:40:43.436+0000] {dag.py:3239} INFO - Sync 1 DAGs
[2024-10-06T04:40:43.454+0000] {logging_mixin.py:190} INFO - [2024-10-06T04:40:43.454+0000] {dag.py:4180} INFO - Setting next_dagrun for tutorial_dag to None, run_after=None
[2024-10-06T04:40:43.476+0000] {processor.py:208} INFO - Processing /home/airflow/.local/lib/python3.12/site-packages/airflow/example_dags/tutorial_dag.py took 0.096 seconds
[2024-10-06T04:41:14.564+0000] {processor.py:186} INFO - Started process (PID=309) to work on /home/airflow/.local/lib/python3.12/site-packages/airflow/example_dags/tutorial_dag.py
[2024-10-06T04:41:14.566+0000] {processor.py:914} INFO - Processing file /home/airflow/.local/lib/python3.12/site-packages/airflow/example_dags/tutorial_dag.py for tasks to queue
[2024-10-06T04:41:14.569+0000] {logging_mixin.py:190} INFO - [2024-10-06T04:41:14.569+0000] {dagbag.py:588} INFO - Filling up the DagBag from /home/airflow/.local/lib/python3.12/site-packages/airflow/example_dags/tutorial_dag.py
[2024-10-06T04:41:14.581+0000] {processor.py:925} INFO - DAG(s) 'tutorial_dag' retrieved from /home/airflow/.local/lib/python3.12/site-packages/airflow/example_dags/tutorial_dag.py
[2024-10-06T04:41:14.611+0000] {logging_mixin.py:190} INFO - [2024-10-06T04:41:14.610+0000] {dag.py:3239} INFO - Sync 1 DAGs
[2024-10-06T04:41:14.634+0000] {logging_mixin.py:190} INFO - [2024-10-06T04:41:14.633+0000] {dag.py:4180} INFO - Setting next_dagrun for tutorial_dag to None, run_after=None
[2024-10-06T04:41:14.660+0000] {processor.py:208} INFO - Processing /home/airflow/.local/lib/python3.12/site-packages/airflow/example_dags/tutorial_dag.py took 0.104 seconds
[2024-10-06T04:41:44.915+0000] {processor.py:186} INFO - Started process (PID=371) to work on /home/airflow/.local/lib/python3.12/site-packages/airflow/example_dags/tutorial_dag.py
[2024-10-06T04:41:44.916+0000] {processor.py:914} INFO - Processing file /home/airflow/.local/lib/python3.12/site-packages/airflow/example_dags/tutorial_dag.py for tasks to queue
[2024-10-06T04:41:44.919+0000] {logging_mixin.py:190} INFO - [2024-10-06T04:41:44.919+0000] {dagbag.py:588} INFO - Filling up the DagBag from /home/airflow/.local/lib/python3.12/site-packages/airflow/example_dags/tutorial_dag.py
[2024-10-06T04:41:44.932+0000] {processor.py:925} INFO - DAG(s) 'tutorial_dag' retrieved from /home/airflow/.local/lib/python3.12/site-packages/airflow/example_dags/tutorial_dag.py
[2024-10-06T04:41:44.961+0000] {logging_mixin.py:190} INFO - [2024-10-06T04:41:44.961+0000] {dag.py:3239} INFO - Sync 1 DAGs
[2024-10-06T04:41:44.981+0000] {logging_mixin.py:190} INFO - [2024-10-06T04:41:44.980+0000] {dag.py:4180} INFO - Setting next_dagrun for tutorial_dag to None, run_after=None
[2024-10-06T04:41:45.002+0000] {processor.py:208} INFO - Processing /home/airflow/.local/lib/python3.12/site-packages/airflow/example_dags/tutorial_dag.py took 0.099 seconds
[2024-10-06T04:42:15.781+0000] {processor.py:186} INFO - Started process (PID=434) to work on /home/airflow/.local/lib/python3.12/site-packages/airflow/example_dags/tutorial_dag.py
[2024-10-06T04:42:15.784+0000] {processor.py:914} INFO - Processing file /home/airflow/.local/lib/python3.12/site-packages/airflow/example_dags/tutorial_dag.py for tasks to queue
[2024-10-06T04:42:15.788+0000] {logging_mixin.py:190} INFO - [2024-10-06T04:42:15.788+0000] {dagbag.py:588} INFO - Filling up the DagBag from /home/airflow/.local/lib/python3.12/site-packages/airflow/example_dags/tutorial_dag.py
[2024-10-06T04:42:15.807+0000] {processor.py:925} INFO - DAG(s) 'tutorial_dag' retrieved from /home/airflow/.local/lib/python3.12/site-packages/airflow/example_dags/tutorial_dag.py
[2024-10-06T04:42:15.834+0000] {logging_mixin.py:190} INFO - [2024-10-06T04:42:15.834+0000] {dag.py:3239} INFO - Sync 1 DAGs
[2024-10-06T04:42:15.855+0000] {logging_mixin.py:190} INFO - [2024-10-06T04:42:15.854+0000] {dag.py:4180} INFO - Setting next_dagrun for tutorial_dag to None, run_after=None
[2024-10-06T04:42:15.880+0000] {processor.py:208} INFO - Processing /home/airflow/.local/lib/python3.12/site-packages/airflow/example_dags/tutorial_dag.py took 0.113 seconds
[2024-10-06T04:42:46.553+0000] {processor.py:186} INFO - Started process (PID=496) to work on /home/airflow/.local/lib/python3.12/site-packages/airflow/example_dags/tutorial_dag.py
[2024-10-06T04:42:46.554+0000] {processor.py:914} INFO - Processing file /home/airflow/.local/lib/python3.12/site-packages/airflow/example_dags/tutorial_dag.py for tasks to queue
[2024-10-06T04:42:46.558+0000] {logging_mixin.py:190} INFO - [2024-10-06T04:42:46.558+0000] {dagbag.py:588} INFO - Filling up the DagBag from /home/airflow/.local/lib/python3.12/site-packages/airflow/example_dags/tutorial_dag.py
[2024-10-06T04:42:46.570+0000] {processor.py:925} INFO - DAG(s) 'tutorial_dag' retrieved from /home/airflow/.local/lib/python3.12/site-packages/airflow/example_dags/tutorial_dag.py
[2024-10-06T04:42:46.595+0000] {logging_mixin.py:190} INFO - [2024-10-06T04:42:46.595+0000] {dag.py:3239} INFO - Sync 1 DAGs
[2024-10-06T04:42:46.618+0000] {logging_mixin.py:190} INFO - [2024-10-06T04:42:46.617+0000] {dag.py:4180} INFO - Setting next_dagrun for tutorial_dag to None, run_after=None
[2024-10-06T04:42:46.642+0000] {processor.py:208} INFO - Processing /home/airflow/.local/lib/python3.12/site-packages/airflow/example_dags/tutorial_dag.py took 0.098 seconds
[2024-10-06T04:45:43.640+0000] {processor.py:186} INFO - Started process (PID=56) to work on /home/airflow/.local/lib/python3.12/site-packages/airflow/example_dags/tutorial_dag.py
[2024-10-06T04:45:43.641+0000] {processor.py:914} INFO - Processing file /home/airflow/.local/lib/python3.12/site-packages/airflow/example_dags/tutorial_dag.py for tasks to queue
[2024-10-06T04:45:43.644+0000] {logging_mixin.py:190} INFO - [2024-10-06T04:45:43.644+0000] {dagbag.py:588} INFO - Filling up the DagBag from /home/airflow/.local/lib/python3.12/site-packages/airflow/example_dags/tutorial_dag.py
[2024-10-06T04:45:43.655+0000] {processor.py:925} INFO - DAG(s) 'tutorial_dag' retrieved from /home/airflow/.local/lib/python3.12/site-packages/airflow/example_dags/tutorial_dag.py
[2024-10-06T04:45:43.685+0000] {logging_mixin.py:190} INFO - [2024-10-06T04:45:43.684+0000] {dag.py:3239} INFO - Sync 1 DAGs
[2024-10-06T04:45:43.706+0000] {logging_mixin.py:190} INFO - [2024-10-06T04:45:43.705+0000] {dag.py:4180} INFO - Setting next_dagrun for tutorial_dag to None, run_after=None
[2024-10-06T04:45:43.785+0000] {processor.py:208} INFO - Processing /home/airflow/.local/lib/python3.12/site-packages/airflow/example_dags/tutorial_dag.py took 0.152 seconds
[2024-10-06T04:46:13.856+0000] {processor.py:186} INFO - Started process (PID=118) to work on /home/airflow/.local/lib/python3.12/site-packages/airflow/example_dags/tutorial_dag.py
[2024-10-06T04:46:13.858+0000] {processor.py:914} INFO - Processing file /home/airflow/.local/lib/python3.12/site-packages/airflow/example_dags/tutorial_dag.py for tasks to queue
[2024-10-06T04:46:13.862+0000] {logging_mixin.py:190} INFO - [2024-10-06T04:46:13.861+0000] {dagbag.py:588} INFO - Filling up the DagBag from /home/airflow/.local/lib/python3.12/site-packages/airflow/example_dags/tutorial_dag.py
[2024-10-06T04:46:13.874+0000] {processor.py:925} INFO - DAG(s) 'tutorial_dag' retrieved from /home/airflow/.local/lib/python3.12/site-packages/airflow/example_dags/tutorial_dag.py
[2024-10-06T04:46:13.910+0000] {logging_mixin.py:190} INFO - [2024-10-06T04:46:13.910+0000] {dag.py:3239} INFO - Sync 1 DAGs
[2024-10-06T04:46:13.931+0000] {logging_mixin.py:190} INFO - [2024-10-06T04:46:13.931+0000] {dag.py:4180} INFO - Setting next_dagrun for tutorial_dag to None, run_after=None
[2024-10-06T04:46:13.956+0000] {processor.py:208} INFO - Processing /home/airflow/.local/lib/python3.12/site-packages/airflow/example_dags/tutorial_dag.py took 0.107 seconds
