[2024-10-06T04:18:57.918+0000] {processor.py:186} INFO - Started process (PID=53) to work on /home/airflow/.local/lib/python3.12/site-packages/airflow/example_dags/tutorial.py
[2024-10-06T04:18:57.919+0000] {processor.py:914} INFO - Processing file /home/airflow/.local/lib/python3.12/site-packages/airflow/example_dags/tutorial.py for tasks to queue
[2024-10-06T04:18:57.923+0000] {logging_mixin.py:190} INFO - [2024-10-06T04:18:57.922+0000] {dagbag.py:588} INFO - Filling up the DagBag from /home/airflow/.local/lib/python3.12/site-packages/airflow/example_dags/tutorial.py
[2024-10-06T04:18:57.937+0000] {processor.py:925} INFO - DAG(s) 'tutorial' retrieved from /home/airflow/.local/lib/python3.12/site-packages/airflow/example_dags/tutorial.py
[2024-10-06T04:18:58.110+0000] {logging_mixin.py:190} INFO - [2024-10-06T04:18:58.109+0000] {override.py:1900} INFO - Created Permission View: can edit on DAG:tutorial
[2024-10-06T04:18:58.123+0000] {logging_mixin.py:190} INFO - [2024-10-06T04:18:58.123+0000] {override.py:1900} INFO - Created Permission View: can delete on DAG:tutorial
[2024-10-06T04:18:58.132+0000] {logging_mixin.py:190} INFO - [2024-10-06T04:18:58.132+0000] {override.py:1900} INFO - Created Permission View: can read on DAG:tutorial
[2024-10-06T04:18:58.141+0000] {logging_mixin.py:190} INFO - [2024-10-06T04:18:58.140+0000] {override.py:1900} INFO - Created Permission View: can create on DAG Run:tutorial
[2024-10-06T04:18:58.147+0000] {logging_mixin.py:190} INFO - [2024-10-06T04:18:58.146+0000] {override.py:1900} INFO - Created Permission View: menu access on DAG Run:tutorial
[2024-10-06T04:18:58.152+0000] {logging_mixin.py:190} INFO - [2024-10-06T04:18:58.152+0000] {override.py:1900} INFO - Created Permission View: can read on DAG Run:tutorial
[2024-10-06T04:18:58.158+0000] {logging_mixin.py:190} INFO - [2024-10-06T04:18:58.158+0000] {override.py:1900} INFO - Created Permission View: can delete on DAG Run:tutorial
[2024-10-06T04:18:58.159+0000] {logging_mixin.py:190} INFO - [2024-10-06T04:18:58.158+0000] {dag.py:3239} INFO - Sync 1 DAGs
[2024-10-06T04:18:58.172+0000] {logging_mixin.py:190} INFO - [2024-10-06T04:18:58.172+0000] {dag.py:3262} INFO - Creating ORM DAG for tutorial
[2024-10-06T04:18:58.187+0000] {logging_mixin.py:190} INFO - [2024-10-06T04:18:58.187+0000] {dag.py:4180} INFO - Setting next_dagrun for tutorial to 2024-10-05 00:00:00+00:00, run_after=2024-10-06 00:00:00+00:00
[2024-10-06T04:18:58.210+0000] {processor.py:208} INFO - Processing /home/airflow/.local/lib/python3.12/site-packages/airflow/example_dags/tutorial.py took 0.301 seconds
[2024-10-06T04:19:48.744+0000] {processor.py:186} INFO - Started process (PID=121) to work on /home/airflow/.local/lib/python3.12/site-packages/airflow/example_dags/tutorial.py
[2024-10-06T04:19:48.748+0000] {processor.py:914} INFO - Processing file /home/airflow/.local/lib/python3.12/site-packages/airflow/example_dags/tutorial.py for tasks to queue
[2024-10-06T04:19:48.751+0000] {logging_mixin.py:190} INFO - [2024-10-06T04:19:48.751+0000] {dagbag.py:588} INFO - Filling up the DagBag from /home/airflow/.local/lib/python3.12/site-packages/airflow/example_dags/tutorial.py
[2024-10-06T04:19:48.770+0000] {processor.py:925} INFO - DAG(s) 'tutorial' retrieved from /home/airflow/.local/lib/python3.12/site-packages/airflow/example_dags/tutorial.py
[2024-10-06T04:19:48.825+0000] {logging_mixin.py:190} INFO - [2024-10-06T04:19:48.825+0000] {dag.py:3239} INFO - Sync 1 DAGs
[2024-10-06T04:19:48.866+0000] {logging_mixin.py:190} INFO - [2024-10-06T04:19:48.866+0000] {dag.py:4180} INFO - Setting next_dagrun for tutorial to 2024-10-05 00:00:00+00:00, run_after=2024-10-06 00:00:00+00:00
[2024-10-06T04:19:48.895+0000] {processor.py:208} INFO - Processing /home/airflow/.local/lib/python3.12/site-packages/airflow/example_dags/tutorial.py took 0.162 seconds
[2024-10-06T04:20:19.337+0000] {processor.py:186} INFO - Started process (PID=183) to work on /home/airflow/.local/lib/python3.12/site-packages/airflow/example_dags/tutorial.py
[2024-10-06T04:20:19.338+0000] {processor.py:914} INFO - Processing file /home/airflow/.local/lib/python3.12/site-packages/airflow/example_dags/tutorial.py for tasks to queue
[2024-10-06T04:20:19.343+0000] {logging_mixin.py:190} INFO - [2024-10-06T04:20:19.342+0000] {dagbag.py:588} INFO - Filling up the DagBag from /home/airflow/.local/lib/python3.12/site-packages/airflow/example_dags/tutorial.py
[2024-10-06T04:20:19.364+0000] {processor.py:925} INFO - DAG(s) 'tutorial' retrieved from /home/airflow/.local/lib/python3.12/site-packages/airflow/example_dags/tutorial.py
[2024-10-06T04:20:19.401+0000] {logging_mixin.py:190} INFO - [2024-10-06T04:20:19.401+0000] {dag.py:3239} INFO - Sync 1 DAGs
[2024-10-06T04:20:19.446+0000] {logging_mixin.py:190} INFO - [2024-10-06T04:20:19.445+0000] {dag.py:4180} INFO - Setting next_dagrun for tutorial to 2024-10-05 00:00:00+00:00, run_after=2024-10-06 00:00:00+00:00
[2024-10-06T04:20:19.482+0000] {processor.py:208} INFO - Processing /home/airflow/.local/lib/python3.12/site-packages/airflow/example_dags/tutorial.py took 0.157 seconds
[2024-10-06T04:20:49.768+0000] {processor.py:186} INFO - Started process (PID=246) to work on /home/airflow/.local/lib/python3.12/site-packages/airflow/example_dags/tutorial.py
[2024-10-06T04:20:49.769+0000] {processor.py:914} INFO - Processing file /home/airflow/.local/lib/python3.12/site-packages/airflow/example_dags/tutorial.py for tasks to queue
[2024-10-06T04:20:49.773+0000] {logging_mixin.py:190} INFO - [2024-10-06T04:20:49.772+0000] {dagbag.py:588} INFO - Filling up the DagBag from /home/airflow/.local/lib/python3.12/site-packages/airflow/example_dags/tutorial.py
[2024-10-06T04:20:49.785+0000] {processor.py:925} INFO - DAG(s) 'tutorial' retrieved from /home/airflow/.local/lib/python3.12/site-packages/airflow/example_dags/tutorial.py
[2024-10-06T04:20:49.814+0000] {logging_mixin.py:190} INFO - [2024-10-06T04:20:49.813+0000] {dag.py:3239} INFO - Sync 1 DAGs
[2024-10-06T04:20:49.847+0000] {logging_mixin.py:190} INFO - [2024-10-06T04:20:49.847+0000] {dag.py:4180} INFO - Setting next_dagrun for tutorial to 2024-10-05 00:00:00+00:00, run_after=2024-10-06 00:00:00+00:00
[2024-10-06T04:20:49.873+0000] {processor.py:208} INFO - Processing /home/airflow/.local/lib/python3.12/site-packages/airflow/example_dags/tutorial.py took 0.114 seconds
[2024-10-06T04:21:20.703+0000] {processor.py:186} INFO - Started process (PID=308) to work on /home/airflow/.local/lib/python3.12/site-packages/airflow/example_dags/tutorial.py
[2024-10-06T04:21:20.704+0000] {processor.py:914} INFO - Processing file /home/airflow/.local/lib/python3.12/site-packages/airflow/example_dags/tutorial.py for tasks to queue
[2024-10-06T04:21:20.708+0000] {logging_mixin.py:190} INFO - [2024-10-06T04:21:20.707+0000] {dagbag.py:588} INFO - Filling up the DagBag from /home/airflow/.local/lib/python3.12/site-packages/airflow/example_dags/tutorial.py
[2024-10-06T04:21:20.724+0000] {processor.py:925} INFO - DAG(s) 'tutorial' retrieved from /home/airflow/.local/lib/python3.12/site-packages/airflow/example_dags/tutorial.py
[2024-10-06T04:21:20.771+0000] {logging_mixin.py:190} INFO - [2024-10-06T04:21:20.771+0000] {dag.py:3239} INFO - Sync 1 DAGs
[2024-10-06T04:21:20.816+0000] {logging_mixin.py:190} INFO - [2024-10-06T04:21:20.815+0000] {dag.py:4180} INFO - Setting next_dagrun for tutorial to 2024-10-05 00:00:00+00:00, run_after=2024-10-06 00:00:00+00:00
[2024-10-06T04:21:20.845+0000] {processor.py:208} INFO - Processing /home/airflow/.local/lib/python3.12/site-packages/airflow/example_dags/tutorial.py took 0.150 seconds
[2024-10-06T04:21:50.898+0000] {processor.py:186} INFO - Started process (PID=368) to work on /home/airflow/.local/lib/python3.12/site-packages/airflow/example_dags/tutorial.py
[2024-10-06T04:21:50.899+0000] {processor.py:914} INFO - Processing file /home/airflow/.local/lib/python3.12/site-packages/airflow/example_dags/tutorial.py for tasks to queue
[2024-10-06T04:21:50.902+0000] {logging_mixin.py:190} INFO - [2024-10-06T04:21:50.902+0000] {dagbag.py:588} INFO - Filling up the DagBag from /home/airflow/.local/lib/python3.12/site-packages/airflow/example_dags/tutorial.py
[2024-10-06T04:21:50.914+0000] {processor.py:925} INFO - DAG(s) 'tutorial' retrieved from /home/airflow/.local/lib/python3.12/site-packages/airflow/example_dags/tutorial.py
[2024-10-06T04:21:50.947+0000] {logging_mixin.py:190} INFO - [2024-10-06T04:21:50.947+0000] {dag.py:3239} INFO - Sync 1 DAGs
[2024-10-06T04:21:50.989+0000] {logging_mixin.py:190} INFO - [2024-10-06T04:21:50.988+0000] {dag.py:4180} INFO - Setting next_dagrun for tutorial to 2024-10-05 00:00:00+00:00, run_after=2024-10-06 00:00:00+00:00
[2024-10-06T04:21:51.019+0000] {processor.py:208} INFO - Processing /home/airflow/.local/lib/python3.12/site-packages/airflow/example_dags/tutorial.py took 0.129 seconds
[2024-10-06T04:22:21.206+0000] {processor.py:186} INFO - Started process (PID=431) to work on /home/airflow/.local/lib/python3.12/site-packages/airflow/example_dags/tutorial.py
[2024-10-06T04:22:21.207+0000] {processor.py:914} INFO - Processing file /home/airflow/.local/lib/python3.12/site-packages/airflow/example_dags/tutorial.py for tasks to queue
[2024-10-06T04:22:21.211+0000] {logging_mixin.py:190} INFO - [2024-10-06T04:22:21.211+0000] {dagbag.py:588} INFO - Filling up the DagBag from /home/airflow/.local/lib/python3.12/site-packages/airflow/example_dags/tutorial.py
[2024-10-06T04:22:21.224+0000] {processor.py:925} INFO - DAG(s) 'tutorial' retrieved from /home/airflow/.local/lib/python3.12/site-packages/airflow/example_dags/tutorial.py
[2024-10-06T04:22:21.255+0000] {logging_mixin.py:190} INFO - [2024-10-06T04:22:21.254+0000] {dag.py:3239} INFO - Sync 1 DAGs
[2024-10-06T04:22:21.289+0000] {logging_mixin.py:190} INFO - [2024-10-06T04:22:21.289+0000] {dag.py:4180} INFO - Setting next_dagrun for tutorial to 2024-10-05 00:00:00+00:00, run_after=2024-10-06 00:00:00+00:00
[2024-10-06T04:22:21.322+0000] {processor.py:208} INFO - Processing /home/airflow/.local/lib/python3.12/site-packages/airflow/example_dags/tutorial.py took 0.126 seconds
[2024-10-06T04:22:52.154+0000] {processor.py:186} INFO - Started process (PID=495) to work on /home/airflow/.local/lib/python3.12/site-packages/airflow/example_dags/tutorial.py
[2024-10-06T04:22:52.155+0000] {processor.py:914} INFO - Processing file /home/airflow/.local/lib/python3.12/site-packages/airflow/example_dags/tutorial.py for tasks to queue
[2024-10-06T04:22:52.165+0000] {logging_mixin.py:190} INFO - [2024-10-06T04:22:52.159+0000] {dagbag.py:588} INFO - Filling up the DagBag from /home/airflow/.local/lib/python3.12/site-packages/airflow/example_dags/tutorial.py
[2024-10-06T04:22:52.178+0000] {processor.py:925} INFO - DAG(s) 'tutorial' retrieved from /home/airflow/.local/lib/python3.12/site-packages/airflow/example_dags/tutorial.py
[2024-10-06T04:22:52.205+0000] {logging_mixin.py:190} INFO - [2024-10-06T04:22:52.204+0000] {dag.py:3239} INFO - Sync 1 DAGs
[2024-10-06T04:22:52.238+0000] {logging_mixin.py:190} INFO - [2024-10-06T04:22:52.238+0000] {dag.py:4180} INFO - Setting next_dagrun for tutorial to 2024-10-05 00:00:00+00:00, run_after=2024-10-06 00:00:00+00:00
[2024-10-06T04:22:52.263+0000] {processor.py:208} INFO - Processing /home/airflow/.local/lib/python3.12/site-packages/airflow/example_dags/tutorial.py took 0.118 seconds
[2024-10-06T04:23:22.635+0000] {processor.py:186} INFO - Started process (PID=557) to work on /home/airflow/.local/lib/python3.12/site-packages/airflow/example_dags/tutorial.py
[2024-10-06T04:23:22.637+0000] {processor.py:914} INFO - Processing file /home/airflow/.local/lib/python3.12/site-packages/airflow/example_dags/tutorial.py for tasks to queue
[2024-10-06T04:23:22.641+0000] {logging_mixin.py:190} INFO - [2024-10-06T04:23:22.640+0000] {dagbag.py:588} INFO - Filling up the DagBag from /home/airflow/.local/lib/python3.12/site-packages/airflow/example_dags/tutorial.py
[2024-10-06T04:23:22.654+0000] {processor.py:925} INFO - DAG(s) 'tutorial' retrieved from /home/airflow/.local/lib/python3.12/site-packages/airflow/example_dags/tutorial.py
[2024-10-06T04:23:22.683+0000] {logging_mixin.py:190} INFO - [2024-10-06T04:23:22.682+0000] {dag.py:3239} INFO - Sync 1 DAGs
[2024-10-06T04:23:22.717+0000] {logging_mixin.py:190} INFO - [2024-10-06T04:23:22.716+0000] {dag.py:4180} INFO - Setting next_dagrun for tutorial to 2024-10-05 00:00:00+00:00, run_after=2024-10-06 00:00:00+00:00
[2024-10-06T04:23:22.739+0000] {processor.py:208} INFO - Processing /home/airflow/.local/lib/python3.12/site-packages/airflow/example_dags/tutorial.py took 0.114 seconds
[2024-10-06T04:23:53.364+0000] {processor.py:186} INFO - Started process (PID=618) to work on /home/airflow/.local/lib/python3.12/site-packages/airflow/example_dags/tutorial.py
[2024-10-06T04:23:53.365+0000] {processor.py:914} INFO - Processing file /home/airflow/.local/lib/python3.12/site-packages/airflow/example_dags/tutorial.py for tasks to queue
[2024-10-06T04:23:53.369+0000] {logging_mixin.py:190} INFO - [2024-10-06T04:23:53.369+0000] {dagbag.py:588} INFO - Filling up the DagBag from /home/airflow/.local/lib/python3.12/site-packages/airflow/example_dags/tutorial.py
[2024-10-06T04:23:53.381+0000] {processor.py:925} INFO - DAG(s) 'tutorial' retrieved from /home/airflow/.local/lib/python3.12/site-packages/airflow/example_dags/tutorial.py
[2024-10-06T04:23:53.414+0000] {logging_mixin.py:190} INFO - [2024-10-06T04:23:53.414+0000] {dag.py:3239} INFO - Sync 1 DAGs
[2024-10-06T04:23:53.461+0000] {logging_mixin.py:190} INFO - [2024-10-06T04:23:53.460+0000] {dag.py:4180} INFO - Setting next_dagrun for tutorial to 2024-10-05 00:00:00+00:00, run_after=2024-10-06 00:00:00+00:00
[2024-10-06T04:23:53.490+0000] {processor.py:208} INFO - Processing /home/airflow/.local/lib/python3.12/site-packages/airflow/example_dags/tutorial.py took 0.136 seconds
[2024-10-06T04:24:23.962+0000] {processor.py:186} INFO - Started process (PID=679) to work on /home/airflow/.local/lib/python3.12/site-packages/airflow/example_dags/tutorial.py
[2024-10-06T04:24:23.964+0000] {processor.py:914} INFO - Processing file /home/airflow/.local/lib/python3.12/site-packages/airflow/example_dags/tutorial.py for tasks to queue
[2024-10-06T04:24:23.968+0000] {logging_mixin.py:190} INFO - [2024-10-06T04:24:23.967+0000] {dagbag.py:588} INFO - Filling up the DagBag from /home/airflow/.local/lib/python3.12/site-packages/airflow/example_dags/tutorial.py
[2024-10-06T04:24:23.983+0000] {processor.py:925} INFO - DAG(s) 'tutorial' retrieved from /home/airflow/.local/lib/python3.12/site-packages/airflow/example_dags/tutorial.py
[2024-10-06T04:24:24.018+0000] {logging_mixin.py:190} INFO - [2024-10-06T04:24:24.018+0000] {dag.py:3239} INFO - Sync 1 DAGs
[2024-10-06T04:24:24.051+0000] {logging_mixin.py:190} INFO - [2024-10-06T04:24:24.051+0000] {dag.py:4180} INFO - Setting next_dagrun for tutorial to 2024-10-05 00:00:00+00:00, run_after=2024-10-06 00:00:00+00:00
[2024-10-06T04:24:24.076+0000] {processor.py:208} INFO - Processing /home/airflow/.local/lib/python3.12/site-packages/airflow/example_dags/tutorial.py took 0.126 seconds
[2024-10-06T04:24:55.541+0000] {processor.py:186} INFO - Started process (PID=741) to work on /home/airflow/.local/lib/python3.12/site-packages/airflow/example_dags/tutorial.py
[2024-10-06T04:24:55.543+0000] {processor.py:914} INFO - Processing file /home/airflow/.local/lib/python3.12/site-packages/airflow/example_dags/tutorial.py for tasks to queue
[2024-10-06T04:24:55.547+0000] {logging_mixin.py:190} INFO - [2024-10-06T04:24:55.546+0000] {dagbag.py:588} INFO - Filling up the DagBag from /home/airflow/.local/lib/python3.12/site-packages/airflow/example_dags/tutorial.py
[2024-10-06T04:24:55.561+0000] {processor.py:925} INFO - DAG(s) 'tutorial' retrieved from /home/airflow/.local/lib/python3.12/site-packages/airflow/example_dags/tutorial.py
[2024-10-06T04:24:55.603+0000] {logging_mixin.py:190} INFO - [2024-10-06T04:24:55.602+0000] {dag.py:3239} INFO - Sync 1 DAGs
[2024-10-06T04:24:55.648+0000] {logging_mixin.py:190} INFO - [2024-10-06T04:24:55.647+0000] {dag.py:4180} INFO - Setting next_dagrun for tutorial to 2024-10-05 00:00:00+00:00, run_after=2024-10-06 00:00:00+00:00
[2024-10-06T04:24:55.678+0000] {processor.py:208} INFO - Processing /home/airflow/.local/lib/python3.12/site-packages/airflow/example_dags/tutorial.py took 0.146 seconds
[2024-10-06T04:25:26.399+0000] {processor.py:186} INFO - Started process (PID=804) to work on /home/airflow/.local/lib/python3.12/site-packages/airflow/example_dags/tutorial.py
[2024-10-06T04:25:26.401+0000] {processor.py:914} INFO - Processing file /home/airflow/.local/lib/python3.12/site-packages/airflow/example_dags/tutorial.py for tasks to queue
[2024-10-06T04:25:26.405+0000] {logging_mixin.py:190} INFO - [2024-10-06T04:25:26.405+0000] {dagbag.py:588} INFO - Filling up the DagBag from /home/airflow/.local/lib/python3.12/site-packages/airflow/example_dags/tutorial.py
[2024-10-06T04:25:26.418+0000] {processor.py:925} INFO - DAG(s) 'tutorial' retrieved from /home/airflow/.local/lib/python3.12/site-packages/airflow/example_dags/tutorial.py
[2024-10-06T04:25:26.446+0000] {logging_mixin.py:190} INFO - [2024-10-06T04:25:26.446+0000] {dag.py:3239} INFO - Sync 1 DAGs
[2024-10-06T04:25:26.479+0000] {logging_mixin.py:190} INFO - [2024-10-06T04:25:26.479+0000] {dag.py:4180} INFO - Setting next_dagrun for tutorial to 2024-10-05 00:00:00+00:00, run_after=2024-10-06 00:00:00+00:00
[2024-10-06T04:25:26.507+0000] {processor.py:208} INFO - Processing /home/airflow/.local/lib/python3.12/site-packages/airflow/example_dags/tutorial.py took 0.119 seconds
[2024-10-06T04:25:56.846+0000] {processor.py:186} INFO - Started process (PID=866) to work on /home/airflow/.local/lib/python3.12/site-packages/airflow/example_dags/tutorial.py
[2024-10-06T04:25:56.847+0000] {processor.py:914} INFO - Processing file /home/airflow/.local/lib/python3.12/site-packages/airflow/example_dags/tutorial.py for tasks to queue
[2024-10-06T04:25:56.851+0000] {logging_mixin.py:190} INFO - [2024-10-06T04:25:56.850+0000] {dagbag.py:588} INFO - Filling up the DagBag from /home/airflow/.local/lib/python3.12/site-packages/airflow/example_dags/tutorial.py
[2024-10-06T04:25:56.862+0000] {processor.py:925} INFO - DAG(s) 'tutorial' retrieved from /home/airflow/.local/lib/python3.12/site-packages/airflow/example_dags/tutorial.py
[2024-10-06T04:25:56.888+0000] {logging_mixin.py:190} INFO - [2024-10-06T04:25:56.887+0000] {dag.py:3239} INFO - Sync 1 DAGs
[2024-10-06T04:25:56.917+0000] {logging_mixin.py:190} INFO - [2024-10-06T04:25:56.917+0000] {dag.py:4180} INFO - Setting next_dagrun for tutorial to 2024-10-05 00:00:00+00:00, run_after=2024-10-06 00:00:00+00:00
[2024-10-06T04:25:56.939+0000] {processor.py:208} INFO - Processing /home/airflow/.local/lib/python3.12/site-packages/airflow/example_dags/tutorial.py took 0.102 seconds
[2024-10-06T04:26:27.376+0000] {processor.py:186} INFO - Started process (PID=928) to work on /home/airflow/.local/lib/python3.12/site-packages/airflow/example_dags/tutorial.py
[2024-10-06T04:26:27.377+0000] {processor.py:914} INFO - Processing file /home/airflow/.local/lib/python3.12/site-packages/airflow/example_dags/tutorial.py for tasks to queue
[2024-10-06T04:26:27.383+0000] {logging_mixin.py:190} INFO - [2024-10-06T04:26:27.383+0000] {dagbag.py:588} INFO - Filling up the DagBag from /home/airflow/.local/lib/python3.12/site-packages/airflow/example_dags/tutorial.py
[2024-10-06T04:26:27.396+0000] {processor.py:925} INFO - DAG(s) 'tutorial' retrieved from /home/airflow/.local/lib/python3.12/site-packages/airflow/example_dags/tutorial.py
[2024-10-06T04:26:27.423+0000] {logging_mixin.py:190} INFO - [2024-10-06T04:26:27.423+0000] {dag.py:3239} INFO - Sync 1 DAGs
[2024-10-06T04:26:27.458+0000] {logging_mixin.py:190} INFO - [2024-10-06T04:26:27.457+0000] {dag.py:4180} INFO - Setting next_dagrun for tutorial to 2024-10-05 00:00:00+00:00, run_after=2024-10-06 00:00:00+00:00
[2024-10-06T04:26:27.483+0000] {processor.py:208} INFO - Processing /home/airflow/.local/lib/python3.12/site-packages/airflow/example_dags/tutorial.py took 0.119 seconds
[2024-10-06T04:26:57.704+0000] {processor.py:186} INFO - Started process (PID=990) to work on /home/airflow/.local/lib/python3.12/site-packages/airflow/example_dags/tutorial.py
[2024-10-06T04:26:57.706+0000] {processor.py:914} INFO - Processing file /home/airflow/.local/lib/python3.12/site-packages/airflow/example_dags/tutorial.py for tasks to queue
[2024-10-06T04:26:57.711+0000] {logging_mixin.py:190} INFO - [2024-10-06T04:26:57.710+0000] {dagbag.py:588} INFO - Filling up the DagBag from /home/airflow/.local/lib/python3.12/site-packages/airflow/example_dags/tutorial.py
[2024-10-06T04:26:57.725+0000] {processor.py:925} INFO - DAG(s) 'tutorial' retrieved from /home/airflow/.local/lib/python3.12/site-packages/airflow/example_dags/tutorial.py
[2024-10-06T04:26:57.762+0000] {logging_mixin.py:190} INFO - [2024-10-06T04:26:57.762+0000] {dag.py:3239} INFO - Sync 1 DAGs
[2024-10-06T04:26:57.802+0000] {logging_mixin.py:190} INFO - [2024-10-06T04:26:57.802+0000] {dag.py:4180} INFO - Setting next_dagrun for tutorial to 2024-10-05 00:00:00+00:00, run_after=2024-10-06 00:00:00+00:00
[2024-10-06T04:26:57.835+0000] {processor.py:208} INFO - Processing /home/airflow/.local/lib/python3.12/site-packages/airflow/example_dags/tutorial.py took 0.141 seconds
[2024-10-06T04:27:29.009+0000] {processor.py:186} INFO - Started process (PID=1052) to work on /home/airflow/.local/lib/python3.12/site-packages/airflow/example_dags/tutorial.py
[2024-10-06T04:27:29.011+0000] {processor.py:914} INFO - Processing file /home/airflow/.local/lib/python3.12/site-packages/airflow/example_dags/tutorial.py for tasks to queue
[2024-10-06T04:27:29.015+0000] {logging_mixin.py:190} INFO - [2024-10-06T04:27:29.014+0000] {dagbag.py:588} INFO - Filling up the DagBag from /home/airflow/.local/lib/python3.12/site-packages/airflow/example_dags/tutorial.py
[2024-10-06T04:27:29.027+0000] {processor.py:925} INFO - DAG(s) 'tutorial' retrieved from /home/airflow/.local/lib/python3.12/site-packages/airflow/example_dags/tutorial.py
[2024-10-06T04:27:29.059+0000] {logging_mixin.py:190} INFO - [2024-10-06T04:27:29.058+0000] {dag.py:3239} INFO - Sync 1 DAGs
[2024-10-06T04:27:29.111+0000] {logging_mixin.py:190} INFO - [2024-10-06T04:27:29.111+0000] {dag.py:4180} INFO - Setting next_dagrun for tutorial to 2024-10-05 00:00:00+00:00, run_after=2024-10-06 00:00:00+00:00
[2024-10-06T04:27:29.160+0000] {processor.py:208} INFO - Processing /home/airflow/.local/lib/python3.12/site-packages/airflow/example_dags/tutorial.py took 0.160 seconds
[2024-10-06T04:28:00.306+0000] {processor.py:186} INFO - Started process (PID=1114) to work on /home/airflow/.local/lib/python3.12/site-packages/airflow/example_dags/tutorial.py
[2024-10-06T04:28:00.307+0000] {processor.py:914} INFO - Processing file /home/airflow/.local/lib/python3.12/site-packages/airflow/example_dags/tutorial.py for tasks to queue
[2024-10-06T04:28:00.311+0000] {logging_mixin.py:190} INFO - [2024-10-06T04:28:00.310+0000] {dagbag.py:588} INFO - Filling up the DagBag from /home/airflow/.local/lib/python3.12/site-packages/airflow/example_dags/tutorial.py
[2024-10-06T04:28:00.323+0000] {processor.py:925} INFO - DAG(s) 'tutorial' retrieved from /home/airflow/.local/lib/python3.12/site-packages/airflow/example_dags/tutorial.py
[2024-10-06T04:28:00.352+0000] {logging_mixin.py:190} INFO - [2024-10-06T04:28:00.351+0000] {dag.py:3239} INFO - Sync 1 DAGs
[2024-10-06T04:28:00.385+0000] {logging_mixin.py:190} INFO - [2024-10-06T04:28:00.385+0000] {dag.py:4180} INFO - Setting next_dagrun for tutorial to 2024-10-05 00:00:00+00:00, run_after=2024-10-06 00:00:00+00:00
[2024-10-06T04:28:00.416+0000] {processor.py:208} INFO - Processing /home/airflow/.local/lib/python3.12/site-packages/airflow/example_dags/tutorial.py took 0.118 seconds
[2024-10-06T04:28:31.288+0000] {processor.py:186} INFO - Started process (PID=1175) to work on /home/airflow/.local/lib/python3.12/site-packages/airflow/example_dags/tutorial.py
[2024-10-06T04:28:31.289+0000] {processor.py:914} INFO - Processing file /home/airflow/.local/lib/python3.12/site-packages/airflow/example_dags/tutorial.py for tasks to queue
[2024-10-06T04:28:31.294+0000] {logging_mixin.py:190} INFO - [2024-10-06T04:28:31.293+0000] {dagbag.py:588} INFO - Filling up the DagBag from /home/airflow/.local/lib/python3.12/site-packages/airflow/example_dags/tutorial.py
[2024-10-06T04:28:31.308+0000] {processor.py:925} INFO - DAG(s) 'tutorial' retrieved from /home/airflow/.local/lib/python3.12/site-packages/airflow/example_dags/tutorial.py
[2024-10-06T04:28:31.345+0000] {logging_mixin.py:190} INFO - [2024-10-06T04:28:31.345+0000] {dag.py:3239} INFO - Sync 1 DAGs
[2024-10-06T04:28:31.388+0000] {logging_mixin.py:190} INFO - [2024-10-06T04:28:31.387+0000] {dag.py:4180} INFO - Setting next_dagrun for tutorial to 2024-10-05 00:00:00+00:00, run_after=2024-10-06 00:00:00+00:00
[2024-10-06T04:28:31.411+0000] {processor.py:208} INFO - Processing /home/airflow/.local/lib/python3.12/site-packages/airflow/example_dags/tutorial.py took 0.136 seconds
[2024-10-06T04:29:02.579+0000] {processor.py:186} INFO - Started process (PID=1239) to work on /home/airflow/.local/lib/python3.12/site-packages/airflow/example_dags/tutorial.py
[2024-10-06T04:29:02.584+0000] {processor.py:914} INFO - Processing file /home/airflow/.local/lib/python3.12/site-packages/airflow/example_dags/tutorial.py for tasks to queue
[2024-10-06T04:29:02.588+0000] {logging_mixin.py:190} INFO - [2024-10-06T04:29:02.588+0000] {dagbag.py:588} INFO - Filling up the DagBag from /home/airflow/.local/lib/python3.12/site-packages/airflow/example_dags/tutorial.py
[2024-10-06T04:29:02.605+0000] {processor.py:925} INFO - DAG(s) 'tutorial' retrieved from /home/airflow/.local/lib/python3.12/site-packages/airflow/example_dags/tutorial.py
[2024-10-06T04:29:02.652+0000] {logging_mixin.py:190} INFO - [2024-10-06T04:29:02.651+0000] {dag.py:3239} INFO - Sync 1 DAGs
[2024-10-06T04:29:02.694+0000] {logging_mixin.py:190} INFO - [2024-10-06T04:29:02.694+0000] {dag.py:4180} INFO - Setting next_dagrun for tutorial to 2024-10-05 00:00:00+00:00, run_after=2024-10-06 00:00:00+00:00
[2024-10-06T04:29:02.724+0000] {processor.py:208} INFO - Processing /home/airflow/.local/lib/python3.12/site-packages/airflow/example_dags/tutorial.py took 0.155 seconds
[2024-10-06T04:29:32.864+0000] {processor.py:186} INFO - Started process (PID=1301) to work on /home/airflow/.local/lib/python3.12/site-packages/airflow/example_dags/tutorial.py
[2024-10-06T04:29:32.866+0000] {processor.py:914} INFO - Processing file /home/airflow/.local/lib/python3.12/site-packages/airflow/example_dags/tutorial.py for tasks to queue
[2024-10-06T04:29:32.870+0000] {logging_mixin.py:190} INFO - [2024-10-06T04:29:32.869+0000] {dagbag.py:588} INFO - Filling up the DagBag from /home/airflow/.local/lib/python3.12/site-packages/airflow/example_dags/tutorial.py
[2024-10-06T04:29:32.881+0000] {processor.py:925} INFO - DAG(s) 'tutorial' retrieved from /home/airflow/.local/lib/python3.12/site-packages/airflow/example_dags/tutorial.py
[2024-10-06T04:29:32.910+0000] {logging_mixin.py:190} INFO - [2024-10-06T04:29:32.909+0000] {dag.py:3239} INFO - Sync 1 DAGs
[2024-10-06T04:29:32.941+0000] {logging_mixin.py:190} INFO - [2024-10-06T04:29:32.941+0000] {dag.py:4180} INFO - Setting next_dagrun for tutorial to 2024-10-05 00:00:00+00:00, run_after=2024-10-06 00:00:00+00:00
[2024-10-06T04:29:32.967+0000] {processor.py:208} INFO - Processing /home/airflow/.local/lib/python3.12/site-packages/airflow/example_dags/tutorial.py took 0.113 seconds
[2024-10-06T04:30:04.306+0000] {processor.py:186} INFO - Started process (PID=1363) to work on /home/airflow/.local/lib/python3.12/site-packages/airflow/example_dags/tutorial.py
[2024-10-06T04:30:04.308+0000] {processor.py:914} INFO - Processing file /home/airflow/.local/lib/python3.12/site-packages/airflow/example_dags/tutorial.py for tasks to queue
[2024-10-06T04:30:04.312+0000] {logging_mixin.py:190} INFO - [2024-10-06T04:30:04.312+0000] {dagbag.py:588} INFO - Filling up the DagBag from /home/airflow/.local/lib/python3.12/site-packages/airflow/example_dags/tutorial.py
[2024-10-06T04:30:04.334+0000] {processor.py:925} INFO - DAG(s) 'tutorial' retrieved from /home/airflow/.local/lib/python3.12/site-packages/airflow/example_dags/tutorial.py
[2024-10-06T04:30:04.373+0000] {logging_mixin.py:190} INFO - [2024-10-06T04:30:04.372+0000] {dag.py:3239} INFO - Sync 1 DAGs
[2024-10-06T04:30:04.424+0000] {logging_mixin.py:190} INFO - [2024-10-06T04:30:04.423+0000] {dag.py:4180} INFO - Setting next_dagrun for tutorial to 2024-10-05 00:00:00+00:00, run_after=2024-10-06 00:00:00+00:00
[2024-10-06T04:30:04.459+0000] {processor.py:208} INFO - Processing /home/airflow/.local/lib/python3.12/site-packages/airflow/example_dags/tutorial.py took 0.163 seconds
[2024-10-06T04:30:35.566+0000] {processor.py:186} INFO - Started process (PID=1425) to work on /home/airflow/.local/lib/python3.12/site-packages/airflow/example_dags/tutorial.py
[2024-10-06T04:30:35.568+0000] {processor.py:914} INFO - Processing file /home/airflow/.local/lib/python3.12/site-packages/airflow/example_dags/tutorial.py for tasks to queue
[2024-10-06T04:30:35.573+0000] {logging_mixin.py:190} INFO - [2024-10-06T04:30:35.572+0000] {dagbag.py:588} INFO - Filling up the DagBag from /home/airflow/.local/lib/python3.12/site-packages/airflow/example_dags/tutorial.py
[2024-10-06T04:30:35.589+0000] {processor.py:925} INFO - DAG(s) 'tutorial' retrieved from /home/airflow/.local/lib/python3.12/site-packages/airflow/example_dags/tutorial.py
[2024-10-06T04:30:35.630+0000] {logging_mixin.py:190} INFO - [2024-10-06T04:30:35.630+0000] {dag.py:3239} INFO - Sync 1 DAGs
[2024-10-06T04:30:35.672+0000] {logging_mixin.py:190} INFO - [2024-10-06T04:30:35.672+0000] {dag.py:4180} INFO - Setting next_dagrun for tutorial to 2024-10-05 00:00:00+00:00, run_after=2024-10-06 00:00:00+00:00
[2024-10-06T04:30:35.705+0000] {processor.py:208} INFO - Processing /home/airflow/.local/lib/python3.12/site-packages/airflow/example_dags/tutorial.py took 0.150 seconds
[2024-10-06T04:31:06.884+0000] {processor.py:186} INFO - Started process (PID=1487) to work on /home/airflow/.local/lib/python3.12/site-packages/airflow/example_dags/tutorial.py
[2024-10-06T04:31:06.885+0000] {processor.py:914} INFO - Processing file /home/airflow/.local/lib/python3.12/site-packages/airflow/example_dags/tutorial.py for tasks to queue
[2024-10-06T04:31:06.889+0000] {logging_mixin.py:190} INFO - [2024-10-06T04:31:06.889+0000] {dagbag.py:588} INFO - Filling up the DagBag from /home/airflow/.local/lib/python3.12/site-packages/airflow/example_dags/tutorial.py
[2024-10-06T04:31:06.906+0000] {processor.py:925} INFO - DAG(s) 'tutorial' retrieved from /home/airflow/.local/lib/python3.12/site-packages/airflow/example_dags/tutorial.py
[2024-10-06T04:31:06.944+0000] {logging_mixin.py:190} INFO - [2024-10-06T04:31:06.943+0000] {dag.py:3239} INFO - Sync 1 DAGs
[2024-10-06T04:31:06.977+0000] {logging_mixin.py:190} INFO - [2024-10-06T04:31:06.976+0000] {dag.py:4180} INFO - Setting next_dagrun for tutorial to 2024-10-05 00:00:00+00:00, run_after=2024-10-06 00:00:00+00:00
[2024-10-06T04:31:07.002+0000] {processor.py:208} INFO - Processing /home/airflow/.local/lib/python3.12/site-packages/airflow/example_dags/tutorial.py took 0.127 seconds
[2024-10-06T04:31:38.017+0000] {processor.py:186} INFO - Started process (PID=1549) to work on /home/airflow/.local/lib/python3.12/site-packages/airflow/example_dags/tutorial.py
[2024-10-06T04:31:38.019+0000] {processor.py:914} INFO - Processing file /home/airflow/.local/lib/python3.12/site-packages/airflow/example_dags/tutorial.py for tasks to queue
[2024-10-06T04:31:38.022+0000] {logging_mixin.py:190} INFO - [2024-10-06T04:31:38.022+0000] {dagbag.py:588} INFO - Filling up the DagBag from /home/airflow/.local/lib/python3.12/site-packages/airflow/example_dags/tutorial.py
[2024-10-06T04:31:38.034+0000] {processor.py:925} INFO - DAG(s) 'tutorial' retrieved from /home/airflow/.local/lib/python3.12/site-packages/airflow/example_dags/tutorial.py
[2024-10-06T04:31:38.061+0000] {logging_mixin.py:190} INFO - [2024-10-06T04:31:38.060+0000] {dag.py:3239} INFO - Sync 1 DAGs
[2024-10-06T04:31:38.090+0000] {logging_mixin.py:190} INFO - [2024-10-06T04:31:38.090+0000] {dag.py:4180} INFO - Setting next_dagrun for tutorial to 2024-10-05 00:00:00+00:00, run_after=2024-10-06 00:00:00+00:00
[2024-10-06T04:31:38.110+0000] {processor.py:208} INFO - Processing /home/airflow/.local/lib/python3.12/site-packages/airflow/example_dags/tutorial.py took 0.102 seconds
[2024-10-06T04:32:08.777+0000] {processor.py:186} INFO - Started process (PID=1611) to work on /home/airflow/.local/lib/python3.12/site-packages/airflow/example_dags/tutorial.py
[2024-10-06T04:32:08.778+0000] {processor.py:914} INFO - Processing file /home/airflow/.local/lib/python3.12/site-packages/airflow/example_dags/tutorial.py for tasks to queue
[2024-10-06T04:32:08.782+0000] {logging_mixin.py:190} INFO - [2024-10-06T04:32:08.782+0000] {dagbag.py:588} INFO - Filling up the DagBag from /home/airflow/.local/lib/python3.12/site-packages/airflow/example_dags/tutorial.py
[2024-10-06T04:32:08.795+0000] {processor.py:925} INFO - DAG(s) 'tutorial' retrieved from /home/airflow/.local/lib/python3.12/site-packages/airflow/example_dags/tutorial.py
[2024-10-06T04:32:08.825+0000] {logging_mixin.py:190} INFO - [2024-10-06T04:32:08.824+0000] {dag.py:3239} INFO - Sync 1 DAGs
[2024-10-06T04:32:08.857+0000] {logging_mixin.py:190} INFO - [2024-10-06T04:32:08.857+0000] {dag.py:4180} INFO - Setting next_dagrun for tutorial to 2024-10-05 00:00:00+00:00, run_after=2024-10-06 00:00:00+00:00
[2024-10-06T04:32:08.880+0000] {processor.py:208} INFO - Processing /home/airflow/.local/lib/python3.12/site-packages/airflow/example_dags/tutorial.py took 0.113 seconds
[2024-10-06T04:32:39.920+0000] {processor.py:186} INFO - Started process (PID=1672) to work on /home/airflow/.local/lib/python3.12/site-packages/airflow/example_dags/tutorial.py
[2024-10-06T04:32:39.922+0000] {processor.py:914} INFO - Processing file /home/airflow/.local/lib/python3.12/site-packages/airflow/example_dags/tutorial.py for tasks to queue
[2024-10-06T04:32:39.926+0000] {logging_mixin.py:190} INFO - [2024-10-06T04:32:39.925+0000] {dagbag.py:588} INFO - Filling up the DagBag from /home/airflow/.local/lib/python3.12/site-packages/airflow/example_dags/tutorial.py
[2024-10-06T04:32:39.939+0000] {processor.py:925} INFO - DAG(s) 'tutorial' retrieved from /home/airflow/.local/lib/python3.12/site-packages/airflow/example_dags/tutorial.py
[2024-10-06T04:32:39.968+0000] {logging_mixin.py:190} INFO - [2024-10-06T04:32:39.967+0000] {dag.py:3239} INFO - Sync 1 DAGs
[2024-10-06T04:32:40.003+0000] {logging_mixin.py:190} INFO - [2024-10-06T04:32:40.003+0000] {dag.py:4180} INFO - Setting next_dagrun for tutorial to 2024-10-05 00:00:00+00:00, run_after=2024-10-06 00:00:00+00:00
[2024-10-06T04:32:40.029+0000] {processor.py:208} INFO - Processing /home/airflow/.local/lib/python3.12/site-packages/airflow/example_dags/tutorial.py took 0.119 seconds
[2024-10-06T04:35:11.770+0000] {processor.py:186} INFO - Started process (PID=52) to work on /home/airflow/.local/lib/python3.12/site-packages/airflow/example_dags/tutorial.py
[2024-10-06T04:35:11.776+0000] {processor.py:914} INFO - Processing file /home/airflow/.local/lib/python3.12/site-packages/airflow/example_dags/tutorial.py for tasks to queue
[2024-10-06T04:35:11.780+0000] {logging_mixin.py:190} INFO - [2024-10-06T04:35:11.779+0000] {dagbag.py:588} INFO - Filling up the DagBag from /home/airflow/.local/lib/python3.12/site-packages/airflow/example_dags/tutorial.py
[2024-10-06T04:35:11.802+0000] {processor.py:925} INFO - DAG(s) 'tutorial' retrieved from /home/airflow/.local/lib/python3.12/site-packages/airflow/example_dags/tutorial.py
[2024-10-06T04:35:11.865+0000] {logging_mixin.py:190} INFO - [2024-10-06T04:35:11.865+0000] {dag.py:3239} INFO - Sync 1 DAGs
[2024-10-06T04:35:11.914+0000] {logging_mixin.py:190} INFO - [2024-10-06T04:35:11.914+0000] {dag.py:4180} INFO - Setting next_dagrun for tutorial to 2024-10-05 00:00:00+00:00, run_after=2024-10-06 00:00:00+00:00
[2024-10-06T04:35:11.960+0000] {processor.py:208} INFO - Processing /home/airflow/.local/lib/python3.12/site-packages/airflow/example_dags/tutorial.py took 0.197 seconds
[2024-10-06T04:35:42.422+0000] {processor.py:186} INFO - Started process (PID=114) to work on /home/airflow/.local/lib/python3.12/site-packages/airflow/example_dags/tutorial.py
[2024-10-06T04:35:42.424+0000] {processor.py:914} INFO - Processing file /home/airflow/.local/lib/python3.12/site-packages/airflow/example_dags/tutorial.py for tasks to queue
[2024-10-06T04:35:42.429+0000] {logging_mixin.py:190} INFO - [2024-10-06T04:35:42.428+0000] {dagbag.py:588} INFO - Filling up the DagBag from /home/airflow/.local/lib/python3.12/site-packages/airflow/example_dags/tutorial.py
[2024-10-06T04:35:42.445+0000] {processor.py:925} INFO - DAG(s) 'tutorial' retrieved from /home/airflow/.local/lib/python3.12/site-packages/airflow/example_dags/tutorial.py
[2024-10-06T04:35:42.488+0000] {logging_mixin.py:190} INFO - [2024-10-06T04:35:42.488+0000] {dag.py:3239} INFO - Sync 1 DAGs
[2024-10-06T04:35:42.541+0000] {logging_mixin.py:190} INFO - [2024-10-06T04:35:42.540+0000] {dag.py:4180} INFO - Setting next_dagrun for tutorial to 2024-10-05 00:00:00+00:00, run_after=2024-10-06 00:00:00+00:00
[2024-10-06T04:35:42.575+0000] {processor.py:208} INFO - Processing /home/airflow/.local/lib/python3.12/site-packages/airflow/example_dags/tutorial.py took 0.163 seconds
[2024-10-06T04:36:12.906+0000] {processor.py:186} INFO - Started process (PID=175) to work on /home/airflow/.local/lib/python3.12/site-packages/airflow/example_dags/tutorial.py
[2024-10-06T04:36:12.907+0000] {processor.py:914} INFO - Processing file /home/airflow/.local/lib/python3.12/site-packages/airflow/example_dags/tutorial.py for tasks to queue
[2024-10-06T04:36:12.911+0000] {logging_mixin.py:190} INFO - [2024-10-06T04:36:12.911+0000] {dagbag.py:588} INFO - Filling up the DagBag from /home/airflow/.local/lib/python3.12/site-packages/airflow/example_dags/tutorial.py
[2024-10-06T04:36:12.927+0000] {processor.py:925} INFO - DAG(s) 'tutorial' retrieved from /home/airflow/.local/lib/python3.12/site-packages/airflow/example_dags/tutorial.py
[2024-10-06T04:36:12.971+0000] {logging_mixin.py:190} INFO - [2024-10-06T04:36:12.970+0000] {dag.py:3239} INFO - Sync 1 DAGs
[2024-10-06T04:36:13.018+0000] {logging_mixin.py:190} INFO - [2024-10-06T04:36:13.017+0000] {dag.py:4180} INFO - Setting next_dagrun for tutorial to 2024-10-05 00:00:00+00:00, run_after=2024-10-06 00:00:00+00:00
[2024-10-06T04:36:13.048+0000] {processor.py:208} INFO - Processing /home/airflow/.local/lib/python3.12/site-packages/airflow/example_dags/tutorial.py took 0.152 seconds
[2024-10-06T04:36:43.147+0000] {processor.py:186} INFO - Started process (PID=236) to work on /home/airflow/.local/lib/python3.12/site-packages/airflow/example_dags/tutorial.py
[2024-10-06T04:36:43.148+0000] {processor.py:914} INFO - Processing file /home/airflow/.local/lib/python3.12/site-packages/airflow/example_dags/tutorial.py for tasks to queue
[2024-10-06T04:36:43.152+0000] {logging_mixin.py:190} INFO - [2024-10-06T04:36:43.151+0000] {dagbag.py:588} INFO - Filling up the DagBag from /home/airflow/.local/lib/python3.12/site-packages/airflow/example_dags/tutorial.py
[2024-10-06T04:36:43.165+0000] {processor.py:925} INFO - DAG(s) 'tutorial' retrieved from /home/airflow/.local/lib/python3.12/site-packages/airflow/example_dags/tutorial.py
[2024-10-06T04:36:43.193+0000] {logging_mixin.py:190} INFO - [2024-10-06T04:36:43.193+0000] {dag.py:3239} INFO - Sync 1 DAGs
[2024-10-06T04:36:43.227+0000] {logging_mixin.py:190} INFO - [2024-10-06T04:36:43.227+0000] {dag.py:4180} INFO - Setting next_dagrun for tutorial to 2024-10-05 00:00:00+00:00, run_after=2024-10-06 00:00:00+00:00
[2024-10-06T04:36:43.257+0000] {processor.py:208} INFO - Processing /home/airflow/.local/lib/python3.12/site-packages/airflow/example_dags/tutorial.py took 0.121 seconds
[2024-10-06T04:37:13.430+0000] {processor.py:186} INFO - Started process (PID=298) to work on /home/airflow/.local/lib/python3.12/site-packages/airflow/example_dags/tutorial.py
[2024-10-06T04:37:13.432+0000] {processor.py:914} INFO - Processing file /home/airflow/.local/lib/python3.12/site-packages/airflow/example_dags/tutorial.py for tasks to queue
[2024-10-06T04:37:13.439+0000] {logging_mixin.py:190} INFO - [2024-10-06T04:37:13.437+0000] {dagbag.py:588} INFO - Filling up the DagBag from /home/airflow/.local/lib/python3.12/site-packages/airflow/example_dags/tutorial.py
[2024-10-06T04:37:13.455+0000] {processor.py:925} INFO - DAG(s) 'tutorial' retrieved from /home/airflow/.local/lib/python3.12/site-packages/airflow/example_dags/tutorial.py
[2024-10-06T04:37:13.491+0000] {logging_mixin.py:190} INFO - [2024-10-06T04:37:13.491+0000] {dag.py:3239} INFO - Sync 1 DAGs
[2024-10-06T04:37:13.535+0000] {logging_mixin.py:190} INFO - [2024-10-06T04:37:13.534+0000] {dag.py:4180} INFO - Setting next_dagrun for tutorial to 2024-10-05 00:00:00+00:00, run_after=2024-10-06 00:00:00+00:00
[2024-10-06T04:37:13.568+0000] {processor.py:208} INFO - Processing /home/airflow/.local/lib/python3.12/site-packages/airflow/example_dags/tutorial.py took 0.149 seconds
[2024-10-06T04:39:10.502+0000] {processor.py:186} INFO - Started process (PID=53) to work on /home/airflow/.local/lib/python3.12/site-packages/airflow/example_dags/tutorial.py
[2024-10-06T04:39:10.504+0000] {processor.py:914} INFO - Processing file /home/airflow/.local/lib/python3.12/site-packages/airflow/example_dags/tutorial.py for tasks to queue
[2024-10-06T04:39:10.507+0000] {logging_mixin.py:190} INFO - [2024-10-06T04:39:10.507+0000] {dagbag.py:588} INFO - Filling up the DagBag from /home/airflow/.local/lib/python3.12/site-packages/airflow/example_dags/tutorial.py
[2024-10-06T04:39:10.520+0000] {processor.py:925} INFO - DAG(s) 'tutorial' retrieved from /home/airflow/.local/lib/python3.12/site-packages/airflow/example_dags/tutorial.py
[2024-10-06T04:39:10.667+0000] {logging_mixin.py:190} INFO - [2024-10-06T04:39:10.666+0000] {override.py:1900} INFO - Created Permission View: can read on DAG:tutorial
[2024-10-06T04:39:10.677+0000] {logging_mixin.py:190} INFO - [2024-10-06T04:39:10.677+0000] {override.py:1900} INFO - Created Permission View: can edit on DAG:tutorial
[2024-10-06T04:39:10.687+0000] {logging_mixin.py:190} INFO - [2024-10-06T04:39:10.687+0000] {override.py:1900} INFO - Created Permission View: can delete on DAG:tutorial
[2024-10-06T04:39:10.697+0000] {logging_mixin.py:190} INFO - [2024-10-06T04:39:10.696+0000] {override.py:1900} INFO - Created Permission View: menu access on DAG Run:tutorial
[2024-10-06T04:39:10.703+0000] {logging_mixin.py:190} INFO - [2024-10-06T04:39:10.703+0000] {override.py:1900} INFO - Created Permission View: can read on DAG Run:tutorial
[2024-10-06T04:39:10.710+0000] {logging_mixin.py:190} INFO - [2024-10-06T04:39:10.709+0000] {override.py:1900} INFO - Created Permission View: can create on DAG Run:tutorial
[2024-10-06T04:39:10.716+0000] {logging_mixin.py:190} INFO - [2024-10-06T04:39:10.716+0000] {override.py:1900} INFO - Created Permission View: can delete on DAG Run:tutorial
[2024-10-06T04:39:10.717+0000] {logging_mixin.py:190} INFO - [2024-10-06T04:39:10.717+0000] {dag.py:3239} INFO - Sync 1 DAGs
[2024-10-06T04:39:10.733+0000] {logging_mixin.py:190} INFO - [2024-10-06T04:39:10.733+0000] {dag.py:3262} INFO - Creating ORM DAG for tutorial
[2024-10-06T04:39:10.748+0000] {logging_mixin.py:190} INFO - [2024-10-06T04:39:10.747+0000] {dag.py:4180} INFO - Setting next_dagrun for tutorial to 2024-10-05 00:00:00+00:00, run_after=2024-10-06 00:00:00+00:00
[2024-10-06T04:39:10.775+0000] {processor.py:208} INFO - Processing /home/airflow/.local/lib/python3.12/site-packages/airflow/example_dags/tutorial.py took 0.281 seconds
[2024-10-06T04:39:41.586+0000] {processor.py:186} INFO - Started process (PID=115) to work on /home/airflow/.local/lib/python3.12/site-packages/airflow/example_dags/tutorial.py
[2024-10-06T04:39:41.588+0000] {processor.py:914} INFO - Processing file /home/airflow/.local/lib/python3.12/site-packages/airflow/example_dags/tutorial.py for tasks to queue
[2024-10-06T04:39:41.591+0000] {logging_mixin.py:190} INFO - [2024-10-06T04:39:41.590+0000] {dagbag.py:588} INFO - Filling up the DagBag from /home/airflow/.local/lib/python3.12/site-packages/airflow/example_dags/tutorial.py
[2024-10-06T04:39:41.603+0000] {processor.py:925} INFO - DAG(s) 'tutorial' retrieved from /home/airflow/.local/lib/python3.12/site-packages/airflow/example_dags/tutorial.py
[2024-10-06T04:39:41.639+0000] {logging_mixin.py:190} INFO - [2024-10-06T04:39:41.639+0000] {dag.py:3239} INFO - Sync 1 DAGs
[2024-10-06T04:39:41.681+0000] {logging_mixin.py:190} INFO - [2024-10-06T04:39:41.681+0000] {dag.py:4180} INFO - Setting next_dagrun for tutorial to 2024-10-05 00:00:00+00:00, run_after=2024-10-06 00:00:00+00:00
[2024-10-06T04:39:41.753+0000] {processor.py:208} INFO - Processing /home/airflow/.local/lib/python3.12/site-packages/airflow/example_dags/tutorial.py took 0.181 seconds
[2024-10-06T04:40:12.044+0000] {processor.py:186} INFO - Started process (PID=178) to work on /home/airflow/.local/lib/python3.12/site-packages/airflow/example_dags/tutorial.py
[2024-10-06T04:40:12.045+0000] {processor.py:914} INFO - Processing file /home/airflow/.local/lib/python3.12/site-packages/airflow/example_dags/tutorial.py for tasks to queue
[2024-10-06T04:40:12.049+0000] {logging_mixin.py:190} INFO - [2024-10-06T04:40:12.049+0000] {dagbag.py:588} INFO - Filling up the DagBag from /home/airflow/.local/lib/python3.12/site-packages/airflow/example_dags/tutorial.py
[2024-10-06T04:40:12.061+0000] {processor.py:925} INFO - DAG(s) 'tutorial' retrieved from /home/airflow/.local/lib/python3.12/site-packages/airflow/example_dags/tutorial.py
[2024-10-06T04:40:12.099+0000] {logging_mixin.py:190} INFO - [2024-10-06T04:40:12.098+0000] {dag.py:3239} INFO - Sync 1 DAGs
[2024-10-06T04:40:12.139+0000] {logging_mixin.py:190} INFO - [2024-10-06T04:40:12.138+0000] {dag.py:4180} INFO - Setting next_dagrun for tutorial to 2024-10-05 00:00:00+00:00, run_after=2024-10-06 00:00:00+00:00
[2024-10-06T04:40:12.174+0000] {processor.py:208} INFO - Processing /home/airflow/.local/lib/python3.12/site-packages/airflow/example_dags/tutorial.py took 0.140 seconds
[2024-10-06T04:40:42.663+0000] {processor.py:186} INFO - Started process (PID=240) to work on /home/airflow/.local/lib/python3.12/site-packages/airflow/example_dags/tutorial.py
[2024-10-06T04:40:42.664+0000] {processor.py:914} INFO - Processing file /home/airflow/.local/lib/python3.12/site-packages/airflow/example_dags/tutorial.py for tasks to queue
[2024-10-06T04:40:42.668+0000] {logging_mixin.py:190} INFO - [2024-10-06T04:40:42.667+0000] {dagbag.py:588} INFO - Filling up the DagBag from /home/airflow/.local/lib/python3.12/site-packages/airflow/example_dags/tutorial.py
[2024-10-06T04:40:42.679+0000] {processor.py:925} INFO - DAG(s) 'tutorial' retrieved from /home/airflow/.local/lib/python3.12/site-packages/airflow/example_dags/tutorial.py
[2024-10-06T04:40:42.708+0000] {logging_mixin.py:190} INFO - [2024-10-06T04:40:42.708+0000] {dag.py:3239} INFO - Sync 1 DAGs
[2024-10-06T04:40:42.742+0000] {logging_mixin.py:190} INFO - [2024-10-06T04:40:42.742+0000] {dag.py:4180} INFO - Setting next_dagrun for tutorial to 2024-10-05 00:00:00+00:00, run_after=2024-10-06 00:00:00+00:00
[2024-10-06T04:40:42.770+0000] {processor.py:208} INFO - Processing /home/airflow/.local/lib/python3.12/site-packages/airflow/example_dags/tutorial.py took 0.115 seconds
[2024-10-06T04:41:13.780+0000] {processor.py:186} INFO - Started process (PID=301) to work on /home/airflow/.local/lib/python3.12/site-packages/airflow/example_dags/tutorial.py
[2024-10-06T04:41:13.782+0000] {processor.py:914} INFO - Processing file /home/airflow/.local/lib/python3.12/site-packages/airflow/example_dags/tutorial.py for tasks to queue
[2024-10-06T04:41:13.787+0000] {logging_mixin.py:190} INFO - [2024-10-06T04:41:13.786+0000] {dagbag.py:588} INFO - Filling up the DagBag from /home/airflow/.local/lib/python3.12/site-packages/airflow/example_dags/tutorial.py
[2024-10-06T04:41:13.810+0000] {processor.py:925} INFO - DAG(s) 'tutorial' retrieved from /home/airflow/.local/lib/python3.12/site-packages/airflow/example_dags/tutorial.py
[2024-10-06T04:41:13.851+0000] {logging_mixin.py:190} INFO - [2024-10-06T04:41:13.850+0000] {dag.py:3239} INFO - Sync 1 DAGs
[2024-10-06T04:41:13.887+0000] {logging_mixin.py:190} INFO - [2024-10-06T04:41:13.887+0000] {dag.py:4180} INFO - Setting next_dagrun for tutorial to 2024-10-05 00:00:00+00:00, run_after=2024-10-06 00:00:00+00:00
[2024-10-06T04:41:13.925+0000] {processor.py:208} INFO - Processing /home/airflow/.local/lib/python3.12/site-packages/airflow/example_dags/tutorial.py took 0.156 seconds
[2024-10-06T04:41:44.021+0000] {processor.py:186} INFO - Started process (PID=363) to work on /home/airflow/.local/lib/python3.12/site-packages/airflow/example_dags/tutorial.py
[2024-10-06T04:41:44.022+0000] {processor.py:914} INFO - Processing file /home/airflow/.local/lib/python3.12/site-packages/airflow/example_dags/tutorial.py for tasks to queue
[2024-10-06T04:41:44.025+0000] {logging_mixin.py:190} INFO - [2024-10-06T04:41:44.024+0000] {dagbag.py:588} INFO - Filling up the DagBag from /home/airflow/.local/lib/python3.12/site-packages/airflow/example_dags/tutorial.py
[2024-10-06T04:41:44.037+0000] {processor.py:925} INFO - DAG(s) 'tutorial' retrieved from /home/airflow/.local/lib/python3.12/site-packages/airflow/example_dags/tutorial.py
[2024-10-06T04:41:44.063+0000] {logging_mixin.py:190} INFO - [2024-10-06T04:41:44.063+0000] {dag.py:3239} INFO - Sync 1 DAGs
[2024-10-06T04:41:44.095+0000] {logging_mixin.py:190} INFO - [2024-10-06T04:41:44.094+0000] {dag.py:4180} INFO - Setting next_dagrun for tutorial to 2024-10-05 00:00:00+00:00, run_after=2024-10-06 00:00:00+00:00
[2024-10-06T04:41:44.117+0000] {processor.py:208} INFO - Processing /home/airflow/.local/lib/python3.12/site-packages/airflow/example_dags/tutorial.py took 0.105 seconds
[2024-10-06T04:42:15.088+0000] {processor.py:186} INFO - Started process (PID=425) to work on /home/airflow/.local/lib/python3.12/site-packages/airflow/example_dags/tutorial.py
[2024-10-06T04:42:15.089+0000] {processor.py:914} INFO - Processing file /home/airflow/.local/lib/python3.12/site-packages/airflow/example_dags/tutorial.py for tasks to queue
[2024-10-06T04:42:15.093+0000] {logging_mixin.py:190} INFO - [2024-10-06T04:42:15.092+0000] {dagbag.py:588} INFO - Filling up the DagBag from /home/airflow/.local/lib/python3.12/site-packages/airflow/example_dags/tutorial.py
[2024-10-06T04:42:15.104+0000] {processor.py:925} INFO - DAG(s) 'tutorial' retrieved from /home/airflow/.local/lib/python3.12/site-packages/airflow/example_dags/tutorial.py
[2024-10-06T04:42:15.132+0000] {logging_mixin.py:190} INFO - [2024-10-06T04:42:15.131+0000] {dag.py:3239} INFO - Sync 1 DAGs
[2024-10-06T04:42:15.164+0000] {logging_mixin.py:190} INFO - [2024-10-06T04:42:15.164+0000] {dag.py:4180} INFO - Setting next_dagrun for tutorial to 2024-10-05 00:00:00+00:00, run_after=2024-10-06 00:00:00+00:00
[2024-10-06T04:42:15.184+0000] {processor.py:208} INFO - Processing /home/airflow/.local/lib/python3.12/site-packages/airflow/example_dags/tutorial.py took 0.104 seconds
[2024-10-06T04:42:45.568+0000] {processor.py:186} INFO - Started process (PID=487) to work on /home/airflow/.local/lib/python3.12/site-packages/airflow/example_dags/tutorial.py
[2024-10-06T04:42:45.569+0000] {processor.py:914} INFO - Processing file /home/airflow/.local/lib/python3.12/site-packages/airflow/example_dags/tutorial.py for tasks to queue
[2024-10-06T04:42:45.573+0000] {logging_mixin.py:190} INFO - [2024-10-06T04:42:45.573+0000] {dagbag.py:588} INFO - Filling up the DagBag from /home/airflow/.local/lib/python3.12/site-packages/airflow/example_dags/tutorial.py
[2024-10-06T04:42:45.592+0000] {processor.py:925} INFO - DAG(s) 'tutorial' retrieved from /home/airflow/.local/lib/python3.12/site-packages/airflow/example_dags/tutorial.py
[2024-10-06T04:42:45.683+0000] {logging_mixin.py:190} INFO - [2024-10-06T04:42:45.682+0000] {dag.py:3239} INFO - Sync 1 DAGs
[2024-10-06T04:42:45.736+0000] {logging_mixin.py:190} INFO - [2024-10-06T04:42:45.736+0000] {dag.py:4180} INFO - Setting next_dagrun for tutorial to 2024-10-05 00:00:00+00:00, run_after=2024-10-06 00:00:00+00:00
[2024-10-06T04:42:45.795+0000] {processor.py:208} INFO - Processing /home/airflow/.local/lib/python3.12/site-packages/airflow/example_dags/tutorial.py took 0.239 seconds
[2024-10-06T04:45:42.529+0000] {processor.py:186} INFO - Started process (PID=47) to work on /home/airflow/.local/lib/python3.12/site-packages/airflow/example_dags/tutorial.py
[2024-10-06T04:45:42.552+0000] {processor.py:914} INFO - Processing file /home/airflow/.local/lib/python3.12/site-packages/airflow/example_dags/tutorial.py for tasks to queue
[2024-10-06T04:45:42.557+0000] {logging_mixin.py:190} INFO - [2024-10-06T04:45:42.556+0000] {dagbag.py:588} INFO - Filling up the DagBag from /home/airflow/.local/lib/python3.12/site-packages/airflow/example_dags/tutorial.py
[2024-10-06T04:45:42.587+0000] {processor.py:925} INFO - DAG(s) 'tutorial' retrieved from /home/airflow/.local/lib/python3.12/site-packages/airflow/example_dags/tutorial.py
[2024-10-06T04:45:42.653+0000] {logging_mixin.py:190} INFO - [2024-10-06T04:45:42.653+0000] {dag.py:3239} INFO - Sync 1 DAGs
[2024-10-06T04:45:42.724+0000] {logging_mixin.py:190} INFO - [2024-10-06T04:45:42.724+0000] {dag.py:4180} INFO - Setting next_dagrun for tutorial to 2024-10-05 00:00:00+00:00, run_after=2024-10-06 00:00:00+00:00
[2024-10-06T04:45:42.749+0000] {processor.py:208} INFO - Processing /home/airflow/.local/lib/python3.12/site-packages/airflow/example_dags/tutorial.py took 0.243 seconds
[2024-10-06T04:46:12.930+0000] {processor.py:186} INFO - Started process (PID=109) to work on /home/airflow/.local/lib/python3.12/site-packages/airflow/example_dags/tutorial.py
[2024-10-06T04:46:12.931+0000] {processor.py:914} INFO - Processing file /home/airflow/.local/lib/python3.12/site-packages/airflow/example_dags/tutorial.py for tasks to queue
[2024-10-06T04:46:12.935+0000] {logging_mixin.py:190} INFO - [2024-10-06T04:46:12.934+0000] {dagbag.py:588} INFO - Filling up the DagBag from /home/airflow/.local/lib/python3.12/site-packages/airflow/example_dags/tutorial.py
[2024-10-06T04:46:12.945+0000] {processor.py:925} INFO - DAG(s) 'tutorial' retrieved from /home/airflow/.local/lib/python3.12/site-packages/airflow/example_dags/tutorial.py
[2024-10-06T04:46:12.973+0000] {logging_mixin.py:190} INFO - [2024-10-06T04:46:12.973+0000] {dag.py:3239} INFO - Sync 1 DAGs
[2024-10-06T04:46:13.013+0000] {logging_mixin.py:190} INFO - [2024-10-06T04:46:13.013+0000] {dag.py:4180} INFO - Setting next_dagrun for tutorial to 2024-10-05 00:00:00+00:00, run_after=2024-10-06 00:00:00+00:00
[2024-10-06T04:46:13.044+0000] {processor.py:208} INFO - Processing /home/airflow/.local/lib/python3.12/site-packages/airflow/example_dags/tutorial.py took 0.121 seconds
